<?xml version="1.0" encoding="UTF-8"?>
<testsuite xmlns:xsi="http://www.w3.org/2001/XMLSchema-instance" xsi:noNamespaceSchemaLocation="https://maven.apache.org/surefire/maven-surefire-plugin/xsd/surefire-test-report.xsd" version="3.0.2" name="TestSuite" time="193.807" tests="5" errors="0" skipped="0" failures="4">
  <properties>
    <property name="java.specification.version" value="21"/>
    <property name="sun.cpu.isalist" value="amd64"/>
    <property name="sun.jnu.encoding" value="Cp1252"/>
    <property name="java.class.path" value="G:\Automation Projects\testriq\target\test-classes;G:\Automation Projects\testriq\target\classes;C:\Users\Testriq\.m2\repository\io\appium\java-client\9.2.2\java-client-9.2.2.jar;C:\Users\Testriq\.m2\repository\org\seleniumhq\selenium\selenium-api\4.27.0\selenium-api-4.27.0.jar;C:\Users\Testriq\.m2\repository\org\jspecify\jspecify\1.0.0\jspecify-1.0.0.jar;C:\Users\Testriq\.m2\repository\org\seleniumhq\selenium\selenium-remote-driver\4.27.0\selenium-remote-driver-4.27.0.jar;C:\Users\Testriq\.m2\repository\com\google\auto\service\auto-service-annotations\1.1.1\auto-service-annotations-1.1.1.jar;C:\Users\Testriq\.m2\repository\com\google\guava\guava\33.3.1-jre\guava-33.3.1-jre.jar;C:\Users\Testriq\.m2\repository\com\google\guava\failureaccess\1.0.2\failureaccess-1.0.2.jar;C:\Users\Testriq\.m2\repository\com\google\guava\listenablefuture\9999.0-empty-to-avoid-conflict-with-guava\listenablefuture-9999.0-empty-to-avoid-conflict-with-guava.jar;C:\Users\Testriq\.m2\repository\com\google\code\findbugs\jsr305\3.0.2\jsr305-3.0.2.jar;C:\Users\Testriq\.m2\repository\org\checkerframework\checker-qual\3.43.0\checker-qual-3.43.0.jar;C:\Users\Testriq\.m2\repository\com\google\errorprone\error_prone_annotations\2.28.0\error_prone_annotations-2.28.0.jar;C:\Users\Testriq\.m2\repository\com\google\j2objc\j2objc-annotations\3.0.0\j2objc-annotations-3.0.0.jar;C:\Users\Testriq\.m2\repository\io\opentelemetry\semconv\opentelemetry-semconv\1.25.0-alpha\opentelemetry-semconv-1.25.0-alpha.jar;C:\Users\Testriq\.m2\repository\io\opentelemetry\opentelemetry-api\1.44.1\opentelemetry-api-1.44.1.jar;C:\Users\Testriq\.m2\repository\io\opentelemetry\opentelemetry-context\1.44.1\opentelemetry-context-1.44.1.jar;C:\Users\Testriq\.m2\repository\io\opentelemetry\opentelemetry-exporter-logging\1.44.1\opentelemetry-exporter-logging-1.44.1.jar;C:\Users\Testriq\.m2\repository\io\opentelemetry\opentelemetry-sdk-common\1.44.1\opentelemetry-sdk-common-1.44.1.jar;C:\Users\Testriq\.m2\repository\io\opentelemetry\opentelemetry-sdk-extension-autoconfigure-spi\1.44.1\opentelemetry-sdk-extension-autoconfigure-spi-1.44.1.jar;C:\Users\Testriq\.m2\repository\io\opentelemetry\opentelemetry-sdk-extension-autoconfigure\1.44.1\opentelemetry-sdk-extension-autoconfigure-1.44.1.jar;C:\Users\Testriq\.m2\repository\io\opentelemetry\opentelemetry-api-incubator\1.44.1-alpha\opentelemetry-api-incubator-1.44.1-alpha.jar;C:\Users\Testriq\.m2\repository\io\opentelemetry\opentelemetry-sdk-trace\1.44.1\opentelemetry-sdk-trace-1.44.1.jar;C:\Users\Testriq\.m2\repository\io\opentelemetry\opentelemetry-sdk\1.44.1\opentelemetry-sdk-1.44.1.jar;C:\Users\Testriq\.m2\repository\io\opentelemetry\opentelemetry-sdk-metrics\1.44.1\opentelemetry-sdk-metrics-1.44.1.jar;C:\Users\Testriq\.m2\repository\io\opentelemetry\opentelemetry-sdk-logs\1.44.1\opentelemetry-sdk-logs-1.44.1.jar;C:\Users\Testriq\.m2\repository\net\bytebuddy\byte-buddy\1.15.10\byte-buddy-1.15.10.jar;C:\Users\Testriq\.m2\repository\org\seleniumhq\selenium\selenium-http\4.27.0\selenium-http-4.27.0.jar;C:\Users\Testriq\.m2\repository\dev\failsafe\failsafe\3.3.2\failsafe-3.3.2.jar;C:\Users\Testriq\.m2\repository\org\seleniumhq\selenium\selenium-json\4.27.0\selenium-json-4.27.0.jar;C:\Users\Testriq\.m2\repository\org\seleniumhq\selenium\selenium-manager\4.27.0\selenium-manager-4.27.0.jar;C:\Users\Testriq\.m2\repository\org\seleniumhq\selenium\selenium-os\4.27.0\selenium-os-4.27.0.jar;C:\Users\Testriq\.m2\repository\org\apache\commons\commons-exec\1.4.0\commons-exec-1.4.0.jar;C:\Users\Testriq\.m2\repository\org\seleniumhq\selenium\selenium-support\4.27.0\selenium-support-4.27.0.jar;C:\Users\Testriq\.m2\repository\com\google\code\gson\gson\2.10.1\gson-2.10.1.jar;C:\Users\Testriq\.m2\repository\org\slf4j\slf4j-api\2.0.12\slf4j-api-2.0.12.jar;C:\Users\Testriq\.m2\repository\org\testng\testng\7.10.1\testng-7.10.1.jar;C:\Users\Testriq\.m2\repository\com\beust\jcommander\1.82\jcommander-1.82.jar;C:\Users\Testriq\.m2\repository\org\webjars\jquery\3.7.1\jquery-3.7.1.jar;C:\Users\Testriq\.m2\repository\com\sun\mail\javax.mail\1.6.2\javax.mail-1.6.2.jar;C:\Users\Testriq\.m2\repository\javax\activation\activation\1.1\activation-1.1.jar;C:\Users\Testriq\.m2\repository\com\aventstack\extentreports\5.1.2\extentreports-5.1.2.jar;C:\Users\Testriq\.m2\repository\io\reactivex\rxjava3\rxjava\3.1.6\rxjava-3.1.6.jar;C:\Users\Testriq\.m2\repository\org\reactivestreams\reactive-streams\1.0.4\reactive-streams-1.0.4.jar;C:\Users\Testriq\.m2\repository\org\freemarker\freemarker\2.3.32\freemarker-2.3.32.jar;C:\Users\Testriq\.m2\repository\org\projectlombok\lombok\1.18.26\lombok-1.18.26.jar;C:\Users\Testriq\.m2\repository\commons-io\commons-io\2.16.1\commons-io-2.16.1.jar;C:\Users\Testriq\.m2\repository\com\fasterxml\jackson\core\jackson-databind\2.18.0-rc1\jackson-databind-2.18.0-rc1.jar;C:\Users\Testriq\.m2\repository\com\fasterxml\jackson\core\jackson-annotations\2.18.0-rc1\jackson-annotations-2.18.0-rc1.jar;C:\Users\Testriq\.m2\repository\com\fasterxml\jackson\core\jackson-core\2.18.0-rc1\jackson-core-2.18.0-rc1.jar;C:\Users\Testriq\.m2\repository\org\slf4j\slf4j-simple\1.7.30\slf4j-simple-1.7.30.jar;C:\Users\Testriq\.m2\repository\org\json\json\20230227\json-20230227.jar;C:\Users\Testriq\.m2\repository\org\seleniumhq\selenium\selenium-java\4.1.2\selenium-java-4.1.2.jar;C:\Users\Testriq\.m2\repository\org\seleniumhq\selenium\selenium-chrome-driver\4.1.2\selenium-chrome-driver-4.1.2.jar;C:\Users\Testriq\.m2\repository\com\google\auto\service\auto-service\1.0.1\auto-service-1.0.1.jar;C:\Users\Testriq\.m2\repository\com\google\auto\auto-common\1.2\auto-common-1.2.jar;C:\Users\Testriq\.m2\repository\org\seleniumhq\selenium\selenium-chromium-driver\4.1.2\selenium-chromium-driver-4.1.2.jar;C:\Users\Testriq\.m2\repository\org\seleniumhq\selenium\selenium-devtools-v85\4.1.2\selenium-devtools-v85-4.1.2.jar;C:\Users\Testriq\.m2\repository\org\seleniumhq\selenium\selenium-devtools-v95\4.1.2\selenium-devtools-v95-4.1.2.jar;C:\Users\Testriq\.m2\repository\org\seleniumhq\selenium\selenium-devtools-v96\4.1.2\selenium-devtools-v96-4.1.2.jar;C:\Users\Testriq\.m2\repository\org\seleniumhq\selenium\selenium-devtools-v97\4.1.2\selenium-devtools-v97-4.1.2.jar;C:\Users\Testriq\.m2\repository\org\seleniumhq\selenium\selenium-edge-driver\4.1.2\selenium-edge-driver-4.1.2.jar;C:\Users\Testriq\.m2\repository\org\seleniumhq\selenium\selenium-firefox-driver\4.1.2\selenium-firefox-driver-4.1.2.jar;C:\Users\Testriq\.m2\repository\org\seleniumhq\selenium\selenium-firefox-xpi-driver\4.1.2\selenium-firefox-xpi-driver-4.1.2.jar;C:\Users\Testriq\.m2\repository\org\seleniumhq\selenium\selenium-ie-driver\4.1.2\selenium-ie-driver-4.1.2.jar;C:\Users\Testriq\.m2\repository\org\seleniumhq\selenium\selenium-opera-driver\4.1.2\selenium-opera-driver-4.1.2.jar;C:\Users\Testriq\.m2\repository\org\seleniumhq\selenium\selenium-safari-driver\4.1.2\selenium-safari-driver-4.1.2.jar;"/>
    <property name="java.vm.vendor" value="Oracle Corporation"/>
    <property name="sun.arch.data.model" value="64"/>
    <property name="user.variant" value=""/>
    <property name="java.vendor.url" value="https://java.oracle.com/"/>
    <property name="user.timezone" value="Asia/Calcutta"/>
    <property name="os.name" value="Windows 11"/>
    <property name="java.vm.specification.version" value="21"/>
    <property name="sun.java.launcher" value="SUN_STANDARD"/>
    <property name="user.country" value="IN"/>
    <property name="sun.boot.library.path" value="C:\Program Files\Java\jdk-21\bin"/>
    <property name="sun.java.command" value="C:\Users\Testriq\AppData\Local\Temp\surefire6570111431283459140\surefirebooter-20250116171132784_3.jar C:\Users\Testriq\AppData\Local\Temp\surefire6570111431283459140 2025-01-16T17-11-32_635-jvmRun1 surefire-20250116171132784_1tmp surefire_0-20250116171132784_2tmp"/>
    <property name="jdk.debug" value="release"/>
    <property name="surefire.test.class.path" value="G:\Automation Projects\testriq\target\test-classes;G:\Automation Projects\testriq\target\classes;C:\Users\Testriq\.m2\repository\io\appium\java-client\9.2.2\java-client-9.2.2.jar;C:\Users\Testriq\.m2\repository\org\seleniumhq\selenium\selenium-api\4.27.0\selenium-api-4.27.0.jar;C:\Users\Testriq\.m2\repository\org\jspecify\jspecify\1.0.0\jspecify-1.0.0.jar;C:\Users\Testriq\.m2\repository\org\seleniumhq\selenium\selenium-remote-driver\4.27.0\selenium-remote-driver-4.27.0.jar;C:\Users\Testriq\.m2\repository\com\google\auto\service\auto-service-annotations\1.1.1\auto-service-annotations-1.1.1.jar;C:\Users\Testriq\.m2\repository\com\google\guava\guava\33.3.1-jre\guava-33.3.1-jre.jar;C:\Users\Testriq\.m2\repository\com\google\guava\failureaccess\1.0.2\failureaccess-1.0.2.jar;C:\Users\Testriq\.m2\repository\com\google\guava\listenablefuture\9999.0-empty-to-avoid-conflict-with-guava\listenablefuture-9999.0-empty-to-avoid-conflict-with-guava.jar;C:\Users\Testriq\.m2\repository\com\google\code\findbugs\jsr305\3.0.2\jsr305-3.0.2.jar;C:\Users\Testriq\.m2\repository\org\checkerframework\checker-qual\3.43.0\checker-qual-3.43.0.jar;C:\Users\Testriq\.m2\repository\com\google\errorprone\error_prone_annotations\2.28.0\error_prone_annotations-2.28.0.jar;C:\Users\Testriq\.m2\repository\com\google\j2objc\j2objc-annotations\3.0.0\j2objc-annotations-3.0.0.jar;C:\Users\Testriq\.m2\repository\io\opentelemetry\semconv\opentelemetry-semconv\1.25.0-alpha\opentelemetry-semconv-1.25.0-alpha.jar;C:\Users\Testriq\.m2\repository\io\opentelemetry\opentelemetry-api\1.44.1\opentelemetry-api-1.44.1.jar;C:\Users\Testriq\.m2\repository\io\opentelemetry\opentelemetry-context\1.44.1\opentelemetry-context-1.44.1.jar;C:\Users\Testriq\.m2\repository\io\opentelemetry\opentelemetry-exporter-logging\1.44.1\opentelemetry-exporter-logging-1.44.1.jar;C:\Users\Testriq\.m2\repository\io\opentelemetry\opentelemetry-sdk-common\1.44.1\opentelemetry-sdk-common-1.44.1.jar;C:\Users\Testriq\.m2\repository\io\opentelemetry\opentelemetry-sdk-extension-autoconfigure-spi\1.44.1\opentelemetry-sdk-extension-autoconfigure-spi-1.44.1.jar;C:\Users\Testriq\.m2\repository\io\opentelemetry\opentelemetry-sdk-extension-autoconfigure\1.44.1\opentelemetry-sdk-extension-autoconfigure-1.44.1.jar;C:\Users\Testriq\.m2\repository\io\opentelemetry\opentelemetry-api-incubator\1.44.1-alpha\opentelemetry-api-incubator-1.44.1-alpha.jar;C:\Users\Testriq\.m2\repository\io\opentelemetry\opentelemetry-sdk-trace\1.44.1\opentelemetry-sdk-trace-1.44.1.jar;C:\Users\Testriq\.m2\repository\io\opentelemetry\opentelemetry-sdk\1.44.1\opentelemetry-sdk-1.44.1.jar;C:\Users\Testriq\.m2\repository\io\opentelemetry\opentelemetry-sdk-metrics\1.44.1\opentelemetry-sdk-metrics-1.44.1.jar;C:\Users\Testriq\.m2\repository\io\opentelemetry\opentelemetry-sdk-logs\1.44.1\opentelemetry-sdk-logs-1.44.1.jar;C:\Users\Testriq\.m2\repository\net\bytebuddy\byte-buddy\1.15.10\byte-buddy-1.15.10.jar;C:\Users\Testriq\.m2\repository\org\seleniumhq\selenium\selenium-http\4.27.0\selenium-http-4.27.0.jar;C:\Users\Testriq\.m2\repository\dev\failsafe\failsafe\3.3.2\failsafe-3.3.2.jar;C:\Users\Testriq\.m2\repository\org\seleniumhq\selenium\selenium-json\4.27.0\selenium-json-4.27.0.jar;C:\Users\Testriq\.m2\repository\org\seleniumhq\selenium\selenium-manager\4.27.0\selenium-manager-4.27.0.jar;C:\Users\Testriq\.m2\repository\org\seleniumhq\selenium\selenium-os\4.27.0\selenium-os-4.27.0.jar;C:\Users\Testriq\.m2\repository\org\apache\commons\commons-exec\1.4.0\commons-exec-1.4.0.jar;C:\Users\Testriq\.m2\repository\org\seleniumhq\selenium\selenium-support\4.27.0\selenium-support-4.27.0.jar;C:\Users\Testriq\.m2\repository\com\google\code\gson\gson\2.10.1\gson-2.10.1.jar;C:\Users\Testriq\.m2\repository\org\slf4j\slf4j-api\2.0.12\slf4j-api-2.0.12.jar;C:\Users\Testriq\.m2\repository\org\testng\testng\7.10.1\testng-7.10.1.jar;C:\Users\Testriq\.m2\repository\com\beust\jcommander\1.82\jcommander-1.82.jar;C:\Users\Testriq\.m2\repository\org\webjars\jquery\3.7.1\jquery-3.7.1.jar;C:\Users\Testriq\.m2\repository\com\sun\mail\javax.mail\1.6.2\javax.mail-1.6.2.jar;C:\Users\Testriq\.m2\repository\javax\activation\activation\1.1\activation-1.1.jar;C:\Users\Testriq\.m2\repository\com\aventstack\extentreports\5.1.2\extentreports-5.1.2.jar;C:\Users\Testriq\.m2\repository\io\reactivex\rxjava3\rxjava\3.1.6\rxjava-3.1.6.jar;C:\Users\Testriq\.m2\repository\org\reactivestreams\reactive-streams\1.0.4\reactive-streams-1.0.4.jar;C:\Users\Testriq\.m2\repository\org\freemarker\freemarker\2.3.32\freemarker-2.3.32.jar;C:\Users\Testriq\.m2\repository\org\projectlombok\lombok\1.18.26\lombok-1.18.26.jar;C:\Users\Testriq\.m2\repository\commons-io\commons-io\2.16.1\commons-io-2.16.1.jar;C:\Users\Testriq\.m2\repository\com\fasterxml\jackson\core\jackson-databind\2.18.0-rc1\jackson-databind-2.18.0-rc1.jar;C:\Users\Testriq\.m2\repository\com\fasterxml\jackson\core\jackson-annotations\2.18.0-rc1\jackson-annotations-2.18.0-rc1.jar;C:\Users\Testriq\.m2\repository\com\fasterxml\jackson\core\jackson-core\2.18.0-rc1\jackson-core-2.18.0-rc1.jar;C:\Users\Testriq\.m2\repository\org\slf4j\slf4j-simple\1.7.30\slf4j-simple-1.7.30.jar;C:\Users\Testriq\.m2\repository\org\json\json\20230227\json-20230227.jar;C:\Users\Testriq\.m2\repository\org\seleniumhq\selenium\selenium-java\4.1.2\selenium-java-4.1.2.jar;C:\Users\Testriq\.m2\repository\org\seleniumhq\selenium\selenium-chrome-driver\4.1.2\selenium-chrome-driver-4.1.2.jar;C:\Users\Testriq\.m2\repository\com\google\auto\service\auto-service\1.0.1\auto-service-1.0.1.jar;C:\Users\Testriq\.m2\repository\com\google\auto\auto-common\1.2\auto-common-1.2.jar;C:\Users\Testriq\.m2\repository\org\seleniumhq\selenium\selenium-chromium-driver\4.1.2\selenium-chromium-driver-4.1.2.jar;C:\Users\Testriq\.m2\repository\org\seleniumhq\selenium\selenium-devtools-v85\4.1.2\selenium-devtools-v85-4.1.2.jar;C:\Users\Testriq\.m2\repository\org\seleniumhq\selenium\selenium-devtools-v95\4.1.2\selenium-devtools-v95-4.1.2.jar;C:\Users\Testriq\.m2\repository\org\seleniumhq\selenium\selenium-devtools-v96\4.1.2\selenium-devtools-v96-4.1.2.jar;C:\Users\Testriq\.m2\repository\org\seleniumhq\selenium\selenium-devtools-v97\4.1.2\selenium-devtools-v97-4.1.2.jar;C:\Users\Testriq\.m2\repository\org\seleniumhq\selenium\selenium-edge-driver\4.1.2\selenium-edge-driver-4.1.2.jar;C:\Users\Testriq\.m2\repository\org\seleniumhq\selenium\selenium-firefox-driver\4.1.2\selenium-firefox-driver-4.1.2.jar;C:\Users\Testriq\.m2\repository\org\seleniumhq\selenium\selenium-firefox-xpi-driver\4.1.2\selenium-firefox-xpi-driver-4.1.2.jar;C:\Users\Testriq\.m2\repository\org\seleniumhq\selenium\selenium-ie-driver\4.1.2\selenium-ie-driver-4.1.2.jar;C:\Users\Testriq\.m2\repository\org\seleniumhq\selenium\selenium-opera-driver\4.1.2\selenium-opera-driver-4.1.2.jar;C:\Users\Testriq\.m2\repository\org\seleniumhq\selenium\selenium-safari-driver\4.1.2\selenium-safari-driver-4.1.2.jar;"/>
    <property name="sun.cpu.endian" value="little"/>
    <property name="user.home" value="C:\Users\Testriq"/>
    <property name="user.language" value="en"/>
    <property name="java.specification.vendor" value="Oracle Corporation"/>
    <property name="java.version.date" value="2024-10-15"/>
    <property name="java.home" value="C:\Program Files\Java\jdk-21"/>
    <property name="file.separator" value="\"/>
    <property name="basedir" value="G:\Automation Projects\testriq"/>
    <property name="java.vm.compressedOopsMode" value="32-bit"/>
    <property name="line.separator" value="&#10;"/>
    <property name="java.vm.specification.vendor" value="Oracle Corporation"/>
    <property name="java.specification.name" value="Java Platform API Specification"/>
    <property name="surefire.real.class.path" value="C:\Users\Testriq\AppData\Local\Temp\surefire6570111431283459140\surefirebooter-20250116171132784_3.jar"/>
    <property name="user.script" value=""/>
    <property name="sun.management.compiler" value="HotSpot 64-Bit Tiered Compilers"/>
    <property name="java.runtime.version" value="21.0.5+9-LTS-239"/>
    <property name="user.name" value="Testriq"/>
    <property name="stdout.encoding" value="Cp1252"/>
    <property name="path.separator" value=";"/>
    <property name="os.version" value="10.0"/>
    <property name="java.runtime.name" value="Java(TM) SE Runtime Environment"/>
    <property name="file.encoding" value="UTF-8"/>
    <property name="java.vm.name" value="Java HotSpot(TM) 64-Bit Server VM"/>
    <property name="localRepository" value="C:\Users\Testriq\.m2\repository"/>
    <property name="java.vendor.url.bug" value="https://bugreport.java.com/bugreport/"/>
    <property name="java.io.tmpdir" value="C:\Users\Testriq\AppData\Local\Temp\"/>
    <property name="java.version" value="21.0.5"/>
    <property name="user.dir" value="G:\Automation Projects\testriq"/>
    <property name="os.arch" value="amd64"/>
    <property name="java.vm.specification.name" value="Java Virtual Machine Specification"/>
    <property name="sun.os.patch.level" value=""/>
    <property name="native.encoding" value="Cp1252"/>
    <property name="java.library.path" value="C:\Program Files\Java\jdk-21\bin;C:\WINDOWS\Sun\Java\bin;C:\WINDOWS\system32;C:\WINDOWS;C:\Program Files\Common Files\Oracle\Java\javapath;C:\Program Files (x86)\Common Files\Oracle\Java\javapath;C:\Windows\system32;C:\Windows;C:\Windows\System32\Wbem;C:\Windows\System32\WindowsPowerShell\v1.0\;C:\Windows\System32\OpenSSH\;C:\Program Files\NVIDIA Corporation\NVIDIA NvDLISR;C:\WINDOWS\system32;C:\WINDOWS;C:\WINDOWS\System32\Wbem;C:\WINDOWS\System32\WindowsPowerShell\v1.0\;C:\WINDOWS\System32\OpenSSH\;C:\Program Files\dotnet\;C:\Program Files\Java\jdk-21\bin;C:\Program Files\MySQL\MySQL Server 8.0\bin;C:\Users\Testriq\Downloads\flutter_windows_3.19.1-stable\flutter\bin;C:\Users\Testriq\AppData\Local\Android\Sdk\tools\bin;C:\Users\Testriq\AppData\Local\Android\Sdk\tools;C:\Users\Testriq\AppData\Local\Android\Sdk\platform-tools;C:\Program Files\nodejs\;C:\Program Files\nodejs\node_modules\npm\bin;C:\Program Files\Git\cmd;C:\Program Files\Git LFS;C:\Users\Testriq\AppData\Local\Microsoft\WindowsApps;C:\Users\Testriq\AppData\Local\Android\Sdk\tools\bin;C:\Program Files\Java\jdk-21\bin;D:\Stuff\Player Stocks\flutter_windows_3.16.9-stable\flutter\bin;C:\Users\Testriq\AppData\Local\Programs\Microsoft VS Code\bin;C:\Users\Testriq\AppData\Roaming\npm;C:\Users\Testriq\AppData\Local\gitkraken\bin;C:\Program Files\apache-maven-3.9.8-bin\apache-maven-3.9.8\bin;;."/>
    <property name="java.vm.info" value="mixed mode, sharing"/>
    <property name="stderr.encoding" value="Cp1252"/>
    <property name="java.vendor" value="Oracle Corporation"/>
    <property name="java.vm.version" value="21.0.5+9-LTS-239"/>
    <property name="sun.io.unicode.encoding" value="UnicodeLittle"/>
    <property name="java.class.version" value="65.0"/>
  </properties>
  <testcase name="RemoveProductFromCart" classname="testcases.TC_04_Remove_Product_From_Cart" time="20.78">
    <system-out><![CDATA[&amp#27;[38;5;112m[Appium]&amp#27;[0m Welcome to Appium v2.11.5 (REV 4eddc999c5d9b705e7356152d2d5953a0dda3720)
&amp#27;[38;5;112m[Appium]&amp#27;[0m Non-default server args:
&amp#27;[38;5;112m[Appium]&amp#27;[0m { address: &amp#27;[32m'127.0.0.1'&amp#27;[39m }
&amp#27;[38;5;112m[Appium]&amp#27;[0m The autodetected Appium home path: C:\Users\Testriq\.appium
&amp#27;[38;5;112m[Appium]&amp#27;[0m Attempting to load driver uiautomator2...
&amp#27;[38;5;112m[Appium]&amp#27;[0m Requiring driver at C:\Users\Testriq\.appium\node_modules\appium-uiautomator2-driver\build\index.js
&amp#27;[38;5;112m[Appium]&amp#27;[0m AndroidUiautomator2Driver has been successfully loaded in 1.252s
&amp#27;[38;5;86m[HTTP]&amp#27;[0m Could not start REST http interface listener. The requested port may already be in use. Please make sure there is no other instance of this server running already.
&amp#27;[38;5;112m[Appium]&amp#27;[0m Could not configure Appium server. It's possible that a driver or plugin tried to update the server and failed. Original error: listen EADDRINUSE: address already in use 127.0.0.1:4723
&amp#27;[38;5;112m[Appium]&amp#27;[0m Error: listen EADDRINUSE: address already in use 127.0.0.1:4723
    at Server.setupListenHandle [as _listen2] (node:net:1904:16)
    at listenInCluster (node:net:1961:12)
    at doListen (node:net:2135:7)
    at processTicksAndRejections (node:internal/process/task_queues:83:21)
&amp#27;[38;5;112m[Appium]&amp#27;[0m Welcome to Appium v2.11.5 (REV 4eddc999c5d9b705e7356152d2d5953a0dda3720)
&amp#27;[38;5;112m[Appium]&amp#27;[0m Non-default server args:
&amp#27;[38;5;112m[Appium]&amp#27;[0m { address: &amp#27;[32m'127.0.0.1'&amp#27;[39m }
&amp#27;[38;5;112m[Appium]&amp#27;[0m The autodetected Appium home path: C:\Users\Testriq\.appium
&amp#27;[38;5;112m[Appium]&amp#27;[0m Attempting to load driver uiautomator2...
&amp#27;[38;5;112m[Appium]&amp#27;[0m Requiring driver at C:\Users\Testriq\.appium\node_modules\appium-uiautomator2-driver\build\index.js
&amp#27;[38;5;112m[Appium]&amp#27;[0m AndroidUiautomator2Driver has been successfully loaded in 0.890s
&amp#27;[38;5;112m[Appium]&amp#27;[0m Appium REST http interface listener started on http://127.0.0.1:4723
&amp#27;[38;5;112m[Appium]&amp#27;[0m Available drivers:
&amp#27;[38;5;112m[Appium]&amp#27;[0m   - uiautomator2@3.8.0 (automationName 'UiAutomator2')
&amp#27;[38;5;112m[Appium]&amp#27;[0m No plugins have been installed. Use the "appium plugin" command to install the one(s) you want to use.
&amp#27;[38;5;60m[f438e53d]&amp#27;[0m&amp#27;[38;5;86m[HTTP]&amp#27;[0m &amp#27;[37m-->&amp#27;[39m &amp#27;[37mGET&amp#27;[39m &amp#27;[37m/session/f438e53d-039b-416a-be3b-b438615d3682/timeouts&amp#27;[39m &amp#27;[90m{}&amp#27;[39m
&amp#27;[38;5;60m[f438e53d]&amp#27;[0m&amp#27;[38;5;107m[AppiumDriver@3172]&amp#27;[0m Encountered internal error running command: NoSuchDriverError: A session is either terminated or not started
    at asyncHandler (C:\Users\Testriq\AppData\Roaming\npm\node_modules\appium\node_modules\@appium\base-driver\lib\protocol\protocol.js:309:15)
    at C:\Users\Testriq\AppData\Roaming\npm\node_modules\appium\node_modules\@appium\base-driver\lib\protocol\protocol.js:512:15
    at Layer.handle [as handle_request] (C:\Users\Testriq\AppData\Roaming\npm\node_modules\appium\node_modules\express\lib\router\layer.js:95:5)
    at next (C:\Users\Testriq\AppData\Roaming\npm\node_modules\appium\node_modules\express\lib\router\route.js:149:13)
    at Route.dispatch (C:\Users\Testriq\AppData\Roaming\npm\node_modules\appium\node_modules\express\lib\router\route.js:119:3)
    at Layer.handle [as handle_request] (C:\Users\Testriq\AppData\Roaming\npm\node_modules\appium\node_modules\express\lib\router\layer.js:95:5)
    at C:\Users\Testriq\AppData\Roaming\npm\node_modules\appium\node_modules\express\lib\router\index.js:284:15
    at param (C:\Users\Testriq\AppData\Roaming\npm\node_modules\appium\node_modules\express\lib\router\index.js:365:14)
    at param (C:\Users\Testriq\AppData\Roaming\npm\node_modules\appium\node_modules\express\lib\router\index.js:376:14)
    at Function.process_params (C:\Users\Testriq\AppData\Roaming\npm\node_modules\appium\node_modules\express\lib\router\index.js:421:3)
    at next (C:\Users\Testriq\AppData\Roaming\npm\node_modules\appium\node_modules\express\lib\router\index.js:280:10)
    at logger (C:\Users\Testriq\AppData\Roaming\npm\node_modules\appium\node_modules\morgan\index.js:144:5)
    at Layer.handle [as handle_request] (C:\Users\Testriq\AppData\Roaming\npm\node_modules\appium\node_modules\express\lib\router\layer.js:95:5)
    at trim_prefix (C:\Users\Testriq\AppData\Roaming\npm\node_modules\appium\node_modules\express\lib\router\index.js:328:13)
    at C:\Users\Testriq\AppData\Roaming\npm\node_modules\appium\node_modules\express\lib\router\index.js:286:9
    at Function.process_params (C:\Users\Testriq\AppData\Roaming\npm\node_modules\appium\node_modules\express\lib\router\index.js:346:12)
    at next (C:\Users\Testriq\AppData\Roaming\npm\node_modules\appium\node_modules\express\lib\router\index.js:280:10)
    at jsonParser (C:\Users\Testriq\AppData\Roaming\npm\node_modules\appium\node_modules\body-parser\lib\types\json.js:113:7)
    at Layer.handle [as handle_request] (C:\Users\Testriq\AppData\Roaming\npm\node_modules\appium\node_modules\express\lib\router\layer.js:95:5)
    at trim_prefix (C:\Users\Testriq\AppData\Roaming\npm\node_modules\appium\node_modules\express\lib\router\index.js:328:13)
    at C:\Users\Testriq\AppData\Roaming\npm\node_modules\appium\node_modules\express\lib\router\index.js:286:9
    at Function.process_params (C:\Users\Testriq\AppData\Roaming\npm\node_modules\appium\node_modules\express\lib\router\index.js:346:12)
&amp#27;[38;5;60m[f438e53d]&amp#27;[0m&amp#27;[38;5;86m[HTTP]&amp#27;[0m &amp#27;[37m<-- GET /session/f438e53d-039b-416a-be3b-b438615d3682/timeouts &amp#27;[39m&amp#27;[33m404&amp#27;[39m &amp#27;[90m27 ms - 3275&amp#27;[39m &amp#27;[90m&amp#27;[39m
&amp#27;[38;5;60m[f438e53d]&amp#27;[0m&amp#27;[38;5;86m[HTTP]&amp#27;[0m &amp#27;[37m-->&amp#27;[39m &amp#27;[37mGET&amp#27;[39m &amp#27;[37m/session/f438e53d-039b-416a-be3b-b438615d3682/timeouts&amp#27;[39m &amp#27;[90m{}&amp#27;[39m
&amp#27;[38;5;60m[f438e53d]&amp#27;[0m&amp#27;[38;5;107m[AppiumDriver@3172]&amp#27;[0m Encountered internal error running command: NoSuchDriverError: A session is either terminated or not started
    at asyncHandler (C:\Users\Testriq\AppData\Roaming\npm\node_modules\appium\node_modules\@appium\base-driver\lib\protocol\protocol.js:309:15)
    at C:\Users\Testriq\AppData\Roaming\npm\node_modules\appium\node_modules\@appium\base-driver\lib\protocol\protocol.js:512:15
    at Layer.handle [as handle_request] (C:\Users\Testriq\AppData\Roaming\npm\node_modules\appium\node_modules\express\lib\router\layer.js:95:5)
    at next (C:\Users\Testriq\AppData\Roaming\npm\node_modules\appium\node_modules\express\lib\router\route.js:149:13)
    at Route.dispatch (C:\Users\Testriq\AppData\Roaming\npm\node_modules\appium\node_modules\express\lib\router\route.js:119:3)
    at Layer.handle [as handle_request] (C:\Users\Testriq\AppData\Roaming\npm\node_modules\appium\node_modules\express\lib\router\layer.js:95:5)
    at C:\Users\Testriq\AppData\Roaming\npm\node_modules\appium\node_modules\express\lib\router\index.js:284:15
    at param (C:\Users\Testriq\AppData\Roaming\npm\node_modules\appium\node_modules\express\lib\router\index.js:365:14)
    at param (C:\Users\Testriq\AppData\Roaming\npm\node_modules\appium\node_modules\express\lib\router\index.js:376:14)
    at Function.process_params (C:\Users\Testriq\AppData\Roaming\npm\node_modules\appium\node_modules\express\lib\router\index.js:421:3)
    at next (C:\Users\Testriq\AppData\Roaming\npm\node_modules\appium\node_modules\express\lib\router\index.js:280:10)
    at logger (C:\Users\Testriq\AppData\Roaming\npm\node_modules\appium\node_modules\morgan\index.js:144:5)
    at Layer.handle [as handle_request] (C:\Users\Testriq\AppData\Roaming\npm\node_modules\appium\node_modules\express\lib\router\layer.js:95:5)
    at trim_prefix (C:\Users\Testriq\AppData\Roaming\npm\node_modules\appium\node_modules\express\lib\router\index.js:328:13)
    at C:\Users\Testriq\AppData\Roaming\npm\node_modules\appium\node_modules\express\lib\router\index.js:286:9
    at Function.process_params (C:\Users\Testriq\AppData\Roaming\npm\node_modules\appium\node_modules\express\lib\router\index.js:346:12)
    at next (C:\Users\Testriq\AppData\Roaming\npm\node_modules\appium\node_modules\express\lib\router\index.js:280:10)
    at jsonParser (C:\Users\Testriq\AppData\Roaming\npm\node_modules\appium\node_modules\body-parser\lib\types\json.js:113:7)
    at Layer.handle [as handle_request] (C:\Users\Testriq\AppData\Roaming\npm\node_modules\appium\node_modules\express\lib\router\layer.js:95:5)
    at trim_prefix (C:\Users\Testriq\AppData\Roaming\npm\node_modules\appium\node_modules\express\lib\router\index.js:328:13)
    at C:\Users\Testriq\AppData\Roaming\npm\node_modules\appium\node_modules\express\lib\router\index.js:286:9
    at Function.process_params (C:\Users\Testriq\AppData\Roaming\npm\node_modules\appium\node_modules\express\lib\router\index.js:346:12)
&amp#27;[38;5;60m[f438e53d]&amp#27;[0m&amp#27;[38;5;86m[HTTP]&amp#27;[0m &amp#27;[37m<-- GET /session/f438e53d-039b-416a-be3b-b438615d3682/timeouts &amp#27;[39m&amp#27;[33m404&amp#27;[39m &amp#27;[90m2 ms - 3275&amp#27;[39m &amp#27;[90m&amp#27;[39m
]]></system-out>
    <system-err><![CDATA[SLF4J(W): No SLF4J providers were found.
SLF4J(W): Defaulting to no-operation (NOP) logger implementation
SLF4J(W): See https://www.slf4j.org/codes.html#noProviders for further details.
SLF4J(W): Class path contains SLF4J bindings targeting slf4j-api versions 1.7.x or earlier.
SLF4J(W): Ignoring binding found at [jar:file:/C:/Users/Testriq/.m2/repository/org/slf4j/slf4j-simple/1.7.30/slf4j-simple-1.7.30.jar!/org/slf4j/impl/StaticLoggerBinder.class]
SLF4J(W): See https://www.slf4j.org/codes.html#ignoredBindings for an explanation.
]]></system-err>
  </testcase>
  <testcase name="Checkout" classname="testcases.TC_03_Checkout" time="28.983">
    <failure message="Can&apos;t locate an element by this strategy: By.chained({AppiumBy.id: com.saucelabs.mydemoapp.android:id/address1ET})" type="org.openqa.selenium.NoSuchElementException"><![CDATA[org.openqa.selenium.NoSuchElementException: Can't locate an element by this strategy: By.chained({AppiumBy.id: com.saucelabs.mydemoapp.android:id/address1ET})
	at io.appium.java_client.pagefactory.AppiumElementLocator.findElement(AppiumElementLocator.java:166)
	at io.appium.java_client.pagefactory.interceptors.InterceptorOfASingleElement.call(InterceptorOfASingleElement.java:75)
	at io.appium.java_client.proxy.Interceptor.intercept(Interceptor.java:78)
	at org.openqa.selenium.remote.RemoteWebElement$ByteBuddy$5Bxjm0by.click(Unknown Source)
	at ecommerce.Project.Add_To_Cart_Page_Object.Checkout(Add_To_Cart_Page_Object.java:140)
	at testcases.TC_03_Checkout.Checkout(TC_03_Checkout.java:33)
	at java.base/jdk.internal.reflect.DirectMethodHandleAccessor.invoke(DirectMethodHandleAccessor.java:103)
	at java.base/java.lang.reflect.Method.invoke(Method.java:580)
	at org.testng.internal.invokers.MethodInvocationHelper.invokeMethod(MethodInvocationHelper.java:141)
	at org.testng.internal.invokers.TestInvoker.invokeMethod(TestInvoker.java:686)
	at org.testng.internal.invokers.TestInvoker.invokeTestMethod(TestInvoker.java:230)
	at org.testng.internal.invokers.MethodRunner.runInSequence(MethodRunner.java:63)
	at org.testng.internal.invokers.TestInvoker$MethodInvocationAgent.invoke(TestInvoker.java:992)
	at org.testng.internal.invokers.TestInvoker.invokeTestMethods(TestInvoker.java:203)
	at org.testng.internal.invokers.TestMethodWorker.invokeTestMethods(TestMethodWorker.java:154)
	at org.testng.internal.invokers.TestMethodWorker.run(TestMethodWorker.java:134)
	at java.base/java.util.ArrayList.forEach(ArrayList.java:1596)
	at org.testng.TestRunner.privateRun(TestRunner.java:739)
	at org.testng.TestRunner.run(TestRunner.java:614)
	at org.testng.SuiteRunner.runTest(SuiteRunner.java:421)
	at org.testng.SuiteRunner.runSequentially(SuiteRunner.java:413)
	at org.testng.SuiteRunner.privateRun(SuiteRunner.java:373)
	at org.testng.SuiteRunner.run(SuiteRunner.java:312)
	at org.testng.SuiteRunnerWorker.runSuite(SuiteRunnerWorker.java:52)
	at org.testng.SuiteRunnerWorker.run(SuiteRunnerWorker.java:95)
	at org.testng.TestNG.runSuitesSequentially(TestNG.java:1274)
	at org.testng.TestNG.runSuitesLocally(TestNG.java:1208)
	at org.testng.TestNG.runSuites(TestNG.java:1112)
	at org.testng.TestNG.run(TestNG.java:1079)
	at org.apache.maven.surefire.testng.TestNGExecutor.run(TestNGExecutor.java:308)
	at org.apache.maven.surefire.testng.TestNGXmlTestSuite.execute(TestNGXmlTestSuite.java:71)
	at org.apache.maven.surefire.testng.TestNGProvider.invoke(TestNGProvider.java:113)
	at org.apache.maven.surefire.booter.ForkedBooter.runSuitesInProcess(ForkedBooter.java:385)
	at org.apache.maven.surefire.booter.ForkedBooter.execute(ForkedBooter.java:162)
	at org.apache.maven.surefire.booter.ForkedBooter.run(ForkedBooter.java:507)
	at org.apache.maven.surefire.booter.ForkedBooter.main(ForkedBooter.java:495)
Caused by: org.openqa.selenium.TimeoutException: Expected condition failed: waiting for io.appium.java_client.pagefactory.AppiumElementLocator$WaitingFunction@58507830 (tried for 1 second(s) with 500 milliseconds interval)
	at org.openqa.selenium.support.ui.FluentWait.timeoutException(FluentWait.java:265)
	at org.openqa.selenium.support.ui.FluentWait.until(FluentWait.java:228)
	at io.appium.java_client.pagefactory.AppiumElementLocator.waitFor(AppiumElementLocator.java:135)
	at io.appium.java_client.pagefactory.AppiumElementLocator.findElement(AppiumElementLocator.java:160)
	... 35 more
Caused by: org.openqa.selenium.NoSuchElementException: Cannot locate an element using By.chained({AppiumBy.id: com.saucelabs.mydemoapp.android:id/address1ET})
For documentation on this error, please visit: https://www.selenium.dev/documentation/webdriver/troubleshooting/errors#no-such-element-exception
Build info: version: '4.27.0', revision: 'd6e718d134'
System info: os.name: 'Windows 11', os.arch: 'amd64', os.version: '10.0', java.version: '21.0.5'
Driver info: driver.version: RemoteWebDriver
	at io.appium.java_client.pagefactory.bys.builder.ByChained.findElement(ByChained.java:74)
	at org.openqa.selenium.remote.ElementLocation$ElementFinder$1.findElement(ElementLocation.java:139)
	at org.openqa.selenium.remote.ElementLocation.findElement(ElementLocation.java:59)
	at org.openqa.selenium.remote.RemoteWebDriver.findElement(RemoteWebDriver.java:368)
	at org.openqa.selenium.remote.RemoteWebDriver.findElement(RemoteWebDriver.java:362)
	at io.appium.java_client.pagefactory.bys.ContentMappedBy.findElement(ContentMappedBy.java:53)
	at org.openqa.selenium.remote.ElementLocation$ElementFinder$1.findElement(ElementLocation.java:139)
	at org.openqa.selenium.remote.ElementLocation.findElement(ElementLocation.java:59)
	at org.openqa.selenium.remote.RemoteWebDriver.findElement(RemoteWebDriver.java:368)
	at org.openqa.selenium.remote.RemoteWebDriver.findElement(RemoteWebDriver.java:362)
	at io.appium.java_client.pagefactory.AppiumElementLocator.lambda$findElement$1(AppiumElementLocator.java:160)
	at io.appium.java_client.pagefactory.AppiumElementLocator$WaitingFunction.apply(AppiumElementLocator.java:217)
	at io.appium.java_client.pagefactory.AppiumElementLocator$WaitingFunction.apply(AppiumElementLocator.java:210)
	at org.openqa.selenium.support.ui.FluentWait.until(FluentWait.java:203)
	... 37 more
]]></failure>
    <system-out><![CDATA[&amp#27;[38;5;112m[Appium]&amp#27;[0m Welcome to Appium v2.11.5 (REV 4eddc999c5d9b705e7356152d2d5953a0dda3720)
&amp#27;[38;5;112m[Appium]&amp#27;[0m Non-default server args:
&amp#27;[38;5;112m[Appium]&amp#27;[0m { address: &amp#27;[32m'127.0.0.1'&amp#27;[39m }
&amp#27;[38;5;112m[Appium]&amp#27;[0m The autodetected Appium home path: C:\Users\Testriq\.appium
&amp#27;[38;5;112m[Appium]&amp#27;[0m Attempting to load driver uiautomator2...
&amp#27;[38;5;112m[Appium]&amp#27;[0m Requiring driver at C:\Users\Testriq\.appium\node_modules\appium-uiautomator2-driver\build\index.js
&amp#27;[38;5;112m[Appium]&amp#27;[0m AndroidUiautomator2Driver has been successfully loaded in 1.409s
&amp#27;[38;5;112m[Appium]&amp#27;[0m Appium REST http interface listener started on http://127.0.0.1:4723
&amp#27;[38;5;112m[Appium]&amp#27;[0m Available drivers:
&amp#27;[38;5;112m[Appium]&amp#27;[0m   - uiautomator2@3.8.0 (automationName 'UiAutomator2')
&amp#27;[38;5;112m[Appium]&amp#27;[0m No plugins have been installed. Use the "appium plugin" command to install the one(s) you want to use.
&amp#27;[38;5;86m[HTTP]&amp#27;[0m &amp#27;[37m-->&amp#27;[39m &amp#27;[37mGET&amp#27;[39m &amp#27;[37m/status&amp#27;[39m &amp#27;[90m{}&amp#27;[39m
&amp#27;[38;5;28m[AppiumDriver@3b8c]&amp#27;[0m Calling AppiumDriver.getStatus() with args: []
&amp#27;[38;5;28m[AppiumDriver@3b8c]&amp#27;[0m Responding to client with driver.getStatus() result: {"ready":true,"message":"The server is ready to accept new connections","build":{"version":"2.11.5","git-sha":"4eddc999c5d9b705e7356152d2d5953a0dda3720","built":"2024-10-09 17:32:11 +0530"}}
&amp#27;[38;5;86m[HTTP]&amp#27;[0m &amp#27;[37m<-- GET /status &amp#27;[39m&amp#27;[32m200&amp#27;[39m &amp#27;[90m8 ms - 200&amp#27;[39m &amp#27;[90m&amp#27;[39m
&amp#27;[38;5;86m[HTTP]&amp#27;[0m Request idempotency key: 4bfd8b1b-1b35-4464-a453-da4ba9a46d74
&amp#27;[38;5;86m[HTTP]&amp#27;[0m &amp#27;[37m-->&amp#27;[39m &amp#27;[37mPOST&amp#27;[39m &amp#27;[37m/session&amp#27;[39m &amp#27;[90m{"capabilities":{"firstMatch":[{}],"alwaysMatch":{"appium:deviceName":"AndroidDeviceName","appium:autoGrantPermissions":true,"appium:appPackage":"com.saucelabs.mydemoapp.android","appium:automationName":"UIAutomator2","platformName":"ANDROID","appium:appActivity":"com.saucelabs.mydemoapp.android.view.activities.SplashActivity","appium:app":"G:\\Automation Projects\\testriq\\src\\main\\java\\apps\\mda-2.2.0-25.apk"}}}&amp#27;[39m
&amp#27;[38;5;28m[AppiumDriver@3b8c]&amp#27;[0m Calling AppiumDriver.createSession() with args: [null,null,{"firstMatch":[{}],"alwaysMatch":{"appium:deviceName":"AndroidDeviceName","appium:autoGrantPermissions":true,"appium:appPackage":"com.saucelabs.mydemoapp.android","appium:automationName":"UIAutomator2","platformName":"ANDROID","appium:appActivity":"com.saucelabs.mydemoapp.android.view.activities.SplashActivity","appium:app":"G:\\Automation Projects\\testriq\\src\\main\\java\\apps\\mda-2.2.0-25.apk"}}]
&amp#27;[38;5;28m[AppiumDriver@3b8c]&amp#27;[0m Event 'newSessionRequested' logged at 1737027744449 (17:12:24 GMT+0530 (India Standard Time))
&amp#27;[38;5;112m[Appium]&amp#27;[0m Attempting to find matching driver for automationName 'UIAutomator2' and platformName 'ANDROID'
&amp#27;[38;5;112m[Appium]&amp#27;[0m The 'uiautomator2' driver was installed and matched caps.
&amp#27;[38;5;112m[Appium]&amp#27;[0m Will require it at C:\Users\Testriq\.appium\node_modules\appium-uiautomator2-driver
&amp#27;[38;5;112m[Appium]&amp#27;[0m Requiring driver at C:\Users\Testriq\.appium\node_modules\appium-uiautomator2-driver\build\index.js
&amp#27;[38;5;28m[AppiumDriver@3b8c]&amp#27;[0m Appium v2.11.5 creating new AndroidUiautomator2Driver (v3.8.0) session
&amp#27;[38;5;28m[AppiumDriver@3b8c]&amp#27;[0m Checking BaseDriver versions for Appium and AndroidUiautomator2Driver
&amp#27;[38;5;28m[AppiumDriver@3b8c]&amp#27;[0m Appium's BaseDriver version is 9.11.5
&amp#27;[38;5;28m[AppiumDriver@3b8c]&amp#27;[0m AndroidUiautomator2Driver's BaseDriver version is 9.11.5
&amp#27;[38;5;-2m[AndroidUiautomator2Driver@9312]&amp#27;[0m 
&amp#27;[38;5;-2m[AndroidUiautomator2Driver@9312]&amp#27;[0m Creating session with W3C capabilities: {
  "alwaysMatch": {
    "platformName": "ANDROID",
    "appium:deviceName": "AndroidDeviceName",
    "appium:autoGrantPermissions": true,
    "appium:appPackage": "com.saucelabs.mydemoapp.android",
    "appium:automationName": "UIAutomator2",
    "appium:appActivity": "com.saucelabs.mydemoapp.android.view.activities.SplashActivity",
    "appium:app": "G:\\Automation Projects\\testriq\\src\\main\\java\\apps\\mda-2.2.0-25.apk"
  },
  "firstMatch": [
    {}
  ]
}
&amp#27;[38;5;100m[5c130eda]&amp#27;[0m&amp#27;[38;5;-2m[AndroidUiautomator2Driver@9312]&amp#27;[0m Session created with session id: 5c130eda-db62-4ce4-a49d-c6d60e952079
&amp#27;[38;5;100m[5c130eda]&amp#27;[0m&amp#27;[38;5;229m[ADB]&amp#27;[0m Found 2 'build-tools' folders under 'C:\Users\Testriq\AppData\Local\Android\Sdk' (newest first):
&amp#27;[38;5;100m[5c130eda]&amp#27;[0m&amp#27;[38;5;229m[ADB]&amp#27;[0m     C:\Users\Testriq\AppData\Local\Android\Sdk\build-tools\34.0.0
&amp#27;[38;5;100m[5c130eda]&amp#27;[0m&amp#27;[38;5;229m[ADB]&amp#27;[0m     C:\Users\Testriq\AppData\Local\Android\Sdk\build-tools\30.0.3
&amp#27;[38;5;100m[5c130eda]&amp#27;[0m&amp#27;[38;5;229m[ADB]&amp#27;[0m Using 'adb.exe' from 'C:\Users\Testriq\AppData\Local\Android\Sdk\platform-tools\adb.exe'
&amp#27;[38;5;100m[5c130eda]&amp#27;[0m&amp#27;[38;5;229m[ADB]&amp#27;[0m Running 'C:\Users\Testriq\AppData\Local\Android\Sdk\platform-tools\adb.exe -P 5037 start-server'
&amp#27;[38;5;100m[5c130eda]&amp#27;[0m&amp#27;[38;5;-2m[AndroidUiautomator2Driver@9312]&amp#27;[0m Retrieving device list
&amp#27;[38;5;100m[5c130eda]&amp#27;[0m&amp#27;[38;5;229m[ADB]&amp#27;[0m Trying to find connected Android devices
&amp#27;[38;5;100m[5c130eda]&amp#27;[0m&amp#27;[38;5;229m[ADB]&amp#27;[0m Getting connected devices
&amp#27;[38;5;100m[5c130eda]&amp#27;[0m&amp#27;[38;5;229m[ADB]&amp#27;[0m Connected devices: [{"udid":"2A131FDH200HX6","state":"device"}]
&amp#27;[38;5;100m[5c130eda]&amp#27;[0m&amp#27;[38;5;-2m[AndroidUiautomator2Driver@9312]&amp#27;[0m Using device: 2A131FDH200HX6
&amp#27;[38;5;100m[5c130eda]&amp#27;[0m&amp#27;[38;5;229m[ADB]&amp#27;[0m Using 'adb.exe' from 'C:\Users\Testriq\AppData\Local\Android\Sdk\platform-tools\adb.exe'
&amp#27;[38;5;100m[5c130eda]&amp#27;[0m&amp#27;[38;5;229m[ADB]&amp#27;[0m Running 'C:\Users\Testriq\AppData\Local\Android\Sdk\platform-tools\adb.exe -P 5037 start-server'
&amp#27;[38;5;100m[5c130eda]&amp#27;[0m&amp#27;[38;5;229m[ADB]&amp#27;[0m Setting device id to 2A131FDH200HX6
&amp#27;[38;5;100m[5c130eda]&amp#27;[0m&amp#27;[38;5;123m[BaseDriver]&amp#27;[0m Using local app 'G:\Automation Projects\testriq\src\main\java\apps\mda-2.2.0-25.apk'
&amp#27;[38;5;100m[5c130eda]&amp#27;[0m&amp#27;[38;5;-2m[AndroidUiautomator2Driver@9312]&amp#27;[0m Checking whether app is actually present
&amp#27;[38;5;100m[5c130eda]&amp#27;[0m&amp#27;[38;5;229m[ADB]&amp#27;[0m Running 'C:\Users\Testriq\AppData\Local\Android\Sdk\platform-tools\adb.exe -P 5037 -s 2A131FDH200HX6 shell getprop ro.build.version.sdk'
&amp#27;[38;5;100m[5c130eda]&amp#27;[0m&amp#27;[38;5;229m[ADB]&amp#27;[0m Current device property 'ro.build.version.sdk': 35
&amp#27;[38;5;100m[5c130eda]&amp#27;[0m&amp#27;[38;5;229m[ADB]&amp#27;[0m Getting device platform version
&amp#27;[38;5;100m[5c130eda]&amp#27;[0m&amp#27;[38;5;229m[ADB]&amp#27;[0m Running 'C:\Users\Testriq\AppData\Local\Android\Sdk\platform-tools\adb.exe -P 5037 -s 2A131FDH200HX6 shell getprop ro.build.version.release'
&amp#27;[38;5;100m[5c130eda]&amp#27;[0m&amp#27;[38;5;229m[ADB]&amp#27;[0m Current device property 'ro.build.version.release': 15
&amp#27;[38;5;100m[5c130eda]&amp#27;[0m&amp#27;[38;5;229m[ADB]&amp#27;[0m Device API level: 35
&amp#27;[38;5;100m[5c130eda]&amp#27;[0m&amp#27;[38;5;-2m[AndroidUiautomator2Driver@9312]&amp#27;[0m Relaxing hidden api policy
&amp#27;[38;5;100m[5c130eda]&amp#27;[0m&amp#27;[38;5;229m[ADB]&amp#27;[0m Running 'C:\Users\Testriq\AppData\Local\Android\Sdk\platform-tools\adb.exe -P 5037 -s 2A131FDH200HX6 shell 'settings put global hidden_api_policy_pre_p_apps 1;settings put global hidden_api_policy_p_apps 1;settings put global hidden_api_policy 1''
&amp#27;[38;5;100m[5c130eda]&amp#27;[0m&amp#27;[38;5;-2m[AndroidUiautomator2Driver@9312]&amp#27;[0m Pushing settings apk to the device...
&amp#27;[38;5;100m[5c130eda]&amp#27;[0m&amp#27;[38;5;229m[ADB]&amp#27;[0m Getting package info for 'io.appium.settings'
&amp#27;[38;5;100m[5c130eda]&amp#27;[0m&amp#27;[38;5;229m[ADB]&amp#27;[0m Running 'C:\Users\Testriq\AppData\Local\Android\Sdk\platform-tools\adb.exe -P 5037 -s 2A131FDH200HX6 shell dumpsys package io.appium.settings'
&amp#27;[38;5;100m[5c130eda]&amp#27;[0m&amp#27;[38;5;229m[ADB]&amp#27;[0m Using 'aapt2.exe' from 'C:\Users\Testriq\AppData\Local\Android\Sdk\build-tools\34.0.0\aapt2.exe'
&amp#27;[38;5;100m[5c130eda]&amp#27;[0m&amp#27;[38;5;229m[ADB]&amp#27;[0m Reading package manifest: 'C:\\Users\\Testriq\\AppData\\Local\\Android\\Sdk\\build-tools\\34.0.0\\aapt2.exe dump badging C:\\Users\\Testriq\\.appium\\node_modules\\appium-uiautomator2-driver\\node_modules\\io.appium.settings\\apks\\settings_apk-debug.apk'
&amp#27;[38;5;100m[5c130eda]&amp#27;[0m&amp#27;[38;5;229m[ADB]&amp#27;[0m The version name of the installed 'io.appium.settings' is greater or equal to the application version name ('5.12.13' >= '5.12.13')
&amp#27;[38;5;100m[5c130eda]&amp#27;[0m&amp#27;[38;5;229m[ADB]&amp#27;[0m There is no need to install/upgrade 'C:\Users\Testriq\.appium\node_modules\appium-uiautomator2-driver\node_modules\io.appium.settings\apks\settings_apk-debug.apk'
&amp#27;[38;5;100m[5c130eda]&amp#27;[0m&amp#27;[38;5;229m[ADB]&amp#27;[0m Running 'C:\Users\Testriq\AppData\Local\Android\Sdk\platform-tools\adb.exe -P 5037 -s 2A131FDH200HX6 shell dumpsys activity services io.appium.settings'
&amp#27;[38;5;100m[5c130eda]&amp#27;[0m&amp#27;[38;5;-2m[AndroidUiautomator2Driver@9312]&amp#27;[0m io.appium.settings is already running. There is no need to reset its permissions.
&amp#27;[38;5;100m[5c130eda]&amp#27;[0m&amp#27;[38;5;160m[Logcat]&amp#27;[0m Starting logs capture with command: C:\\Users\\Testriq\\AppData\\Local\\Android\\Sdk\\platform-tools\\adb.exe -P 5037 -s 2A131FDH200HX6 logcat -v threadtime
&amp#27;[38;5;100m[5c130eda]&amp#27;[0m&amp#27;[38;5;229m[ADB]&amp#27;[0m Running 'C:\Users\Testriq\AppData\Local\Android\Sdk\platform-tools\adb.exe -P 5037 -s 2A131FDH200HX6 shell appops set io.appium.settings android:mock_location allow'
&amp#27;[38;5;100m[5c130eda]&amp#27;[0m&amp#27;[38;5;229m[ADB]&amp#27;[0m Running 'C:\Users\Testriq\AppData\Local\Android\Sdk\platform-tools\adb.exe -P 5037 -s 2A131FDH200HX6 shell "[ -e '/data/local/tmp/mock_apps.json' ] && echo __PASS__"'
&amp#27;[38;5;100m[5c130eda]&amp#27;[0m&amp#27;[38;5;229m[ADB]&amp#27;[0m Running 'C:\Users\Testriq\AppData\Local\Android\Sdk\platform-tools\adb.exe -P 5037 -s 2A131FDH200HX6 shell cat /data/local/tmp/mock_apps.json'
&amp#27;[38;5;100m[5c130eda]&amp#27;[0m&amp#27;[38;5;-2m[AndroidUiautomator2Driver@9312]&amp#27;[0m Forwarding UiAutomator2 Server port 6790 to local port 8205
&amp#27;[38;5;100m[5c130eda]&amp#27;[0m&amp#27;[38;5;229m[ADB]&amp#27;[0m Forwarding system: 8205 to device: 6790
&amp#27;[38;5;100m[5c130eda]&amp#27;[0m&amp#27;[38;5;229m[ADB]&amp#27;[0m Running 'C:\Users\Testriq\AppData\Local\Android\Sdk\platform-tools\adb.exe -P 5037 -s 2A131FDH200HX6 forward tcp:8205 tcp:6790'
&amp#27;[38;5;100m[5c130eda]&amp#27;[0m&amp#27;[38;5;229m[ADB]&amp#27;[0m Getting package info for 'io.appium.uiautomator2.server'
&amp#27;[38;5;100m[5c130eda]&amp#27;[0m&amp#27;[38;5;229m[ADB]&amp#27;[0m Running 'C:\Users\Testriq\AppData\Local\Android\Sdk\platform-tools\adb.exe -P 5037 -s 2A131FDH200HX6 shell dumpsys package io.appium.uiautomator2.server'
&amp#27;[38;5;100m[5c130eda]&amp#27;[0m&amp#27;[38;5;229m[ADB]&amp#27;[0m Getting install status for io.appium.uiautomator2.server.test
&amp#27;[38;5;100m[5c130eda]&amp#27;[0m&amp#27;[38;5;229m[ADB]&amp#27;[0m Checking app cert for G:\Automation Projects\testriq\src\main\java\apps\mda-2.2.0-25.apk
&amp#27;[38;5;100m[5c130eda]&amp#27;[0m&amp#27;[38;5;229m[ADB]&amp#27;[0m Running 'C:\Users\Testriq\AppData\Local\Android\Sdk\platform-tools\adb.exe -P 5037 -s 2A131FDH200HX6 shell cmd package list packages'
&amp#27;[38;5;100m[5c130eda]&amp#27;[0m&amp#27;[38;5;229m[ADB]&amp#27;[0m Using 'apksigner.jar' from 'C:\Users\Testriq\AppData\Local\Android\Sdk\build-tools\34.0.0\lib\apksigner.jar'
&amp#27;[38;5;100m[5c130eda]&amp#27;[0m&amp#27;[38;5;229m[ADB]&amp#27;[0m Starting apksigner: 'C:\\Program Files\\Java\\jdk-21\\bin\\java.exe' -Xmx1024M -Xss1m -jar C:\\Users\\Testriq\\AppData\\Local\\Android\\Sdk\\build-tools\\34.0.0\\lib\\apksigner.jar verify --print-certs 'G:\\Automation Projects\\testriq\\src\\main\\java\\apps\\mda-2.2.0-25.apk'
&amp#27;[38;5;100m[5c130eda]&amp#27;[0m&amp#27;[38;5;229m[ADB]&amp#27;[0m Reading package manifest: 'C:\\Users\\Testriq\\AppData\\Local\\Android\\Sdk\\build-tools\\34.0.0\\aapt2.exe dump badging C:\\Users\\Testriq\\.appium\\node_modules\\appium-uiautomator2-driver\\node_modules\\appium-uiautomator2-server\\apks\\appium-uiautomator2-server-v7.0.25.apk'
&amp#27;[38;5;100m[5c130eda]&amp#27;[0m&amp#27;[38;5;229m[ADB]&amp#27;[0m 'io.appium.uiautomator2.server.test' is installed
&amp#27;[38;5;100m[5c130eda]&amp#27;[0m&amp#27;[38;5;229m[ADB]&amp#27;[0m The version name of the installed 'io.appium.uiautomator2.server' is greater or equal to the application version name ('7.0.25' >= '7.0.25')
&amp#27;[38;5;100m[5c130eda]&amp#27;[0m&amp#27;[38;5;-2m[AndroidUiautomator2Driver@9312]&amp#27;[0m Server packages status: [{"installState":"sameVersionInstalled","appPath":"C:\\Users\\Testriq\\.appium\\node_modules\\appium-uiautomator2-driver\\node_modules\\appium-uiautomator2-server\\apks\\appium-uiautomator2-server-v7.0.25.apk","appId":"io.appium.uiautomator2.server"},{"installState":"sameVersionInstalled","appPath":"C:\\Users\\Testriq\\.appium\\node_modules\\appium-uiautomator2-driver\\node_modules\\appium-uiautomator2-server\\apks\\appium-uiautomator2-server-debug-androidTest.apk","appId":"io.appium.uiautomator2.server.test"}]
&amp#27;[38;5;100m[5c130eda]&amp#27;[0m&amp#27;[38;5;-2m[AndroidUiautomator2Driver@9312]&amp#27;[0m Server packages are not going to be (re)installed
&amp#27;[38;5;100m[5c130eda]&amp#27;[0m&amp#27;[38;5;-2m[AndroidUiautomator2Driver@9312]&amp#27;[0m Waiting up to 30000ms for services to be available
&amp#27;[38;5;100m[5c130eda]&amp#27;[0m&amp#27;[38;5;229m[ADB]&amp#27;[0m Running 'C:\Users\Testriq\AppData\Local\Android\Sdk\platform-tools\adb.exe -P 5037 -s 2A131FDH200HX6 shell pm list instrumentation'
&amp#27;[38;5;100m[5c130eda]&amp#27;[0m&amp#27;[38;5;-2m[AndroidUiautomator2Driver@9312]&amp#27;[0m Instrumentation target 'io.appium.uiautomator2.server.test/androidx.test.runner.AndroidJUnitRunner' is available
&amp#27;[38;5;100m[5c130eda]&amp#27;[0m&amp#27;[38;5;229m[ADB]&amp#27;[0m Adding packages ["io.appium.settings","io.appium.uiautomator2.server","io.appium.uiautomator2.server.test"] to Doze whitelist
&amp#27;[38;5;100m[5c130eda]&amp#27;[0m&amp#27;[38;5;229m[ADB]&amp#27;[0m Got the following command chunks to execute: [["dumpsys","deviceidle","whitelist","+io.appium.settings",";","dumpsys","deviceidle","whitelist","+io.appium.uiautomator2.server",";","dumpsys","deviceidle","whitelist","+io.appium.uiautomator2.server.test",";"]]
&amp#27;[38;5;100m[5c130eda]&amp#27;[0m&amp#27;[38;5;229m[ADB]&amp#27;[0m Running 'C:\Users\Testriq\AppData\Local\Android\Sdk\platform-tools\adb.exe -P 5037 -s 2A131FDH200HX6 shell dumpsys deviceidle whitelist +io.appium.settings ; dumpsys deviceidle whitelist +io.appium.uiautomator2.server ; dumpsys deviceidle whitelist +io.appium.uiautomator2.server.test ;'
&amp#27;[38;5;100m[5c130eda]&amp#27;[0m&amp#27;[38;5;229m[ADB]&amp#27;[0m apksigner stdout: Signer #1 certificate DN: C=US, O=Android, CN=Android Debug
Signer #1 certificate SHA-256 digest: 67f24a8580c5a51a486665d8ba424e0a1e6cbc50cad62510203bb081528e5462
Signer #1 certificate SHA-1 digest: ff35ac25c5e0d7c01417b9c5caf03eb91b1b8b46
Signer #1 certificate MD5 digest: 751bac5bd0777c9b9a879825e99a4112

&amp#27;[38;5;100m[5c130eda]&amp#27;[0m&amp#27;[38;5;229m[ADB]&amp#27;[0m 'G:\Automation Projects\testriq\src\main\java\apps\mda-2.2.0-25.apk' is signed with a non-default certificate
&amp#27;[38;5;100m[5c130eda]&amp#27;[0m&amp#27;[38;5;229m[ADB]&amp#27;[0m Getting package info for 'com.saucelabs.mydemoapp.android'
&amp#27;[38;5;100m[5c130eda]&amp#27;[0m&amp#27;[38;5;229m[ADB]&amp#27;[0m Running 'C:\Users\Testriq\AppData\Local\Android\Sdk\platform-tools\adb.exe -P 5037 -s 2A131FDH200HX6 shell dumpsys package com.saucelabs.mydemoapp.android'
&amp#27;[38;5;100m[5c130eda]&amp#27;[0m&amp#27;[38;5;229m[ADB]&amp#27;[0m Reading package manifest: 'C:\\Users\\Testriq\\AppData\\Local\\Android\\Sdk\\build-tools\\34.0.0\\aapt2.exe dump badging 'G:\\Automation Projects\\testriq\\src\\main\\java\\apps\\mda-2.2.0-25.apk''
&amp#27;[38;5;100m[5c130eda]&amp#27;[0m&amp#27;[38;5;229m[ADB]&amp#27;[0m The version name of the installed 'com.saucelabs.mydemoapp.android' is greater or equal to the application version name ('2.2.0' >= '2.2.0')
&amp#27;[38;5;100m[5c130eda]&amp#27;[0m&amp#27;[38;5;229m[ADB]&amp#27;[0m There is no need to install/upgrade 'G:\Automation Projects\testriq\src\main\java\apps\mda-2.2.0-25.apk'
&amp#27;[38;5;100m[5c130eda]&amp#27;[0m&amp#27;[38;5;-2m[AndroidUiautomator2Driver@9312]&amp#27;[0m Performing fast reset on 'com.saucelabs.mydemoapp.android'
&amp#27;[38;5;100m[5c130eda]&amp#27;[0m&amp#27;[38;5;229m[ADB]&amp#27;[0m Getting install status for com.saucelabs.mydemoapp.android
&amp#27;[38;5;100m[5c130eda]&amp#27;[0m&amp#27;[38;5;229m[ADB]&amp#27;[0m Running 'C:\Users\Testriq\AppData\Local\Android\Sdk\platform-tools\adb.exe -P 5037 -s 2A131FDH200HX6 shell cmd package list packages'
&amp#27;[38;5;100m[5c130eda]&amp#27;[0m&amp#27;[38;5;229m[ADB]&amp#27;[0m 'com.saucelabs.mydemoapp.android' is installed
&amp#27;[38;5;100m[5c130eda]&amp#27;[0m&amp#27;[38;5;229m[ADB]&amp#27;[0m Running 'C:\Users\Testriq\AppData\Local\Android\Sdk\platform-tools\adb.exe -P 5037 -s 2A131FDH200HX6 shell am force-stop com.saucelabs.mydemoapp.android'
&amp#27;[38;5;100m[5c130eda]&amp#27;[0m&amp#27;[38;5;229m[ADB]&amp#27;[0m Running 'C:\Users\Testriq\AppData\Local\Android\Sdk\platform-tools\adb.exe -P 5037 -s 2A131FDH200HX6 shell pm clear com.saucelabs.mydemoapp.android'
&amp#27;[38;5;100m[5c130eda]&amp#27;[0m&amp#27;[38;5;229m[ADB]&amp#27;[0m Running 'C:\Users\Testriq\AppData\Local\Android\Sdk\platform-tools\adb.exe -P 5037 -s 2A131FDH200HX6 shell dumpsys package com.saucelabs.mydemoapp.android'
&amp#27;[38;5;100m[5c130eda]&amp#27;[0m&amp#27;[38;5;229m[ADB]&amp#27;[0m Retrieving requested permissions
&amp#27;[38;5;100m[5c130eda]&amp#27;[0m&amp#27;[38;5;229m[ADB]&amp#27;[0m Retrieved 30 permissions from requested group
&amp#27;[38;5;100m[5c130eda]&amp#27;[0m&amp#27;[38;5;229m[ADB]&amp#27;[0m Retrieving granted permissions
&amp#27;[38;5;100m[5c130eda]&amp#27;[0m&amp#27;[38;5;229m[ADB]&amp#27;[0m Retrieved 5 permissions from install,runtime groups
&amp#27;[38;5;100m[5c130eda]&amp#27;[0m&amp#27;[38;5;229m[ADB]&amp#27;[0m Granting permissions ["android.permission.POST_NOTIFICATIONS","android.permission.ACCESS_FINE_LOCATION","android.permission.READ_MEDIA_VISUAL_USER_SELECTED","android.permission.READ_EXTERNAL_STORAGE","android.permission.ACCESS_COARSE_LOCATION","android.permission.READ_MEDIA_IMAGES","android.permission.CAMERA","android.permission.READ_MEDIA_AUDIO","android.permission.READ_MEDIA_VIDEO","android.permission.WRITE_EXTERNAL_STORAGE","android.permission.POST_NOTIFICATIONS","android.permission.ACCESS_FINE_LOCATION","android.permission.READ_MEDIA_VISUAL_USER_SELECTED","android.permission.READ_EXTERNAL_STORAGE","android.permission.ACCESS_COARSE_LOCATION","android.permission.READ_MEDIA_IMAGES","android.permission.CAMERA","android.permission.READ_MEDIA_AUDIO","android.permission.READ_MEDIA_VIDEO","android.permission.WRITE_EXTERNAL_STORAGE"] to 'com.saucelabs.mydemoapp.android'
&amp#27;[38;5;100m[5c130eda]&amp#27;[0m&amp#27;[38;5;229m[ADB]&amp#27;[0m Got the following command chunks to execute: [["pm","grant","com.saucelabs.mydemoapp.android","android.permission.POST_NOTIFICATIONS",";","pm","grant","com.saucelabs.mydemoapp.android","android.permission.ACCESS_FINE_LOCATION",";","pm","grant","com.saucelabs.mydemoapp.android","android.permission.READ_MEDIA_VISUAL_USER_SELECTED",";","pm","grant","com.saucelabs.mydemoapp.android","android.permission.READ_EXTERNAL_STORAGE",";","pm","grant","com.saucelabs.mydemoapp.android","android.permission.ACCESS_COARSE_LOCATION",";","pm","grant","com.saucelabs.mydemoapp.android","android.permission.READ_MEDIA_IMAGES",";","pm","grant","com.saucelabs.mydemoapp.android","android.permission.CAMERA",";","pm","grant","com.saucelabs.mydemoapp.android","android.permission.READ_MEDIA_AUDIO",";","pm","grant","com.saucelabs.mydemoapp.android","android.permission.READ_MEDIA_VIDEO",";","pm","grant","com.saucelabs.mydemoapp.android","android.permission.WRITE_EXTERNAL_STORAGE",";","pm","grant","com.saucelabs.mydemoapp.android","android.permission.POST_NOTIFICATIONS",";","pm","grant","com.saucelabs.mydemoapp.android","android.permission.ACCESS_FINE_LOCATION",";"],["pm","grant","com.saucelabs.mydemoapp.android","android.permission.READ_MEDIA_VISUAL_USER_SELECTED",";","pm","grant","com.saucelabs.mydemoapp.android","android.permission.READ_EXTERNAL_STORAGE",";","pm","grant","com.saucelabs.mydemoapp.android","android.permission.ACCESS_COARSE_LOCATION",";","pm","grant","com.saucelabs.mydemoapp.android","android.permission.READ_MEDIA_IMAGES",";","pm","grant","com.saucelabs.mydemoapp.android","android.permission.CAMERA",";","pm","grant","com.saucelabs.mydemoapp.android","android.permission.READ_MEDIA_AUDIO",";","pm","grant","com.saucelabs.mydemoapp.android","android.permission.READ_MEDIA_VIDEO",";","pm","grant","com.saucelabs.mydemoapp.android","android.permission.WRITE_EXTERNAL_STORAGE",";"]]
&amp#27;[38;5;100m[5c130eda]&amp#27;[0m&amp#27;[38;5;229m[ADB]&amp#27;[0m Running 'C:\Users\Testriq\AppData\Local\Android\Sdk\platform-tools\adb.exe -P 5037 -s 2A131FDH200HX6 shell pm grant com.saucelabs.mydemoapp.android android.permission.POST_NOTIFICATIONS ; pm grant com.saucelabs.mydemoapp.android android.permission.ACCESS_FINE_LOCATION ; pm grant com.saucelabs.mydemoapp.android android.permission.READ_MEDIA_VISUAL_USER_SELECTED ; pm grant com.saucelabs.mydemoapp.android android.permission.READ_EXTERNAL_STORAGE ; pm grant com.saucelabs.mydemoapp.android android.permission.ACCESS_COARSE_LOCATION ; pm grant com.saucelabs.mydemoapp.android android.permission.READ_MEDIA_IMAGES ; pm grant com.saucelabs.mydemoapp.android android.permission.CAMERA ; pm grant com.saucelabs.mydemoapp.android android.permission.READ_MEDIA_AUDIO ; pm grant com.saucelabs.mydemoapp.android android.permission.READ_MEDIA_VIDEO ; pm grant com.saucelabs.mydemoapp.android android.permission.WRITE_EXTERNAL_STORAGE ; pm grant com.saucelabs.mydemoapp.android android.permission.POST_NOTIFICATIONS ; pm grant com.saucelabs.mydemoapp.android android.permission.ACCESS_FINE_LOCATION ;'
&amp#27;[38;5;100m[5c130eda]&amp#27;[0m&amp#27;[38;5;229m[ADB]&amp#27;[0m Running 'C:\Users\Testriq\AppData\Local\Android\Sdk\platform-tools\adb.exe -P 5037 -s 2A131FDH200HX6 shell pm grant com.saucelabs.mydemoapp.android android.permission.READ_MEDIA_VISUAL_USER_SELECTED ; pm grant com.saucelabs.mydemoapp.android android.permission.READ_EXTERNAL_STORAGE ; pm grant com.saucelabs.mydemoapp.android android.permission.ACCESS_COARSE_LOCATION ; pm grant com.saucelabs.mydemoapp.android android.permission.READ_MEDIA_IMAGES ; pm grant com.saucelabs.mydemoapp.android android.permission.CAMERA ; pm grant com.saucelabs.mydemoapp.android android.permission.READ_MEDIA_AUDIO ; pm grant com.saucelabs.mydemoapp.android android.permission.READ_MEDIA_VIDEO ; pm grant com.saucelabs.mydemoapp.android android.permission.WRITE_EXTERNAL_STORAGE ;'
&amp#27;[38;5;100m[5c130eda]&amp#27;[0m&amp#27;[38;5;-2m[AndroidUiautomator2Driver@9312]&amp#27;[0m Performed fast reset on the installed 'com.saucelabs.mydemoapp.android' application (stop and clear)
&amp#27;[38;5;100m[5c130eda]&amp#27;[0m&amp#27;[38;5;-2m[AndroidUiautomator2Driver@9312]&amp#27;[0m Performing shallow cleanup of automation leftovers
&amp#27;[38;5;100m[5c130eda]&amp#27;[0m&amp#27;[38;5;-2m[AndroidUiautomator2Driver@9312]&amp#27;[0m The following obsolete sessions are still running: ["f10f983c-5591-4907-a87f-03af6fbde062"]
&amp#27;[38;5;100m[5c130eda]&amp#27;[0m&amp#27;[38;5;-2m[AndroidUiautomator2Driver@9312]&amp#27;[0m Cleaning up 1 obsolete session
&amp#27;[38;5;112m[Appium]&amp#27;[0m Welcome to Appium v2.11.5 (REV 4eddc999c5d9b705e7356152d2d5953a0dda3720)
&amp#27;[38;5;112m[Appium]&amp#27;[0m Non-default server args:
&amp#27;[38;5;112m[Appium]&amp#27;[0m { address: &amp#27;[32m'127.0.0.1'&amp#27;[39m }
&amp#27;[38;5;112m[Appium]&amp#27;[0m The autodetected Appium home path: C:\Users\Testriq\.appium
&amp#27;[38;5;112m[Appium]&amp#27;[0m Attempting to load driver uiautomator2...
&amp#27;[38;5;112m[Appium]&amp#27;[0m Requiring driver at C:\Users\Testriq\.appium\node_modules\appium-uiautomator2-driver\build\index.js
&amp#27;[38;5;100m[5c130eda]&amp#27;[0m&amp#27;[38;5;229m[ADB]&amp#27;[0m Running 'C:\Users\Testriq\AppData\Local\Android\Sdk\platform-tools\adb.exe -P 5037 -s 2A131FDH200HX6 shell am force-stop io.appium.uiautomator2.server'
&amp#27;[38;5;100m[5c130eda]&amp#27;[0m&amp#27;[38;5;229m[ADB]&amp#27;[0m Running 'C:\Users\Testriq\AppData\Local\Android\Sdk\platform-tools\adb.exe -P 5037 -s 2A131FDH200HX6 shell am force-stop io.appium.uiautomator2.server.test'
&amp#27;[38;5;100m[5c130eda]&amp#27;[0m&amp#27;[38;5;-2m[AndroidUiautomator2Driver@9312]&amp#27;[0m Starting UIAutomator2 server 7.0.25
&amp#27;[38;5;100m[5c130eda]&amp#27;[0m&amp#27;[38;5;-2m[AndroidUiautomator2Driver@9312]&amp#27;[0m Using UIAutomator2 server from 'C:\Users\Testriq\.appium\node_modules\appium-uiautomator2-driver\node_modules\appium-uiautomator2-server\apks\appium-uiautomator2-server-v7.0.25.apk' and test from 'C:\Users\Testriq\.appium\node_modules\appium-uiautomator2-driver\node_modules\appium-uiautomator2-server\apks\appium-uiautomator2-server-debug-androidTest.apk'
&amp#27;[38;5;100m[5c130eda]&amp#27;[0m&amp#27;[38;5;-2m[AndroidUiautomator2Driver@9312]&amp#27;[0m Waiting up to 30000ms for UiAutomator2 to be online...
&amp#27;[38;5;100m[5c130eda]&amp#27;[0m&amp#27;[38;5;229m[ADB]&amp#27;[0m Creating ADB subprocess with args: ["-P","5037","-s","2A131FDH200HX6","shell","am","instrument","-w","-e","disableAnalytics","true","io.appium.uiautomator2.server.test/androidx.test.runner.AndroidJUnitRunner"]
&amp#27;[38;5;100m[5c130eda]&amp#27;[0m&amp#27;[38;5;-2m[AndroidUiautomator2Driver@9312]&amp#27;[0m Matched '/status' to command name 'getStatus'
&amp#27;[38;5;100m[5c130eda]&amp#27;[0m&amp#27;[38;5;-2m[AndroidUiautomator2Driver@9312]&amp#27;[0m Proxying [GET /status] to [GET http://127.0.0.1:8205/status] with no body
&amp#27;[38;5;100m[5c130eda]&amp#27;[0m&amp#27;[38;5;-2m[AndroidUiautomator2Driver@9312]&amp#27;[0m socket hang up
&amp#27;[38;5;100m[5c130eda]&amp#27;[0m&amp#27;[38;5;-2m[AndroidUiautomator2Driver@9312]&amp#27;[0m [Instrumentation] 
&amp#27;[38;5;112m[Appium]&amp#27;[0m AndroidUiautomator2Driver has been successfully loaded in 2.022s
&amp#27;[38;5;86m[HTTP]&amp#27;[0m Could not start REST http interface listener. The requested port may already be in use. Please make sure there is no other instance of this server running already.
&amp#27;[38;5;112m[Appium]&amp#27;[0m Could not configure Appium server. It's possible that a driver or plugin tried to update the server and failed. Original error: listen EADDRINUSE: address already in use 127.0.0.1:4723
&amp#27;[38;5;112m[Appium]&amp#27;[0m Error: listen EADDRINUSE: address already in use 127.0.0.1:4723
    at Server.setupListenHandle [as _listen2] (node:net:1904:16)
    at listenInCluster (node:net:1961:12)
    at doListen (node:net:2135:7)
    at processTicksAndRejections (node:internal/process/task_queues:83:21)
&amp#27;[38;5;100m[5c130eda]&amp#27;[0m&amp#27;[38;5;-2m[AndroidUiautomator2Driver@9312]&amp#27;[0m Matched '/status' to command name 'getStatus'
&amp#27;[38;5;100m[5c130eda]&amp#27;[0m&amp#27;[38;5;-2m[AndroidUiautomator2Driver@9312]&amp#27;[0m Proxying [GET /status] to [GET http://127.0.0.1:8205/status] with no body
&amp#27;[38;5;100m[5c130eda]&amp#27;[0m&amp#27;[38;5;-2m[AndroidUiautomator2Driver@9312]&amp#27;[0m socket hang up
&amp#27;[38;5;100m[5c130eda]&amp#27;[0m&amp#27;[38;5;-2m[AndroidUiautomator2Driver@9312]&amp#27;[0m Matched '/status' to command name 'getStatus'
&amp#27;[38;5;100m[5c130eda]&amp#27;[0m&amp#27;[38;5;-2m[AndroidUiautomator2Driver@9312]&amp#27;[0m Proxying [GET /status] to [GET http://127.0.0.1:8205/status] with no body
&amp#27;[38;5;100m[5c130eda]&amp#27;[0m&amp#27;[38;5;-2m[AndroidUiautomator2Driver@9312]&amp#27;[0m Got response with status 200: {"sessionId":"None","value":{"message":"UiAutomator2 Server is ready to accept commands","ready":true}}
&amp#27;[38;5;100m[5c130eda]&amp#27;[0m&amp#27;[38;5;-2m[AndroidUiautomator2Driver@9312]&amp#27;[0m The initialization of the instrumentation process took 2186ms
&amp#27;[38;5;100m[5c130eda]&amp#27;[0m&amp#27;[38;5;-2m[AndroidUiautomator2Driver@9312]&amp#27;[0m Matched '/session' to command name 'createSession'
&amp#27;[38;5;100m[5c130eda]&amp#27;[0m&amp#27;[38;5;-2m[AndroidUiautomator2Driver@9312]&amp#27;[0m Proxying [POST /session] to [POST http://127.0.0.1:8205/session] with body: {"capabilities":{"firstMatch":[{"platformName":"ANDROID","deviceName":"2A131FDH200HX6","autoGrantPermissions":true,"appPackage":"com.saucelabs.mydemoapp.android","automationName":"UIAutomator2","appActivity":"com.saucelabs.mydemoapp.android.view.activities.SplashActivity","app":"G:\\Automation Projects\\testriq\\src\\main\\java\\apps\\mda-2.2.0-25.apk","platform":"LINUX","webStorageEnabled":false,"takesScreenshot":true,"javascriptEnabled":true,"databaseEnabled":false,"networkConnectionEnabled":true,"locationContextEnabled":false,"warnings":{},"desired":{"platformName":"ANDROID","deviceName":"AndroidDeviceName","autoGrantPermissions":true,"appPackage":"com.saucelabs.mydemoapp.android","automationName":"UIAutomator2","appActivity":"com.saucelabs.mydemoapp.android.view.activities.SplashActivity","app":"G:\\Automation Projects\\testriq\\src\\main\\java\\apps\\mda-2.2.0-25.apk"},"deviceUDID":"2A131FDH200HX6"}],"alwaysMatch":{}}}
&amp#27;[38;5;100m[5c130eda]&amp#27;[0m&amp#27;[38;5;-2m[AndroidUiautomator2Driver@9312]&amp#27;[0m Got response with status 200: {"sessionId":"456dc308-c733-4aed-bea8-0a12371418f8","value":{"capabilities":{"firstMatch":[{"platformName":"ANDROID","deviceName":"2A131FDH200HX6","autoGrantPermissions":true,"appPackage":"com.saucelabs.mydemoapp.android","automationName":"UIAutomator2","appActivity":"com.saucelabs.mydemoapp.android.view.activities.SplashActivity","app":"G:\\Automation Projects\\testriq\\src\\main\\java\\apps\\mda-2.2.0-25.apk","platform":"LINUX","webStorageEnabled":false,"takesScreenshot":true,"javascriptEnabled":true,"databaseEnabled":false,"networkConnectionEnabled":true,"locationContextEnabled":false,"warnings":{},"desired":{"platformName":"ANDROID","deviceName":"AndroidDeviceName","autoGrantPermissions":true,"appPackage":"com.saucelabs.mydemoapp.android","automationName":"UIAutomator2","appActivity":"com.saucelabs.mydemoapp.android.view.activities.SplashActivity","app":"G:\\Automation Projects\\testriq\\src\\main\\java\\apps\\mda-2.2.0-25.apk"},"deviceUDID":"2A131FDH200HX6"}],"alwaysMatch":{}},"sessionId":"456dc308-c7...
&amp#27;[38;5;100m[5c130eda]&amp#27;[0m&amp#27;[38;5;-2m[AndroidUiautomator2Driver@9312]&amp#27;[0m Determined the downstream protocol as 'W3C'
&amp#27;[38;5;100m[5c130eda]&amp#27;[0m&amp#27;[38;5;-2m[AndroidUiautomator2Driver@9312]&amp#27;[0m Proxying [GET /appium/device/pixel_ratio] to [GET http://127.0.0.1:8205/session/456dc308-c733-4aed-bea8-0a12371418f8/appium/device/pixel_ratio] with no body
&amp#27;[38;5;100m[5c130eda]&amp#27;[0m&amp#27;[38;5;-2m[AndroidUiautomator2Driver@9312]&amp#27;[0m Matched '/appium/device/system_bars' to command name 'getSystemBars'
&amp#27;[38;5;100m[5c130eda]&amp#27;[0m&amp#27;[38;5;-2m[AndroidUiautomator2Driver@9312]&amp#27;[0m Proxying [GET /appium/device/system_bars] to [GET http://127.0.0.1:8205/session/456dc308-c733-4aed-bea8-0a12371418f8/appium/device/system_bars] with no body
&amp#27;[38;5;100m[5c130eda]&amp#27;[0m&amp#27;[38;5;-2m[AndroidUiautomator2Driver@9312]&amp#27;[0m Matched '/window/current/size' to command name 'getWindowSize'
&amp#27;[38;5;100m[5c130eda]&amp#27;[0m&amp#27;[38;5;-2m[AndroidUiautomator2Driver@9312]&amp#27;[0m Proxying [GET /window/current/size] to [GET http://127.0.0.1:8205/session/456dc308-c733-4aed-bea8-0a12371418f8/window/current/size] with no body
&amp#27;[38;5;100m[5c130eda]&amp#27;[0m&amp#27;[38;5;-2m[AndroidUiautomator2Driver@9312]&amp#27;[0m Proxying [GET /appium/device/info] to [GET http://127.0.0.1:8205/session/456dc308-c733-4aed-bea8-0a12371418f8/appium/device/info] with no body
&amp#27;[38;5;100m[5c130eda]&amp#27;[0m&amp#27;[38;5;229m[ADB]&amp#27;[0m Running 'C:\Users\Testriq\AppData\Local\Android\Sdk\platform-tools\adb.exe -P 5037 -s 2A131FDH200HX6 shell dumpsys window'
&amp#27;[38;5;100m[5c130eda]&amp#27;[0m&amp#27;[38;5;229m[ADB]&amp#27;[0m Running 'C:\Users\Testriq\AppData\Local\Android\Sdk\platform-tools\adb.exe -P 5037 -s 2A131FDH200HX6 shell dumpsys power'
&amp#27;[38;5;100m[5c130eda]&amp#27;[0m&amp#27;[38;5;-2m[AndroidUiautomator2Driver@9312]&amp#27;[0m Got response with status 200: {"sessionId":"456dc308-c733-4aed-bea8-0a12371418f8","value":2.2250001}
&amp#27;[38;5;100m[5c130eda]&amp#27;[0m&amp#27;[38;5;-2m[AndroidUiautomator2Driver@9312]&amp#27;[0m Got response with status 200: {"sessionId":"456dc308-c733-4aed-bea8-0a12371418f8","value":{"statusBar":136}}
&amp#27;[38;5;100m[5c130eda]&amp#27;[0m&amp#27;[38;5;-2m[AndroidUiautomator2Driver@9312]&amp#27;[0m Got response with status 200: {"sessionId":"456dc308-c733-4aed-bea8-0a12371418f8","value":{"height":2400,"width":1080}}
&amp#27;[38;5;100m[5c130eda]&amp#27;[0m&amp#27;[38;5;-2m[AndroidUiautomator2Driver@9312]&amp#27;[0m Got response with status 200: {"sessionId":"456dc308-c733-4aed-bea8-0a12371418f8","value":{"androidId":"7781aa28ec4e674f","apiVersion":"35","bluetooth":{"state":"ON"},"brand":"google","carrierName":"","displayDensity":356,"locale":"en_US","manufacturer":"Google","model":"Pixel 7","networks":[{"capabilities":{"SSID":null,"linkDownBandwidthKbps":29972,"linkUpstreamBandwidthKbps":24945,"networkCapabilities":"NET_CAPABILITY_NOT_METERED,NET_CAPABILITY_INTERNET,NET_CAPABILITY_NOT_RESTRICTED,NET_CAPABILITY_TRUSTED,NET_CAPABILITY_NOT_VPN,NET_CAPABILITY_VALIDATED,NET_CAPABILITY_NOT_ROAMING,NET_CAPABILITY_FOREGROUND,NET_CAPABILITY_NOT_CONGESTED,NET_CAPABILITY_NOT_SUSPENDED","signalStrength":-57,"transportTypes":"TRANSPORT_WIFI"},"detailedState":"CONNECTED","extraInfo":"","isAvailable":true,"isConnected":true,"isFailover":false,"isRoaming":false,"state":"CONNECTED","subtype":-1,"subtypeName":"","type":1,"typeName":"WIFI"}],"platformVersion":"15","realDisplaySize":"1080x2400","timeZone":"Asia/Kolkata"}}
&amp#27;[38;5;100m[5c130eda]&amp#27;[0m&amp#27;[38;5;-2m[AndroidUiautomator2Driver@9312]&amp#27;[0m Screen already unlocked, doing nothing
&amp#27;[38;5;100m[5c130eda]&amp#27;[0m&amp#27;[38;5;-2m[AndroidUiautomator2Driver@9312]&amp#27;[0m Starting 'com.saucelabs.mydemoapp.android/com.saucelabs.mydemoapp.android.view.activities.SplashActivity and waiting for 'com.saucelabs.mydemoapp.android/com.saucelabs.mydemoapp.android.view.activities.SplashActivity'
&amp#27;[38;5;100m[5c130eda]&amp#27;[0m&amp#27;[38;5;229m[ADB]&amp#27;[0m Running 'C:\Users\Testriq\AppData\Local\Android\Sdk\platform-tools\adb.exe -P 5037 -s 2A131FDH200HX6 shell am start -W -n com.saucelabs.mydemoapp.android/com.saucelabs.mydemoapp.android.view.activities.SplashActivity -S -a android.intent.action.MAIN -c android.intent.category.LAUNCHER -f 0x10200000'
&amp#27;[38;5;100m[5c130eda]&amp#27;[0m&amp#27;[38;5;28m[AppiumDriver@3b8c]&amp#27;[0m New AndroidUiautomator2Driver session created successfully, session 5c130eda-db62-4ce4-a49d-c6d60e952079 added to master session list
&amp#27;[38;5;100m[5c130eda]&amp#27;[0m&amp#27;[38;5;28m[AppiumDriver@3b8c]&amp#27;[0m Event 'newSessionStarted' logged at 1737027753371 (17:12:33 GMT+0530 (India Standard Time))
&amp#27;[38;5;100m[5c130eda]&amp#27;[0m&amp#27;[38;5;-2m[AndroidUiautomator2Driver@9312]&amp#27;[0m Cached the protocol value 'W3C' for the new session 5c130eda-db62-4ce4-a49d-c6d60e952079
&amp#27;[38;5;100m[5c130eda]&amp#27;[0m&amp#27;[38;5;-2m[AndroidUiautomator2Driver@9312]&amp#27;[0m Responding to client with driver.createSession() result: {"capabilities":{"platformName":"ANDROID","deviceName":"2A131FDH200HX6","autoGrantPermissions":true,"appPackage":"com.saucelabs.mydemoapp.android","automationName":"UIAutomator2","appActivity":"com.saucelabs.mydemoapp.android.view.activities.SplashActivity","app":"G:\\Automation Projects\\testriq\\src\\main\\java\\apps\\mda-2.2.0-25.apk","platform":"LINUX","webStorageEnabled":false,"takesScreenshot":true,"javascriptEnabled":true,"databaseEnabled":false,"networkConnectionEnabled":true,"locationContextEnabled":false,"warnings":{},"desired":{"platformName":"ANDROID","deviceName":"AndroidDeviceName","autoGrantPermissions":true,"appPackage":"com.saucelabs.mydemoapp.android","automationName":"UIAutomator2","appActivity":"com.saucelabs.mydemoapp.android.view.activities.SplashActivity","app":"G:\\Automation Projects\\testriq\\src\\main\\java\\apps\\mda-2.2.0-25.apk"},"deviceUDID":"2A131FDH200HX6","pixelRatio":"2.2250001","statBarHeight":136,"viewportRect":{"left":0,"top":136,"width":1080,"height":2264},"deviceApiL...
&amp#27;[38;5;100m[5c130eda]&amp#27;[0m&amp#27;[38;5;86m[HTTP]&amp#27;[0m &amp#27;[37m<-- POST /session &amp#27;[39m&amp#27;[32m200&amp#27;[39m &amp#27;[90m8926 ms - 1226&amp#27;[39m &amp#27;[90m&amp#27;[39m
&amp#27;[38;5;100m[5c130eda]&amp#27;[0m&amp#27;[38;5;86m[HTTP]&amp#27;[0m &amp#27;[37m-->&amp#27;[39m &amp#27;[37mPOST&amp#27;[39m &amp#27;[37m/session/5c130eda-db62-4ce4-a49d-c6d60e952079/timeouts&amp#27;[39m &amp#27;[90m{"implicit":15000}&amp#27;[39m
&amp#27;[38;5;100m[5c130eda]&amp#27;[0m&amp#27;[38;5;-2m[AndroidUiautomator2Driver@9312]&amp#27;[0m Calling AppiumDriver.timeouts() with args: [null,null,null,null,15000,"5c130eda-db62-4ce4-a49d-c6d60e952079"]
&amp#27;[38;5;100m[5c130eda]&amp#27;[0m&amp#27;[38;5;-2m[AndroidUiautomator2Driver@9312]&amp#27;[0m W3C timeout argument: {"implicit":15000}}
&amp#27;[38;5;100m[5c130eda]&amp#27;[0m&amp#27;[38;5;-2m[AndroidUiautomator2Driver@9312]&amp#27;[0m Set implicit wait to 15000ms
&amp#27;[38;5;100m[5c130eda]&amp#27;[0m&amp#27;[38;5;-2m[AndroidUiautomator2Driver@9312]&amp#27;[0m Responding to client with driver.timeouts() result: null
&amp#27;[38;5;100m[5c130eda]&amp#27;[0m&amp#27;[38;5;86m[HTTP]&amp#27;[0m &amp#27;[37m<-- POST /session/5c130eda-db62-4ce4-a49d-c6d60e952079/timeouts &amp#27;[39m&amp#27;[32m200&amp#27;[39m &amp#27;[90m5 ms - 14&amp#27;[39m &amp#27;[90m&amp#27;[39m
&amp#27;[38;5;100m[5c130eda]&amp#27;[0m&amp#27;[38;5;86m[HTTP]&amp#27;[0m &amp#27;[37m-->&amp#27;[39m &amp#27;[37mPOST&amp#27;[39m &amp#27;[37m/session/5c130eda-db62-4ce4-a49d-c6d60e952079/timeouts&amp#27;[39m &amp#27;[90m{"implicit":15000}&amp#27;[39m
&amp#27;[38;5;100m[5c130eda]&amp#27;[0m&amp#27;[38;5;-2m[AndroidUiautomator2Driver@9312]&amp#27;[0m Calling AppiumDriver.timeouts() with args: [null,null,null,null,15000,"5c130eda-db62-4ce4-a49d-c6d60e952079"]
&amp#27;[38;5;100m[5c130eda]&amp#27;[0m&amp#27;[38;5;-2m[AndroidUiautomator2Driver@9312]&amp#27;[0m W3C timeout argument: {"implicit":15000}}
&amp#27;[38;5;100m[5c130eda]&amp#27;[0m&amp#27;[38;5;-2m[AndroidUiautomator2Driver@9312]&amp#27;[0m Set implicit wait to 15000ms
&amp#27;[38;5;100m[5c130eda]&amp#27;[0m&amp#27;[38;5;-2m[AndroidUiautomator2Driver@9312]&amp#27;[0m Responding to client with driver.timeouts() result: null
&amp#27;[38;5;100m[5c130eda]&amp#27;[0m&amp#27;[38;5;86m[HTTP]&amp#27;[0m &amp#27;[37m<-- POST /session/5c130eda-db62-4ce4-a49d-c6d60e952079/timeouts &amp#27;[39m&amp#27;[32m200&amp#27;[39m &amp#27;[90m3 ms - 14&amp#27;[39m &amp#27;[90m&amp#27;[39m
&amp#27;[38;5;100m[5c130eda]&amp#27;[0m&amp#27;[38;5;86m[HTTP]&amp#27;[0m &amp#27;[37m-->&amp#27;[39m &amp#27;[37mPOST&amp#27;[39m &amp#27;[37m/session/5c130eda-db62-4ce4-a49d-c6d60e952079/timeouts&amp#27;[39m &amp#27;[90m{"implicit":15000}&amp#27;[39m
&amp#27;[38;5;100m[5c130eda]&amp#27;[0m&amp#27;[38;5;-2m[AndroidUiautomator2Driver@9312]&amp#27;[0m Calling AppiumDriver.timeouts() with args: [null,null,null,null,15000,"5c130eda-db62-4ce4-a49d-c6d60e952079"]
&amp#27;[38;5;100m[5c130eda]&amp#27;[0m&amp#27;[38;5;-2m[AndroidUiautomator2Driver@9312]&amp#27;[0m W3C timeout argument: {"implicit":15000}}
&amp#27;[38;5;100m[5c130eda]&amp#27;[0m&amp#27;[38;5;-2m[AndroidUiautomator2Driver@9312]&amp#27;[0m Set implicit wait to 15000ms
&amp#27;[38;5;100m[5c130eda]&amp#27;[0m&amp#27;[38;5;-2m[AndroidUiautomator2Driver@9312]&amp#27;[0m Responding to client with driver.timeouts() result: null
&amp#27;[38;5;100m[5c130eda]&amp#27;[0m&amp#27;[38;5;86m[HTTP]&amp#27;[0m &amp#27;[37m<-- POST /session/5c130eda-db62-4ce4-a49d-c6d60e952079/timeouts &amp#27;[39m&amp#27;[32m200&amp#27;[39m &amp#27;[90m2 ms - 14&amp#27;[39m &amp#27;[90m&amp#27;[39m
&amp#27;[38;5;100m[5c130eda]&amp#27;[0m&amp#27;[38;5;86m[HTTP]&amp#27;[0m &amp#27;[37m-->&amp#27;[39m &amp#27;[37mPOST&amp#27;[39m &amp#27;[37m/session/5c130eda-db62-4ce4-a49d-c6d60e952079/timeouts&amp#27;[39m &amp#27;[90m{"implicit":15000}&amp#27;[39m
&amp#27;[38;5;100m[5c130eda]&amp#27;[0m&amp#27;[38;5;-2m[AndroidUiautomator2Driver@9312]&amp#27;[0m Calling AppiumDriver.timeouts() with args: [null,null,null,null,15000,"5c130eda-db62-4ce4-a49d-c6d60e952079"]
&amp#27;[38;5;100m[5c130eda]&amp#27;[0m&amp#27;[38;5;-2m[AndroidUiautomator2Driver@9312]&amp#27;[0m W3C timeout argument: {"implicit":15000}}
&amp#27;[38;5;100m[5c130eda]&amp#27;[0m&amp#27;[38;5;-2m[AndroidUiautomator2Driver@9312]&amp#27;[0m Set implicit wait to 15000ms
&amp#27;[38;5;100m[5c130eda]&amp#27;[0m&amp#27;[38;5;-2m[AndroidUiautomator2Driver@9312]&amp#27;[0m Responding to client with driver.timeouts() result: null
&amp#27;[38;5;100m[5c130eda]&amp#27;[0m&amp#27;[38;5;86m[HTTP]&amp#27;[0m &amp#27;[37m<-- POST /session/5c130eda-db62-4ce4-a49d-c6d60e952079/timeouts &amp#27;[39m&amp#27;[32m200&amp#27;[39m &amp#27;[90m3 ms - 14&amp#27;[39m &amp#27;[90m&amp#27;[39m
&amp#27;[38;5;100m[5c130eda]&amp#27;[0m&amp#27;[38;5;86m[HTTP]&amp#27;[0m &amp#27;[37m-->&amp#27;[39m &amp#27;[37mGET&amp#27;[39m &amp#27;[37m/session/5c130eda-db62-4ce4-a49d-c6d60e952079/context&amp#27;[39m &amp#27;[90m{}&amp#27;[39m
&amp#27;[38;5;100m[5c130eda]&amp#27;[0m&amp#27;[38;5;-2m[AndroidUiautomator2Driver@9312]&amp#27;[0m Calling AppiumDriver.getCurrentContext() with args: ["5c130eda-db62-4ce4-a49d-c6d60e952079"]
&amp#27;[38;5;100m[5c130eda]&amp#27;[0m&amp#27;[38;5;-2m[AndroidUiautomator2Driver@9312]&amp#27;[0m Responding to client with driver.getCurrentContext() result: "NATIVE_APP"
&amp#27;[38;5;100m[5c130eda]&amp#27;[0m&amp#27;[38;5;86m[HTTP]&amp#27;[0m &amp#27;[37m<-- GET /session/5c130eda-db62-4ce4-a49d-c6d60e952079/context &amp#27;[39m&amp#27;[32m200&amp#27;[39m &amp#27;[90m8 ms - 22&amp#27;[39m &amp#27;[90m&amp#27;[39m
&amp#27;[38;5;100m[5c130eda]&amp#27;[0m&amp#27;[38;5;86m[HTTP]&amp#27;[0m &amp#27;[37m-->&amp#27;[39m &amp#27;[37mPOST&amp#27;[39m &amp#27;[37m/session/5c130eda-db62-4ce4-a49d-c6d60e952079/element&amp#27;[39m &amp#27;[90m{"using":"accessibility id","value":"View menu"}&amp#27;[39m
&amp#27;[38;5;100m[5c130eda]&amp#27;[0m&amp#27;[38;5;-2m[AndroidUiautomator2Driver@9312]&amp#27;[0m Calling AppiumDriver.findElement() with args: ["accessibility id","View menu","5c130eda-db62-4ce4-a49d-c6d60e952079"]
&amp#27;[38;5;100m[5c130eda]&amp#27;[0m&amp#27;[38;5;-2m[AndroidUiautomator2Driver@9312]&amp#27;[0m Valid locator strategies for this request: xpath, id, class name, accessibility id, css selector, -android uiautomator
&amp#27;[38;5;100m[5c130eda]&amp#27;[0m&amp#27;[38;5;-2m[AndroidUiautomator2Driver@9312]&amp#27;[0m Waiting up to 15000 ms for condition
&amp#27;[38;5;100m[5c130eda]&amp#27;[0m&amp#27;[38;5;-2m[AndroidUiautomator2Driver@9312]&amp#27;[0m Matched '/element' to command name 'findElement'
&amp#27;[38;5;100m[5c130eda]&amp#27;[0m&amp#27;[38;5;-2m[AndroidUiautomator2Driver@9312]&amp#27;[0m Proxying [POST /element] to [POST http://127.0.0.1:8205/session/456dc308-c733-4aed-bea8-0a12371418f8/element] with body: {"strategy":"accessibility id","selector":"View menu","context":"","multiple":false}
&amp#27;[38;5;60m[f438e53d]&amp#27;[0m&amp#27;[38;5;86m[HTTP]&amp#27;[0m &amp#27;[37m-->&amp#27;[39m &amp#27;[37mGET&amp#27;[39m &amp#27;[37m/session/f438e53d-039b-416a-be3b-b438615d3682/timeouts&amp#27;[39m &amp#27;[90m{}&amp#27;[39m
&amp#27;[38;5;60m[f438e53d]&amp#27;[0m&amp#27;[38;5;28m[AppiumDriver@3b8c]&amp#27;[0m Encountered internal error running command: NoSuchDriverError: A session is either terminated or not started
    at asyncHandler (C:\Users\Testriq\AppData\Roaming\npm\node_modules\appium\node_modules\@appium\base-driver\lib\protocol\protocol.js:309:15)
    at C:\Users\Testriq\AppData\Roaming\npm\node_modules\appium\node_modules\@appium\base-driver\lib\protocol\protocol.js:512:15
    at Layer.handle [as handle_request] (C:\Users\Testriq\AppData\Roaming\npm\node_modules\appium\node_modules\express\lib\router\layer.js:95:5)
    at next (C:\Users\Testriq\AppData\Roaming\npm\node_modules\appium\node_modules\express\lib\router\route.js:149:13)
    at Route.dispatch (C:\Users\Testriq\AppData\Roaming\npm\node_modules\appium\node_modules\express\lib\router\route.js:119:3)
    at Layer.handle [as handle_request] (C:\Users\Testriq\AppData\Roaming\npm\node_modules\appium\node_modules\express\lib\router\layer.js:95:5)
    at C:\Users\Testriq\AppData\Roaming\npm\node_modules\appium\node_modules\express\lib\router\index.js:284:15
    at param (C:\Users\Testriq\AppData\Roaming\npm\node_modules\appium\node_modules\express\lib\router\index.js:365:14)
    at param (C:\Users\Testriq\AppData\Roaming\npm\node_modules\appium\node_modules\express\lib\router\index.js:376:14)
    at Function.process_params (C:\Users\Testriq\AppData\Roaming\npm\node_modules\appium\node_modules\express\lib\router\index.js:421:3)
    at next (C:\Users\Testriq\AppData\Roaming\npm\node_modules\appium\node_modules\express\lib\router\index.js:280:10)
    at logger (C:\Users\Testriq\AppData\Roaming\npm\node_modules\appium\node_modules\morgan\index.js:144:5)
    at Layer.handle [as handle_request] (C:\Users\Testriq\AppData\Roaming\npm\node_modules\appium\node_modules\express\lib\router\layer.js:95:5)
    at trim_prefix (C:\Users\Testriq\AppData\Roaming\npm\node_modules\appium\node_modules\express\lib\router\index.js:328:13)
    at C:\Users\Testriq\AppData\Roaming\npm\node_modules\appium\node_modules\express\lib\router\index.js:286:9
    at Function.process_params (C:\Users\Testriq\AppData\Roaming\npm\node_modules\appium\node_modules\express\lib\router\index.js:346:12)
    at next (C:\Users\Testriq\AppData\Roaming\npm\node_modules\appium\node_modules\express\lib\router\index.js:280:10)
    at jsonParser (C:\Users\Testriq\AppData\Roaming\npm\node_modules\appium\node_modules\body-parser\lib\types\json.js:113:7)
    at Layer.handle [as handle_request] (C:\Users\Testriq\AppData\Roaming\npm\node_modules\appium\node_modules\express\lib\router\layer.js:95:5)
    at trim_prefix (C:\Users\Testriq\AppData\Roaming\npm\node_modules\appium\node_modules\express\lib\router\index.js:328:13)
    at C:\Users\Testriq\AppData\Roaming\npm\node_modules\appium\node_modules\express\lib\router\index.js:286:9
    at Function.process_params (C:\Users\Testriq\AppData\Roaming\npm\node_modules\appium\node_modules\express\lib\router\index.js:346:12)
&amp#27;[38;5;60m[f438e53d]&amp#27;[0m&amp#27;[38;5;86m[HTTP]&amp#27;[0m &amp#27;[37m<-- GET /session/f438e53d-039b-416a-be3b-b438615d3682/timeouts &amp#27;[39m&amp#27;[33m404&amp#27;[39m &amp#27;[90m14 ms - 3275&amp#27;[39m &amp#27;[90m&amp#27;[39m
&amp#27;[38;5;100m[5c130eda]&amp#27;[0m&amp#27;[38;5;-2m[AndroidUiautomator2Driver@9312]&amp#27;[0m Got response with status 200: {"sessionId":"456dc308-c733-4aed-bea8-0a12371418f8","value":{"ELEMENT":"00000000-0000-0da9-ffff-ffff00000013","element-6066-11e4-a52e-4f735466cecf":"00000000-0000-0da9-ffff-ffff00000013"}}
&amp#27;[38;5;100m[5c130eda]&amp#27;[0m&amp#27;[38;5;-2m[AndroidUiautomator2Driver@9312]&amp#27;[0m Responding to client with driver.findElement() result: {"element-6066-11e4-a52e-4f735466cecf":"00000000-0000-0da9-ffff-ffff00000013","ELEMENT":"00000000-0000-0da9-ffff-ffff00000013"}
&amp#27;[38;5;100m[5c130eda]&amp#27;[0m&amp#27;[38;5;86m[HTTP]&amp#27;[0m &amp#27;[37m<-- POST /session/5c130eda-db62-4ce4-a49d-c6d60e952079/element &amp#27;[39m&amp#27;[32m200&amp#27;[39m &amp#27;[90m74 ms - 137&amp#27;[39m &amp#27;[90m&amp#27;[39m
&amp#27;[38;5;100m[5c130eda]&amp#27;[0m&amp#27;[38;5;86m[HTTP]&amp#27;[0m &amp#27;[37m-->&amp#27;[39m &amp#27;[37mPOST&amp#27;[39m &amp#27;[37m/session/5c130eda-db62-4ce4-a49d-c6d60e952079/element/00000000-0000-0da9-ffff-ffff00000013/click&amp#27;[39m &amp#27;[90m{"id":"00000000-0000-0da9-ffff-ffff00000013"}&amp#27;[39m
&amp#27;[38;5;100m[5c130eda]&amp#27;[0m&amp#27;[38;5;-2m[AndroidUiautomator2Driver@9312]&amp#27;[0m Calling AppiumDriver.click() with args: ["00000000-0000-0da9-ffff-ffff00000013","5c130eda-db62-4ce4-a49d-c6d60e952079"]
&amp#27;[38;5;100m[5c130eda]&amp#27;[0m&amp#27;[38;5;-2m[AndroidUiautomator2Driver@9312]&amp#27;[0m Matched '/element/00000000-0000-0da9-ffff-ffff00000013/click' to command name 'click'
&amp#27;[38;5;100m[5c130eda]&amp#27;[0m&amp#27;[38;5;-2m[AndroidUiautomator2Driver@9312]&amp#27;[0m Proxying [POST /element/00000000-0000-0da9-ffff-ffff00000013/click] to [POST http://127.0.0.1:8205/session/456dc308-c733-4aed-bea8-0a12371418f8/element/00000000-0000-0da9-ffff-ffff00000013/click] with body: {"element":"00000000-0000-0da9-ffff-ffff00000013"}
&amp#27;[38;5;100m[5c130eda]&amp#27;[0m&amp#27;[38;5;-2m[AndroidUiautomator2Driver@9312]&amp#27;[0m Got response with status 200: {"sessionId":"456dc308-c733-4aed-bea8-0a12371418f8","value":null}
&amp#27;[38;5;100m[5c130eda]&amp#27;[0m&amp#27;[38;5;-2m[AndroidUiautomator2Driver@9312]&amp#27;[0m Responding to client with driver.click() result: null
&amp#27;[38;5;100m[5c130eda]&amp#27;[0m&amp#27;[38;5;86m[HTTP]&amp#27;[0m &amp#27;[37m<-- POST /session/5c130eda-db62-4ce4-a49d-c6d60e952079/element/00000000-0000-0da9-ffff-ffff00000013/click &amp#27;[39m&amp#27;[32m200&amp#27;[39m &amp#27;[90m67 ms - 14&amp#27;[39m &amp#27;[90m&amp#27;[39m
&amp#27;[38;5;100m[5c130eda]&amp#27;[0m&amp#27;[38;5;86m[HTTP]&amp#27;[0m &amp#27;[37m-->&amp#27;[39m &amp#27;[37mGET&amp#27;[39m &amp#27;[37m/session/5c130eda-db62-4ce4-a49d-c6d60e952079/context&amp#27;[39m &amp#27;[90m{}&amp#27;[39m
&amp#27;[38;5;100m[5c130eda]&amp#27;[0m&amp#27;[38;5;-2m[AndroidUiautomator2Driver@9312]&amp#27;[0m Calling AppiumDriver.getCurrentContext() with args: ["5c130eda-db62-4ce4-a49d-c6d60e952079"]
&amp#27;[38;5;100m[5c130eda]&amp#27;[0m&amp#27;[38;5;-2m[AndroidUiautomator2Driver@9312]&amp#27;[0m Responding to client with driver.getCurrentContext() result: "NATIVE_APP"
&amp#27;[38;5;100m[5c130eda]&amp#27;[0m&amp#27;[38;5;86m[HTTP]&amp#27;[0m &amp#27;[37m<-- GET /session/5c130eda-db62-4ce4-a49d-c6d60e952079/context &amp#27;[39m&amp#27;[32m200&amp#27;[39m &amp#27;[90m4 ms - 22&amp#27;[39m &amp#27;[90m&amp#27;[39m
&amp#27;[38;5;100m[5c130eda]&amp#27;[0m&amp#27;[38;5;86m[HTTP]&amp#27;[0m &amp#27;[37m-->&amp#27;[39m &amp#27;[37mPOST&amp#27;[39m &amp#27;[37m/session/5c130eda-db62-4ce4-a49d-c6d60e952079/element&amp#27;[39m &amp#27;[90m{"using":"accessibility id","value":"Login Menu Item"}&amp#27;[39m
&amp#27;[38;5;100m[5c130eda]&amp#27;[0m&amp#27;[38;5;-2m[AndroidUiautomator2Driver@9312]&amp#27;[0m Calling AppiumDriver.findElement() with args: ["accessibility id","Login Menu Item","5c130eda-db62-4ce4-a49d-c6d60e952079"]
&amp#27;[38;5;100m[5c130eda]&amp#27;[0m&amp#27;[38;5;-2m[AndroidUiautomator2Driver@9312]&amp#27;[0m Valid locator strategies for this request: xpath, id, class name, accessibility id, css selector, -android uiautomator
&amp#27;[38;5;100m[5c130eda]&amp#27;[0m&amp#27;[38;5;-2m[AndroidUiautomator2Driver@9312]&amp#27;[0m Waiting up to 15000 ms for condition
&amp#27;[38;5;100m[5c130eda]&amp#27;[0m&amp#27;[38;5;-2m[AndroidUiautomator2Driver@9312]&amp#27;[0m Matched '/element' to command name 'findElement'
&amp#27;[38;5;100m[5c130eda]&amp#27;[0m&amp#27;[38;5;-2m[AndroidUiautomator2Driver@9312]&amp#27;[0m Proxying [POST /element] to [POST http://127.0.0.1:8205/session/456dc308-c733-4aed-bea8-0a12371418f8/element] with body: {"strategy":"accessibility id","selector":"Login Menu Item","context":"","multiple":false}
&amp#27;[38;5;100m[5c130eda]&amp#27;[0m&amp#27;[38;5;-2m[AndroidUiautomator2Driver@9312]&amp#27;[0m Got response with status 200: {"sessionId":"456dc308-c733-4aed-bea8-0a12371418f8","value":{"ELEMENT":"00000000-0000-0da9-ffff-ffff00000059","element-6066-11e4-a52e-4f735466cecf":"00000000-0000-0da9-ffff-ffff00000059"}}
&amp#27;[38;5;100m[5c130eda]&amp#27;[0m&amp#27;[38;5;-2m[AndroidUiautomator2Driver@9312]&amp#27;[0m Responding to client with driver.findElement() result: {"element-6066-11e4-a52e-4f735466cecf":"00000000-0000-0da9-ffff-ffff00000059","ELEMENT":"00000000-0000-0da9-ffff-ffff00000059"}
&amp#27;[38;5;100m[5c130eda]&amp#27;[0m&amp#27;[38;5;86m[HTTP]&amp#27;[0m &amp#27;[37m<-- POST /session/5c130eda-db62-4ce4-a49d-c6d60e952079/element &amp#27;[39m&amp#27;[32m200&amp#27;[39m &amp#27;[90m1111 ms - 137&amp#27;[39m &amp#27;[90m&amp#27;[39m
&amp#27;[38;5;100m[5c130eda]&amp#27;[0m&amp#27;[38;5;86m[HTTP]&amp#27;[0m &amp#27;[37m-->&amp#27;[39m &amp#27;[37mPOST&amp#27;[39m &amp#27;[37m/session/5c130eda-db62-4ce4-a49d-c6d60e952079/element/00000000-0000-0da9-ffff-ffff00000059/click&amp#27;[39m &amp#27;[90m{"id":"00000000-0000-0da9-ffff-ffff00000059"}&amp#27;[39m
&amp#27;[38;5;100m[5c130eda]&amp#27;[0m&amp#27;[38;5;-2m[AndroidUiautomator2Driver@9312]&amp#27;[0m Calling AppiumDriver.click() with args: ["00000000-0000-0da9-ffff-ffff00000059","5c130eda-db62-4ce4-a49d-c6d60e952079"]
&amp#27;[38;5;100m[5c130eda]&amp#27;[0m&amp#27;[38;5;-2m[AndroidUiautomator2Driver@9312]&amp#27;[0m Matched '/element/00000000-0000-0da9-ffff-ffff00000059/click' to command name 'click'
&amp#27;[38;5;100m[5c130eda]&amp#27;[0m&amp#27;[38;5;-2m[AndroidUiautomator2Driver@9312]&amp#27;[0m Proxying [POST /element/00000000-0000-0da9-ffff-ffff00000059/click] to [POST http://127.0.0.1:8205/session/456dc308-c733-4aed-bea8-0a12371418f8/element/00000000-0000-0da9-ffff-ffff00000059/click] with body: {"element":"00000000-0000-0da9-ffff-ffff00000059"}
&amp#27;[38;5;100m[5c130eda]&amp#27;[0m&amp#27;[38;5;-2m[AndroidUiautomator2Driver@9312]&amp#27;[0m Got response with status 200: {"sessionId":"456dc308-c733-4aed-bea8-0a12371418f8","value":null}
&amp#27;[38;5;100m[5c130eda]&amp#27;[0m&amp#27;[38;5;-2m[AndroidUiautomator2Driver@9312]&amp#27;[0m Responding to client with driver.click() result: null
&amp#27;[38;5;100m[5c130eda]&amp#27;[0m&amp#27;[38;5;86m[HTTP]&amp#27;[0m &amp#27;[37m<-- POST /session/5c130eda-db62-4ce4-a49d-c6d60e952079/element/00000000-0000-0da9-ffff-ffff00000059/click &amp#27;[39m&amp#27;[32m200&amp#27;[39m &amp#27;[90m89 ms - 14&amp#27;[39m &amp#27;[90m&amp#27;[39m
&amp#27;[38;5;100m[5c130eda]&amp#27;[0m&amp#27;[38;5;86m[HTTP]&amp#27;[0m &amp#27;[37m-->&amp#27;[39m &amp#27;[37mGET&amp#27;[39m &amp#27;[37m/session/5c130eda-db62-4ce4-a49d-c6d60e952079/context&amp#27;[39m &amp#27;[90m{}&amp#27;[39m
&amp#27;[38;5;100m[5c130eda]&amp#27;[0m&amp#27;[38;5;-2m[AndroidUiautomator2Driver@9312]&amp#27;[0m Calling AppiumDriver.getCurrentContext() with args: ["5c130eda-db62-4ce4-a49d-c6d60e952079"]
&amp#27;[38;5;100m[5c130eda]&amp#27;[0m&amp#27;[38;5;-2m[AndroidUiautomator2Driver@9312]&amp#27;[0m Responding to client with driver.getCurrentContext() result: "NATIVE_APP"
&amp#27;[38;5;100m[5c130eda]&amp#27;[0m&amp#27;[38;5;86m[HTTP]&amp#27;[0m &amp#27;[37m<-- GET /session/5c130eda-db62-4ce4-a49d-c6d60e952079/context &amp#27;[39m&amp#27;[32m200&amp#27;[39m &amp#27;[90m1 ms - 22&amp#27;[39m &amp#27;[90m&amp#27;[39m
&amp#27;[38;5;100m[5c130eda]&amp#27;[0m&amp#27;[38;5;86m[HTTP]&amp#27;[0m &amp#27;[37m-->&amp#27;[39m &amp#27;[37mPOST&amp#27;[39m &amp#27;[37m/session/5c130eda-db62-4ce4-a49d-c6d60e952079/element&amp#27;[39m &amp#27;[90m{"using":"id","value":"com.saucelabs.mydemoapp.android:id/nameET"}&amp#27;[39m
&amp#27;[38;5;100m[5c130eda]&amp#27;[0m&amp#27;[38;5;-2m[AndroidUiautomator2Driver@9312]&amp#27;[0m Calling AppiumDriver.findElement() with args: ["id","com.saucelabs.mydemoapp.android:id/nameET","5c130eda-db62-4ce4-a49d-c6d60e952079"]
&amp#27;[38;5;100m[5c130eda]&amp#27;[0m&amp#27;[38;5;-2m[AndroidUiautomator2Driver@9312]&amp#27;[0m Valid locator strategies for this request: xpath, id, class name, accessibility id, css selector, -android uiautomator
&amp#27;[38;5;100m[5c130eda]&amp#27;[0m&amp#27;[38;5;-2m[AndroidUiautomator2Driver@9312]&amp#27;[0m Waiting up to 15000 ms for condition
&amp#27;[38;5;100m[5c130eda]&amp#27;[0m&amp#27;[38;5;-2m[AndroidUiautomator2Driver@9312]&amp#27;[0m Matched '/element' to command name 'findElement'
&amp#27;[38;5;100m[5c130eda]&amp#27;[0m&amp#27;[38;5;-2m[AndroidUiautomator2Driver@9312]&amp#27;[0m Proxying [POST /element] to [POST http://127.0.0.1:8205/session/456dc308-c733-4aed-bea8-0a12371418f8/element] with body: {"strategy":"id","selector":"com.saucelabs.mydemoapp.android:id/nameET","context":"","multiple":false}
&amp#27;[38;5;100m[5c130eda]&amp#27;[0m&amp#27;[38;5;-2m[AndroidUiautomator2Driver@9312]&amp#27;[0m Got response with status 200: {"sessionId":"456dc308-c733-4aed-bea8-0a12371418f8","value":{"ELEMENT":"00000000-0000-0daa-ffff-ffff0000017c","element-6066-11e4-a52e-4f735466cecf":"00000000-0000-0daa-ffff-ffff0000017c"}}
&amp#27;[38;5;100m[5c130eda]&amp#27;[0m&amp#27;[38;5;-2m[AndroidUiautomator2Driver@9312]&amp#27;[0m Responding to client with driver.findElement() result: {"element-6066-11e4-a52e-4f735466cecf":"00000000-0000-0daa-ffff-ffff0000017c","ELEMENT":"00000000-0000-0daa-ffff-ffff0000017c"}
&amp#27;[38;5;100m[5c130eda]&amp#27;[0m&amp#27;[38;5;86m[HTTP]&amp#27;[0m &amp#27;[37m<-- POST /session/5c130eda-db62-4ce4-a49d-c6d60e952079/element &amp#27;[39m&amp#27;[32m200&amp#27;[39m &amp#27;[90m725 ms - 137&amp#27;[39m &amp#27;[90m&amp#27;[39m
&amp#27;[38;5;100m[5c130eda]&amp#27;[0m&amp#27;[38;5;86m[HTTP]&amp#27;[0m &amp#27;[37m-->&amp#27;[39m &amp#27;[37mPOST&amp#27;[39m &amp#27;[37m/session/5c130eda-db62-4ce4-a49d-c6d60e952079/element/00000000-0000-0daa-ffff-ffff0000017c/click&amp#27;[39m &amp#27;[90m{"id":"00000000-0000-0daa-ffff-ffff0000017c"}&amp#27;[39m
&amp#27;[38;5;100m[5c130eda]&amp#27;[0m&amp#27;[38;5;-2m[AndroidUiautomator2Driver@9312]&amp#27;[0m Calling AppiumDriver.click() with args: ["00000000-0000-0daa-ffff-ffff0000017c","5c130eda-db62-4ce4-a49d-c6d60e952079"]
&amp#27;[38;5;100m[5c130eda]&amp#27;[0m&amp#27;[38;5;-2m[AndroidUiautomator2Driver@9312]&amp#27;[0m Matched '/element/00000000-0000-0daa-ffff-ffff0000017c/click' to command name 'click'
&amp#27;[38;5;100m[5c130eda]&amp#27;[0m&amp#27;[38;5;-2m[AndroidUiautomator2Driver@9312]&amp#27;[0m Proxying [POST /element/00000000-0000-0daa-ffff-ffff0000017c/click] to [POST http://127.0.0.1:8205/session/456dc308-c733-4aed-bea8-0a12371418f8/element/00000000-0000-0daa-ffff-ffff0000017c/click] with body: {"element":"00000000-0000-0daa-ffff-ffff0000017c"}
&amp#27;[38;5;100m[5c130eda]&amp#27;[0m&amp#27;[38;5;-2m[AndroidUiautomator2Driver@9312]&amp#27;[0m Got response with status 200: {"sessionId":"456dc308-c733-4aed-bea8-0a12371418f8","value":null}
&amp#27;[38;5;100m[5c130eda]&amp#27;[0m&amp#27;[38;5;-2m[AndroidUiautomator2Driver@9312]&amp#27;[0m Responding to client with driver.click() result: null
&amp#27;[38;5;100m[5c130eda]&amp#27;[0m&amp#27;[38;5;86m[HTTP]&amp#27;[0m &amp#27;[37m<-- POST /session/5c130eda-db62-4ce4-a49d-c6d60e952079/element/00000000-0000-0daa-ffff-ffff0000017c/click &amp#27;[39m&amp#27;[32m200&amp#27;[39m &amp#27;[90m87 ms - 14&amp#27;[39m &amp#27;[90m&amp#27;[39m
&amp#27;[38;5;100m[5c130eda]&amp#27;[0m&amp#27;[38;5;86m[HTTP]&amp#27;[0m &amp#27;[37m-->&amp#27;[39m &amp#27;[37mGET&amp#27;[39m &amp#27;[37m/session/5c130eda-db62-4ce4-a49d-c6d60e952079/context&amp#27;[39m &amp#27;[90m{}&amp#27;[39m
&amp#27;[38;5;100m[5c130eda]&amp#27;[0m&amp#27;[38;5;-2m[AndroidUiautomator2Driver@9312]&amp#27;[0m Calling AppiumDriver.getCurrentContext() with args: ["5c130eda-db62-4ce4-a49d-c6d60e952079"]
&amp#27;[38;5;100m[5c130eda]&amp#27;[0m&amp#27;[38;5;-2m[AndroidUiautomator2Driver@9312]&amp#27;[0m Responding to client with driver.getCurrentContext() result: "NATIVE_APP"
&amp#27;[38;5;100m[5c130eda]&amp#27;[0m&amp#27;[38;5;86m[HTTP]&amp#27;[0m &amp#27;[37m<-- GET /session/5c130eda-db62-4ce4-a49d-c6d60e952079/context &amp#27;[39m&amp#27;[32m200&amp#27;[39m &amp#27;[90m2 ms - 22&amp#27;[39m &amp#27;[90m&amp#27;[39m
&amp#27;[38;5;100m[5c130eda]&amp#27;[0m&amp#27;[38;5;86m[HTTP]&amp#27;[0m &amp#27;[37m-->&amp#27;[39m &amp#27;[37mPOST&amp#27;[39m &amp#27;[37m/session/5c130eda-db62-4ce4-a49d-c6d60e952079/element&amp#27;[39m &amp#27;[90m{"using":"id","value":"com.saucelabs.mydemoapp.android:id/nameET"}&amp#27;[39m
&amp#27;[38;5;100m[5c130eda]&amp#27;[0m&amp#27;[38;5;-2m[AndroidUiautomator2Driver@9312]&amp#27;[0m Calling AppiumDriver.findElement() with args: ["id","com.saucelabs.mydemoapp.android:id/nameET","5c130eda-db62-4ce4-a49d-c6d60e952079"]
&amp#27;[38;5;100m[5c130eda]&amp#27;[0m&amp#27;[38;5;-2m[AndroidUiautomator2Driver@9312]&amp#27;[0m Valid locator strategies for this request: xpath, id, class name, accessibility id, css selector, -android uiautomator
&amp#27;[38;5;100m[5c130eda]&amp#27;[0m&amp#27;[38;5;-2m[AndroidUiautomator2Driver@9312]&amp#27;[0m Waiting up to 15000 ms for condition
&amp#27;[38;5;100m[5c130eda]&amp#27;[0m&amp#27;[38;5;-2m[AndroidUiautomator2Driver@9312]&amp#27;[0m Matched '/element' to command name 'findElement'
&amp#27;[38;5;100m[5c130eda]&amp#27;[0m&amp#27;[38;5;-2m[AndroidUiautomator2Driver@9312]&amp#27;[0m Proxying [POST /element] to [POST http://127.0.0.1:8205/session/456dc308-c733-4aed-bea8-0a12371418f8/element] with body: {"strategy":"id","selector":"com.saucelabs.mydemoapp.android:id/nameET","context":"","multiple":false}
&amp#27;[38;5;100m[5c130eda]&amp#27;[0m&amp#27;[38;5;-2m[AndroidUiautomator2Driver@9312]&amp#27;[0m Got response with status 200: {"sessionId":"456dc308-c733-4aed-bea8-0a12371418f8","value":{"ELEMENT":"00000000-0000-0daa-ffff-ffff0000017c","element-6066-11e4-a52e-4f735466cecf":"00000000-0000-0daa-ffff-ffff0000017c"}}
&amp#27;[38;5;100m[5c130eda]&amp#27;[0m&amp#27;[38;5;-2m[AndroidUiautomator2Driver@9312]&amp#27;[0m Responding to client with driver.findElement() result: {"element-6066-11e4-a52e-4f735466cecf":"00000000-0000-0daa-ffff-ffff0000017c","ELEMENT":"00000000-0000-0daa-ffff-ffff0000017c"}
&amp#27;[38;5;100m[5c130eda]&amp#27;[0m&amp#27;[38;5;86m[HTTP]&amp#27;[0m &amp#27;[37m<-- POST /session/5c130eda-db62-4ce4-a49d-c6d60e952079/element &amp#27;[39m&amp#27;[32m200&amp#27;[39m &amp#27;[90m908 ms - 137&amp#27;[39m &amp#27;[90m&amp#27;[39m
&amp#27;[38;5;100m[5c130eda]&amp#27;[0m&amp#27;[38;5;86m[HTTP]&amp#27;[0m &amp#27;[37m-->&amp#27;[39m &amp#27;[37mPOST&amp#27;[39m &amp#27;[37m/session/5c130eda-db62-4ce4-a49d-c6d60e952079/element/00000000-0000-0daa-ffff-ffff0000017c/value&amp#27;[39m &amp#27;[90m{"id":"00000000-0000-0daa-ffff-ffff0000017c","value":["b","o","d","@","e","x","a","m","p","l","e",".","c","o","m"],"text":"bod@example.com"}&amp#27;[39m
&amp#27;[38;5;100m[5c130eda]&amp#27;[0m&amp#27;[38;5;-2m[AndroidUiautomator2Driver@9312]&amp#27;[0m Calling AppiumDriver.setValue() with args: [["b","o","d","@","e","x","a","m","p","l","e",".","c","o","m"],"00000000-0000-0daa-ffff-ffff0000017c","5c130eda-db62-4ce4-a49d-c6d60e952079"]
&amp#27;[38;5;100m[5c130eda]&amp#27;[0m&amp#27;[38;5;-2m[AndroidUiautomator2Driver@9312]&amp#27;[0m Matched '/element/00000000-0000-0daa-ffff-ffff0000017c/value' to command name 'setValue'
&amp#27;[38;5;100m[5c130eda]&amp#27;[0m&amp#27;[38;5;-2m[AndroidUiautomator2Driver@9312]&amp#27;[0m Added 'value' property ["b","o","d","@","e","x","a","m","p","l","e",".","c","o","m"] to 'setValue' request body
&amp#27;[38;5;100m[5c130eda]&amp#27;[0m&amp#27;[38;5;-2m[AndroidUiautomator2Driver@9312]&amp#27;[0m Proxying [POST /element/00000000-0000-0daa-ffff-ffff0000017c/value] to [POST http://127.0.0.1:8205/session/456dc308-c733-4aed-bea8-0a12371418f8/element/00000000-0000-0daa-ffff-ffff0000017c/value] with body: {"elementId":"00000000-0000-0daa-ffff-ffff0000017c","text":"bod@example.com","replace":false,"value":["b","o","d","@","e","x","a","m","p","l","e",".","c","o","m"]}
&amp#27;[38;5;100m[5c130eda]&amp#27;[0m&amp#27;[38;5;-2m[AndroidUiautomator2Driver@9312]&amp#27;[0m Got response with status 200: {"sessionId":"456dc308-c733-4aed-bea8-0a12371418f8","value":null}
&amp#27;[38;5;100m[5c130eda]&amp#27;[0m&amp#27;[38;5;-2m[AndroidUiautomator2Driver@9312]&amp#27;[0m Responding to client with driver.setValue() result: null
&amp#27;[38;5;100m[5c130eda]&amp#27;[0m&amp#27;[38;5;86m[HTTP]&amp#27;[0m &amp#27;[37m<-- POST /session/5c130eda-db62-4ce4-a49d-c6d60e952079/element/00000000-0000-0daa-ffff-ffff0000017c/value &amp#27;[39m&amp#27;[32m200&amp#27;[39m &amp#27;[90m107 ms - 14&amp#27;[39m &amp#27;[90m&amp#27;[39m
&amp#27;[38;5;100m[5c130eda]&amp#27;[0m&amp#27;[38;5;86m[HTTP]&amp#27;[0m &amp#27;[37m-->&amp#27;[39m &amp#27;[37mGET&amp#27;[39m &amp#27;[37m/session/5c130eda-db62-4ce4-a49d-c6d60e952079/context&amp#27;[39m &amp#27;[90m{}&amp#27;[39m
&amp#27;[38;5;100m[5c130eda]&amp#27;[0m&amp#27;[38;5;-2m[AndroidUiautomator2Driver@9312]&amp#27;[0m Calling AppiumDriver.getCurrentContext() with args: ["5c130eda-db62-4ce4-a49d-c6d60e952079"]
&amp#27;[38;5;100m[5c130eda]&amp#27;[0m&amp#27;[38;5;-2m[AndroidUiautomator2Driver@9312]&amp#27;[0m Responding to client with driver.getCurrentContext() result: "NATIVE_APP"
&amp#27;[38;5;100m[5c130eda]&amp#27;[0m&amp#27;[38;5;86m[HTTP]&amp#27;[0m &amp#27;[37m<-- GET /session/5c130eda-db62-4ce4-a49d-c6d60e952079/context &amp#27;[39m&amp#27;[32m200&amp#27;[39m &amp#27;[90m1 ms - 22&amp#27;[39m &amp#27;[90m&amp#27;[39m
&amp#27;[38;5;100m[5c130eda]&amp#27;[0m&amp#27;[38;5;86m[HTTP]&amp#27;[0m &amp#27;[37m-->&amp#27;[39m &amp#27;[37mPOST&amp#27;[39m &amp#27;[37m/session/5c130eda-db62-4ce4-a49d-c6d60e952079/element&amp#27;[39m &amp#27;[90m{"using":"id","value":"com.saucelabs.mydemoapp.android:id/passwordET"}&amp#27;[39m
&amp#27;[38;5;100m[5c130eda]&amp#27;[0m&amp#27;[38;5;-2m[AndroidUiautomator2Driver@9312]&amp#27;[0m Calling AppiumDriver.findElement() with args: ["id","com.saucelabs.mydemoapp.android:id/passwordET","5c130eda-db62-4ce4-a49d-c6d60e952079"]
&amp#27;[38;5;100m[5c130eda]&amp#27;[0m&amp#27;[38;5;-2m[AndroidUiautomator2Driver@9312]&amp#27;[0m Valid locator strategies for this request: xpath, id, class name, accessibility id, css selector, -android uiautomator
&amp#27;[38;5;100m[5c130eda]&amp#27;[0m&amp#27;[38;5;-2m[AndroidUiautomator2Driver@9312]&amp#27;[0m Waiting up to 15000 ms for condition
&amp#27;[38;5;100m[5c130eda]&amp#27;[0m&amp#27;[38;5;-2m[AndroidUiautomator2Driver@9312]&amp#27;[0m Matched '/element' to command name 'findElement'
&amp#27;[38;5;100m[5c130eda]&amp#27;[0m&amp#27;[38;5;-2m[AndroidUiautomator2Driver@9312]&amp#27;[0m Proxying [POST /element] to [POST http://127.0.0.1:8205/session/456dc308-c733-4aed-bea8-0a12371418f8/element] with body: {"strategy":"id","selector":"com.saucelabs.mydemoapp.android:id/passwordET","context":"","multiple":false}
&amp#27;[38;5;100m[5c130eda]&amp#27;[0m&amp#27;[38;5;-2m[AndroidUiautomator2Driver@9312]&amp#27;[0m Got response with status 200: {"sessionId":"456dc308-c733-4aed-bea8-0a12371418f8","value":{"ELEMENT":"00000000-0000-0daa-ffff-ffff00000181","element-6066-11e4-a52e-4f735466cecf":"00000000-0000-0daa-ffff-ffff00000181"}}
&amp#27;[38;5;100m[5c130eda]&amp#27;[0m&amp#27;[38;5;-2m[AndroidUiautomator2Driver@9312]&amp#27;[0m Responding to client with driver.findElement() result: {"element-6066-11e4-a52e-4f735466cecf":"00000000-0000-0daa-ffff-ffff00000181","ELEMENT":"00000000-0000-0daa-ffff-ffff00000181"}
&amp#27;[38;5;100m[5c130eda]&amp#27;[0m&amp#27;[38;5;86m[HTTP]&amp#27;[0m &amp#27;[37m<-- POST /session/5c130eda-db62-4ce4-a49d-c6d60e952079/element &amp#27;[39m&amp#27;[32m200&amp#27;[39m &amp#27;[90m658 ms - 137&amp#27;[39m &amp#27;[90m&amp#27;[39m
&amp#27;[38;5;100m[5c130eda]&amp#27;[0m&amp#27;[38;5;86m[HTTP]&amp#27;[0m &amp#27;[37m-->&amp#27;[39m &amp#27;[37mPOST&amp#27;[39m &amp#27;[37m/session/5c130eda-db62-4ce4-a49d-c6d60e952079/element/00000000-0000-0daa-ffff-ffff00000181/click&amp#27;[39m &amp#27;[90m{"id":"00000000-0000-0daa-ffff-ffff00000181"}&amp#27;[39m
&amp#27;[38;5;100m[5c130eda]&amp#27;[0m&amp#27;[38;5;-2m[AndroidUiautomator2Driver@9312]&amp#27;[0m Calling AppiumDriver.click() with args: ["00000000-0000-0daa-ffff-ffff00000181","5c130eda-db62-4ce4-a49d-c6d60e952079"]
&amp#27;[38;5;100m[5c130eda]&amp#27;[0m&amp#27;[38;5;-2m[AndroidUiautomator2Driver@9312]&amp#27;[0m Matched '/element/00000000-0000-0daa-ffff-ffff00000181/click' to command name 'click'
&amp#27;[38;5;100m[5c130eda]&amp#27;[0m&amp#27;[38;5;-2m[AndroidUiautomator2Driver@9312]&amp#27;[0m Proxying [POST /element/00000000-0000-0daa-ffff-ffff00000181/click] to [POST http://127.0.0.1:8205/session/456dc308-c733-4aed-bea8-0a12371418f8/element/00000000-0000-0daa-ffff-ffff00000181/click] with body: {"element":"00000000-0000-0daa-ffff-ffff00000181"}
&amp#27;[38;5;100m[5c130eda]&amp#27;[0m&amp#27;[38;5;-2m[AndroidUiautomator2Driver@9312]&amp#27;[0m Got response with status 200: {"sessionId":"456dc308-c733-4aed-bea8-0a12371418f8","value":null}
&amp#27;[38;5;100m[5c130eda]&amp#27;[0m&amp#27;[38;5;-2m[AndroidUiautomator2Driver@9312]&amp#27;[0m Responding to client with driver.click() result: null
&amp#27;[38;5;100m[5c130eda]&amp#27;[0m&amp#27;[38;5;86m[HTTP]&amp#27;[0m &amp#27;[37m<-- POST /session/5c130eda-db62-4ce4-a49d-c6d60e952079/element/00000000-0000-0daa-ffff-ffff00000181/click &amp#27;[39m&amp#27;[32m200&amp#27;[39m &amp#27;[90m686 ms - 14&amp#27;[39m &amp#27;[90m&amp#27;[39m
&amp#27;[38;5;100m[5c130eda]&amp#27;[0m&amp#27;[38;5;86m[HTTP]&amp#27;[0m &amp#27;[37m-->&amp#27;[39m &amp#27;[37mGET&amp#27;[39m &amp#27;[37m/session/5c130eda-db62-4ce4-a49d-c6d60e952079/context&amp#27;[39m &amp#27;[90m{}&amp#27;[39m
&amp#27;[38;5;100m[5c130eda]&amp#27;[0m&amp#27;[38;5;-2m[AndroidUiautomator2Driver@9312]&amp#27;[0m Calling AppiumDriver.getCurrentContext() with args: ["5c130eda-db62-4ce4-a49d-c6d60e952079"]
&amp#27;[38;5;100m[5c130eda]&amp#27;[0m&amp#27;[38;5;-2m[AndroidUiautomator2Driver@9312]&amp#27;[0m Responding to client with driver.getCurrentContext() result: "NATIVE_APP"
&amp#27;[38;5;100m[5c130eda]&amp#27;[0m&amp#27;[38;5;86m[HTTP]&amp#27;[0m &amp#27;[37m<-- GET /session/5c130eda-db62-4ce4-a49d-c6d60e952079/context &amp#27;[39m&amp#27;[32m200&amp#27;[39m &amp#27;[90m1 ms - 22&amp#27;[39m &amp#27;[90m&amp#27;[39m
&amp#27;[38;5;100m[5c130eda]&amp#27;[0m&amp#27;[38;5;86m[HTTP]&amp#27;[0m &amp#27;[37m-->&amp#27;[39m &amp#27;[37mPOST&amp#27;[39m &amp#27;[37m/session/5c130eda-db62-4ce4-a49d-c6d60e952079/element&amp#27;[39m &amp#27;[90m{"using":"id","value":"com.saucelabs.mydemoapp.android:id/passwordET"}&amp#27;[39m
&amp#27;[38;5;100m[5c130eda]&amp#27;[0m&amp#27;[38;5;-2m[AndroidUiautomator2Driver@9312]&amp#27;[0m Calling AppiumDriver.findElement() with args: ["id","com.saucelabs.mydemoapp.android:id/passwordET","5c130eda-db62-4ce4-a49d-c6d60e952079"]
&amp#27;[38;5;100m[5c130eda]&amp#27;[0m&amp#27;[38;5;-2m[AndroidUiautomator2Driver@9312]&amp#27;[0m Valid locator strategies for this request: xpath, id, class name, accessibility id, css selector, -android uiautomator
&amp#27;[38;5;100m[5c130eda]&amp#27;[0m&amp#27;[38;5;-2m[AndroidUiautomator2Driver@9312]&amp#27;[0m Waiting up to 15000 ms for condition
&amp#27;[38;5;100m[5c130eda]&amp#27;[0m&amp#27;[38;5;-2m[AndroidUiautomator2Driver@9312]&amp#27;[0m Matched '/element' to command name 'findElement'
&amp#27;[38;5;100m[5c130eda]&amp#27;[0m&amp#27;[38;5;-2m[AndroidUiautomator2Driver@9312]&amp#27;[0m Proxying [POST /element] to [POST http://127.0.0.1:8205/session/456dc308-c733-4aed-bea8-0a12371418f8/element] with body: {"strategy":"id","selector":"com.saucelabs.mydemoapp.android:id/passwordET","context":"","multiple":false}
&amp#27;[38;5;100m[5c130eda]&amp#27;[0m&amp#27;[38;5;-2m[AndroidUiautomator2Driver@9312]&amp#27;[0m Got response with status 200: {"sessionId":"456dc308-c733-4aed-bea8-0a12371418f8","value":{"ELEMENT":"00000000-0000-0daa-ffff-ffff00000181","element-6066-11e4-a52e-4f735466cecf":"00000000-0000-0daa-ffff-ffff00000181"}}
&amp#27;[38;5;100m[5c130eda]&amp#27;[0m&amp#27;[38;5;-2m[AndroidUiautomator2Driver@9312]&amp#27;[0m Responding to client with driver.findElement() result: {"element-6066-11e4-a52e-4f735466cecf":"00000000-0000-0daa-ffff-ffff00000181","ELEMENT":"00000000-0000-0daa-ffff-ffff00000181"}
&amp#27;[38;5;100m[5c130eda]&amp#27;[0m&amp#27;[38;5;86m[HTTP]&amp#27;[0m &amp#27;[37m<-- POST /session/5c130eda-db62-4ce4-a49d-c6d60e952079/element &amp#27;[39m&amp#27;[32m200&amp#27;[39m &amp#27;[90m108 ms - 137&amp#27;[39m &amp#27;[90m&amp#27;[39m
&amp#27;[38;5;100m[5c130eda]&amp#27;[0m&amp#27;[38;5;86m[HTTP]&amp#27;[0m &amp#27;[37m-->&amp#27;[39m &amp#27;[37mPOST&amp#27;[39m &amp#27;[37m/session/5c130eda-db62-4ce4-a49d-c6d60e952079/element/00000000-0000-0daa-ffff-ffff00000181/value&amp#27;[39m &amp#27;[90m{"id":"00000000-0000-0daa-ffff-ffff00000181","value":["1","0","2","0","3","0","4","0"],"text":"10203040"}&amp#27;[39m
&amp#27;[38;5;100m[5c130eda]&amp#27;[0m&amp#27;[38;5;-2m[AndroidUiautomator2Driver@9312]&amp#27;[0m Calling AppiumDriver.setValue() with args: [["1","0","2","0","3","0","4","0"],"00000000-0000-0daa-ffff-ffff00000181","5c130eda-db62-4ce4-a49d-c6d60e952079"]
&amp#27;[38;5;100m[5c130eda]&amp#27;[0m&amp#27;[38;5;-2m[AndroidUiautomator2Driver@9312]&amp#27;[0m Matched '/element/00000000-0000-0daa-ffff-ffff00000181/value' to command name 'setValue'
&amp#27;[38;5;100m[5c130eda]&amp#27;[0m&amp#27;[38;5;-2m[AndroidUiautomator2Driver@9312]&amp#27;[0m Added 'value' property ["1","0","2","0","3","0","4","0"] to 'setValue' request body
&amp#27;[38;5;100m[5c130eda]&amp#27;[0m&amp#27;[38;5;-2m[AndroidUiautomator2Driver@9312]&amp#27;[0m Proxying [POST /element/00000000-0000-0daa-ffff-ffff00000181/value] to [POST http://127.0.0.1:8205/session/456dc308-c733-4aed-bea8-0a12371418f8/element/00000000-0000-0daa-ffff-ffff00000181/value] with body: {"elementId":"00000000-0000-0daa-ffff-ffff00000181","text":"10203040","replace":false,"value":["1","0","2","0","3","0","4","0"]}
&amp#27;[38;5;100m[5c130eda]&amp#27;[0m&amp#27;[38;5;-2m[AndroidUiautomator2Driver@9312]&amp#27;[0m Got response with status 200: {"sessionId":"456dc308-c733-4aed-bea8-0a12371418f8","value":null}
&amp#27;[38;5;100m[5c130eda]&amp#27;[0m&amp#27;[38;5;-2m[AndroidUiautomator2Driver@9312]&amp#27;[0m Responding to client with driver.setValue() result: null
&amp#27;[38;5;100m[5c130eda]&amp#27;[0m&amp#27;[38;5;86m[HTTP]&amp#27;[0m &amp#27;[37m<-- POST /session/5c130eda-db62-4ce4-a49d-c6d60e952079/element/00000000-0000-0daa-ffff-ffff00000181/value &amp#27;[39m&amp#27;[32m200&amp#27;[39m &amp#27;[90m66 ms - 14&amp#27;[39m &amp#27;[90m&amp#27;[39m
&amp#27;[38;5;100m[5c130eda]&amp#27;[0m&amp#27;[38;5;86m[HTTP]&amp#27;[0m &amp#27;[37m-->&amp#27;[39m &amp#27;[37mGET&amp#27;[39m &amp#27;[37m/session/5c130eda-db62-4ce4-a49d-c6d60e952079/context&amp#27;[39m &amp#27;[90m{}&amp#27;[39m
&amp#27;[38;5;100m[5c130eda]&amp#27;[0m&amp#27;[38;5;-2m[AndroidUiautomator2Driver@9312]&amp#27;[0m Calling AppiumDriver.getCurrentContext() with args: ["5c130eda-db62-4ce4-a49d-c6d60e952079"]
&amp#27;[38;5;100m[5c130eda]&amp#27;[0m&amp#27;[38;5;-2m[AndroidUiautomator2Driver@9312]&amp#27;[0m Responding to client with driver.getCurrentContext() result: "NATIVE_APP"
&amp#27;[38;5;100m[5c130eda]&amp#27;[0m&amp#27;[38;5;86m[HTTP]&amp#27;[0m &amp#27;[37m<-- GET /session/5c130eda-db62-4ce4-a49d-c6d60e952079/context &amp#27;[39m&amp#27;[32m200&amp#27;[39m &amp#27;[90m1 ms - 22&amp#27;[39m &amp#27;[90m&amp#27;[39m
&amp#27;[38;5;100m[5c130eda]&amp#27;[0m&amp#27;[38;5;86m[HTTP]&amp#27;[0m &amp#27;[37m-->&amp#27;[39m &amp#27;[37mPOST&amp#27;[39m &amp#27;[37m/session/5c130eda-db62-4ce4-a49d-c6d60e952079/element&amp#27;[39m &amp#27;[90m{"using":"accessibility id","value":"Tap to login with given credentials"}&amp#27;[39m
&amp#27;[38;5;100m[5c130eda]&amp#27;[0m&amp#27;[38;5;-2m[AndroidUiautomator2Driver@9312]&amp#27;[0m Calling AppiumDriver.findElement() with args: ["accessibility id","Tap to login with given credentials","5c130eda-db62-4ce4-a49d-c6d60e952079"]
&amp#27;[38;5;100m[5c130eda]&amp#27;[0m&amp#27;[38;5;-2m[AndroidUiautomator2Driver@9312]&amp#27;[0m Valid locator strategies for this request: xpath, id, class name, accessibility id, css selector, -android uiautomator
&amp#27;[38;5;100m[5c130eda]&amp#27;[0m&amp#27;[38;5;-2m[AndroidUiautomator2Driver@9312]&amp#27;[0m Waiting up to 15000 ms for condition
&amp#27;[38;5;100m[5c130eda]&amp#27;[0m&amp#27;[38;5;-2m[AndroidUiautomator2Driver@9312]&amp#27;[0m Matched '/element' to command name 'findElement'
&amp#27;[38;5;100m[5c130eda]&amp#27;[0m&amp#27;[38;5;-2m[AndroidUiautomator2Driver@9312]&amp#27;[0m Proxying [POST /element] to [POST http://127.0.0.1:8205/session/456dc308-c733-4aed-bea8-0a12371418f8/element] with body: {"strategy":"accessibility id","selector":"Tap to login with given credentials","context":"","multiple":false}
&amp#27;[38;5;100m[5c130eda]&amp#27;[0m&amp#27;[38;5;-2m[AndroidUiautomator2Driver@9312]&amp#27;[0m Got response with status 200: {"sessionId":"456dc308-c733-4aed-bea8-0a12371418f8","value":{"ELEMENT":"00000000-0000-0daa-ffff-ffff00000186","element-6066-11e4-a52e-4f735466cecf":"00000000-0000-0daa-ffff-ffff00000186"}}
&amp#27;[38;5;100m[5c130eda]&amp#27;[0m&amp#27;[38;5;-2m[AndroidUiautomator2Driver@9312]&amp#27;[0m Responding to client with driver.findElement() result: {"element-6066-11e4-a52e-4f735466cecf":"00000000-0000-0daa-ffff-ffff00000186","ELEMENT":"00000000-0000-0daa-ffff-ffff00000186"}
&amp#27;[38;5;100m[5c130eda]&amp#27;[0m&amp#27;[38;5;86m[HTTP]&amp#27;[0m &amp#27;[37m<-- POST /session/5c130eda-db62-4ce4-a49d-c6d60e952079/element &amp#27;[39m&amp#27;[32m200&amp#27;[39m &amp#27;[90m695 ms - 137&amp#27;[39m &amp#27;[90m&amp#27;[39m
&amp#27;[38;5;100m[5c130eda]&amp#27;[0m&amp#27;[38;5;86m[HTTP]&amp#27;[0m &amp#27;[37m-->&amp#27;[39m &amp#27;[37mPOST&amp#27;[39m &amp#27;[37m/session/5c130eda-db62-4ce4-a49d-c6d60e952079/element/00000000-0000-0daa-ffff-ffff00000186/click&amp#27;[39m &amp#27;[90m{"id":"00000000-0000-0daa-ffff-ffff00000186"}&amp#27;[39m
&amp#27;[38;5;100m[5c130eda]&amp#27;[0m&amp#27;[38;5;-2m[AndroidUiautomator2Driver@9312]&amp#27;[0m Calling AppiumDriver.click() with args: ["00000000-0000-0daa-ffff-ffff00000186","5c130eda-db62-4ce4-a49d-c6d60e952079"]
&amp#27;[38;5;100m[5c130eda]&amp#27;[0m&amp#27;[38;5;-2m[AndroidUiautomator2Driver@9312]&amp#27;[0m Matched '/element/00000000-0000-0daa-ffff-ffff00000186/click' to command name 'click'
&amp#27;[38;5;100m[5c130eda]&amp#27;[0m&amp#27;[38;5;-2m[AndroidUiautomator2Driver@9312]&amp#27;[0m Proxying [POST /element/00000000-0000-0daa-ffff-ffff00000186/click] to [POST http://127.0.0.1:8205/session/456dc308-c733-4aed-bea8-0a12371418f8/element/00000000-0000-0daa-ffff-ffff00000186/click] with body: {"element":"00000000-0000-0daa-ffff-ffff00000186"}
&amp#27;[38;5;100m[5c130eda]&amp#27;[0m&amp#27;[38;5;-2m[AndroidUiautomator2Driver@9312]&amp#27;[0m Got response with status 200: {"sessionId":"456dc308-c733-4aed-bea8-0a12371418f8","value":null}
&amp#27;[38;5;100m[5c130eda]&amp#27;[0m&amp#27;[38;5;-2m[AndroidUiautomator2Driver@9312]&amp#27;[0m Responding to client with driver.click() result: null
&amp#27;[38;5;100m[5c130eda]&amp#27;[0m&amp#27;[38;5;86m[HTTP]&amp#27;[0m &amp#27;[37m<-- POST /session/5c130eda-db62-4ce4-a49d-c6d60e952079/element/00000000-0000-0daa-ffff-ffff00000186/click &amp#27;[39m&amp#27;[32m200&amp#27;[39m &amp#27;[90m106 ms - 14&amp#27;[39m &amp#27;[90m&amp#27;[39m
&amp#27;[38;5;100m[5c130eda]&amp#27;[0m&amp#27;[38;5;86m[HTTP]&amp#27;[0m &amp#27;[37m-->&amp#27;[39m &amp#27;[37mGET&amp#27;[39m &amp#27;[37m/session/5c130eda-db62-4ce4-a49d-c6d60e952079/context&amp#27;[39m &amp#27;[90m{}&amp#27;[39m
&amp#27;[38;5;100m[5c130eda]&amp#27;[0m&amp#27;[38;5;-2m[AndroidUiautomator2Driver@9312]&amp#27;[0m Calling AppiumDriver.getCurrentContext() with args: ["5c130eda-db62-4ce4-a49d-c6d60e952079"]
&amp#27;[38;5;100m[5c130eda]&amp#27;[0m&amp#27;[38;5;-2m[AndroidUiautomator2Driver@9312]&amp#27;[0m Responding to client with driver.getCurrentContext() result: "NATIVE_APP"
&amp#27;[38;5;100m[5c130eda]&amp#27;[0m&amp#27;[38;5;86m[HTTP]&amp#27;[0m &amp#27;[37m<-- GET /session/5c130eda-db62-4ce4-a49d-c6d60e952079/context &amp#27;[39m&amp#27;[32m200&amp#27;[39m &amp#27;[90m1 ms - 22&amp#27;[39m &amp#27;[90m&amp#27;[39m
&amp#27;[38;5;100m[5c130eda]&amp#27;[0m&amp#27;[38;5;86m[HTTP]&amp#27;[0m &amp#27;[37m-->&amp#27;[39m &amp#27;[37mPOST&amp#27;[39m &amp#27;[37m/session/5c130eda-db62-4ce4-a49d-c6d60e952079/element&amp#27;[39m &amp#27;[90m{"using":"accessibility id","value":"title"}&amp#27;[39m
&amp#27;[38;5;100m[5c130eda]&amp#27;[0m&amp#27;[38;5;-2m[AndroidUiautomator2Driver@9312]&amp#27;[0m Calling AppiumDriver.findElement() with args: ["accessibility id","title","5c130eda-db62-4ce4-a49d-c6d60e952079"]
&amp#27;[38;5;100m[5c130eda]&amp#27;[0m&amp#27;[38;5;-2m[AndroidUiautomator2Driver@9312]&amp#27;[0m Valid locator strategies for this request: xpath, id, class name, accessibility id, css selector, -android uiautomator
&amp#27;[38;5;100m[5c130eda]&amp#27;[0m&amp#27;[38;5;-2m[AndroidUiautomator2Driver@9312]&amp#27;[0m Waiting up to 15000 ms for condition
&amp#27;[38;5;100m[5c130eda]&amp#27;[0m&amp#27;[38;5;-2m[AndroidUiautomator2Driver@9312]&amp#27;[0m Matched '/element' to command name 'findElement'
&amp#27;[38;5;100m[5c130eda]&amp#27;[0m&amp#27;[38;5;-2m[AndroidUiautomator2Driver@9312]&amp#27;[0m Proxying [POST /element] to [POST http://127.0.0.1:8205/session/456dc308-c733-4aed-bea8-0a12371418f8/element] with body: {"strategy":"accessibility id","selector":"title","context":"","multiple":false}
&amp#27;[38;5;100m[5c130eda]&amp#27;[0m&amp#27;[38;5;-2m[AndroidUiautomator2Driver@9312]&amp#27;[0m Got response with status 200: {"sessionId":"456dc308-c733-4aed-bea8-0a12371418f8","value":{"ELEMENT":"00000000-0000-0dad-ffff-ffff000001d4","element-6066-11e4-a52e-4f735466cecf":"00000000-0000-0dad-ffff-ffff000001d4"}}
&amp#27;[38;5;100m[5c130eda]&amp#27;[0m&amp#27;[38;5;-2m[AndroidUiautomator2Driver@9312]&amp#27;[0m Responding to client with driver.findElement() result: {"element-6066-11e4-a52e-4f735466cecf":"00000000-0000-0dad-ffff-ffff000001d4","ELEMENT":"00000000-0000-0dad-ffff-ffff000001d4"}
&amp#27;[38;5;100m[5c130eda]&amp#27;[0m&amp#27;[38;5;86m[HTTP]&amp#27;[0m &amp#27;[37m<-- POST /session/5c130eda-db62-4ce4-a49d-c6d60e952079/element &amp#27;[39m&amp#27;[32m200&amp#27;[39m &amp#27;[90m1142 ms - 137&amp#27;[39m &amp#27;[90m&amp#27;[39m
&amp#27;[38;5;100m[5c130eda]&amp#27;[0m&amp#27;[38;5;86m[HTTP]&amp#27;[0m &amp#27;[37m-->&amp#27;[39m &amp#27;[37mGET&amp#27;[39m &amp#27;[37m/session/5c130eda-db62-4ce4-a49d-c6d60e952079/element/00000000-0000-0dad-ffff-ffff000001d4/displayed&amp#27;[39m &amp#27;[90m{}&amp#27;[39m
&amp#27;[38;5;100m[5c130eda]&amp#27;[0m&amp#27;[38;5;-2m[AndroidUiautomator2Driver@9312]&amp#27;[0m Calling AppiumDriver.elementDisplayed() with args: ["00000000-0000-0dad-ffff-ffff000001d4","5c130eda-db62-4ce4-a49d-c6d60e952079"]
&amp#27;[38;5;100m[5c130eda]&amp#27;[0m&amp#27;[38;5;-2m[AndroidUiautomator2Driver@9312]&amp#27;[0m Matched '/element/00000000-0000-0dad-ffff-ffff000001d4/attribute/displayed' to command name 'getAttribute'
&amp#27;[38;5;100m[5c130eda]&amp#27;[0m&amp#27;[38;5;-2m[AndroidUiautomator2Driver@9312]&amp#27;[0m Proxying [GET /element/00000000-0000-0dad-ffff-ffff000001d4/attribute/displayed] to [GET http://127.0.0.1:8205/session/456dc308-c733-4aed-bea8-0a12371418f8/element/00000000-0000-0dad-ffff-ffff000001d4/attribute/displayed] with no body
&amp#27;[38;5;100m[5c130eda]&amp#27;[0m&amp#27;[38;5;-2m[AndroidUiautomator2Driver@9312]&amp#27;[0m Got response with status 200: {"sessionId":"456dc308-c733-4aed-bea8-0a12371418f8","value":"true"}
&amp#27;[38;5;100m[5c130eda]&amp#27;[0m&amp#27;[38;5;-2m[AndroidUiautomator2Driver@9312]&amp#27;[0m Responding to client with driver.elementDisplayed() result: true
&amp#27;[38;5;100m[5c130eda]&amp#27;[0m&amp#27;[38;5;86m[HTTP]&amp#27;[0m &amp#27;[37m<-- GET /session/5c130eda-db62-4ce4-a49d-c6d60e952079/element/00000000-0000-0dad-ffff-ffff000001d4/displayed &amp#27;[39m&amp#27;[32m200&amp#27;[39m &amp#27;[90m48 ms - 14&amp#27;[39m &amp#27;[90m&amp#27;[39m
&amp#27;[38;5;100m[5c130eda]&amp#27;[0m&amp#27;[38;5;86m[HTTP]&amp#27;[0m &amp#27;[37m-->&amp#27;[39m &amp#27;[37mGET&amp#27;[39m &amp#27;[37m/session/5c130eda-db62-4ce4-a49d-c6d60e952079/context&amp#27;[39m &amp#27;[90m{}&amp#27;[39m
&amp#27;[38;5;100m[5c130eda]&amp#27;[0m&amp#27;[38;5;-2m[AndroidUiautomator2Driver@9312]&amp#27;[0m Calling AppiumDriver.getCurrentContext() with args: ["5c130eda-db62-4ce4-a49d-c6d60e952079"]
&amp#27;[38;5;100m[5c130eda]&amp#27;[0m&amp#27;[38;5;-2m[AndroidUiautomator2Driver@9312]&amp#27;[0m Responding to client with driver.getCurrentContext() result: "NATIVE_APP"
&amp#27;[38;5;100m[5c130eda]&amp#27;[0m&amp#27;[38;5;86m[HTTP]&amp#27;[0m &amp#27;[37m<-- GET /session/5c130eda-db62-4ce4-a49d-c6d60e952079/context &amp#27;[39m&amp#27;[32m200&amp#27;[39m &amp#27;[90m1 ms - 22&amp#27;[39m &amp#27;[90m&amp#27;[39m
&amp#27;[38;5;100m[5c130eda]&amp#27;[0m&amp#27;[38;5;86m[HTTP]&amp#27;[0m &amp#27;[37m-->&amp#27;[39m &amp#27;[37mPOST&amp#27;[39m &amp#27;[37m/session/5c130eda-db62-4ce4-a49d-c6d60e952079/element&amp#27;[39m &amp#27;[90m{"using":"-android uiautomator","value":"new UiSelector().resourceId(\"com.saucelabs.mydemoapp.android:id/productIV\").instance(0)"}&amp#27;[39m
&amp#27;[38;5;100m[5c130eda]&amp#27;[0m&amp#27;[38;5;-2m[AndroidUiautomator2Driver@9312]&amp#27;[0m Calling AppiumDriver.findElement() with args: ["-android uiautomator","new UiSelector().resourceId(\"com.saucelabs.mydemoapp.android:id/productIV\").instance(0)","5c130eda-db62-4ce4-a49d-c6d60e952079"]
&amp#27;[38;5;100m[5c130eda]&amp#27;[0m&amp#27;[38;5;-2m[AndroidUiautomator2Driver@9312]&amp#27;[0m Valid locator strategies for this request: xpath, id, class name, accessibility id, css selector, -android uiautomator
&amp#27;[38;5;100m[5c130eda]&amp#27;[0m&amp#27;[38;5;-2m[AndroidUiautomator2Driver@9312]&amp#27;[0m Waiting up to 15000 ms for condition
&amp#27;[38;5;100m[5c130eda]&amp#27;[0m&amp#27;[38;5;-2m[AndroidUiautomator2Driver@9312]&amp#27;[0m Matched '/element' to command name 'findElement'
&amp#27;[38;5;100m[5c130eda]&amp#27;[0m&amp#27;[38;5;-2m[AndroidUiautomator2Driver@9312]&amp#27;[0m Proxying [POST /element] to [POST http://127.0.0.1:8205/session/456dc308-c733-4aed-bea8-0a12371418f8/element] with body: {"strategy":"-android uiautomator","selector":"new UiSelector().resourceId(\"com.saucelabs.mydemoapp.android:id/productIV\").instance(0)","context":"","multiple":false}
&amp#27;[38;5;100m[5c130eda]&amp#27;[0m&amp#27;[38;5;-2m[AndroidUiautomator2Driver@9312]&amp#27;[0m Got response with status 200: {"sessionId":"456dc308-c733-4aed-bea8-0a12371418f8","value":{"ELEMENT":"00000000-0000-0dad-ffff-ffff00000212","element-6066-11e4-a52e-4f735466cecf":"00000000-0000-0dad-ffff-ffff00000212"}}
&amp#27;[38;5;100m[5c130eda]&amp#27;[0m&amp#27;[38;5;-2m[AndroidUiautomator2Driver@9312]&amp#27;[0m Responding to client with driver.findElement() result: {"element-6066-11e4-a52e-4f735466cecf":"00000000-0000-0dad-ffff-ffff00000212","ELEMENT":"00000000-0000-0dad-ffff-ffff00000212"}
&amp#27;[38;5;100m[5c130eda]&amp#27;[0m&amp#27;[38;5;86m[HTTP]&amp#27;[0m &amp#27;[37m<-- POST /session/5c130eda-db62-4ce4-a49d-c6d60e952079/element &amp#27;[39m&amp#27;[32m200&amp#27;[39m &amp#27;[90m45 ms - 137&amp#27;[39m &amp#27;[90m&amp#27;[39m
&amp#27;[38;5;100m[5c130eda]&amp#27;[0m&amp#27;[38;5;86m[HTTP]&amp#27;[0m &amp#27;[37m-->&amp#27;[39m &amp#27;[37mPOST&amp#27;[39m &amp#27;[37m/session/5c130eda-db62-4ce4-a49d-c6d60e952079/element/00000000-0000-0dad-ffff-ffff00000212/click&amp#27;[39m &amp#27;[90m{"id":"00000000-0000-0dad-ffff-ffff00000212"}&amp#27;[39m
&amp#27;[38;5;100m[5c130eda]&amp#27;[0m&amp#27;[38;5;-2m[AndroidUiautomator2Driver@9312]&amp#27;[0m Calling AppiumDriver.click() with args: ["00000000-0000-0dad-ffff-ffff00000212","5c130eda-db62-4ce4-a49d-c6d60e952079"]
&amp#27;[38;5;100m[5c130eda]&amp#27;[0m&amp#27;[38;5;-2m[AndroidUiautomator2Driver@9312]&amp#27;[0m Matched '/element/00000000-0000-0dad-ffff-ffff00000212/click' to command name 'click'
&amp#27;[38;5;100m[5c130eda]&amp#27;[0m&amp#27;[38;5;-2m[AndroidUiautomator2Driver@9312]&amp#27;[0m Proxying [POST /element/00000000-0000-0dad-ffff-ffff00000212/click] to [POST http://127.0.0.1:8205/session/456dc308-c733-4aed-bea8-0a12371418f8/element/00000000-0000-0dad-ffff-ffff00000212/click] with body: {"element":"00000000-0000-0dad-ffff-ffff00000212"}
&amp#27;[38;5;100m[5c130eda]&amp#27;[0m&amp#27;[38;5;-2m[AndroidUiautomator2Driver@9312]&amp#27;[0m Got response with status 200: {"sessionId":"456dc308-c733-4aed-bea8-0a12371418f8","value":null}
&amp#27;[38;5;100m[5c130eda]&amp#27;[0m&amp#27;[38;5;-2m[AndroidUiautomator2Driver@9312]&amp#27;[0m Responding to client with driver.click() result: null
&amp#27;[38;5;100m[5c130eda]&amp#27;[0m&amp#27;[38;5;86m[HTTP]&amp#27;[0m &amp#27;[37m<-- POST /session/5c130eda-db62-4ce4-a49d-c6d60e952079/element/00000000-0000-0dad-ffff-ffff00000212/click &amp#27;[39m&amp#27;[32m200&amp#27;[39m &amp#27;[90m66 ms - 14&amp#27;[39m &amp#27;[90m&amp#27;[39m
&amp#27;[38;5;100m[5c130eda]&amp#27;[0m&amp#27;[38;5;86m[HTTP]&amp#27;[0m &amp#27;[37m-->&amp#27;[39m &amp#27;[37mGET&amp#27;[39m &amp#27;[37m/session/5c130eda-db62-4ce4-a49d-c6d60e952079/context&amp#27;[39m &amp#27;[90m{}&amp#27;[39m
&amp#27;[38;5;100m[5c130eda]&amp#27;[0m&amp#27;[38;5;-2m[AndroidUiautomator2Driver@9312]&amp#27;[0m Calling AppiumDriver.getCurrentContext() with args: ["5c130eda-db62-4ce4-a49d-c6d60e952079"]
&amp#27;[38;5;100m[5c130eda]&amp#27;[0m&amp#27;[38;5;-2m[AndroidUiautomator2Driver@9312]&amp#27;[0m Responding to client with driver.getCurrentContext() result: "NATIVE_APP"
&amp#27;[38;5;100m[5c130eda]&amp#27;[0m&amp#27;[38;5;86m[HTTP]&amp#27;[0m &amp#27;[37m<-- GET /session/5c130eda-db62-4ce4-a49d-c6d60e952079/context &amp#27;[39m&amp#27;[32m200&amp#27;[39m &amp#27;[90m2 ms - 22&amp#27;[39m &amp#27;[90m&amp#27;[39m
&amp#27;[38;5;100m[5c130eda]&amp#27;[0m&amp#27;[38;5;86m[HTTP]&amp#27;[0m &amp#27;[37m-->&amp#27;[39m &amp#27;[37mPOST&amp#27;[39m &amp#27;[37m/session/5c130eda-db62-4ce4-a49d-c6d60e952079/element&amp#27;[39m &amp#27;[90m{"using":"accessibility id","value":"Tap to add product to cart"}&amp#27;[39m
&amp#27;[38;5;100m[5c130eda]&amp#27;[0m&amp#27;[38;5;-2m[AndroidUiautomator2Driver@9312]&amp#27;[0m Calling AppiumDriver.findElement() with args: ["accessibility id","Tap to add product to cart","5c130eda-db62-4ce4-a49d-c6d60e952079"]
&amp#27;[38;5;100m[5c130eda]&amp#27;[0m&amp#27;[38;5;-2m[AndroidUiautomator2Driver@9312]&amp#27;[0m Valid locator strategies for this request: xpath, id, class name, accessibility id, css selector, -android uiautomator
&amp#27;[38;5;100m[5c130eda]&amp#27;[0m&amp#27;[38;5;-2m[AndroidUiautomator2Driver@9312]&amp#27;[0m Waiting up to 15000 ms for condition
&amp#27;[38;5;100m[5c130eda]&amp#27;[0m&amp#27;[38;5;-2m[AndroidUiautomator2Driver@9312]&amp#27;[0m Matched '/element' to command name 'findElement'
&amp#27;[38;5;100m[5c130eda]&amp#27;[0m&amp#27;[38;5;-2m[AndroidUiautomator2Driver@9312]&amp#27;[0m Proxying [POST /element] to [POST http://127.0.0.1:8205/session/456dc308-c733-4aed-bea8-0a12371418f8/element] with body: {"strategy":"accessibility id","selector":"Tap to add product to cart","context":"","multiple":false}
&amp#27;[38;5;100m[5c130eda]&amp#27;[0m&amp#27;[38;5;-2m[AndroidUiautomator2Driver@9312]&amp#27;[0m Got response with status 200: {"sessionId":"456dc308-c733-4aed-bea8-0a12371418f8","value":{"ELEMENT":"00000000-0000-0dae-ffff-ffff0000033e","element-6066-11e4-a52e-4f735466cecf":"00000000-0000-0dae-ffff-ffff0000033e"}}
&amp#27;[38;5;100m[5c130eda]&amp#27;[0m&amp#27;[38;5;-2m[AndroidUiautomator2Driver@9312]&amp#27;[0m Responding to client with driver.findElement() result: {"element-6066-11e4-a52e-4f735466cecf":"00000000-0000-0dae-ffff-ffff0000033e","ELEMENT":"00000000-0000-0dae-ffff-ffff0000033e"}
&amp#27;[38;5;100m[5c130eda]&amp#27;[0m&amp#27;[38;5;86m[HTTP]&amp#27;[0m &amp#27;[37m<-- POST /session/5c130eda-db62-4ce4-a49d-c6d60e952079/element &amp#27;[39m&amp#27;[32m200&amp#27;[39m &amp#27;[90m762 ms - 137&amp#27;[39m &amp#27;[90m&amp#27;[39m
&amp#27;[38;5;100m[5c130eda]&amp#27;[0m&amp#27;[38;5;86m[HTTP]&amp#27;[0m &amp#27;[37m-->&amp#27;[39m &amp#27;[37mPOST&amp#27;[39m &amp#27;[37m/session/5c130eda-db62-4ce4-a49d-c6d60e952079/element/00000000-0000-0dae-ffff-ffff0000033e/click&amp#27;[39m &amp#27;[90m{"id":"00000000-0000-0dae-ffff-ffff0000033e"}&amp#27;[39m
&amp#27;[38;5;100m[5c130eda]&amp#27;[0m&amp#27;[38;5;-2m[AndroidUiautomator2Driver@9312]&amp#27;[0m Calling AppiumDriver.click() with args: ["00000000-0000-0dae-ffff-ffff0000033e","5c130eda-db62-4ce4-a49d-c6d60e952079"]
&amp#27;[38;5;100m[5c130eda]&amp#27;[0m&amp#27;[38;5;-2m[AndroidUiautomator2Driver@9312]&amp#27;[0m Matched '/element/00000000-0000-0dae-ffff-ffff0000033e/click' to command name 'click'
&amp#27;[38;5;100m[5c130eda]&amp#27;[0m&amp#27;[38;5;-2m[AndroidUiautomator2Driver@9312]&amp#27;[0m Proxying [POST /element/00000000-0000-0dae-ffff-ffff0000033e/click] to [POST http://127.0.0.1:8205/session/456dc308-c733-4aed-bea8-0a12371418f8/element/00000000-0000-0dae-ffff-ffff0000033e/click] with body: {"element":"00000000-0000-0dae-ffff-ffff0000033e"}
&amp#27;[38;5;100m[5c130eda]&amp#27;[0m&amp#27;[38;5;-2m[AndroidUiautomator2Driver@9312]&amp#27;[0m Got response with status 200: {"sessionId":"456dc308-c733-4aed-bea8-0a12371418f8","value":null}
&amp#27;[38;5;100m[5c130eda]&amp#27;[0m&amp#27;[38;5;-2m[AndroidUiautomator2Driver@9312]&amp#27;[0m Responding to client with driver.click() result: null
&amp#27;[38;5;100m[5c130eda]&amp#27;[0m&amp#27;[38;5;86m[HTTP]&amp#27;[0m &amp#27;[37m<-- POST /session/5c130eda-db62-4ce4-a49d-c6d60e952079/element/00000000-0000-0dae-ffff-ffff0000033e/click &amp#27;[39m&amp#27;[32m200&amp#27;[39m &amp#27;[90m83 ms - 14&amp#27;[39m &amp#27;[90m&amp#27;[39m
&amp#27;[38;5;100m[5c130eda]&amp#27;[0m&amp#27;[38;5;86m[HTTP]&amp#27;[0m &amp#27;[37m-->&amp#27;[39m &amp#27;[37mGET&amp#27;[39m &amp#27;[37m/session/5c130eda-db62-4ce4-a49d-c6d60e952079/context&amp#27;[39m &amp#27;[90m{}&amp#27;[39m
&amp#27;[38;5;100m[5c130eda]&amp#27;[0m&amp#27;[38;5;-2m[AndroidUiautomator2Driver@9312]&amp#27;[0m Calling AppiumDriver.getCurrentContext() with args: ["5c130eda-db62-4ce4-a49d-c6d60e952079"]
&amp#27;[38;5;100m[5c130eda]&amp#27;[0m&amp#27;[38;5;-2m[AndroidUiautomator2Driver@9312]&amp#27;[0m Responding to client with driver.getCurrentContext() result: "NATIVE_APP"
&amp#27;[38;5;100m[5c130eda]&amp#27;[0m&amp#27;[38;5;86m[HTTP]&amp#27;[0m &amp#27;[37m<-- GET /session/5c130eda-db62-4ce4-a49d-c6d60e952079/context &amp#27;[39m&amp#27;[32m200&amp#27;[39m &amp#27;[90m1 ms - 22&amp#27;[39m &amp#27;[90m&amp#27;[39m
&amp#27;[38;5;100m[5c130eda]&amp#27;[0m&amp#27;[38;5;86m[HTTP]&amp#27;[0m &amp#27;[37m-->&amp#27;[39m &amp#27;[37mPOST&amp#27;[39m &amp#27;[37m/session/5c130eda-db62-4ce4-a49d-c6d60e952079/element&amp#27;[39m &amp#27;[90m{"using":"id","value":"com.saucelabs.mydemoapp.android:id/cartIV"}&amp#27;[39m
&amp#27;[38;5;100m[5c130eda]&amp#27;[0m&amp#27;[38;5;-2m[AndroidUiautomator2Driver@9312]&amp#27;[0m Calling AppiumDriver.findElement() with args: ["id","com.saucelabs.mydemoapp.android:id/cartIV","5c130eda-db62-4ce4-a49d-c6d60e952079"]
&amp#27;[38;5;100m[5c130eda]&amp#27;[0m&amp#27;[38;5;-2m[AndroidUiautomator2Driver@9312]&amp#27;[0m Valid locator strategies for this request: xpath, id, class name, accessibility id, css selector, -android uiautomator
&amp#27;[38;5;100m[5c130eda]&amp#27;[0m&amp#27;[38;5;-2m[AndroidUiautomator2Driver@9312]&amp#27;[0m Waiting up to 15000 ms for condition
&amp#27;[38;5;100m[5c130eda]&amp#27;[0m&amp#27;[38;5;-2m[AndroidUiautomator2Driver@9312]&amp#27;[0m Matched '/element' to command name 'findElement'
&amp#27;[38;5;100m[5c130eda]&amp#27;[0m&amp#27;[38;5;-2m[AndroidUiautomator2Driver@9312]&amp#27;[0m Proxying [POST /element] to [POST http://127.0.0.1:8205/session/456dc308-c733-4aed-bea8-0a12371418f8/element] with body: {"strategy":"id","selector":"com.saucelabs.mydemoapp.android:id/cartIV","context":"","multiple":false}
&amp#27;[38;5;100m[5c130eda]&amp#27;[0m&amp#27;[38;5;-2m[AndroidUiautomator2Driver@9312]&amp#27;[0m Got response with status 200: {"sessionId":"456dc308-c733-4aed-bea8-0a12371418f8","value":{"ELEMENT":"00000000-0000-0dae-ffff-ffff00000325","element-6066-11e4-a52e-4f735466cecf":"00000000-0000-0dae-ffff-ffff00000325"}}
&amp#27;[38;5;100m[5c130eda]&amp#27;[0m&amp#27;[38;5;-2m[AndroidUiautomator2Driver@9312]&amp#27;[0m Responding to client with driver.findElement() result: {"element-6066-11e4-a52e-4f735466cecf":"00000000-0000-0dae-ffff-ffff00000325","ELEMENT":"00000000-0000-0dae-ffff-ffff00000325"}
&amp#27;[38;5;100m[5c130eda]&amp#27;[0m&amp#27;[38;5;86m[HTTP]&amp#27;[0m &amp#27;[37m<-- POST /session/5c130eda-db62-4ce4-a49d-c6d60e952079/element &amp#27;[39m&amp#27;[32m200&amp#27;[39m &amp#27;[90m632 ms - 137&amp#27;[39m &amp#27;[90m&amp#27;[39m
&amp#27;[38;5;100m[5c130eda]&amp#27;[0m&amp#27;[38;5;86m[HTTP]&amp#27;[0m &amp#27;[37m-->&amp#27;[39m &amp#27;[37mPOST&amp#27;[39m &amp#27;[37m/session/5c130eda-db62-4ce4-a49d-c6d60e952079/element/00000000-0000-0dae-ffff-ffff00000325/click&amp#27;[39m &amp#27;[90m{"id":"00000000-0000-0dae-ffff-ffff00000325"}&amp#27;[39m
&amp#27;[38;5;100m[5c130eda]&amp#27;[0m&amp#27;[38;5;-2m[AndroidUiautomator2Driver@9312]&amp#27;[0m Calling AppiumDriver.click() with args: ["00000000-0000-0dae-ffff-ffff00000325","5c130eda-db62-4ce4-a49d-c6d60e952079"]
&amp#27;[38;5;100m[5c130eda]&amp#27;[0m&amp#27;[38;5;-2m[AndroidUiautomator2Driver@9312]&amp#27;[0m Matched '/element/00000000-0000-0dae-ffff-ffff00000325/click' to command name 'click'
&amp#27;[38;5;100m[5c130eda]&amp#27;[0m&amp#27;[38;5;-2m[AndroidUiautomator2Driver@9312]&amp#27;[0m Proxying [POST /element/00000000-0000-0dae-ffff-ffff00000325/click] to [POST http://127.0.0.1:8205/session/456dc308-c733-4aed-bea8-0a12371418f8/element/00000000-0000-0dae-ffff-ffff00000325/click] with body: {"element":"00000000-0000-0dae-ffff-ffff00000325"}
&amp#27;[38;5;100m[5c130eda]&amp#27;[0m&amp#27;[38;5;-2m[AndroidUiautomator2Driver@9312]&amp#27;[0m Got response with status 200: {"sessionId":"456dc308-c733-4aed-bea8-0a12371418f8","value":null}
&amp#27;[38;5;100m[5c130eda]&amp#27;[0m&amp#27;[38;5;-2m[AndroidUiautomator2Driver@9312]&amp#27;[0m Responding to client with driver.click() result: null
&amp#27;[38;5;100m[5c130eda]&amp#27;[0m&amp#27;[38;5;86m[HTTP]&amp#27;[0m &amp#27;[37m<-- POST /session/5c130eda-db62-4ce4-a49d-c6d60e952079/element/00000000-0000-0dae-ffff-ffff00000325/click &amp#27;[39m&amp#27;[32m200&amp#27;[39m &amp#27;[90m731 ms - 14&amp#27;[39m &amp#27;[90m&amp#27;[39m
&amp#27;[38;5;100m[5c130eda]&amp#27;[0m&amp#27;[38;5;86m[HTTP]&amp#27;[0m &amp#27;[37m-->&amp#27;[39m &amp#27;[37mGET&amp#27;[39m &amp#27;[37m/session/5c130eda-db62-4ce4-a49d-c6d60e952079/context&amp#27;[39m &amp#27;[90m{}&amp#27;[39m
&amp#27;[38;5;100m[5c130eda]&amp#27;[0m&amp#27;[38;5;-2m[AndroidUiautomator2Driver@9312]&amp#27;[0m Calling AppiumDriver.getCurrentContext() with args: ["5c130eda-db62-4ce4-a49d-c6d60e952079"]
&amp#27;[38;5;100m[5c130eda]&amp#27;[0m&amp#27;[38;5;-2m[AndroidUiautomator2Driver@9312]&amp#27;[0m Responding to client with driver.getCurrentContext() result: "NATIVE_APP"
&amp#27;[38;5;100m[5c130eda]&amp#27;[0m&amp#27;[38;5;86m[HTTP]&amp#27;[0m &amp#27;[37m<-- GET /session/5c130eda-db62-4ce4-a49d-c6d60e952079/context &amp#27;[39m&amp#27;[32m200&amp#27;[39m &amp#27;[90m1 ms - 22&amp#27;[39m &amp#27;[90m&amp#27;[39m
&amp#27;[38;5;100m[5c130eda]&amp#27;[0m&amp#27;[38;5;86m[HTTP]&amp#27;[0m &amp#27;[37m-->&amp#27;[39m &amp#27;[37mPOST&amp#27;[39m &amp#27;[37m/session/5c130eda-db62-4ce4-a49d-c6d60e952079/element&amp#27;[39m &amp#27;[90m{"using":"accessibility id","value":"Confirms products for checkout"}&amp#27;[39m
&amp#27;[38;5;100m[5c130eda]&amp#27;[0m&amp#27;[38;5;-2m[AndroidUiautomator2Driver@9312]&amp#27;[0m Calling AppiumDriver.findElement() with args: ["accessibility id","Confirms products for checkout","5c130eda-db62-4ce4-a49d-c6d60e952079"]
&amp#27;[38;5;100m[5c130eda]&amp#27;[0m&amp#27;[38;5;-2m[AndroidUiautomator2Driver@9312]&amp#27;[0m Valid locator strategies for this request: xpath, id, class name, accessibility id, css selector, -android uiautomator
&amp#27;[38;5;100m[5c130eda]&amp#27;[0m&amp#27;[38;5;-2m[AndroidUiautomator2Driver@9312]&amp#27;[0m Waiting up to 15000 ms for condition
&amp#27;[38;5;100m[5c130eda]&amp#27;[0m&amp#27;[38;5;-2m[AndroidUiautomator2Driver@9312]&amp#27;[0m Matched '/element' to command name 'findElement'
&amp#27;[38;5;100m[5c130eda]&amp#27;[0m&amp#27;[38;5;-2m[AndroidUiautomator2Driver@9312]&amp#27;[0m Proxying [POST /element] to [POST http://127.0.0.1:8205/session/456dc308-c733-4aed-bea8-0a12371418f8/element] with body: {"strategy":"accessibility id","selector":"Confirms products for checkout","context":"","multiple":false}
&amp#27;[38;5;100m[5c130eda]&amp#27;[0m&amp#27;[38;5;-2m[AndroidUiautomator2Driver@9312]&amp#27;[0m Got response with status 200: {"sessionId":"456dc308-c733-4aed-bea8-0a12371418f8","value":{"ELEMENT":"00000000-0000-0daf-ffff-ffff000003ad","element-6066-11e4-a52e-4f735466cecf":"00000000-0000-0daf-ffff-ffff000003ad"}}
&amp#27;[38;5;100m[5c130eda]&amp#27;[0m&amp#27;[38;5;-2m[AndroidUiautomator2Driver@9312]&amp#27;[0m Responding to client with driver.findElement() result: {"element-6066-11e4-a52e-4f735466cecf":"00000000-0000-0daf-ffff-ffff000003ad","ELEMENT":"00000000-0000-0daf-ffff-ffff000003ad"}
&amp#27;[38;5;100m[5c130eda]&amp#27;[0m&amp#27;[38;5;86m[HTTP]&amp#27;[0m &amp#27;[37m<-- POST /session/5c130eda-db62-4ce4-a49d-c6d60e952079/element &amp#27;[39m&amp#27;[32m200&amp#27;[39m &amp#27;[90m138 ms - 137&amp#27;[39m &amp#27;[90m&amp#27;[39m
&amp#27;[38;5;100m[5c130eda]&amp#27;[0m&amp#27;[38;5;86m[HTTP]&amp#27;[0m &amp#27;[37m-->&amp#27;[39m &amp#27;[37mPOST&amp#27;[39m &amp#27;[37m/session/5c130eda-db62-4ce4-a49d-c6d60e952079/element/00000000-0000-0daf-ffff-ffff000003ad/click&amp#27;[39m &amp#27;[90m{"id":"00000000-0000-0daf-ffff-ffff000003ad"}&amp#27;[39m
&amp#27;[38;5;100m[5c130eda]&amp#27;[0m&amp#27;[38;5;-2m[AndroidUiautomator2Driver@9312]&amp#27;[0m Calling AppiumDriver.click() with args: ["00000000-0000-0daf-ffff-ffff000003ad","5c130eda-db62-4ce4-a49d-c6d60e952079"]
&amp#27;[38;5;100m[5c130eda]&amp#27;[0m&amp#27;[38;5;-2m[AndroidUiautomator2Driver@9312]&amp#27;[0m Matched '/element/00000000-0000-0daf-ffff-ffff000003ad/click' to command name 'click'
&amp#27;[38;5;100m[5c130eda]&amp#27;[0m&amp#27;[38;5;-2m[AndroidUiautomator2Driver@9312]&amp#27;[0m Proxying [POST /element/00000000-0000-0daf-ffff-ffff000003ad/click] to [POST http://127.0.0.1:8205/session/456dc308-c733-4aed-bea8-0a12371418f8/element/00000000-0000-0daf-ffff-ffff000003ad/click] with body: {"element":"00000000-0000-0daf-ffff-ffff000003ad"}
&amp#27;[38;5;100m[5c130eda]&amp#27;[0m&amp#27;[38;5;-2m[AndroidUiautomator2Driver@9312]&amp#27;[0m Got response with status 200: {"sessionId":"456dc308-c733-4aed-bea8-0a12371418f8","value":null}
&amp#27;[38;5;100m[5c130eda]&amp#27;[0m&amp#27;[38;5;-2m[AndroidUiautomator2Driver@9312]&amp#27;[0m Responding to client with driver.click() result: null
&amp#27;[38;5;100m[5c130eda]&amp#27;[0m&amp#27;[38;5;86m[HTTP]&amp#27;[0m &amp#27;[37m<-- POST /session/5c130eda-db62-4ce4-a49d-c6d60e952079/element/00000000-0000-0daf-ffff-ffff000003ad/click &amp#27;[39m&amp#27;[32m200&amp#27;[39m &amp#27;[90m82 ms - 14&amp#27;[39m &amp#27;[90m&amp#27;[39m
&amp#27;[38;5;100m[5c130eda]&amp#27;[0m&amp#27;[38;5;86m[HTTP]&amp#27;[0m &amp#27;[37m-->&amp#27;[39m &amp#27;[37mGET&amp#27;[39m &amp#27;[37m/session/5c130eda-db62-4ce4-a49d-c6d60e952079/context&amp#27;[39m &amp#27;[90m{}&amp#27;[39m
&amp#27;[38;5;100m[5c130eda]&amp#27;[0m&amp#27;[38;5;-2m[AndroidUiautomator2Driver@9312]&amp#27;[0m Calling AppiumDriver.getCurrentContext() with args: ["5c130eda-db62-4ce4-a49d-c6d60e952079"]
&amp#27;[38;5;100m[5c130eda]&amp#27;[0m&amp#27;[38;5;-2m[AndroidUiautomator2Driver@9312]&amp#27;[0m Responding to client with driver.getCurrentContext() result: "NATIVE_APP"
&amp#27;[38;5;100m[5c130eda]&amp#27;[0m&amp#27;[38;5;86m[HTTP]&amp#27;[0m &amp#27;[37m<-- GET /session/5c130eda-db62-4ce4-a49d-c6d60e952079/context &amp#27;[39m&amp#27;[32m200&amp#27;[39m &amp#27;[90m1 ms - 22&amp#27;[39m &amp#27;[90m&amp#27;[39m
&amp#27;[38;5;100m[5c130eda]&amp#27;[0m&amp#27;[38;5;86m[HTTP]&amp#27;[0m &amp#27;[37m-->&amp#27;[39m &amp#27;[37mPOST&amp#27;[39m &amp#27;[37m/session/5c130eda-db62-4ce4-a49d-c6d60e952079/element&amp#27;[39m &amp#27;[90m{"using":"id","value":"com.saucelabs.mydemoapp.android:id/fullNameET"}&amp#27;[39m
&amp#27;[38;5;100m[5c130eda]&amp#27;[0m&amp#27;[38;5;-2m[AndroidUiautomator2Driver@9312]&amp#27;[0m Calling AppiumDriver.findElement() with args: ["id","com.saucelabs.mydemoapp.android:id/fullNameET","5c130eda-db62-4ce4-a49d-c6d60e952079"]
&amp#27;[38;5;100m[5c130eda]&amp#27;[0m&amp#27;[38;5;-2m[AndroidUiautomator2Driver@9312]&amp#27;[0m Valid locator strategies for this request: xpath, id, class name, accessibility id, css selector, -android uiautomator
&amp#27;[38;5;100m[5c130eda]&amp#27;[0m&amp#27;[38;5;-2m[AndroidUiautomator2Driver@9312]&amp#27;[0m Waiting up to 15000 ms for condition
&amp#27;[38;5;100m[5c130eda]&amp#27;[0m&amp#27;[38;5;-2m[AndroidUiautomator2Driver@9312]&amp#27;[0m Matched '/element' to command name 'findElement'
&amp#27;[38;5;100m[5c130eda]&amp#27;[0m&amp#27;[38;5;-2m[AndroidUiautomator2Driver@9312]&amp#27;[0m Proxying [POST /element] to [POST http://127.0.0.1:8205/session/456dc308-c733-4aed-bea8-0a12371418f8/element] with body: {"strategy":"id","selector":"com.saucelabs.mydemoapp.android:id/fullNameET","context":"","multiple":false}
&amp#27;[38;5;100m[5c130eda]&amp#27;[0m&amp#27;[38;5;-2m[AndroidUiautomator2Driver@9312]&amp#27;[0m Got response with status 200: {"sessionId":"456dc308-c733-4aed-bea8-0a12371418f8","value":{"ELEMENT":"00000000-0000-0db0-ffff-ffff0000040f","element-6066-11e4-a52e-4f735466cecf":"00000000-0000-0db0-ffff-ffff0000040f"}}
&amp#27;[38;5;100m[5c130eda]&amp#27;[0m&amp#27;[38;5;-2m[AndroidUiautomator2Driver@9312]&amp#27;[0m Responding to client with driver.findElement() result: {"element-6066-11e4-a52e-4f735466cecf":"00000000-0000-0db0-ffff-ffff0000040f","ELEMENT":"00000000-0000-0db0-ffff-ffff0000040f"}
&amp#27;[38;5;100m[5c130eda]&amp#27;[0m&amp#27;[38;5;86m[HTTP]&amp#27;[0m &amp#27;[37m<-- POST /session/5c130eda-db62-4ce4-a49d-c6d60e952079/element &amp#27;[39m&amp#27;[32m200&amp#27;[39m &amp#27;[90m665 ms - 137&amp#27;[39m &amp#27;[90m&amp#27;[39m
&amp#27;[38;5;100m[5c130eda]&amp#27;[0m&amp#27;[38;5;86m[HTTP]&amp#27;[0m &amp#27;[37m-->&amp#27;[39m &amp#27;[37mPOST&amp#27;[39m &amp#27;[37m/session/5c130eda-db62-4ce4-a49d-c6d60e952079/element/00000000-0000-0db0-ffff-ffff0000040f/click&amp#27;[39m &amp#27;[90m{"id":"00000000-0000-0db0-ffff-ffff0000040f"}&amp#27;[39m
&amp#27;[38;5;100m[5c130eda]&amp#27;[0m&amp#27;[38;5;-2m[AndroidUiautomator2Driver@9312]&amp#27;[0m Calling AppiumDriver.click() with args: ["00000000-0000-0db0-ffff-ffff0000040f","5c130eda-db62-4ce4-a49d-c6d60e952079"]
&amp#27;[38;5;100m[5c130eda]&amp#27;[0m&amp#27;[38;5;-2m[AndroidUiautomator2Driver@9312]&amp#27;[0m Matched '/element/00000000-0000-0db0-ffff-ffff0000040f/click' to command name 'click'
&amp#27;[38;5;100m[5c130eda]&amp#27;[0m&amp#27;[38;5;-2m[AndroidUiautomator2Driver@9312]&amp#27;[0m Proxying [POST /element/00000000-0000-0db0-ffff-ffff0000040f/click] to [POST http://127.0.0.1:8205/session/456dc308-c733-4aed-bea8-0a12371418f8/element/00000000-0000-0db0-ffff-ffff0000040f/click] with body: {"element":"00000000-0000-0db0-ffff-ffff0000040f"}
&amp#27;[38;5;100m[5c130eda]&amp#27;[0m&amp#27;[38;5;-2m[AndroidUiautomator2Driver@9312]&amp#27;[0m Got response with status 200: {"sessionId":"456dc308-c733-4aed-bea8-0a12371418f8","value":null}
&amp#27;[38;5;100m[5c130eda]&amp#27;[0m&amp#27;[38;5;-2m[AndroidUiautomator2Driver@9312]&amp#27;[0m Responding to client with driver.click() result: null
&amp#27;[38;5;100m[5c130eda]&amp#27;[0m&amp#27;[38;5;86m[HTTP]&amp#27;[0m &amp#27;[37m<-- POST /session/5c130eda-db62-4ce4-a49d-c6d60e952079/element/00000000-0000-0db0-ffff-ffff0000040f/click &amp#27;[39m&amp#27;[32m200&amp#27;[39m &amp#27;[90m959 ms - 14&amp#27;[39m &amp#27;[90m&amp#27;[39m
&amp#27;[38;5;100m[5c130eda]&amp#27;[0m&amp#27;[38;5;86m[HTTP]&amp#27;[0m &amp#27;[37m-->&amp#27;[39m &amp#27;[37mGET&amp#27;[39m &amp#27;[37m/session/5c130eda-db62-4ce4-a49d-c6d60e952079/context&amp#27;[39m &amp#27;[90m{}&amp#27;[39m
&amp#27;[38;5;100m[5c130eda]&amp#27;[0m&amp#27;[38;5;-2m[AndroidUiautomator2Driver@9312]&amp#27;[0m Calling AppiumDriver.getCurrentContext() with args: ["5c130eda-db62-4ce4-a49d-c6d60e952079"]
&amp#27;[38;5;100m[5c130eda]&amp#27;[0m&amp#27;[38;5;-2m[AndroidUiautomator2Driver@9312]&amp#27;[0m Responding to client with driver.getCurrentContext() result: "NATIVE_APP"
&amp#27;[38;5;100m[5c130eda]&amp#27;[0m&amp#27;[38;5;86m[HTTP]&amp#27;[0m &amp#27;[37m<-- GET /session/5c130eda-db62-4ce4-a49d-c6d60e952079/context &amp#27;[39m&amp#27;[32m200&amp#27;[39m &amp#27;[90m1 ms - 22&amp#27;[39m &amp#27;[90m&amp#27;[39m
&amp#27;[38;5;100m[5c130eda]&amp#27;[0m&amp#27;[38;5;86m[HTTP]&amp#27;[0m &amp#27;[37m-->&amp#27;[39m &amp#27;[37mPOST&amp#27;[39m &amp#27;[37m/session/5c130eda-db62-4ce4-a49d-c6d60e952079/element&amp#27;[39m &amp#27;[90m{"using":"id","value":"com.saucelabs.mydemoapp.android:id/fullNameET"}&amp#27;[39m
&amp#27;[38;5;100m[5c130eda]&amp#27;[0m&amp#27;[38;5;-2m[AndroidUiautomator2Driver@9312]&amp#27;[0m Calling AppiumDriver.findElement() with args: ["id","com.saucelabs.mydemoapp.android:id/fullNameET","5c130eda-db62-4ce4-a49d-c6d60e952079"]
&amp#27;[38;5;100m[5c130eda]&amp#27;[0m&amp#27;[38;5;-2m[AndroidUiautomator2Driver@9312]&amp#27;[0m Valid locator strategies for this request: xpath, id, class name, accessibility id, css selector, -android uiautomator
&amp#27;[38;5;100m[5c130eda]&amp#27;[0m&amp#27;[38;5;-2m[AndroidUiautomator2Driver@9312]&amp#27;[0m Waiting up to 15000 ms for condition
&amp#27;[38;5;100m[5c130eda]&amp#27;[0m&amp#27;[38;5;-2m[AndroidUiautomator2Driver@9312]&amp#27;[0m Matched '/element' to command name 'findElement'
&amp#27;[38;5;100m[5c130eda]&amp#27;[0m&amp#27;[38;5;-2m[AndroidUiautomator2Driver@9312]&amp#27;[0m Proxying [POST /element] to [POST http://127.0.0.1:8205/session/456dc308-c733-4aed-bea8-0a12371418f8/element] with body: {"strategy":"id","selector":"com.saucelabs.mydemoapp.android:id/fullNameET","context":"","multiple":false}
&amp#27;[38;5;100m[5c130eda]&amp#27;[0m&amp#27;[38;5;-2m[AndroidUiautomator2Driver@9312]&amp#27;[0m Got response with status 200: {"sessionId":"456dc308-c733-4aed-bea8-0a12371418f8","value":{"ELEMENT":"00000000-0000-0db0-ffff-ffff0000040f","element-6066-11e4-a52e-4f735466cecf":"00000000-0000-0db0-ffff-ffff0000040f"}}
&amp#27;[38;5;100m[5c130eda]&amp#27;[0m&amp#27;[38;5;-2m[AndroidUiautomator2Driver@9312]&amp#27;[0m Responding to client with driver.findElement() result: {"element-6066-11e4-a52e-4f735466cecf":"00000000-0000-0db0-ffff-ffff0000040f","ELEMENT":"00000000-0000-0db0-ffff-ffff0000040f"}
&amp#27;[38;5;100m[5c130eda]&amp#27;[0m&amp#27;[38;5;86m[HTTP]&amp#27;[0m &amp#27;[37m<-- POST /session/5c130eda-db62-4ce4-a49d-c6d60e952079/element &amp#27;[39m&amp#27;[32m200&amp#27;[39m &amp#27;[90m130 ms - 137&amp#27;[39m &amp#27;[90m&amp#27;[39m
&amp#27;[38;5;100m[5c130eda]&amp#27;[0m&amp#27;[38;5;86m[HTTP]&amp#27;[0m &amp#27;[37m-->&amp#27;[39m &amp#27;[37mPOST&amp#27;[39m &amp#27;[37m/session/5c130eda-db62-4ce4-a49d-c6d60e952079/element/00000000-0000-0db0-ffff-ffff0000040f/value&amp#27;[39m &amp#27;[90m{"id":"00000000-0000-0db0-ffff-ffff0000040f","value":["R","e","b","e","c","c","a"," ","W","i","n","t","e","r"],"text":"Rebecca Winter"}&amp#27;[39m
&amp#27;[38;5;100m[5c130eda]&amp#27;[0m&amp#27;[38;5;-2m[AndroidUiautomator2Driver@9312]&amp#27;[0m Calling AppiumDriver.setValue() with args: [["R","e","b","e","c","c","a"," ","W","i","n","t","e","r"],"00000000-0000-0db0-ffff-ffff0000040f","5c130eda-db62-4ce4-a49d-c6d60e952079"]
&amp#27;[38;5;100m[5c130eda]&amp#27;[0m&amp#27;[38;5;-2m[AndroidUiautomator2Driver@9312]&amp#27;[0m Matched '/element/00000000-0000-0db0-ffff-ffff0000040f/value' to command name 'setValue'
&amp#27;[38;5;100m[5c130eda]&amp#27;[0m&amp#27;[38;5;-2m[AndroidUiautomator2Driver@9312]&amp#27;[0m Added 'value' property ["R","e","b","e","c","c","a"," ","W","i","n","t","e","r"] to 'setValue' request body
&amp#27;[38;5;100m[5c130eda]&amp#27;[0m&amp#27;[38;5;-2m[AndroidUiautomator2Driver@9312]&amp#27;[0m Proxying [POST /element/00000000-0000-0db0-ffff-ffff0000040f/value] to [POST http://127.0.0.1:8205/session/456dc308-c733-4aed-bea8-0a12371418f8/element/00000000-0000-0db0-ffff-ffff0000040f/value] with body: {"elementId":"00000000-0000-0db0-ffff-ffff0000040f","text":"Rebecca Winter","replace":false,"value":["R","e","b","e","c","c","a"," ","W","i","n","t","e","r"]}
&amp#27;[38;5;100m[5c130eda]&amp#27;[0m&amp#27;[38;5;-2m[AndroidUiautomator2Driver@9312]&amp#27;[0m Got response with status 200: {"sessionId":"456dc308-c733-4aed-bea8-0a12371418f8","value":null}
&amp#27;[38;5;100m[5c130eda]&amp#27;[0m&amp#27;[38;5;-2m[AndroidUiautomator2Driver@9312]&amp#27;[0m Responding to client with driver.setValue() result: null
&amp#27;[38;5;100m[5c130eda]&amp#27;[0m&amp#27;[38;5;86m[HTTP]&amp#27;[0m &amp#27;[37m<-- POST /session/5c130eda-db62-4ce4-a49d-c6d60e952079/element/00000000-0000-0db0-ffff-ffff0000040f/value &amp#27;[39m&amp#27;[32m200&amp#27;[39m &amp#27;[90m96 ms - 14&amp#27;[39m &amp#27;[90m&amp#27;[39m
&amp#27;[38;5;100m[5c130eda]&amp#27;[0m&amp#27;[38;5;86m[HTTP]&amp#27;[0m &amp#27;[37m-->&amp#27;[39m &amp#27;[37mGET&amp#27;[39m &amp#27;[37m/session/5c130eda-db62-4ce4-a49d-c6d60e952079/context&amp#27;[39m &amp#27;[90m{}&amp#27;[39m
&amp#27;[38;5;100m[5c130eda]&amp#27;[0m&amp#27;[38;5;-2m[AndroidUiautomator2Driver@9312]&amp#27;[0m Calling AppiumDriver.getCurrentContext() with args: ["5c130eda-db62-4ce4-a49d-c6d60e952079"]
&amp#27;[38;5;100m[5c130eda]&amp#27;[0m&amp#27;[38;5;-2m[AndroidUiautomator2Driver@9312]&amp#27;[0m Responding to client with driver.getCurrentContext() result: "NATIVE_APP"
&amp#27;[38;5;100m[5c130eda]&amp#27;[0m&amp#27;[38;5;86m[HTTP]&amp#27;[0m &amp#27;[37m<-- GET /session/5c130eda-db62-4ce4-a49d-c6d60e952079/context &amp#27;[39m&amp#27;[32m200&amp#27;[39m &amp#27;[90m1 ms - 22&amp#27;[39m &amp#27;[90m&amp#27;[39m
&amp#27;[38;5;100m[5c130eda]&amp#27;[0m&amp#27;[38;5;86m[HTTP]&amp#27;[0m &amp#27;[37m-->&amp#27;[39m &amp#27;[37mPOST&amp#27;[39m &amp#27;[37m/session/5c130eda-db62-4ce4-a49d-c6d60e952079/element&amp#27;[39m &amp#27;[90m{"using":"id","value":"com.saucelabs.mydemoapp.android:id/address1ET"}&amp#27;[39m
&amp#27;[38;5;100m[5c130eda]&amp#27;[0m&amp#27;[38;5;-2m[AndroidUiautomator2Driver@9312]&amp#27;[0m Calling AppiumDriver.findElement() with args: ["id","com.saucelabs.mydemoapp.android:id/address1ET","5c130eda-db62-4ce4-a49d-c6d60e952079"]
&amp#27;[38;5;100m[5c130eda]&amp#27;[0m&amp#27;[38;5;-2m[AndroidUiautomator2Driver@9312]&amp#27;[0m Valid locator strategies for this request: xpath, id, class name, accessibility id, css selector, -android uiautomator
&amp#27;[38;5;100m[5c130eda]&amp#27;[0m&amp#27;[38;5;-2m[AndroidUiautomator2Driver@9312]&amp#27;[0m Waiting up to 15000 ms for condition
&amp#27;[38;5;100m[5c130eda]&amp#27;[0m&amp#27;[38;5;-2m[AndroidUiautomator2Driver@9312]&amp#27;[0m Matched '/element' to command name 'findElement'
&amp#27;[38;5;100m[5c130eda]&amp#27;[0m&amp#27;[38;5;-2m[AndroidUiautomator2Driver@9312]&amp#27;[0m Proxying [POST /element] to [POST http://127.0.0.1:8205/session/456dc308-c733-4aed-bea8-0a12371418f8/element] with body: {"strategy":"id","selector":"com.saucelabs.mydemoapp.android:id/address1ET","context":"","multiple":false}
&amp#27;[38;5;100m[5c130eda]&amp#27;[0m&amp#27;[38;5;-2m[AndroidUiautomator2Driver@9312]&amp#27;[0m Got response with status 404: {"sessionId":"456dc308-c733-4aed-bea8-0a12371418f8","value":{"error":"no such element","message":"An element could not be located on the page using the given search parameters","stacktrace":"io.appium.uiautomator2.common.exceptions.ElementNotFoundException: An element could not be located on the page using the given search parameters\n\tat io.appium.uiautomator2.handler.FindElement.safeHandle(FindElement.java:63)\n\tat io.appium.uiautomator2.handler.request.SafeRequestHandler.handle(SafeRequestHandler.java:59)\n\tat io.appium.uiautomator2.server.AppiumServlet.handleRequest(AppiumServlet.java:259)\n\tat io.appium.uiautomator2.server.AppiumServlet.handleHttpRequest(AppiumServlet.java:253)\n\tat io.appium.uiautomator2.http.ServerHandler.channelRead(ServerHandler.java:77)\n\tat io.netty.channel.AbstractChannelHandlerContext.invokeChannelRead(AbstractChannelHandlerContext.java:366)\n\tat io.netty.channel.AbstractChannelHandlerContext.invokeChannelRead(AbstractChannelHandlerContext.java:352)\n\tat io.netty.chann...
&amp#27;[38;5;100m[5c130eda]&amp#27;[0m&amp#27;[38;5;123m[W3C]&amp#27;[0m Matched W3C error code 'no such element' to NoSuchElementError
&amp#27;[38;5;100m[5c130eda]&amp#27;[0m&amp#27;[38;5;-2m[AndroidUiautomator2Driver@9312]&amp#27;[0m Waited for 2058 ms so far
&amp#27;[38;5;100m[5c130eda]&amp#27;[0m&amp#27;[38;5;-2m[AndroidUiautomator2Driver@9312]&amp#27;[0m Matched '/element' to command name 'findElement'
&amp#27;[38;5;100m[5c130eda]&amp#27;[0m&amp#27;[38;5;-2m[AndroidUiautomator2Driver@9312]&amp#27;[0m Proxying [POST /element] to [POST http://127.0.0.1:8205/session/456dc308-c733-4aed-bea8-0a12371418f8/element] with body: {"strategy":"id","selector":"com.saucelabs.mydemoapp.android:id/address1ET","context":"","multiple":false}
&amp#27;[38;5;100m[5c130eda]&amp#27;[0m&amp#27;[38;5;-2m[AndroidUiautomator2Driver@9312]&amp#27;[0m Got response with status 404: {"sessionId":"456dc308-c733-4aed-bea8-0a12371418f8","value":{"error":"no such element","message":"An element could not be located on the page using the given search parameters","stacktrace":"io.appium.uiautomator2.common.exceptions.ElementNotFoundException: An element could not be located on the page using the given search parameters\n\tat io.appium.uiautomator2.handler.FindElement.safeHandle(FindElement.java:63)\n\tat io.appium.uiautomator2.handler.request.SafeRequestHandler.handle(SafeRequestHandler.java:59)\n\tat io.appium.uiautomator2.server.AppiumServlet.handleRequest(AppiumServlet.java:259)\n\tat io.appium.uiautomator2.server.AppiumServlet.handleHttpRequest(AppiumServlet.java:253)\n\tat io.appium.uiautomator2.http.ServerHandler.channelRead(ServerHandler.java:77)\n\tat io.netty.channel.AbstractChannelHandlerContext.invokeChannelRead(AbstractChannelHandlerContext.java:366)\n\tat io.netty.channel.AbstractChannelHandlerContext.invokeChannelRead(AbstractChannelHandlerContext.java:352)\n\tat io.netty.chann...
&amp#27;[38;5;100m[5c130eda]&amp#27;[0m&amp#27;[38;5;123m[W3C]&amp#27;[0m Matched W3C error code 'no such element' to NoSuchElementError
&amp#27;[38;5;100m[5c130eda]&amp#27;[0m&amp#27;[38;5;-2m[AndroidUiautomator2Driver@9312]&amp#27;[0m Waited for 2728 ms so far
&amp#27;[38;5;100m[5c130eda]&amp#27;[0m&amp#27;[38;5;-2m[AndroidUiautomator2Driver@9312]&amp#27;[0m Matched '/element' to command name 'findElement'
&amp#27;[38;5;100m[5c130eda]&amp#27;[0m&amp#27;[38;5;-2m[AndroidUiautomator2Driver@9312]&amp#27;[0m Proxying [POST /element] to [POST http://127.0.0.1:8205/session/456dc308-c733-4aed-bea8-0a12371418f8/element] with body: {"strategy":"id","selector":"com.saucelabs.mydemoapp.android:id/address1ET","context":"","multiple":false}
&amp#27;[38;5;100m[5c130eda]&amp#27;[0m&amp#27;[38;5;-2m[AndroidUiautomator2Driver@9312]&amp#27;[0m Got response with status 404: {"sessionId":"456dc308-c733-4aed-bea8-0a12371418f8","value":{"error":"no such element","message":"An element could not be located on the page using the given search parameters","stacktrace":"io.appium.uiautomator2.common.exceptions.ElementNotFoundException: An element could not be located on the page using the given search parameters\n\tat io.appium.uiautomator2.handler.FindElement.safeHandle(FindElement.java:63)\n\tat io.appium.uiautomator2.handler.request.SafeRequestHandler.handle(SafeRequestHandler.java:59)\n\tat io.appium.uiautomator2.server.AppiumServlet.handleRequest(AppiumServlet.java:259)\n\tat io.appium.uiautomator2.server.AppiumServlet.handleHttpRequest(AppiumServlet.java:253)\n\tat io.appium.uiautomator2.http.ServerHandler.channelRead(ServerHandler.java:77)\n\tat io.netty.channel.AbstractChannelHandlerContext.invokeChannelRead(AbstractChannelHandlerContext.java:366)\n\tat io.netty.channel.AbstractChannelHandlerContext.invokeChannelRead(AbstractChannelHandlerContext.java:352)\n\tat io.netty.chann...
&amp#27;[38;5;100m[5c130eda]&amp#27;[0m&amp#27;[38;5;123m[W3C]&amp#27;[0m Matched W3C error code 'no such element' to NoSuchElementError
&amp#27;[38;5;100m[5c130eda]&amp#27;[0m&amp#27;[38;5;-2m[AndroidUiautomator2Driver@9312]&amp#27;[0m Waited for 3328 ms so far
&amp#27;[38;5;100m[5c130eda]&amp#27;[0m&amp#27;[38;5;-2m[AndroidUiautomator2Driver@9312]&amp#27;[0m Matched '/element' to command name 'findElement'
&amp#27;[38;5;100m[5c130eda]&amp#27;[0m&amp#27;[38;5;-2m[AndroidUiautomator2Driver@9312]&amp#27;[0m Proxying [POST /element] to [POST http://127.0.0.1:8205/session/456dc308-c733-4aed-bea8-0a12371418f8/element] with body: {"strategy":"id","selector":"com.saucelabs.mydemoapp.android:id/address1ET","context":"","multiple":false}
&amp#27;[38;5;100m[5c130eda]&amp#27;[0m&amp#27;[38;5;-2m[AndroidUiautomator2Driver@9312]&amp#27;[0m Got response with status 404: {"sessionId":"456dc308-c733-4aed-bea8-0a12371418f8","value":{"error":"no such element","message":"An element could not be located on the page using the given search parameters","stacktrace":"io.appium.uiautomator2.common.exceptions.ElementNotFoundException: An element could not be located on the page using the given search parameters\n\tat io.appium.uiautomator2.handler.FindElement.safeHandle(FindElement.java:63)\n\tat io.appium.uiautomator2.handler.request.SafeRequestHandler.handle(SafeRequestHandler.java:59)\n\tat io.appium.uiautomator2.server.AppiumServlet.handleRequest(AppiumServlet.java:259)\n\tat io.appium.uiautomator2.server.AppiumServlet.handleHttpRequest(AppiumServlet.java:253)\n\tat io.appium.uiautomator2.http.ServerHandler.channelRead(ServerHandler.java:77)\n\tat io.netty.channel.AbstractChannelHandlerContext.invokeChannelRead(AbstractChannelHandlerContext.java:366)\n\tat io.netty.channel.AbstractChannelHandlerContext.invokeChannelRead(AbstractChannelHandlerContext.java:352)\n\tat io.netty.chann...
&amp#27;[38;5;100m[5c130eda]&amp#27;[0m&amp#27;[38;5;123m[W3C]&amp#27;[0m Matched W3C error code 'no such element' to NoSuchElementError
&amp#27;[38;5;100m[5c130eda]&amp#27;[0m&amp#27;[38;5;-2m[AndroidUiautomator2Driver@9312]&amp#27;[0m Waited for 3937 ms so far
&amp#27;[38;5;100m[5c130eda]&amp#27;[0m&amp#27;[38;5;-2m[AndroidUiautomator2Driver@9312]&amp#27;[0m Matched '/element' to command name 'findElement'
&amp#27;[38;5;100m[5c130eda]&amp#27;[0m&amp#27;[38;5;-2m[AndroidUiautomator2Driver@9312]&amp#27;[0m Proxying [POST /element] to [POST http://127.0.0.1:8205/session/456dc308-c733-4aed-bea8-0a12371418f8/element] with body: {"strategy":"id","selector":"com.saucelabs.mydemoapp.android:id/address1ET","context":"","multiple":false}
&amp#27;[38;5;100m[5c130eda]&amp#27;[0m&amp#27;[38;5;-2m[AndroidUiautomator2Driver@9312]&amp#27;[0m Got response with status 404: {"sessionId":"456dc308-c733-4aed-bea8-0a12371418f8","value":{"error":"no such element","message":"An element could not be located on the page using the given search parameters","stacktrace":"io.appium.uiautomator2.common.exceptions.ElementNotFoundException: An element could not be located on the page using the given search parameters\n\tat io.appium.uiautomator2.handler.FindElement.safeHandle(FindElement.java:63)\n\tat io.appium.uiautomator2.handler.request.SafeRequestHandler.handle(SafeRequestHandler.java:59)\n\tat io.appium.uiautomator2.server.AppiumServlet.handleRequest(AppiumServlet.java:259)\n\tat io.appium.uiautomator2.server.AppiumServlet.handleHttpRequest(AppiumServlet.java:253)\n\tat io.appium.uiautomator2.http.ServerHandler.channelRead(ServerHandler.java:77)\n\tat io.netty.channel.AbstractChannelHandlerContext.invokeChannelRead(AbstractChannelHandlerContext.java:366)\n\tat io.netty.channel.AbstractChannelHandlerContext.invokeChannelRead(AbstractChannelHandlerContext.java:352)\n\tat io.netty.chann...
&amp#27;[38;5;100m[5c130eda]&amp#27;[0m&amp#27;[38;5;123m[W3C]&amp#27;[0m Matched W3C error code 'no such element' to NoSuchElementError
&amp#27;[38;5;100m[5c130eda]&amp#27;[0m&amp#27;[38;5;-2m[AndroidUiautomator2Driver@9312]&amp#27;[0m Waited for 4562 ms so far
&amp#27;[38;5;100m[5c130eda]&amp#27;[0m&amp#27;[38;5;-2m[AndroidUiautomator2Driver@9312]&amp#27;[0m Matched '/element' to command name 'findElement'
&amp#27;[38;5;100m[5c130eda]&amp#27;[0m&amp#27;[38;5;-2m[AndroidUiautomator2Driver@9312]&amp#27;[0m Proxying [POST /element] to [POST http://127.0.0.1:8205/session/456dc308-c733-4aed-bea8-0a12371418f8/element] with body: {"strategy":"id","selector":"com.saucelabs.mydemoapp.android:id/address1ET","context":"","multiple":false}
&amp#27;[38;5;100m[5c130eda]&amp#27;[0m&amp#27;[38;5;-2m[AndroidUiautomator2Driver@9312]&amp#27;[0m Got response with status 404: {"sessionId":"456dc308-c733-4aed-bea8-0a12371418f8","value":{"error":"no such element","message":"An element could not be located on the page using the given search parameters","stacktrace":"io.appium.uiautomator2.common.exceptions.ElementNotFoundException: An element could not be located on the page using the given search parameters\n\tat io.appium.uiautomator2.handler.FindElement.safeHandle(FindElement.java:63)\n\tat io.appium.uiautomator2.handler.request.SafeRequestHandler.handle(SafeRequestHandler.java:59)\n\tat io.appium.uiautomator2.server.AppiumServlet.handleRequest(AppiumServlet.java:259)\n\tat io.appium.uiautomator2.server.AppiumServlet.handleHttpRequest(AppiumServlet.java:253)\n\tat io.appium.uiautomator2.http.ServerHandler.channelRead(ServerHandler.java:77)\n\tat io.netty.channel.AbstractChannelHandlerContext.invokeChannelRead(AbstractChannelHandlerContext.java:366)\n\tat io.netty.channel.AbstractChannelHandlerContext.invokeChannelRead(AbstractChannelHandlerContext.java:352)\n\tat io.netty.chann...
&amp#27;[38;5;100m[5c130eda]&amp#27;[0m&amp#27;[38;5;123m[W3C]&amp#27;[0m Matched W3C error code 'no such element' to NoSuchElementError
&amp#27;[38;5;100m[5c130eda]&amp#27;[0m&amp#27;[38;5;-2m[AndroidUiautomator2Driver@9312]&amp#27;[0m Waited for 5220 ms so far
&amp#27;[38;5;100m[5c130eda]&amp#27;[0m&amp#27;[38;5;-2m[AndroidUiautomator2Driver@9312]&amp#27;[0m Matched '/element' to command name 'findElement'
&amp#27;[38;5;100m[5c130eda]&amp#27;[0m&amp#27;[38;5;-2m[AndroidUiautomator2Driver@9312]&amp#27;[0m Proxying [POST /element] to [POST http://127.0.0.1:8205/session/456dc308-c733-4aed-bea8-0a12371418f8/element] with body: {"strategy":"id","selector":"com.saucelabs.mydemoapp.android:id/address1ET","context":"","multiple":false}
&amp#27;[38;5;100m[5c130eda]&amp#27;[0m&amp#27;[38;5;-2m[AndroidUiautomator2Driver@9312]&amp#27;[0m Got response with status 404: {"sessionId":"456dc308-c733-4aed-bea8-0a12371418f8","value":{"error":"no such element","message":"An element could not be located on the page using the given search parameters","stacktrace":"io.appium.uiautomator2.common.exceptions.ElementNotFoundException: An element could not be located on the page using the given search parameters\n\tat io.appium.uiautomator2.handler.FindElement.safeHandle(FindElement.java:63)\n\tat io.appium.uiautomator2.handler.request.SafeRequestHandler.handle(SafeRequestHandler.java:59)\n\tat io.appium.uiautomator2.server.AppiumServlet.handleRequest(AppiumServlet.java:259)\n\tat io.appium.uiautomator2.server.AppiumServlet.handleHttpRequest(AppiumServlet.java:253)\n\tat io.appium.uiautomator2.http.ServerHandler.channelRead(ServerHandler.java:77)\n\tat io.netty.channel.AbstractChannelHandlerContext.invokeChannelRead(AbstractChannelHandlerContext.java:366)\n\tat io.netty.channel.AbstractChannelHandlerContext.invokeChannelRead(AbstractChannelHandlerContext.java:352)\n\tat io.netty.chann...
&amp#27;[38;5;100m[5c130eda]&amp#27;[0m&amp#27;[38;5;123m[W3C]&amp#27;[0m Matched W3C error code 'no such element' to NoSuchElementError
&amp#27;[38;5;100m[5c130eda]&amp#27;[0m&amp#27;[38;5;-2m[AndroidUiautomator2Driver@9312]&amp#27;[0m Waited for 5835 ms so far
&amp#27;[38;5;100m[5c130eda]&amp#27;[0m&amp#27;[38;5;-2m[AndroidUiautomator2Driver@9312]&amp#27;[0m Matched '/element' to command name 'findElement'
&amp#27;[38;5;100m[5c130eda]&amp#27;[0m&amp#27;[38;5;-2m[AndroidUiautomator2Driver@9312]&amp#27;[0m Proxying [POST /element] to [POST http://127.0.0.1:8205/session/456dc308-c733-4aed-bea8-0a12371418f8/element] with body: {"strategy":"id","selector":"com.saucelabs.mydemoapp.android:id/address1ET","context":"","multiple":false}
&amp#27;[38;5;100m[5c130eda]&amp#27;[0m&amp#27;[38;5;-2m[AndroidUiautomator2Driver@9312]&amp#27;[0m Got response with status 404: {"sessionId":"456dc308-c733-4aed-bea8-0a12371418f8","value":{"error":"no such element","message":"An element could not be located on the page using the given search parameters","stacktrace":"io.appium.uiautomator2.common.exceptions.ElementNotFoundException: An element could not be located on the page using the given search parameters\n\tat io.appium.uiautomator2.handler.FindElement.safeHandle(FindElement.java:63)\n\tat io.appium.uiautomator2.handler.request.SafeRequestHandler.handle(SafeRequestHandler.java:59)\n\tat io.appium.uiautomator2.server.AppiumServlet.handleRequest(AppiumServlet.java:259)\n\tat io.appium.uiautomator2.server.AppiumServlet.handleHttpRequest(AppiumServlet.java:253)\n\tat io.appium.uiautomator2.http.ServerHandler.channelRead(ServerHandler.java:77)\n\tat io.netty.channel.AbstractChannelHandlerContext.invokeChannelRead(AbstractChannelHandlerContext.java:366)\n\tat io.netty.channel.AbstractChannelHandlerContext.invokeChannelRead(AbstractChannelHandlerContext.java:352)\n\tat io.netty.chann...
&amp#27;[38;5;100m[5c130eda]&amp#27;[0m&amp#27;[38;5;123m[W3C]&amp#27;[0m Matched W3C error code 'no such element' to NoSuchElementError
&amp#27;[38;5;100m[5c130eda]&amp#27;[0m&amp#27;[38;5;-2m[AndroidUiautomator2Driver@9312]&amp#27;[0m Waited for 6475 ms so far
&amp#27;[38;5;100m[5c130eda]&amp#27;[0m&amp#27;[38;5;-2m[AndroidUiautomator2Driver@9312]&amp#27;[0m Matched '/element' to command name 'findElement'
&amp#27;[38;5;100m[5c130eda]&amp#27;[0m&amp#27;[38;5;-2m[AndroidUiautomator2Driver@9312]&amp#27;[0m Proxying [POST /element] to [POST http://127.0.0.1:8205/session/456dc308-c733-4aed-bea8-0a12371418f8/element] with body: {"strategy":"id","selector":"com.saucelabs.mydemoapp.android:id/address1ET","context":"","multiple":false}
&amp#27;[38;5;100m[5c130eda]&amp#27;[0m&amp#27;[38;5;-2m[AndroidUiautomator2Driver@9312]&amp#27;[0m Got response with status 404: {"sessionId":"456dc308-c733-4aed-bea8-0a12371418f8","value":{"error":"no such element","message":"An element could not be located on the page using the given search parameters","stacktrace":"io.appium.uiautomator2.common.exceptions.ElementNotFoundException: An element could not be located on the page using the given search parameters\n\tat io.appium.uiautomator2.handler.FindElement.safeHandle(FindElement.java:63)\n\tat io.appium.uiautomator2.handler.request.SafeRequestHandler.handle(SafeRequestHandler.java:59)\n\tat io.appium.uiautomator2.server.AppiumServlet.handleRequest(AppiumServlet.java:259)\n\tat io.appium.uiautomator2.server.AppiumServlet.handleHttpRequest(AppiumServlet.java:253)\n\tat io.appium.uiautomator2.http.ServerHandler.channelRead(ServerHandler.java:77)\n\tat io.netty.channel.AbstractChannelHandlerContext.invokeChannelRead(AbstractChannelHandlerContext.java:366)\n\tat io.netty.channel.AbstractChannelHandlerContext.invokeChannelRead(AbstractChannelHandlerContext.java:352)\n\tat io.netty.chann...
&amp#27;[38;5;100m[5c130eda]&amp#27;[0m&amp#27;[38;5;123m[W3C]&amp#27;[0m Matched W3C error code 'no such element' to NoSuchElementError
&amp#27;[38;5;100m[5c130eda]&amp#27;[0m&amp#27;[38;5;-2m[AndroidUiautomator2Driver@9312]&amp#27;[0m Waited for 7044 ms so far
&amp#27;[38;5;100m[5c130eda]&amp#27;[0m&amp#27;[38;5;-2m[AndroidUiautomator2Driver@9312]&amp#27;[0m Matched '/element' to command name 'findElement'
&amp#27;[38;5;100m[5c130eda]&amp#27;[0m&amp#27;[38;5;-2m[AndroidUiautomator2Driver@9312]&amp#27;[0m Proxying [POST /element] to [POST http://127.0.0.1:8205/session/456dc308-c733-4aed-bea8-0a12371418f8/element] with body: {"strategy":"id","selector":"com.saucelabs.mydemoapp.android:id/address1ET","context":"","multiple":false}
&amp#27;[38;5;100m[5c130eda]&amp#27;[0m&amp#27;[38;5;-2m[AndroidUiautomator2Driver@9312]&amp#27;[0m Got response with status 404: {"sessionId":"456dc308-c733-4aed-bea8-0a12371418f8","value":{"error":"no such element","message":"An element could not be located on the page using the given search parameters","stacktrace":"io.appium.uiautomator2.common.exceptions.ElementNotFoundException: An element could not be located on the page using the given search parameters\n\tat io.appium.uiautomator2.handler.FindElement.safeHandle(FindElement.java:63)\n\tat io.appium.uiautomator2.handler.request.SafeRequestHandler.handle(SafeRequestHandler.java:59)\n\tat io.appium.uiautomator2.server.AppiumServlet.handleRequest(AppiumServlet.java:259)\n\tat io.appium.uiautomator2.server.AppiumServlet.handleHttpRequest(AppiumServlet.java:253)\n\tat io.appium.uiautomator2.http.ServerHandler.channelRead(ServerHandler.java:77)\n\tat io.netty.channel.AbstractChannelHandlerContext.invokeChannelRead(AbstractChannelHandlerContext.java:366)\n\tat io.netty.channel.AbstractChannelHandlerContext.invokeChannelRead(AbstractChannelHandlerContext.java:352)\n\tat io.netty.chann...
&amp#27;[38;5;100m[5c130eda]&amp#27;[0m&amp#27;[38;5;123m[W3C]&amp#27;[0m Matched W3C error code 'no such element' to NoSuchElementError
&amp#27;[38;5;100m[5c130eda]&amp#27;[0m&amp#27;[38;5;-2m[AndroidUiautomator2Driver@9312]&amp#27;[0m Waited for 7685 ms so far
&amp#27;[38;5;100m[5c130eda]&amp#27;[0m&amp#27;[38;5;-2m[AndroidUiautomator2Driver@9312]&amp#27;[0m Matched '/element' to command name 'findElement'
&amp#27;[38;5;100m[5c130eda]&amp#27;[0m&amp#27;[38;5;-2m[AndroidUiautomator2Driver@9312]&amp#27;[0m Proxying [POST /element] to [POST http://127.0.0.1:8205/session/456dc308-c733-4aed-bea8-0a12371418f8/element] with body: {"strategy":"id","selector":"com.saucelabs.mydemoapp.android:id/address1ET","context":"","multiple":false}
&amp#27;[38;5;100m[5c130eda]&amp#27;[0m&amp#27;[38;5;-2m[AndroidUiautomator2Driver@9312]&amp#27;[0m Got response with status 404: {"sessionId":"456dc308-c733-4aed-bea8-0a12371418f8","value":{"error":"no such element","message":"An element could not be located on the page using the given search parameters","stacktrace":"io.appium.uiautomator2.common.exceptions.ElementNotFoundException: An element could not be located on the page using the given search parameters\n\tat io.appium.uiautomator2.handler.FindElement.safeHandle(FindElement.java:63)\n\tat io.appium.uiautomator2.handler.request.SafeRequestHandler.handle(SafeRequestHandler.java:59)\n\tat io.appium.uiautomator2.server.AppiumServlet.handleRequest(AppiumServlet.java:259)\n\tat io.appium.uiautomator2.server.AppiumServlet.handleHttpRequest(AppiumServlet.java:253)\n\tat io.appium.uiautomator2.http.ServerHandler.channelRead(ServerHandler.java:77)\n\tat io.netty.channel.AbstractChannelHandlerContext.invokeChannelRead(AbstractChannelHandlerContext.java:366)\n\tat io.netty.channel.AbstractChannelHandlerContext.invokeChannelRead(AbstractChannelHandlerContext.java:352)\n\tat io.netty.chann...
&amp#27;[38;5;100m[5c130eda]&amp#27;[0m&amp#27;[38;5;123m[W3C]&amp#27;[0m Matched W3C error code 'no such element' to NoSuchElementError
&amp#27;[38;5;100m[5c130eda]&amp#27;[0m&amp#27;[38;5;-2m[AndroidUiautomator2Driver@9312]&amp#27;[0m Waited for 8334 ms so far
&amp#27;[38;5;60m[f438e53d]&amp#27;[0m&amp#27;[38;5;86m[HTTP]&amp#27;[0m &amp#27;[37m-->&amp#27;[39m &amp#27;[37mGET&amp#27;[39m &amp#27;[37m/session/f438e53d-039b-416a-be3b-b438615d3682/timeouts&amp#27;[39m &amp#27;[90m{}&amp#27;[39m
&amp#27;[38;5;60m[f438e53d]&amp#27;[0m&amp#27;[38;5;28m[AppiumDriver@3b8c]&amp#27;[0m Encountered internal error running command: NoSuchDriverError: A session is either terminated or not started
    at asyncHandler (C:\Users\Testriq\AppData\Roaming\npm\node_modules\appium\node_modules\@appium\base-driver\lib\protocol\protocol.js:309:15)
    at C:\Users\Testriq\AppData\Roaming\npm\node_modules\appium\node_modules\@appium\base-driver\lib\protocol\protocol.js:512:15
    at Layer.handle [as handle_request] (C:\Users\Testriq\AppData\Roaming\npm\node_modules\appium\node_modules\express\lib\router\layer.js:95:5)
    at next (C:\Users\Testriq\AppData\Roaming\npm\node_modules\appium\node_modules\express\lib\router\route.js:149:13)
    at Route.dispatch (C:\Users\Testriq\AppData\Roaming\npm\node_modules\appium\node_modules\express\lib\router\route.js:119:3)
    at Layer.handle [as handle_request] (C:\Users\Testriq\AppData\Roaming\npm\node_modules\appium\node_modules\express\lib\router\layer.js:95:5)
    at C:\Users\Testriq\AppData\Roaming\npm\node_modules\appium\node_modules\express\lib\router\index.js:284:15
    at param (C:\Users\Testriq\AppData\Roaming\npm\node_modules\appium\node_modules\express\lib\router\index.js:365:14)
    at param (C:\Users\Testriq\AppData\Roaming\npm\node_modules\appium\node_modules\express\lib\router\index.js:376:14)
    at Function.process_params (C:\Users\Testriq\AppData\Roaming\npm\node_modules\appium\node_modules\express\lib\router\index.js:421:3)
    at next (C:\Users\Testriq\AppData\Roaming\npm\node_modules\appium\node_modules\express\lib\router\index.js:280:10)
    at logger (C:\Users\Testriq\AppData\Roaming\npm\node_modules\appium\node_modules\morgan\index.js:144:5)
    at Layer.handle [as handle_request] (C:\Users\Testriq\AppData\Roaming\npm\node_modules\appium\node_modules\express\lib\router\layer.js:95:5)
    at trim_prefix (C:\Users\Testriq\AppData\Roaming\npm\node_modules\appium\node_modules\express\lib\router\index.js:328:13)
    at C:\Users\Testriq\AppData\Roaming\npm\node_modules\appium\node_modules\express\lib\router\index.js:286:9
    at Function.process_params (C:\Users\Testriq\AppData\Roaming\npm\node_modules\appium\node_modules\express\lib\router\index.js:346:12)
    at next (C:\Users\Testriq\AppData\Roaming\npm\node_modules\appium\node_modules\express\lib\router\index.js:280:10)
    at jsonParser (C:\Users\Testriq\AppData\Roaming\npm\node_modules\appium\node_modules\body-parser\lib\types\json.js:113:7)
    at Layer.handle [as handle_request] (C:\Users\Testriq\AppData\Roaming\npm\node_modules\appium\node_modules\express\lib\router\layer.js:95:5)
    at trim_prefix (C:\Users\Testriq\AppData\Roaming\npm\node_modules\appium\node_modules\express\lib\router\index.js:328:13)
    at C:\Users\Testriq\AppData\Roaming\npm\node_modules\appium\node_modules\express\lib\router\index.js:286:9
    at Function.process_params (C:\Users\Testriq\AppData\Roaming\npm\node_modules\appium\node_modules\express\lib\router\index.js:346:12)
&amp#27;[38;5;60m[f438e53d]&amp#27;[0m&amp#27;[38;5;86m[HTTP]&amp#27;[0m &amp#27;[37m<-- GET /session/f438e53d-039b-416a-be3b-b438615d3682/timeouts &amp#27;[39m&amp#27;[33m404&amp#27;[39m &amp#27;[90m2 ms - 3275&amp#27;[39m &amp#27;[90m&amp#27;[39m
&amp#27;[38;5;100m[5c130eda]&amp#27;[0m&amp#27;[38;5;-2m[AndroidUiautomator2Driver@9312]&amp#27;[0m Matched '/element' to command name 'findElement'
&amp#27;[38;5;100m[5c130eda]&amp#27;[0m&amp#27;[38;5;-2m[AndroidUiautomator2Driver@9312]&amp#27;[0m Proxying [POST /element] to [POST http://127.0.0.1:8205/session/456dc308-c733-4aed-bea8-0a12371418f8/element] with body: {"strategy":"id","selector":"com.saucelabs.mydemoapp.android:id/address1ET","context":"","multiple":false}
&amp#27;[38;5;100m[5c130eda]&amp#27;[0m&amp#27;[38;5;-2m[AndroidUiautomator2Driver@9312]&amp#27;[0m Got response with status 404: {"sessionId":"456dc308-c733-4aed-bea8-0a12371418f8","value":{"error":"no such element","message":"An element could not be located on the page using the given search parameters","stacktrace":"io.appium.uiautomator2.common.exceptions.ElementNotFoundException: An element could not be located on the page using the given search parameters\n\tat io.appium.uiautomator2.handler.FindElement.safeHandle(FindElement.java:63)\n\tat io.appium.uiautomator2.handler.request.SafeRequestHandler.handle(SafeRequestHandler.java:59)\n\tat io.appium.uiautomator2.server.AppiumServlet.handleRequest(AppiumServlet.java:259)\n\tat io.appium.uiautomator2.server.AppiumServlet.handleHttpRequest(AppiumServlet.java:253)\n\tat io.appium.uiautomator2.http.ServerHandler.channelRead(ServerHandler.java:77)\n\tat io.netty.channel.AbstractChannelHandlerContext.invokeChannelRead(AbstractChannelHandlerContext.java:366)\n\tat io.netty.channel.AbstractChannelHandlerContext.invokeChannelRead(AbstractChannelHandlerContext.java:352)\n\tat io.netty.chann...
&amp#27;[38;5;100m[5c130eda]&amp#27;[0m&amp#27;[38;5;123m[W3C]&amp#27;[0m Matched W3C error code 'no such element' to NoSuchElementError
&amp#27;[38;5;100m[5c130eda]&amp#27;[0m&amp#27;[38;5;-2m[AndroidUiautomator2Driver@9312]&amp#27;[0m Waited for 8964 ms so far
&amp#27;[38;5;100m[5c130eda]&amp#27;[0m&amp#27;[38;5;-2m[AndroidUiautomator2Driver@9312]&amp#27;[0m Matched '/element' to command name 'findElement'
&amp#27;[38;5;100m[5c130eda]&amp#27;[0m&amp#27;[38;5;-2m[AndroidUiautomator2Driver@9312]&amp#27;[0m Proxying [POST /element] to [POST http://127.0.0.1:8205/session/456dc308-c733-4aed-bea8-0a12371418f8/element] with body: {"strategy":"id","selector":"com.saucelabs.mydemoapp.android:id/address1ET","context":"","multiple":false}
&amp#27;[38;5;100m[5c130eda]&amp#27;[0m&amp#27;[38;5;-2m[AndroidUiautomator2Driver@9312]&amp#27;[0m Got response with status 404: {"sessionId":"456dc308-c733-4aed-bea8-0a12371418f8","value":{"error":"no such element","message":"An element could not be located on the page using the given search parameters","stacktrace":"io.appium.uiautomator2.common.exceptions.ElementNotFoundException: An element could not be located on the page using the given search parameters\n\tat io.appium.uiautomator2.handler.FindElement.safeHandle(FindElement.java:63)\n\tat io.appium.uiautomator2.handler.request.SafeRequestHandler.handle(SafeRequestHandler.java:59)\n\tat io.appium.uiautomator2.server.AppiumServlet.handleRequest(AppiumServlet.java:259)\n\tat io.appium.uiautomator2.server.AppiumServlet.handleHttpRequest(AppiumServlet.java:253)\n\tat io.appium.uiautomator2.http.ServerHandler.channelRead(ServerHandler.java:77)\n\tat io.netty.channel.AbstractChannelHandlerContext.invokeChannelRead(AbstractChannelHandlerContext.java:366)\n\tat io.netty.channel.AbstractChannelHandlerContext.invokeChannelRead(AbstractChannelHandlerContext.java:352)\n\tat io.netty.chann...
&amp#27;[38;5;100m[5c130eda]&amp#27;[0m&amp#27;[38;5;123m[W3C]&amp#27;[0m Matched W3C error code 'no such element' to NoSuchElementError
&amp#27;[38;5;100m[5c130eda]&amp#27;[0m&amp#27;[38;5;-2m[AndroidUiautomator2Driver@9312]&amp#27;[0m Waited for 9604 ms so far
&amp#27;[38;5;100m[5c130eda]&amp#27;[0m&amp#27;[38;5;-2m[AndroidUiautomator2Driver@9312]&amp#27;[0m Matched '/element' to command name 'findElement'
&amp#27;[38;5;100m[5c130eda]&amp#27;[0m&amp#27;[38;5;-2m[AndroidUiautomator2Driver@9312]&amp#27;[0m Proxying [POST /element] to [POST http://127.0.0.1:8205/session/456dc308-c733-4aed-bea8-0a12371418f8/element] with body: {"strategy":"id","selector":"com.saucelabs.mydemoapp.android:id/address1ET","context":"","multiple":false}
&amp#27;[38;5;100m[5c130eda]&amp#27;[0m&amp#27;[38;5;-2m[AndroidUiautomator2Driver@9312]&amp#27;[0m Got response with status 404: {"sessionId":"456dc308-c733-4aed-bea8-0a12371418f8","value":{"error":"no such element","message":"An element could not be located on the page using the given search parameters","stacktrace":"io.appium.uiautomator2.common.exceptions.ElementNotFoundException: An element could not be located on the page using the given search parameters\n\tat io.appium.uiautomator2.handler.FindElement.safeHandle(FindElement.java:63)\n\tat io.appium.uiautomator2.handler.request.SafeRequestHandler.handle(SafeRequestHandler.java:59)\n\tat io.appium.uiautomator2.server.AppiumServlet.handleRequest(AppiumServlet.java:259)\n\tat io.appium.uiautomator2.server.AppiumServlet.handleHttpRequest(AppiumServlet.java:253)\n\tat io.appium.uiautomator2.http.ServerHandler.channelRead(ServerHandler.java:77)\n\tat io.netty.channel.AbstractChannelHandlerContext.invokeChannelRead(AbstractChannelHandlerContext.java:366)\n\tat io.netty.channel.AbstractChannelHandlerContext.invokeChannelRead(AbstractChannelHandlerContext.java:352)\n\tat io.netty.chann...
&amp#27;[38;5;100m[5c130eda]&amp#27;[0m&amp#27;[38;5;123m[W3C]&amp#27;[0m Matched W3C error code 'no such element' to NoSuchElementError
&amp#27;[38;5;100m[5c130eda]&amp#27;[0m&amp#27;[38;5;-2m[AndroidUiautomator2Driver@9312]&amp#27;[0m Waited for 10241 ms so far
&amp#27;[38;5;100m[5c130eda]&amp#27;[0m&amp#27;[38;5;-2m[AndroidUiautomator2Driver@9312]&amp#27;[0m Matched '/element' to command name 'findElement'
&amp#27;[38;5;100m[5c130eda]&amp#27;[0m&amp#27;[38;5;-2m[AndroidUiautomator2Driver@9312]&amp#27;[0m Proxying [POST /element] to [POST http://127.0.0.1:8205/session/456dc308-c733-4aed-bea8-0a12371418f8/element] with body: {"strategy":"id","selector":"com.saucelabs.mydemoapp.android:id/address1ET","context":"","multiple":false}
&amp#27;[38;5;100m[5c130eda]&amp#27;[0m&amp#27;[38;5;-2m[AndroidUiautomator2Driver@9312]&amp#27;[0m Got response with status 404: {"sessionId":"456dc308-c733-4aed-bea8-0a12371418f8","value":{"error":"no such element","message":"An element could not be located on the page using the given search parameters","stacktrace":"io.appium.uiautomator2.common.exceptions.ElementNotFoundException: An element could not be located on the page using the given search parameters\n\tat io.appium.uiautomator2.handler.FindElement.safeHandle(FindElement.java:63)\n\tat io.appium.uiautomator2.handler.request.SafeRequestHandler.handle(SafeRequestHandler.java:59)\n\tat io.appium.uiautomator2.server.AppiumServlet.handleRequest(AppiumServlet.java:259)\n\tat io.appium.uiautomator2.server.AppiumServlet.handleHttpRequest(AppiumServlet.java:253)\n\tat io.appium.uiautomator2.http.ServerHandler.channelRead(ServerHandler.java:77)\n\tat io.netty.channel.AbstractChannelHandlerContext.invokeChannelRead(AbstractChannelHandlerContext.java:366)\n\tat io.netty.channel.AbstractChannelHandlerContext.invokeChannelRead(AbstractChannelHandlerContext.java:352)\n\tat io.netty.chann...
&amp#27;[38;5;100m[5c130eda]&amp#27;[0m&amp#27;[38;5;123m[W3C]&amp#27;[0m Matched W3C error code 'no such element' to NoSuchElementError
&amp#27;[38;5;100m[5c130eda]&amp#27;[0m&amp#27;[38;5;-2m[AndroidUiautomator2Driver@9312]&amp#27;[0m Waited for 10921 ms so far
&amp#27;[38;5;100m[5c130eda]&amp#27;[0m&amp#27;[38;5;-2m[AndroidUiautomator2Driver@9312]&amp#27;[0m Matched '/element' to command name 'findElement'
&amp#27;[38;5;100m[5c130eda]&amp#27;[0m&amp#27;[38;5;-2m[AndroidUiautomator2Driver@9312]&amp#27;[0m Proxying [POST /element] to [POST http://127.0.0.1:8205/session/456dc308-c733-4aed-bea8-0a12371418f8/element] with body: {"strategy":"id","selector":"com.saucelabs.mydemoapp.android:id/address1ET","context":"","multiple":false}
&amp#27;[38;5;100m[5c130eda]&amp#27;[0m&amp#27;[38;5;-2m[AndroidUiautomator2Driver@9312]&amp#27;[0m Got response with status 404: {"sessionId":"456dc308-c733-4aed-bea8-0a12371418f8","value":{"error":"no such element","message":"An element could not be located on the page using the given search parameters","stacktrace":"io.appium.uiautomator2.common.exceptions.ElementNotFoundException: An element could not be located on the page using the given search parameters\n\tat io.appium.uiautomator2.handler.FindElement.safeHandle(FindElement.java:63)\n\tat io.appium.uiautomator2.handler.request.SafeRequestHandler.handle(SafeRequestHandler.java:59)\n\tat io.appium.uiautomator2.server.AppiumServlet.handleRequest(AppiumServlet.java:259)\n\tat io.appium.uiautomator2.server.AppiumServlet.handleHttpRequest(AppiumServlet.java:253)\n\tat io.appium.uiautomator2.http.ServerHandler.channelRead(ServerHandler.java:77)\n\tat io.netty.channel.AbstractChannelHandlerContext.invokeChannelRead(AbstractChannelHandlerContext.java:366)\n\tat io.netty.channel.AbstractChannelHandlerContext.invokeChannelRead(AbstractChannelHandlerContext.java:352)\n\tat io.netty.chann...
&amp#27;[38;5;100m[5c130eda]&amp#27;[0m&amp#27;[38;5;123m[W3C]&amp#27;[0m Matched W3C error code 'no such element' to NoSuchElementError
&amp#27;[38;5;100m[5c130eda]&amp#27;[0m&amp#27;[38;5;-2m[AndroidUiautomator2Driver@9312]&amp#27;[0m Waited for 11580 ms so far
&amp#27;[38;5;100m[5c130eda]&amp#27;[0m&amp#27;[38;5;-2m[AndroidUiautomator2Driver@9312]&amp#27;[0m Matched '/element' to command name 'findElement'
&amp#27;[38;5;100m[5c130eda]&amp#27;[0m&amp#27;[38;5;-2m[AndroidUiautomator2Driver@9312]&amp#27;[0m Proxying [POST /element] to [POST http://127.0.0.1:8205/session/456dc308-c733-4aed-bea8-0a12371418f8/element] with body: {"strategy":"id","selector":"com.saucelabs.mydemoapp.android:id/address1ET","context":"","multiple":false}
&amp#27;[38;5;100m[5c130eda]&amp#27;[0m&amp#27;[38;5;-2m[AndroidUiautomator2Driver@9312]&amp#27;[0m Got response with status 404: {"sessionId":"456dc308-c733-4aed-bea8-0a12371418f8","value":{"error":"no such element","message":"An element could not be located on the page using the given search parameters","stacktrace":"io.appium.uiautomator2.common.exceptions.ElementNotFoundException: An element could not be located on the page using the given search parameters\n\tat io.appium.uiautomator2.handler.FindElement.safeHandle(FindElement.java:63)\n\tat io.appium.uiautomator2.handler.request.SafeRequestHandler.handle(SafeRequestHandler.java:59)\n\tat io.appium.uiautomator2.server.AppiumServlet.handleRequest(AppiumServlet.java:259)\n\tat io.appium.uiautomator2.server.AppiumServlet.handleHttpRequest(AppiumServlet.java:253)\n\tat io.appium.uiautomator2.http.ServerHandler.channelRead(ServerHandler.java:77)\n\tat io.netty.channel.AbstractChannelHandlerContext.invokeChannelRead(AbstractChannelHandlerContext.java:366)\n\tat io.netty.channel.AbstractChannelHandlerContext.invokeChannelRead(AbstractChannelHandlerContext.java:352)\n\tat io.netty.chann...
&amp#27;[38;5;100m[5c130eda]&amp#27;[0m&amp#27;[38;5;123m[W3C]&amp#27;[0m Matched W3C error code 'no such element' to NoSuchElementError
&amp#27;[38;5;100m[5c130eda]&amp#27;[0m&amp#27;[38;5;-2m[AndroidUiautomator2Driver@9312]&amp#27;[0m Waited for 12732 ms so far
&amp#27;[38;5;100m[5c130eda]&amp#27;[0m&amp#27;[38;5;-2m[AndroidUiautomator2Driver@9312]&amp#27;[0m Matched '/element' to command name 'findElement'
&amp#27;[38;5;100m[5c130eda]&amp#27;[0m&amp#27;[38;5;-2m[AndroidUiautomator2Driver@9312]&amp#27;[0m Proxying [POST /element] to [POST http://127.0.0.1:8205/session/456dc308-c733-4aed-bea8-0a12371418f8/element] with body: {"strategy":"id","selector":"com.saucelabs.mydemoapp.android:id/address1ET","context":"","multiple":false}
&amp#27;[38;5;100m[5c130eda]&amp#27;[0m&amp#27;[38;5;-2m[AndroidUiautomator2Driver@9312]&amp#27;[0m Got response with status 404: {"sessionId":"456dc308-c733-4aed-bea8-0a12371418f8","value":{"error":"no such element","message":"An element could not be located on the page using the given search parameters","stacktrace":"io.appium.uiautomator2.common.exceptions.ElementNotFoundException: An element could not be located on the page using the given search parameters\n\tat io.appium.uiautomator2.handler.FindElement.safeHandle(FindElement.java:63)\n\tat io.appium.uiautomator2.handler.request.SafeRequestHandler.handle(SafeRequestHandler.java:59)\n\tat io.appium.uiautomator2.server.AppiumServlet.handleRequest(AppiumServlet.java:259)\n\tat io.appium.uiautomator2.server.AppiumServlet.handleHttpRequest(AppiumServlet.java:253)\n\tat io.appium.uiautomator2.http.ServerHandler.channelRead(ServerHandler.java:77)\n\tat io.netty.channel.AbstractChannelHandlerContext.invokeChannelRead(AbstractChannelHandlerContext.java:366)\n\tat io.netty.channel.AbstractChannelHandlerContext.invokeChannelRead(AbstractChannelHandlerContext.java:352)\n\tat io.netty.chann...
&amp#27;[38;5;100m[5c130eda]&amp#27;[0m&amp#27;[38;5;123m[W3C]&amp#27;[0m Matched W3C error code 'no such element' to NoSuchElementError
&amp#27;[38;5;100m[5c130eda]&amp#27;[0m&amp#27;[38;5;-2m[AndroidUiautomator2Driver@9312]&amp#27;[0m Waited for 13430 ms so far
&amp#27;[38;5;100m[5c130eda]&amp#27;[0m&amp#27;[38;5;-2m[AndroidUiautomator2Driver@9312]&amp#27;[0m Matched '/element' to command name 'findElement'
&amp#27;[38;5;100m[5c130eda]&amp#27;[0m&amp#27;[38;5;-2m[AndroidUiautomator2Driver@9312]&amp#27;[0m Proxying [POST /element] to [POST http://127.0.0.1:8205/session/456dc308-c733-4aed-bea8-0a12371418f8/element] with body: {"strategy":"id","selector":"com.saucelabs.mydemoapp.android:id/address1ET","context":"","multiple":false}
&amp#27;[38;5;100m[5c130eda]&amp#27;[0m&amp#27;[38;5;-2m[AndroidUiautomator2Driver@9312]&amp#27;[0m Got response with status 404: {"sessionId":"456dc308-c733-4aed-bea8-0a12371418f8","value":{"error":"no such element","message":"An element could not be located on the page using the given search parameters","stacktrace":"io.appium.uiautomator2.common.exceptions.ElementNotFoundException: An element could not be located on the page using the given search parameters\n\tat io.appium.uiautomator2.handler.FindElement.safeHandle(FindElement.java:63)\n\tat io.appium.uiautomator2.handler.request.SafeRequestHandler.handle(SafeRequestHandler.java:59)\n\tat io.appium.uiautomator2.server.AppiumServlet.handleRequest(AppiumServlet.java:259)\n\tat io.appium.uiautomator2.server.AppiumServlet.handleHttpRequest(AppiumServlet.java:253)\n\tat io.appium.uiautomator2.http.ServerHandler.channelRead(ServerHandler.java:77)\n\tat io.netty.channel.AbstractChannelHandlerContext.invokeChannelRead(AbstractChannelHandlerContext.java:366)\n\tat io.netty.channel.AbstractChannelHandlerContext.invokeChannelRead(AbstractChannelHandlerContext.java:352)\n\tat io.netty.chann...
&amp#27;[38;5;100m[5c130eda]&amp#27;[0m&amp#27;[38;5;123m[W3C]&amp#27;[0m Matched W3C error code 'no such element' to NoSuchElementError
&amp#27;[38;5;100m[5c130eda]&amp#27;[0m&amp#27;[38;5;-2m[AndroidUiautomator2Driver@9312]&amp#27;[0m Waited for 14091 ms so far
&amp#27;[38;5;100m[5c130eda]&amp#27;[0m&amp#27;[38;5;-2m[AndroidUiautomator2Driver@9312]&amp#27;[0m Matched '/element' to command name 'findElement'
&amp#27;[38;5;100m[5c130eda]&amp#27;[0m&amp#27;[38;5;-2m[AndroidUiautomator2Driver@9312]&amp#27;[0m Proxying [POST /element] to [POST http://127.0.0.1:8205/session/456dc308-c733-4aed-bea8-0a12371418f8/element] with body: {"strategy":"id","selector":"com.saucelabs.mydemoapp.android:id/address1ET","context":"","multiple":false}
&amp#27;[38;5;100m[5c130eda]&amp#27;[0m&amp#27;[38;5;-2m[AndroidUiautomator2Driver@9312]&amp#27;[0m Got response with status 404: {"sessionId":"456dc308-c733-4aed-bea8-0a12371418f8","value":{"error":"no such element","message":"An element could not be located on the page using the given search parameters","stacktrace":"io.appium.uiautomator2.common.exceptions.ElementNotFoundException: An element could not be located on the page using the given search parameters\n\tat io.appium.uiautomator2.handler.FindElement.safeHandle(FindElement.java:63)\n\tat io.appium.uiautomator2.handler.request.SafeRequestHandler.handle(SafeRequestHandler.java:59)\n\tat io.appium.uiautomator2.server.AppiumServlet.handleRequest(AppiumServlet.java:259)\n\tat io.appium.uiautomator2.server.AppiumServlet.handleHttpRequest(AppiumServlet.java:253)\n\tat io.appium.uiautomator2.http.ServerHandler.channelRead(ServerHandler.java:77)\n\tat io.netty.channel.AbstractChannelHandlerContext.invokeChannelRead(AbstractChannelHandlerContext.java:366)\n\tat io.netty.channel.AbstractChannelHandlerContext.invokeChannelRead(AbstractChannelHandlerContext.java:352)\n\tat io.netty.chann...
&amp#27;[38;5;100m[5c130eda]&amp#27;[0m&amp#27;[38;5;123m[W3C]&amp#27;[0m Matched W3C error code 'no such element' to NoSuchElementError
&amp#27;[38;5;100m[5c130eda]&amp#27;[0m&amp#27;[38;5;-2m[AndroidUiautomator2Driver@9312]&amp#27;[0m Waited for 14743 ms so far
&amp#27;[38;5;100m[5c130eda]&amp#27;[0m&amp#27;[38;5;-2m[AndroidUiautomator2Driver@9312]&amp#27;[0m Matched '/element' to command name 'findElement'
&amp#27;[38;5;100m[5c130eda]&amp#27;[0m&amp#27;[38;5;-2m[AndroidUiautomator2Driver@9312]&amp#27;[0m Proxying [POST /element] to [POST http://127.0.0.1:8205/session/456dc308-c733-4aed-bea8-0a12371418f8/element] with body: {"strategy":"id","selector":"com.saucelabs.mydemoapp.android:id/address1ET","context":"","multiple":false}
&amp#27;[38;5;100m[5c130eda]&amp#27;[0m&amp#27;[38;5;-2m[AndroidUiautomator2Driver@9312]&amp#27;[0m Got response with status 404: {"sessionId":"456dc308-c733-4aed-bea8-0a12371418f8","value":{"error":"no such element","message":"An element could not be located on the page using the given search parameters","stacktrace":"io.appium.uiautomator2.common.exceptions.ElementNotFoundException: An element could not be located on the page using the given search parameters\n\tat io.appium.uiautomator2.handler.FindElement.safeHandle(FindElement.java:63)\n\tat io.appium.uiautomator2.handler.request.SafeRequestHandler.handle(SafeRequestHandler.java:59)\n\tat io.appium.uiautomator2.server.AppiumServlet.handleRequest(AppiumServlet.java:259)\n\tat io.appium.uiautomator2.server.AppiumServlet.handleHttpRequest(AppiumServlet.java:253)\n\tat io.appium.uiautomator2.http.ServerHandler.channelRead(ServerHandler.java:77)\n\tat io.netty.channel.AbstractChannelHandlerContext.invokeChannelRead(AbstractChannelHandlerContext.java:366)\n\tat io.netty.channel.AbstractChannelHandlerContext.invokeChannelRead(AbstractChannelHandlerContext.java:352)\n\tat io.netty.chann...
&amp#27;[38;5;100m[5c130eda]&amp#27;[0m&amp#27;[38;5;123m[W3C]&amp#27;[0m Matched W3C error code 'no such element' to NoSuchElementError
&amp#27;[38;5;100m[5c130eda]&amp#27;[0m&amp#27;[38;5;-2m[AndroidUiautomator2Driver@9312]&amp#27;[0m Encountered internal error running command: NoSuchElementError: An element could not be located on the page using the given search parameters.
    at AndroidUiautomator2Driver.findElOrEls (C:\Users\Testriq\.appium\node_modules\appium-uiautomator2-driver\node_modules\appium-android-driver\lib\commands\find.ts:86:11)
    at processTicksAndRejections (node:internal/process/task_queues:95:5)
    at AndroidUiautomator2Driver.findElOrElsWithProcessing (C:\Users\Testriq\AppData\Roaming\npm\node_modules\appium\node_modules\@appium\base-driver\lib\basedriver\commands\find.ts:60:12)
    at AndroidUiautomator2Driver.findElement (C:\Users\Testriq\AppData\Roaming\npm\node_modules\appium\node_modules\@appium\base-driver\lib\basedriver\commands\find.ts:75:12)
&amp#27;[38;5;100m[5c130eda]&amp#27;[0m&amp#27;[38;5;86m[HTTP]&amp#27;[0m &amp#27;[37m<-- POST /session/5c130eda-db62-4ce4-a49d-c6d60e952079/element &amp#27;[39m&amp#27;[33m404&amp#27;[39m &amp#27;[90m15161 ms - 896&amp#27;[39m &amp#27;[90m&amp#27;[39m
&amp#27;[38;5;100m[5c130eda]&amp#27;[0m&amp#27;[38;5;86m[HTTP]&amp#27;[0m &amp#27;[37m-->&amp#27;[39m &amp#27;[37mGET&amp#27;[39m &amp#27;[37m/session/5c130eda-db62-4ce4-a49d-c6d60e952079/screenshot&amp#27;[39m &amp#27;[90m{}&amp#27;[39m
&amp#27;[38;5;100m[5c130eda]&amp#27;[0m&amp#27;[38;5;-2m[AndroidUiautomator2Driver@9312]&amp#27;[0m Calling AppiumDriver.getScreenshot() with args: ["5c130eda-db62-4ce4-a49d-c6d60e952079"]
&amp#27;[38;5;100m[5c130eda]&amp#27;[0m&amp#27;[38;5;-2m[AndroidUiautomator2Driver@9312]&amp#27;[0m Matched '/screenshot' to command name 'getScreenshot'
&amp#27;[38;5;100m[5c130eda]&amp#27;[0m&amp#27;[38;5;-2m[AndroidUiautomator2Driver@9312]&amp#27;[0m Proxying [GET /screenshot] to [GET http://127.0.0.1:8205/session/456dc308-c733-4aed-bea8-0a12371418f8/screenshot] with no body
&amp#27;[38;5;100m[5c130eda]&amp#27;[0m&amp#27;[38;5;-2m[AndroidUiautomator2Driver@9312]&amp#27;[0m Got response with status 200: {"sessionId":"456dc308-c733-4aed-bea8-0a12371418f8","value":"iVBORw0KGgoAAAANSUhEUgAABDgAAAlgCAYAAABtGofVAAAAAXNSR0IArs4c6QAAAARzQklUCAgICHwIZIgAACAASURBVHicrL19niQ5jixmABlR3T1vpavoBLqWDv7ebndlkID+MANIz66ZHb2fciY7syIj3OkkCBgMH7T/6//5v9NwvjITQAIAzB1uDjMgE4jYMBtIbMCA2IGIAJKfq2+DI+tamchIJBJ16b0DWBsOwzADViIi4eZYK/HZG18b+OyNzw6sCAQM6QaYAQ7AAFgCBpgbfDjGcMw5MObAHAPTAIuFH6+JOSfmGLDhMI4OBsDdYWYwM7gbxnCYOUxjN03OcNM3MMz0nXDw33MMvIZjjAE3Q2Zir40dnMt0vZb1XAuftbERnFs4ViS+vj742htr85lhDvPnfCI1djM4eF0zPYsDhlpRQyTXif9yAK514tpFBta+vhPISOwdiB3YayF3IndyvVcC+raV8A3YCmAF8pPIFcBK5CeBFbCdwAZiJvC7I/6YwO8O/OEYfwz8+GPit98nfv994rc/Xni/ax4d0/jTh8N88LmyZJFyBThgjkxgZ2JHYG+OPyMQkskA54VrTQHKpNwhreeTa2n447cXBgJvB97D8R5cB6QhMrE21/ezNmItpAFjzpafjI3IwA7JvXF9//xsfP384OcO/Pxa+PlZ+OxAAHAfgBv3m/bgMMAdmO6YwzDnwGsOzGHwkXAHxnAMd8zpgCWfcQBAIpCI2Ng7sGJjReLnTnwi8fPrg8/PjfUJ7K9A/ATyA+ADxF8b+BmwlXilYxjnGQDSSkNIysy4IQMIBOzt8JfDXsB4A/YGbPLbX4OvvwZsGJ8zgeHcs/w5qXcSMD1D66eA1i0Qm3IQAcTurcE9m4CH1jytdVRdi3IFvMfAHI73HHgPw/vN9TddJCKwVmKtBNKxA8itOXa+Jy1hnvCRMCQcG/P9...
&amp#27;[38;5;100m[5c130eda]&amp#27;[0m&amp#27;[38;5;-2m[AndroidUiautomator2Driver@9312]&amp#27;[0m Responding to client with driver.getScreenshot() result: "iVBORw0KGgoAAAANSUhEUgAABDgAAAlgCAYAAABtGofVAAAAAXNSR0IArs4c6QAAAARzQklUCAgICHwIZIgAACAASURBVHicrL19niQ5jixmABlR3T1vpavoBLqWDv7ebndlkID+MANIz66ZHb2fciY7syIj3OkkCBgMH7T/6//5v9NwvjITQAIAzB1uDjMgE4jYMBtIbMCA2IGIAJKfq2+DI+tamchIJBJ16b0DWBsOwzADViIi4eZYK/HZG18b+OyNzw6sCAQM6QaYAQ7AAFgCBpgbfDjGcMw5MObAHAPTAIuFH6+JOSfmGLDhMI4OBsDdYWYwM7gbxnCYOUxjN03OcNM3MMz0nXDw33MMvIZjjAE3Q2Zir40dnMt0vZb1XAuftbERnFs4ViS+vj742htr85lhDvPnfCI1djM4eF0zPYsDhlpRQyTXif9yAK514tpFBta+vhPISOwdiB3YayF3IndyvVcC+raV8A3YCmAF8pPIFcBK5CeBFbCdwAZiJvC7I/6YwO8O/OEYfwz8+GPit98nfv994rc/Xni/ax4d0/jTh8N88LmyZJFyBThgjkxgZ2JHYG+OPyMQkskA54VrTQHKpNwhreeTa2n447cXBgJvB97D8R5cB6QhMrE21/ezNmItpAFjzpafjI3IwA7JvXF9//xsfP384OcO/Pxa+PlZ+OxAAHAfgBv3m/bgMMAdmO6YwzDnwGsOzGHwkXAHxnAMd8zpgCWfcQBAIpCI2Ng7sGJjReLnTnwi8fPrg8/PjfUJ7K9A/ATyA+ADxF8b+BmwlXilYxjnGQDSSkNIysy4IQMIBOzt8JfDXsB4A/YGbPLbX4OvvwZsGJ8zgeHcs/w5qXcSMD1D66eA1i0Qm3IQAcTurcE9m4CH1jytdVRdi3IFvMfAHI73HHgPw/vN9TddJCKwVmKtBNKxA8itOXa+Jy1hnvCRMCQcG/P9BszwWYm/fi789dn4+gp8ViIDiARyB+U3gJ3B59AYA2e8sTcipPLc4cNguidK...
&amp#27;[38;5;100m[5c130eda]&amp#27;[0m&amp#27;[38;5;86m[HTTP]&amp#27;[0m &amp#27;[37m<-- GET /session/5c130eda-db62-4ce4-a49d-c6d60e952079/screenshot &amp#27;[39m&amp#27;[32m200&amp#27;[39m &amp#27;[90m2065 ms - 4483756&amp#27;[39m &amp#27;[90m&amp#27;[39m
]]></system-out>
  </testcase>
  <testcase name="LogintoTheapp" classname="testcases.TC_01_Login" time="23.118">
    <failure message="Can&apos;t locate an element by this strategy: By.chained({AppiumBy.accessibilityId: Tap to login with given credentials})" type="org.openqa.selenium.NoSuchElementException"><![CDATA[org.openqa.selenium.NoSuchElementException: Can't locate an element by this strategy: By.chained({AppiumBy.accessibilityId: Tap to login with given credentials})
	at io.appium.java_client.pagefactory.AppiumElementLocator.findElement(AppiumElementLocator.java:166)
	at io.appium.java_client.pagefactory.interceptors.InterceptorOfASingleElement.call(InterceptorOfASingleElement.java:75)
	at io.appium.java_client.proxy.Interceptor.intercept(Interceptor.java:78)
	at org.openqa.selenium.remote.RemoteWebElement$ByteBuddy$TFRmeiAp.click(Unknown Source)
	at ecommerce.Project.Login_PageObject.login(Login_PageObject.java:58)
	at testcases.TC_01_Login.LogintoTheapp(TC_01_Login.java:23)
	at java.base/jdk.internal.reflect.DirectMethodHandleAccessor.invoke(DirectMethodHandleAccessor.java:103)
	at java.base/java.lang.reflect.Method.invoke(Method.java:580)
	at org.testng.internal.invokers.MethodInvocationHelper.invokeMethod(MethodInvocationHelper.java:141)
	at org.testng.internal.invokers.TestInvoker.invokeMethod(TestInvoker.java:686)
	at org.testng.internal.invokers.TestInvoker.invokeTestMethod(TestInvoker.java:230)
	at org.testng.internal.invokers.MethodRunner.runInSequence(MethodRunner.java:63)
	at org.testng.internal.invokers.TestInvoker$MethodInvocationAgent.invoke(TestInvoker.java:992)
	at org.testng.internal.invokers.TestInvoker.invokeTestMethods(TestInvoker.java:203)
	at org.testng.internal.invokers.TestMethodWorker.invokeTestMethods(TestMethodWorker.java:154)
	at org.testng.internal.invokers.TestMethodWorker.run(TestMethodWorker.java:134)
	at java.base/java.util.ArrayList.forEach(ArrayList.java:1596)
	at org.testng.TestRunner.privateRun(TestRunner.java:739)
	at org.testng.TestRunner.run(TestRunner.java:614)
	at org.testng.SuiteRunner.runTest(SuiteRunner.java:421)
	at org.testng.SuiteRunner.runSequentially(SuiteRunner.java:413)
	at org.testng.SuiteRunner.privateRun(SuiteRunner.java:373)
	at org.testng.SuiteRunner.run(SuiteRunner.java:312)
	at org.testng.SuiteRunnerWorker.runSuite(SuiteRunnerWorker.java:52)
	at org.testng.SuiteRunnerWorker.run(SuiteRunnerWorker.java:95)
	at org.testng.TestNG.runSuitesSequentially(TestNG.java:1274)
	at org.testng.TestNG.runSuitesLocally(TestNG.java:1208)
	at org.testng.TestNG.runSuites(TestNG.java:1112)
	at org.testng.TestNG.run(TestNG.java:1079)
	at org.apache.maven.surefire.testng.TestNGExecutor.run(TestNGExecutor.java:308)
	at org.apache.maven.surefire.testng.TestNGXmlTestSuite.execute(TestNGXmlTestSuite.java:71)
	at org.apache.maven.surefire.testng.TestNGProvider.invoke(TestNGProvider.java:113)
	at org.apache.maven.surefire.booter.ForkedBooter.runSuitesInProcess(ForkedBooter.java:385)
	at org.apache.maven.surefire.booter.ForkedBooter.execute(ForkedBooter.java:162)
	at org.apache.maven.surefire.booter.ForkedBooter.run(ForkedBooter.java:507)
	at org.apache.maven.surefire.booter.ForkedBooter.main(ForkedBooter.java:495)
Caused by: org.openqa.selenium.TimeoutException: Expected condition failed: waiting for io.appium.java_client.pagefactory.AppiumElementLocator$WaitingFunction@69ebb009 (tried for 1 second(s) with 500 milliseconds interval)
	at org.openqa.selenium.support.ui.FluentWait.timeoutException(FluentWait.java:265)
	at org.openqa.selenium.support.ui.FluentWait.until(FluentWait.java:228)
	at io.appium.java_client.pagefactory.AppiumElementLocator.waitFor(AppiumElementLocator.java:135)
	at io.appium.java_client.pagefactory.AppiumElementLocator.findElement(AppiumElementLocator.java:160)
	... 35 more
Caused by: org.openqa.selenium.NoSuchElementException: Cannot locate an element using By.chained({AppiumBy.accessibilityId: Tap to login with given credentials})
For documentation on this error, please visit: https://www.selenium.dev/documentation/webdriver/troubleshooting/errors#no-such-element-exception
Build info: version: '4.27.0', revision: 'd6e718d134'
System info: os.name: 'Windows 11', os.arch: 'amd64', os.version: '10.0', java.version: '21.0.5'
Driver info: driver.version: RemoteWebDriver
	at io.appium.java_client.pagefactory.bys.builder.ByChained.findElement(ByChained.java:74)
	at org.openqa.selenium.remote.ElementLocation$ElementFinder$1.findElement(ElementLocation.java:139)
	at org.openqa.selenium.remote.ElementLocation.findElement(ElementLocation.java:59)
	at org.openqa.selenium.remote.RemoteWebDriver.findElement(RemoteWebDriver.java:368)
	at org.openqa.selenium.remote.RemoteWebDriver.findElement(RemoteWebDriver.java:362)
	at io.appium.java_client.pagefactory.bys.ContentMappedBy.findElement(ContentMappedBy.java:53)
	at org.openqa.selenium.remote.ElementLocation$ElementFinder$1.findElement(ElementLocation.java:139)
	at org.openqa.selenium.remote.ElementLocation.findElement(ElementLocation.java:59)
	at org.openqa.selenium.remote.RemoteWebDriver.findElement(RemoteWebDriver.java:368)
	at org.openqa.selenium.remote.RemoteWebDriver.findElement(RemoteWebDriver.java:362)
	at io.appium.java_client.pagefactory.AppiumElementLocator.lambda$findElement$1(AppiumElementLocator.java:160)
	at io.appium.java_client.pagefactory.AppiumElementLocator$WaitingFunction.apply(AppiumElementLocator.java:217)
	at io.appium.java_client.pagefactory.AppiumElementLocator$WaitingFunction.apply(AppiumElementLocator.java:210)
	at org.openqa.selenium.support.ui.FluentWait.until(FluentWait.java:203)
	... 37 more
]]></failure>
    <system-out><![CDATA[&amp#27;[38;5;100m[5c130eda]&amp#27;[0m&amp#27;[38;5;86m[HTTP]&amp#27;[0m &amp#27;[37m-->&amp#27;[39m &amp#27;[37mDELETE&amp#27;[39m &amp#27;[37m/session/5c130eda-db62-4ce4-a49d-c6d60e952079&amp#27;[39m &amp#27;[90m{}&amp#27;[39m
&amp#27;[38;5;100m[5c130eda]&amp#27;[0m&amp#27;[38;5;-2m[AndroidUiautomator2Driver@9312]&amp#27;[0m Calling AppiumDriver.deleteSession() with args: ["5c130eda-db62-4ce4-a49d-c6d60e952079"]
&amp#27;[38;5;100m[5c130eda]&amp#27;[0m&amp#27;[38;5;28m[AppiumDriver@3b8c]&amp#27;[0m Event 'quitSessionRequested' logged at 1737027783999 (17:13:03 GMT+0530 (India Standard Time))
&amp#27;[38;5;100m[5c130eda]&amp#27;[0m&amp#27;[38;5;28m[AppiumDriver@3b8c]&amp#27;[0m Removing session 5c130eda-db62-4ce4-a49d-c6d60e952079 from our master session list
&amp#27;[38;5;100m[5c130eda]&amp#27;[0m&amp#27;[38;5;-2m[AndroidUiautomator2Driver@9312]&amp#27;[0m Deleting UiAutomator2 session
&amp#27;[38;5;100m[5c130eda]&amp#27;[0m&amp#27;[38;5;-2m[AndroidUiautomator2Driver@9312]&amp#27;[0m Deleting UiAutomator2 server session
&amp#27;[38;5;100m[5c130eda]&amp#27;[0m&amp#27;[38;5;-2m[AndroidUiautomator2Driver@9312]&amp#27;[0m Matched '/' to command name 'deleteSession'
&amp#27;[38;5;100m[5c130eda]&amp#27;[0m&amp#27;[38;5;-2m[AndroidUiautomator2Driver@9312]&amp#27;[0m Proxying [DELETE /] to [DELETE http://127.0.0.1:8205/session/456dc308-c733-4aed-bea8-0a12371418f8] with no body
&amp#27;[38;5;100m[5c130eda]&amp#27;[0m&amp#27;[38;5;-2m[AndroidUiautomator2Driver@9312]&amp#27;[0m Got response with status 200: {"sessionId":"456dc308-c733-4aed-bea8-0a12371418f8","value":null}
&amp#27;[38;5;100m[5c130eda]&amp#27;[0m&amp#27;[38;5;-2m[AndroidUiautomator2Driver@9312]&amp#27;[0m [Instrumentation] io.appium.uiautomator2.server.test.AppiumUiAutomator2Server:
&amp#27;[38;5;100m[5c130eda]&amp#27;[0m&amp#27;[38;5;-2m[AndroidUiautomator2Driver@9312]&amp#27;[0m [Instrumentation] The process has exited with code null, signal SIGTERM
&amp#27;[38;5;100m[5c130eda]&amp#27;[0m&amp#27;[38;5;229m[ADB]&amp#27;[0m Running 'C:\Users\Testriq\AppData\Local\Android\Sdk\platform-tools\adb.exe -P 5037 -s 2A131FDH200HX6 shell dumpsys activity services io.appium.settings/.recorder.RecorderService'
&amp#27;[38;5;100m[5c130eda]&amp#27;[0m&amp#27;[38;5;229m[ADB]&amp#27;[0m Running 'C:\Users\Testriq\AppData\Local\Android\Sdk\platform-tools\adb.exe -P 5037 -s 2A131FDH200HX6 shell am force-stop com.saucelabs.mydemoapp.android'
&amp#27;[38;5;100m[5c130eda]&amp#27;[0m&amp#27;[38;5;229m[ADB]&amp#27;[0m Removing forwarded port socket connection: 8205 
&amp#27;[38;5;100m[5c130eda]&amp#27;[0m&amp#27;[38;5;229m[ADB]&amp#27;[0m Running 'C:\Users\Testriq\AppData\Local\Android\Sdk\platform-tools\adb.exe -P 5037 -s 2A131FDH200HX6 forward --remove tcp:8205'
&amp#27;[38;5;100m[5c130eda]&amp#27;[0m&amp#27;[38;5;-2m[AndroidUiautomator2Driver@9312]&amp#27;[0m Restoring hidden api policy to the device default configuration
&amp#27;[38;5;100m[5c130eda]&amp#27;[0m&amp#27;[38;5;229m[ADB]&amp#27;[0m Running 'C:\Users\Testriq\AppData\Local\Android\Sdk\platform-tools\adb.exe -P 5037 -s 2A131FDH200HX6 shell 'settings delete global hidden_api_policy_pre_p_apps;settings delete global hidden_api_policy_p_apps;settings delete global hidden_api_policy''
&amp#27;[38;5;100m[5c130eda]&amp#27;[0m&amp#27;[38;5;160m[Logcat]&amp#27;[0m Stopping logcat capture
&amp#27;[38;5;100m[5c130eda]&amp#27;[0m&amp#27;[38;5;28m[AppiumDriver@3b8c]&amp#27;[0m Event 'quitSessionFinished' logged at 1737027784464 (17:13:04 GMT+0530 (India Standard Time))
&amp#27;[38;5;100m[5c130eda]&amp#27;[0m&amp#27;[38;5;28m[AppiumDriver@3b8c]&amp#27;[0m Received response: null
&amp#27;[38;5;100m[5c130eda]&amp#27;[0m&amp#27;[38;5;28m[AppiumDriver@3b8c]&amp#27;[0m But deleting session, so not returning
&amp#27;[38;5;100m[5c130eda]&amp#27;[0m&amp#27;[38;5;28m[AppiumDriver@3b8c]&amp#27;[0m Responding to client with driver.deleteSession() result: null
&amp#27;[38;5;100m[5c130eda]&amp#27;[0m&amp#27;[38;5;86m[HTTP]&amp#27;[0m &amp#27;[37m<-- DELETE /session/5c130eda-db62-4ce4-a49d-c6d60e952079 &amp#27;[39m&amp#27;[32m200&amp#27;[39m &amp#27;[90m466 ms - 14&amp#27;[39m &amp#27;[90m&amp#27;[39m
&amp#27;[38;5;86m[HTTP]&amp#27;[0m &amp#27;[37m-->&amp#27;[39m &amp#27;[37mGET&amp#27;[39m &amp#27;[37m/status&amp#27;[39m &amp#27;[90m{}&amp#27;[39m
&amp#27;[38;5;28m[AppiumDriver@3b8c]&amp#27;[0m Calling AppiumDriver.getStatus() with args: []
&amp#27;[38;5;28m[AppiumDriver@3b8c]&amp#27;[0m Responding to client with driver.getStatus() result: {"ready":true,"message":"The server is ready to accept new connections","build":{"version":"2.11.5","git-sha":"4eddc999c5d9b705e7356152d2d5953a0dda3720","built":"2024-10-09 17:32:11 +0530"}}
&amp#27;[38;5;86m[HTTP]&amp#27;[0m &amp#27;[37m<-- GET /status &amp#27;[39m&amp#27;[32m200&amp#27;[39m &amp#27;[90m1 ms - 200&amp#27;[39m &amp#27;[90m&amp#27;[39m
&amp#27;[38;5;86m[HTTP]&amp#27;[0m Request idempotency key: 11c8a78b-d6aa-4d4f-8180-1376d6a54b11
&amp#27;[38;5;86m[HTTP]&amp#27;[0m &amp#27;[37m-->&amp#27;[39m &amp#27;[37mPOST&amp#27;[39m &amp#27;[37m/session&amp#27;[39m &amp#27;[90m{"capabilities":{"firstMatch":[{}],"alwaysMatch":{"appium:deviceName":"AndroidDeviceName","appium:autoGrantPermissions":true,"appium:appPackage":"com.saucelabs.mydemoapp.android","appium:automationName":"UIAutomator2","platformName":"ANDROID","appium:appActivity":"com.saucelabs.mydemoapp.android.view.activities.SplashActivity","appium:app":"G:\\Automation Projects\\testriq\\src\\main\\java\\apps\\mda-2.2.0-25.apk"}}}&amp#27;[39m
&amp#27;[38;5;28m[AppiumDriver@3b8c]&amp#27;[0m Calling AppiumDriver.createSession() with args: [null,null,{"firstMatch":[{}],"alwaysMatch":{"appium:deviceName":"AndroidDeviceName","appium:autoGrantPermissions":true,"appium:appPackage":"com.saucelabs.mydemoapp.android","appium:automationName":"UIAutomator2","platformName":"ANDROID","appium:appActivity":"com.saucelabs.mydemoapp.android.view.activities.SplashActivity","appium:app":"G:\\Automation Projects\\testriq\\src\\main\\java\\apps\\mda-2.2.0-25.apk"}}]
&amp#27;[38;5;28m[AppiumDriver@3b8c]&amp#27;[0m Event 'newSessionRequested' logged at 1737027784497 (17:13:04 GMT+0530 (India Standard Time))
&amp#27;[38;5;112m[Appium]&amp#27;[0m Attempting to find matching driver for automationName 'UIAutomator2' and platformName 'ANDROID'
&amp#27;[38;5;112m[Appium]&amp#27;[0m The 'uiautomator2' driver was installed and matched caps.
&amp#27;[38;5;112m[Appium]&amp#27;[0m Will require it at C:\Users\Testriq\.appium\node_modules\appium-uiautomator2-driver
&amp#27;[38;5;112m[Appium]&amp#27;[0m Requiring driver at C:\Users\Testriq\.appium\node_modules\appium-uiautomator2-driver\build\index.js
&amp#27;[38;5;28m[AppiumDriver@3b8c]&amp#27;[0m Appium v2.11.5 creating new AndroidUiautomator2Driver (v3.8.0) session
&amp#27;[38;5;28m[AppiumDriver@3b8c]&amp#27;[0m Checking BaseDriver versions for Appium and AndroidUiautomator2Driver
&amp#27;[38;5;28m[AppiumDriver@3b8c]&amp#27;[0m Appium's BaseDriver version is 9.11.5
&amp#27;[38;5;28m[AppiumDriver@3b8c]&amp#27;[0m AndroidUiautomator2Driver's BaseDriver version is 9.11.5
&amp#27;[38;5;-4m[AndroidUiautomator2Driver@8146]&amp#27;[0m 
&amp#27;[38;5;-4m[AndroidUiautomator2Driver@8146]&amp#27;[0m Creating session with W3C capabilities: {
  "alwaysMatch": {
    "platformName": "ANDROID",
    "appium:deviceName": "AndroidDeviceName",
    "appium:autoGrantPermissions": true,
    "appium:appPackage": "com.saucelabs.mydemoapp.android",
    "appium:automationName": "UIAutomator2",
    "appium:appActivity": "com.saucelabs.mydemoapp.android.view.activities.SplashActivity",
    "appium:app": "G:\\Automation Projects\\testriq\\src\\main\\java\\apps\\mda-2.2.0-25.apk"
  },
  "firstMatch": [
    {}
  ]
}
&amp#27;[38;5;35m[5782acc8]&amp#27;[0m&amp#27;[38;5;-4m[AndroidUiautomator2Driver@8146]&amp#27;[0m Session created with session id: 5782acc8-f234-440a-a608-d0fc3ec022d3
&amp#27;[38;5;35m[5782acc8]&amp#27;[0m&amp#27;[38;5;229m[ADB]&amp#27;[0m Using 'adb.exe' from 'C:\Users\Testriq\AppData\Local\Android\Sdk\platform-tools\adb.exe'
&amp#27;[38;5;35m[5782acc8]&amp#27;[0m&amp#27;[38;5;229m[ADB]&amp#27;[0m Running 'C:\Users\Testriq\AppData\Local\Android\Sdk\platform-tools\adb.exe -P 5037 start-server'
&amp#27;[38;5;35m[5782acc8]&amp#27;[0m&amp#27;[38;5;-4m[AndroidUiautomator2Driver@8146]&amp#27;[0m Retrieving device list
&amp#27;[38;5;35m[5782acc8]&amp#27;[0m&amp#27;[38;5;229m[ADB]&amp#27;[0m Trying to find connected Android devices
&amp#27;[38;5;35m[5782acc8]&amp#27;[0m&amp#27;[38;5;229m[ADB]&amp#27;[0m Getting connected devices
&amp#27;[38;5;35m[5782acc8]&amp#27;[0m&amp#27;[38;5;229m[ADB]&amp#27;[0m Connected devices: [{"udid":"2A131FDH200HX6","state":"device"}]
&amp#27;[38;5;35m[5782acc8]&amp#27;[0m&amp#27;[38;5;-4m[AndroidUiautomator2Driver@8146]&amp#27;[0m Using device: 2A131FDH200HX6
&amp#27;[38;5;35m[5782acc8]&amp#27;[0m&amp#27;[38;5;229m[ADB]&amp#27;[0m Using 'adb.exe' from 'C:\Users\Testriq\AppData\Local\Android\Sdk\platform-tools\adb.exe'
&amp#27;[38;5;35m[5782acc8]&amp#27;[0m&amp#27;[38;5;229m[ADB]&amp#27;[0m Running 'C:\Users\Testriq\AppData\Local\Android\Sdk\platform-tools\adb.exe -P 5037 start-server'
&amp#27;[38;5;35m[5782acc8]&amp#27;[0m&amp#27;[38;5;229m[ADB]&amp#27;[0m Setting device id to 2A131FDH200HX6
&amp#27;[38;5;35m[5782acc8]&amp#27;[0m&amp#27;[38;5;123m[BaseDriver]&amp#27;[0m Using local app 'G:\Automation Projects\testriq\src\main\java\apps\mda-2.2.0-25.apk'
&amp#27;[38;5;35m[5782acc8]&amp#27;[0m&amp#27;[38;5;-4m[AndroidUiautomator2Driver@8146]&amp#27;[0m Checking whether app is actually present
&amp#27;[38;5;35m[5782acc8]&amp#27;[0m&amp#27;[38;5;229m[ADB]&amp#27;[0m Running 'C:\Users\Testriq\AppData\Local\Android\Sdk\platform-tools\adb.exe -P 5037 -s 2A131FDH200HX6 shell getprop ro.build.version.sdk'
&amp#27;[38;5;35m[5782acc8]&amp#27;[0m&amp#27;[38;5;229m[ADB]&amp#27;[0m Current device property 'ro.build.version.sdk': 35
&amp#27;[38;5;35m[5782acc8]&amp#27;[0m&amp#27;[38;5;229m[ADB]&amp#27;[0m Getting device platform version
&amp#27;[38;5;35m[5782acc8]&amp#27;[0m&amp#27;[38;5;229m[ADB]&amp#27;[0m Running 'C:\Users\Testriq\AppData\Local\Android\Sdk\platform-tools\adb.exe -P 5037 -s 2A131FDH200HX6 shell getprop ro.build.version.release'
&amp#27;[38;5;35m[5782acc8]&amp#27;[0m&amp#27;[38;5;229m[ADB]&amp#27;[0m Current device property 'ro.build.version.release': 15
&amp#27;[38;5;35m[5782acc8]&amp#27;[0m&amp#27;[38;5;229m[ADB]&amp#27;[0m Device API level: 35
&amp#27;[38;5;35m[5782acc8]&amp#27;[0m&amp#27;[38;5;-4m[AndroidUiautomator2Driver@8146]&amp#27;[0m Relaxing hidden api policy
&amp#27;[38;5;35m[5782acc8]&amp#27;[0m&amp#27;[38;5;229m[ADB]&amp#27;[0m Running 'C:\Users\Testriq\AppData\Local\Android\Sdk\platform-tools\adb.exe -P 5037 -s 2A131FDH200HX6 shell 'settings put global hidden_api_policy_pre_p_apps 1;settings put global hidden_api_policy_p_apps 1;settings put global hidden_api_policy 1''
&amp#27;[38;5;35m[5782acc8]&amp#27;[0m&amp#27;[38;5;-4m[AndroidUiautomator2Driver@8146]&amp#27;[0m Pushing settings apk to the device...
&amp#27;[38;5;35m[5782acc8]&amp#27;[0m&amp#27;[38;5;229m[ADB]&amp#27;[0m Getting package info for 'io.appium.settings'
&amp#27;[38;5;35m[5782acc8]&amp#27;[0m&amp#27;[38;5;229m[ADB]&amp#27;[0m Running 'C:\Users\Testriq\AppData\Local\Android\Sdk\platform-tools\adb.exe -P 5037 -s 2A131FDH200HX6 shell dumpsys package io.appium.settings'
&amp#27;[38;5;35m[5782acc8]&amp#27;[0m&amp#27;[38;5;229m[ADB]&amp#27;[0m Using 'aapt2.exe' from 'C:\Users\Testriq\AppData\Local\Android\Sdk\build-tools\34.0.0\aapt2.exe'
&amp#27;[38;5;35m[5782acc8]&amp#27;[0m&amp#27;[38;5;229m[ADB]&amp#27;[0m Reading package manifest: 'C:\\Users\\Testriq\\AppData\\Local\\Android\\Sdk\\build-tools\\34.0.0\\aapt2.exe dump badging C:\\Users\\Testriq\\.appium\\node_modules\\appium-uiautomator2-driver\\node_modules\\io.appium.settings\\apks\\settings_apk-debug.apk'
&amp#27;[38;5;35m[5782acc8]&amp#27;[0m&amp#27;[38;5;229m[ADB]&amp#27;[0m The version name of the installed 'io.appium.settings' is greater or equal to the application version name ('5.12.13' >= '5.12.13')
&amp#27;[38;5;35m[5782acc8]&amp#27;[0m&amp#27;[38;5;229m[ADB]&amp#27;[0m There is no need to install/upgrade 'C:\Users\Testriq\.appium\node_modules\appium-uiautomator2-driver\node_modules\io.appium.settings\apks\settings_apk-debug.apk'
&amp#27;[38;5;35m[5782acc8]&amp#27;[0m&amp#27;[38;5;229m[ADB]&amp#27;[0m Running 'C:\Users\Testriq\AppData\Local\Android\Sdk\platform-tools\adb.exe -P 5037 -s 2A131FDH200HX6 shell dumpsys activity services io.appium.settings'
&amp#27;[38;5;35m[5782acc8]&amp#27;[0m&amp#27;[38;5;-4m[AndroidUiautomator2Driver@8146]&amp#27;[0m io.appium.settings is already running. There is no need to reset its permissions.
&amp#27;[38;5;35m[5782acc8]&amp#27;[0m&amp#27;[38;5;160m[Logcat]&amp#27;[0m Starting logs capture with command: C:\\Users\\Testriq\\AppData\\Local\\Android\\Sdk\\platform-tools\\adb.exe -P 5037 -s 2A131FDH200HX6 logcat -v threadtime
&amp#27;[38;5;35m[5782acc8]&amp#27;[0m&amp#27;[38;5;229m[ADB]&amp#27;[0m Running 'C:\Users\Testriq\AppData\Local\Android\Sdk\platform-tools\adb.exe -P 5037 -s 2A131FDH200HX6 shell appops set io.appium.settings android:mock_location allow'
&amp#27;[38;5;35m[5782acc8]&amp#27;[0m&amp#27;[38;5;229m[ADB]&amp#27;[0m Running 'C:\Users\Testriq\AppData\Local\Android\Sdk\platform-tools\adb.exe -P 5037 -s 2A131FDH200HX6 shell "[ -e '/data/local/tmp/mock_apps.json' ] && echo __PASS__"'
&amp#27;[38;5;35m[5782acc8]&amp#27;[0m&amp#27;[38;5;229m[ADB]&amp#27;[0m Running 'C:\Users\Testriq\AppData\Local\Android\Sdk\platform-tools\adb.exe -P 5037 -s 2A131FDH200HX6 shell cat /data/local/tmp/mock_apps.json'
&amp#27;[38;5;35m[5782acc8]&amp#27;[0m&amp#27;[38;5;-4m[AndroidUiautomator2Driver@8146]&amp#27;[0m Forwarding UiAutomator2 Server port 6790 to local port 8204
&amp#27;[38;5;35m[5782acc8]&amp#27;[0m&amp#27;[38;5;229m[ADB]&amp#27;[0m Forwarding system: 8204 to device: 6790
&amp#27;[38;5;35m[5782acc8]&amp#27;[0m&amp#27;[38;5;229m[ADB]&amp#27;[0m Running 'C:\Users\Testriq\AppData\Local\Android\Sdk\platform-tools\adb.exe -P 5037 -s 2A131FDH200HX6 forward tcp:8204 tcp:6790'
&amp#27;[38;5;35m[5782acc8]&amp#27;[0m&amp#27;[38;5;229m[ADB]&amp#27;[0m Getting package info for 'io.appium.uiautomator2.server'
&amp#27;[38;5;35m[5782acc8]&amp#27;[0m&amp#27;[38;5;229m[ADB]&amp#27;[0m Running 'C:\Users\Testriq\AppData\Local\Android\Sdk\platform-tools\adb.exe -P 5037 -s 2A131FDH200HX6 shell dumpsys package io.appium.uiautomator2.server'
&amp#27;[38;5;35m[5782acc8]&amp#27;[0m&amp#27;[38;5;229m[ADB]&amp#27;[0m Getting install status for io.appium.uiautomator2.server.test
&amp#27;[38;5;35m[5782acc8]&amp#27;[0m&amp#27;[38;5;229m[ADB]&amp#27;[0m Checking app cert for G:\Automation Projects\testriq\src\main\java\apps\mda-2.2.0-25.apk
&amp#27;[38;5;35m[5782acc8]&amp#27;[0m&amp#27;[38;5;229m[ADB]&amp#27;[0m Running 'C:\Users\Testriq\AppData\Local\Android\Sdk\platform-tools\adb.exe -P 5037 -s 2A131FDH200HX6 shell cmd package list packages'
&amp#27;[38;5;35m[5782acc8]&amp#27;[0m&amp#27;[38;5;229m[ADB]&amp#27;[0m 'io.appium.uiautomator2.server.test' is installed
&amp#27;[38;5;35m[5782acc8]&amp#27;[0m&amp#27;[38;5;229m[ADB]&amp#27;[0m Reading package manifest: 'C:\\Users\\Testriq\\AppData\\Local\\Android\\Sdk\\build-tools\\34.0.0\\aapt2.exe dump badging C:\\Users\\Testriq\\.appium\\node_modules\\appium-uiautomator2-driver\\node_modules\\appium-uiautomator2-server\\apks\\appium-uiautomator2-server-v7.0.25.apk'
&amp#27;[38;5;35m[5782acc8]&amp#27;[0m&amp#27;[38;5;229m[ADB]&amp#27;[0m Using the previously cached signature entry for 'mda-2.2.0-25.apk'
&amp#27;[38;5;35m[5782acc8]&amp#27;[0m&amp#27;[38;5;229m[ADB]&amp#27;[0m Getting package info for 'com.saucelabs.mydemoapp.android'
&amp#27;[38;5;35m[5782acc8]&amp#27;[0m&amp#27;[38;5;229m[ADB]&amp#27;[0m Running 'C:\Users\Testriq\AppData\Local\Android\Sdk\platform-tools\adb.exe -P 5037 -s 2A131FDH200HX6 shell dumpsys package com.saucelabs.mydemoapp.android'
&amp#27;[38;5;35m[5782acc8]&amp#27;[0m&amp#27;[38;5;229m[ADB]&amp#27;[0m The version name of the installed 'io.appium.uiautomator2.server' is greater or equal to the application version name ('7.0.25' >= '7.0.25')
&amp#27;[38;5;35m[5782acc8]&amp#27;[0m&amp#27;[38;5;-4m[AndroidUiautomator2Driver@8146]&amp#27;[0m Server packages status: [{"installState":"sameVersionInstalled","appPath":"C:\\Users\\Testriq\\.appium\\node_modules\\appium-uiautomator2-driver\\node_modules\\appium-uiautomator2-server\\apks\\appium-uiautomator2-server-v7.0.25.apk","appId":"io.appium.uiautomator2.server"},{"installState":"sameVersionInstalled","appPath":"C:\\Users\\Testriq\\.appium\\node_modules\\appium-uiautomator2-driver\\node_modules\\appium-uiautomator2-server\\apks\\appium-uiautomator2-server-debug-androidTest.apk","appId":"io.appium.uiautomator2.server.test"}]
&amp#27;[38;5;35m[5782acc8]&amp#27;[0m&amp#27;[38;5;-4m[AndroidUiautomator2Driver@8146]&amp#27;[0m Server packages are not going to be (re)installed
&amp#27;[38;5;35m[5782acc8]&amp#27;[0m&amp#27;[38;5;-4m[AndroidUiautomator2Driver@8146]&amp#27;[0m Waiting up to 30000ms for services to be available
&amp#27;[38;5;35m[5782acc8]&amp#27;[0m&amp#27;[38;5;229m[ADB]&amp#27;[0m Running 'C:\Users\Testriq\AppData\Local\Android\Sdk\platform-tools\adb.exe -P 5037 -s 2A131FDH200HX6 shell pm list instrumentation'
&amp#27;[38;5;35m[5782acc8]&amp#27;[0m&amp#27;[38;5;-4m[AndroidUiautomator2Driver@8146]&amp#27;[0m Instrumentation target 'io.appium.uiautomator2.server.test/androidx.test.runner.AndroidJUnitRunner' is available
&amp#27;[38;5;35m[5782acc8]&amp#27;[0m&amp#27;[38;5;229m[ADB]&amp#27;[0m Adding packages ["io.appium.settings","io.appium.uiautomator2.server","io.appium.uiautomator2.server.test"] to Doze whitelist
&amp#27;[38;5;35m[5782acc8]&amp#27;[0m&amp#27;[38;5;229m[ADB]&amp#27;[0m Got the following command chunks to execute: [["dumpsys","deviceidle","whitelist","+io.appium.settings",";","dumpsys","deviceidle","whitelist","+io.appium.uiautomator2.server",";","dumpsys","deviceidle","whitelist","+io.appium.uiautomator2.server.test",";"]]
&amp#27;[38;5;35m[5782acc8]&amp#27;[0m&amp#27;[38;5;229m[ADB]&amp#27;[0m Running 'C:\Users\Testriq\AppData\Local\Android\Sdk\platform-tools\adb.exe -P 5037 -s 2A131FDH200HX6 shell dumpsys deviceidle whitelist +io.appium.settings ; dumpsys deviceidle whitelist +io.appium.uiautomator2.server ; dumpsys deviceidle whitelist +io.appium.uiautomator2.server.test ;'
&amp#27;[38;5;35m[5782acc8]&amp#27;[0m&amp#27;[38;5;229m[ADB]&amp#27;[0m Reading package manifest: 'C:\\Users\\Testriq\\AppData\\Local\\Android\\Sdk\\build-tools\\34.0.0\\aapt2.exe dump badging 'G:\\Automation Projects\\testriq\\src\\main\\java\\apps\\mda-2.2.0-25.apk''
&amp#27;[38;5;35m[5782acc8]&amp#27;[0m&amp#27;[38;5;229m[ADB]&amp#27;[0m The version name of the installed 'com.saucelabs.mydemoapp.android' is greater or equal to the application version name ('2.2.0' >= '2.2.0')
&amp#27;[38;5;35m[5782acc8]&amp#27;[0m&amp#27;[38;5;229m[ADB]&amp#27;[0m There is no need to install/upgrade 'G:\Automation Projects\testriq\src\main\java\apps\mda-2.2.0-25.apk'
&amp#27;[38;5;35m[5782acc8]&amp#27;[0m&amp#27;[38;5;-4m[AndroidUiautomator2Driver@8146]&amp#27;[0m Performing fast reset on 'com.saucelabs.mydemoapp.android'
&amp#27;[38;5;35m[5782acc8]&amp#27;[0m&amp#27;[38;5;229m[ADB]&amp#27;[0m Getting install status for com.saucelabs.mydemoapp.android
&amp#27;[38;5;35m[5782acc8]&amp#27;[0m&amp#27;[38;5;229m[ADB]&amp#27;[0m Running 'C:\Users\Testriq\AppData\Local\Android\Sdk\platform-tools\adb.exe -P 5037 -s 2A131FDH200HX6 shell cmd package list packages'
&amp#27;[38;5;35m[5782acc8]&amp#27;[0m&amp#27;[38;5;229m[ADB]&amp#27;[0m 'com.saucelabs.mydemoapp.android' is installed
&amp#27;[38;5;35m[5782acc8]&amp#27;[0m&amp#27;[38;5;229m[ADB]&amp#27;[0m Running 'C:\Users\Testriq\AppData\Local\Android\Sdk\platform-tools\adb.exe -P 5037 -s 2A131FDH200HX6 shell am force-stop com.saucelabs.mydemoapp.android'
&amp#27;[38;5;35m[5782acc8]&amp#27;[0m&amp#27;[38;5;229m[ADB]&amp#27;[0m Running 'C:\Users\Testriq\AppData\Local\Android\Sdk\platform-tools\adb.exe -P 5037 -s 2A131FDH200HX6 shell pm clear com.saucelabs.mydemoapp.android'
&amp#27;[38;5;112m[Appium]&amp#27;[0m Welcome to Appium v2.11.5 (REV 4eddc999c5d9b705e7356152d2d5953a0dda3720)
&amp#27;[38;5;112m[Appium]&amp#27;[0m Non-default server args:
&amp#27;[38;5;112m[Appium]&amp#27;[0m { address: &amp#27;[32m'127.0.0.1'&amp#27;[39m }
&amp#27;[38;5;112m[Appium]&amp#27;[0m The autodetected Appium home path: C:\Users\Testriq\.appium
&amp#27;[38;5;112m[Appium]&amp#27;[0m Attempting to load driver uiautomator2...
&amp#27;[38;5;112m[Appium]&amp#27;[0m Requiring driver at C:\Users\Testriq\.appium\node_modules\appium-uiautomator2-driver\build\index.js
&amp#27;[38;5;35m[5782acc8]&amp#27;[0m&amp#27;[38;5;229m[ADB]&amp#27;[0m Running 'C:\Users\Testriq\AppData\Local\Android\Sdk\platform-tools\adb.exe -P 5037 -s 2A131FDH200HX6 shell dumpsys package com.saucelabs.mydemoapp.android'
&amp#27;[38;5;35m[5782acc8]&amp#27;[0m&amp#27;[38;5;229m[ADB]&amp#27;[0m Retrieving requested permissions
&amp#27;[38;5;35m[5782acc8]&amp#27;[0m&amp#27;[38;5;229m[ADB]&amp#27;[0m Retrieved 30 permissions from requested group
&amp#27;[38;5;35m[5782acc8]&amp#27;[0m&amp#27;[38;5;229m[ADB]&amp#27;[0m Retrieving granted permissions
&amp#27;[38;5;35m[5782acc8]&amp#27;[0m&amp#27;[38;5;229m[ADB]&amp#27;[0m Retrieved 5 permissions from install,runtime groups
&amp#27;[38;5;35m[5782acc8]&amp#27;[0m&amp#27;[38;5;229m[ADB]&amp#27;[0m Granting permissions ["android.permission.POST_NOTIFICATIONS","android.permission.ACCESS_FINE_LOCATION","android.permission.READ_MEDIA_VISUAL_USER_SELECTED","android.permission.READ_EXTERNAL_STORAGE","android.permission.ACCESS_COARSE_LOCATION","android.permission.READ_MEDIA_IMAGES","android.permission.CAMERA","android.permission.READ_MEDIA_AUDIO","android.permission.READ_MEDIA_VIDEO","android.permission.WRITE_EXTERNAL_STORAGE","android.permission.POST_NOTIFICATIONS","android.permission.ACCESS_FINE_LOCATION","android.permission.READ_MEDIA_VISUAL_USER_SELECTED","android.permission.READ_EXTERNAL_STORAGE","android.permission.ACCESS_COARSE_LOCATION","android.permission.READ_MEDIA_IMAGES","android.permission.CAMERA","android.permission.READ_MEDIA_AUDIO","android.permission.READ_MEDIA_VIDEO","android.permission.WRITE_EXTERNAL_STORAGE"] to 'com.saucelabs.mydemoapp.android'
&amp#27;[38;5;35m[5782acc8]&amp#27;[0m&amp#27;[38;5;229m[ADB]&amp#27;[0m Got the following command chunks to execute: [["pm","grant","com.saucelabs.mydemoapp.android","android.permission.POST_NOTIFICATIONS",";","pm","grant","com.saucelabs.mydemoapp.android","android.permission.ACCESS_FINE_LOCATION",";","pm","grant","com.saucelabs.mydemoapp.android","android.permission.READ_MEDIA_VISUAL_USER_SELECTED",";","pm","grant","com.saucelabs.mydemoapp.android","android.permission.READ_EXTERNAL_STORAGE",";","pm","grant","com.saucelabs.mydemoapp.android","android.permission.ACCESS_COARSE_LOCATION",";","pm","grant","com.saucelabs.mydemoapp.android","android.permission.READ_MEDIA_IMAGES",";","pm","grant","com.saucelabs.mydemoapp.android","android.permission.CAMERA",";","pm","grant","com.saucelabs.mydemoapp.android","android.permission.READ_MEDIA_AUDIO",";","pm","grant","com.saucelabs.mydemoapp.android","android.permission.READ_MEDIA_VIDEO",";","pm","grant","com.saucelabs.mydemoapp.android","android.permission.WRITE_EXTERNAL_STORAGE",";","pm","grant","com.saucelabs.mydemoapp.android","android.permission.POST_NOTIFICATIONS",";","pm","grant","com.saucelabs.mydemoapp.android","android.permission.ACCESS_FINE_LOCATION",";"],["pm","grant","com.saucelabs.mydemoapp.android","android.permission.READ_MEDIA_VISUAL_USER_SELECTED",";","pm","grant","com.saucelabs.mydemoapp.android","android.permission.READ_EXTERNAL_STORAGE",";","pm","grant","com.saucelabs.mydemoapp.android","android.permission.ACCESS_COARSE_LOCATION",";","pm","grant","com.saucelabs.mydemoapp.android","android.permission.READ_MEDIA_IMAGES",";","pm","grant","com.saucelabs.mydemoapp.android","android.permission.CAMERA",";","pm","grant","com.saucelabs.mydemoapp.android","android.permission.READ_MEDIA_AUDIO",";","pm","grant","com.saucelabs.mydemoapp.android","android.permission.READ_MEDIA_VIDEO",";","pm","grant","com.saucelabs.mydemoapp.android","android.permission.WRITE_EXTERNAL_STORAGE",";"]]
&amp#27;[38;5;35m[5782acc8]&amp#27;[0m&amp#27;[38;5;229m[ADB]&amp#27;[0m Running 'C:\Users\Testriq\AppData\Local\Android\Sdk\platform-tools\adb.exe -P 5037 -s 2A131FDH200HX6 shell pm grant com.saucelabs.mydemoapp.android android.permission.POST_NOTIFICATIONS ; pm grant com.saucelabs.mydemoapp.android android.permission.ACCESS_FINE_LOCATION ; pm grant com.saucelabs.mydemoapp.android android.permission.READ_MEDIA_VISUAL_USER_SELECTED ; pm grant com.saucelabs.mydemoapp.android android.permission.READ_EXTERNAL_STORAGE ; pm grant com.saucelabs.mydemoapp.android android.permission.ACCESS_COARSE_LOCATION ; pm grant com.saucelabs.mydemoapp.android android.permission.READ_MEDIA_IMAGES ; pm grant com.saucelabs.mydemoapp.android android.permission.CAMERA ; pm grant com.saucelabs.mydemoapp.android android.permission.READ_MEDIA_AUDIO ; pm grant com.saucelabs.mydemoapp.android android.permission.READ_MEDIA_VIDEO ; pm grant com.saucelabs.mydemoapp.android android.permission.WRITE_EXTERNAL_STORAGE ; pm grant com.saucelabs.mydemoapp.android android.permission.POST_NOTIFICATIONS ; pm grant com.saucelabs.mydemoapp.android android.permission.ACCESS_FINE_LOCATION ;'
&amp#27;[38;5;112m[Appium]&amp#27;[0m AndroidUiautomator2Driver has been successfully loaded in 0.875s
&amp#27;[38;5;86m[HTTP]&amp#27;[0m Could not start REST http interface listener. The requested port may already be in use. Please make sure there is no other instance of this server running already.
&amp#27;[38;5;112m[Appium]&amp#27;[0m Could not configure Appium server. It's possible that a driver or plugin tried to update the server and failed. Original error: listen EADDRINUSE: address already in use 127.0.0.1:4723
&amp#27;[38;5;112m[Appium]&amp#27;[0m Error: listen EADDRINUSE: address already in use 127.0.0.1:4723
    at Server.setupListenHandle [as _listen2] (node:net:1904:16)
    at listenInCluster (node:net:1961:12)
    at doListen (node:net:2135:7)
    at processTicksAndRejections (node:internal/process/task_queues:83:21)
&amp#27;[38;5;35m[5782acc8]&amp#27;[0m&amp#27;[38;5;229m[ADB]&amp#27;[0m Running 'C:\Users\Testriq\AppData\Local\Android\Sdk\platform-tools\adb.exe -P 5037 -s 2A131FDH200HX6 shell pm grant com.saucelabs.mydemoapp.android android.permission.READ_MEDIA_VISUAL_USER_SELECTED ; pm grant com.saucelabs.mydemoapp.android android.permission.READ_EXTERNAL_STORAGE ; pm grant com.saucelabs.mydemoapp.android android.permission.ACCESS_COARSE_LOCATION ; pm grant com.saucelabs.mydemoapp.android android.permission.READ_MEDIA_IMAGES ; pm grant com.saucelabs.mydemoapp.android android.permission.CAMERA ; pm grant com.saucelabs.mydemoapp.android android.permission.READ_MEDIA_AUDIO ; pm grant com.saucelabs.mydemoapp.android android.permission.READ_MEDIA_VIDEO ; pm grant com.saucelabs.mydemoapp.android android.permission.WRITE_EXTERNAL_STORAGE ;'
&amp#27;[38;5;35m[5782acc8]&amp#27;[0m&amp#27;[38;5;-4m[AndroidUiautomator2Driver@8146]&amp#27;[0m Performed fast reset on the installed 'com.saucelabs.mydemoapp.android' application (stop and clear)
&amp#27;[38;5;35m[5782acc8]&amp#27;[0m&amp#27;[38;5;-4m[AndroidUiautomator2Driver@8146]&amp#27;[0m Performing shallow cleanup of automation leftovers
&amp#27;[38;5;35m[5782acc8]&amp#27;[0m&amp#27;[38;5;-4m[AndroidUiautomator2Driver@8146]&amp#27;[0m No obsolete sessions have been detected (socket hang up)
&amp#27;[38;5;35m[5782acc8]&amp#27;[0m&amp#27;[38;5;229m[ADB]&amp#27;[0m Running 'C:\Users\Testriq\AppData\Local\Android\Sdk\platform-tools\adb.exe -P 5037 -s 2A131FDH200HX6 shell am force-stop io.appium.uiautomator2.server'
&amp#27;[38;5;35m[5782acc8]&amp#27;[0m&amp#27;[38;5;229m[ADB]&amp#27;[0m Running 'C:\Users\Testriq\AppData\Local\Android\Sdk\platform-tools\adb.exe -P 5037 -s 2A131FDH200HX6 shell am force-stop io.appium.uiautomator2.server.test'
&amp#27;[38;5;35m[5782acc8]&amp#27;[0m&amp#27;[38;5;-4m[AndroidUiautomator2Driver@8146]&amp#27;[0m Starting UIAutomator2 server 7.0.25
&amp#27;[38;5;35m[5782acc8]&amp#27;[0m&amp#27;[38;5;-4m[AndroidUiautomator2Driver@8146]&amp#27;[0m Using UIAutomator2 server from 'C:\Users\Testriq\.appium\node_modules\appium-uiautomator2-driver\node_modules\appium-uiautomator2-server\apks\appium-uiautomator2-server-v7.0.25.apk' and test from 'C:\Users\Testriq\.appium\node_modules\appium-uiautomator2-driver\node_modules\appium-uiautomator2-server\apks\appium-uiautomator2-server-debug-androidTest.apk'
&amp#27;[38;5;35m[5782acc8]&amp#27;[0m&amp#27;[38;5;-4m[AndroidUiautomator2Driver@8146]&amp#27;[0m Waiting up to 30000ms for UiAutomator2 to be online...
&amp#27;[38;5;35m[5782acc8]&amp#27;[0m&amp#27;[38;5;229m[ADB]&amp#27;[0m Creating ADB subprocess with args: ["-P","5037","-s","2A131FDH200HX6","shell","am","instrument","-w","-e","disableAnalytics","true","io.appium.uiautomator2.server.test/androidx.test.runner.AndroidJUnitRunner"]
&amp#27;[38;5;35m[5782acc8]&amp#27;[0m&amp#27;[38;5;-4m[AndroidUiautomator2Driver@8146]&amp#27;[0m Matched '/status' to command name 'getStatus'
&amp#27;[38;5;35m[5782acc8]&amp#27;[0m&amp#27;[38;5;-4m[AndroidUiautomator2Driver@8146]&amp#27;[0m Proxying [GET /status] to [GET http://127.0.0.1:8204/status] with no body
&amp#27;[38;5;35m[5782acc8]&amp#27;[0m&amp#27;[38;5;-4m[AndroidUiautomator2Driver@8146]&amp#27;[0m socket hang up
&amp#27;[38;5;35m[5782acc8]&amp#27;[0m&amp#27;[38;5;-4m[AndroidUiautomator2Driver@8146]&amp#27;[0m [Instrumentation] 
&amp#27;[38;5;35m[5782acc8]&amp#27;[0m&amp#27;[38;5;-4m[AndroidUiautomator2Driver@8146]&amp#27;[0m Matched '/status' to command name 'getStatus'
&amp#27;[38;5;35m[5782acc8]&amp#27;[0m&amp#27;[38;5;-4m[AndroidUiautomator2Driver@8146]&amp#27;[0m Proxying [GET /status] to [GET http://127.0.0.1:8204/status] with no body
&amp#27;[38;5;35m[5782acc8]&amp#27;[0m&amp#27;[38;5;-4m[AndroidUiautomator2Driver@8146]&amp#27;[0m socket hang up
&amp#27;[38;5;35m[5782acc8]&amp#27;[0m&amp#27;[38;5;-4m[AndroidUiautomator2Driver@8146]&amp#27;[0m Matched '/status' to command name 'getStatus'
&amp#27;[38;5;35m[5782acc8]&amp#27;[0m&amp#27;[38;5;-4m[AndroidUiautomator2Driver@8146]&amp#27;[0m Proxying [GET /status] to [GET http://127.0.0.1:8204/status] with no body
&amp#27;[38;5;35m[5782acc8]&amp#27;[0m&amp#27;[38;5;-4m[AndroidUiautomator2Driver@8146]&amp#27;[0m Got response with status 200: {"sessionId":"None","value":{"message":"UiAutomator2 Server is ready to accept commands","ready":true}}
&amp#27;[38;5;35m[5782acc8]&amp#27;[0m&amp#27;[38;5;-4m[AndroidUiautomator2Driver@8146]&amp#27;[0m The initialization of the instrumentation process took 2103ms
&amp#27;[38;5;35m[5782acc8]&amp#27;[0m&amp#27;[38;5;-4m[AndroidUiautomator2Driver@8146]&amp#27;[0m Matched '/session' to command name 'createSession'
&amp#27;[38;5;35m[5782acc8]&amp#27;[0m&amp#27;[38;5;-4m[AndroidUiautomator2Driver@8146]&amp#27;[0m Proxying [POST /session] to [POST http://127.0.0.1:8204/session] with body: {"capabilities":{"firstMatch":[{"platformName":"ANDROID","deviceName":"2A131FDH200HX6","autoGrantPermissions":true,"appPackage":"com.saucelabs.mydemoapp.android","automationName":"UIAutomator2","appActivity":"com.saucelabs.mydemoapp.android.view.activities.SplashActivity","app":"G:\\Automation Projects\\testriq\\src\\main\\java\\apps\\mda-2.2.0-25.apk","platform":"LINUX","webStorageEnabled":false,"takesScreenshot":true,"javascriptEnabled":true,"databaseEnabled":false,"networkConnectionEnabled":true,"locationContextEnabled":false,"warnings":{},"desired":{"platformName":"ANDROID","deviceName":"AndroidDeviceName","autoGrantPermissions":true,"appPackage":"com.saucelabs.mydemoapp.android","automationName":"UIAutomator2","appActivity":"com.saucelabs.mydemoapp.android.view.activities.SplashActivity","app":"G:\\Automation Projects\\testriq\\src\\main\\java\\apps\\mda-2.2.0-25.apk"},"deviceUDID":"2A131FDH200HX6"}],"alwaysMatch":{}}}
&amp#27;[38;5;35m[5782acc8]&amp#27;[0m&amp#27;[38;5;-4m[AndroidUiautomator2Driver@8146]&amp#27;[0m Got response with status 200: {"sessionId":"a5cdd03d-4e80-4e87-9550-cc0f47ae5128","value":{"capabilities":{"firstMatch":[{"platformName":"ANDROID","deviceName":"2A131FDH200HX6","autoGrantPermissions":true,"appPackage":"com.saucelabs.mydemoapp.android","automationName":"UIAutomator2","appActivity":"com.saucelabs.mydemoapp.android.view.activities.SplashActivity","app":"G:\\Automation Projects\\testriq\\src\\main\\java\\apps\\mda-2.2.0-25.apk","platform":"LINUX","webStorageEnabled":false,"takesScreenshot":true,"javascriptEnabled":true,"databaseEnabled":false,"networkConnectionEnabled":true,"locationContextEnabled":false,"warnings":{},"desired":{"platformName":"ANDROID","deviceName":"AndroidDeviceName","autoGrantPermissions":true,"appPackage":"com.saucelabs.mydemoapp.android","automationName":"UIAutomator2","appActivity":"com.saucelabs.mydemoapp.android.view.activities.SplashActivity","app":"G:\\Automation Projects\\testriq\\src\\main\\java\\apps\\mda-2.2.0-25.apk"},"deviceUDID":"2A131FDH200HX6"}],"alwaysMatch":{}},"sessionId":"a5cdd03d-4e...
&amp#27;[38;5;35m[5782acc8]&amp#27;[0m&amp#27;[38;5;-4m[AndroidUiautomator2Driver@8146]&amp#27;[0m Determined the downstream protocol as 'W3C'
&amp#27;[38;5;35m[5782acc8]&amp#27;[0m&amp#27;[38;5;-4m[AndroidUiautomator2Driver@8146]&amp#27;[0m Proxying [GET /appium/device/pixel_ratio] to [GET http://127.0.0.1:8204/session/a5cdd03d-4e80-4e87-9550-cc0f47ae5128/appium/device/pixel_ratio] with no body
&amp#27;[38;5;35m[5782acc8]&amp#27;[0m&amp#27;[38;5;-4m[AndroidUiautomator2Driver@8146]&amp#27;[0m Matched '/appium/device/system_bars' to command name 'getSystemBars'
&amp#27;[38;5;35m[5782acc8]&amp#27;[0m&amp#27;[38;5;-4m[AndroidUiautomator2Driver@8146]&amp#27;[0m Proxying [GET /appium/device/system_bars] to [GET http://127.0.0.1:8204/session/a5cdd03d-4e80-4e87-9550-cc0f47ae5128/appium/device/system_bars] with no body
&amp#27;[38;5;35m[5782acc8]&amp#27;[0m&amp#27;[38;5;-4m[AndroidUiautomator2Driver@8146]&amp#27;[0m Matched '/window/current/size' to command name 'getWindowSize'
&amp#27;[38;5;35m[5782acc8]&amp#27;[0m&amp#27;[38;5;-4m[AndroidUiautomator2Driver@8146]&amp#27;[0m Proxying [GET /window/current/size] to [GET http://127.0.0.1:8204/session/a5cdd03d-4e80-4e87-9550-cc0f47ae5128/window/current/size] with no body
&amp#27;[38;5;35m[5782acc8]&amp#27;[0m&amp#27;[38;5;-4m[AndroidUiautomator2Driver@8146]&amp#27;[0m Proxying [GET /appium/device/info] to [GET http://127.0.0.1:8204/session/a5cdd03d-4e80-4e87-9550-cc0f47ae5128/appium/device/info] with no body
&amp#27;[38;5;35m[5782acc8]&amp#27;[0m&amp#27;[38;5;229m[ADB]&amp#27;[0m Running 'C:\Users\Testriq\AppData\Local\Android\Sdk\platform-tools\adb.exe -P 5037 -s 2A131FDH200HX6 shell dumpsys window'
&amp#27;[38;5;35m[5782acc8]&amp#27;[0m&amp#27;[38;5;229m[ADB]&amp#27;[0m Running 'C:\Users\Testriq\AppData\Local\Android\Sdk\platform-tools\adb.exe -P 5037 -s 2A131FDH200HX6 shell dumpsys power'
&amp#27;[38;5;35m[5782acc8]&amp#27;[0m&amp#27;[38;5;-4m[AndroidUiautomator2Driver@8146]&amp#27;[0m Got response with status 200: {"sessionId":"a5cdd03d-4e80-4e87-9550-cc0f47ae5128","value":2.2250001}
&amp#27;[38;5;35m[5782acc8]&amp#27;[0m&amp#27;[38;5;-4m[AndroidUiautomator2Driver@8146]&amp#27;[0m Got response with status 200: {"sessionId":"a5cdd03d-4e80-4e87-9550-cc0f47ae5128","value":{"height":2400,"width":1080}}
&amp#27;[38;5;35m[5782acc8]&amp#27;[0m&amp#27;[38;5;-4m[AndroidUiautomator2Driver@8146]&amp#27;[0m Got response with status 200: {"sessionId":"a5cdd03d-4e80-4e87-9550-cc0f47ae5128","value":{"statusBar":136}}
&amp#27;[38;5;35m[5782acc8]&amp#27;[0m&amp#27;[38;5;-4m[AndroidUiautomator2Driver@8146]&amp#27;[0m Got response with status 200: {"sessionId":"a5cdd03d-4e80-4e87-9550-cc0f47ae5128","value":{"androidId":"7781aa28ec4e674f","apiVersion":"35","bluetooth":{"state":"ON"},"brand":"google","carrierName":"","displayDensity":356,"locale":"en_US","manufacturer":"Google","model":"Pixel 7","networks":[{"capabilities":{"SSID":null,"linkDownBandwidthKbps":29972,"linkUpstreamBandwidthKbps":24945,"networkCapabilities":"NET_CAPABILITY_NOT_METERED,NET_CAPABILITY_INTERNET,NET_CAPABILITY_NOT_RESTRICTED,NET_CAPABILITY_TRUSTED,NET_CAPABILITY_NOT_VPN,NET_CAPABILITY_VALIDATED,NET_CAPABILITY_NOT_ROAMING,NET_CAPABILITY_FOREGROUND,NET_CAPABILITY_NOT_CONGESTED,NET_CAPABILITY_NOT_SUSPENDED","signalStrength":-57,"transportTypes":"TRANSPORT_WIFI"},"detailedState":"CONNECTED","extraInfo":"","isAvailable":true,"isConnected":true,"isFailover":false,"isRoaming":false,"state":"CONNECTED","subtype":-1,"subtypeName":"","type":1,"typeName":"WIFI"}],"platformVersion":"15","realDisplaySize":"1080x2400","timeZone":"Asia/Kolkata"}}
&amp#27;[38;5;35m[5782acc8]&amp#27;[0m&amp#27;[38;5;-4m[AndroidUiautomator2Driver@8146]&amp#27;[0m Screen already unlocked, doing nothing
&amp#27;[38;5;35m[5782acc8]&amp#27;[0m&amp#27;[38;5;-4m[AndroidUiautomator2Driver@8146]&amp#27;[0m Starting 'com.saucelabs.mydemoapp.android/com.saucelabs.mydemoapp.android.view.activities.SplashActivity and waiting for 'com.saucelabs.mydemoapp.android/com.saucelabs.mydemoapp.android.view.activities.SplashActivity'
&amp#27;[38;5;35m[5782acc8]&amp#27;[0m&amp#27;[38;5;229m[ADB]&amp#27;[0m Running 'C:\Users\Testriq\AppData\Local\Android\Sdk\platform-tools\adb.exe -P 5037 -s 2A131FDH200HX6 shell am start -W -n com.saucelabs.mydemoapp.android/com.saucelabs.mydemoapp.android.view.activities.SplashActivity -S -a android.intent.action.MAIN -c android.intent.category.LAUNCHER -f 0x10200000'
&amp#27;[38;5;35m[5782acc8]&amp#27;[0m&amp#27;[38;5;28m[AppiumDriver@3b8c]&amp#27;[0m New AndroidUiautomator2Driver session created successfully, session 5782acc8-f234-440a-a608-d0fc3ec022d3 added to master session list
&amp#27;[38;5;35m[5782acc8]&amp#27;[0m&amp#27;[38;5;28m[AppiumDriver@3b8c]&amp#27;[0m Event 'newSessionStarted' logged at 1737027791098 (17:13:11 GMT+0530 (India Standard Time))
&amp#27;[38;5;35m[5782acc8]&amp#27;[0m&amp#27;[38;5;-4m[AndroidUiautomator2Driver@8146]&amp#27;[0m Cached the protocol value 'W3C' for the new session 5782acc8-f234-440a-a608-d0fc3ec022d3
&amp#27;[38;5;35m[5782acc8]&amp#27;[0m&amp#27;[38;5;-4m[AndroidUiautomator2Driver@8146]&amp#27;[0m Responding to client with driver.createSession() result: {"capabilities":{"platformName":"ANDROID","deviceName":"2A131FDH200HX6","autoGrantPermissions":true,"appPackage":"com.saucelabs.mydemoapp.android","automationName":"UIAutomator2","appActivity":"com.saucelabs.mydemoapp.android.view.activities.SplashActivity","app":"G:\\Automation Projects\\testriq\\src\\main\\java\\apps\\mda-2.2.0-25.apk","platform":"LINUX","webStorageEnabled":false,"takesScreenshot":true,"javascriptEnabled":true,"databaseEnabled":false,"networkConnectionEnabled":true,"locationContextEnabled":false,"warnings":{},"desired":{"platformName":"ANDROID","deviceName":"AndroidDeviceName","autoGrantPermissions":true,"appPackage":"com.saucelabs.mydemoapp.android","automationName":"UIAutomator2","appActivity":"com.saucelabs.mydemoapp.android.view.activities.SplashActivity","app":"G:\\Automation Projects\\testriq\\src\\main\\java\\apps\\mda-2.2.0-25.apk"},"deviceUDID":"2A131FDH200HX6","pixelRatio":"2.2250001","statBarHeight":136,"viewportRect":{"left":0,"top":136,"width":1080,"height":2264},"deviceApiL...
&amp#27;[38;5;35m[5782acc8]&amp#27;[0m&amp#27;[38;5;86m[HTTP]&amp#27;[0m &amp#27;[37m<-- POST /session &amp#27;[39m&amp#27;[32m200&amp#27;[39m &amp#27;[90m6601 ms - 1226&amp#27;[39m &amp#27;[90m&amp#27;[39m
&amp#27;[38;5;86m[HTTP]&amp#27;[0m &amp#27;[37m-->&amp#27;[39m &amp#27;[37mGET&amp#27;[39m &amp#27;[37m/status&amp#27;[39m &amp#27;[90m{}&amp#27;[39m
&amp#27;[38;5;28m[AppiumDriver@3b8c]&amp#27;[0m Calling AppiumDriver.getStatus() with args: []
&amp#27;[38;5;28m[AppiumDriver@3b8c]&amp#27;[0m Responding to client with driver.getStatus() result: {"ready":true,"message":"The server is ready to accept new connections","build":{"version":"2.11.5","git-sha":"4eddc999c5d9b705e7356152d2d5953a0dda3720","built":"2024-10-09 17:32:11 +0530"}}
&amp#27;[38;5;86m[HTTP]&amp#27;[0m &amp#27;[37m<-- GET /status &amp#27;[39m&amp#27;[32m200&amp#27;[39m &amp#27;[90m1 ms - 200&amp#27;[39m &amp#27;[90m&amp#27;[39m
&amp#27;[38;5;86m[HTTP]&amp#27;[0m Request idempotency key: c05d41f0-a923-475d-b9b9-b4f1505876a8
&amp#27;[38;5;86m[HTTP]&amp#27;[0m &amp#27;[37m-->&amp#27;[39m &amp#27;[37mPOST&amp#27;[39m &amp#27;[37m/session&amp#27;[39m &amp#27;[90m{"capabilities":{"firstMatch":[{}],"alwaysMatch":{"appium:deviceName":"AndroidDeviceName","appium:autoGrantPermissions":true,"appium:appPackage":"com.saucelabs.mydemoapp.android","appium:automationName":"UIAutomator2","platformName":"ANDROID","appium:appActivity":"com.saucelabs.mydemoapp.android.view.activities.SplashActivity","appium:app":"G:\\Automation Projects\\testriq\\src\\main\\java\\apps\\mda-2.2.0-25.apk"}}}&amp#27;[39m
&amp#27;[38;5;28m[AppiumDriver@3b8c]&amp#27;[0m Calling AppiumDriver.createSession() with args: [null,null,{"firstMatch":[{}],"alwaysMatch":{"appium:deviceName":"AndroidDeviceName","appium:autoGrantPermissions":true,"appium:appPackage":"com.saucelabs.mydemoapp.android","appium:automationName":"UIAutomator2","platformName":"ANDROID","appium:appActivity":"com.saucelabs.mydemoapp.android.view.activities.SplashActivity","appium:app":"G:\\Automation Projects\\testriq\\src\\main\\java\\apps\\mda-2.2.0-25.apk"}}]
&amp#27;[38;5;28m[AppiumDriver@3b8c]&amp#27;[0m Event 'newSessionRequested' logged at 1737027791127 (17:13:11 GMT+0530 (India Standard Time))
&amp#27;[38;5;112m[Appium]&amp#27;[0m Attempting to find matching driver for automationName 'UIAutomator2' and platformName 'ANDROID'
&amp#27;[38;5;112m[Appium]&amp#27;[0m The 'uiautomator2' driver was installed and matched caps.
&amp#27;[38;5;112m[Appium]&amp#27;[0m Will require it at C:\Users\Testriq\.appium\node_modules\appium-uiautomator2-driver
&amp#27;[38;5;112m[Appium]&amp#27;[0m Requiring driver at C:\Users\Testriq\.appium\node_modules\appium-uiautomator2-driver\build\index.js
&amp#27;[38;5;28m[AppiumDriver@3b8c]&amp#27;[0m Appium v2.11.5 creating new AndroidUiautomator2Driver (v3.8.0) session
&amp#27;[38;5;28m[AppiumDriver@3b8c]&amp#27;[0m Checking BaseDriver versions for Appium and AndroidUiautomator2Driver
&amp#27;[38;5;28m[AppiumDriver@3b8c]&amp#27;[0m Appium's BaseDriver version is 9.11.5
&amp#27;[38;5;28m[AppiumDriver@3b8c]&amp#27;[0m AndroidUiautomator2Driver's BaseDriver version is 9.11.5
&amp#27;[38;5;-78m[AndroidUiautomator2Driver@a198]&amp#27;[0m 
&amp#27;[38;5;-78m[AndroidUiautomator2Driver@a198]&amp#27;[0m Creating session with W3C capabilities: {
  "alwaysMatch": {
    "platformName": "ANDROID",
    "appium:deviceName": "AndroidDeviceName",
    "appium:autoGrantPermissions": true,
    "appium:appPackage": "com.saucelabs.mydemoapp.android",
    "appium:automationName": "UIAutomator2",
    "appium:appActivity": "com.saucelabs.mydemoapp.android.view.activities.SplashActivity",
    "appium:app": "G:\\Automation Projects\\testriq\\src\\main\\java\\apps\\mda-2.2.0-25.apk"
  },
  "firstMatch": [
    {}
  ]
}
&amp#27;[38;5;44m[2e52281c]&amp#27;[0m&amp#27;[38;5;-78m[AndroidUiautomator2Driver@a198]&amp#27;[0m Session created with session id: 2e52281c-842a-4ec4-9537-575aaab1b1c1
&amp#27;[38;5;44m[2e52281c]&amp#27;[0m&amp#27;[38;5;229m[ADB]&amp#27;[0m Using 'adb.exe' from 'C:\Users\Testriq\AppData\Local\Android\Sdk\platform-tools\adb.exe'
&amp#27;[38;5;44m[2e52281c]&amp#27;[0m&amp#27;[38;5;229m[ADB]&amp#27;[0m Running 'C:\Users\Testriq\AppData\Local\Android\Sdk\platform-tools\adb.exe -P 5037 start-server'
&amp#27;[38;5;44m[2e52281c]&amp#27;[0m&amp#27;[38;5;-78m[AndroidUiautomator2Driver@a198]&amp#27;[0m Retrieving device list
&amp#27;[38;5;44m[2e52281c]&amp#27;[0m&amp#27;[38;5;229m[ADB]&amp#27;[0m Trying to find connected Android devices
&amp#27;[38;5;44m[2e52281c]&amp#27;[0m&amp#27;[38;5;229m[ADB]&amp#27;[0m Getting connected devices
&amp#27;[38;5;44m[2e52281c]&amp#27;[0m&amp#27;[38;5;229m[ADB]&amp#27;[0m Connected devices: [{"udid":"2A131FDH200HX6","state":"device"}]
&amp#27;[38;5;44m[2e52281c]&amp#27;[0m&amp#27;[38;5;-78m[AndroidUiautomator2Driver@a198]&amp#27;[0m Using device: 2A131FDH200HX6
&amp#27;[38;5;44m[2e52281c]&amp#27;[0m&amp#27;[38;5;229m[ADB]&amp#27;[0m Using 'adb.exe' from 'C:\Users\Testriq\AppData\Local\Android\Sdk\platform-tools\adb.exe'
&amp#27;[38;5;44m[2e52281c]&amp#27;[0m&amp#27;[38;5;229m[ADB]&amp#27;[0m Running 'C:\Users\Testriq\AppData\Local\Android\Sdk\platform-tools\adb.exe -P 5037 start-server'
&amp#27;[38;5;44m[2e52281c]&amp#27;[0m&amp#27;[38;5;229m[ADB]&amp#27;[0m Setting device id to 2A131FDH200HX6
&amp#27;[38;5;44m[2e52281c]&amp#27;[0m&amp#27;[38;5;123m[BaseDriver]&amp#27;[0m Using local app 'G:\Automation Projects\testriq\src\main\java\apps\mda-2.2.0-25.apk'
&amp#27;[38;5;44m[2e52281c]&amp#27;[0m&amp#27;[38;5;-78m[AndroidUiautomator2Driver@a198]&amp#27;[0m Checking whether app is actually present
&amp#27;[38;5;44m[2e52281c]&amp#27;[0m&amp#27;[38;5;229m[ADB]&amp#27;[0m Running 'C:\Users\Testriq\AppData\Local\Android\Sdk\platform-tools\adb.exe -P 5037 -s 2A131FDH200HX6 shell getprop ro.build.version.sdk'
&amp#27;[38;5;44m[2e52281c]&amp#27;[0m&amp#27;[38;5;229m[ADB]&amp#27;[0m Current device property 'ro.build.version.sdk': 35
&amp#27;[38;5;44m[2e52281c]&amp#27;[0m&amp#27;[38;5;229m[ADB]&amp#27;[0m Getting device platform version
&amp#27;[38;5;44m[2e52281c]&amp#27;[0m&amp#27;[38;5;229m[ADB]&amp#27;[0m Running 'C:\Users\Testriq\AppData\Local\Android\Sdk\platform-tools\adb.exe -P 5037 -s 2A131FDH200HX6 shell getprop ro.build.version.release'
&amp#27;[38;5;44m[2e52281c]&amp#27;[0m&amp#27;[38;5;229m[ADB]&amp#27;[0m Current device property 'ro.build.version.release': 15
&amp#27;[38;5;44m[2e52281c]&amp#27;[0m&amp#27;[38;5;229m[ADB]&amp#27;[0m Device API level: 35
&amp#27;[38;5;44m[2e52281c]&amp#27;[0m&amp#27;[38;5;-78m[AndroidUiautomator2Driver@a198]&amp#27;[0m Relaxing hidden api policy
&amp#27;[38;5;44m[2e52281c]&amp#27;[0m&amp#27;[38;5;229m[ADB]&amp#27;[0m Running 'C:\Users\Testriq\AppData\Local\Android\Sdk\platform-tools\adb.exe -P 5037 -s 2A131FDH200HX6 shell 'settings put global hidden_api_policy_pre_p_apps 1;settings put global hidden_api_policy_p_apps 1;settings put global hidden_api_policy 1''
&amp#27;[38;5;44m[2e52281c]&amp#27;[0m&amp#27;[38;5;-78m[AndroidUiautomator2Driver@a198]&amp#27;[0m Pushing settings apk to the device...
&amp#27;[38;5;44m[2e52281c]&amp#27;[0m&amp#27;[38;5;229m[ADB]&amp#27;[0m Getting package info for 'io.appium.settings'
&amp#27;[38;5;44m[2e52281c]&amp#27;[0m&amp#27;[38;5;229m[ADB]&amp#27;[0m Running 'C:\Users\Testriq\AppData\Local\Android\Sdk\platform-tools\adb.exe -P 5037 -s 2A131FDH200HX6 shell dumpsys package io.appium.settings'
&amp#27;[38;5;44m[2e52281c]&amp#27;[0m&amp#27;[38;5;229m[ADB]&amp#27;[0m Using 'aapt2.exe' from 'C:\Users\Testriq\AppData\Local\Android\Sdk\build-tools\34.0.0\aapt2.exe'
&amp#27;[38;5;44m[2e52281c]&amp#27;[0m&amp#27;[38;5;229m[ADB]&amp#27;[0m Reading package manifest: 'C:\\Users\\Testriq\\AppData\\Local\\Android\\Sdk\\build-tools\\34.0.0\\aapt2.exe dump badging C:\\Users\\Testriq\\.appium\\node_modules\\appium-uiautomator2-driver\\node_modules\\io.appium.settings\\apks\\settings_apk-debug.apk'
&amp#27;[38;5;44m[2e52281c]&amp#27;[0m&amp#27;[38;5;229m[ADB]&amp#27;[0m The version name of the installed 'io.appium.settings' is greater or equal to the application version name ('5.12.13' >= '5.12.13')
&amp#27;[38;5;44m[2e52281c]&amp#27;[0m&amp#27;[38;5;229m[ADB]&amp#27;[0m There is no need to install/upgrade 'C:\Users\Testriq\.appium\node_modules\appium-uiautomator2-driver\node_modules\io.appium.settings\apks\settings_apk-debug.apk'
&amp#27;[38;5;44m[2e52281c]&amp#27;[0m&amp#27;[38;5;229m[ADB]&amp#27;[0m Running 'C:\Users\Testriq\AppData\Local\Android\Sdk\platform-tools\adb.exe -P 5037 -s 2A131FDH200HX6 shell dumpsys activity services io.appium.settings'
&amp#27;[38;5;44m[2e52281c]&amp#27;[0m&amp#27;[38;5;-78m[AndroidUiautomator2Driver@a198]&amp#27;[0m io.appium.settings is already running. There is no need to reset its permissions.
&amp#27;[38;5;44m[2e52281c]&amp#27;[0m&amp#27;[38;5;160m[Logcat]&amp#27;[0m Starting logs capture with command: C:\\Users\\Testriq\\AppData\\Local\\Android\\Sdk\\platform-tools\\adb.exe -P 5037 -s 2A131FDH200HX6 logcat -v threadtime
&amp#27;[38;5;44m[2e52281c]&amp#27;[0m&amp#27;[38;5;229m[ADB]&amp#27;[0m Running 'C:\Users\Testriq\AppData\Local\Android\Sdk\platform-tools\adb.exe -P 5037 -s 2A131FDH200HX6 shell appops set io.appium.settings android:mock_location allow'
&amp#27;[38;5;44m[2e52281c]&amp#27;[0m&amp#27;[38;5;229m[ADB]&amp#27;[0m Running 'C:\Users\Testriq\AppData\Local\Android\Sdk\platform-tools\adb.exe -P 5037 -s 2A131FDH200HX6 shell "[ -e '/data/local/tmp/mock_apps.json' ] && echo __PASS__"'
&amp#27;[38;5;44m[2e52281c]&amp#27;[0m&amp#27;[38;5;229m[ADB]&amp#27;[0m Running 'C:\Users\Testriq\AppData\Local\Android\Sdk\platform-tools\adb.exe -P 5037 -s 2A131FDH200HX6 shell cat /data/local/tmp/mock_apps.json'
&amp#27;[38;5;44m[2e52281c]&amp#27;[0m&amp#27;[38;5;-78m[AndroidUiautomator2Driver@a198]&amp#27;[0m Forwarding UiAutomator2 Server port 6790 to local port 8205
&amp#27;[38;5;44m[2e52281c]&amp#27;[0m&amp#27;[38;5;229m[ADB]&amp#27;[0m Forwarding system: 8205 to device: 6790
&amp#27;[38;5;44m[2e52281c]&amp#27;[0m&amp#27;[38;5;229m[ADB]&amp#27;[0m Running 'C:\Users\Testriq\AppData\Local\Android\Sdk\platform-tools\adb.exe -P 5037 -s 2A131FDH200HX6 forward tcp:8205 tcp:6790'
&amp#27;[38;5;44m[2e52281c]&amp#27;[0m&amp#27;[38;5;229m[ADB]&amp#27;[0m Getting package info for 'io.appium.uiautomator2.server'
&amp#27;[38;5;44m[2e52281c]&amp#27;[0m&amp#27;[38;5;229m[ADB]&amp#27;[0m Running 'C:\Users\Testriq\AppData\Local\Android\Sdk\platform-tools\adb.exe -P 5037 -s 2A131FDH200HX6 shell dumpsys package io.appium.uiautomator2.server'
&amp#27;[38;5;44m[2e52281c]&amp#27;[0m&amp#27;[38;5;229m[ADB]&amp#27;[0m Getting install status for io.appium.uiautomator2.server.test
&amp#27;[38;5;44m[2e52281c]&amp#27;[0m&amp#27;[38;5;229m[ADB]&amp#27;[0m Checking app cert for G:\Automation Projects\testriq\src\main\java\apps\mda-2.2.0-25.apk
&amp#27;[38;5;44m[2e52281c]&amp#27;[0m&amp#27;[38;5;229m[ADB]&amp#27;[0m Running 'C:\Users\Testriq\AppData\Local\Android\Sdk\platform-tools\adb.exe -P 5037 -s 2A131FDH200HX6 shell cmd package list packages'
&amp#27;[38;5;44m[2e52281c]&amp#27;[0m&amp#27;[38;5;229m[ADB]&amp#27;[0m Using the previously cached signature entry for 'mda-2.2.0-25.apk'
&amp#27;[38;5;44m[2e52281c]&amp#27;[0m&amp#27;[38;5;229m[ADB]&amp#27;[0m Getting package info for 'com.saucelabs.mydemoapp.android'
&amp#27;[38;5;44m[2e52281c]&amp#27;[0m&amp#27;[38;5;229m[ADB]&amp#27;[0m Running 'C:\Users\Testriq\AppData\Local\Android\Sdk\platform-tools\adb.exe -P 5037 -s 2A131FDH200HX6 shell dumpsys package com.saucelabs.mydemoapp.android'
&amp#27;[38;5;44m[2e52281c]&amp#27;[0m&amp#27;[38;5;229m[ADB]&amp#27;[0m 'io.appium.uiautomator2.server.test' is installed
&amp#27;[38;5;44m[2e52281c]&amp#27;[0m&amp#27;[38;5;229m[ADB]&amp#27;[0m Reading package manifest: 'C:\\Users\\Testriq\\AppData\\Local\\Android\\Sdk\\build-tools\\34.0.0\\aapt2.exe dump badging C:\\Users\\Testriq\\.appium\\node_modules\\appium-uiautomator2-driver\\node_modules\\appium-uiautomator2-server\\apks\\appium-uiautomator2-server-v7.0.25.apk'
&amp#27;[38;5;44m[2e52281c]&amp#27;[0m&amp#27;[38;5;229m[ADB]&amp#27;[0m The version name of the installed 'io.appium.uiautomator2.server' is greater or equal to the application version name ('7.0.25' >= '7.0.25')
&amp#27;[38;5;44m[2e52281c]&amp#27;[0m&amp#27;[38;5;-78m[AndroidUiautomator2Driver@a198]&amp#27;[0m Server packages status: [{"installState":"sameVersionInstalled","appPath":"C:\\Users\\Testriq\\.appium\\node_modules\\appium-uiautomator2-driver\\node_modules\\appium-uiautomator2-server\\apks\\appium-uiautomator2-server-v7.0.25.apk","appId":"io.appium.uiautomator2.server"},{"installState":"sameVersionInstalled","appPath":"C:\\Users\\Testriq\\.appium\\node_modules\\appium-uiautomator2-driver\\node_modules\\appium-uiautomator2-server\\apks\\appium-uiautomator2-server-debug-androidTest.apk","appId":"io.appium.uiautomator2.server.test"}]
&amp#27;[38;5;44m[2e52281c]&amp#27;[0m&amp#27;[38;5;-78m[AndroidUiautomator2Driver@a198]&amp#27;[0m Server packages are not going to be (re)installed
&amp#27;[38;5;44m[2e52281c]&amp#27;[0m&amp#27;[38;5;-78m[AndroidUiautomator2Driver@a198]&amp#27;[0m Waiting up to 30000ms for services to be available
&amp#27;[38;5;44m[2e52281c]&amp#27;[0m&amp#27;[38;5;229m[ADB]&amp#27;[0m Running 'C:\Users\Testriq\AppData\Local\Android\Sdk\platform-tools\adb.exe -P 5037 -s 2A131FDH200HX6 shell pm list instrumentation'
&amp#27;[38;5;44m[2e52281c]&amp#27;[0m&amp#27;[38;5;229m[ADB]&amp#27;[0m Reading package manifest: 'C:\\Users\\Testriq\\AppData\\Local\\Android\\Sdk\\build-tools\\34.0.0\\aapt2.exe dump badging 'G:\\Automation Projects\\testriq\\src\\main\\java\\apps\\mda-2.2.0-25.apk''
&amp#27;[38;5;44m[2e52281c]&amp#27;[0m&amp#27;[38;5;-78m[AndroidUiautomator2Driver@a198]&amp#27;[0m Instrumentation target 'io.appium.uiautomator2.server.test/androidx.test.runner.AndroidJUnitRunner' is available
&amp#27;[38;5;44m[2e52281c]&amp#27;[0m&amp#27;[38;5;229m[ADB]&amp#27;[0m Adding packages ["io.appium.settings","io.appium.uiautomator2.server","io.appium.uiautomator2.server.test"] to Doze whitelist
&amp#27;[38;5;44m[2e52281c]&amp#27;[0m&amp#27;[38;5;229m[ADB]&amp#27;[0m Got the following command chunks to execute: [["dumpsys","deviceidle","whitelist","+io.appium.settings",";","dumpsys","deviceidle","whitelist","+io.appium.uiautomator2.server",";","dumpsys","deviceidle","whitelist","+io.appium.uiautomator2.server.test",";"]]
&amp#27;[38;5;44m[2e52281c]&amp#27;[0m&amp#27;[38;5;229m[ADB]&amp#27;[0m Running 'C:\Users\Testriq\AppData\Local\Android\Sdk\platform-tools\adb.exe -P 5037 -s 2A131FDH200HX6 shell dumpsys deviceidle whitelist +io.appium.settings ; dumpsys deviceidle whitelist +io.appium.uiautomator2.server ; dumpsys deviceidle whitelist +io.appium.uiautomator2.server.test ;'
&amp#27;[38;5;44m[2e52281c]&amp#27;[0m&amp#27;[38;5;229m[ADB]&amp#27;[0m The version name of the installed 'com.saucelabs.mydemoapp.android' is greater or equal to the application version name ('2.2.0' >= '2.2.0')
&amp#27;[38;5;44m[2e52281c]&amp#27;[0m&amp#27;[38;5;229m[ADB]&amp#27;[0m There is no need to install/upgrade 'G:\Automation Projects\testriq\src\main\java\apps\mda-2.2.0-25.apk'
&amp#27;[38;5;44m[2e52281c]&amp#27;[0m&amp#27;[38;5;-78m[AndroidUiautomator2Driver@a198]&amp#27;[0m Performing fast reset on 'com.saucelabs.mydemoapp.android'
&amp#27;[38;5;44m[2e52281c]&amp#27;[0m&amp#27;[38;5;229m[ADB]&amp#27;[0m Getting install status for com.saucelabs.mydemoapp.android
&amp#27;[38;5;44m[2e52281c]&amp#27;[0m&amp#27;[38;5;229m[ADB]&amp#27;[0m Running 'C:\Users\Testriq\AppData\Local\Android\Sdk\platform-tools\adb.exe -P 5037 -s 2A131FDH200HX6 shell cmd package list packages'
&amp#27;[38;5;44m[2e52281c]&amp#27;[0m&amp#27;[38;5;229m[ADB]&amp#27;[0m 'com.saucelabs.mydemoapp.android' is installed
&amp#27;[38;5;44m[2e52281c]&amp#27;[0m&amp#27;[38;5;229m[ADB]&amp#27;[0m Running 'C:\Users\Testriq\AppData\Local\Android\Sdk\platform-tools\adb.exe -P 5037 -s 2A131FDH200HX6 shell am force-stop com.saucelabs.mydemoapp.android'
&amp#27;[38;5;44m[2e52281c]&amp#27;[0m&amp#27;[38;5;229m[ADB]&amp#27;[0m Running 'C:\Users\Testriq\AppData\Local\Android\Sdk\platform-tools\adb.exe -P 5037 -s 2A131FDH200HX6 shell pm clear com.saucelabs.mydemoapp.android'
&amp#27;[38;5;44m[2e52281c]&amp#27;[0m&amp#27;[38;5;229m[ADB]&amp#27;[0m Running 'C:\Users\Testriq\AppData\Local\Android\Sdk\platform-tools\adb.exe -P 5037 -s 2A131FDH200HX6 shell dumpsys package com.saucelabs.mydemoapp.android'
&amp#27;[38;5;44m[2e52281c]&amp#27;[0m&amp#27;[38;5;229m[ADB]&amp#27;[0m Retrieving requested permissions
&amp#27;[38;5;44m[2e52281c]&amp#27;[0m&amp#27;[38;5;229m[ADB]&amp#27;[0m Retrieved 30 permissions from requested group
&amp#27;[38;5;44m[2e52281c]&amp#27;[0m&amp#27;[38;5;229m[ADB]&amp#27;[0m Retrieving granted permissions
&amp#27;[38;5;44m[2e52281c]&amp#27;[0m&amp#27;[38;5;229m[ADB]&amp#27;[0m Retrieved 5 permissions from install,runtime groups
&amp#27;[38;5;44m[2e52281c]&amp#27;[0m&amp#27;[38;5;229m[ADB]&amp#27;[0m Granting permissions ["android.permission.POST_NOTIFICATIONS","android.permission.ACCESS_FINE_LOCATION","android.permission.READ_MEDIA_VISUAL_USER_SELECTED","android.permission.READ_EXTERNAL_STORAGE","android.permission.ACCESS_COARSE_LOCATION","android.permission.READ_MEDIA_IMAGES","android.permission.CAMERA","android.permission.READ_MEDIA_AUDIO","android.permission.READ_MEDIA_VIDEO","android.permission.WRITE_EXTERNAL_STORAGE","android.permission.POST_NOTIFICATIONS","android.permission.ACCESS_FINE_LOCATION","android.permission.READ_MEDIA_VISUAL_USER_SELECTED","android.permission.READ_EXTERNAL_STORAGE","android.permission.ACCESS_COARSE_LOCATION","android.permission.READ_MEDIA_IMAGES","android.permission.CAMERA","android.permission.READ_MEDIA_AUDIO","android.permission.READ_MEDIA_VIDEO","android.permission.WRITE_EXTERNAL_STORAGE"] to 'com.saucelabs.mydemoapp.android'
&amp#27;[38;5;44m[2e52281c]&amp#27;[0m&amp#27;[38;5;229m[ADB]&amp#27;[0m Got the following command chunks to execute: [["pm","grant","com.saucelabs.mydemoapp.android","android.permission.POST_NOTIFICATIONS",";","pm","grant","com.saucelabs.mydemoapp.android","android.permission.ACCESS_FINE_LOCATION",";","pm","grant","com.saucelabs.mydemoapp.android","android.permission.READ_MEDIA_VISUAL_USER_SELECTED",";","pm","grant","com.saucelabs.mydemoapp.android","android.permission.READ_EXTERNAL_STORAGE",";","pm","grant","com.saucelabs.mydemoapp.android","android.permission.ACCESS_COARSE_LOCATION",";","pm","grant","com.saucelabs.mydemoapp.android","android.permission.READ_MEDIA_IMAGES",";","pm","grant","com.saucelabs.mydemoapp.android","android.permission.CAMERA",";","pm","grant","com.saucelabs.mydemoapp.android","android.permission.READ_MEDIA_AUDIO",";","pm","grant","com.saucelabs.mydemoapp.android","android.permission.READ_MEDIA_VIDEO",";","pm","grant","com.saucelabs.mydemoapp.android","android.permission.WRITE_EXTERNAL_STORAGE",";","pm","grant","com.saucelabs.mydemoapp.android","android.permission.POST_NOTIFICATIONS",";","pm","grant","com.saucelabs.mydemoapp.android","android.permission.ACCESS_FINE_LOCATION",";"],["pm","grant","com.saucelabs.mydemoapp.android","android.permission.READ_MEDIA_VISUAL_USER_SELECTED",";","pm","grant","com.saucelabs.mydemoapp.android","android.permission.READ_EXTERNAL_STORAGE",";","pm","grant","com.saucelabs.mydemoapp.android","android.permission.ACCESS_COARSE_LOCATION",";","pm","grant","com.saucelabs.mydemoapp.android","android.permission.READ_MEDIA_IMAGES",";","pm","grant","com.saucelabs.mydemoapp.android","android.permission.CAMERA",";","pm","grant","com.saucelabs.mydemoapp.android","android.permission.READ_MEDIA_AUDIO",";","pm","grant","com.saucelabs.mydemoapp.android","android.permission.READ_MEDIA_VIDEO",";","pm","grant","com.saucelabs.mydemoapp.android","android.permission.WRITE_EXTERNAL_STORAGE",";"]]
&amp#27;[38;5;44m[2e52281c]&amp#27;[0m&amp#27;[38;5;229m[ADB]&amp#27;[0m Running 'C:\Users\Testriq\AppData\Local\Android\Sdk\platform-tools\adb.exe -P 5037 -s 2A131FDH200HX6 shell pm grant com.saucelabs.mydemoapp.android android.permission.POST_NOTIFICATIONS ; pm grant com.saucelabs.mydemoapp.android android.permission.ACCESS_FINE_LOCATION ; pm grant com.saucelabs.mydemoapp.android android.permission.READ_MEDIA_VISUAL_USER_SELECTED ; pm grant com.saucelabs.mydemoapp.android android.permission.READ_EXTERNAL_STORAGE ; pm grant com.saucelabs.mydemoapp.android android.permission.ACCESS_COARSE_LOCATION ; pm grant com.saucelabs.mydemoapp.android android.permission.READ_MEDIA_IMAGES ; pm grant com.saucelabs.mydemoapp.android android.permission.CAMERA ; pm grant com.saucelabs.mydemoapp.android android.permission.READ_MEDIA_AUDIO ; pm grant com.saucelabs.mydemoapp.android android.permission.READ_MEDIA_VIDEO ; pm grant com.saucelabs.mydemoapp.android android.permission.WRITE_EXTERNAL_STORAGE ; pm grant com.saucelabs.mydemoapp.android android.permission.POST_NOTIFICATIONS ; pm grant com.saucelabs.mydemoapp.android android.permission.ACCESS_FINE_LOCATION ;'
&amp#27;[38;5;112m[Appium]&amp#27;[0m Welcome to Appium v2.11.5 (REV 4eddc999c5d9b705e7356152d2d5953a0dda3720)
&amp#27;[38;5;112m[Appium]&amp#27;[0m Non-default server args:
&amp#27;[38;5;112m[Appium]&amp#27;[0m { address: &amp#27;[32m'127.0.0.1'&amp#27;[39m }
&amp#27;[38;5;112m[Appium]&amp#27;[0m The autodetected Appium home path: C:\Users\Testriq\.appium
&amp#27;[38;5;112m[Appium]&amp#27;[0m Attempting to load driver uiautomator2...
&amp#27;[38;5;112m[Appium]&amp#27;[0m Requiring driver at C:\Users\Testriq\.appium\node_modules\appium-uiautomator2-driver\build\index.js
&amp#27;[38;5;44m[2e52281c]&amp#27;[0m&amp#27;[38;5;229m[ADB]&amp#27;[0m Running 'C:\Users\Testriq\AppData\Local\Android\Sdk\platform-tools\adb.exe -P 5037 -s 2A131FDH200HX6 shell pm grant com.saucelabs.mydemoapp.android android.permission.READ_MEDIA_VISUAL_USER_SELECTED ; pm grant com.saucelabs.mydemoapp.android android.permission.READ_EXTERNAL_STORAGE ; pm grant com.saucelabs.mydemoapp.android android.permission.ACCESS_COARSE_LOCATION ; pm grant com.saucelabs.mydemoapp.android android.permission.READ_MEDIA_IMAGES ; pm grant com.saucelabs.mydemoapp.android android.permission.CAMERA ; pm grant com.saucelabs.mydemoapp.android android.permission.READ_MEDIA_AUDIO ; pm grant com.saucelabs.mydemoapp.android android.permission.READ_MEDIA_VIDEO ; pm grant com.saucelabs.mydemoapp.android android.permission.WRITE_EXTERNAL_STORAGE ;'
&amp#27;[38;5;44m[2e52281c]&amp#27;[0m&amp#27;[38;5;-78m[AndroidUiautomator2Driver@a198]&amp#27;[0m Performed fast reset on the installed 'com.saucelabs.mydemoapp.android' application (stop and clear)
&amp#27;[38;5;44m[2e52281c]&amp#27;[0m&amp#27;[38;5;-78m[AndroidUiautomator2Driver@a198]&amp#27;[0m Performing shallow cleanup of automation leftovers
&amp#27;[38;5;44m[2e52281c]&amp#27;[0m&amp#27;[38;5;-78m[AndroidUiautomator2Driver@a198]&amp#27;[0m The following obsolete sessions are still running: ["a5cdd03d-4e80-4e87-9550-cc0f47ae5128"]
&amp#27;[38;5;44m[2e52281c]&amp#27;[0m&amp#27;[38;5;-78m[AndroidUiautomator2Driver@a198]&amp#27;[0m Cleaning up 1 obsolete session
&amp#27;[38;5;35m[5782acc8]&amp#27;[0m&amp#27;[38;5;-4m[AndroidUiautomator2Driver@8146]&amp#27;[0m [Instrumentation] io.appium.uiautomator2.server.test.AppiumUiAutomator2Server:.
&amp#27;[38;5;35m[5782acc8]&amp#27;[0m&amp#27;[38;5;-4m[AndroidUiautomator2Driver@8146]&amp#27;[0m [Instrumentation] 
&amp#27;[38;5;35m[5782acc8]&amp#27;[0m&amp#27;[38;5;-4m[AndroidUiautomator2Driver@8146]&amp#27;[0m [Instrumentation] Time: 5.024
&amp#27;[38;5;35m[5782acc8]&amp#27;[0m&amp#27;[38;5;-4m[AndroidUiautomator2Driver@8146]&amp#27;[0m [Instrumentation] 
&amp#27;[38;5;35m[5782acc8]&amp#27;[0m&amp#27;[38;5;-4m[AndroidUiautomator2Driver@8146]&amp#27;[0m [Instrumentation] OK (1 test)
&amp#27;[38;5;35m[5782acc8]&amp#27;[0m&amp#27;[38;5;-4m[AndroidUiautomator2Driver@8146]&amp#27;[0m [Instrumentation] 
&amp#27;[38;5;35m[5782acc8]&amp#27;[0m&amp#27;[38;5;-4m[AndroidUiautomator2Driver@8146]&amp#27;[0m [Instrumentation] 
&amp#27;[38;5;35m[5782acc8]&amp#27;[0m&amp#27;[38;5;-4m[AndroidUiautomator2Driver@8146]&amp#27;[0m [Instrumentation] The process has exited with code 0, signal null
&amp#27;[38;5;112m[Appium]&amp#27;[0m AndroidUiautomator2Driver has been successfully loaded in 1.239s
&amp#27;[38;5;86m[HTTP]&amp#27;[0m Could not start REST http interface listener. The requested port may already be in use. Please make sure there is no other instance of this server running already.
&amp#27;[38;5;112m[Appium]&amp#27;[0m Could not configure Appium server. It's possible that a driver or plugin tried to update the server and failed. Original error: listen EADDRINUSE: address already in use 127.0.0.1:4723
&amp#27;[38;5;112m[Appium]&amp#27;[0m Error: listen EADDRINUSE: address already in use 127.0.0.1:4723
    at Server.setupListenHandle [as _listen2] (node:net:1904:16)
    at listenInCluster (node:net:1961:12)
    at doListen (node:net:2135:7)
    at processTicksAndRejections (node:internal/process/task_queues:83:21)
&amp#27;[38;5;44m[2e52281c]&amp#27;[0m&amp#27;[38;5;229m[ADB]&amp#27;[0m Running 'C:\Users\Testriq\AppData\Local\Android\Sdk\platform-tools\adb.exe -P 5037 -s 2A131FDH200HX6 shell am force-stop io.appium.uiautomator2.server'
&amp#27;[38;5;44m[2e52281c]&amp#27;[0m&amp#27;[38;5;229m[ADB]&amp#27;[0m Running 'C:\Users\Testriq\AppData\Local\Android\Sdk\platform-tools\adb.exe -P 5037 -s 2A131FDH200HX6 shell am force-stop io.appium.uiautomator2.server.test'
&amp#27;[38;5;44m[2e52281c]&amp#27;[0m&amp#27;[38;5;-78m[AndroidUiautomator2Driver@a198]&amp#27;[0m Starting UIAutomator2 server 7.0.25
&amp#27;[38;5;44m[2e52281c]&amp#27;[0m&amp#27;[38;5;-78m[AndroidUiautomator2Driver@a198]&amp#27;[0m Using UIAutomator2 server from 'C:\Users\Testriq\.appium\node_modules\appium-uiautomator2-driver\node_modules\appium-uiautomator2-server\apks\appium-uiautomator2-server-v7.0.25.apk' and test from 'C:\Users\Testriq\.appium\node_modules\appium-uiautomator2-driver\node_modules\appium-uiautomator2-server\apks\appium-uiautomator2-server-debug-androidTest.apk'
&amp#27;[38;5;44m[2e52281c]&amp#27;[0m&amp#27;[38;5;-78m[AndroidUiautomator2Driver@a198]&amp#27;[0m Waiting up to 30000ms for UiAutomator2 to be online...
&amp#27;[38;5;44m[2e52281c]&amp#27;[0m&amp#27;[38;5;229m[ADB]&amp#27;[0m Creating ADB subprocess with args: ["-P","5037","-s","2A131FDH200HX6","shell","am","instrument","-w","-e","disableAnalytics","true","io.appium.uiautomator2.server.test/androidx.test.runner.AndroidJUnitRunner"]
&amp#27;[38;5;44m[2e52281c]&amp#27;[0m&amp#27;[38;5;-78m[AndroidUiautomator2Driver@a198]&amp#27;[0m Matched '/status' to command name 'getStatus'
&amp#27;[38;5;44m[2e52281c]&amp#27;[0m&amp#27;[38;5;-78m[AndroidUiautomator2Driver@a198]&amp#27;[0m Proxying [GET /status] to [GET http://127.0.0.1:8205/status] with no body
&amp#27;[38;5;44m[2e52281c]&amp#27;[0m&amp#27;[38;5;-78m[AndroidUiautomator2Driver@a198]&amp#27;[0m socket hang up
&amp#27;[38;5;60m[f438e53d]&amp#27;[0m&amp#27;[38;5;86m[HTTP]&amp#27;[0m &amp#27;[37m-->&amp#27;[39m &amp#27;[37mGET&amp#27;[39m &amp#27;[37m/session/f438e53d-039b-416a-be3b-b438615d3682/timeouts&amp#27;[39m &amp#27;[90m{}&amp#27;[39m
&amp#27;[38;5;60m[f438e53d]&amp#27;[0m&amp#27;[38;5;28m[AppiumDriver@3b8c]&amp#27;[0m Encountered internal error running command: NoSuchDriverError: A session is either terminated or not started
    at asyncHandler (C:\Users\Testriq\AppData\Roaming\npm\node_modules\appium\node_modules\@appium\base-driver\lib\protocol\protocol.js:309:15)
    at C:\Users\Testriq\AppData\Roaming\npm\node_modules\appium\node_modules\@appium\base-driver\lib\protocol\protocol.js:512:15
    at Layer.handle [as handle_request] (C:\Users\Testriq\AppData\Roaming\npm\node_modules\appium\node_modules\express\lib\router\layer.js:95:5)
    at next (C:\Users\Testriq\AppData\Roaming\npm\node_modules\appium\node_modules\express\lib\router\route.js:149:13)
    at Route.dispatch (C:\Users\Testriq\AppData\Roaming\npm\node_modules\appium\node_modules\express\lib\router\route.js:119:3)
    at Layer.handle [as handle_request] (C:\Users\Testriq\AppData\Roaming\npm\node_modules\appium\node_modules\express\lib\router\layer.js:95:5)
    at C:\Users\Testriq\AppData\Roaming\npm\node_modules\appium\node_modules\express\lib\router\index.js:284:15
    at param (C:\Users\Testriq\AppData\Roaming\npm\node_modules\appium\node_modules\express\lib\router\index.js:365:14)
    at param (C:\Users\Testriq\AppData\Roaming\npm\node_modules\appium\node_modules\express\lib\router\index.js:376:14)
    at Function.process_params (C:\Users\Testriq\AppData\Roaming\npm\node_modules\appium\node_modules\express\lib\router\index.js:421:3)
    at next (C:\Users\Testriq\AppData\Roaming\npm\node_modules\appium\node_modules\express\lib\router\index.js:280:10)
    at logger (C:\Users\Testriq\AppData\Roaming\npm\node_modules\appium\node_modules\morgan\index.js:144:5)
    at Layer.handle [as handle_request] (C:\Users\Testriq\AppData\Roaming\npm\node_modules\appium\node_modules\express\lib\router\layer.js:95:5)
    at trim_prefix (C:\Users\Testriq\AppData\Roaming\npm\node_modules\appium\node_modules\express\lib\router\index.js:328:13)
    at C:\Users\Testriq\AppData\Roaming\npm\node_modules\appium\node_modules\express\lib\router\index.js:286:9
    at Function.process_params (C:\Users\Testriq\AppData\Roaming\npm\node_modules\appium\node_modules\express\lib\router\index.js:346:12)
    at next (C:\Users\Testriq\AppData\Roaming\npm\node_modules\appium\node_modules\express\lib\router\index.js:280:10)
    at jsonParser (C:\Users\Testriq\AppData\Roaming\npm\node_modules\appium\node_modules\body-parser\lib\types\json.js:113:7)
    at Layer.handle [as handle_request] (C:\Users\Testriq\AppData\Roaming\npm\node_modules\appium\node_modules\express\lib\router\layer.js:95:5)
    at trim_prefix (C:\Users\Testriq\AppData\Roaming\npm\node_modules\appium\node_modules\express\lib\router\index.js:328:13)
    at C:\Users\Testriq\AppData\Roaming\npm\node_modules\appium\node_modules\express\lib\router\index.js:286:9
    at Function.process_params (C:\Users\Testriq\AppData\Roaming\npm\node_modules\appium\node_modules\express\lib\router\index.js:346:12)
&amp#27;[38;5;60m[f438e53d]&amp#27;[0m&amp#27;[38;5;86m[HTTP]&amp#27;[0m &amp#27;[37m<-- GET /session/f438e53d-039b-416a-be3b-b438615d3682/timeouts &amp#27;[39m&amp#27;[33m404&amp#27;[39m &amp#27;[90m2 ms - 3275&amp#27;[39m &amp#27;[90m&amp#27;[39m
&amp#27;[38;5;44m[2e52281c]&amp#27;[0m&amp#27;[38;5;-78m[AndroidUiautomator2Driver@a198]&amp#27;[0m [Instrumentation] 
&amp#27;[38;5;44m[2e52281c]&amp#27;[0m&amp#27;[38;5;-78m[AndroidUiautomator2Driver@a198]&amp#27;[0m Matched '/status' to command name 'getStatus'
&amp#27;[38;5;44m[2e52281c]&amp#27;[0m&amp#27;[38;5;-78m[AndroidUiautomator2Driver@a198]&amp#27;[0m Proxying [GET /status] to [GET http://127.0.0.1:8205/status] with no body
&amp#27;[38;5;44m[2e52281c]&amp#27;[0m&amp#27;[38;5;-78m[AndroidUiautomator2Driver@a198]&amp#27;[0m socket hang up
&amp#27;[38;5;44m[2e52281c]&amp#27;[0m&amp#27;[38;5;-78m[AndroidUiautomator2Driver@a198]&amp#27;[0m Matched '/status' to command name 'getStatus'
&amp#27;[38;5;44m[2e52281c]&amp#27;[0m&amp#27;[38;5;-78m[AndroidUiautomator2Driver@a198]&amp#27;[0m Proxying [GET /status] to [GET http://127.0.0.1:8205/status] with no body
&amp#27;[38;5;44m[2e52281c]&amp#27;[0m&amp#27;[38;5;-78m[AndroidUiautomator2Driver@a198]&amp#27;[0m Got response with status 200: {"sessionId":"None","value":{"message":"UiAutomator2 Server is ready to accept commands","ready":true}}
&amp#27;[38;5;44m[2e52281c]&amp#27;[0m&amp#27;[38;5;-78m[AndroidUiautomator2Driver@a198]&amp#27;[0m The initialization of the instrumentation process took 2171ms
&amp#27;[38;5;44m[2e52281c]&amp#27;[0m&amp#27;[38;5;-78m[AndroidUiautomator2Driver@a198]&amp#27;[0m Matched '/session' to command name 'createSession'
&amp#27;[38;5;44m[2e52281c]&amp#27;[0m&amp#27;[38;5;-78m[AndroidUiautomator2Driver@a198]&amp#27;[0m Proxying [POST /session] to [POST http://127.0.0.1:8205/session] with body: {"capabilities":{"firstMatch":[{"platformName":"ANDROID","deviceName":"2A131FDH200HX6","autoGrantPermissions":true,"appPackage":"com.saucelabs.mydemoapp.android","automationName":"UIAutomator2","appActivity":"com.saucelabs.mydemoapp.android.view.activities.SplashActivity","app":"G:\\Automation Projects\\testriq\\src\\main\\java\\apps\\mda-2.2.0-25.apk","platform":"LINUX","webStorageEnabled":false,"takesScreenshot":true,"javascriptEnabled":true,"databaseEnabled":false,"networkConnectionEnabled":true,"locationContextEnabled":false,"warnings":{},"desired":{"platformName":"ANDROID","deviceName":"AndroidDeviceName","autoGrantPermissions":true,"appPackage":"com.saucelabs.mydemoapp.android","automationName":"UIAutomator2","appActivity":"com.saucelabs.mydemoapp.android.view.activities.SplashActivity","app":"G:\\Automation Projects\\testriq\\src\\main\\java\\apps\\mda-2.2.0-25.apk"},"deviceUDID":"2A131FDH200HX6"}],"alwaysMatch":{}}}
&amp#27;[38;5;44m[2e52281c]&amp#27;[0m&amp#27;[38;5;-78m[AndroidUiautomator2Driver@a198]&amp#27;[0m Got response with status 200: {"sessionId":"a99c4fa6-9e79-4817-8a13-94944a3c5a9c","value":{"capabilities":{"firstMatch":[{"platformName":"ANDROID","deviceName":"2A131FDH200HX6","autoGrantPermissions":true,"appPackage":"com.saucelabs.mydemoapp.android","automationName":"UIAutomator2","appActivity":"com.saucelabs.mydemoapp.android.view.activities.SplashActivity","app":"G:\\Automation Projects\\testriq\\src\\main\\java\\apps\\mda-2.2.0-25.apk","platform":"LINUX","webStorageEnabled":false,"takesScreenshot":true,"javascriptEnabled":true,"databaseEnabled":false,"networkConnectionEnabled":true,"locationContextEnabled":false,"warnings":{},"desired":{"platformName":"ANDROID","deviceName":"AndroidDeviceName","autoGrantPermissions":true,"appPackage":"com.saucelabs.mydemoapp.android","automationName":"UIAutomator2","appActivity":"com.saucelabs.mydemoapp.android.view.activities.SplashActivity","app":"G:\\Automation Projects\\testriq\\src\\main\\java\\apps\\mda-2.2.0-25.apk"},"deviceUDID":"2A131FDH200HX6"}],"alwaysMatch":{}},"sessionId":"a99c4fa6-9e...
&amp#27;[38;5;44m[2e52281c]&amp#27;[0m&amp#27;[38;5;-78m[AndroidUiautomator2Driver@a198]&amp#27;[0m Determined the downstream protocol as 'W3C'
&amp#27;[38;5;44m[2e52281c]&amp#27;[0m&amp#27;[38;5;-78m[AndroidUiautomator2Driver@a198]&amp#27;[0m Proxying [GET /appium/device/pixel_ratio] to [GET http://127.0.0.1:8205/session/a99c4fa6-9e79-4817-8a13-94944a3c5a9c/appium/device/pixel_ratio] with no body
&amp#27;[38;5;44m[2e52281c]&amp#27;[0m&amp#27;[38;5;-78m[AndroidUiautomator2Driver@a198]&amp#27;[0m Matched '/appium/device/system_bars' to command name 'getSystemBars'
&amp#27;[38;5;44m[2e52281c]&amp#27;[0m&amp#27;[38;5;-78m[AndroidUiautomator2Driver@a198]&amp#27;[0m Proxying [GET /appium/device/system_bars] to [GET http://127.0.0.1:8205/session/a99c4fa6-9e79-4817-8a13-94944a3c5a9c/appium/device/system_bars] with no body
&amp#27;[38;5;44m[2e52281c]&amp#27;[0m&amp#27;[38;5;-78m[AndroidUiautomator2Driver@a198]&amp#27;[0m Matched '/window/current/size' to command name 'getWindowSize'
&amp#27;[38;5;44m[2e52281c]&amp#27;[0m&amp#27;[38;5;-78m[AndroidUiautomator2Driver@a198]&amp#27;[0m Proxying [GET /window/current/size] to [GET http://127.0.0.1:8205/session/a99c4fa6-9e79-4817-8a13-94944a3c5a9c/window/current/size] with no body
&amp#27;[38;5;44m[2e52281c]&amp#27;[0m&amp#27;[38;5;-78m[AndroidUiautomator2Driver@a198]&amp#27;[0m Proxying [GET /appium/device/info] to [GET http://127.0.0.1:8205/session/a99c4fa6-9e79-4817-8a13-94944a3c5a9c/appium/device/info] with no body
&amp#27;[38;5;44m[2e52281c]&amp#27;[0m&amp#27;[38;5;229m[ADB]&amp#27;[0m Running 'C:\Users\Testriq\AppData\Local\Android\Sdk\platform-tools\adb.exe -P 5037 -s 2A131FDH200HX6 shell dumpsys window'
&amp#27;[38;5;44m[2e52281c]&amp#27;[0m&amp#27;[38;5;229m[ADB]&amp#27;[0m Running 'C:\Users\Testriq\AppData\Local\Android\Sdk\platform-tools\adb.exe -P 5037 -s 2A131FDH200HX6 shell dumpsys power'
&amp#27;[38;5;44m[2e52281c]&amp#27;[0m&amp#27;[38;5;-78m[AndroidUiautomator2Driver@a198]&amp#27;[0m Got response with status 200: {"sessionId":"a99c4fa6-9e79-4817-8a13-94944a3c5a9c","value":2.2250001}
&amp#27;[38;5;44m[2e52281c]&amp#27;[0m&amp#27;[38;5;-78m[AndroidUiautomator2Driver@a198]&amp#27;[0m Got response with status 200: {"sessionId":"a99c4fa6-9e79-4817-8a13-94944a3c5a9c","value":{"height":2400,"width":1080}}
&amp#27;[38;5;44m[2e52281c]&amp#27;[0m&amp#27;[38;5;-78m[AndroidUiautomator2Driver@a198]&amp#27;[0m Got response with status 200: {"sessionId":"a99c4fa6-9e79-4817-8a13-94944a3c5a9c","value":{"statusBar":136}}
&amp#27;[38;5;44m[2e52281c]&amp#27;[0m&amp#27;[38;5;-78m[AndroidUiautomator2Driver@a198]&amp#27;[0m Got response with status 200: {"sessionId":"a99c4fa6-9e79-4817-8a13-94944a3c5a9c","value":{"androidId":"7781aa28ec4e674f","apiVersion":"35","bluetooth":{"state":"ON"},"brand":"google","carrierName":"","displayDensity":356,"locale":"en_US","manufacturer":"Google","model":"Pixel 7","networks":[{"capabilities":{"SSID":null,"linkDownBandwidthKbps":29972,"linkUpstreamBandwidthKbps":24945,"networkCapabilities":"NET_CAPABILITY_NOT_METERED,NET_CAPABILITY_INTERNET,NET_CAPABILITY_NOT_RESTRICTED,NET_CAPABILITY_TRUSTED,NET_CAPABILITY_NOT_VPN,NET_CAPABILITY_VALIDATED,NET_CAPABILITY_NOT_ROAMING,NET_CAPABILITY_FOREGROUND,NET_CAPABILITY_NOT_CONGESTED,NET_CAPABILITY_NOT_SUSPENDED","signalStrength":-56,"transportTypes":"TRANSPORT_WIFI"},"detailedState":"CONNECTED","extraInfo":"","isAvailable":true,"isConnected":true,"isFailover":false,"isRoaming":false,"state":"CONNECTED","subtype":-1,"subtypeName":"","type":1,"typeName":"WIFI"}],"platformVersion":"15","realDisplaySize":"1080x2400","timeZone":"Asia/Kolkata"}}
&amp#27;[38;5;44m[2e52281c]&amp#27;[0m&amp#27;[38;5;-78m[AndroidUiautomator2Driver@a198]&amp#27;[0m Screen already unlocked, doing nothing
&amp#27;[38;5;44m[2e52281c]&amp#27;[0m&amp#27;[38;5;-78m[AndroidUiautomator2Driver@a198]&amp#27;[0m Starting 'com.saucelabs.mydemoapp.android/com.saucelabs.mydemoapp.android.view.activities.SplashActivity and waiting for 'com.saucelabs.mydemoapp.android/com.saucelabs.mydemoapp.android.view.activities.SplashActivity'
&amp#27;[38;5;44m[2e52281c]&amp#27;[0m&amp#27;[38;5;229m[ADB]&amp#27;[0m Running 'C:\Users\Testriq\AppData\Local\Android\Sdk\platform-tools\adb.exe -P 5037 -s 2A131FDH200HX6 shell am start -W -n com.saucelabs.mydemoapp.android/com.saucelabs.mydemoapp.android.view.activities.SplashActivity -S -a android.intent.action.MAIN -c android.intent.category.LAUNCHER -f 0x10200000'
&amp#27;[38;5;44m[2e52281c]&amp#27;[0m&amp#27;[38;5;28m[AppiumDriver@3b8c]&amp#27;[0m New AndroidUiautomator2Driver session created successfully, session 2e52281c-842a-4ec4-9537-575aaab1b1c1 added to master session list
&amp#27;[38;5;44m[2e52281c]&amp#27;[0m&amp#27;[38;5;28m[AppiumDriver@3b8c]&amp#27;[0m Event 'newSessionStarted' logged at 1737027797986 (17:13:17 GMT+0530 (India Standard Time))
&amp#27;[38;5;44m[2e52281c]&amp#27;[0m&amp#27;[38;5;-78m[AndroidUiautomator2Driver@a198]&amp#27;[0m Cached the protocol value 'W3C' for the new session 2e52281c-842a-4ec4-9537-575aaab1b1c1
&amp#27;[38;5;44m[2e52281c]&amp#27;[0m&amp#27;[38;5;-78m[AndroidUiautomator2Driver@a198]&amp#27;[0m Responding to client with driver.createSession() result: {"capabilities":{"platformName":"ANDROID","deviceName":"2A131FDH200HX6","autoGrantPermissions":true,"appPackage":"com.saucelabs.mydemoapp.android","automationName":"UIAutomator2","appActivity":"com.saucelabs.mydemoapp.android.view.activities.SplashActivity","app":"G:\\Automation Projects\\testriq\\src\\main\\java\\apps\\mda-2.2.0-25.apk","platform":"LINUX","webStorageEnabled":false,"takesScreenshot":true,"javascriptEnabled":true,"databaseEnabled":false,"networkConnectionEnabled":true,"locationContextEnabled":false,"warnings":{},"desired":{"platformName":"ANDROID","deviceName":"AndroidDeviceName","autoGrantPermissions":true,"appPackage":"com.saucelabs.mydemoapp.android","automationName":"UIAutomator2","appActivity":"com.saucelabs.mydemoapp.android.view.activities.SplashActivity","app":"G:\\Automation Projects\\testriq\\src\\main\\java\\apps\\mda-2.2.0-25.apk"},"deviceUDID":"2A131FDH200HX6","pixelRatio":"2.2250001","statBarHeight":136,"viewportRect":{"left":0,"top":136,"width":1080,"height":2264},"deviceApiL...
&amp#27;[38;5;44m[2e52281c]&amp#27;[0m&amp#27;[38;5;86m[HTTP]&amp#27;[0m &amp#27;[37m<-- POST /session &amp#27;[39m&amp#27;[32m200&amp#27;[39m &amp#27;[90m6860 ms - 1226&amp#27;[39m &amp#27;[90m&amp#27;[39m
&amp#27;[38;5;44m[2e52281c]&amp#27;[0m&amp#27;[38;5;86m[HTTP]&amp#27;[0m &amp#27;[37m-->&amp#27;[39m &amp#27;[37mPOST&amp#27;[39m &amp#27;[37m/session/2e52281c-842a-4ec4-9537-575aaab1b1c1/timeouts&amp#27;[39m &amp#27;[90m{"implicit":15000}&amp#27;[39m
&amp#27;[38;5;44m[2e52281c]&amp#27;[0m&amp#27;[38;5;-78m[AndroidUiautomator2Driver@a198]&amp#27;[0m Calling AppiumDriver.timeouts() with args: [null,null,null,null,15000,"2e52281c-842a-4ec4-9537-575aaab1b1c1"]
&amp#27;[38;5;44m[2e52281c]&amp#27;[0m&amp#27;[38;5;-78m[AndroidUiautomator2Driver@a198]&amp#27;[0m W3C timeout argument: {"implicit":15000}}
&amp#27;[38;5;44m[2e52281c]&amp#27;[0m&amp#27;[38;5;-78m[AndroidUiautomator2Driver@a198]&amp#27;[0m Set implicit wait to 15000ms
&amp#27;[38;5;44m[2e52281c]&amp#27;[0m&amp#27;[38;5;-78m[AndroidUiautomator2Driver@a198]&amp#27;[0m Responding to client with driver.timeouts() result: null
&amp#27;[38;5;44m[2e52281c]&amp#27;[0m&amp#27;[38;5;86m[HTTP]&amp#27;[0m &amp#27;[37m<-- POST /session/2e52281c-842a-4ec4-9537-575aaab1b1c1/timeouts &amp#27;[39m&amp#27;[32m200&amp#27;[39m &amp#27;[90m1 ms - 14&amp#27;[39m &amp#27;[90m&amp#27;[39m
&amp#27;[38;5;44m[2e52281c]&amp#27;[0m&amp#27;[38;5;86m[HTTP]&amp#27;[0m &amp#27;[37m-->&amp#27;[39m &amp#27;[37mGET&amp#27;[39m &amp#27;[37m/session/2e52281c-842a-4ec4-9537-575aaab1b1c1/context&amp#27;[39m &amp#27;[90m{}&amp#27;[39m
&amp#27;[38;5;44m[2e52281c]&amp#27;[0m&amp#27;[38;5;-78m[AndroidUiautomator2Driver@a198]&amp#27;[0m Calling AppiumDriver.getCurrentContext() with args: ["2e52281c-842a-4ec4-9537-575aaab1b1c1"]
&amp#27;[38;5;44m[2e52281c]&amp#27;[0m&amp#27;[38;5;-78m[AndroidUiautomator2Driver@a198]&amp#27;[0m Responding to client with driver.getCurrentContext() result: "NATIVE_APP"
&amp#27;[38;5;44m[2e52281c]&amp#27;[0m&amp#27;[38;5;86m[HTTP]&amp#27;[0m &amp#27;[37m<-- GET /session/2e52281c-842a-4ec4-9537-575aaab1b1c1/context &amp#27;[39m&amp#27;[32m200&amp#27;[39m &amp#27;[90m2 ms - 22&amp#27;[39m &amp#27;[90m&amp#27;[39m
&amp#27;[38;5;44m[2e52281c]&amp#27;[0m&amp#27;[38;5;86m[HTTP]&amp#27;[0m &amp#27;[37m-->&amp#27;[39m &amp#27;[37mPOST&amp#27;[39m &amp#27;[37m/session/2e52281c-842a-4ec4-9537-575aaab1b1c1/element&amp#27;[39m &amp#27;[90m{"using":"accessibility id","value":"View menu"}&amp#27;[39m
&amp#27;[38;5;44m[2e52281c]&amp#27;[0m&amp#27;[38;5;-78m[AndroidUiautomator2Driver@a198]&amp#27;[0m Calling AppiumDriver.findElement() with args: ["accessibility id","View menu","2e52281c-842a-4ec4-9537-575aaab1b1c1"]
&amp#27;[38;5;44m[2e52281c]&amp#27;[0m&amp#27;[38;5;-78m[AndroidUiautomator2Driver@a198]&amp#27;[0m Valid locator strategies for this request: xpath, id, class name, accessibility id, css selector, -android uiautomator
&amp#27;[38;5;44m[2e52281c]&amp#27;[0m&amp#27;[38;5;-78m[AndroidUiautomator2Driver@a198]&amp#27;[0m Waiting up to 15000 ms for condition
&amp#27;[38;5;44m[2e52281c]&amp#27;[0m&amp#27;[38;5;-78m[AndroidUiautomator2Driver@a198]&amp#27;[0m Matched '/element' to command name 'findElement'
&amp#27;[38;5;44m[2e52281c]&amp#27;[0m&amp#27;[38;5;-78m[AndroidUiautomator2Driver@a198]&amp#27;[0m Proxying [POST /element] to [POST http://127.0.0.1:8205/session/a99c4fa6-9e79-4817-8a13-94944a3c5a9c/element] with body: {"strategy":"accessibility id","selector":"View menu","context":"","multiple":false}
&amp#27;[38;5;44m[2e52281c]&amp#27;[0m&amp#27;[38;5;-78m[AndroidUiautomator2Driver@a198]&amp#27;[0m Got response with status 200: {"sessionId":"a99c4fa6-9e79-4817-8a13-94944a3c5a9c","value":{"ELEMENT":"00000000-0000-0dcc-ffff-ffff00000013","element-6066-11e4-a52e-4f735466cecf":"00000000-0000-0dcc-ffff-ffff00000013"}}
&amp#27;[38;5;44m[2e52281c]&amp#27;[0m&amp#27;[38;5;-78m[AndroidUiautomator2Driver@a198]&amp#27;[0m Responding to client with driver.findElement() result: {"element-6066-11e4-a52e-4f735466cecf":"00000000-0000-0dcc-ffff-ffff00000013","ELEMENT":"00000000-0000-0dcc-ffff-ffff00000013"}
&amp#27;[38;5;44m[2e52281c]&amp#27;[0m&amp#27;[38;5;86m[HTTP]&amp#27;[0m &amp#27;[37m<-- POST /session/2e52281c-842a-4ec4-9537-575aaab1b1c1/element &amp#27;[39m&amp#27;[32m200&amp#27;[39m &amp#27;[90m1169 ms - 137&amp#27;[39m &amp#27;[90m&amp#27;[39m
&amp#27;[38;5;44m[2e52281c]&amp#27;[0m&amp#27;[38;5;86m[HTTP]&amp#27;[0m &amp#27;[37m-->&amp#27;[39m &amp#27;[37mPOST&amp#27;[39m &amp#27;[37m/session/2e52281c-842a-4ec4-9537-575aaab1b1c1/element/00000000-0000-0dcc-ffff-ffff00000013/click&amp#27;[39m &amp#27;[90m{"id":"00000000-0000-0dcc-ffff-ffff00000013"}&amp#27;[39m
&amp#27;[38;5;44m[2e52281c]&amp#27;[0m&amp#27;[38;5;-78m[AndroidUiautomator2Driver@a198]&amp#27;[0m Calling AppiumDriver.click() with args: ["00000000-0000-0dcc-ffff-ffff00000013","2e52281c-842a-4ec4-9537-575aaab1b1c1"]
&amp#27;[38;5;44m[2e52281c]&amp#27;[0m&amp#27;[38;5;-78m[AndroidUiautomator2Driver@a198]&amp#27;[0m Matched '/element/00000000-0000-0dcc-ffff-ffff00000013/click' to command name 'click'
&amp#27;[38;5;44m[2e52281c]&amp#27;[0m&amp#27;[38;5;-78m[AndroidUiautomator2Driver@a198]&amp#27;[0m Proxying [POST /element/00000000-0000-0dcc-ffff-ffff00000013/click] to [POST http://127.0.0.1:8205/session/a99c4fa6-9e79-4817-8a13-94944a3c5a9c/element/00000000-0000-0dcc-ffff-ffff00000013/click] with body: {"element":"00000000-0000-0dcc-ffff-ffff00000013"}
&amp#27;[38;5;44m[2e52281c]&amp#27;[0m&amp#27;[38;5;-78m[AndroidUiautomator2Driver@a198]&amp#27;[0m Got response with status 200: {"sessionId":"a99c4fa6-9e79-4817-8a13-94944a3c5a9c","value":null}
&amp#27;[38;5;44m[2e52281c]&amp#27;[0m&amp#27;[38;5;-78m[AndroidUiautomator2Driver@a198]&amp#27;[0m Responding to client with driver.click() result: null
&amp#27;[38;5;44m[2e52281c]&amp#27;[0m&amp#27;[38;5;86m[HTTP]&amp#27;[0m &amp#27;[37m<-- POST /session/2e52281c-842a-4ec4-9537-575aaab1b1c1/element/00000000-0000-0dcc-ffff-ffff00000013/click &amp#27;[39m&amp#27;[32m200&amp#27;[39m &amp#27;[90m978 ms - 14&amp#27;[39m &amp#27;[90m&amp#27;[39m
&amp#27;[38;5;44m[2e52281c]&amp#27;[0m&amp#27;[38;5;86m[HTTP]&amp#27;[0m &amp#27;[37m-->&amp#27;[39m &amp#27;[37mGET&amp#27;[39m &amp#27;[37m/session/2e52281c-842a-4ec4-9537-575aaab1b1c1/context&amp#27;[39m &amp#27;[90m{}&amp#27;[39m
&amp#27;[38;5;44m[2e52281c]&amp#27;[0m&amp#27;[38;5;-78m[AndroidUiautomator2Driver@a198]&amp#27;[0m Calling AppiumDriver.getCurrentContext() with args: ["2e52281c-842a-4ec4-9537-575aaab1b1c1"]
&amp#27;[38;5;44m[2e52281c]&amp#27;[0m&amp#27;[38;5;-78m[AndroidUiautomator2Driver@a198]&amp#27;[0m Responding to client with driver.getCurrentContext() result: "NATIVE_APP"
&amp#27;[38;5;44m[2e52281c]&amp#27;[0m&amp#27;[38;5;86m[HTTP]&amp#27;[0m &amp#27;[37m<-- GET /session/2e52281c-842a-4ec4-9537-575aaab1b1c1/context &amp#27;[39m&amp#27;[32m200&amp#27;[39m &amp#27;[90m2 ms - 22&amp#27;[39m &amp#27;[90m&amp#27;[39m
&amp#27;[38;5;44m[2e52281c]&amp#27;[0m&amp#27;[38;5;86m[HTTP]&amp#27;[0m &amp#27;[37m-->&amp#27;[39m &amp#27;[37mPOST&amp#27;[39m &amp#27;[37m/session/2e52281c-842a-4ec4-9537-575aaab1b1c1/element&amp#27;[39m &amp#27;[90m{"using":"accessibility id","value":"Login Menu Item"}&amp#27;[39m
&amp#27;[38;5;44m[2e52281c]&amp#27;[0m&amp#27;[38;5;-78m[AndroidUiautomator2Driver@a198]&amp#27;[0m Calling AppiumDriver.findElement() with args: ["accessibility id","Login Menu Item","2e52281c-842a-4ec4-9537-575aaab1b1c1"]
&amp#27;[38;5;44m[2e52281c]&amp#27;[0m&amp#27;[38;5;-78m[AndroidUiautomator2Driver@a198]&amp#27;[0m Valid locator strategies for this request: xpath, id, class name, accessibility id, css selector, -android uiautomator
&amp#27;[38;5;44m[2e52281c]&amp#27;[0m&amp#27;[38;5;-78m[AndroidUiautomator2Driver@a198]&amp#27;[0m Waiting up to 15000 ms for condition
&amp#27;[38;5;44m[2e52281c]&amp#27;[0m&amp#27;[38;5;-78m[AndroidUiautomator2Driver@a198]&amp#27;[0m Matched '/element' to command name 'findElement'
&amp#27;[38;5;44m[2e52281c]&amp#27;[0m&amp#27;[38;5;-78m[AndroidUiautomator2Driver@a198]&amp#27;[0m Proxying [POST /element] to [POST http://127.0.0.1:8205/session/a99c4fa6-9e79-4817-8a13-94944a3c5a9c/element] with body: {"strategy":"accessibility id","selector":"Login Menu Item","context":"","multiple":false}
&amp#27;[38;5;44m[2e52281c]&amp#27;[0m&amp#27;[38;5;-78m[AndroidUiautomator2Driver@a198]&amp#27;[0m Got response with status 200: {"sessionId":"a99c4fa6-9e79-4817-8a13-94944a3c5a9c","value":{"ELEMENT":"00000000-0000-0dcc-ffff-ffff00000059","element-6066-11e4-a52e-4f735466cecf":"00000000-0000-0dcc-ffff-ffff00000059"}}
&amp#27;[38;5;44m[2e52281c]&amp#27;[0m&amp#27;[38;5;-78m[AndroidUiautomator2Driver@a198]&amp#27;[0m Responding to client with driver.findElement() result: {"element-6066-11e4-a52e-4f735466cecf":"00000000-0000-0dcc-ffff-ffff00000059","ELEMENT":"00000000-0000-0dcc-ffff-ffff00000059"}
&amp#27;[38;5;44m[2e52281c]&amp#27;[0m&amp#27;[38;5;86m[HTTP]&amp#27;[0m &amp#27;[37m<-- POST /session/2e52281c-842a-4ec4-9537-575aaab1b1c1/element &amp#27;[39m&amp#27;[32m200&amp#27;[39m &amp#27;[90m174 ms - 137&amp#27;[39m &amp#27;[90m&amp#27;[39m
&amp#27;[38;5;44m[2e52281c]&amp#27;[0m&amp#27;[38;5;86m[HTTP]&amp#27;[0m &amp#27;[37m-->&amp#27;[39m &amp#27;[37mPOST&amp#27;[39m &amp#27;[37m/session/2e52281c-842a-4ec4-9537-575aaab1b1c1/element/00000000-0000-0dcc-ffff-ffff00000059/click&amp#27;[39m &amp#27;[90m{"id":"00000000-0000-0dcc-ffff-ffff00000059"}&amp#27;[39m
&amp#27;[38;5;44m[2e52281c]&amp#27;[0m&amp#27;[38;5;-78m[AndroidUiautomator2Driver@a198]&amp#27;[0m Calling AppiumDriver.click() with args: ["00000000-0000-0dcc-ffff-ffff00000059","2e52281c-842a-4ec4-9537-575aaab1b1c1"]
&amp#27;[38;5;44m[2e52281c]&amp#27;[0m&amp#27;[38;5;-78m[AndroidUiautomator2Driver@a198]&amp#27;[0m Matched '/element/00000000-0000-0dcc-ffff-ffff00000059/click' to command name 'click'
&amp#27;[38;5;44m[2e52281c]&amp#27;[0m&amp#27;[38;5;-78m[AndroidUiautomator2Driver@a198]&amp#27;[0m Proxying [POST /element/00000000-0000-0dcc-ffff-ffff00000059/click] to [POST http://127.0.0.1:8205/session/a99c4fa6-9e79-4817-8a13-94944a3c5a9c/element/00000000-0000-0dcc-ffff-ffff00000059/click] with body: {"element":"00000000-0000-0dcc-ffff-ffff00000059"}
&amp#27;[38;5;44m[2e52281c]&amp#27;[0m&amp#27;[38;5;-78m[AndroidUiautomator2Driver@a198]&amp#27;[0m Got response with status 200: {"sessionId":"a99c4fa6-9e79-4817-8a13-94944a3c5a9c","value":null}
&amp#27;[38;5;44m[2e52281c]&amp#27;[0m&amp#27;[38;5;-78m[AndroidUiautomator2Driver@a198]&amp#27;[0m Responding to client with driver.click() result: null
&amp#27;[38;5;44m[2e52281c]&amp#27;[0m&amp#27;[38;5;86m[HTTP]&amp#27;[0m &amp#27;[37m<-- POST /session/2e52281c-842a-4ec4-9537-575aaab1b1c1/element/00000000-0000-0dcc-ffff-ffff00000059/click &amp#27;[39m&amp#27;[32m200&amp#27;[39m &amp#27;[90m83 ms - 14&amp#27;[39m &amp#27;[90m&amp#27;[39m
&amp#27;[38;5;44m[2e52281c]&amp#27;[0m&amp#27;[38;5;86m[HTTP]&amp#27;[0m &amp#27;[37m-->&amp#27;[39m &amp#27;[37mGET&amp#27;[39m &amp#27;[37m/session/2e52281c-842a-4ec4-9537-575aaab1b1c1/context&amp#27;[39m &amp#27;[90m{}&amp#27;[39m
&amp#27;[38;5;44m[2e52281c]&amp#27;[0m&amp#27;[38;5;-78m[AndroidUiautomator2Driver@a198]&amp#27;[0m Calling AppiumDriver.getCurrentContext() with args: ["2e52281c-842a-4ec4-9537-575aaab1b1c1"]
&amp#27;[38;5;44m[2e52281c]&amp#27;[0m&amp#27;[38;5;-78m[AndroidUiautomator2Driver@a198]&amp#27;[0m Responding to client with driver.getCurrentContext() result: "NATIVE_APP"
&amp#27;[38;5;44m[2e52281c]&amp#27;[0m&amp#27;[38;5;86m[HTTP]&amp#27;[0m &amp#27;[37m<-- GET /session/2e52281c-842a-4ec4-9537-575aaab1b1c1/context &amp#27;[39m&amp#27;[32m200&amp#27;[39m &amp#27;[90m2 ms - 22&amp#27;[39m &amp#27;[90m&amp#27;[39m
&amp#27;[38;5;44m[2e52281c]&amp#27;[0m&amp#27;[38;5;86m[HTTP]&amp#27;[0m &amp#27;[37m-->&amp#27;[39m &amp#27;[37mPOST&amp#27;[39m &amp#27;[37m/session/2e52281c-842a-4ec4-9537-575aaab1b1c1/element&amp#27;[39m &amp#27;[90m{"using":"id","value":"com.saucelabs.mydemoapp.android:id/nameET"}&amp#27;[39m
&amp#27;[38;5;44m[2e52281c]&amp#27;[0m&amp#27;[38;5;-78m[AndroidUiautomator2Driver@a198]&amp#27;[0m Calling AppiumDriver.findElement() with args: ["id","com.saucelabs.mydemoapp.android:id/nameET","2e52281c-842a-4ec4-9537-575aaab1b1c1"]
&amp#27;[38;5;44m[2e52281c]&amp#27;[0m&amp#27;[38;5;-78m[AndroidUiautomator2Driver@a198]&amp#27;[0m Valid locator strategies for this request: xpath, id, class name, accessibility id, css selector, -android uiautomator
&amp#27;[38;5;44m[2e52281c]&amp#27;[0m&amp#27;[38;5;-78m[AndroidUiautomator2Driver@a198]&amp#27;[0m Waiting up to 15000 ms for condition
&amp#27;[38;5;44m[2e52281c]&amp#27;[0m&amp#27;[38;5;-78m[AndroidUiautomator2Driver@a198]&amp#27;[0m Matched '/element' to command name 'findElement'
&amp#27;[38;5;44m[2e52281c]&amp#27;[0m&amp#27;[38;5;-78m[AndroidUiautomator2Driver@a198]&amp#27;[0m Proxying [POST /element] to [POST http://127.0.0.1:8205/session/a99c4fa6-9e79-4817-8a13-94944a3c5a9c/element] with body: {"strategy":"id","selector":"com.saucelabs.mydemoapp.android:id/nameET","context":"","multiple":false}
&amp#27;[38;5;44m[2e52281c]&amp#27;[0m&amp#27;[38;5;-78m[AndroidUiautomator2Driver@a198]&amp#27;[0m Got response with status 200: {"sessionId":"a99c4fa6-9e79-4817-8a13-94944a3c5a9c","value":{"ELEMENT":"00000000-0000-0dcd-ffff-ffff0000017c","element-6066-11e4-a52e-4f735466cecf":"00000000-0000-0dcd-ffff-ffff0000017c"}}
&amp#27;[38;5;44m[2e52281c]&amp#27;[0m&amp#27;[38;5;-78m[AndroidUiautomator2Driver@a198]&amp#27;[0m Responding to client with driver.findElement() result: {"element-6066-11e4-a52e-4f735466cecf":"00000000-0000-0dcd-ffff-ffff0000017c","ELEMENT":"00000000-0000-0dcd-ffff-ffff0000017c"}
&amp#27;[38;5;44m[2e52281c]&amp#27;[0m&amp#27;[38;5;86m[HTTP]&amp#27;[0m &amp#27;[37m<-- POST /session/2e52281c-842a-4ec4-9537-575aaab1b1c1/element &amp#27;[39m&amp#27;[32m200&amp#27;[39m &amp#27;[90m699 ms - 137&amp#27;[39m &amp#27;[90m&amp#27;[39m
&amp#27;[38;5;44m[2e52281c]&amp#27;[0m&amp#27;[38;5;86m[HTTP]&amp#27;[0m &amp#27;[37m-->&amp#27;[39m &amp#27;[37mPOST&amp#27;[39m &amp#27;[37m/session/2e52281c-842a-4ec4-9537-575aaab1b1c1/element/00000000-0000-0dcd-ffff-ffff0000017c/click&amp#27;[39m &amp#27;[90m{"id":"00000000-0000-0dcd-ffff-ffff0000017c"}&amp#27;[39m
&amp#27;[38;5;44m[2e52281c]&amp#27;[0m&amp#27;[38;5;-78m[AndroidUiautomator2Driver@a198]&amp#27;[0m Calling AppiumDriver.click() with args: ["00000000-0000-0dcd-ffff-ffff0000017c","2e52281c-842a-4ec4-9537-575aaab1b1c1"]
&amp#27;[38;5;44m[2e52281c]&amp#27;[0m&amp#27;[38;5;-78m[AndroidUiautomator2Driver@a198]&amp#27;[0m Matched '/element/00000000-0000-0dcd-ffff-ffff0000017c/click' to command name 'click'
&amp#27;[38;5;44m[2e52281c]&amp#27;[0m&amp#27;[38;5;-78m[AndroidUiautomator2Driver@a198]&amp#27;[0m Proxying [POST /element/00000000-0000-0dcd-ffff-ffff0000017c/click] to [POST http://127.0.0.1:8205/session/a99c4fa6-9e79-4817-8a13-94944a3c5a9c/element/00000000-0000-0dcd-ffff-ffff0000017c/click] with body: {"element":"00000000-0000-0dcd-ffff-ffff0000017c"}
&amp#27;[38;5;44m[2e52281c]&amp#27;[0m&amp#27;[38;5;-78m[AndroidUiautomator2Driver@a198]&amp#27;[0m Got response with status 200: {"sessionId":"a99c4fa6-9e79-4817-8a13-94944a3c5a9c","value":null}
&amp#27;[38;5;44m[2e52281c]&amp#27;[0m&amp#27;[38;5;-78m[AndroidUiautomator2Driver@a198]&amp#27;[0m Responding to client with driver.click() result: null
&amp#27;[38;5;44m[2e52281c]&amp#27;[0m&amp#27;[38;5;86m[HTTP]&amp#27;[0m &amp#27;[37m<-- POST /session/2e52281c-842a-4ec4-9537-575aaab1b1c1/element/00000000-0000-0dcd-ffff-ffff0000017c/click &amp#27;[39m&amp#27;[32m200&amp#27;[39m &amp#27;[90m108 ms - 14&amp#27;[39m &amp#27;[90m&amp#27;[39m
&amp#27;[38;5;44m[2e52281c]&amp#27;[0m&amp#27;[38;5;86m[HTTP]&amp#27;[0m &amp#27;[37m-->&amp#27;[39m &amp#27;[37mGET&amp#27;[39m &amp#27;[37m/session/2e52281c-842a-4ec4-9537-575aaab1b1c1/context&amp#27;[39m &amp#27;[90m{}&amp#27;[39m
&amp#27;[38;5;44m[2e52281c]&amp#27;[0m&amp#27;[38;5;-78m[AndroidUiautomator2Driver@a198]&amp#27;[0m Calling AppiumDriver.getCurrentContext() with args: ["2e52281c-842a-4ec4-9537-575aaab1b1c1"]
&amp#27;[38;5;44m[2e52281c]&amp#27;[0m&amp#27;[38;5;-78m[AndroidUiautomator2Driver@a198]&amp#27;[0m Responding to client with driver.getCurrentContext() result: "NATIVE_APP"
&amp#27;[38;5;44m[2e52281c]&amp#27;[0m&amp#27;[38;5;86m[HTTP]&amp#27;[0m &amp#27;[37m<-- GET /session/2e52281c-842a-4ec4-9537-575aaab1b1c1/context &amp#27;[39m&amp#27;[32m200&amp#27;[39m &amp#27;[90m2 ms - 22&amp#27;[39m &amp#27;[90m&amp#27;[39m
&amp#27;[38;5;44m[2e52281c]&amp#27;[0m&amp#27;[38;5;86m[HTTP]&amp#27;[0m &amp#27;[37m-->&amp#27;[39m &amp#27;[37mPOST&amp#27;[39m &amp#27;[37m/session/2e52281c-842a-4ec4-9537-575aaab1b1c1/element&amp#27;[39m &amp#27;[90m{"using":"id","value":"com.saucelabs.mydemoapp.android:id/nameET"}&amp#27;[39m
&amp#27;[38;5;44m[2e52281c]&amp#27;[0m&amp#27;[38;5;-78m[AndroidUiautomator2Driver@a198]&amp#27;[0m Calling AppiumDriver.findElement() with args: ["id","com.saucelabs.mydemoapp.android:id/nameET","2e52281c-842a-4ec4-9537-575aaab1b1c1"]
&amp#27;[38;5;44m[2e52281c]&amp#27;[0m&amp#27;[38;5;-78m[AndroidUiautomator2Driver@a198]&amp#27;[0m Valid locator strategies for this request: xpath, id, class name, accessibility id, css selector, -android uiautomator
&amp#27;[38;5;44m[2e52281c]&amp#27;[0m&amp#27;[38;5;-78m[AndroidUiautomator2Driver@a198]&amp#27;[0m Waiting up to 15000 ms for condition
&amp#27;[38;5;44m[2e52281c]&amp#27;[0m&amp#27;[38;5;-78m[AndroidUiautomator2Driver@a198]&amp#27;[0m Matched '/element' to command name 'findElement'
&amp#27;[38;5;44m[2e52281c]&amp#27;[0m&amp#27;[38;5;-78m[AndroidUiautomator2Driver@a198]&amp#27;[0m Proxying [POST /element] to [POST http://127.0.0.1:8205/session/a99c4fa6-9e79-4817-8a13-94944a3c5a9c/element] with body: {"strategy":"id","selector":"com.saucelabs.mydemoapp.android:id/nameET","context":"","multiple":false}
&amp#27;[38;5;44m[2e52281c]&amp#27;[0m&amp#27;[38;5;-78m[AndroidUiautomator2Driver@a198]&amp#27;[0m Got response with status 200: {"sessionId":"a99c4fa6-9e79-4817-8a13-94944a3c5a9c","value":{"ELEMENT":"00000000-0000-0dcd-ffff-ffff0000017c","element-6066-11e4-a52e-4f735466cecf":"00000000-0000-0dcd-ffff-ffff0000017c"}}
&amp#27;[38;5;44m[2e52281c]&amp#27;[0m&amp#27;[38;5;-78m[AndroidUiautomator2Driver@a198]&amp#27;[0m Responding to client with driver.findElement() result: {"element-6066-11e4-a52e-4f735466cecf":"00000000-0000-0dcd-ffff-ffff0000017c","ELEMENT":"00000000-0000-0dcd-ffff-ffff0000017c"}
&amp#27;[38;5;44m[2e52281c]&amp#27;[0m&amp#27;[38;5;86m[HTTP]&amp#27;[0m &amp#27;[37m<-- POST /session/2e52281c-842a-4ec4-9537-575aaab1b1c1/element &amp#27;[39m&amp#27;[32m200&amp#27;[39m &amp#27;[90m890 ms - 137&amp#27;[39m &amp#27;[90m&amp#27;[39m
&amp#27;[38;5;44m[2e52281c]&amp#27;[0m&amp#27;[38;5;86m[HTTP]&amp#27;[0m &amp#27;[37m-->&amp#27;[39m &amp#27;[37mPOST&amp#27;[39m &amp#27;[37m/session/2e52281c-842a-4ec4-9537-575aaab1b1c1/element/00000000-0000-0dcd-ffff-ffff0000017c/value&amp#27;[39m &amp#27;[90m{"id":"00000000-0000-0dcd-ffff-ffff0000017c","value":["b","o","d","@","e","x","a","m","p","l","e",".","c","o","m"],"text":"bod@example.com"}&amp#27;[39m
&amp#27;[38;5;44m[2e52281c]&amp#27;[0m&amp#27;[38;5;-78m[AndroidUiautomator2Driver@a198]&amp#27;[0m Calling AppiumDriver.setValue() with args: [["b","o","d","@","e","x","a","m","p","l","e",".","c","o","m"],"00000000-0000-0dcd-ffff-ffff0000017c","2e52281c-842a-4ec4-9537-575aaab1b1c1"]
&amp#27;[38;5;44m[2e52281c]&amp#27;[0m&amp#27;[38;5;-78m[AndroidUiautomator2Driver@a198]&amp#27;[0m Matched '/element/00000000-0000-0dcd-ffff-ffff0000017c/value' to command name 'setValue'
&amp#27;[38;5;44m[2e52281c]&amp#27;[0m&amp#27;[38;5;-78m[AndroidUiautomator2Driver@a198]&amp#27;[0m Added 'value' property ["b","o","d","@","e","x","a","m","p","l","e",".","c","o","m"] to 'setValue' request body
&amp#27;[38;5;44m[2e52281c]&amp#27;[0m&amp#27;[38;5;-78m[AndroidUiautomator2Driver@a198]&amp#27;[0m Proxying [POST /element/00000000-0000-0dcd-ffff-ffff0000017c/value] to [POST http://127.0.0.1:8205/session/a99c4fa6-9e79-4817-8a13-94944a3c5a9c/element/00000000-0000-0dcd-ffff-ffff0000017c/value] with body: {"elementId":"00000000-0000-0dcd-ffff-ffff0000017c","text":"bod@example.com","replace":false,"value":["b","o","d","@","e","x","a","m","p","l","e",".","c","o","m"]}
&amp#27;[38;5;44m[2e52281c]&amp#27;[0m&amp#27;[38;5;-78m[AndroidUiautomator2Driver@a198]&amp#27;[0m Got response with status 200: {"sessionId":"a99c4fa6-9e79-4817-8a13-94944a3c5a9c","value":null}
&amp#27;[38;5;44m[2e52281c]&amp#27;[0m&amp#27;[38;5;-78m[AndroidUiautomator2Driver@a198]&amp#27;[0m Responding to client with driver.setValue() result: null
&amp#27;[38;5;44m[2e52281c]&amp#27;[0m&amp#27;[38;5;86m[HTTP]&amp#27;[0m &amp#27;[37m<-- POST /session/2e52281c-842a-4ec4-9537-575aaab1b1c1/element/00000000-0000-0dcd-ffff-ffff0000017c/value &amp#27;[39m&amp#27;[32m200&amp#27;[39m &amp#27;[90m112 ms - 14&amp#27;[39m &amp#27;[90m&amp#27;[39m
&amp#27;[38;5;44m[2e52281c]&amp#27;[0m&amp#27;[38;5;86m[HTTP]&amp#27;[0m &amp#27;[37m-->&amp#27;[39m &amp#27;[37mGET&amp#27;[39m &amp#27;[37m/session/2e52281c-842a-4ec4-9537-575aaab1b1c1/context&amp#27;[39m &amp#27;[90m{}&amp#27;[39m
&amp#27;[38;5;44m[2e52281c]&amp#27;[0m&amp#27;[38;5;-78m[AndroidUiautomator2Driver@a198]&amp#27;[0m Calling AppiumDriver.getCurrentContext() with args: ["2e52281c-842a-4ec4-9537-575aaab1b1c1"]
&amp#27;[38;5;44m[2e52281c]&amp#27;[0m&amp#27;[38;5;-78m[AndroidUiautomator2Driver@a198]&amp#27;[0m Responding to client with driver.getCurrentContext() result: "NATIVE_APP"
&amp#27;[38;5;44m[2e52281c]&amp#27;[0m&amp#27;[38;5;86m[HTTP]&amp#27;[0m &amp#27;[37m<-- GET /session/2e52281c-842a-4ec4-9537-575aaab1b1c1/context &amp#27;[39m&amp#27;[32m200&amp#27;[39m &amp#27;[90m1 ms - 22&amp#27;[39m &amp#27;[90m&amp#27;[39m
&amp#27;[38;5;44m[2e52281c]&amp#27;[0m&amp#27;[38;5;86m[HTTP]&amp#27;[0m &amp#27;[37m-->&amp#27;[39m &amp#27;[37mPOST&amp#27;[39m &amp#27;[37m/session/2e52281c-842a-4ec4-9537-575aaab1b1c1/element&amp#27;[39m &amp#27;[90m{"using":"id","value":"com.saucelabs.mydemoapp.android:id/passwordET"}&amp#27;[39m
&amp#27;[38;5;44m[2e52281c]&amp#27;[0m&amp#27;[38;5;-78m[AndroidUiautomator2Driver@a198]&amp#27;[0m Calling AppiumDriver.findElement() with args: ["id","com.saucelabs.mydemoapp.android:id/passwordET","2e52281c-842a-4ec4-9537-575aaab1b1c1"]
&amp#27;[38;5;44m[2e52281c]&amp#27;[0m&amp#27;[38;5;-78m[AndroidUiautomator2Driver@a198]&amp#27;[0m Valid locator strategies for this request: xpath, id, class name, accessibility id, css selector, -android uiautomator
&amp#27;[38;5;44m[2e52281c]&amp#27;[0m&amp#27;[38;5;-78m[AndroidUiautomator2Driver@a198]&amp#27;[0m Waiting up to 15000 ms for condition
&amp#27;[38;5;44m[2e52281c]&amp#27;[0m&amp#27;[38;5;-78m[AndroidUiautomator2Driver@a198]&amp#27;[0m Matched '/element' to command name 'findElement'
&amp#27;[38;5;44m[2e52281c]&amp#27;[0m&amp#27;[38;5;-78m[AndroidUiautomator2Driver@a198]&amp#27;[0m Proxying [POST /element] to [POST http://127.0.0.1:8205/session/a99c4fa6-9e79-4817-8a13-94944a3c5a9c/element] with body: {"strategy":"id","selector":"com.saucelabs.mydemoapp.android:id/passwordET","context":"","multiple":false}
&amp#27;[38;5;44m[2e52281c]&amp#27;[0m&amp#27;[38;5;-78m[AndroidUiautomator2Driver@a198]&amp#27;[0m Got response with status 200: {"sessionId":"a99c4fa6-9e79-4817-8a13-94944a3c5a9c","value":{"ELEMENT":"00000000-0000-0dcd-ffff-ffff00000181","element-6066-11e4-a52e-4f735466cecf":"00000000-0000-0dcd-ffff-ffff00000181"}}
&amp#27;[38;5;44m[2e52281c]&amp#27;[0m&amp#27;[38;5;-78m[AndroidUiautomator2Driver@a198]&amp#27;[0m Responding to client with driver.findElement() result: {"element-6066-11e4-a52e-4f735466cecf":"00000000-0000-0dcd-ffff-ffff00000181","ELEMENT":"00000000-0000-0dcd-ffff-ffff00000181"}
&amp#27;[38;5;44m[2e52281c]&amp#27;[0m&amp#27;[38;5;86m[HTTP]&amp#27;[0m &amp#27;[37m<-- POST /session/2e52281c-842a-4ec4-9537-575aaab1b1c1/element &amp#27;[39m&amp#27;[32m200&amp#27;[39m &amp#27;[90m660 ms - 137&amp#27;[39m &amp#27;[90m&amp#27;[39m
&amp#27;[38;5;44m[2e52281c]&amp#27;[0m&amp#27;[38;5;86m[HTTP]&amp#27;[0m &amp#27;[37m-->&amp#27;[39m &amp#27;[37mPOST&amp#27;[39m &amp#27;[37m/session/2e52281c-842a-4ec4-9537-575aaab1b1c1/element/00000000-0000-0dcd-ffff-ffff00000181/click&amp#27;[39m &amp#27;[90m{"id":"00000000-0000-0dcd-ffff-ffff00000181"}&amp#27;[39m
&amp#27;[38;5;44m[2e52281c]&amp#27;[0m&amp#27;[38;5;-78m[AndroidUiautomator2Driver@a198]&amp#27;[0m Calling AppiumDriver.click() with args: ["00000000-0000-0dcd-ffff-ffff00000181","2e52281c-842a-4ec4-9537-575aaab1b1c1"]
&amp#27;[38;5;44m[2e52281c]&amp#27;[0m&amp#27;[38;5;-78m[AndroidUiautomator2Driver@a198]&amp#27;[0m Matched '/element/00000000-0000-0dcd-ffff-ffff00000181/click' to command name 'click'
&amp#27;[38;5;44m[2e52281c]&amp#27;[0m&amp#27;[38;5;-78m[AndroidUiautomator2Driver@a198]&amp#27;[0m Proxying [POST /element/00000000-0000-0dcd-ffff-ffff00000181/click] to [POST http://127.0.0.1:8205/session/a99c4fa6-9e79-4817-8a13-94944a3c5a9c/element/00000000-0000-0dcd-ffff-ffff00000181/click] with body: {"element":"00000000-0000-0dcd-ffff-ffff00000181"}
&amp#27;[38;5;44m[2e52281c]&amp#27;[0m&amp#27;[38;5;-78m[AndroidUiautomator2Driver@a198]&amp#27;[0m Got response with status 200: {"sessionId":"a99c4fa6-9e79-4817-8a13-94944a3c5a9c","value":null}
&amp#27;[38;5;44m[2e52281c]&amp#27;[0m&amp#27;[38;5;-78m[AndroidUiautomator2Driver@a198]&amp#27;[0m Responding to client with driver.click() result: null
&amp#27;[38;5;44m[2e52281c]&amp#27;[0m&amp#27;[38;5;86m[HTTP]&amp#27;[0m &amp#27;[37m<-- POST /session/2e52281c-842a-4ec4-9537-575aaab1b1c1/element/00000000-0000-0dcd-ffff-ffff00000181/click &amp#27;[39m&amp#27;[32m200&amp#27;[39m &amp#27;[90m694 ms - 14&amp#27;[39m &amp#27;[90m&amp#27;[39m
&amp#27;[38;5;44m[2e52281c]&amp#27;[0m&amp#27;[38;5;86m[HTTP]&amp#27;[0m &amp#27;[37m-->&amp#27;[39m &amp#27;[37mGET&amp#27;[39m &amp#27;[37m/session/2e52281c-842a-4ec4-9537-575aaab1b1c1/context&amp#27;[39m &amp#27;[90m{}&amp#27;[39m
&amp#27;[38;5;44m[2e52281c]&amp#27;[0m&amp#27;[38;5;-78m[AndroidUiautomator2Driver@a198]&amp#27;[0m Calling AppiumDriver.getCurrentContext() with args: ["2e52281c-842a-4ec4-9537-575aaab1b1c1"]
&amp#27;[38;5;44m[2e52281c]&amp#27;[0m&amp#27;[38;5;-78m[AndroidUiautomator2Driver@a198]&amp#27;[0m Responding to client with driver.getCurrentContext() result: "NATIVE_APP"
&amp#27;[38;5;44m[2e52281c]&amp#27;[0m&amp#27;[38;5;86m[HTTP]&amp#27;[0m &amp#27;[37m<-- GET /session/2e52281c-842a-4ec4-9537-575aaab1b1c1/context &amp#27;[39m&amp#27;[32m200&amp#27;[39m &amp#27;[90m1 ms - 22&amp#27;[39m &amp#27;[90m&amp#27;[39m
&amp#27;[38;5;44m[2e52281c]&amp#27;[0m&amp#27;[38;5;86m[HTTP]&amp#27;[0m &amp#27;[37m-->&amp#27;[39m &amp#27;[37mPOST&amp#27;[39m &amp#27;[37m/session/2e52281c-842a-4ec4-9537-575aaab1b1c1/element&amp#27;[39m &amp#27;[90m{"using":"id","value":"com.saucelabs.mydemoapp.android:id/passwordET"}&amp#27;[39m
&amp#27;[38;5;44m[2e52281c]&amp#27;[0m&amp#27;[38;5;-78m[AndroidUiautomator2Driver@a198]&amp#27;[0m Calling AppiumDriver.findElement() with args: ["id","com.saucelabs.mydemoapp.android:id/passwordET","2e52281c-842a-4ec4-9537-575aaab1b1c1"]
&amp#27;[38;5;44m[2e52281c]&amp#27;[0m&amp#27;[38;5;-78m[AndroidUiautomator2Driver@a198]&amp#27;[0m Valid locator strategies for this request: xpath, id, class name, accessibility id, css selector, -android uiautomator
&amp#27;[38;5;44m[2e52281c]&amp#27;[0m&amp#27;[38;5;-78m[AndroidUiautomator2Driver@a198]&amp#27;[0m Waiting up to 15000 ms for condition
&amp#27;[38;5;44m[2e52281c]&amp#27;[0m&amp#27;[38;5;-78m[AndroidUiautomator2Driver@a198]&amp#27;[0m Matched '/element' to command name 'findElement'
&amp#27;[38;5;44m[2e52281c]&amp#27;[0m&amp#27;[38;5;-78m[AndroidUiautomator2Driver@a198]&amp#27;[0m Proxying [POST /element] to [POST http://127.0.0.1:8205/session/a99c4fa6-9e79-4817-8a13-94944a3c5a9c/element] with body: {"strategy":"id","selector":"com.saucelabs.mydemoapp.android:id/passwordET","context":"","multiple":false}
&amp#27;[38;5;44m[2e52281c]&amp#27;[0m&amp#27;[38;5;-78m[AndroidUiautomator2Driver@a198]&amp#27;[0m Got response with status 200: {"sessionId":"a99c4fa6-9e79-4817-8a13-94944a3c5a9c","value":{"ELEMENT":"00000000-0000-0dcd-ffff-ffff00000181","element-6066-11e4-a52e-4f735466cecf":"00000000-0000-0dcd-ffff-ffff00000181"}}
&amp#27;[38;5;44m[2e52281c]&amp#27;[0m&amp#27;[38;5;-78m[AndroidUiautomator2Driver@a198]&amp#27;[0m Responding to client with driver.findElement() result: {"element-6066-11e4-a52e-4f735466cecf":"00000000-0000-0dcd-ffff-ffff00000181","ELEMENT":"00000000-0000-0dcd-ffff-ffff00000181"}
&amp#27;[38;5;44m[2e52281c]&amp#27;[0m&amp#27;[38;5;86m[HTTP]&amp#27;[0m &amp#27;[37m<-- POST /session/2e52281c-842a-4ec4-9537-575aaab1b1c1/element &amp#27;[39m&amp#27;[32m200&amp#27;[39m &amp#27;[90m104 ms - 137&amp#27;[39m &amp#27;[90m&amp#27;[39m
&amp#27;[38;5;44m[2e52281c]&amp#27;[0m&amp#27;[38;5;86m[HTTP]&amp#27;[0m &amp#27;[37m-->&amp#27;[39m &amp#27;[37mPOST&amp#27;[39m &amp#27;[37m/session/2e52281c-842a-4ec4-9537-575aaab1b1c1/element/00000000-0000-0dcd-ffff-ffff00000181/value&amp#27;[39m &amp#27;[90m{"id":"00000000-0000-0dcd-ffff-ffff00000181","value":["1","0","2","0","3","0","4","0"],"text":"10203040"}&amp#27;[39m
&amp#27;[38;5;44m[2e52281c]&amp#27;[0m&amp#27;[38;5;-78m[AndroidUiautomator2Driver@a198]&amp#27;[0m Calling AppiumDriver.setValue() with args: [["1","0","2","0","3","0","4","0"],"00000000-0000-0dcd-ffff-ffff00000181","2e52281c-842a-4ec4-9537-575aaab1b1c1"]
&amp#27;[38;5;44m[2e52281c]&amp#27;[0m&amp#27;[38;5;-78m[AndroidUiautomator2Driver@a198]&amp#27;[0m Matched '/element/00000000-0000-0dcd-ffff-ffff00000181/value' to command name 'setValue'
&amp#27;[38;5;44m[2e52281c]&amp#27;[0m&amp#27;[38;5;-78m[AndroidUiautomator2Driver@a198]&amp#27;[0m Added 'value' property ["1","0","2","0","3","0","4","0"] to 'setValue' request body
&amp#27;[38;5;44m[2e52281c]&amp#27;[0m&amp#27;[38;5;-78m[AndroidUiautomator2Driver@a198]&amp#27;[0m Proxying [POST /element/00000000-0000-0dcd-ffff-ffff00000181/value] to [POST http://127.0.0.1:8205/session/a99c4fa6-9e79-4817-8a13-94944a3c5a9c/element/00000000-0000-0dcd-ffff-ffff00000181/value] with body: {"elementId":"00000000-0000-0dcd-ffff-ffff00000181","text":"10203040","replace":false,"value":["1","0","2","0","3","0","4","0"]}
&amp#27;[38;5;44m[2e52281c]&amp#27;[0m&amp#27;[38;5;-78m[AndroidUiautomator2Driver@a198]&amp#27;[0m Got response with status 200: {"sessionId":"a99c4fa6-9e79-4817-8a13-94944a3c5a9c","value":null}
&amp#27;[38;5;44m[2e52281c]&amp#27;[0m&amp#27;[38;5;-78m[AndroidUiautomator2Driver@a198]&amp#27;[0m Responding to client with driver.setValue() result: null
&amp#27;[38;5;44m[2e52281c]&amp#27;[0m&amp#27;[38;5;86m[HTTP]&amp#27;[0m &amp#27;[37m<-- POST /session/2e52281c-842a-4ec4-9537-575aaab1b1c1/element/00000000-0000-0dcd-ffff-ffff00000181/value &amp#27;[39m&amp#27;[32m200&amp#27;[39m &amp#27;[90m78 ms - 14&amp#27;[39m &amp#27;[90m&amp#27;[39m
&amp#27;[38;5;44m[2e52281c]&amp#27;[0m&amp#27;[38;5;86m[HTTP]&amp#27;[0m &amp#27;[37m-->&amp#27;[39m &amp#27;[37mGET&amp#27;[39m &amp#27;[37m/session/2e52281c-842a-4ec4-9537-575aaab1b1c1/context&amp#27;[39m &amp#27;[90m{}&amp#27;[39m
&amp#27;[38;5;44m[2e52281c]&amp#27;[0m&amp#27;[38;5;-78m[AndroidUiautomator2Driver@a198]&amp#27;[0m Calling AppiumDriver.getCurrentContext() with args: ["2e52281c-842a-4ec4-9537-575aaab1b1c1"]
&amp#27;[38;5;44m[2e52281c]&amp#27;[0m&amp#27;[38;5;-78m[AndroidUiautomator2Driver@a198]&amp#27;[0m Responding to client with driver.getCurrentContext() result: "NATIVE_APP"
&amp#27;[38;5;44m[2e52281c]&amp#27;[0m&amp#27;[38;5;86m[HTTP]&amp#27;[0m &amp#27;[37m<-- GET /session/2e52281c-842a-4ec4-9537-575aaab1b1c1/context &amp#27;[39m&amp#27;[32m200&amp#27;[39m &amp#27;[90m2 ms - 22&amp#27;[39m &amp#27;[90m&amp#27;[39m
&amp#27;[38;5;44m[2e52281c]&amp#27;[0m&amp#27;[38;5;86m[HTTP]&amp#27;[0m &amp#27;[37m-->&amp#27;[39m &amp#27;[37mPOST&amp#27;[39m &amp#27;[37m/session/2e52281c-842a-4ec4-9537-575aaab1b1c1/element&amp#27;[39m &amp#27;[90m{"using":"accessibility id","value":"Tap to login with given credentials"}&amp#27;[39m
&amp#27;[38;5;44m[2e52281c]&amp#27;[0m&amp#27;[38;5;-78m[AndroidUiautomator2Driver@a198]&amp#27;[0m Calling AppiumDriver.findElement() with args: ["accessibility id","Tap to login with given credentials","2e52281c-842a-4ec4-9537-575aaab1b1c1"]
&amp#27;[38;5;44m[2e52281c]&amp#27;[0m&amp#27;[38;5;-78m[AndroidUiautomator2Driver@a198]&amp#27;[0m Valid locator strategies for this request: xpath, id, class name, accessibility id, css selector, -android uiautomator
&amp#27;[38;5;44m[2e52281c]&amp#27;[0m&amp#27;[38;5;-78m[AndroidUiautomator2Driver@a198]&amp#27;[0m Waiting up to 15000 ms for condition
&amp#27;[38;5;44m[2e52281c]&amp#27;[0m&amp#27;[38;5;-78m[AndroidUiautomator2Driver@a198]&amp#27;[0m Matched '/element' to command name 'findElement'
&amp#27;[38;5;44m[2e52281c]&amp#27;[0m&amp#27;[38;5;-78m[AndroidUiautomator2Driver@a198]&amp#27;[0m Proxying [POST /element] to [POST http://127.0.0.1:8205/session/a99c4fa6-9e79-4817-8a13-94944a3c5a9c/element] with body: {"strategy":"accessibility id","selector":"Tap to login with given credentials","context":"","multiple":false}
&amp#27;[38;5;44m[2e52281c]&amp#27;[0m&amp#27;[38;5;-78m[AndroidUiautomator2Driver@a198]&amp#27;[0m Got response with status 404: {"sessionId":"a99c4fa6-9e79-4817-8a13-94944a3c5a9c","value":{"error":"no such element","message":"An element could not be located on the page using the given search parameters","stacktrace":"io.appium.uiautomator2.common.exceptions.ElementNotFoundException: An element could not be located on the page using the given search parameters\n\tat io.appium.uiautomator2.handler.FindElement.safeHandle(FindElement.java:63)\n\tat io.appium.uiautomator2.handler.request.SafeRequestHandler.handle(SafeRequestHandler.java:59)\n\tat io.appium.uiautomator2.server.AppiumServlet.handleRequest(AppiumServlet.java:259)\n\tat io.appium.uiautomator2.server.AppiumServlet.handleHttpRequest(AppiumServlet.java:253)\n\tat io.appium.uiautomator2.http.ServerHandler.channelRead(ServerHandler.java:77)\n\tat io.netty.channel.AbstractChannelHandlerContext.invokeChannelRead(AbstractChannelHandlerContext.java:366)\n\tat io.netty.channel.AbstractChannelHandlerContext.invokeChannelRead(AbstractChannelHandlerContext.java:352)\n\tat io.netty.chann...
&amp#27;[38;5;44m[2e52281c]&amp#27;[0m&amp#27;[38;5;123m[W3C]&amp#27;[0m Matched W3C error code 'no such element' to NoSuchElementError
&amp#27;[38;5;44m[2e52281c]&amp#27;[0m&amp#27;[38;5;-78m[AndroidUiautomator2Driver@a198]&amp#27;[0m Waited for 675 ms so far
&amp#27;[38;5;44m[2e52281c]&amp#27;[0m&amp#27;[38;5;-78m[AndroidUiautomator2Driver@a198]&amp#27;[0m Matched '/element' to command name 'findElement'
&amp#27;[38;5;44m[2e52281c]&amp#27;[0m&amp#27;[38;5;-78m[AndroidUiautomator2Driver@a198]&amp#27;[0m Proxying [POST /element] to [POST http://127.0.0.1:8205/session/a99c4fa6-9e79-4817-8a13-94944a3c5a9c/element] with body: {"strategy":"accessibility id","selector":"Tap to login with given credentials","context":"","multiple":false}
&amp#27;[38;5;44m[2e52281c]&amp#27;[0m&amp#27;[38;5;-78m[AndroidUiautomator2Driver@a198]&amp#27;[0m Got response with status 404: {"sessionId":"a99c4fa6-9e79-4817-8a13-94944a3c5a9c","value":{"error":"no such element","message":"An element could not be located on the page using the given search parameters","stacktrace":"io.appium.uiautomator2.common.exceptions.ElementNotFoundException: An element could not be located on the page using the given search parameters\n\tat io.appium.uiautomator2.handler.FindElement.safeHandle(FindElement.java:63)\n\tat io.appium.uiautomator2.handler.request.SafeRequestHandler.handle(SafeRequestHandler.java:59)\n\tat io.appium.uiautomator2.server.AppiumServlet.handleRequest(AppiumServlet.java:259)\n\tat io.appium.uiautomator2.server.AppiumServlet.handleHttpRequest(AppiumServlet.java:253)\n\tat io.appium.uiautomator2.http.ServerHandler.channelRead(ServerHandler.java:77)\n\tat io.netty.channel.AbstractChannelHandlerContext.invokeChannelRead(AbstractChannelHandlerContext.java:366)\n\tat io.netty.channel.AbstractChannelHandlerContext.invokeChannelRead(AbstractChannelHandlerContext.java:352)\n\tat io.netty.chann...
&amp#27;[38;5;44m[2e52281c]&amp#27;[0m&amp#27;[38;5;123m[W3C]&amp#27;[0m Matched W3C error code 'no such element' to NoSuchElementError
&amp#27;[38;5;44m[2e52281c]&amp#27;[0m&amp#27;[38;5;-78m[AndroidUiautomator2Driver@a198]&amp#27;[0m Waited for 2301 ms so far
&amp#27;[38;5;44m[2e52281c]&amp#27;[0m&amp#27;[38;5;-78m[AndroidUiautomator2Driver@a198]&amp#27;[0m Matched '/element' to command name 'findElement'
&amp#27;[38;5;44m[2e52281c]&amp#27;[0m&amp#27;[38;5;-78m[AndroidUiautomator2Driver@a198]&amp#27;[0m Proxying [POST /element] to [POST http://127.0.0.1:8205/session/a99c4fa6-9e79-4817-8a13-94944a3c5a9c/element] with body: {"strategy":"accessibility id","selector":"Tap to login with given credentials","context":"","multiple":false}
&amp#27;[38;5;44m[2e52281c]&amp#27;[0m&amp#27;[38;5;-78m[AndroidUiautomator2Driver@a198]&amp#27;[0m Got response with status 404: {"sessionId":"a99c4fa6-9e79-4817-8a13-94944a3c5a9c","value":{"error":"no such element","message":"An element could not be located on the page using the given search parameters","stacktrace":"io.appium.uiautomator2.common.exceptions.ElementNotFoundException: An element could not be located on the page using the given search parameters\n\tat io.appium.uiautomator2.handler.FindElement.safeHandle(FindElement.java:63)\n\tat io.appium.uiautomator2.handler.request.SafeRequestHandler.handle(SafeRequestHandler.java:59)\n\tat io.appium.uiautomator2.server.AppiumServlet.handleRequest(AppiumServlet.java:259)\n\tat io.appium.uiautomator2.server.AppiumServlet.handleHttpRequest(AppiumServlet.java:253)\n\tat io.appium.uiautomator2.http.ServerHandler.channelRead(ServerHandler.java:77)\n\tat io.netty.channel.AbstractChannelHandlerContext.invokeChannelRead(AbstractChannelHandlerContext.java:366)\n\tat io.netty.channel.AbstractChannelHandlerContext.invokeChannelRead(AbstractChannelHandlerContext.java:352)\n\tat io.netty.chann...
&amp#27;[38;5;44m[2e52281c]&amp#27;[0m&amp#27;[38;5;123m[W3C]&amp#27;[0m Matched W3C error code 'no such element' to NoSuchElementError
&amp#27;[38;5;44m[2e52281c]&amp#27;[0m&amp#27;[38;5;-78m[AndroidUiautomator2Driver@a198]&amp#27;[0m Waited for 2974 ms so far
&amp#27;[38;5;44m[2e52281c]&amp#27;[0m&amp#27;[38;5;-78m[AndroidUiautomator2Driver@a198]&amp#27;[0m Matched '/element' to command name 'findElement'
&amp#27;[38;5;44m[2e52281c]&amp#27;[0m&amp#27;[38;5;-78m[AndroidUiautomator2Driver@a198]&amp#27;[0m Proxying [POST /element] to [POST http://127.0.0.1:8205/session/a99c4fa6-9e79-4817-8a13-94944a3c5a9c/element] with body: {"strategy":"accessibility id","selector":"Tap to login with given credentials","context":"","multiple":false}
&amp#27;[38;5;44m[2e52281c]&amp#27;[0m&amp#27;[38;5;-78m[AndroidUiautomator2Driver@a198]&amp#27;[0m Got response with status 404: {"sessionId":"a99c4fa6-9e79-4817-8a13-94944a3c5a9c","value":{"error":"no such element","message":"An element could not be located on the page using the given search parameters","stacktrace":"io.appium.uiautomator2.common.exceptions.ElementNotFoundException: An element could not be located on the page using the given search parameters\n\tat io.appium.uiautomator2.handler.FindElement.safeHandle(FindElement.java:63)\n\tat io.appium.uiautomator2.handler.request.SafeRequestHandler.handle(SafeRequestHandler.java:59)\n\tat io.appium.uiautomator2.server.AppiumServlet.handleRequest(AppiumServlet.java:259)\n\tat io.appium.uiautomator2.server.AppiumServlet.handleHttpRequest(AppiumServlet.java:253)\n\tat io.appium.uiautomator2.http.ServerHandler.channelRead(ServerHandler.java:77)\n\tat io.netty.channel.AbstractChannelHandlerContext.invokeChannelRead(AbstractChannelHandlerContext.java:366)\n\tat io.netty.channel.AbstractChannelHandlerContext.invokeChannelRead(AbstractChannelHandlerContext.java:352)\n\tat io.netty.chann...
&amp#27;[38;5;44m[2e52281c]&amp#27;[0m&amp#27;[38;5;123m[W3C]&amp#27;[0m Matched W3C error code 'no such element' to NoSuchElementError
&amp#27;[38;5;44m[2e52281c]&amp#27;[0m&amp#27;[38;5;-78m[AndroidUiautomator2Driver@a198]&amp#27;[0m Waited for 3614 ms so far
&amp#27;[38;5;44m[2e52281c]&amp#27;[0m&amp#27;[38;5;-78m[AndroidUiautomator2Driver@a198]&amp#27;[0m Matched '/element' to command name 'findElement'
&amp#27;[38;5;44m[2e52281c]&amp#27;[0m&amp#27;[38;5;-78m[AndroidUiautomator2Driver@a198]&amp#27;[0m Proxying [POST /element] to [POST http://127.0.0.1:8205/session/a99c4fa6-9e79-4817-8a13-94944a3c5a9c/element] with body: {"strategy":"accessibility id","selector":"Tap to login with given credentials","context":"","multiple":false}
&amp#27;[38;5;44m[2e52281c]&amp#27;[0m&amp#27;[38;5;-78m[AndroidUiautomator2Driver@a198]&amp#27;[0m Got response with status 404: {"sessionId":"a99c4fa6-9e79-4817-8a13-94944a3c5a9c","value":{"error":"no such element","message":"An element could not be located on the page using the given search parameters","stacktrace":"io.appium.uiautomator2.common.exceptions.ElementNotFoundException: An element could not be located on the page using the given search parameters\n\tat io.appium.uiautomator2.handler.FindElement.safeHandle(FindElement.java:63)\n\tat io.appium.uiautomator2.handler.request.SafeRequestHandler.handle(SafeRequestHandler.java:59)\n\tat io.appium.uiautomator2.server.AppiumServlet.handleRequest(AppiumServlet.java:259)\n\tat io.appium.uiautomator2.server.AppiumServlet.handleHttpRequest(AppiumServlet.java:253)\n\tat io.appium.uiautomator2.http.ServerHandler.channelRead(ServerHandler.java:77)\n\tat io.netty.channel.AbstractChannelHandlerContext.invokeChannelRead(AbstractChannelHandlerContext.java:366)\n\tat io.netty.channel.AbstractChannelHandlerContext.invokeChannelRead(AbstractChannelHandlerContext.java:352)\n\tat io.netty.chann...
&amp#27;[38;5;44m[2e52281c]&amp#27;[0m&amp#27;[38;5;123m[W3C]&amp#27;[0m Matched W3C error code 'no such element' to NoSuchElementError
&amp#27;[38;5;44m[2e52281c]&amp#27;[0m&amp#27;[38;5;-78m[AndroidUiautomator2Driver@a198]&amp#27;[0m Waited for 4256 ms so far
&amp#27;[38;5;44m[2e52281c]&amp#27;[0m&amp#27;[38;5;-78m[AndroidUiautomator2Driver@a198]&amp#27;[0m Matched '/element' to command name 'findElement'
&amp#27;[38;5;44m[2e52281c]&amp#27;[0m&amp#27;[38;5;-78m[AndroidUiautomator2Driver@a198]&amp#27;[0m Proxying [POST /element] to [POST http://127.0.0.1:8205/session/a99c4fa6-9e79-4817-8a13-94944a3c5a9c/element] with body: {"strategy":"accessibility id","selector":"Tap to login with given credentials","context":"","multiple":false}
&amp#27;[38;5;44m[2e52281c]&amp#27;[0m&amp#27;[38;5;-78m[AndroidUiautomator2Driver@a198]&amp#27;[0m Got response with status 404: {"sessionId":"a99c4fa6-9e79-4817-8a13-94944a3c5a9c","value":{"error":"no such element","message":"An element could not be located on the page using the given search parameters","stacktrace":"io.appium.uiautomator2.common.exceptions.ElementNotFoundException: An element could not be located on the page using the given search parameters\n\tat io.appium.uiautomator2.handler.FindElement.safeHandle(FindElement.java:63)\n\tat io.appium.uiautomator2.handler.request.SafeRequestHandler.handle(SafeRequestHandler.java:59)\n\tat io.appium.uiautomator2.server.AppiumServlet.handleRequest(AppiumServlet.java:259)\n\tat io.appium.uiautomator2.server.AppiumServlet.handleHttpRequest(AppiumServlet.java:253)\n\tat io.appium.uiautomator2.http.ServerHandler.channelRead(ServerHandler.java:77)\n\tat io.netty.channel.AbstractChannelHandlerContext.invokeChannelRead(AbstractChannelHandlerContext.java:366)\n\tat io.netty.channel.AbstractChannelHandlerContext.invokeChannelRead(AbstractChannelHandlerContext.java:352)\n\tat io.netty.chann...
&amp#27;[38;5;44m[2e52281c]&amp#27;[0m&amp#27;[38;5;123m[W3C]&amp#27;[0m Matched W3C error code 'no such element' to NoSuchElementError
&amp#27;[38;5;44m[2e52281c]&amp#27;[0m&amp#27;[38;5;-78m[AndroidUiautomator2Driver@a198]&amp#27;[0m Waited for 4916 ms so far
&amp#27;[38;5;44m[2e52281c]&amp#27;[0m&amp#27;[38;5;-78m[AndroidUiautomator2Driver@a198]&amp#27;[0m Matched '/element' to command name 'findElement'
&amp#27;[38;5;44m[2e52281c]&amp#27;[0m&amp#27;[38;5;-78m[AndroidUiautomator2Driver@a198]&amp#27;[0m Proxying [POST /element] to [POST http://127.0.0.1:8205/session/a99c4fa6-9e79-4817-8a13-94944a3c5a9c/element] with body: {"strategy":"accessibility id","selector":"Tap to login with given credentials","context":"","multiple":false}
&amp#27;[38;5;44m[2e52281c]&amp#27;[0m&amp#27;[38;5;-78m[AndroidUiautomator2Driver@a198]&amp#27;[0m Got response with status 404: {"sessionId":"a99c4fa6-9e79-4817-8a13-94944a3c5a9c","value":{"error":"no such element","message":"An element could not be located on the page using the given search parameters","stacktrace":"io.appium.uiautomator2.common.exceptions.ElementNotFoundException: An element could not be located on the page using the given search parameters\n\tat io.appium.uiautomator2.handler.FindElement.safeHandle(FindElement.java:63)\n\tat io.appium.uiautomator2.handler.request.SafeRequestHandler.handle(SafeRequestHandler.java:59)\n\tat io.appium.uiautomator2.server.AppiumServlet.handleRequest(AppiumServlet.java:259)\n\tat io.appium.uiautomator2.server.AppiumServlet.handleHttpRequest(AppiumServlet.java:253)\n\tat io.appium.uiautomator2.http.ServerHandler.channelRead(ServerHandler.java:77)\n\tat io.netty.channel.AbstractChannelHandlerContext.invokeChannelRead(AbstractChannelHandlerContext.java:366)\n\tat io.netty.channel.AbstractChannelHandlerContext.invokeChannelRead(AbstractChannelHandlerContext.java:352)\n\tat io.netty.chann...
&amp#27;[38;5;44m[2e52281c]&amp#27;[0m&amp#27;[38;5;123m[W3C]&amp#27;[0m Matched W3C error code 'no such element' to NoSuchElementError
&amp#27;[38;5;44m[2e52281c]&amp#27;[0m&amp#27;[38;5;-78m[AndroidUiautomator2Driver@a198]&amp#27;[0m Waited for 5555 ms so far
&amp#27;[38;5;44m[2e52281c]&amp#27;[0m&amp#27;[38;5;-78m[AndroidUiautomator2Driver@a198]&amp#27;[0m Matched '/element' to command name 'findElement'
&amp#27;[38;5;44m[2e52281c]&amp#27;[0m&amp#27;[38;5;-78m[AndroidUiautomator2Driver@a198]&amp#27;[0m Proxying [POST /element] to [POST http://127.0.0.1:8205/session/a99c4fa6-9e79-4817-8a13-94944a3c5a9c/element] with body: {"strategy":"accessibility id","selector":"Tap to login with given credentials","context":"","multiple":false}
&amp#27;[38;5;44m[2e52281c]&amp#27;[0m&amp#27;[38;5;-78m[AndroidUiautomator2Driver@a198]&amp#27;[0m Got response with status 404: {"sessionId":"a99c4fa6-9e79-4817-8a13-94944a3c5a9c","value":{"error":"no such element","message":"An element could not be located on the page using the given search parameters","stacktrace":"io.appium.uiautomator2.common.exceptions.ElementNotFoundException: An element could not be located on the page using the given search parameters\n\tat io.appium.uiautomator2.handler.FindElement.safeHandle(FindElement.java:63)\n\tat io.appium.uiautomator2.handler.request.SafeRequestHandler.handle(SafeRequestHandler.java:59)\n\tat io.appium.uiautomator2.server.AppiumServlet.handleRequest(AppiumServlet.java:259)\n\tat io.appium.uiautomator2.server.AppiumServlet.handleHttpRequest(AppiumServlet.java:253)\n\tat io.appium.uiautomator2.http.ServerHandler.channelRead(ServerHandler.java:77)\n\tat io.netty.channel.AbstractChannelHandlerContext.invokeChannelRead(AbstractChannelHandlerContext.java:366)\n\tat io.netty.channel.AbstractChannelHandlerContext.invokeChannelRead(AbstractChannelHandlerContext.java:352)\n\tat io.netty.chann...
&amp#27;[38;5;44m[2e52281c]&amp#27;[0m&amp#27;[38;5;123m[W3C]&amp#27;[0m Matched W3C error code 'no such element' to NoSuchElementError
&amp#27;[38;5;44m[2e52281c]&amp#27;[0m&amp#27;[38;5;-78m[AndroidUiautomator2Driver@a198]&amp#27;[0m Waited for 6188 ms so far
&amp#27;[38;5;44m[2e52281c]&amp#27;[0m&amp#27;[38;5;-78m[AndroidUiautomator2Driver@a198]&amp#27;[0m Matched '/element' to command name 'findElement'
&amp#27;[38;5;44m[2e52281c]&amp#27;[0m&amp#27;[38;5;-78m[AndroidUiautomator2Driver@a198]&amp#27;[0m Proxying [POST /element] to [POST http://127.0.0.1:8205/session/a99c4fa6-9e79-4817-8a13-94944a3c5a9c/element] with body: {"strategy":"accessibility id","selector":"Tap to login with given credentials","context":"","multiple":false}
&amp#27;[38;5;44m[2e52281c]&amp#27;[0m&amp#27;[38;5;-78m[AndroidUiautomator2Driver@a198]&amp#27;[0m Got response with status 404: {"sessionId":"a99c4fa6-9e79-4817-8a13-94944a3c5a9c","value":{"error":"no such element","message":"An element could not be located on the page using the given search parameters","stacktrace":"io.appium.uiautomator2.common.exceptions.ElementNotFoundException: An element could not be located on the page using the given search parameters\n\tat io.appium.uiautomator2.handler.FindElement.safeHandle(FindElement.java:63)\n\tat io.appium.uiautomator2.handler.request.SafeRequestHandler.handle(SafeRequestHandler.java:59)\n\tat io.appium.uiautomator2.server.AppiumServlet.handleRequest(AppiumServlet.java:259)\n\tat io.appium.uiautomator2.server.AppiumServlet.handleHttpRequest(AppiumServlet.java:253)\n\tat io.appium.uiautomator2.http.ServerHandler.channelRead(ServerHandler.java:77)\n\tat io.netty.channel.AbstractChannelHandlerContext.invokeChannelRead(AbstractChannelHandlerContext.java:366)\n\tat io.netty.channel.AbstractChannelHandlerContext.invokeChannelRead(AbstractChannelHandlerContext.java:352)\n\tat io.netty.chann...
&amp#27;[38;5;44m[2e52281c]&amp#27;[0m&amp#27;[38;5;123m[W3C]&amp#27;[0m Matched W3C error code 'no such element' to NoSuchElementError
&amp#27;[38;5;44m[2e52281c]&amp#27;[0m&amp#27;[38;5;-78m[AndroidUiautomator2Driver@a198]&amp#27;[0m Waited for 6813 ms so far
&amp#27;[38;5;44m[2e52281c]&amp#27;[0m&amp#27;[38;5;-78m[AndroidUiautomator2Driver@a198]&amp#27;[0m Matched '/element' to command name 'findElement'
&amp#27;[38;5;44m[2e52281c]&amp#27;[0m&amp#27;[38;5;-78m[AndroidUiautomator2Driver@a198]&amp#27;[0m Proxying [POST /element] to [POST http://127.0.0.1:8205/session/a99c4fa6-9e79-4817-8a13-94944a3c5a9c/element] with body: {"strategy":"accessibility id","selector":"Tap to login with given credentials","context":"","multiple":false}
&amp#27;[38;5;44m[2e52281c]&amp#27;[0m&amp#27;[38;5;-78m[AndroidUiautomator2Driver@a198]&amp#27;[0m Got response with status 404: {"sessionId":"a99c4fa6-9e79-4817-8a13-94944a3c5a9c","value":{"error":"no such element","message":"An element could not be located on the page using the given search parameters","stacktrace":"io.appium.uiautomator2.common.exceptions.ElementNotFoundException: An element could not be located on the page using the given search parameters\n\tat io.appium.uiautomator2.handler.FindElement.safeHandle(FindElement.java:63)\n\tat io.appium.uiautomator2.handler.request.SafeRequestHandler.handle(SafeRequestHandler.java:59)\n\tat io.appium.uiautomator2.server.AppiumServlet.handleRequest(AppiumServlet.java:259)\n\tat io.appium.uiautomator2.server.AppiumServlet.handleHttpRequest(AppiumServlet.java:253)\n\tat io.appium.uiautomator2.http.ServerHandler.channelRead(ServerHandler.java:77)\n\tat io.netty.channel.AbstractChannelHandlerContext.invokeChannelRead(AbstractChannelHandlerContext.java:366)\n\tat io.netty.channel.AbstractChannelHandlerContext.invokeChannelRead(AbstractChannelHandlerContext.java:352)\n\tat io.netty.chann...
&amp#27;[38;5;44m[2e52281c]&amp#27;[0m&amp#27;[38;5;123m[W3C]&amp#27;[0m Matched W3C error code 'no such element' to NoSuchElementError
&amp#27;[38;5;44m[2e52281c]&amp#27;[0m&amp#27;[38;5;-78m[AndroidUiautomator2Driver@a198]&amp#27;[0m Waited for 7421 ms so far
&amp#27;[38;5;44m[2e52281c]&amp#27;[0m&amp#27;[38;5;-78m[AndroidUiautomator2Driver@a198]&amp#27;[0m Matched '/element' to command name 'findElement'
&amp#27;[38;5;44m[2e52281c]&amp#27;[0m&amp#27;[38;5;-78m[AndroidUiautomator2Driver@a198]&amp#27;[0m Proxying [POST /element] to [POST http://127.0.0.1:8205/session/a99c4fa6-9e79-4817-8a13-94944a3c5a9c/element] with body: {"strategy":"accessibility id","selector":"Tap to login with given credentials","context":"","multiple":false}
&amp#27;[38;5;44m[2e52281c]&amp#27;[0m&amp#27;[38;5;-78m[AndroidUiautomator2Driver@a198]&amp#27;[0m Got response with status 404: {"sessionId":"a99c4fa6-9e79-4817-8a13-94944a3c5a9c","value":{"error":"no such element","message":"An element could not be located on the page using the given search parameters","stacktrace":"io.appium.uiautomator2.common.exceptions.ElementNotFoundException: An element could not be located on the page using the given search parameters\n\tat io.appium.uiautomator2.handler.FindElement.safeHandle(FindElement.java:63)\n\tat io.appium.uiautomator2.handler.request.SafeRequestHandler.handle(SafeRequestHandler.java:59)\n\tat io.appium.uiautomator2.server.AppiumServlet.handleRequest(AppiumServlet.java:259)\n\tat io.appium.uiautomator2.server.AppiumServlet.handleHttpRequest(AppiumServlet.java:253)\n\tat io.appium.uiautomator2.http.ServerHandler.channelRead(ServerHandler.java:77)\n\tat io.netty.channel.AbstractChannelHandlerContext.invokeChannelRead(AbstractChannelHandlerContext.java:366)\n\tat io.netty.channel.AbstractChannelHandlerContext.invokeChannelRead(AbstractChannelHandlerContext.java:352)\n\tat io.netty.chann...
&amp#27;[38;5;44m[2e52281c]&amp#27;[0m&amp#27;[38;5;123m[W3C]&amp#27;[0m Matched W3C error code 'no such element' to NoSuchElementError
&amp#27;[38;5;44m[2e52281c]&amp#27;[0m&amp#27;[38;5;-78m[AndroidUiautomator2Driver@a198]&amp#27;[0m Waited for 8064 ms so far
&amp#27;[38;5;44m[2e52281c]&amp#27;[0m&amp#27;[38;5;-78m[AndroidUiautomator2Driver@a198]&amp#27;[0m Matched '/element' to command name 'findElement'
&amp#27;[38;5;44m[2e52281c]&amp#27;[0m&amp#27;[38;5;-78m[AndroidUiautomator2Driver@a198]&amp#27;[0m Proxying [POST /element] to [POST http://127.0.0.1:8205/session/a99c4fa6-9e79-4817-8a13-94944a3c5a9c/element] with body: {"strategy":"accessibility id","selector":"Tap to login with given credentials","context":"","multiple":false}
&amp#27;[38;5;44m[2e52281c]&amp#27;[0m&amp#27;[38;5;-78m[AndroidUiautomator2Driver@a198]&amp#27;[0m Got response with status 404: {"sessionId":"a99c4fa6-9e79-4817-8a13-94944a3c5a9c","value":{"error":"no such element","message":"An element could not be located on the page using the given search parameters","stacktrace":"io.appium.uiautomator2.common.exceptions.ElementNotFoundException: An element could not be located on the page using the given search parameters\n\tat io.appium.uiautomator2.handler.FindElement.safeHandle(FindElement.java:63)\n\tat io.appium.uiautomator2.handler.request.SafeRequestHandler.handle(SafeRequestHandler.java:59)\n\tat io.appium.uiautomator2.server.AppiumServlet.handleRequest(AppiumServlet.java:259)\n\tat io.appium.uiautomator2.server.AppiumServlet.handleHttpRequest(AppiumServlet.java:253)\n\tat io.appium.uiautomator2.http.ServerHandler.channelRead(ServerHandler.java:77)\n\tat io.netty.channel.AbstractChannelHandlerContext.invokeChannelRead(AbstractChannelHandlerContext.java:366)\n\tat io.netty.channel.AbstractChannelHandlerContext.invokeChannelRead(AbstractChannelHandlerContext.java:352)\n\tat io.netty.chann...
&amp#27;[38;5;44m[2e52281c]&amp#27;[0m&amp#27;[38;5;123m[W3C]&amp#27;[0m Matched W3C error code 'no such element' to NoSuchElementError
&amp#27;[38;5;44m[2e52281c]&amp#27;[0m&amp#27;[38;5;-78m[AndroidUiautomator2Driver@a198]&amp#27;[0m Waited for 8674 ms so far
&amp#27;[38;5;44m[2e52281c]&amp#27;[0m&amp#27;[38;5;-78m[AndroidUiautomator2Driver@a198]&amp#27;[0m Matched '/element' to command name 'findElement'
&amp#27;[38;5;44m[2e52281c]&amp#27;[0m&amp#27;[38;5;-78m[AndroidUiautomator2Driver@a198]&amp#27;[0m Proxying [POST /element] to [POST http://127.0.0.1:8205/session/a99c4fa6-9e79-4817-8a13-94944a3c5a9c/element] with body: {"strategy":"accessibility id","selector":"Tap to login with given credentials","context":"","multiple":false}
&amp#27;[38;5;44m[2e52281c]&amp#27;[0m&amp#27;[38;5;-78m[AndroidUiautomator2Driver@a198]&amp#27;[0m Got response with status 404: {"sessionId":"a99c4fa6-9e79-4817-8a13-94944a3c5a9c","value":{"error":"no such element","message":"An element could not be located on the page using the given search parameters","stacktrace":"io.appium.uiautomator2.common.exceptions.ElementNotFoundException: An element could not be located on the page using the given search parameters\n\tat io.appium.uiautomator2.handler.FindElement.safeHandle(FindElement.java:63)\n\tat io.appium.uiautomator2.handler.request.SafeRequestHandler.handle(SafeRequestHandler.java:59)\n\tat io.appium.uiautomator2.server.AppiumServlet.handleRequest(AppiumServlet.java:259)\n\tat io.appium.uiautomator2.server.AppiumServlet.handleHttpRequest(AppiumServlet.java:253)\n\tat io.appium.uiautomator2.http.ServerHandler.channelRead(ServerHandler.java:77)\n\tat io.netty.channel.AbstractChannelHandlerContext.invokeChannelRead(AbstractChannelHandlerContext.java:366)\n\tat io.netty.channel.AbstractChannelHandlerContext.invokeChannelRead(AbstractChannelHandlerContext.java:352)\n\tat io.netty.chann...
&amp#27;[38;5;44m[2e52281c]&amp#27;[0m&amp#27;[38;5;123m[W3C]&amp#27;[0m Matched W3C error code 'no such element' to NoSuchElementError
&amp#27;[38;5;44m[2e52281c]&amp#27;[0m&amp#27;[38;5;-78m[AndroidUiautomator2Driver@a198]&amp#27;[0m Waited for 9319 ms so far
&amp#27;[38;5;44m[2e52281c]&amp#27;[0m&amp#27;[38;5;-78m[AndroidUiautomator2Driver@a198]&amp#27;[0m Matched '/element' to command name 'findElement'
&amp#27;[38;5;44m[2e52281c]&amp#27;[0m&amp#27;[38;5;-78m[AndroidUiautomator2Driver@a198]&amp#27;[0m Proxying [POST /element] to [POST http://127.0.0.1:8205/session/a99c4fa6-9e79-4817-8a13-94944a3c5a9c/element] with body: {"strategy":"accessibility id","selector":"Tap to login with given credentials","context":"","multiple":false}
&amp#27;[38;5;44m[2e52281c]&amp#27;[0m&amp#27;[38;5;-78m[AndroidUiautomator2Driver@a198]&amp#27;[0m Got response with status 404: {"sessionId":"a99c4fa6-9e79-4817-8a13-94944a3c5a9c","value":{"error":"no such element","message":"An element could not be located on the page using the given search parameters","stacktrace":"io.appium.uiautomator2.common.exceptions.ElementNotFoundException: An element could not be located on the page using the given search parameters\n\tat io.appium.uiautomator2.handler.FindElement.safeHandle(FindElement.java:63)\n\tat io.appium.uiautomator2.handler.request.SafeRequestHandler.handle(SafeRequestHandler.java:59)\n\tat io.appium.uiautomator2.server.AppiumServlet.handleRequest(AppiumServlet.java:259)\n\tat io.appium.uiautomator2.server.AppiumServlet.handleHttpRequest(AppiumServlet.java:253)\n\tat io.appium.uiautomator2.http.ServerHandler.channelRead(ServerHandler.java:77)\n\tat io.netty.channel.AbstractChannelHandlerContext.invokeChannelRead(AbstractChannelHandlerContext.java:366)\n\tat io.netty.channel.AbstractChannelHandlerContext.invokeChannelRead(AbstractChannelHandlerContext.java:352)\n\tat io.netty.chann...
&amp#27;[38;5;44m[2e52281c]&amp#27;[0m&amp#27;[38;5;123m[W3C]&amp#27;[0m Matched W3C error code 'no such element' to NoSuchElementError
&amp#27;[38;5;44m[2e52281c]&amp#27;[0m&amp#27;[38;5;-78m[AndroidUiautomator2Driver@a198]&amp#27;[0m Waited for 9944 ms so far
&amp#27;[38;5;44m[2e52281c]&amp#27;[0m&amp#27;[38;5;-78m[AndroidUiautomator2Driver@a198]&amp#27;[0m Matched '/element' to command name 'findElement'
&amp#27;[38;5;44m[2e52281c]&amp#27;[0m&amp#27;[38;5;-78m[AndroidUiautomator2Driver@a198]&amp#27;[0m Proxying [POST /element] to [POST http://127.0.0.1:8205/session/a99c4fa6-9e79-4817-8a13-94944a3c5a9c/element] with body: {"strategy":"accessibility id","selector":"Tap to login with given credentials","context":"","multiple":false}
&amp#27;[38;5;44m[2e52281c]&amp#27;[0m&amp#27;[38;5;-78m[AndroidUiautomator2Driver@a198]&amp#27;[0m Got response with status 404: {"sessionId":"a99c4fa6-9e79-4817-8a13-94944a3c5a9c","value":{"error":"no such element","message":"An element could not be located on the page using the given search parameters","stacktrace":"io.appium.uiautomator2.common.exceptions.ElementNotFoundException: An element could not be located on the page using the given search parameters\n\tat io.appium.uiautomator2.handler.FindElement.safeHandle(FindElement.java:63)\n\tat io.appium.uiautomator2.handler.request.SafeRequestHandler.handle(SafeRequestHandler.java:59)\n\tat io.appium.uiautomator2.server.AppiumServlet.handleRequest(AppiumServlet.java:259)\n\tat io.appium.uiautomator2.server.AppiumServlet.handleHttpRequest(AppiumServlet.java:253)\n\tat io.appium.uiautomator2.http.ServerHandler.channelRead(ServerHandler.java:77)\n\tat io.netty.channel.AbstractChannelHandlerContext.invokeChannelRead(AbstractChannelHandlerContext.java:366)\n\tat io.netty.channel.AbstractChannelHandlerContext.invokeChannelRead(AbstractChannelHandlerContext.java:352)\n\tat io.netty.chann...
&amp#27;[38;5;44m[2e52281c]&amp#27;[0m&amp#27;[38;5;123m[W3C]&amp#27;[0m Matched W3C error code 'no such element' to NoSuchElementError
&amp#27;[38;5;44m[2e52281c]&amp#27;[0m&amp#27;[38;5;-78m[AndroidUiautomator2Driver@a198]&amp#27;[0m Waited for 10572 ms so far
&amp#27;[38;5;44m[2e52281c]&amp#27;[0m&amp#27;[38;5;-78m[AndroidUiautomator2Driver@a198]&amp#27;[0m Matched '/element' to command name 'findElement'
&amp#27;[38;5;44m[2e52281c]&amp#27;[0m&amp#27;[38;5;-78m[AndroidUiautomator2Driver@a198]&amp#27;[0m Proxying [POST /element] to [POST http://127.0.0.1:8205/session/a99c4fa6-9e79-4817-8a13-94944a3c5a9c/element] with body: {"strategy":"accessibility id","selector":"Tap to login with given credentials","context":"","multiple":false}
&amp#27;[38;5;60m[f438e53d]&amp#27;[0m&amp#27;[38;5;86m[HTTP]&amp#27;[0m &amp#27;[37m-->&amp#27;[39m &amp#27;[37mGET&amp#27;[39m &amp#27;[37m/session/f438e53d-039b-416a-be3b-b438615d3682/timeouts&amp#27;[39m &amp#27;[90m{}&amp#27;[39m
&amp#27;[38;5;60m[f438e53d]&amp#27;[0m&amp#27;[38;5;28m[AppiumDriver@3b8c]&amp#27;[0m Encountered internal error running command: NoSuchDriverError: A session is either terminated or not started
    at asyncHandler (C:\Users\Testriq\AppData\Roaming\npm\node_modules\appium\node_modules\@appium\base-driver\lib\protocol\protocol.js:309:15)
    at C:\Users\Testriq\AppData\Roaming\npm\node_modules\appium\node_modules\@appium\base-driver\lib\protocol\protocol.js:512:15
    at Layer.handle [as handle_request] (C:\Users\Testriq\AppData\Roaming\npm\node_modules\appium\node_modules\express\lib\router\layer.js:95:5)
    at next (C:\Users\Testriq\AppData\Roaming\npm\node_modules\appium\node_modules\express\lib\router\route.js:149:13)
    at Route.dispatch (C:\Users\Testriq\AppData\Roaming\npm\node_modules\appium\node_modules\express\lib\router\route.js:119:3)
    at Layer.handle [as handle_request] (C:\Users\Testriq\AppData\Roaming\npm\node_modules\appium\node_modules\express\lib\router\layer.js:95:5)
    at C:\Users\Testriq\AppData\Roaming\npm\node_modules\appium\node_modules\express\lib\router\index.js:284:15
    at param (C:\Users\Testriq\AppData\Roaming\npm\node_modules\appium\node_modules\express\lib\router\index.js:365:14)
    at param (C:\Users\Testriq\AppData\Roaming\npm\node_modules\appium\node_modules\express\lib\router\index.js:376:14)
    at Function.process_params (C:\Users\Testriq\AppData\Roaming\npm\node_modules\appium\node_modules\express\lib\router\index.js:421:3)
    at next (C:\Users\Testriq\AppData\Roaming\npm\node_modules\appium\node_modules\express\lib\router\index.js:280:10)
    at logger (C:\Users\Testriq\AppData\Roaming\npm\node_modules\appium\node_modules\morgan\index.js:144:5)
    at Layer.handle [as handle_request] (C:\Users\Testriq\AppData\Roaming\npm\node_modules\appium\node_modules\express\lib\router\layer.js:95:5)
    at trim_prefix (C:\Users\Testriq\AppData\Roaming\npm\node_modules\appium\node_modules\express\lib\router\index.js:328:13)
    at C:\Users\Testriq\AppData\Roaming\npm\node_modules\appium\node_modules\express\lib\router\index.js:286:9
    at Function.process_params (C:\Users\Testriq\AppData\Roaming\npm\node_modules\appium\node_modules\express\lib\router\index.js:346:12)
    at next (C:\Users\Testriq\AppData\Roaming\npm\node_modules\appium\node_modules\express\lib\router\index.js:280:10)
    at jsonParser (C:\Users\Testriq\AppData\Roaming\npm\node_modules\appium\node_modules\body-parser\lib\types\json.js:113:7)
    at Layer.handle [as handle_request] (C:\Users\Testriq\AppData\Roaming\npm\node_modules\appium\node_modules\express\lib\router\layer.js:95:5)
    at trim_prefix (C:\Users\Testriq\AppData\Roaming\npm\node_modules\appium\node_modules\express\lib\router\index.js:328:13)
    at C:\Users\Testriq\AppData\Roaming\npm\node_modules\appium\node_modules\express\lib\router\index.js:286:9
    at Function.process_params (C:\Users\Testriq\AppData\Roaming\npm\node_modules\appium\node_modules\express\lib\router\index.js:346:12)
&amp#27;[38;5;60m[f438e53d]&amp#27;[0m&amp#27;[38;5;86m[HTTP]&amp#27;[0m &amp#27;[37m<-- GET /session/f438e53d-039b-416a-be3b-b438615d3682/timeouts &amp#27;[39m&amp#27;[33m404&amp#27;[39m &amp#27;[90m1 ms - 3275&amp#27;[39m &amp#27;[90m&amp#27;[39m
&amp#27;[38;5;44m[2e52281c]&amp#27;[0m&amp#27;[38;5;-78m[AndroidUiautomator2Driver@a198]&amp#27;[0m Got response with status 404: {"sessionId":"a99c4fa6-9e79-4817-8a13-94944a3c5a9c","value":{"error":"no such element","message":"An element could not be located on the page using the given search parameters","stacktrace":"io.appium.uiautomator2.common.exceptions.ElementNotFoundException: An element could not be located on the page using the given search parameters\n\tat io.appium.uiautomator2.handler.FindElement.safeHandle(FindElement.java:63)\n\tat io.appium.uiautomator2.handler.request.SafeRequestHandler.handle(SafeRequestHandler.java:59)\n\tat io.appium.uiautomator2.server.AppiumServlet.handleRequest(AppiumServlet.java:259)\n\tat io.appium.uiautomator2.server.AppiumServlet.handleHttpRequest(AppiumServlet.java:253)\n\tat io.appium.uiautomator2.http.ServerHandler.channelRead(ServerHandler.java:77)\n\tat io.netty.channel.AbstractChannelHandlerContext.invokeChannelRead(AbstractChannelHandlerContext.java:366)\n\tat io.netty.channel.AbstractChannelHandlerContext.invokeChannelRead(AbstractChannelHandlerContext.java:352)\n\tat io.netty.chann...
&amp#27;[38;5;44m[2e52281c]&amp#27;[0m&amp#27;[38;5;123m[W3C]&amp#27;[0m Matched W3C error code 'no such element' to NoSuchElementError
&amp#27;[38;5;44m[2e52281c]&amp#27;[0m&amp#27;[38;5;-78m[AndroidUiautomator2Driver@a198]&amp#27;[0m Waited for 11208 ms so far
&amp#27;[38;5;44m[2e52281c]&amp#27;[0m&amp#27;[38;5;-78m[AndroidUiautomator2Driver@a198]&amp#27;[0m Matched '/element' to command name 'findElement'
&amp#27;[38;5;44m[2e52281c]&amp#27;[0m&amp#27;[38;5;-78m[AndroidUiautomator2Driver@a198]&amp#27;[0m Proxying [POST /element] to [POST http://127.0.0.1:8205/session/a99c4fa6-9e79-4817-8a13-94944a3c5a9c/element] with body: {"strategy":"accessibility id","selector":"Tap to login with given credentials","context":"","multiple":false}
&amp#27;[38;5;44m[2e52281c]&amp#27;[0m&amp#27;[38;5;-78m[AndroidUiautomator2Driver@a198]&amp#27;[0m Got response with status 404: {"sessionId":"a99c4fa6-9e79-4817-8a13-94944a3c5a9c","value":{"error":"no such element","message":"An element could not be located on the page using the given search parameters","stacktrace":"io.appium.uiautomator2.common.exceptions.ElementNotFoundException: An element could not be located on the page using the given search parameters\n\tat io.appium.uiautomator2.handler.FindElement.safeHandle(FindElement.java:63)\n\tat io.appium.uiautomator2.handler.request.SafeRequestHandler.handle(SafeRequestHandler.java:59)\n\tat io.appium.uiautomator2.server.AppiumServlet.handleRequest(AppiumServlet.java:259)\n\tat io.appium.uiautomator2.server.AppiumServlet.handleHttpRequest(AppiumServlet.java:253)\n\tat io.appium.uiautomator2.http.ServerHandler.channelRead(ServerHandler.java:77)\n\tat io.netty.channel.AbstractChannelHandlerContext.invokeChannelRead(AbstractChannelHandlerContext.java:366)\n\tat io.netty.channel.AbstractChannelHandlerContext.invokeChannelRead(AbstractChannelHandlerContext.java:352)\n\tat io.netty.chann...
&amp#27;[38;5;44m[2e52281c]&amp#27;[0m&amp#27;[38;5;123m[W3C]&amp#27;[0m Matched W3C error code 'no such element' to NoSuchElementError
&amp#27;[38;5;44m[2e52281c]&amp#27;[0m&amp#27;[38;5;-78m[AndroidUiautomator2Driver@a198]&amp#27;[0m Waited for 11836 ms so far
&amp#27;[38;5;44m[2e52281c]&amp#27;[0m&amp#27;[38;5;-78m[AndroidUiautomator2Driver@a198]&amp#27;[0m Matched '/element' to command name 'findElement'
&amp#27;[38;5;44m[2e52281c]&amp#27;[0m&amp#27;[38;5;-78m[AndroidUiautomator2Driver@a198]&amp#27;[0m Proxying [POST /element] to [POST http://127.0.0.1:8205/session/a99c4fa6-9e79-4817-8a13-94944a3c5a9c/element] with body: {"strategy":"accessibility id","selector":"Tap to login with given credentials","context":"","multiple":false}
&amp#27;[38;5;44m[2e52281c]&amp#27;[0m&amp#27;[38;5;-78m[AndroidUiautomator2Driver@a198]&amp#27;[0m Got response with status 404: {"sessionId":"a99c4fa6-9e79-4817-8a13-94944a3c5a9c","value":{"error":"no such element","message":"An element could not be located on the page using the given search parameters","stacktrace":"io.appium.uiautomator2.common.exceptions.ElementNotFoundException: An element could not be located on the page using the given search parameters\n\tat io.appium.uiautomator2.handler.FindElement.safeHandle(FindElement.java:63)\n\tat io.appium.uiautomator2.handler.request.SafeRequestHandler.handle(SafeRequestHandler.java:59)\n\tat io.appium.uiautomator2.server.AppiumServlet.handleRequest(AppiumServlet.java:259)\n\tat io.appium.uiautomator2.server.AppiumServlet.handleHttpRequest(AppiumServlet.java:253)\n\tat io.appium.uiautomator2.http.ServerHandler.channelRead(ServerHandler.java:77)\n\tat io.netty.channel.AbstractChannelHandlerContext.invokeChannelRead(AbstractChannelHandlerContext.java:366)\n\tat io.netty.channel.AbstractChannelHandlerContext.invokeChannelRead(AbstractChannelHandlerContext.java:352)\n\tat io.netty.chann...
&amp#27;[38;5;44m[2e52281c]&amp#27;[0m&amp#27;[38;5;123m[W3C]&amp#27;[0m Matched W3C error code 'no such element' to NoSuchElementError
&amp#27;[38;5;44m[2e52281c]&amp#27;[0m&amp#27;[38;5;-78m[AndroidUiautomator2Driver@a198]&amp#27;[0m Waited for 12478 ms so far
&amp#27;[38;5;44m[2e52281c]&amp#27;[0m&amp#27;[38;5;-78m[AndroidUiautomator2Driver@a198]&amp#27;[0m Matched '/element' to command name 'findElement'
&amp#27;[38;5;44m[2e52281c]&amp#27;[0m&amp#27;[38;5;-78m[AndroidUiautomator2Driver@a198]&amp#27;[0m Proxying [POST /element] to [POST http://127.0.0.1:8205/session/a99c4fa6-9e79-4817-8a13-94944a3c5a9c/element] with body: {"strategy":"accessibility id","selector":"Tap to login with given credentials","context":"","multiple":false}
&amp#27;[38;5;44m[2e52281c]&amp#27;[0m&amp#27;[38;5;-78m[AndroidUiautomator2Driver@a198]&amp#27;[0m Got response with status 404: {"sessionId":"a99c4fa6-9e79-4817-8a13-94944a3c5a9c","value":{"error":"no such element","message":"An element could not be located on the page using the given search parameters","stacktrace":"io.appium.uiautomator2.common.exceptions.ElementNotFoundException: An element could not be located on the page using the given search parameters\n\tat io.appium.uiautomator2.handler.FindElement.safeHandle(FindElement.java:63)\n\tat io.appium.uiautomator2.handler.request.SafeRequestHandler.handle(SafeRequestHandler.java:59)\n\tat io.appium.uiautomator2.server.AppiumServlet.handleRequest(AppiumServlet.java:259)\n\tat io.appium.uiautomator2.server.AppiumServlet.handleHttpRequest(AppiumServlet.java:253)\n\tat io.appium.uiautomator2.http.ServerHandler.channelRead(ServerHandler.java:77)\n\tat io.netty.channel.AbstractChannelHandlerContext.invokeChannelRead(AbstractChannelHandlerContext.java:366)\n\tat io.netty.channel.AbstractChannelHandlerContext.invokeChannelRead(AbstractChannelHandlerContext.java:352)\n\tat io.netty.chann...
&amp#27;[38;5;44m[2e52281c]&amp#27;[0m&amp#27;[38;5;123m[W3C]&amp#27;[0m Matched W3C error code 'no such element' to NoSuchElementError
&amp#27;[38;5;44m[2e52281c]&amp#27;[0m&amp#27;[38;5;-78m[AndroidUiautomator2Driver@a198]&amp#27;[0m Waited for 13127 ms so far
&amp#27;[38;5;44m[2e52281c]&amp#27;[0m&amp#27;[38;5;-78m[AndroidUiautomator2Driver@a198]&amp#27;[0m Matched '/element' to command name 'findElement'
&amp#27;[38;5;44m[2e52281c]&amp#27;[0m&amp#27;[38;5;-78m[AndroidUiautomator2Driver@a198]&amp#27;[0m Proxying [POST /element] to [POST http://127.0.0.1:8205/session/a99c4fa6-9e79-4817-8a13-94944a3c5a9c/element] with body: {"strategy":"accessibility id","selector":"Tap to login with given credentials","context":"","multiple":false}
&amp#27;[38;5;44m[2e52281c]&amp#27;[0m&amp#27;[38;5;-78m[AndroidUiautomator2Driver@a198]&amp#27;[0m Got response with status 404: {"sessionId":"a99c4fa6-9e79-4817-8a13-94944a3c5a9c","value":{"error":"no such element","message":"An element could not be located on the page using the given search parameters","stacktrace":"io.appium.uiautomator2.common.exceptions.ElementNotFoundException: An element could not be located on the page using the given search parameters\n\tat io.appium.uiautomator2.handler.FindElement.safeHandle(FindElement.java:63)\n\tat io.appium.uiautomator2.handler.request.SafeRequestHandler.handle(SafeRequestHandler.java:59)\n\tat io.appium.uiautomator2.server.AppiumServlet.handleRequest(AppiumServlet.java:259)\n\tat io.appium.uiautomator2.server.AppiumServlet.handleHttpRequest(AppiumServlet.java:253)\n\tat io.appium.uiautomator2.http.ServerHandler.channelRead(ServerHandler.java:77)\n\tat io.netty.channel.AbstractChannelHandlerContext.invokeChannelRead(AbstractChannelHandlerContext.java:366)\n\tat io.netty.channel.AbstractChannelHandlerContext.invokeChannelRead(AbstractChannelHandlerContext.java:352)\n\tat io.netty.chann...
&amp#27;[38;5;44m[2e52281c]&amp#27;[0m&amp#27;[38;5;123m[W3C]&amp#27;[0m Matched W3C error code 'no such element' to NoSuchElementError
&amp#27;[38;5;44m[2e52281c]&amp#27;[0m&amp#27;[38;5;-78m[AndroidUiautomator2Driver@a198]&amp#27;[0m Waited for 13783 ms so far
&amp#27;[38;5;44m[2e52281c]&amp#27;[0m&amp#27;[38;5;-78m[AndroidUiautomator2Driver@a198]&amp#27;[0m Matched '/element' to command name 'findElement'
&amp#27;[38;5;44m[2e52281c]&amp#27;[0m&amp#27;[38;5;-78m[AndroidUiautomator2Driver@a198]&amp#27;[0m Proxying [POST /element] to [POST http://127.0.0.1:8205/session/a99c4fa6-9e79-4817-8a13-94944a3c5a9c/element] with body: {"strategy":"accessibility id","selector":"Tap to login with given credentials","context":"","multiple":false}
&amp#27;[38;5;44m[2e52281c]&amp#27;[0m&amp#27;[38;5;-78m[AndroidUiautomator2Driver@a198]&amp#27;[0m Got response with status 404: {"sessionId":"a99c4fa6-9e79-4817-8a13-94944a3c5a9c","value":{"error":"no such element","message":"An element could not be located on the page using the given search parameters","stacktrace":"io.appium.uiautomator2.common.exceptions.ElementNotFoundException: An element could not be located on the page using the given search parameters\n\tat io.appium.uiautomator2.handler.FindElement.safeHandle(FindElement.java:63)\n\tat io.appium.uiautomator2.handler.request.SafeRequestHandler.handle(SafeRequestHandler.java:59)\n\tat io.appium.uiautomator2.server.AppiumServlet.handleRequest(AppiumServlet.java:259)\n\tat io.appium.uiautomator2.server.AppiumServlet.handleHttpRequest(AppiumServlet.java:253)\n\tat io.appium.uiautomator2.http.ServerHandler.channelRead(ServerHandler.java:77)\n\tat io.netty.channel.AbstractChannelHandlerContext.invokeChannelRead(AbstractChannelHandlerContext.java:366)\n\tat io.netty.channel.AbstractChannelHandlerContext.invokeChannelRead(AbstractChannelHandlerContext.java:352)\n\tat io.netty.chann...
&amp#27;[38;5;44m[2e52281c]&amp#27;[0m&amp#27;[38;5;123m[W3C]&amp#27;[0m Matched W3C error code 'no such element' to NoSuchElementError
&amp#27;[38;5;44m[2e52281c]&amp#27;[0m&amp#27;[38;5;-78m[AndroidUiautomator2Driver@a198]&amp#27;[0m Waited for 14419 ms so far
&amp#27;[38;5;44m[2e52281c]&amp#27;[0m&amp#27;[38;5;-78m[AndroidUiautomator2Driver@a198]&amp#27;[0m Matched '/element' to command name 'findElement'
&amp#27;[38;5;44m[2e52281c]&amp#27;[0m&amp#27;[38;5;-78m[AndroidUiautomator2Driver@a198]&amp#27;[0m Proxying [POST /element] to [POST http://127.0.0.1:8205/session/a99c4fa6-9e79-4817-8a13-94944a3c5a9c/element] with body: {"strategy":"accessibility id","selector":"Tap to login with given credentials","context":"","multiple":false}
&amp#27;[38;5;44m[2e52281c]&amp#27;[0m&amp#27;[38;5;-78m[AndroidUiautomator2Driver@a198]&amp#27;[0m Got response with status 404: {"sessionId":"a99c4fa6-9e79-4817-8a13-94944a3c5a9c","value":{"error":"no such element","message":"An element could not be located on the page using the given search parameters","stacktrace":"io.appium.uiautomator2.common.exceptions.ElementNotFoundException: An element could not be located on the page using the given search parameters\n\tat io.appium.uiautomator2.handler.FindElement.safeHandle(FindElement.java:63)\n\tat io.appium.uiautomator2.handler.request.SafeRequestHandler.handle(SafeRequestHandler.java:59)\n\tat io.appium.uiautomator2.server.AppiumServlet.handleRequest(AppiumServlet.java:259)\n\tat io.appium.uiautomator2.server.AppiumServlet.handleHttpRequest(AppiumServlet.java:253)\n\tat io.appium.uiautomator2.http.ServerHandler.channelRead(ServerHandler.java:77)\n\tat io.netty.channel.AbstractChannelHandlerContext.invokeChannelRead(AbstractChannelHandlerContext.java:366)\n\tat io.netty.channel.AbstractChannelHandlerContext.invokeChannelRead(AbstractChannelHandlerContext.java:352)\n\tat io.netty.chann...
&amp#27;[38;5;44m[2e52281c]&amp#27;[0m&amp#27;[38;5;123m[W3C]&amp#27;[0m Matched W3C error code 'no such element' to NoSuchElementError
&amp#27;[38;5;44m[2e52281c]&amp#27;[0m&amp#27;[38;5;-78m[AndroidUiautomator2Driver@a198]&amp#27;[0m Encountered internal error running command: NoSuchElementError: An element could not be located on the page using the given search parameters.
    at AndroidUiautomator2Driver.findElOrEls (C:\Users\Testriq\.appium\node_modules\appium-uiautomator2-driver\node_modules\appium-android-driver\lib\commands\find.ts:86:11)
    at processTicksAndRejections (node:internal/process/task_queues:95:5)
    at AndroidUiautomator2Driver.findElOrElsWithProcessing (C:\Users\Testriq\AppData\Roaming\npm\node_modules\appium\node_modules\@appium\base-driver\lib\basedriver\commands\find.ts:60:12)
    at AndroidUiautomator2Driver.findElement (C:\Users\Testriq\AppData\Roaming\npm\node_modules\appium\node_modules\@appium\base-driver\lib\basedriver\commands\find.ts:75:12)
&amp#27;[38;5;44m[2e52281c]&amp#27;[0m&amp#27;[38;5;86m[HTTP]&amp#27;[0m &amp#27;[37m<-- POST /session/2e52281c-842a-4ec4-9537-575aaab1b1c1/element &amp#27;[39m&amp#27;[33m404&amp#27;[39m &amp#27;[90m15080 ms - 896&amp#27;[39m &amp#27;[90m&amp#27;[39m
&amp#27;[38;5;44m[2e52281c]&amp#27;[0m&amp#27;[38;5;86m[HTTP]&amp#27;[0m &amp#27;[37m-->&amp#27;[39m &amp#27;[37mGET&amp#27;[39m &amp#27;[37m/session/2e52281c-842a-4ec4-9537-575aaab1b1c1/screenshot&amp#27;[39m &amp#27;[90m{}&amp#27;[39m
&amp#27;[38;5;44m[2e52281c]&amp#27;[0m&amp#27;[38;5;-78m[AndroidUiautomator2Driver@a198]&amp#27;[0m Calling AppiumDriver.getScreenshot() with args: ["2e52281c-842a-4ec4-9537-575aaab1b1c1"]
&amp#27;[38;5;44m[2e52281c]&amp#27;[0m&amp#27;[38;5;-78m[AndroidUiautomator2Driver@a198]&amp#27;[0m Matched '/screenshot' to command name 'getScreenshot'
&amp#27;[38;5;44m[2e52281c]&amp#27;[0m&amp#27;[38;5;-78m[AndroidUiautomator2Driver@a198]&amp#27;[0m Proxying [GET /screenshot] to [GET http://127.0.0.1:8205/session/a99c4fa6-9e79-4817-8a13-94944a3c5a9c/screenshot] with no body
&amp#27;[38;5;44m[2e52281c]&amp#27;[0m&amp#27;[38;5;-78m[AndroidUiautomator2Driver@a198]&amp#27;[0m Got response with status 200: {"sessionId":"a99c4fa6-9e79-4817-8a13-94944a3c5a9c","value":"iVBORw0KGgoAAAANSUhEUgAABDgAAAlgCAYAAABtGofVAAAAAXNSR0IArs4c6QAAAARzQklUCAgICHwIZIgAACAASURBVHicrL19niQ5jixmABlR3T1vpavoBLqWDv7ebndlkID+MANIz66ZHb2fciY7syIj3OkkCBgMH7T/6//5v9NwvjITQAIAzB1uDjMgE4jYMBtIbMCA2IGIAJKfq2+DI+tamchIJBJ16b0DWBsOwzADViIi4eZYK/HZG18b+OyNzw6sCAQM6QaYAQ7AAFgCBpgbfDjGcMw5MObAHAPTAIuFH6+JOSfmGLDhMI4OBsDdYWYwM7gbxnCYOUxjN03OcNM3MMz0nXDw33MMvIZjjAE3Q2Zir40dnMt0vZb1XAuftbERnFs4ViS+vj742htr85lhDvPnfCI1djM4eF0zPYsDhlpRQyTXif9yAK514tpFBta+vhPISOwdiB3YayF3IndyvVcC+raV8A3YCmAF8pPIFcBK5CeBFbCdwAZiJvC7I/6YwO8O/OEYfwz8+GPit98nfv994rc/Xni/ax4d0/jTh8N88LmyZJFyBThgjkxgZ2JHYG+OPyMQkskA54VrTQHKpNwhreeTa2n447cXBgJvB97D8R5cB6QhMrE21/ezNmItpAFjzpafjI3IwA7JvXF9//xsfP384OcO/Pxa+PlZ+OxAAHAfgBv3m/bgMMAdmO6YwzDnwGsOzGHwkXAHxnAMd8zpgCWfcQBAIpCI2Ng7sGJjReLnTnwi8fPrg8/PjfUJ7K9A/ATyA+ADxF8b+BmwlXilYxjnGQDSSkNIysy4IQMIBOzt8JfDXsB4A/YGbPLbX4OvvwZsGJ8zgeHcs/w5qXcSMD1D66eA1i0Qm3IQAcTurcE9m4CH1jytdVRdi3IFvMfAHI73HHgPw/vN9TddJCKwVmKtBNKxA8itOXa+Jy1hnvCRMCQcG/P9...
&amp#27;[38;5;44m[2e52281c]&amp#27;[0m&amp#27;[38;5;-78m[AndroidUiautomator2Driver@a198]&amp#27;[0m Responding to client with driver.getScreenshot() result: "iVBORw0KGgoAAAANSUhEUgAABDgAAAlgCAYAAABtGofVAAAAAXNSR0IArs4c6QAAAARzQklUCAgICHwIZIgAACAASURBVHicrL19niQ5jixmABlR3T1vpavoBLqWDv7ebndlkID+MANIz66ZHb2fciY7syIj3OkkCBgMH7T/6//5v9NwvjITQAIAzB1uDjMgE4jYMBtIbMCA2IGIAJKfq2+DI+tamchIJBJ16b0DWBsOwzADViIi4eZYK/HZG18b+OyNzw6sCAQM6QaYAQ7AAFgCBpgbfDjGcMw5MObAHAPTAIuFH6+JOSfmGLDhMI4OBsDdYWYwM7gbxnCYOUxjN03OcNM3MMz0nXDw33MMvIZjjAE3Q2Zir40dnMt0vZb1XAuftbERnFs4ViS+vj742htr85lhDvPnfCI1djM4eF0zPYsDhlpRQyTXif9yAK514tpFBta+vhPISOwdiB3YayF3IndyvVcC+raV8A3YCmAF8pPIFcBK5CeBFbCdwAZiJvC7I/6YwO8O/OEYfwz8+GPit98nfv994rc/Xni/ax4d0/jTh8N88LmyZJFyBThgjkxgZ2JHYG+OPyMQkskA54VrTQHKpNwhreeTa2n447cXBgJvB97D8R5cB6QhMrE21/ezNmItpAFjzpafjI3IwA7JvXF9//xsfP384OcO/Pxa+PlZ+OxAAHAfgBv3m/bgMMAdmO6YwzDnwGsOzGHwkXAHxnAMd8zpgCWfcQBAIpCI2Ng7sGJjReLnTnwi8fPrg8/PjfUJ7K9A/ATyA+ADxF8b+BmwlXilYxjnGQDSSkNIysy4IQMIBOzt8JfDXsB4A/YGbPLbX4OvvwZsGJ8zgeHcs/w5qXcSMD1D66eA1i0Qm3IQAcTurcE9m4CH1jytdVRdi3IFvMfAHI73HHgPw/vN9TddJCKwVmKtBNKxA8itOXa+Jy1hnvCRMCQcG/P9BszwWYm/fi789dn4+gp8ViIDiARyB+U3gJ3B59AYA2e8sTcipPLc4cNguidK...
&amp#27;[38;5;44m[2e52281c]&amp#27;[0m&amp#27;[38;5;86m[HTTP]&amp#27;[0m &amp#27;[37m<-- GET /session/2e52281c-842a-4ec4-9537-575aaab1b1c1/screenshot &amp#27;[39m&amp#27;[32m200&amp#27;[39m &amp#27;[90m2024 ms - 4483756&amp#27;[39m &amp#27;[90m&amp#27;[39m
]]></system-out>
  </testcase>
  <testcase name="WithLoginAddToCartAndCheckout" classname="testcases.TC_02_Add_To_Cart" time="32.549">
    <failure message="Can&apos;t locate an element by this strategy: By.chained({AppiumBy.id: com.saucelabs.mydemoapp.android:id/loginTV})" type="org.openqa.selenium.NoSuchElementException"><![CDATA[org.openqa.selenium.NoSuchElementException: Can't locate an element by this strategy: By.chained({AppiumBy.id: com.saucelabs.mydemoapp.android:id/loginTV})
	at io.appium.java_client.pagefactory.AppiumElementLocator.findElement(AppiumElementLocator.java:166)
	at io.appium.java_client.pagefactory.interceptors.InterceptorOfASingleElement.call(InterceptorOfASingleElement.java:75)
	at io.appium.java_client.proxy.Interceptor.intercept(Interceptor.java:78)
	at org.openqa.selenium.remote.RemoteWebElement$ByteBuddy$qXnxfHSK.isDisplayed(Unknown Source)
	at ecommerce.Project.Login_PageObject.verifyLogOutSuccess(Login_PageObject.java:81)
	at testcases.TC_02_Add_To_Cart.WithLoginAddToCartAndCheckout(TC_02_Add_To_Cart.java:34)
	at java.base/jdk.internal.reflect.DirectMethodHandleAccessor.invoke(DirectMethodHandleAccessor.java:103)
	at java.base/java.lang.reflect.Method.invoke(Method.java:580)
	at org.testng.internal.invokers.MethodInvocationHelper.invokeMethod(MethodInvocationHelper.java:141)
	at org.testng.internal.invokers.TestInvoker.invokeMethod(TestInvoker.java:686)
	at org.testng.internal.invokers.TestInvoker.invokeTestMethod(TestInvoker.java:230)
	at org.testng.internal.invokers.MethodRunner.runInSequence(MethodRunner.java:63)
	at org.testng.internal.invokers.TestInvoker$MethodInvocationAgent.invoke(TestInvoker.java:992)
	at org.testng.internal.invokers.TestInvoker.invokeTestMethods(TestInvoker.java:203)
	at org.testng.internal.invokers.TestMethodWorker.invokeTestMethods(TestMethodWorker.java:154)
	at org.testng.internal.invokers.TestMethodWorker.run(TestMethodWorker.java:134)
	at java.base/java.util.ArrayList.forEach(ArrayList.java:1596)
	at org.testng.TestRunner.privateRun(TestRunner.java:739)
	at org.testng.TestRunner.run(TestRunner.java:614)
	at org.testng.SuiteRunner.runTest(SuiteRunner.java:421)
	at org.testng.SuiteRunner.runSequentially(SuiteRunner.java:413)
	at org.testng.SuiteRunner.privateRun(SuiteRunner.java:373)
	at org.testng.SuiteRunner.run(SuiteRunner.java:312)
	at org.testng.SuiteRunnerWorker.runSuite(SuiteRunnerWorker.java:52)
	at org.testng.SuiteRunnerWorker.run(SuiteRunnerWorker.java:95)
	at org.testng.TestNG.runSuitesSequentially(TestNG.java:1274)
	at org.testng.TestNG.runSuitesLocally(TestNG.java:1208)
	at org.testng.TestNG.runSuites(TestNG.java:1112)
	at org.testng.TestNG.run(TestNG.java:1079)
	at org.apache.maven.surefire.testng.TestNGExecutor.run(TestNGExecutor.java:308)
	at org.apache.maven.surefire.testng.TestNGXmlTestSuite.execute(TestNGXmlTestSuite.java:71)
	at org.apache.maven.surefire.testng.TestNGProvider.invoke(TestNGProvider.java:113)
	at org.apache.maven.surefire.booter.ForkedBooter.runSuitesInProcess(ForkedBooter.java:385)
	at org.apache.maven.surefire.booter.ForkedBooter.execute(ForkedBooter.java:162)
	at org.apache.maven.surefire.booter.ForkedBooter.run(ForkedBooter.java:507)
	at org.apache.maven.surefire.booter.ForkedBooter.main(ForkedBooter.java:495)
Caused by: org.openqa.selenium.TimeoutException: Expected condition failed: waiting for io.appium.java_client.pagefactory.AppiumElementLocator$WaitingFunction@33293dac (tried for 1 second(s) with 500 milliseconds interval)
	at org.openqa.selenium.support.ui.FluentWait.timeoutException(FluentWait.java:265)
	at org.openqa.selenium.support.ui.FluentWait.until(FluentWait.java:228)
	at io.appium.java_client.pagefactory.AppiumElementLocator.waitFor(AppiumElementLocator.java:135)
	at io.appium.java_client.pagefactory.AppiumElementLocator.findElement(AppiumElementLocator.java:160)
	... 35 more
Caused by: org.openqa.selenium.NoSuchElementException: Cannot locate an element using By.chained({AppiumBy.id: com.saucelabs.mydemoapp.android:id/loginTV})
For documentation on this error, please visit: https://www.selenium.dev/documentation/webdriver/troubleshooting/errors#no-such-element-exception
Build info: version: '4.27.0', revision: 'd6e718d134'
System info: os.name: 'Windows 11', os.arch: 'amd64', os.version: '10.0', java.version: '21.0.5'
Driver info: driver.version: RemoteWebDriver
	at io.appium.java_client.pagefactory.bys.builder.ByChained.findElement(ByChained.java:74)
	at org.openqa.selenium.remote.ElementLocation$ElementFinder$1.findElement(ElementLocation.java:139)
	at org.openqa.selenium.remote.ElementLocation.findElement(ElementLocation.java:59)
	at org.openqa.selenium.remote.RemoteWebDriver.findElement(RemoteWebDriver.java:368)
	at org.openqa.selenium.remote.RemoteWebDriver.findElement(RemoteWebDriver.java:362)
	at io.appium.java_client.pagefactory.bys.ContentMappedBy.findElement(ContentMappedBy.java:53)
	at org.openqa.selenium.remote.ElementLocation$ElementFinder$1.findElement(ElementLocation.java:139)
	at org.openqa.selenium.remote.ElementLocation.findElement(ElementLocation.java:59)
	at org.openqa.selenium.remote.RemoteWebDriver.findElement(RemoteWebDriver.java:368)
	at org.openqa.selenium.remote.RemoteWebDriver.findElement(RemoteWebDriver.java:362)
	at io.appium.java_client.pagefactory.AppiumElementLocator.lambda$findElement$1(AppiumElementLocator.java:160)
	at io.appium.java_client.pagefactory.AppiumElementLocator$WaitingFunction.apply(AppiumElementLocator.java:217)
	at io.appium.java_client.pagefactory.AppiumElementLocator$WaitingFunction.apply(AppiumElementLocator.java:210)
	at org.openqa.selenium.support.ui.FluentWait.until(FluentWait.java:203)
	... 37 more
]]></failure>
    <system-out><![CDATA[&amp#27;[38;5;44m[2e52281c]&amp#27;[0m&amp#27;[38;5;86m[HTTP]&amp#27;[0m &amp#27;[37m-->&amp#27;[39m &amp#27;[37mDELETE&amp#27;[39m &amp#27;[37m/session/2e52281c-842a-4ec4-9537-575aaab1b1c1&amp#27;[39m &amp#27;[90m{}&amp#27;[39m
&amp#27;[38;5;44m[2e52281c]&amp#27;[0m&amp#27;[38;5;-78m[AndroidUiautomator2Driver@a198]&amp#27;[0m Calling AppiumDriver.deleteSession() with args: ["2e52281c-842a-4ec4-9537-575aaab1b1c1"]
&amp#27;[38;5;44m[2e52281c]&amp#27;[0m&amp#27;[38;5;28m[AppiumDriver@3b8c]&amp#27;[0m Event 'quitSessionRequested' logged at 1737027821245 (17:13:41 GMT+0530 (India Standard Time))
&amp#27;[38;5;44m[2e52281c]&amp#27;[0m&amp#27;[38;5;28m[AppiumDriver@3b8c]&amp#27;[0m Removing session 2e52281c-842a-4ec4-9537-575aaab1b1c1 from our master session list
&amp#27;[38;5;44m[2e52281c]&amp#27;[0m&amp#27;[38;5;-78m[AndroidUiautomator2Driver@a198]&amp#27;[0m Deleting UiAutomator2 session
&amp#27;[38;5;44m[2e52281c]&amp#27;[0m&amp#27;[38;5;-78m[AndroidUiautomator2Driver@a198]&amp#27;[0m Deleting UiAutomator2 server session
&amp#27;[38;5;44m[2e52281c]&amp#27;[0m&amp#27;[38;5;-78m[AndroidUiautomator2Driver@a198]&amp#27;[0m Matched '/' to command name 'deleteSession'
&amp#27;[38;5;44m[2e52281c]&amp#27;[0m&amp#27;[38;5;-78m[AndroidUiautomator2Driver@a198]&amp#27;[0m Proxying [DELETE /] to [DELETE http://127.0.0.1:8205/session/a99c4fa6-9e79-4817-8a13-94944a3c5a9c] with no body
&amp#27;[38;5;44m[2e52281c]&amp#27;[0m&amp#27;[38;5;-78m[AndroidUiautomator2Driver@a198]&amp#27;[0m Got response with status 200: {"sessionId":"a99c4fa6-9e79-4817-8a13-94944a3c5a9c","value":null}
&amp#27;[38;5;44m[2e52281c]&amp#27;[0m&amp#27;[38;5;-78m[AndroidUiautomator2Driver@a198]&amp#27;[0m [Instrumentation] io.appium.uiautomator2.server.test.AppiumUiAutomator2Server:
&amp#27;[38;5;44m[2e52281c]&amp#27;[0m&amp#27;[38;5;-78m[AndroidUiautomator2Driver@a198]&amp#27;[0m [Instrumentation] The process has exited with code null, signal SIGTERM
&amp#27;[38;5;44m[2e52281c]&amp#27;[0m&amp#27;[38;5;229m[ADB]&amp#27;[0m Running 'C:\Users\Testriq\AppData\Local\Android\Sdk\platform-tools\adb.exe -P 5037 -s 2A131FDH200HX6 shell dumpsys activity services io.appium.settings/.recorder.RecorderService'
&amp#27;[38;5;44m[2e52281c]&amp#27;[0m&amp#27;[38;5;229m[ADB]&amp#27;[0m Running 'C:\Users\Testriq\AppData\Local\Android\Sdk\platform-tools\adb.exe -P 5037 -s 2A131FDH200HX6 shell am force-stop com.saucelabs.mydemoapp.android'
&amp#27;[38;5;44m[2e52281c]&amp#27;[0m&amp#27;[38;5;229m[ADB]&amp#27;[0m Removing forwarded port socket connection: 8205 
&amp#27;[38;5;44m[2e52281c]&amp#27;[0m&amp#27;[38;5;229m[ADB]&amp#27;[0m Running 'C:\Users\Testriq\AppData\Local\Android\Sdk\platform-tools\adb.exe -P 5037 -s 2A131FDH200HX6 forward --remove tcp:8205'
&amp#27;[38;5;44m[2e52281c]&amp#27;[0m&amp#27;[38;5;-78m[AndroidUiautomator2Driver@a198]&amp#27;[0m Restoring hidden api policy to the device default configuration
&amp#27;[38;5;44m[2e52281c]&amp#27;[0m&amp#27;[38;5;229m[ADB]&amp#27;[0m Running 'C:\Users\Testriq\AppData\Local\Android\Sdk\platform-tools\adb.exe -P 5037 -s 2A131FDH200HX6 shell 'settings delete global hidden_api_policy_pre_p_apps;settings delete global hidden_api_policy_p_apps;settings delete global hidden_api_policy''
&amp#27;[38;5;44m[2e52281c]&amp#27;[0m&amp#27;[38;5;160m[Logcat]&amp#27;[0m Stopping logcat capture
&amp#27;[38;5;44m[2e52281c]&amp#27;[0m&amp#27;[38;5;28m[AppiumDriver@3b8c]&amp#27;[0m Event 'quitSessionFinished' logged at 1737027821778 (17:13:41 GMT+0530 (India Standard Time))
&amp#27;[38;5;44m[2e52281c]&amp#27;[0m&amp#27;[38;5;28m[AppiumDriver@3b8c]&amp#27;[0m Received response: null
&amp#27;[38;5;44m[2e52281c]&amp#27;[0m&amp#27;[38;5;28m[AppiumDriver@3b8c]&amp#27;[0m But deleting session, so not returning
&amp#27;[38;5;44m[2e52281c]&amp#27;[0m&amp#27;[38;5;28m[AppiumDriver@3b8c]&amp#27;[0m Responding to client with driver.deleteSession() result: null
&amp#27;[38;5;44m[2e52281c]&amp#27;[0m&amp#27;[38;5;86m[HTTP]&amp#27;[0m &amp#27;[37m<-- DELETE /session/2e52281c-842a-4ec4-9537-575aaab1b1c1 &amp#27;[39m&amp#27;[32m200&amp#27;[39m &amp#27;[90m534 ms - 14&amp#27;[39m &amp#27;[90m&amp#27;[39m
&amp#27;[38;5;86m[HTTP]&amp#27;[0m &amp#27;[37m-->&amp#27;[39m &amp#27;[37mGET&amp#27;[39m &amp#27;[37m/status&amp#27;[39m &amp#27;[90m{}&amp#27;[39m
&amp#27;[38;5;28m[AppiumDriver@3b8c]&amp#27;[0m Calling AppiumDriver.getStatus() with args: []
&amp#27;[38;5;28m[AppiumDriver@3b8c]&amp#27;[0m Responding to client with driver.getStatus() result: {"ready":true,"message":"The server is ready to accept new connections","build":{"version":"2.11.5","git-sha":"4eddc999c5d9b705e7356152d2d5953a0dda3720","built":"2024-10-09 17:32:11 +0530"}}
&amp#27;[38;5;86m[HTTP]&amp#27;[0m &amp#27;[37m<-- GET /status &amp#27;[39m&amp#27;[32m200&amp#27;[39m &amp#27;[90m2 ms - 200&amp#27;[39m &amp#27;[90m&amp#27;[39m
&amp#27;[38;5;86m[HTTP]&amp#27;[0m Request idempotency key: c4966682-53a1-4989-96b1-44cafe9caa63
&amp#27;[38;5;86m[HTTP]&amp#27;[0m &amp#27;[37m-->&amp#27;[39m &amp#27;[37mPOST&amp#27;[39m &amp#27;[37m/session&amp#27;[39m &amp#27;[90m{"capabilities":{"firstMatch":[{}],"alwaysMatch":{"appium:deviceName":"AndroidDeviceName","appium:autoGrantPermissions":true,"appium:appPackage":"com.saucelabs.mydemoapp.android","appium:automationName":"UIAutomator2","platformName":"ANDROID","appium:appActivity":"com.saucelabs.mydemoapp.android.view.activities.SplashActivity","appium:app":"G:\\Automation Projects\\testriq\\src\\main\\java\\apps\\mda-2.2.0-25.apk"}}}&amp#27;[39m
&amp#27;[38;5;28m[AppiumDriver@3b8c]&amp#27;[0m Calling AppiumDriver.createSession() with args: [null,null,{"firstMatch":[{}],"alwaysMatch":{"appium:deviceName":"AndroidDeviceName","appium:autoGrantPermissions":true,"appium:appPackage":"com.saucelabs.mydemoapp.android","appium:automationName":"UIAutomator2","platformName":"ANDROID","appium:appActivity":"com.saucelabs.mydemoapp.android.view.activities.SplashActivity","appium:app":"G:\\Automation Projects\\testriq\\src\\main\\java\\apps\\mda-2.2.0-25.apk"}}]
&amp#27;[38;5;28m[AppiumDriver@3b8c]&amp#27;[0m Event 'newSessionRequested' logged at 1737027821804 (17:13:41 GMT+0530 (India Standard Time))
&amp#27;[38;5;112m[Appium]&amp#27;[0m Attempting to find matching driver for automationName 'UIAutomator2' and platformName 'ANDROID'
&amp#27;[38;5;112m[Appium]&amp#27;[0m The 'uiautomator2' driver was installed and matched caps.
&amp#27;[38;5;112m[Appium]&amp#27;[0m Will require it at C:\Users\Testriq\.appium\node_modules\appium-uiautomator2-driver
&amp#27;[38;5;112m[Appium]&amp#27;[0m Requiring driver at C:\Users\Testriq\.appium\node_modules\appium-uiautomator2-driver\build\index.js
&amp#27;[38;5;28m[AppiumDriver@3b8c]&amp#27;[0m Appium v2.11.5 creating new AndroidUiautomator2Driver (v3.8.0) session
&amp#27;[38;5;28m[AppiumDriver@3b8c]&amp#27;[0m Checking BaseDriver versions for Appium and AndroidUiautomator2Driver
&amp#27;[38;5;28m[AppiumDriver@3b8c]&amp#27;[0m Appium's BaseDriver version is 9.11.5
&amp#27;[38;5;28m[AppiumDriver@3b8c]&amp#27;[0m AndroidUiautomator2Driver's BaseDriver version is 9.11.5
&amp#27;[38;5;15m[AndroidUiautomator2Driver@a023]&amp#27;[0m 
&amp#27;[38;5;15m[AndroidUiautomator2Driver@a023]&amp#27;[0m Creating session with W3C capabilities: {
  "alwaysMatch": {
    "platformName": "ANDROID",
    "appium:deviceName": "AndroidDeviceName",
    "appium:autoGrantPermissions": true,
    "appium:appPackage": "com.saucelabs.mydemoapp.android",
    "appium:automationName": "UIAutomator2",
    "appium:appActivity": "com.saucelabs.mydemoapp.android.view.activities.SplashActivity",
    "appium:app": "G:\\Automation Projects\\testriq\\src\\main\\java\\apps\\mda-2.2.0-25.apk"
  },
  "firstMatch": [
    {}
  ]
}
&amp#27;[38;5;92m[2fa44e5e]&amp#27;[0m&amp#27;[38;5;15m[AndroidUiautomator2Driver@a023]&amp#27;[0m Session created with session id: 2fa44e5e-a173-4def-9e46-43bad18f4241
&amp#27;[38;5;92m[2fa44e5e]&amp#27;[0m&amp#27;[38;5;229m[ADB]&amp#27;[0m Using 'adb.exe' from 'C:\Users\Testriq\AppData\Local\Android\Sdk\platform-tools\adb.exe'
&amp#27;[38;5;92m[2fa44e5e]&amp#27;[0m&amp#27;[38;5;229m[ADB]&amp#27;[0m Running 'C:\Users\Testriq\AppData\Local\Android\Sdk\platform-tools\adb.exe -P 5037 start-server'
&amp#27;[38;5;92m[2fa44e5e]&amp#27;[0m&amp#27;[38;5;15m[AndroidUiautomator2Driver@a023]&amp#27;[0m Retrieving device list
&amp#27;[38;5;92m[2fa44e5e]&amp#27;[0m&amp#27;[38;5;229m[ADB]&amp#27;[0m Trying to find connected Android devices
&amp#27;[38;5;92m[2fa44e5e]&amp#27;[0m&amp#27;[38;5;229m[ADB]&amp#27;[0m Getting connected devices
&amp#27;[38;5;92m[2fa44e5e]&amp#27;[0m&amp#27;[38;5;229m[ADB]&amp#27;[0m Connected devices: [{"udid":"2A131FDH200HX6","state":"device"}]
&amp#27;[38;5;92m[2fa44e5e]&amp#27;[0m&amp#27;[38;5;15m[AndroidUiautomator2Driver@a023]&amp#27;[0m Using device: 2A131FDH200HX6
&amp#27;[38;5;92m[2fa44e5e]&amp#27;[0m&amp#27;[38;5;229m[ADB]&amp#27;[0m Using 'adb.exe' from 'C:\Users\Testriq\AppData\Local\Android\Sdk\platform-tools\adb.exe'
&amp#27;[38;5;92m[2fa44e5e]&amp#27;[0m&amp#27;[38;5;229m[ADB]&amp#27;[0m Running 'C:\Users\Testriq\AppData\Local\Android\Sdk\platform-tools\adb.exe -P 5037 start-server'
&amp#27;[38;5;92m[2fa44e5e]&amp#27;[0m&amp#27;[38;5;229m[ADB]&amp#27;[0m Setting device id to 2A131FDH200HX6
&amp#27;[38;5;92m[2fa44e5e]&amp#27;[0m&amp#27;[38;5;123m[BaseDriver]&amp#27;[0m Using local app 'G:\Automation Projects\testriq\src\main\java\apps\mda-2.2.0-25.apk'
&amp#27;[38;5;92m[2fa44e5e]&amp#27;[0m&amp#27;[38;5;15m[AndroidUiautomator2Driver@a023]&amp#27;[0m Checking whether app is actually present
&amp#27;[38;5;92m[2fa44e5e]&amp#27;[0m&amp#27;[38;5;229m[ADB]&amp#27;[0m Running 'C:\Users\Testriq\AppData\Local\Android\Sdk\platform-tools\adb.exe -P 5037 -s 2A131FDH200HX6 shell getprop ro.build.version.sdk'
&amp#27;[38;5;92m[2fa44e5e]&amp#27;[0m&amp#27;[38;5;229m[ADB]&amp#27;[0m Current device property 'ro.build.version.sdk': 35
&amp#27;[38;5;92m[2fa44e5e]&amp#27;[0m&amp#27;[38;5;229m[ADB]&amp#27;[0m Getting device platform version
&amp#27;[38;5;92m[2fa44e5e]&amp#27;[0m&amp#27;[38;5;229m[ADB]&amp#27;[0m Running 'C:\Users\Testriq\AppData\Local\Android\Sdk\platform-tools\adb.exe -P 5037 -s 2A131FDH200HX6 shell getprop ro.build.version.release'
&amp#27;[38;5;92m[2fa44e5e]&amp#27;[0m&amp#27;[38;5;229m[ADB]&amp#27;[0m Current device property 'ro.build.version.release': 15
&amp#27;[38;5;92m[2fa44e5e]&amp#27;[0m&amp#27;[38;5;229m[ADB]&amp#27;[0m Device API level: 35
&amp#27;[38;5;92m[2fa44e5e]&amp#27;[0m&amp#27;[38;5;15m[AndroidUiautomator2Driver@a023]&amp#27;[0m Relaxing hidden api policy
&amp#27;[38;5;92m[2fa44e5e]&amp#27;[0m&amp#27;[38;5;229m[ADB]&amp#27;[0m Running 'C:\Users\Testriq\AppData\Local\Android\Sdk\platform-tools\adb.exe -P 5037 -s 2A131FDH200HX6 shell 'settings put global hidden_api_policy_pre_p_apps 1;settings put global hidden_api_policy_p_apps 1;settings put global hidden_api_policy 1''
&amp#27;[38;5;92m[2fa44e5e]&amp#27;[0m&amp#27;[38;5;15m[AndroidUiautomator2Driver@a023]&amp#27;[0m Pushing settings apk to the device...
&amp#27;[38;5;92m[2fa44e5e]&amp#27;[0m&amp#27;[38;5;229m[ADB]&amp#27;[0m Getting package info for 'io.appium.settings'
&amp#27;[38;5;92m[2fa44e5e]&amp#27;[0m&amp#27;[38;5;229m[ADB]&amp#27;[0m Running 'C:\Users\Testriq\AppData\Local\Android\Sdk\platform-tools\adb.exe -P 5037 -s 2A131FDH200HX6 shell dumpsys package io.appium.settings'
&amp#27;[38;5;92m[2fa44e5e]&amp#27;[0m&amp#27;[38;5;229m[ADB]&amp#27;[0m Using 'aapt2.exe' from 'C:\Users\Testriq\AppData\Local\Android\Sdk\build-tools\34.0.0\aapt2.exe'
&amp#27;[38;5;92m[2fa44e5e]&amp#27;[0m&amp#27;[38;5;229m[ADB]&amp#27;[0m Reading package manifest: 'C:\\Users\\Testriq\\AppData\\Local\\Android\\Sdk\\build-tools\\34.0.0\\aapt2.exe dump badging C:\\Users\\Testriq\\.appium\\node_modules\\appium-uiautomator2-driver\\node_modules\\io.appium.settings\\apks\\settings_apk-debug.apk'
&amp#27;[38;5;92m[2fa44e5e]&amp#27;[0m&amp#27;[38;5;229m[ADB]&amp#27;[0m The version name of the installed 'io.appium.settings' is greater or equal to the application version name ('5.12.13' >= '5.12.13')
&amp#27;[38;5;92m[2fa44e5e]&amp#27;[0m&amp#27;[38;5;229m[ADB]&amp#27;[0m There is no need to install/upgrade 'C:\Users\Testriq\.appium\node_modules\appium-uiautomator2-driver\node_modules\io.appium.settings\apks\settings_apk-debug.apk'
&amp#27;[38;5;92m[2fa44e5e]&amp#27;[0m&amp#27;[38;5;229m[ADB]&amp#27;[0m Running 'C:\Users\Testriq\AppData\Local\Android\Sdk\platform-tools\adb.exe -P 5037 -s 2A131FDH200HX6 shell dumpsys activity services io.appium.settings'
&amp#27;[38;5;92m[2fa44e5e]&amp#27;[0m&amp#27;[38;5;15m[AndroidUiautomator2Driver@a023]&amp#27;[0m io.appium.settings is already running. There is no need to reset its permissions.
&amp#27;[38;5;92m[2fa44e5e]&amp#27;[0m&amp#27;[38;5;160m[Logcat]&amp#27;[0m Starting logs capture with command: C:\\Users\\Testriq\\AppData\\Local\\Android\\Sdk\\platform-tools\\adb.exe -P 5037 -s 2A131FDH200HX6 logcat -v threadtime
&amp#27;[38;5;92m[2fa44e5e]&amp#27;[0m&amp#27;[38;5;229m[ADB]&amp#27;[0m Running 'C:\Users\Testriq\AppData\Local\Android\Sdk\platform-tools\adb.exe -P 5037 -s 2A131FDH200HX6 shell appops set io.appium.settings android:mock_location allow'
&amp#27;[38;5;92m[2fa44e5e]&amp#27;[0m&amp#27;[38;5;229m[ADB]&amp#27;[0m Running 'C:\Users\Testriq\AppData\Local\Android\Sdk\platform-tools\adb.exe -P 5037 -s 2A131FDH200HX6 shell "[ -e '/data/local/tmp/mock_apps.json' ] && echo __PASS__"'
&amp#27;[38;5;92m[2fa44e5e]&amp#27;[0m&amp#27;[38;5;229m[ADB]&amp#27;[0m Running 'C:\Users\Testriq\AppData\Local\Android\Sdk\platform-tools\adb.exe -P 5037 -s 2A131FDH200HX6 shell cat /data/local/tmp/mock_apps.json'
&amp#27;[38;5;92m[2fa44e5e]&amp#27;[0m&amp#27;[38;5;15m[AndroidUiautomator2Driver@a023]&amp#27;[0m Forwarding UiAutomator2 Server port 6790 to local port 8203
&amp#27;[38;5;92m[2fa44e5e]&amp#27;[0m&amp#27;[38;5;229m[ADB]&amp#27;[0m Forwarding system: 8203 to device: 6790
&amp#27;[38;5;92m[2fa44e5e]&amp#27;[0m&amp#27;[38;5;229m[ADB]&amp#27;[0m Running 'C:\Users\Testriq\AppData\Local\Android\Sdk\platform-tools\adb.exe -P 5037 -s 2A131FDH200HX6 forward tcp:8203 tcp:6790'
&amp#27;[38;5;92m[2fa44e5e]&amp#27;[0m&amp#27;[38;5;229m[ADB]&amp#27;[0m Getting package info for 'io.appium.uiautomator2.server'
&amp#27;[38;5;92m[2fa44e5e]&amp#27;[0m&amp#27;[38;5;229m[ADB]&amp#27;[0m Running 'C:\Users\Testriq\AppData\Local\Android\Sdk\platform-tools\adb.exe -P 5037 -s 2A131FDH200HX6 shell dumpsys package io.appium.uiautomator2.server'
&amp#27;[38;5;92m[2fa44e5e]&amp#27;[0m&amp#27;[38;5;229m[ADB]&amp#27;[0m Getting install status for io.appium.uiautomator2.server.test
&amp#27;[38;5;92m[2fa44e5e]&amp#27;[0m&amp#27;[38;5;229m[ADB]&amp#27;[0m Checking app cert for G:\Automation Projects\testriq\src\main\java\apps\mda-2.2.0-25.apk
&amp#27;[38;5;92m[2fa44e5e]&amp#27;[0m&amp#27;[38;5;229m[ADB]&amp#27;[0m Running 'C:\Users\Testriq\AppData\Local\Android\Sdk\platform-tools\adb.exe -P 5037 -s 2A131FDH200HX6 shell cmd package list packages'
&amp#27;[38;5;92m[2fa44e5e]&amp#27;[0m&amp#27;[38;5;229m[ADB]&amp#27;[0m Using the previously cached signature entry for 'mda-2.2.0-25.apk'
&amp#27;[38;5;92m[2fa44e5e]&amp#27;[0m&amp#27;[38;5;229m[ADB]&amp#27;[0m Getting package info for 'com.saucelabs.mydemoapp.android'
&amp#27;[38;5;92m[2fa44e5e]&amp#27;[0m&amp#27;[38;5;229m[ADB]&amp#27;[0m Running 'C:\Users\Testriq\AppData\Local\Android\Sdk\platform-tools\adb.exe -P 5037 -s 2A131FDH200HX6 shell dumpsys package com.saucelabs.mydemoapp.android'
&amp#27;[38;5;92m[2fa44e5e]&amp#27;[0m&amp#27;[38;5;229m[ADB]&amp#27;[0m Reading package manifest: 'C:\\Users\\Testriq\\AppData\\Local\\Android\\Sdk\\build-tools\\34.0.0\\aapt2.exe dump badging C:\\Users\\Testriq\\.appium\\node_modules\\appium-uiautomator2-driver\\node_modules\\appium-uiautomator2-server\\apks\\appium-uiautomator2-server-v7.0.25.apk'
&amp#27;[38;5;92m[2fa44e5e]&amp#27;[0m&amp#27;[38;5;229m[ADB]&amp#27;[0m The version name of the installed 'io.appium.uiautomator2.server' is greater or equal to the application version name ('7.0.25' >= '7.0.25')
&amp#27;[38;5;92m[2fa44e5e]&amp#27;[0m&amp#27;[38;5;229m[ADB]&amp#27;[0m 'io.appium.uiautomator2.server.test' is installed
&amp#27;[38;5;92m[2fa44e5e]&amp#27;[0m&amp#27;[38;5;15m[AndroidUiautomator2Driver@a023]&amp#27;[0m Server packages status: [{"installState":"sameVersionInstalled","appPath":"C:\\Users\\Testriq\\.appium\\node_modules\\appium-uiautomator2-driver\\node_modules\\appium-uiautomator2-server\\apks\\appium-uiautomator2-server-v7.0.25.apk","appId":"io.appium.uiautomator2.server"},{"installState":"sameVersionInstalled","appPath":"C:\\Users\\Testriq\\.appium\\node_modules\\appium-uiautomator2-driver\\node_modules\\appium-uiautomator2-server\\apks\\appium-uiautomator2-server-debug-androidTest.apk","appId":"io.appium.uiautomator2.server.test"}]
&amp#27;[38;5;92m[2fa44e5e]&amp#27;[0m&amp#27;[38;5;15m[AndroidUiautomator2Driver@a023]&amp#27;[0m Server packages are not going to be (re)installed
&amp#27;[38;5;92m[2fa44e5e]&amp#27;[0m&amp#27;[38;5;15m[AndroidUiautomator2Driver@a023]&amp#27;[0m Waiting up to 30000ms for services to be available
&amp#27;[38;5;92m[2fa44e5e]&amp#27;[0m&amp#27;[38;5;229m[ADB]&amp#27;[0m Running 'C:\Users\Testriq\AppData\Local\Android\Sdk\platform-tools\adb.exe -P 5037 -s 2A131FDH200HX6 shell pm list instrumentation'
&amp#27;[38;5;92m[2fa44e5e]&amp#27;[0m&amp#27;[38;5;229m[ADB]&amp#27;[0m Reading package manifest: 'C:\\Users\\Testriq\\AppData\\Local\\Android\\Sdk\\build-tools\\34.0.0\\aapt2.exe dump badging 'G:\\Automation Projects\\testriq\\src\\main\\java\\apps\\mda-2.2.0-25.apk''
&amp#27;[38;5;92m[2fa44e5e]&amp#27;[0m&amp#27;[38;5;229m[ADB]&amp#27;[0m The version name of the installed 'com.saucelabs.mydemoapp.android' is greater or equal to the application version name ('2.2.0' >= '2.2.0')
&amp#27;[38;5;92m[2fa44e5e]&amp#27;[0m&amp#27;[38;5;229m[ADB]&amp#27;[0m There is no need to install/upgrade 'G:\Automation Projects\testriq\src\main\java\apps\mda-2.2.0-25.apk'
&amp#27;[38;5;92m[2fa44e5e]&amp#27;[0m&amp#27;[38;5;15m[AndroidUiautomator2Driver@a023]&amp#27;[0m Performing fast reset on 'com.saucelabs.mydemoapp.android'
&amp#27;[38;5;92m[2fa44e5e]&amp#27;[0m&amp#27;[38;5;229m[ADB]&amp#27;[0m Getting install status for com.saucelabs.mydemoapp.android
&amp#27;[38;5;92m[2fa44e5e]&amp#27;[0m&amp#27;[38;5;229m[ADB]&amp#27;[0m Running 'C:\Users\Testriq\AppData\Local\Android\Sdk\platform-tools\adb.exe -P 5037 -s 2A131FDH200HX6 shell cmd package list packages'
&amp#27;[38;5;92m[2fa44e5e]&amp#27;[0m&amp#27;[38;5;15m[AndroidUiautomator2Driver@a023]&amp#27;[0m Instrumentation target 'io.appium.uiautomator2.server.test/androidx.test.runner.AndroidJUnitRunner' is available
&amp#27;[38;5;92m[2fa44e5e]&amp#27;[0m&amp#27;[38;5;229m[ADB]&amp#27;[0m Adding packages ["io.appium.settings","io.appium.uiautomator2.server","io.appium.uiautomator2.server.test"] to Doze whitelist
&amp#27;[38;5;92m[2fa44e5e]&amp#27;[0m&amp#27;[38;5;229m[ADB]&amp#27;[0m Got the following command chunks to execute: [["dumpsys","deviceidle","whitelist","+io.appium.settings",";","dumpsys","deviceidle","whitelist","+io.appium.uiautomator2.server",";","dumpsys","deviceidle","whitelist","+io.appium.uiautomator2.server.test",";"]]
&amp#27;[38;5;92m[2fa44e5e]&amp#27;[0m&amp#27;[38;5;229m[ADB]&amp#27;[0m Running 'C:\Users\Testriq\AppData\Local\Android\Sdk\platform-tools\adb.exe -P 5037 -s 2A131FDH200HX6 shell dumpsys deviceidle whitelist +io.appium.settings ; dumpsys deviceidle whitelist +io.appium.uiautomator2.server ; dumpsys deviceidle whitelist +io.appium.uiautomator2.server.test ;'
&amp#27;[38;5;92m[2fa44e5e]&amp#27;[0m&amp#27;[38;5;229m[ADB]&amp#27;[0m 'com.saucelabs.mydemoapp.android' is installed
&amp#27;[38;5;92m[2fa44e5e]&amp#27;[0m&amp#27;[38;5;229m[ADB]&amp#27;[0m Running 'C:\Users\Testriq\AppData\Local\Android\Sdk\platform-tools\adb.exe -P 5037 -s 2A131FDH200HX6 shell am force-stop com.saucelabs.mydemoapp.android'
&amp#27;[38;5;92m[2fa44e5e]&amp#27;[0m&amp#27;[38;5;229m[ADB]&amp#27;[0m Running 'C:\Users\Testriq\AppData\Local\Android\Sdk\platform-tools\adb.exe -P 5037 -s 2A131FDH200HX6 shell pm clear com.saucelabs.mydemoapp.android'
&amp#27;[38;5;92m[2fa44e5e]&amp#27;[0m&amp#27;[38;5;229m[ADB]&amp#27;[0m Running 'C:\Users\Testriq\AppData\Local\Android\Sdk\platform-tools\adb.exe -P 5037 -s 2A131FDH200HX6 shell dumpsys package com.saucelabs.mydemoapp.android'
&amp#27;[38;5;112m[Appium]&amp#27;[0m Welcome to Appium v2.11.5 (REV 4eddc999c5d9b705e7356152d2d5953a0dda3720)
&amp#27;[38;5;112m[Appium]&amp#27;[0m Non-default server args:
&amp#27;[38;5;112m[Appium]&amp#27;[0m { address: &amp#27;[32m'127.0.0.1'&amp#27;[39m }
&amp#27;[38;5;112m[Appium]&amp#27;[0m The autodetected Appium home path: C:\Users\Testriq\.appium
&amp#27;[38;5;112m[Appium]&amp#27;[0m Attempting to load driver uiautomator2...
&amp#27;[38;5;112m[Appium]&amp#27;[0m Requiring driver at C:\Users\Testriq\.appium\node_modules\appium-uiautomator2-driver\build\index.js
&amp#27;[38;5;92m[2fa44e5e]&amp#27;[0m&amp#27;[38;5;229m[ADB]&amp#27;[0m Retrieving requested permissions
&amp#27;[38;5;92m[2fa44e5e]&amp#27;[0m&amp#27;[38;5;229m[ADB]&amp#27;[0m Retrieved 30 permissions from requested group
&amp#27;[38;5;92m[2fa44e5e]&amp#27;[0m&amp#27;[38;5;229m[ADB]&amp#27;[0m Retrieving granted permissions
&amp#27;[38;5;92m[2fa44e5e]&amp#27;[0m&amp#27;[38;5;229m[ADB]&amp#27;[0m Retrieved 5 permissions from install,runtime groups
&amp#27;[38;5;92m[2fa44e5e]&amp#27;[0m&amp#27;[38;5;229m[ADB]&amp#27;[0m Granting permissions ["android.permission.POST_NOTIFICATIONS","android.permission.ACCESS_FINE_LOCATION","android.permission.READ_MEDIA_VISUAL_USER_SELECTED","android.permission.READ_EXTERNAL_STORAGE","android.permission.ACCESS_COARSE_LOCATION","android.permission.READ_MEDIA_IMAGES","android.permission.CAMERA","android.permission.READ_MEDIA_AUDIO","android.permission.READ_MEDIA_VIDEO","android.permission.WRITE_EXTERNAL_STORAGE","android.permission.POST_NOTIFICATIONS","android.permission.ACCESS_FINE_LOCATION","android.permission.READ_MEDIA_VISUAL_USER_SELECTED","android.permission.READ_EXTERNAL_STORAGE","android.permission.ACCESS_COARSE_LOCATION","android.permission.READ_MEDIA_IMAGES","android.permission.CAMERA","android.permission.READ_MEDIA_AUDIO","android.permission.READ_MEDIA_VIDEO","android.permission.WRITE_EXTERNAL_STORAGE"] to 'com.saucelabs.mydemoapp.android'
&amp#27;[38;5;92m[2fa44e5e]&amp#27;[0m&amp#27;[38;5;229m[ADB]&amp#27;[0m Got the following command chunks to execute: [["pm","grant","com.saucelabs.mydemoapp.android","android.permission.POST_NOTIFICATIONS",";","pm","grant","com.saucelabs.mydemoapp.android","android.permission.ACCESS_FINE_LOCATION",";","pm","grant","com.saucelabs.mydemoapp.android","android.permission.READ_MEDIA_VISUAL_USER_SELECTED",";","pm","grant","com.saucelabs.mydemoapp.android","android.permission.READ_EXTERNAL_STORAGE",";","pm","grant","com.saucelabs.mydemoapp.android","android.permission.ACCESS_COARSE_LOCATION",";","pm","grant","com.saucelabs.mydemoapp.android","android.permission.READ_MEDIA_IMAGES",";","pm","grant","com.saucelabs.mydemoapp.android","android.permission.CAMERA",";","pm","grant","com.saucelabs.mydemoapp.android","android.permission.READ_MEDIA_AUDIO",";","pm","grant","com.saucelabs.mydemoapp.android","android.permission.READ_MEDIA_VIDEO",";","pm","grant","com.saucelabs.mydemoapp.android","android.permission.WRITE_EXTERNAL_STORAGE",";","pm","grant","com.saucelabs.mydemoapp.android","android.permission.POST_NOTIFICATIONS",";","pm","grant","com.saucelabs.mydemoapp.android","android.permission.ACCESS_FINE_LOCATION",";"],["pm","grant","com.saucelabs.mydemoapp.android","android.permission.READ_MEDIA_VISUAL_USER_SELECTED",";","pm","grant","com.saucelabs.mydemoapp.android","android.permission.READ_EXTERNAL_STORAGE",";","pm","grant","com.saucelabs.mydemoapp.android","android.permission.ACCESS_COARSE_LOCATION",";","pm","grant","com.saucelabs.mydemoapp.android","android.permission.READ_MEDIA_IMAGES",";","pm","grant","com.saucelabs.mydemoapp.android","android.permission.CAMERA",";","pm","grant","com.saucelabs.mydemoapp.android","android.permission.READ_MEDIA_AUDIO",";","pm","grant","com.saucelabs.mydemoapp.android","android.permission.READ_MEDIA_VIDEO",";","pm","grant","com.saucelabs.mydemoapp.android","android.permission.WRITE_EXTERNAL_STORAGE",";"]]
&amp#27;[38;5;92m[2fa44e5e]&amp#27;[0m&amp#27;[38;5;229m[ADB]&amp#27;[0m Running 'C:\Users\Testriq\AppData\Local\Android\Sdk\platform-tools\adb.exe -P 5037 -s 2A131FDH200HX6 shell pm grant com.saucelabs.mydemoapp.android android.permission.POST_NOTIFICATIONS ; pm grant com.saucelabs.mydemoapp.android android.permission.ACCESS_FINE_LOCATION ; pm grant com.saucelabs.mydemoapp.android android.permission.READ_MEDIA_VISUAL_USER_SELECTED ; pm grant com.saucelabs.mydemoapp.android android.permission.READ_EXTERNAL_STORAGE ; pm grant com.saucelabs.mydemoapp.android android.permission.ACCESS_COARSE_LOCATION ; pm grant com.saucelabs.mydemoapp.android android.permission.READ_MEDIA_IMAGES ; pm grant com.saucelabs.mydemoapp.android android.permission.CAMERA ; pm grant com.saucelabs.mydemoapp.android android.permission.READ_MEDIA_AUDIO ; pm grant com.saucelabs.mydemoapp.android android.permission.READ_MEDIA_VIDEO ; pm grant com.saucelabs.mydemoapp.android android.permission.WRITE_EXTERNAL_STORAGE ; pm grant com.saucelabs.mydemoapp.android android.permission.POST_NOTIFICATIONS ; pm grant com.saucelabs.mydemoapp.android android.permission.ACCESS_FINE_LOCATION ;'
&amp#27;[38;5;112m[Appium]&amp#27;[0m AndroidUiautomator2Driver has been successfully loaded in 0.978s
&amp#27;[38;5;86m[HTTP]&amp#27;[0m Could not start REST http interface listener. The requested port may already be in use. Please make sure there is no other instance of this server running already.
&amp#27;[38;5;112m[Appium]&amp#27;[0m Could not configure Appium server. It's possible that a driver or plugin tried to update the server and failed. Original error: listen EADDRINUSE: address already in use 127.0.0.1:4723
&amp#27;[38;5;112m[Appium]&amp#27;[0m Error: listen EADDRINUSE: address already in use 127.0.0.1:4723
    at Server.setupListenHandle [as _listen2] (node:net:1904:16)
    at listenInCluster (node:net:1961:12)
    at doListen (node:net:2135:7)
    at processTicksAndRejections (node:internal/process/task_queues:83:21)
&amp#27;[38;5;92m[2fa44e5e]&amp#27;[0m&amp#27;[38;5;229m[ADB]&amp#27;[0m Running 'C:\Users\Testriq\AppData\Local\Android\Sdk\platform-tools\adb.exe -P 5037 -s 2A131FDH200HX6 shell pm grant com.saucelabs.mydemoapp.android android.permission.READ_MEDIA_VISUAL_USER_SELECTED ; pm grant com.saucelabs.mydemoapp.android android.permission.READ_EXTERNAL_STORAGE ; pm grant com.saucelabs.mydemoapp.android android.permission.ACCESS_COARSE_LOCATION ; pm grant com.saucelabs.mydemoapp.android android.permission.READ_MEDIA_IMAGES ; pm grant com.saucelabs.mydemoapp.android android.permission.CAMERA ; pm grant com.saucelabs.mydemoapp.android android.permission.READ_MEDIA_AUDIO ; pm grant com.saucelabs.mydemoapp.android android.permission.READ_MEDIA_VIDEO ; pm grant com.saucelabs.mydemoapp.android android.permission.WRITE_EXTERNAL_STORAGE ;'
&amp#27;[38;5;92m[2fa44e5e]&amp#27;[0m&amp#27;[38;5;15m[AndroidUiautomator2Driver@a023]&amp#27;[0m Performed fast reset on the installed 'com.saucelabs.mydemoapp.android' application (stop and clear)
&amp#27;[38;5;92m[2fa44e5e]&amp#27;[0m&amp#27;[38;5;15m[AndroidUiautomator2Driver@a023]&amp#27;[0m Performing shallow cleanup of automation leftovers
&amp#27;[38;5;92m[2fa44e5e]&amp#27;[0m&amp#27;[38;5;15m[AndroidUiautomator2Driver@a023]&amp#27;[0m No obsolete sessions have been detected (socket hang up)
&amp#27;[38;5;92m[2fa44e5e]&amp#27;[0m&amp#27;[38;5;229m[ADB]&amp#27;[0m Running 'C:\Users\Testriq\AppData\Local\Android\Sdk\platform-tools\adb.exe -P 5037 -s 2A131FDH200HX6 shell am force-stop io.appium.uiautomator2.server'
&amp#27;[38;5;92m[2fa44e5e]&amp#27;[0m&amp#27;[38;5;229m[ADB]&amp#27;[0m Running 'C:\Users\Testriq\AppData\Local\Android\Sdk\platform-tools\adb.exe -P 5037 -s 2A131FDH200HX6 shell am force-stop io.appium.uiautomator2.server.test'
&amp#27;[38;5;92m[2fa44e5e]&amp#27;[0m&amp#27;[38;5;15m[AndroidUiautomator2Driver@a023]&amp#27;[0m Starting UIAutomator2 server 7.0.25
&amp#27;[38;5;92m[2fa44e5e]&amp#27;[0m&amp#27;[38;5;15m[AndroidUiautomator2Driver@a023]&amp#27;[0m Using UIAutomator2 server from 'C:\Users\Testriq\.appium\node_modules\appium-uiautomator2-driver\node_modules\appium-uiautomator2-server\apks\appium-uiautomator2-server-v7.0.25.apk' and test from 'C:\Users\Testriq\.appium\node_modules\appium-uiautomator2-driver\node_modules\appium-uiautomator2-server\apks\appium-uiautomator2-server-debug-androidTest.apk'
&amp#27;[38;5;92m[2fa44e5e]&amp#27;[0m&amp#27;[38;5;15m[AndroidUiautomator2Driver@a023]&amp#27;[0m Waiting up to 30000ms for UiAutomator2 to be online...
&amp#27;[38;5;92m[2fa44e5e]&amp#27;[0m&amp#27;[38;5;229m[ADB]&amp#27;[0m Creating ADB subprocess with args: ["-P","5037","-s","2A131FDH200HX6","shell","am","instrument","-w","-e","disableAnalytics","true","io.appium.uiautomator2.server.test/androidx.test.runner.AndroidJUnitRunner"]
&amp#27;[38;5;92m[2fa44e5e]&amp#27;[0m&amp#27;[38;5;15m[AndroidUiautomator2Driver@a023]&amp#27;[0m Matched '/status' to command name 'getStatus'
&amp#27;[38;5;92m[2fa44e5e]&amp#27;[0m&amp#27;[38;5;15m[AndroidUiautomator2Driver@a023]&amp#27;[0m Proxying [GET /status] to [GET http://127.0.0.1:8203/status] with no body
&amp#27;[38;5;92m[2fa44e5e]&amp#27;[0m&amp#27;[38;5;15m[AndroidUiautomator2Driver@a023]&amp#27;[0m socket hang up
&amp#27;[38;5;92m[2fa44e5e]&amp#27;[0m&amp#27;[38;5;15m[AndroidUiautomator2Driver@a023]&amp#27;[0m [Instrumentation] 
&amp#27;[38;5;92m[2fa44e5e]&amp#27;[0m&amp#27;[38;5;15m[AndroidUiautomator2Driver@a023]&amp#27;[0m Matched '/status' to command name 'getStatus'
&amp#27;[38;5;92m[2fa44e5e]&amp#27;[0m&amp#27;[38;5;15m[AndroidUiautomator2Driver@a023]&amp#27;[0m Proxying [GET /status] to [GET http://127.0.0.1:8203/status] with no body
&amp#27;[38;5;92m[2fa44e5e]&amp#27;[0m&amp#27;[38;5;15m[AndroidUiautomator2Driver@a023]&amp#27;[0m socket hang up
&amp#27;[38;5;92m[2fa44e5e]&amp#27;[0m&amp#27;[38;5;15m[AndroidUiautomator2Driver@a023]&amp#27;[0m Matched '/status' to command name 'getStatus'
&amp#27;[38;5;92m[2fa44e5e]&amp#27;[0m&amp#27;[38;5;15m[AndroidUiautomator2Driver@a023]&amp#27;[0m Proxying [GET /status] to [GET http://127.0.0.1:8203/status] with no body
&amp#27;[38;5;92m[2fa44e5e]&amp#27;[0m&amp#27;[38;5;15m[AndroidUiautomator2Driver@a023]&amp#27;[0m Got response with status 200: {"sessionId":"None","value":{"message":"UiAutomator2 Server is ready to accept commands","ready":true}}
&amp#27;[38;5;92m[2fa44e5e]&amp#27;[0m&amp#27;[38;5;15m[AndroidUiautomator2Driver@a023]&amp#27;[0m The initialization of the instrumentation process took 2141ms
&amp#27;[38;5;92m[2fa44e5e]&amp#27;[0m&amp#27;[38;5;15m[AndroidUiautomator2Driver@a023]&amp#27;[0m Matched '/session' to command name 'createSession'
&amp#27;[38;5;92m[2fa44e5e]&amp#27;[0m&amp#27;[38;5;15m[AndroidUiautomator2Driver@a023]&amp#27;[0m Proxying [POST /session] to [POST http://127.0.0.1:8203/session] with body: {"capabilities":{"firstMatch":[{"platformName":"ANDROID","deviceName":"2A131FDH200HX6","autoGrantPermissions":true,"appPackage":"com.saucelabs.mydemoapp.android","automationName":"UIAutomator2","appActivity":"com.saucelabs.mydemoapp.android.view.activities.SplashActivity","app":"G:\\Automation Projects\\testriq\\src\\main\\java\\apps\\mda-2.2.0-25.apk","platform":"LINUX","webStorageEnabled":false,"takesScreenshot":true,"javascriptEnabled":true,"databaseEnabled":false,"networkConnectionEnabled":true,"locationContextEnabled":false,"warnings":{},"desired":{"platformName":"ANDROID","deviceName":"AndroidDeviceName","autoGrantPermissions":true,"appPackage":"com.saucelabs.mydemoapp.android","automationName":"UIAutomator2","appActivity":"com.saucelabs.mydemoapp.android.view.activities.SplashActivity","app":"G:\\Automation Projects\\testriq\\src\\main\\java\\apps\\mda-2.2.0-25.apk"},"deviceUDID":"2A131FDH200HX6"}],"alwaysMatch":{}}}
&amp#27;[38;5;92m[2fa44e5e]&amp#27;[0m&amp#27;[38;5;15m[AndroidUiautomator2Driver@a023]&amp#27;[0m Got response with status 200: {"sessionId":"9cf3eaa2-455b-4feb-bcbc-ced8363f392a","value":{"capabilities":{"firstMatch":[{"platformName":"ANDROID","deviceName":"2A131FDH200HX6","autoGrantPermissions":true,"appPackage":"com.saucelabs.mydemoapp.android","automationName":"UIAutomator2","appActivity":"com.saucelabs.mydemoapp.android.view.activities.SplashActivity","app":"G:\\Automation Projects\\testriq\\src\\main\\java\\apps\\mda-2.2.0-25.apk","platform":"LINUX","webStorageEnabled":false,"takesScreenshot":true,"javascriptEnabled":true,"databaseEnabled":false,"networkConnectionEnabled":true,"locationContextEnabled":false,"warnings":{},"desired":{"platformName":"ANDROID","deviceName":"AndroidDeviceName","autoGrantPermissions":true,"appPackage":"com.saucelabs.mydemoapp.android","automationName":"UIAutomator2","appActivity":"com.saucelabs.mydemoapp.android.view.activities.SplashActivity","app":"G:\\Automation Projects\\testriq\\src\\main\\java\\apps\\mda-2.2.0-25.apk"},"deviceUDID":"2A131FDH200HX6"}],"alwaysMatch":{}},"sessionId":"9cf3eaa2-45...
&amp#27;[38;5;92m[2fa44e5e]&amp#27;[0m&amp#27;[38;5;15m[AndroidUiautomator2Driver@a023]&amp#27;[0m Determined the downstream protocol as 'W3C'
&amp#27;[38;5;92m[2fa44e5e]&amp#27;[0m&amp#27;[38;5;15m[AndroidUiautomator2Driver@a023]&amp#27;[0m Proxying [GET /appium/device/pixel_ratio] to [GET http://127.0.0.1:8203/session/9cf3eaa2-455b-4feb-bcbc-ced8363f392a/appium/device/pixel_ratio] with no body
&amp#27;[38;5;92m[2fa44e5e]&amp#27;[0m&amp#27;[38;5;15m[AndroidUiautomator2Driver@a023]&amp#27;[0m Matched '/appium/device/system_bars' to command name 'getSystemBars'
&amp#27;[38;5;92m[2fa44e5e]&amp#27;[0m&amp#27;[38;5;15m[AndroidUiautomator2Driver@a023]&amp#27;[0m Proxying [GET /appium/device/system_bars] to [GET http://127.0.0.1:8203/session/9cf3eaa2-455b-4feb-bcbc-ced8363f392a/appium/device/system_bars] with no body
&amp#27;[38;5;92m[2fa44e5e]&amp#27;[0m&amp#27;[38;5;15m[AndroidUiautomator2Driver@a023]&amp#27;[0m Matched '/window/current/size' to command name 'getWindowSize'
&amp#27;[38;5;92m[2fa44e5e]&amp#27;[0m&amp#27;[38;5;15m[AndroidUiautomator2Driver@a023]&amp#27;[0m Proxying [GET /window/current/size] to [GET http://127.0.0.1:8203/session/9cf3eaa2-455b-4feb-bcbc-ced8363f392a/window/current/size] with no body
&amp#27;[38;5;92m[2fa44e5e]&amp#27;[0m&amp#27;[38;5;15m[AndroidUiautomator2Driver@a023]&amp#27;[0m Proxying [GET /appium/device/info] to [GET http://127.0.0.1:8203/session/9cf3eaa2-455b-4feb-bcbc-ced8363f392a/appium/device/info] with no body
&amp#27;[38;5;92m[2fa44e5e]&amp#27;[0m&amp#27;[38;5;229m[ADB]&amp#27;[0m Running 'C:\Users\Testriq\AppData\Local\Android\Sdk\platform-tools\adb.exe -P 5037 -s 2A131FDH200HX6 shell dumpsys window'
&amp#27;[38;5;92m[2fa44e5e]&amp#27;[0m&amp#27;[38;5;229m[ADB]&amp#27;[0m Running 'C:\Users\Testriq\AppData\Local\Android\Sdk\platform-tools\adb.exe -P 5037 -s 2A131FDH200HX6 shell dumpsys power'
&amp#27;[38;5;92m[2fa44e5e]&amp#27;[0m&amp#27;[38;5;15m[AndroidUiautomator2Driver@a023]&amp#27;[0m Got response with status 200: {"sessionId":"9cf3eaa2-455b-4feb-bcbc-ced8363f392a","value":2.2250001}
&amp#27;[38;5;92m[2fa44e5e]&amp#27;[0m&amp#27;[38;5;15m[AndroidUiautomator2Driver@a023]&amp#27;[0m Got response with status 200: {"sessionId":"9cf3eaa2-455b-4feb-bcbc-ced8363f392a","value":{"statusBar":136}}
&amp#27;[38;5;92m[2fa44e5e]&amp#27;[0m&amp#27;[38;5;15m[AndroidUiautomator2Driver@a023]&amp#27;[0m Got response with status 200: {"sessionId":"9cf3eaa2-455b-4feb-bcbc-ced8363f392a","value":{"height":2400,"width":1080}}
&amp#27;[38;5;92m[2fa44e5e]&amp#27;[0m&amp#27;[38;5;15m[AndroidUiautomator2Driver@a023]&amp#27;[0m Got response with status 200: {"sessionId":"9cf3eaa2-455b-4feb-bcbc-ced8363f392a","value":{"androidId":"7781aa28ec4e674f","apiVersion":"35","bluetooth":{"state":"ON"},"brand":"google","carrierName":"","displayDensity":356,"locale":"en_US","manufacturer":"Google","model":"Pixel 7","networks":[{"capabilities":{"SSID":null,"linkDownBandwidthKbps":29972,"linkUpstreamBandwidthKbps":24945,"networkCapabilities":"NET_CAPABILITY_NOT_METERED,NET_CAPABILITY_INTERNET,NET_CAPABILITY_NOT_RESTRICTED,NET_CAPABILITY_TRUSTED,NET_CAPABILITY_NOT_VPN,NET_CAPABILITY_VALIDATED,NET_CAPABILITY_NOT_ROAMING,NET_CAPABILITY_FOREGROUND,NET_CAPABILITY_NOT_CONGESTED,NET_CAPABILITY_NOT_SUSPENDED","signalStrength":-57,"transportTypes":"TRANSPORT_WIFI"},"detailedState":"CONNECTED","extraInfo":"","isAvailable":true,"isConnected":true,"isFailover":false,"isRoaming":false,"state":"CONNECTED","subtype":-1,"subtypeName":"","type":1,"typeName":"WIFI"}],"platformVersion":"15","realDisplaySize":"1080x2400","timeZone":"Asia/Kolkata"}}
&amp#27;[38;5;92m[2fa44e5e]&amp#27;[0m&amp#27;[38;5;15m[AndroidUiautomator2Driver@a023]&amp#27;[0m Screen already unlocked, doing nothing
&amp#27;[38;5;92m[2fa44e5e]&amp#27;[0m&amp#27;[38;5;15m[AndroidUiautomator2Driver@a023]&amp#27;[0m Starting 'com.saucelabs.mydemoapp.android/com.saucelabs.mydemoapp.android.view.activities.SplashActivity and waiting for 'com.saucelabs.mydemoapp.android/com.saucelabs.mydemoapp.android.view.activities.SplashActivity'
&amp#27;[38;5;92m[2fa44e5e]&amp#27;[0m&amp#27;[38;5;229m[ADB]&amp#27;[0m Running 'C:\Users\Testriq\AppData\Local\Android\Sdk\platform-tools\adb.exe -P 5037 -s 2A131FDH200HX6 shell am start -W -n com.saucelabs.mydemoapp.android/com.saucelabs.mydemoapp.android.view.activities.SplashActivity -S -a android.intent.action.MAIN -c android.intent.category.LAUNCHER -f 0x10200000'
&amp#27;[38;5;92m[2fa44e5e]&amp#27;[0m&amp#27;[38;5;28m[AppiumDriver@3b8c]&amp#27;[0m New AndroidUiautomator2Driver session created successfully, session 2fa44e5e-a173-4def-9e46-43bad18f4241 added to master session list
&amp#27;[38;5;92m[2fa44e5e]&amp#27;[0m&amp#27;[38;5;28m[AppiumDriver@3b8c]&amp#27;[0m Event 'newSessionStarted' logged at 1737027828563 (17:13:48 GMT+0530 (India Standard Time))
&amp#27;[38;5;92m[2fa44e5e]&amp#27;[0m&amp#27;[38;5;15m[AndroidUiautomator2Driver@a023]&amp#27;[0m Cached the protocol value 'W3C' for the new session 2fa44e5e-a173-4def-9e46-43bad18f4241
&amp#27;[38;5;92m[2fa44e5e]&amp#27;[0m&amp#27;[38;5;15m[AndroidUiautomator2Driver@a023]&amp#27;[0m Responding to client with driver.createSession() result: {"capabilities":{"platformName":"ANDROID","deviceName":"2A131FDH200HX6","autoGrantPermissions":true,"appPackage":"com.saucelabs.mydemoapp.android","automationName":"UIAutomator2","appActivity":"com.saucelabs.mydemoapp.android.view.activities.SplashActivity","app":"G:\\Automation Projects\\testriq\\src\\main\\java\\apps\\mda-2.2.0-25.apk","platform":"LINUX","webStorageEnabled":false,"takesScreenshot":true,"javascriptEnabled":true,"databaseEnabled":false,"networkConnectionEnabled":true,"locationContextEnabled":false,"warnings":{},"desired":{"platformName":"ANDROID","deviceName":"AndroidDeviceName","autoGrantPermissions":true,"appPackage":"com.saucelabs.mydemoapp.android","automationName":"UIAutomator2","appActivity":"com.saucelabs.mydemoapp.android.view.activities.SplashActivity","app":"G:\\Automation Projects\\testriq\\src\\main\\java\\apps\\mda-2.2.0-25.apk"},"deviceUDID":"2A131FDH200HX6","pixelRatio":"2.2250001","statBarHeight":136,"viewportRect":{"left":0,"top":136,"width":1080,"height":2264},"deviceApiL...
&amp#27;[38;5;92m[2fa44e5e]&amp#27;[0m&amp#27;[38;5;86m[HTTP]&amp#27;[0m &amp#27;[37m<-- POST /session &amp#27;[39m&amp#27;[32m200&amp#27;[39m &amp#27;[90m6762 ms - 1226&amp#27;[39m &amp#27;[90m&amp#27;[39m
&amp#27;[38;5;86m[HTTP]&amp#27;[0m &amp#27;[37m-->&amp#27;[39m &amp#27;[37mGET&amp#27;[39m &amp#27;[37m/status&amp#27;[39m &amp#27;[90m{}&amp#27;[39m
&amp#27;[38;5;28m[AppiumDriver@3b8c]&amp#27;[0m Calling AppiumDriver.getStatus() with args: []
&amp#27;[38;5;28m[AppiumDriver@3b8c]&amp#27;[0m Responding to client with driver.getStatus() result: {"ready":true,"message":"The server is ready to accept new connections","build":{"version":"2.11.5","git-sha":"4eddc999c5d9b705e7356152d2d5953a0dda3720","built":"2024-10-09 17:32:11 +0530"}}
&amp#27;[38;5;86m[HTTP]&amp#27;[0m &amp#27;[37m<-- GET /status &amp#27;[39m&amp#27;[32m200&amp#27;[39m &amp#27;[90m2 ms - 200&amp#27;[39m &amp#27;[90m&amp#27;[39m
&amp#27;[38;5;86m[HTTP]&amp#27;[0m Request idempotency key: 90b35585-943e-471c-8709-95ed2179d0de
&amp#27;[38;5;86m[HTTP]&amp#27;[0m &amp#27;[37m-->&amp#27;[39m &amp#27;[37mPOST&amp#27;[39m &amp#27;[37m/session&amp#27;[39m &amp#27;[90m{"capabilities":{"firstMatch":[{}],"alwaysMatch":{"appium:deviceName":"AndroidDeviceName","appium:autoGrantPermissions":true,"appium:appPackage":"com.saucelabs.mydemoapp.android","appium:automationName":"UIAutomator2","platformName":"ANDROID","appium:appActivity":"com.saucelabs.mydemoapp.android.view.activities.SplashActivity","appium:app":"G:\\Automation Projects\\testriq\\src\\main\\java\\apps\\mda-2.2.0-25.apk"}}}&amp#27;[39m
&amp#27;[38;5;28m[AppiumDriver@3b8c]&amp#27;[0m Calling AppiumDriver.createSession() with args: [null,null,{"firstMatch":[{}],"alwaysMatch":{"appium:deviceName":"AndroidDeviceName","appium:autoGrantPermissions":true,"appium:appPackage":"com.saucelabs.mydemoapp.android","appium:automationName":"UIAutomator2","platformName":"ANDROID","appium:appActivity":"com.saucelabs.mydemoapp.android.view.activities.SplashActivity","appium:app":"G:\\Automation Projects\\testriq\\src\\main\\java\\apps\\mda-2.2.0-25.apk"}}]
&amp#27;[38;5;28m[AppiumDriver@3b8c]&amp#27;[0m Event 'newSessionRequested' logged at 1737027828626 (17:13:48 GMT+0530 (India Standard Time))
&amp#27;[38;5;112m[Appium]&amp#27;[0m Attempting to find matching driver for automationName 'UIAutomator2' and platformName 'ANDROID'
&amp#27;[38;5;112m[Appium]&amp#27;[0m The 'uiautomator2' driver was installed and matched caps.
&amp#27;[38;5;112m[Appium]&amp#27;[0m Will require it at C:\Users\Testriq\.appium\node_modules\appium-uiautomator2-driver
&amp#27;[38;5;112m[Appium]&amp#27;[0m Requiring driver at C:\Users\Testriq\.appium\node_modules\appium-uiautomator2-driver\build\index.js
&amp#27;[38;5;28m[AppiumDriver@3b8c]&amp#27;[0m Appium v2.11.5 creating new AndroidUiautomator2Driver (v3.8.0) session
&amp#27;[38;5;28m[AppiumDriver@3b8c]&amp#27;[0m Checking BaseDriver versions for Appium and AndroidUiautomator2Driver
&amp#27;[38;5;28m[AppiumDriver@3b8c]&amp#27;[0m Appium's BaseDriver version is 9.11.5
&amp#27;[38;5;28m[AppiumDriver@3b8c]&amp#27;[0m AndroidUiautomator2Driver's BaseDriver version is 9.11.5
&amp#27;[38;5;-121m[AndroidUiautomator2Driver@5aff]&amp#27;[0m 
&amp#27;[38;5;-121m[AndroidUiautomator2Driver@5aff]&amp#27;[0m Creating session with W3C capabilities: {
  "alwaysMatch": {
    "platformName": "ANDROID",
    "appium:deviceName": "AndroidDeviceName",
    "appium:autoGrantPermissions": true,
    "appium:appPackage": "com.saucelabs.mydemoapp.android",
    "appium:automationName": "UIAutomator2",
    "appium:appActivity": "com.saucelabs.mydemoapp.android.view.activities.SplashActivity",
    "appium:app": "G:\\Automation Projects\\testriq\\src\\main\\java\\apps\\mda-2.2.0-25.apk"
  },
  "firstMatch": [
    {}
  ]
}
&amp#27;[38;5;79m[a4e3d06f]&amp#27;[0m&amp#27;[38;5;-121m[AndroidUiautomator2Driver@5aff]&amp#27;[0m Session created with session id: a4e3d06f-a5f1-4c34-a7a0-d757f192f2f5
&amp#27;[38;5;79m[a4e3d06f]&amp#27;[0m&amp#27;[38;5;229m[ADB]&amp#27;[0m Using 'adb.exe' from 'C:\Users\Testriq\AppData\Local\Android\Sdk\platform-tools\adb.exe'
&amp#27;[38;5;79m[a4e3d06f]&amp#27;[0m&amp#27;[38;5;229m[ADB]&amp#27;[0m Running 'C:\Users\Testriq\AppData\Local\Android\Sdk\platform-tools\adb.exe -P 5037 start-server'
&amp#27;[38;5;79m[a4e3d06f]&amp#27;[0m&amp#27;[38;5;-121m[AndroidUiautomator2Driver@5aff]&amp#27;[0m Retrieving device list
&amp#27;[38;5;79m[a4e3d06f]&amp#27;[0m&amp#27;[38;5;229m[ADB]&amp#27;[0m Trying to find connected Android devices
&amp#27;[38;5;79m[a4e3d06f]&amp#27;[0m&amp#27;[38;5;229m[ADB]&amp#27;[0m Getting connected devices
&amp#27;[38;5;79m[a4e3d06f]&amp#27;[0m&amp#27;[38;5;229m[ADB]&amp#27;[0m Connected devices: [{"udid":"2A131FDH200HX6","state":"device"}]
&amp#27;[38;5;79m[a4e3d06f]&amp#27;[0m&amp#27;[38;5;-121m[AndroidUiautomator2Driver@5aff]&amp#27;[0m Using device: 2A131FDH200HX6
&amp#27;[38;5;79m[a4e3d06f]&amp#27;[0m&amp#27;[38;5;229m[ADB]&amp#27;[0m Using 'adb.exe' from 'C:\Users\Testriq\AppData\Local\Android\Sdk\platform-tools\adb.exe'
&amp#27;[38;5;79m[a4e3d06f]&amp#27;[0m&amp#27;[38;5;229m[ADB]&amp#27;[0m Running 'C:\Users\Testriq\AppData\Local\Android\Sdk\platform-tools\adb.exe -P 5037 start-server'
&amp#27;[38;5;79m[a4e3d06f]&amp#27;[0m&amp#27;[38;5;229m[ADB]&amp#27;[0m Setting device id to 2A131FDH200HX6
&amp#27;[38;5;79m[a4e3d06f]&amp#27;[0m&amp#27;[38;5;123m[BaseDriver]&amp#27;[0m Using local app 'G:\Automation Projects\testriq\src\main\java\apps\mda-2.2.0-25.apk'
&amp#27;[38;5;79m[a4e3d06f]&amp#27;[0m&amp#27;[38;5;-121m[AndroidUiautomator2Driver@5aff]&amp#27;[0m Checking whether app is actually present
&amp#27;[38;5;79m[a4e3d06f]&amp#27;[0m&amp#27;[38;5;229m[ADB]&amp#27;[0m Running 'C:\Users\Testriq\AppData\Local\Android\Sdk\platform-tools\adb.exe -P 5037 -s 2A131FDH200HX6 shell getprop ro.build.version.sdk'
&amp#27;[38;5;79m[a4e3d06f]&amp#27;[0m&amp#27;[38;5;229m[ADB]&amp#27;[0m Current device property 'ro.build.version.sdk': 35
&amp#27;[38;5;79m[a4e3d06f]&amp#27;[0m&amp#27;[38;5;229m[ADB]&amp#27;[0m Getting device platform version
&amp#27;[38;5;79m[a4e3d06f]&amp#27;[0m&amp#27;[38;5;229m[ADB]&amp#27;[0m Running 'C:\Users\Testriq\AppData\Local\Android\Sdk\platform-tools\adb.exe -P 5037 -s 2A131FDH200HX6 shell getprop ro.build.version.release'
&amp#27;[38;5;79m[a4e3d06f]&amp#27;[0m&amp#27;[38;5;229m[ADB]&amp#27;[0m Current device property 'ro.build.version.release': 15
&amp#27;[38;5;79m[a4e3d06f]&amp#27;[0m&amp#27;[38;5;229m[ADB]&amp#27;[0m Device API level: 35
&amp#27;[38;5;79m[a4e3d06f]&amp#27;[0m&amp#27;[38;5;-121m[AndroidUiautomator2Driver@5aff]&amp#27;[0m Relaxing hidden api policy
&amp#27;[38;5;79m[a4e3d06f]&amp#27;[0m&amp#27;[38;5;229m[ADB]&amp#27;[0m Running 'C:\Users\Testriq\AppData\Local\Android\Sdk\platform-tools\adb.exe -P 5037 -s 2A131FDH200HX6 shell 'settings put global hidden_api_policy_pre_p_apps 1;settings put global hidden_api_policy_p_apps 1;settings put global hidden_api_policy 1''
&amp#27;[38;5;79m[a4e3d06f]&amp#27;[0m&amp#27;[38;5;-121m[AndroidUiautomator2Driver@5aff]&amp#27;[0m Pushing settings apk to the device...
&amp#27;[38;5;79m[a4e3d06f]&amp#27;[0m&amp#27;[38;5;229m[ADB]&amp#27;[0m Getting package info for 'io.appium.settings'
&amp#27;[38;5;79m[a4e3d06f]&amp#27;[0m&amp#27;[38;5;229m[ADB]&amp#27;[0m Running 'C:\Users\Testriq\AppData\Local\Android\Sdk\platform-tools\adb.exe -P 5037 -s 2A131FDH200HX6 shell dumpsys package io.appium.settings'
&amp#27;[38;5;79m[a4e3d06f]&amp#27;[0m&amp#27;[38;5;229m[ADB]&amp#27;[0m Using 'aapt2.exe' from 'C:\Users\Testriq\AppData\Local\Android\Sdk\build-tools\34.0.0\aapt2.exe'
&amp#27;[38;5;79m[a4e3d06f]&amp#27;[0m&amp#27;[38;5;229m[ADB]&amp#27;[0m Reading package manifest: 'C:\\Users\\Testriq\\AppData\\Local\\Android\\Sdk\\build-tools\\34.0.0\\aapt2.exe dump badging C:\\Users\\Testriq\\.appium\\node_modules\\appium-uiautomator2-driver\\node_modules\\io.appium.settings\\apks\\settings_apk-debug.apk'
&amp#27;[38;5;79m[a4e3d06f]&amp#27;[0m&amp#27;[38;5;229m[ADB]&amp#27;[0m The version name of the installed 'io.appium.settings' is greater or equal to the application version name ('5.12.13' >= '5.12.13')
&amp#27;[38;5;79m[a4e3d06f]&amp#27;[0m&amp#27;[38;5;229m[ADB]&amp#27;[0m There is no need to install/upgrade 'C:\Users\Testriq\.appium\node_modules\appium-uiautomator2-driver\node_modules\io.appium.settings\apks\settings_apk-debug.apk'
&amp#27;[38;5;79m[a4e3d06f]&amp#27;[0m&amp#27;[38;5;229m[ADB]&amp#27;[0m Running 'C:\Users\Testriq\AppData\Local\Android\Sdk\platform-tools\adb.exe -P 5037 -s 2A131FDH200HX6 shell dumpsys activity services io.appium.settings'
&amp#27;[38;5;79m[a4e3d06f]&amp#27;[0m&amp#27;[38;5;-121m[AndroidUiautomator2Driver@5aff]&amp#27;[0m io.appium.settings is already running. There is no need to reset its permissions.
&amp#27;[38;5;79m[a4e3d06f]&amp#27;[0m&amp#27;[38;5;160m[Logcat]&amp#27;[0m Starting logs capture with command: C:\\Users\\Testriq\\AppData\\Local\\Android\\Sdk\\platform-tools\\adb.exe -P 5037 -s 2A131FDH200HX6 logcat -v threadtime
&amp#27;[38;5;79m[a4e3d06f]&amp#27;[0m&amp#27;[38;5;229m[ADB]&amp#27;[0m Running 'C:\Users\Testriq\AppData\Local\Android\Sdk\platform-tools\adb.exe -P 5037 -s 2A131FDH200HX6 shell appops set io.appium.settings android:mock_location allow'
&amp#27;[38;5;79m[a4e3d06f]&amp#27;[0m&amp#27;[38;5;229m[ADB]&amp#27;[0m Running 'C:\Users\Testriq\AppData\Local\Android\Sdk\platform-tools\adb.exe -P 5037 -s 2A131FDH200HX6 shell "[ -e '/data/local/tmp/mock_apps.json' ] && echo __PASS__"'
&amp#27;[38;5;79m[a4e3d06f]&amp#27;[0m&amp#27;[38;5;229m[ADB]&amp#27;[0m Running 'C:\Users\Testriq\AppData\Local\Android\Sdk\platform-tools\adb.exe -P 5037 -s 2A131FDH200HX6 shell cat /data/local/tmp/mock_apps.json'
&amp#27;[38;5;79m[a4e3d06f]&amp#27;[0m&amp#27;[38;5;-121m[AndroidUiautomator2Driver@5aff]&amp#27;[0m Forwarding UiAutomator2 Server port 6790 to local port 8205
&amp#27;[38;5;79m[a4e3d06f]&amp#27;[0m&amp#27;[38;5;229m[ADB]&amp#27;[0m Forwarding system: 8205 to device: 6790
&amp#27;[38;5;79m[a4e3d06f]&amp#27;[0m&amp#27;[38;5;229m[ADB]&amp#27;[0m Running 'C:\Users\Testriq\AppData\Local\Android\Sdk\platform-tools\adb.exe -P 5037 -s 2A131FDH200HX6 forward tcp:8205 tcp:6790'
&amp#27;[38;5;79m[a4e3d06f]&amp#27;[0m&amp#27;[38;5;229m[ADB]&amp#27;[0m Getting package info for 'io.appium.uiautomator2.server'
&amp#27;[38;5;79m[a4e3d06f]&amp#27;[0m&amp#27;[38;5;229m[ADB]&amp#27;[0m Running 'C:\Users\Testriq\AppData\Local\Android\Sdk\platform-tools\adb.exe -P 5037 -s 2A131FDH200HX6 shell dumpsys package io.appium.uiautomator2.server'
&amp#27;[38;5;79m[a4e3d06f]&amp#27;[0m&amp#27;[38;5;229m[ADB]&amp#27;[0m Getting install status for io.appium.uiautomator2.server.test
&amp#27;[38;5;79m[a4e3d06f]&amp#27;[0m&amp#27;[38;5;229m[ADB]&amp#27;[0m Checking app cert for G:\Automation Projects\testriq\src\main\java\apps\mda-2.2.0-25.apk
&amp#27;[38;5;79m[a4e3d06f]&amp#27;[0m&amp#27;[38;5;229m[ADB]&amp#27;[0m Running 'C:\Users\Testriq\AppData\Local\Android\Sdk\platform-tools\adb.exe -P 5037 -s 2A131FDH200HX6 shell cmd package list packages'
&amp#27;[38;5;79m[a4e3d06f]&amp#27;[0m&amp#27;[38;5;229m[ADB]&amp#27;[0m Using the previously cached signature entry for 'mda-2.2.0-25.apk'
&amp#27;[38;5;79m[a4e3d06f]&amp#27;[0m&amp#27;[38;5;229m[ADB]&amp#27;[0m Getting package info for 'com.saucelabs.mydemoapp.android'
&amp#27;[38;5;79m[a4e3d06f]&amp#27;[0m&amp#27;[38;5;229m[ADB]&amp#27;[0m Running 'C:\Users\Testriq\AppData\Local\Android\Sdk\platform-tools\adb.exe -P 5037 -s 2A131FDH200HX6 shell dumpsys package com.saucelabs.mydemoapp.android'
&amp#27;[38;5;79m[a4e3d06f]&amp#27;[0m&amp#27;[38;5;229m[ADB]&amp#27;[0m Reading package manifest: 'C:\\Users\\Testriq\\AppData\\Local\\Android\\Sdk\\build-tools\\34.0.0\\aapt2.exe dump badging C:\\Users\\Testriq\\.appium\\node_modules\\appium-uiautomator2-driver\\node_modules\\appium-uiautomator2-server\\apks\\appium-uiautomator2-server-v7.0.25.apk'
&amp#27;[38;5;79m[a4e3d06f]&amp#27;[0m&amp#27;[38;5;229m[ADB]&amp#27;[0m 'io.appium.uiautomator2.server.test' is installed
&amp#27;[38;5;79m[a4e3d06f]&amp#27;[0m&amp#27;[38;5;229m[ADB]&amp#27;[0m The version name of the installed 'io.appium.uiautomator2.server' is greater or equal to the application version name ('7.0.25' >= '7.0.25')
&amp#27;[38;5;79m[a4e3d06f]&amp#27;[0m&amp#27;[38;5;-121m[AndroidUiautomator2Driver@5aff]&amp#27;[0m Server packages status: [{"installState":"sameVersionInstalled","appPath":"C:\\Users\\Testriq\\.appium\\node_modules\\appium-uiautomator2-driver\\node_modules\\appium-uiautomator2-server\\apks\\appium-uiautomator2-server-v7.0.25.apk","appId":"io.appium.uiautomator2.server"},{"installState":"sameVersionInstalled","appPath":"C:\\Users\\Testriq\\.appium\\node_modules\\appium-uiautomator2-driver\\node_modules\\appium-uiautomator2-server\\apks\\appium-uiautomator2-server-debug-androidTest.apk","appId":"io.appium.uiautomator2.server.test"}]
&amp#27;[38;5;79m[a4e3d06f]&amp#27;[0m&amp#27;[38;5;-121m[AndroidUiautomator2Driver@5aff]&amp#27;[0m Server packages are not going to be (re)installed
&amp#27;[38;5;79m[a4e3d06f]&amp#27;[0m&amp#27;[38;5;-121m[AndroidUiautomator2Driver@5aff]&amp#27;[0m Waiting up to 30000ms for services to be available
&amp#27;[38;5;79m[a4e3d06f]&amp#27;[0m&amp#27;[38;5;229m[ADB]&amp#27;[0m Running 'C:\Users\Testriq\AppData\Local\Android\Sdk\platform-tools\adb.exe -P 5037 -s 2A131FDH200HX6 shell pm list instrumentation'
&amp#27;[38;5;79m[a4e3d06f]&amp#27;[0m&amp#27;[38;5;229m[ADB]&amp#27;[0m Reading package manifest: 'C:\\Users\\Testriq\\AppData\\Local\\Android\\Sdk\\build-tools\\34.0.0\\aapt2.exe dump badging 'G:\\Automation Projects\\testriq\\src\\main\\java\\apps\\mda-2.2.0-25.apk''
&amp#27;[38;5;79m[a4e3d06f]&amp#27;[0m&amp#27;[38;5;-121m[AndroidUiautomator2Driver@5aff]&amp#27;[0m Instrumentation target 'io.appium.uiautomator2.server.test/androidx.test.runner.AndroidJUnitRunner' is available
&amp#27;[38;5;79m[a4e3d06f]&amp#27;[0m&amp#27;[38;5;229m[ADB]&amp#27;[0m Adding packages ["io.appium.settings","io.appium.uiautomator2.server","io.appium.uiautomator2.server.test"] to Doze whitelist
&amp#27;[38;5;79m[a4e3d06f]&amp#27;[0m&amp#27;[38;5;229m[ADB]&amp#27;[0m Got the following command chunks to execute: [["dumpsys","deviceidle","whitelist","+io.appium.settings",";","dumpsys","deviceidle","whitelist","+io.appium.uiautomator2.server",";","dumpsys","deviceidle","whitelist","+io.appium.uiautomator2.server.test",";"]]
&amp#27;[38;5;79m[a4e3d06f]&amp#27;[0m&amp#27;[38;5;229m[ADB]&amp#27;[0m Running 'C:\Users\Testriq\AppData\Local\Android\Sdk\platform-tools\adb.exe -P 5037 -s 2A131FDH200HX6 shell dumpsys deviceidle whitelist +io.appium.settings ; dumpsys deviceidle whitelist +io.appium.uiautomator2.server ; dumpsys deviceidle whitelist +io.appium.uiautomator2.server.test ;'
&amp#27;[38;5;79m[a4e3d06f]&amp#27;[0m&amp#27;[38;5;229m[ADB]&amp#27;[0m The version name of the installed 'com.saucelabs.mydemoapp.android' is greater or equal to the application version name ('2.2.0' >= '2.2.0')
&amp#27;[38;5;79m[a4e3d06f]&amp#27;[0m&amp#27;[38;5;229m[ADB]&amp#27;[0m There is no need to install/upgrade 'G:\Automation Projects\testriq\src\main\java\apps\mda-2.2.0-25.apk'
&amp#27;[38;5;79m[a4e3d06f]&amp#27;[0m&amp#27;[38;5;-121m[AndroidUiautomator2Driver@5aff]&amp#27;[0m Performing fast reset on 'com.saucelabs.mydemoapp.android'
&amp#27;[38;5;79m[a4e3d06f]&amp#27;[0m&amp#27;[38;5;229m[ADB]&amp#27;[0m Getting install status for com.saucelabs.mydemoapp.android
&amp#27;[38;5;79m[a4e3d06f]&amp#27;[0m&amp#27;[38;5;229m[ADB]&amp#27;[0m Running 'C:\Users\Testriq\AppData\Local\Android\Sdk\platform-tools\adb.exe -P 5037 -s 2A131FDH200HX6 shell cmd package list packages'
&amp#27;[38;5;79m[a4e3d06f]&amp#27;[0m&amp#27;[38;5;229m[ADB]&amp#27;[0m 'com.saucelabs.mydemoapp.android' is installed
&amp#27;[38;5;79m[a4e3d06f]&amp#27;[0m&amp#27;[38;5;229m[ADB]&amp#27;[0m Running 'C:\Users\Testriq\AppData\Local\Android\Sdk\platform-tools\adb.exe -P 5037 -s 2A131FDH200HX6 shell am force-stop com.saucelabs.mydemoapp.android'
&amp#27;[38;5;79m[a4e3d06f]&amp#27;[0m&amp#27;[38;5;229m[ADB]&amp#27;[0m Running 'C:\Users\Testriq\AppData\Local\Android\Sdk\platform-tools\adb.exe -P 5037 -s 2A131FDH200HX6 shell pm clear com.saucelabs.mydemoapp.android'
&amp#27;[38;5;79m[a4e3d06f]&amp#27;[0m&amp#27;[38;5;229m[ADB]&amp#27;[0m Running 'C:\Users\Testriq\AppData\Local\Android\Sdk\platform-tools\adb.exe -P 5037 -s 2A131FDH200HX6 shell dumpsys package com.saucelabs.mydemoapp.android'
&amp#27;[38;5;79m[a4e3d06f]&amp#27;[0m&amp#27;[38;5;229m[ADB]&amp#27;[0m Retrieving requested permissions
&amp#27;[38;5;79m[a4e3d06f]&amp#27;[0m&amp#27;[38;5;229m[ADB]&amp#27;[0m Retrieved 30 permissions from requested group
&amp#27;[38;5;79m[a4e3d06f]&amp#27;[0m&amp#27;[38;5;229m[ADB]&amp#27;[0m Retrieving granted permissions
&amp#27;[38;5;79m[a4e3d06f]&amp#27;[0m&amp#27;[38;5;229m[ADB]&amp#27;[0m Retrieved 5 permissions from install,runtime groups
&amp#27;[38;5;79m[a4e3d06f]&amp#27;[0m&amp#27;[38;5;229m[ADB]&amp#27;[0m Granting permissions ["android.permission.POST_NOTIFICATIONS","android.permission.ACCESS_FINE_LOCATION","android.permission.READ_MEDIA_VISUAL_USER_SELECTED","android.permission.READ_EXTERNAL_STORAGE","android.permission.ACCESS_COARSE_LOCATION","android.permission.READ_MEDIA_IMAGES","android.permission.CAMERA","android.permission.READ_MEDIA_AUDIO","android.permission.READ_MEDIA_VIDEO","android.permission.WRITE_EXTERNAL_STORAGE","android.permission.POST_NOTIFICATIONS","android.permission.ACCESS_FINE_LOCATION","android.permission.READ_MEDIA_VISUAL_USER_SELECTED","android.permission.READ_EXTERNAL_STORAGE","android.permission.ACCESS_COARSE_LOCATION","android.permission.READ_MEDIA_IMAGES","android.permission.CAMERA","android.permission.READ_MEDIA_AUDIO","android.permission.READ_MEDIA_VIDEO","android.permission.WRITE_EXTERNAL_STORAGE"] to 'com.saucelabs.mydemoapp.android'
&amp#27;[38;5;79m[a4e3d06f]&amp#27;[0m&amp#27;[38;5;229m[ADB]&amp#27;[0m Got the following command chunks to execute: [["pm","grant","com.saucelabs.mydemoapp.android","android.permission.POST_NOTIFICATIONS",";","pm","grant","com.saucelabs.mydemoapp.android","android.permission.ACCESS_FINE_LOCATION",";","pm","grant","com.saucelabs.mydemoapp.android","android.permission.READ_MEDIA_VISUAL_USER_SELECTED",";","pm","grant","com.saucelabs.mydemoapp.android","android.permission.READ_EXTERNAL_STORAGE",";","pm","grant","com.saucelabs.mydemoapp.android","android.permission.ACCESS_COARSE_LOCATION",";","pm","grant","com.saucelabs.mydemoapp.android","android.permission.READ_MEDIA_IMAGES",";","pm","grant","com.saucelabs.mydemoapp.android","android.permission.CAMERA",";","pm","grant","com.saucelabs.mydemoapp.android","android.permission.READ_MEDIA_AUDIO",";","pm","grant","com.saucelabs.mydemoapp.android","android.permission.READ_MEDIA_VIDEO",";","pm","grant","com.saucelabs.mydemoapp.android","android.permission.WRITE_EXTERNAL_STORAGE",";","pm","grant","com.saucelabs.mydemoapp.android","android.permission.POST_NOTIFICATIONS",";","pm","grant","com.saucelabs.mydemoapp.android","android.permission.ACCESS_FINE_LOCATION",";"],["pm","grant","com.saucelabs.mydemoapp.android","android.permission.READ_MEDIA_VISUAL_USER_SELECTED",";","pm","grant","com.saucelabs.mydemoapp.android","android.permission.READ_EXTERNAL_STORAGE",";","pm","grant","com.saucelabs.mydemoapp.android","android.permission.ACCESS_COARSE_LOCATION",";","pm","grant","com.saucelabs.mydemoapp.android","android.permission.READ_MEDIA_IMAGES",";","pm","grant","com.saucelabs.mydemoapp.android","android.permission.CAMERA",";","pm","grant","com.saucelabs.mydemoapp.android","android.permission.READ_MEDIA_AUDIO",";","pm","grant","com.saucelabs.mydemoapp.android","android.permission.READ_MEDIA_VIDEO",";","pm","grant","com.saucelabs.mydemoapp.android","android.permission.WRITE_EXTERNAL_STORAGE",";"]]
&amp#27;[38;5;79m[a4e3d06f]&amp#27;[0m&amp#27;[38;5;229m[ADB]&amp#27;[0m Running 'C:\Users\Testriq\AppData\Local\Android\Sdk\platform-tools\adb.exe -P 5037 -s 2A131FDH200HX6 shell pm grant com.saucelabs.mydemoapp.android android.permission.POST_NOTIFICATIONS ; pm grant com.saucelabs.mydemoapp.android android.permission.ACCESS_FINE_LOCATION ; pm grant com.saucelabs.mydemoapp.android android.permission.READ_MEDIA_VISUAL_USER_SELECTED ; pm grant com.saucelabs.mydemoapp.android android.permission.READ_EXTERNAL_STORAGE ; pm grant com.saucelabs.mydemoapp.android android.permission.ACCESS_COARSE_LOCATION ; pm grant com.saucelabs.mydemoapp.android android.permission.READ_MEDIA_IMAGES ; pm grant com.saucelabs.mydemoapp.android android.permission.CAMERA ; pm grant com.saucelabs.mydemoapp.android android.permission.READ_MEDIA_AUDIO ; pm grant com.saucelabs.mydemoapp.android android.permission.READ_MEDIA_VIDEO ; pm grant com.saucelabs.mydemoapp.android android.permission.WRITE_EXTERNAL_STORAGE ; pm grant com.saucelabs.mydemoapp.android android.permission.POST_NOTIFICATIONS ; pm grant com.saucelabs.mydemoapp.android android.permission.ACCESS_FINE_LOCATION ;'
&amp#27;[38;5;112m[Appium]&amp#27;[0m Welcome to Appium v2.11.5 (REV 4eddc999c5d9b705e7356152d2d5953a0dda3720)
&amp#27;[38;5;112m[Appium]&amp#27;[0m Non-default server args:
&amp#27;[38;5;112m[Appium]&amp#27;[0m { address: &amp#27;[32m'127.0.0.1'&amp#27;[39m }
&amp#27;[38;5;112m[Appium]&amp#27;[0m The autodetected Appium home path: C:\Users\Testriq\.appium
&amp#27;[38;5;112m[Appium]&amp#27;[0m Attempting to load driver uiautomator2...
&amp#27;[38;5;112m[Appium]&amp#27;[0m Requiring driver at C:\Users\Testriq\.appium\node_modules\appium-uiautomator2-driver\build\index.js
&amp#27;[38;5;79m[a4e3d06f]&amp#27;[0m&amp#27;[38;5;229m[ADB]&amp#27;[0m Running 'C:\Users\Testriq\AppData\Local\Android\Sdk\platform-tools\adb.exe -P 5037 -s 2A131FDH200HX6 shell pm grant com.saucelabs.mydemoapp.android android.permission.READ_MEDIA_VISUAL_USER_SELECTED ; pm grant com.saucelabs.mydemoapp.android android.permission.READ_EXTERNAL_STORAGE ; pm grant com.saucelabs.mydemoapp.android android.permission.ACCESS_COARSE_LOCATION ; pm grant com.saucelabs.mydemoapp.android android.permission.READ_MEDIA_IMAGES ; pm grant com.saucelabs.mydemoapp.android android.permission.CAMERA ; pm grant com.saucelabs.mydemoapp.android android.permission.READ_MEDIA_AUDIO ; pm grant com.saucelabs.mydemoapp.android android.permission.READ_MEDIA_VIDEO ; pm grant com.saucelabs.mydemoapp.android android.permission.WRITE_EXTERNAL_STORAGE ;'
&amp#27;[38;5;79m[a4e3d06f]&amp#27;[0m&amp#27;[38;5;-121m[AndroidUiautomator2Driver@5aff]&amp#27;[0m Performed fast reset on the installed 'com.saucelabs.mydemoapp.android' application (stop and clear)
&amp#27;[38;5;79m[a4e3d06f]&amp#27;[0m&amp#27;[38;5;-121m[AndroidUiautomator2Driver@5aff]&amp#27;[0m Performing shallow cleanup of automation leftovers
&amp#27;[38;5;79m[a4e3d06f]&amp#27;[0m&amp#27;[38;5;-121m[AndroidUiautomator2Driver@5aff]&amp#27;[0m The following obsolete sessions are still running: ["9cf3eaa2-455b-4feb-bcbc-ced8363f392a"]
&amp#27;[38;5;79m[a4e3d06f]&amp#27;[0m&amp#27;[38;5;-121m[AndroidUiautomator2Driver@5aff]&amp#27;[0m Cleaning up 1 obsolete session
&amp#27;[38;5;112m[Appium]&amp#27;[0m AndroidUiautomator2Driver has been successfully loaded in 1.125s
&amp#27;[38;5;86m[HTTP]&amp#27;[0m Could not start REST http interface listener. The requested port may already be in use. Please make sure there is no other instance of this server running already.
&amp#27;[38;5;112m[Appium]&amp#27;[0m Could not configure Appium server. It's possible that a driver or plugin tried to update the server and failed. Original error: listen EADDRINUSE: address already in use 127.0.0.1:4723
&amp#27;[38;5;112m[Appium]&amp#27;[0m Error: listen EADDRINUSE: address already in use 127.0.0.1:4723
    at Server.setupListenHandle [as _listen2] (node:net:1904:16)
    at listenInCluster (node:net:1961:12)
    at doListen (node:net:2135:7)
    at processTicksAndRejections (node:internal/process/task_queues:83:21)
&amp#27;[38;5;92m[2fa44e5e]&amp#27;[0m&amp#27;[38;5;15m[AndroidUiautomator2Driver@a023]&amp#27;[0m [Instrumentation] io.appium.uiautomator2.server.test.AppiumUiAutomator2Server:.
&amp#27;[38;5;92m[2fa44e5e]&amp#27;[0m&amp#27;[38;5;15m[AndroidUiautomator2Driver@a023]&amp#27;[0m [Instrumentation] 
&amp#27;[38;5;92m[2fa44e5e]&amp#27;[0m&amp#27;[38;5;15m[AndroidUiautomator2Driver@a023]&amp#27;[0m [Instrumentation] Time: 6.034
&amp#27;[38;5;92m[2fa44e5e]&amp#27;[0m&amp#27;[38;5;15m[AndroidUiautomator2Driver@a023]&amp#27;[0m [Instrumentation] 
&amp#27;[38;5;92m[2fa44e5e]&amp#27;[0m&amp#27;[38;5;15m[AndroidUiautomator2Driver@a023]&amp#27;[0m [Instrumentation] OK (1 test)
&amp#27;[38;5;92m[2fa44e5e]&amp#27;[0m&amp#27;[38;5;15m[AndroidUiautomator2Driver@a023]&amp#27;[0m [Instrumentation] 
&amp#27;[38;5;92m[2fa44e5e]&amp#27;[0m&amp#27;[38;5;15m[AndroidUiautomator2Driver@a023]&amp#27;[0m [Instrumentation] 
&amp#27;[38;5;92m[2fa44e5e]&amp#27;[0m&amp#27;[38;5;15m[AndroidUiautomator2Driver@a023]&amp#27;[0m [Instrumentation] The process has exited with code 0, signal null
&amp#27;[38;5;79m[a4e3d06f]&amp#27;[0m&amp#27;[38;5;229m[ADB]&amp#27;[0m Running 'C:\Users\Testriq\AppData\Local\Android\Sdk\platform-tools\adb.exe -P 5037 -s 2A131FDH200HX6 shell am force-stop io.appium.uiautomator2.server'
&amp#27;[38;5;79m[a4e3d06f]&amp#27;[0m&amp#27;[38;5;229m[ADB]&amp#27;[0m Running 'C:\Users\Testriq\AppData\Local\Android\Sdk\platform-tools\adb.exe -P 5037 -s 2A131FDH200HX6 shell am force-stop io.appium.uiautomator2.server.test'
&amp#27;[38;5;79m[a4e3d06f]&amp#27;[0m&amp#27;[38;5;-121m[AndroidUiautomator2Driver@5aff]&amp#27;[0m Starting UIAutomator2 server 7.0.25
&amp#27;[38;5;79m[a4e3d06f]&amp#27;[0m&amp#27;[38;5;-121m[AndroidUiautomator2Driver@5aff]&amp#27;[0m Using UIAutomator2 server from 'C:\Users\Testriq\.appium\node_modules\appium-uiautomator2-driver\node_modules\appium-uiautomator2-server\apks\appium-uiautomator2-server-v7.0.25.apk' and test from 'C:\Users\Testriq\.appium\node_modules\appium-uiautomator2-driver\node_modules\appium-uiautomator2-server\apks\appium-uiautomator2-server-debug-androidTest.apk'
&amp#27;[38;5;79m[a4e3d06f]&amp#27;[0m&amp#27;[38;5;-121m[AndroidUiautomator2Driver@5aff]&amp#27;[0m Waiting up to 30000ms for UiAutomator2 to be online...
&amp#27;[38;5;79m[a4e3d06f]&amp#27;[0m&amp#27;[38;5;229m[ADB]&amp#27;[0m Creating ADB subprocess with args: ["-P","5037","-s","2A131FDH200HX6","shell","am","instrument","-w","-e","disableAnalytics","true","io.appium.uiautomator2.server.test/androidx.test.runner.AndroidJUnitRunner"]
&amp#27;[38;5;79m[a4e3d06f]&amp#27;[0m&amp#27;[38;5;-121m[AndroidUiautomator2Driver@5aff]&amp#27;[0m Matched '/status' to command name 'getStatus'
&amp#27;[38;5;79m[a4e3d06f]&amp#27;[0m&amp#27;[38;5;-121m[AndroidUiautomator2Driver@5aff]&amp#27;[0m Proxying [GET /status] to [GET http://127.0.0.1:8205/status] with no body
&amp#27;[38;5;79m[a4e3d06f]&amp#27;[0m&amp#27;[38;5;-121m[AndroidUiautomator2Driver@5aff]&amp#27;[0m socket hang up
&amp#27;[38;5;79m[a4e3d06f]&amp#27;[0m&amp#27;[38;5;-121m[AndroidUiautomator2Driver@5aff]&amp#27;[0m [Instrumentation] 
&amp#27;[38;5;79m[a4e3d06f]&amp#27;[0m&amp#27;[38;5;-121m[AndroidUiautomator2Driver@5aff]&amp#27;[0m Matched '/status' to command name 'getStatus'
&amp#27;[38;5;79m[a4e3d06f]&amp#27;[0m&amp#27;[38;5;-121m[AndroidUiautomator2Driver@5aff]&amp#27;[0m Proxying [GET /status] to [GET http://127.0.0.1:8205/status] with no body
&amp#27;[38;5;79m[a4e3d06f]&amp#27;[0m&amp#27;[38;5;-121m[AndroidUiautomator2Driver@5aff]&amp#27;[0m socket hang up
&amp#27;[38;5;79m[a4e3d06f]&amp#27;[0m&amp#27;[38;5;-121m[AndroidUiautomator2Driver@5aff]&amp#27;[0m Matched '/status' to command name 'getStatus'
&amp#27;[38;5;79m[a4e3d06f]&amp#27;[0m&amp#27;[38;5;-121m[AndroidUiautomator2Driver@5aff]&amp#27;[0m Proxying [GET /status] to [GET http://127.0.0.1:8205/status] with no body
&amp#27;[38;5;79m[a4e3d06f]&amp#27;[0m&amp#27;[38;5;-121m[AndroidUiautomator2Driver@5aff]&amp#27;[0m Got response with status 200: {"sessionId":"None","value":{"message":"UiAutomator2 Server is ready to accept commands","ready":true}}
&amp#27;[38;5;79m[a4e3d06f]&amp#27;[0m&amp#27;[38;5;-121m[AndroidUiautomator2Driver@5aff]&amp#27;[0m The initialization of the instrumentation process took 2148ms
&amp#27;[38;5;79m[a4e3d06f]&amp#27;[0m&amp#27;[38;5;-121m[AndroidUiautomator2Driver@5aff]&amp#27;[0m Matched '/session' to command name 'createSession'
&amp#27;[38;5;79m[a4e3d06f]&amp#27;[0m&amp#27;[38;5;-121m[AndroidUiautomator2Driver@5aff]&amp#27;[0m Proxying [POST /session] to [POST http://127.0.0.1:8205/session] with body: {"capabilities":{"firstMatch":[{"platformName":"ANDROID","deviceName":"2A131FDH200HX6","autoGrantPermissions":true,"appPackage":"com.saucelabs.mydemoapp.android","automationName":"UIAutomator2","appActivity":"com.saucelabs.mydemoapp.android.view.activities.SplashActivity","app":"G:\\Automation Projects\\testriq\\src\\main\\java\\apps\\mda-2.2.0-25.apk","platform":"LINUX","webStorageEnabled":false,"takesScreenshot":true,"javascriptEnabled":true,"databaseEnabled":false,"networkConnectionEnabled":true,"locationContextEnabled":false,"warnings":{},"desired":{"platformName":"ANDROID","deviceName":"AndroidDeviceName","autoGrantPermissions":true,"appPackage":"com.saucelabs.mydemoapp.android","automationName":"UIAutomator2","appActivity":"com.saucelabs.mydemoapp.android.view.activities.SplashActivity","app":"G:\\Automation Projects\\testriq\\src\\main\\java\\apps\\mda-2.2.0-25.apk"},"deviceUDID":"2A131FDH200HX6"}],"alwaysMatch":{}}}
&amp#27;[38;5;79m[a4e3d06f]&amp#27;[0m&amp#27;[38;5;-121m[AndroidUiautomator2Driver@5aff]&amp#27;[0m Got response with status 200: {"sessionId":"b5336736-6890-4900-a60d-9c29b2799a2d","value":{"capabilities":{"firstMatch":[{"platformName":"ANDROID","deviceName":"2A131FDH200HX6","autoGrantPermissions":true,"appPackage":"com.saucelabs.mydemoapp.android","automationName":"UIAutomator2","appActivity":"com.saucelabs.mydemoapp.android.view.activities.SplashActivity","app":"G:\\Automation Projects\\testriq\\src\\main\\java\\apps\\mda-2.2.0-25.apk","platform":"LINUX","webStorageEnabled":false,"takesScreenshot":true,"javascriptEnabled":true,"databaseEnabled":false,"networkConnectionEnabled":true,"locationContextEnabled":false,"warnings":{},"desired":{"platformName":"ANDROID","deviceName":"AndroidDeviceName","autoGrantPermissions":true,"appPackage":"com.saucelabs.mydemoapp.android","automationName":"UIAutomator2","appActivity":"com.saucelabs.mydemoapp.android.view.activities.SplashActivity","app":"G:\\Automation Projects\\testriq\\src\\main\\java\\apps\\mda-2.2.0-25.apk"},"deviceUDID":"2A131FDH200HX6"}],"alwaysMatch":{}},"sessionId":"b5336736-68...
&amp#27;[38;5;79m[a4e3d06f]&amp#27;[0m&amp#27;[38;5;-121m[AndroidUiautomator2Driver@5aff]&amp#27;[0m Determined the downstream protocol as 'W3C'
&amp#27;[38;5;79m[a4e3d06f]&amp#27;[0m&amp#27;[38;5;-121m[AndroidUiautomator2Driver@5aff]&amp#27;[0m Proxying [GET /appium/device/pixel_ratio] to [GET http://127.0.0.1:8205/session/b5336736-6890-4900-a60d-9c29b2799a2d/appium/device/pixel_ratio] with no body
&amp#27;[38;5;79m[a4e3d06f]&amp#27;[0m&amp#27;[38;5;-121m[AndroidUiautomator2Driver@5aff]&amp#27;[0m Matched '/appium/device/system_bars' to command name 'getSystemBars'
&amp#27;[38;5;79m[a4e3d06f]&amp#27;[0m&amp#27;[38;5;-121m[AndroidUiautomator2Driver@5aff]&amp#27;[0m Proxying [GET /appium/device/system_bars] to [GET http://127.0.0.1:8205/session/b5336736-6890-4900-a60d-9c29b2799a2d/appium/device/system_bars] with no body
&amp#27;[38;5;79m[a4e3d06f]&amp#27;[0m&amp#27;[38;5;-121m[AndroidUiautomator2Driver@5aff]&amp#27;[0m Matched '/window/current/size' to command name 'getWindowSize'
&amp#27;[38;5;79m[a4e3d06f]&amp#27;[0m&amp#27;[38;5;-121m[AndroidUiautomator2Driver@5aff]&amp#27;[0m Proxying [GET /window/current/size] to [GET http://127.0.0.1:8205/session/b5336736-6890-4900-a60d-9c29b2799a2d/window/current/size] with no body
&amp#27;[38;5;79m[a4e3d06f]&amp#27;[0m&amp#27;[38;5;-121m[AndroidUiautomator2Driver@5aff]&amp#27;[0m Proxying [GET /appium/device/info] to [GET http://127.0.0.1:8205/session/b5336736-6890-4900-a60d-9c29b2799a2d/appium/device/info] with no body
&amp#27;[38;5;79m[a4e3d06f]&amp#27;[0m&amp#27;[38;5;229m[ADB]&amp#27;[0m Running 'C:\Users\Testriq\AppData\Local\Android\Sdk\platform-tools\adb.exe -P 5037 -s 2A131FDH200HX6 shell dumpsys window'
&amp#27;[38;5;79m[a4e3d06f]&amp#27;[0m&amp#27;[38;5;229m[ADB]&amp#27;[0m Running 'C:\Users\Testriq\AppData\Local\Android\Sdk\platform-tools\adb.exe -P 5037 -s 2A131FDH200HX6 shell dumpsys power'
&amp#27;[38;5;79m[a4e3d06f]&amp#27;[0m&amp#27;[38;5;-121m[AndroidUiautomator2Driver@5aff]&amp#27;[0m Got response with status 200: {"sessionId":"b5336736-6890-4900-a60d-9c29b2799a2d","value":2.2250001}
&amp#27;[38;5;79m[a4e3d06f]&amp#27;[0m&amp#27;[38;5;-121m[AndroidUiautomator2Driver@5aff]&amp#27;[0m Got response with status 200: {"sessionId":"b5336736-6890-4900-a60d-9c29b2799a2d","value":{"height":2400,"width":1080}}
&amp#27;[38;5;79m[a4e3d06f]&amp#27;[0m&amp#27;[38;5;-121m[AndroidUiautomator2Driver@5aff]&amp#27;[0m Got response with status 200: {"sessionId":"b5336736-6890-4900-a60d-9c29b2799a2d","value":{"statusBar":136}}
&amp#27;[38;5;79m[a4e3d06f]&amp#27;[0m&amp#27;[38;5;-121m[AndroidUiautomator2Driver@5aff]&amp#27;[0m Got response with status 200: {"sessionId":"b5336736-6890-4900-a60d-9c29b2799a2d","value":{"androidId":"7781aa28ec4e674f","apiVersion":"35","bluetooth":{"state":"ON"},"brand":"google","carrierName":"","displayDensity":356,"locale":"en_US","manufacturer":"Google","model":"Pixel 7","networks":[{"capabilities":{"SSID":null,"linkDownBandwidthKbps":29972,"linkUpstreamBandwidthKbps":24945,"networkCapabilities":"NET_CAPABILITY_NOT_METERED,NET_CAPABILITY_INTERNET,NET_CAPABILITY_NOT_RESTRICTED,NET_CAPABILITY_TRUSTED,NET_CAPABILITY_NOT_VPN,NET_CAPABILITY_VALIDATED,NET_CAPABILITY_NOT_ROAMING,NET_CAPABILITY_FOREGROUND,NET_CAPABILITY_NOT_CONGESTED,NET_CAPABILITY_NOT_SUSPENDED","signalStrength":-57,"transportTypes":"TRANSPORT_WIFI"},"detailedState":"CONNECTED","extraInfo":"","isAvailable":true,"isConnected":true,"isFailover":false,"isRoaming":false,"state":"CONNECTED","subtype":-1,"subtypeName":"","type":1,"typeName":"WIFI"}],"platformVersion":"15","realDisplaySize":"1080x2400","timeZone":"Asia/Kolkata"}}
&amp#27;[38;5;79m[a4e3d06f]&amp#27;[0m&amp#27;[38;5;-121m[AndroidUiautomator2Driver@5aff]&amp#27;[0m Screen already unlocked, doing nothing
&amp#27;[38;5;79m[a4e3d06f]&amp#27;[0m&amp#27;[38;5;-121m[AndroidUiautomator2Driver@5aff]&amp#27;[0m Starting 'com.saucelabs.mydemoapp.android/com.saucelabs.mydemoapp.android.view.activities.SplashActivity and waiting for 'com.saucelabs.mydemoapp.android/com.saucelabs.mydemoapp.android.view.activities.SplashActivity'
&amp#27;[38;5;79m[a4e3d06f]&amp#27;[0m&amp#27;[38;5;229m[ADB]&amp#27;[0m Running 'C:\Users\Testriq\AppData\Local\Android\Sdk\platform-tools\adb.exe -P 5037 -s 2A131FDH200HX6 shell am start -W -n com.saucelabs.mydemoapp.android/com.saucelabs.mydemoapp.android.view.activities.SplashActivity -S -a android.intent.action.MAIN -c android.intent.category.LAUNCHER -f 0x10200000'
&amp#27;[38;5;60m[f438e53d]&amp#27;[0m&amp#27;[38;5;86m[HTTP]&amp#27;[0m &amp#27;[37m-->&amp#27;[39m &amp#27;[37mGET&amp#27;[39m &amp#27;[37m/session/f438e53d-039b-416a-be3b-b438615d3682/timeouts&amp#27;[39m &amp#27;[90m{}&amp#27;[39m
&amp#27;[38;5;60m[f438e53d]&amp#27;[0m&amp#27;[38;5;28m[AppiumDriver@3b8c]&amp#27;[0m Encountered internal error running command: NoSuchDriverError: A session is either terminated or not started
    at asyncHandler (C:\Users\Testriq\AppData\Roaming\npm\node_modules\appium\node_modules\@appium\base-driver\lib\protocol\protocol.js:309:15)
    at C:\Users\Testriq\AppData\Roaming\npm\node_modules\appium\node_modules\@appium\base-driver\lib\protocol\protocol.js:512:15
    at Layer.handle [as handle_request] (C:\Users\Testriq\AppData\Roaming\npm\node_modules\appium\node_modules\express\lib\router\layer.js:95:5)
    at next (C:\Users\Testriq\AppData\Roaming\npm\node_modules\appium\node_modules\express\lib\router\route.js:149:13)
    at Route.dispatch (C:\Users\Testriq\AppData\Roaming\npm\node_modules\appium\node_modules\express\lib\router\route.js:119:3)
    at Layer.handle [as handle_request] (C:\Users\Testriq\AppData\Roaming\npm\node_modules\appium\node_modules\express\lib\router\layer.js:95:5)
    at C:\Users\Testriq\AppData\Roaming\npm\node_modules\appium\node_modules\express\lib\router\index.js:284:15
    at param (C:\Users\Testriq\AppData\Roaming\npm\node_modules\appium\node_modules\express\lib\router\index.js:365:14)
    at param (C:\Users\Testriq\AppData\Roaming\npm\node_modules\appium\node_modules\express\lib\router\index.js:376:14)
    at Function.process_params (C:\Users\Testriq\AppData\Roaming\npm\node_modules\appium\node_modules\express\lib\router\index.js:421:3)
    at next (C:\Users\Testriq\AppData\Roaming\npm\node_modules\appium\node_modules\express\lib\router\index.js:280:10)
    at logger (C:\Users\Testriq\AppData\Roaming\npm\node_modules\appium\node_modules\morgan\index.js:144:5)
    at Layer.handle [as handle_request] (C:\Users\Testriq\AppData\Roaming\npm\node_modules\appium\node_modules\express\lib\router\layer.js:95:5)
    at trim_prefix (C:\Users\Testriq\AppData\Roaming\npm\node_modules\appium\node_modules\express\lib\router\index.js:328:13)
    at C:\Users\Testriq\AppData\Roaming\npm\node_modules\appium\node_modules\express\lib\router\index.js:286:9
    at Function.process_params (C:\Users\Testriq\AppData\Roaming\npm\node_modules\appium\node_modules\express\lib\router\index.js:346:12)
    at next (C:\Users\Testriq\AppData\Roaming\npm\node_modules\appium\node_modules\express\lib\router\index.js:280:10)
    at jsonParser (C:\Users\Testriq\AppData\Roaming\npm\node_modules\appium\node_modules\body-parser\lib\types\json.js:113:7)
    at Layer.handle [as handle_request] (C:\Users\Testriq\AppData\Roaming\npm\node_modules\appium\node_modules\express\lib\router\layer.js:95:5)
    at trim_prefix (C:\Users\Testriq\AppData\Roaming\npm\node_modules\appium\node_modules\express\lib\router\index.js:328:13)
    at C:\Users\Testriq\AppData\Roaming\npm\node_modules\appium\node_modules\express\lib\router\index.js:286:9
    at Function.process_params (C:\Users\Testriq\AppData\Roaming\npm\node_modules\appium\node_modules\express\lib\router\index.js:346:12)
&amp#27;[38;5;60m[f438e53d]&amp#27;[0m&amp#27;[38;5;86m[HTTP]&amp#27;[0m &amp#27;[37m<-- GET /session/f438e53d-039b-416a-be3b-b438615d3682/timeouts &amp#27;[39m&amp#27;[33m404&amp#27;[39m &amp#27;[90m2 ms - 3275&amp#27;[39m &amp#27;[90m&amp#27;[39m
&amp#27;[38;5;79m[a4e3d06f]&amp#27;[0m&amp#27;[38;5;28m[AppiumDriver@3b8c]&amp#27;[0m New AndroidUiautomator2Driver session created successfully, session a4e3d06f-a5f1-4c34-a7a0-d757f192f2f5 added to master session list
&amp#27;[38;5;79m[a4e3d06f]&amp#27;[0m&amp#27;[38;5;28m[AppiumDriver@3b8c]&amp#27;[0m Event 'newSessionStarted' logged at 1737027835722 (17:13:55 GMT+0530 (India Standard Time))
&amp#27;[38;5;79m[a4e3d06f]&amp#27;[0m&amp#27;[38;5;-121m[AndroidUiautomator2Driver@5aff]&amp#27;[0m Cached the protocol value 'W3C' for the new session a4e3d06f-a5f1-4c34-a7a0-d757f192f2f5
&amp#27;[38;5;79m[a4e3d06f]&amp#27;[0m&amp#27;[38;5;-121m[AndroidUiautomator2Driver@5aff]&amp#27;[0m Responding to client with driver.createSession() result: {"capabilities":{"platformName":"ANDROID","deviceName":"2A131FDH200HX6","autoGrantPermissions":true,"appPackage":"com.saucelabs.mydemoapp.android","automationName":"UIAutomator2","appActivity":"com.saucelabs.mydemoapp.android.view.activities.SplashActivity","app":"G:\\Automation Projects\\testriq\\src\\main\\java\\apps\\mda-2.2.0-25.apk","platform":"LINUX","webStorageEnabled":false,"takesScreenshot":true,"javascriptEnabled":true,"databaseEnabled":false,"networkConnectionEnabled":true,"locationContextEnabled":false,"warnings":{},"desired":{"platformName":"ANDROID","deviceName":"AndroidDeviceName","autoGrantPermissions":true,"appPackage":"com.saucelabs.mydemoapp.android","automationName":"UIAutomator2","appActivity":"com.saucelabs.mydemoapp.android.view.activities.SplashActivity","app":"G:\\Automation Projects\\testriq\\src\\main\\java\\apps\\mda-2.2.0-25.apk"},"deviceUDID":"2A131FDH200HX6","pixelRatio":"2.2250001","statBarHeight":136,"viewportRect":{"left":0,"top":136,"width":1080,"height":2264},"deviceApiL...
&amp#27;[38;5;79m[a4e3d06f]&amp#27;[0m&amp#27;[38;5;86m[HTTP]&amp#27;[0m &amp#27;[37m<-- POST /session &amp#27;[39m&amp#27;[32m200&amp#27;[39m &amp#27;[90m7098 ms - 1226&amp#27;[39m &amp#27;[90m&amp#27;[39m
&amp#27;[38;5;79m[a4e3d06f]&amp#27;[0m&amp#27;[38;5;86m[HTTP]&amp#27;[0m &amp#27;[37m-->&amp#27;[39m &amp#27;[37mPOST&amp#27;[39m &amp#27;[37m/session/a4e3d06f-a5f1-4c34-a7a0-d757f192f2f5/timeouts&amp#27;[39m &amp#27;[90m{"implicit":15000}&amp#27;[39m
&amp#27;[38;5;79m[a4e3d06f]&amp#27;[0m&amp#27;[38;5;-121m[AndroidUiautomator2Driver@5aff]&amp#27;[0m Calling AppiumDriver.timeouts() with args: [null,null,null,null,15000,"a4e3d06f-a5f1-4c34-a7a0-d757f192f2f5"]
&amp#27;[38;5;79m[a4e3d06f]&amp#27;[0m&amp#27;[38;5;-121m[AndroidUiautomator2Driver@5aff]&amp#27;[0m W3C timeout argument: {"implicit":15000}}
&amp#27;[38;5;79m[a4e3d06f]&amp#27;[0m&amp#27;[38;5;-121m[AndroidUiautomator2Driver@5aff]&amp#27;[0m Set implicit wait to 15000ms
&amp#27;[38;5;79m[a4e3d06f]&amp#27;[0m&amp#27;[38;5;-121m[AndroidUiautomator2Driver@5aff]&amp#27;[0m Responding to client with driver.timeouts() result: null
&amp#27;[38;5;79m[a4e3d06f]&amp#27;[0m&amp#27;[38;5;86m[HTTP]&amp#27;[0m &amp#27;[37m<-- POST /session/a4e3d06f-a5f1-4c34-a7a0-d757f192f2f5/timeouts &amp#27;[39m&amp#27;[32m200&amp#27;[39m &amp#27;[90m2 ms - 14&amp#27;[39m &amp#27;[90m&amp#27;[39m
&amp#27;[38;5;79m[a4e3d06f]&amp#27;[0m&amp#27;[38;5;86m[HTTP]&amp#27;[0m &amp#27;[37m-->&amp#27;[39m &amp#27;[37mPOST&amp#27;[39m &amp#27;[37m/session/a4e3d06f-a5f1-4c34-a7a0-d757f192f2f5/timeouts&amp#27;[39m &amp#27;[90m{"implicit":15000}&amp#27;[39m
&amp#27;[38;5;79m[a4e3d06f]&amp#27;[0m&amp#27;[38;5;-121m[AndroidUiautomator2Driver@5aff]&amp#27;[0m Calling AppiumDriver.timeouts() with args: [null,null,null,null,15000,"a4e3d06f-a5f1-4c34-a7a0-d757f192f2f5"]
&amp#27;[38;5;79m[a4e3d06f]&amp#27;[0m&amp#27;[38;5;-121m[AndroidUiautomator2Driver@5aff]&amp#27;[0m W3C timeout argument: {"implicit":15000}}
&amp#27;[38;5;79m[a4e3d06f]&amp#27;[0m&amp#27;[38;5;-121m[AndroidUiautomator2Driver@5aff]&amp#27;[0m Set implicit wait to 15000ms
&amp#27;[38;5;79m[a4e3d06f]&amp#27;[0m&amp#27;[38;5;-121m[AndroidUiautomator2Driver@5aff]&amp#27;[0m Responding to client with driver.timeouts() result: null
&amp#27;[38;5;79m[a4e3d06f]&amp#27;[0m&amp#27;[38;5;86m[HTTP]&amp#27;[0m &amp#27;[37m<-- POST /session/a4e3d06f-a5f1-4c34-a7a0-d757f192f2f5/timeouts &amp#27;[39m&amp#27;[32m200&amp#27;[39m &amp#27;[90m1 ms - 14&amp#27;[39m &amp#27;[90m&amp#27;[39m
&amp#27;[38;5;79m[a4e3d06f]&amp#27;[0m&amp#27;[38;5;86m[HTTP]&amp#27;[0m &amp#27;[37m-->&amp#27;[39m &amp#27;[37mGET&amp#27;[39m &amp#27;[37m/session/a4e3d06f-a5f1-4c34-a7a0-d757f192f2f5/context&amp#27;[39m &amp#27;[90m{}&amp#27;[39m
&amp#27;[38;5;79m[a4e3d06f]&amp#27;[0m&amp#27;[38;5;-121m[AndroidUiautomator2Driver@5aff]&amp#27;[0m Calling AppiumDriver.getCurrentContext() with args: ["a4e3d06f-a5f1-4c34-a7a0-d757f192f2f5"]
&amp#27;[38;5;79m[a4e3d06f]&amp#27;[0m&amp#27;[38;5;-121m[AndroidUiautomator2Driver@5aff]&amp#27;[0m Responding to client with driver.getCurrentContext() result: "NATIVE_APP"
&amp#27;[38;5;79m[a4e3d06f]&amp#27;[0m&amp#27;[38;5;86m[HTTP]&amp#27;[0m &amp#27;[37m<-- GET /session/a4e3d06f-a5f1-4c34-a7a0-d757f192f2f5/context &amp#27;[39m&amp#27;[32m200&amp#27;[39m &amp#27;[90m1 ms - 22&amp#27;[39m &amp#27;[90m&amp#27;[39m
&amp#27;[38;5;79m[a4e3d06f]&amp#27;[0m&amp#27;[38;5;86m[HTTP]&amp#27;[0m &amp#27;[37m-->&amp#27;[39m &amp#27;[37mPOST&amp#27;[39m &amp#27;[37m/session/a4e3d06f-a5f1-4c34-a7a0-d757f192f2f5/element&amp#27;[39m &amp#27;[90m{"using":"accessibility id","value":"View menu"}&amp#27;[39m
&amp#27;[38;5;79m[a4e3d06f]&amp#27;[0m&amp#27;[38;5;-121m[AndroidUiautomator2Driver@5aff]&amp#27;[0m Calling AppiumDriver.findElement() with args: ["accessibility id","View menu","a4e3d06f-a5f1-4c34-a7a0-d757f192f2f5"]
&amp#27;[38;5;79m[a4e3d06f]&amp#27;[0m&amp#27;[38;5;-121m[AndroidUiautomator2Driver@5aff]&amp#27;[0m Valid locator strategies for this request: xpath, id, class name, accessibility id, css selector, -android uiautomator
&amp#27;[38;5;79m[a4e3d06f]&amp#27;[0m&amp#27;[38;5;-121m[AndroidUiautomator2Driver@5aff]&amp#27;[0m Waiting up to 15000 ms for condition
&amp#27;[38;5;79m[a4e3d06f]&amp#27;[0m&amp#27;[38;5;-121m[AndroidUiautomator2Driver@5aff]&amp#27;[0m Matched '/element' to command name 'findElement'
&amp#27;[38;5;79m[a4e3d06f]&amp#27;[0m&amp#27;[38;5;-121m[AndroidUiautomator2Driver@5aff]&amp#27;[0m Proxying [POST /element] to [POST http://127.0.0.1:8205/session/b5336736-6890-4900-a60d-9c29b2799a2d/element] with body: {"strategy":"accessibility id","selector":"View menu","context":"","multiple":false}
&amp#27;[38;5;79m[a4e3d06f]&amp#27;[0m&amp#27;[38;5;-121m[AndroidUiautomator2Driver@5aff]&amp#27;[0m Got response with status 200: {"sessionId":"b5336736-6890-4900-a60d-9c29b2799a2d","value":{"ELEMENT":"00000000-0000-0dea-ffff-ffff00000013","element-6066-11e4-a52e-4f735466cecf":"00000000-0000-0dea-ffff-ffff00000013"}}
&amp#27;[38;5;79m[a4e3d06f]&amp#27;[0m&amp#27;[38;5;-121m[AndroidUiautomator2Driver@5aff]&amp#27;[0m Responding to client with driver.findElement() result: {"element-6066-11e4-a52e-4f735466cecf":"00000000-0000-0dea-ffff-ffff00000013","ELEMENT":"00000000-0000-0dea-ffff-ffff00000013"}
&amp#27;[38;5;79m[a4e3d06f]&amp#27;[0m&amp#27;[38;5;86m[HTTP]&amp#27;[0m &amp#27;[37m<-- POST /session/a4e3d06f-a5f1-4c34-a7a0-d757f192f2f5/element &amp#27;[39m&amp#27;[32m200&amp#27;[39m &amp#27;[90m854 ms - 137&amp#27;[39m &amp#27;[90m&amp#27;[39m
&amp#27;[38;5;79m[a4e3d06f]&amp#27;[0m&amp#27;[38;5;86m[HTTP]&amp#27;[0m &amp#27;[37m-->&amp#27;[39m &amp#27;[37mPOST&amp#27;[39m &amp#27;[37m/session/a4e3d06f-a5f1-4c34-a7a0-d757f192f2f5/element/00000000-0000-0dea-ffff-ffff00000013/click&amp#27;[39m &amp#27;[90m{"id":"00000000-0000-0dea-ffff-ffff00000013"}&amp#27;[39m
&amp#27;[38;5;79m[a4e3d06f]&amp#27;[0m&amp#27;[38;5;-121m[AndroidUiautomator2Driver@5aff]&amp#27;[0m Calling AppiumDriver.click() with args: ["00000000-0000-0dea-ffff-ffff00000013","a4e3d06f-a5f1-4c34-a7a0-d757f192f2f5"]
&amp#27;[38;5;79m[a4e3d06f]&amp#27;[0m&amp#27;[38;5;-121m[AndroidUiautomator2Driver@5aff]&amp#27;[0m Matched '/element/00000000-0000-0dea-ffff-ffff00000013/click' to command name 'click'
&amp#27;[38;5;79m[a4e3d06f]&amp#27;[0m&amp#27;[38;5;-121m[AndroidUiautomator2Driver@5aff]&amp#27;[0m Proxying [POST /element/00000000-0000-0dea-ffff-ffff00000013/click] to [POST http://127.0.0.1:8205/session/b5336736-6890-4900-a60d-9c29b2799a2d/element/00000000-0000-0dea-ffff-ffff00000013/click] with body: {"element":"00000000-0000-0dea-ffff-ffff00000013"}
&amp#27;[38;5;79m[a4e3d06f]&amp#27;[0m&amp#27;[38;5;-121m[AndroidUiautomator2Driver@5aff]&amp#27;[0m Got response with status 200: {"sessionId":"b5336736-6890-4900-a60d-9c29b2799a2d","value":null}
&amp#27;[38;5;79m[a4e3d06f]&amp#27;[0m&amp#27;[38;5;-121m[AndroidUiautomator2Driver@5aff]&amp#27;[0m Responding to client with driver.click() result: null
&amp#27;[38;5;79m[a4e3d06f]&amp#27;[0m&amp#27;[38;5;86m[HTTP]&amp#27;[0m &amp#27;[37m<-- POST /session/a4e3d06f-a5f1-4c34-a7a0-d757f192f2f5/element/00000000-0000-0dea-ffff-ffff00000013/click &amp#27;[39m&amp#27;[32m200&amp#27;[39m &amp#27;[90m970 ms - 14&amp#27;[39m &amp#27;[90m&amp#27;[39m
&amp#27;[38;5;79m[a4e3d06f]&amp#27;[0m&amp#27;[38;5;86m[HTTP]&amp#27;[0m &amp#27;[37m-->&amp#27;[39m &amp#27;[37mGET&amp#27;[39m &amp#27;[37m/session/a4e3d06f-a5f1-4c34-a7a0-d757f192f2f5/context&amp#27;[39m &amp#27;[90m{}&amp#27;[39m
&amp#27;[38;5;79m[a4e3d06f]&amp#27;[0m&amp#27;[38;5;-121m[AndroidUiautomator2Driver@5aff]&amp#27;[0m Calling AppiumDriver.getCurrentContext() with args: ["a4e3d06f-a5f1-4c34-a7a0-d757f192f2f5"]
&amp#27;[38;5;79m[a4e3d06f]&amp#27;[0m&amp#27;[38;5;-121m[AndroidUiautomator2Driver@5aff]&amp#27;[0m Responding to client with driver.getCurrentContext() result: "NATIVE_APP"
&amp#27;[38;5;79m[a4e3d06f]&amp#27;[0m&amp#27;[38;5;86m[HTTP]&amp#27;[0m &amp#27;[37m<-- GET /session/a4e3d06f-a5f1-4c34-a7a0-d757f192f2f5/context &amp#27;[39m&amp#27;[32m200&amp#27;[39m &amp#27;[90m1 ms - 22&amp#27;[39m &amp#27;[90m&amp#27;[39m
&amp#27;[38;5;79m[a4e3d06f]&amp#27;[0m&amp#27;[38;5;86m[HTTP]&amp#27;[0m &amp#27;[37m-->&amp#27;[39m &amp#27;[37mPOST&amp#27;[39m &amp#27;[37m/session/a4e3d06f-a5f1-4c34-a7a0-d757f192f2f5/element&amp#27;[39m &amp#27;[90m{"using":"accessibility id","value":"Login Menu Item"}&amp#27;[39m
&amp#27;[38;5;79m[a4e3d06f]&amp#27;[0m&amp#27;[38;5;-121m[AndroidUiautomator2Driver@5aff]&amp#27;[0m Calling AppiumDriver.findElement() with args: ["accessibility id","Login Menu Item","a4e3d06f-a5f1-4c34-a7a0-d757f192f2f5"]
&amp#27;[38;5;79m[a4e3d06f]&amp#27;[0m&amp#27;[38;5;-121m[AndroidUiautomator2Driver@5aff]&amp#27;[0m Valid locator strategies for this request: xpath, id, class name, accessibility id, css selector, -android uiautomator
&amp#27;[38;5;79m[a4e3d06f]&amp#27;[0m&amp#27;[38;5;-121m[AndroidUiautomator2Driver@5aff]&amp#27;[0m Waiting up to 15000 ms for condition
&amp#27;[38;5;79m[a4e3d06f]&amp#27;[0m&amp#27;[38;5;-121m[AndroidUiautomator2Driver@5aff]&amp#27;[0m Matched '/element' to command name 'findElement'
&amp#27;[38;5;79m[a4e3d06f]&amp#27;[0m&amp#27;[38;5;-121m[AndroidUiautomator2Driver@5aff]&amp#27;[0m Proxying [POST /element] to [POST http://127.0.0.1:8205/session/b5336736-6890-4900-a60d-9c29b2799a2d/element] with body: {"strategy":"accessibility id","selector":"Login Menu Item","context":"","multiple":false}
&amp#27;[38;5;79m[a4e3d06f]&amp#27;[0m&amp#27;[38;5;-121m[AndroidUiautomator2Driver@5aff]&amp#27;[0m Got response with status 200: {"sessionId":"b5336736-6890-4900-a60d-9c29b2799a2d","value":{"ELEMENT":"00000000-0000-0dea-ffff-ffff00000059","element-6066-11e4-a52e-4f735466cecf":"00000000-0000-0dea-ffff-ffff00000059"}}
&amp#27;[38;5;79m[a4e3d06f]&amp#27;[0m&amp#27;[38;5;-121m[AndroidUiautomator2Driver@5aff]&amp#27;[0m Responding to client with driver.findElement() result: {"element-6066-11e4-a52e-4f735466cecf":"00000000-0000-0dea-ffff-ffff00000059","ELEMENT":"00000000-0000-0dea-ffff-ffff00000059"}
&amp#27;[38;5;79m[a4e3d06f]&amp#27;[0m&amp#27;[38;5;86m[HTTP]&amp#27;[0m &amp#27;[37m<-- POST /session/a4e3d06f-a5f1-4c34-a7a0-d757f192f2f5/element &amp#27;[39m&amp#27;[32m200&amp#27;[39m &amp#27;[90m289 ms - 137&amp#27;[39m &amp#27;[90m&amp#27;[39m
&amp#27;[38;5;79m[a4e3d06f]&amp#27;[0m&amp#27;[38;5;86m[HTTP]&amp#27;[0m &amp#27;[37m-->&amp#27;[39m &amp#27;[37mPOST&amp#27;[39m &amp#27;[37m/session/a4e3d06f-a5f1-4c34-a7a0-d757f192f2f5/element/00000000-0000-0dea-ffff-ffff00000059/click&amp#27;[39m &amp#27;[90m{"id":"00000000-0000-0dea-ffff-ffff00000059"}&amp#27;[39m
&amp#27;[38;5;79m[a4e3d06f]&amp#27;[0m&amp#27;[38;5;-121m[AndroidUiautomator2Driver@5aff]&amp#27;[0m Calling AppiumDriver.click() with args: ["00000000-0000-0dea-ffff-ffff00000059","a4e3d06f-a5f1-4c34-a7a0-d757f192f2f5"]
&amp#27;[38;5;79m[a4e3d06f]&amp#27;[0m&amp#27;[38;5;-121m[AndroidUiautomator2Driver@5aff]&amp#27;[0m Matched '/element/00000000-0000-0dea-ffff-ffff00000059/click' to command name 'click'
&amp#27;[38;5;79m[a4e3d06f]&amp#27;[0m&amp#27;[38;5;-121m[AndroidUiautomator2Driver@5aff]&amp#27;[0m Proxying [POST /element/00000000-0000-0dea-ffff-ffff00000059/click] to [POST http://127.0.0.1:8205/session/b5336736-6890-4900-a60d-9c29b2799a2d/element/00000000-0000-0dea-ffff-ffff00000059/click] with body: {"element":"00000000-0000-0dea-ffff-ffff00000059"}
&amp#27;[38;5;79m[a4e3d06f]&amp#27;[0m&amp#27;[38;5;-121m[AndroidUiautomator2Driver@5aff]&amp#27;[0m Got response with status 200: {"sessionId":"b5336736-6890-4900-a60d-9c29b2799a2d","value":null}
&amp#27;[38;5;79m[a4e3d06f]&amp#27;[0m&amp#27;[38;5;-121m[AndroidUiautomator2Driver@5aff]&amp#27;[0m Responding to client with driver.click() result: null
&amp#27;[38;5;79m[a4e3d06f]&amp#27;[0m&amp#27;[38;5;86m[HTTP]&amp#27;[0m &amp#27;[37m<-- POST /session/a4e3d06f-a5f1-4c34-a7a0-d757f192f2f5/element/00000000-0000-0dea-ffff-ffff00000059/click &amp#27;[39m&amp#27;[32m200&amp#27;[39m &amp#27;[90m598 ms - 14&amp#27;[39m &amp#27;[90m&amp#27;[39m
&amp#27;[38;5;79m[a4e3d06f]&amp#27;[0m&amp#27;[38;5;86m[HTTP]&amp#27;[0m &amp#27;[37m-->&amp#27;[39m &amp#27;[37mGET&amp#27;[39m &amp#27;[37m/session/a4e3d06f-a5f1-4c34-a7a0-d757f192f2f5/context&amp#27;[39m &amp#27;[90m{}&amp#27;[39m
&amp#27;[38;5;79m[a4e3d06f]&amp#27;[0m&amp#27;[38;5;-121m[AndroidUiautomator2Driver@5aff]&amp#27;[0m Calling AppiumDriver.getCurrentContext() with args: ["a4e3d06f-a5f1-4c34-a7a0-d757f192f2f5"]
&amp#27;[38;5;79m[a4e3d06f]&amp#27;[0m&amp#27;[38;5;-121m[AndroidUiautomator2Driver@5aff]&amp#27;[0m Responding to client with driver.getCurrentContext() result: "NATIVE_APP"
&amp#27;[38;5;79m[a4e3d06f]&amp#27;[0m&amp#27;[38;5;86m[HTTP]&amp#27;[0m &amp#27;[37m<-- GET /session/a4e3d06f-a5f1-4c34-a7a0-d757f192f2f5/context &amp#27;[39m&amp#27;[32m200&amp#27;[39m &amp#27;[90m1 ms - 22&amp#27;[39m &amp#27;[90m&amp#27;[39m
&amp#27;[38;5;79m[a4e3d06f]&amp#27;[0m&amp#27;[38;5;86m[HTTP]&amp#27;[0m &amp#27;[37m-->&amp#27;[39m &amp#27;[37mPOST&amp#27;[39m &amp#27;[37m/session/a4e3d06f-a5f1-4c34-a7a0-d757f192f2f5/element&amp#27;[39m &amp#27;[90m{"using":"id","value":"com.saucelabs.mydemoapp.android:id/nameET"}&amp#27;[39m
&amp#27;[38;5;79m[a4e3d06f]&amp#27;[0m&amp#27;[38;5;-121m[AndroidUiautomator2Driver@5aff]&amp#27;[0m Calling AppiumDriver.findElement() with args: ["id","com.saucelabs.mydemoapp.android:id/nameET","a4e3d06f-a5f1-4c34-a7a0-d757f192f2f5"]
&amp#27;[38;5;79m[a4e3d06f]&amp#27;[0m&amp#27;[38;5;-121m[AndroidUiautomator2Driver@5aff]&amp#27;[0m Valid locator strategies for this request: xpath, id, class name, accessibility id, css selector, -android uiautomator
&amp#27;[38;5;79m[a4e3d06f]&amp#27;[0m&amp#27;[38;5;-121m[AndroidUiautomator2Driver@5aff]&amp#27;[0m Waiting up to 15000 ms for condition
&amp#27;[38;5;79m[a4e3d06f]&amp#27;[0m&amp#27;[38;5;-121m[AndroidUiautomator2Driver@5aff]&amp#27;[0m Matched '/element' to command name 'findElement'
&amp#27;[38;5;79m[a4e3d06f]&amp#27;[0m&amp#27;[38;5;-121m[AndroidUiautomator2Driver@5aff]&amp#27;[0m Proxying [POST /element] to [POST http://127.0.0.1:8205/session/b5336736-6890-4900-a60d-9c29b2799a2d/element] with body: {"strategy":"id","selector":"com.saucelabs.mydemoapp.android:id/nameET","context":"","multiple":false}
&amp#27;[38;5;79m[a4e3d06f]&amp#27;[0m&amp#27;[38;5;-121m[AndroidUiautomator2Driver@5aff]&amp#27;[0m Got response with status 200: {"sessionId":"b5336736-6890-4900-a60d-9c29b2799a2d","value":{"ELEMENT":"00000000-0000-0deb-ffff-ffff0000017c","element-6066-11e4-a52e-4f735466cecf":"00000000-0000-0deb-ffff-ffff0000017c"}}
&amp#27;[38;5;79m[a4e3d06f]&amp#27;[0m&amp#27;[38;5;-121m[AndroidUiautomator2Driver@5aff]&amp#27;[0m Responding to client with driver.findElement() result: {"element-6066-11e4-a52e-4f735466cecf":"00000000-0000-0deb-ffff-ffff0000017c","ELEMENT":"00000000-0000-0deb-ffff-ffff0000017c"}
&amp#27;[38;5;79m[a4e3d06f]&amp#27;[0m&amp#27;[38;5;86m[HTTP]&amp#27;[0m &amp#27;[37m<-- POST /session/a4e3d06f-a5f1-4c34-a7a0-d757f192f2f5/element &amp#27;[39m&amp#27;[32m200&amp#27;[39m &amp#27;[90m702 ms - 137&amp#27;[39m &amp#27;[90m&amp#27;[39m
&amp#27;[38;5;79m[a4e3d06f]&amp#27;[0m&amp#27;[38;5;86m[HTTP]&amp#27;[0m &amp#27;[37m-->&amp#27;[39m &amp#27;[37mPOST&amp#27;[39m &amp#27;[37m/session/a4e3d06f-a5f1-4c34-a7a0-d757f192f2f5/element/00000000-0000-0deb-ffff-ffff0000017c/click&amp#27;[39m &amp#27;[90m{"id":"00000000-0000-0deb-ffff-ffff0000017c"}&amp#27;[39m
&amp#27;[38;5;79m[a4e3d06f]&amp#27;[0m&amp#27;[38;5;-121m[AndroidUiautomator2Driver@5aff]&amp#27;[0m Calling AppiumDriver.click() with args: ["00000000-0000-0deb-ffff-ffff0000017c","a4e3d06f-a5f1-4c34-a7a0-d757f192f2f5"]
&amp#27;[38;5;79m[a4e3d06f]&amp#27;[0m&amp#27;[38;5;-121m[AndroidUiautomator2Driver@5aff]&amp#27;[0m Matched '/element/00000000-0000-0deb-ffff-ffff0000017c/click' to command name 'click'
&amp#27;[38;5;79m[a4e3d06f]&amp#27;[0m&amp#27;[38;5;-121m[AndroidUiautomator2Driver@5aff]&amp#27;[0m Proxying [POST /element/00000000-0000-0deb-ffff-ffff0000017c/click] to [POST http://127.0.0.1:8205/session/b5336736-6890-4900-a60d-9c29b2799a2d/element/00000000-0000-0deb-ffff-ffff0000017c/click] with body: {"element":"00000000-0000-0deb-ffff-ffff0000017c"}
&amp#27;[38;5;79m[a4e3d06f]&amp#27;[0m&amp#27;[38;5;-121m[AndroidUiautomator2Driver@5aff]&amp#27;[0m Got response with status 200: {"sessionId":"b5336736-6890-4900-a60d-9c29b2799a2d","value":null}
&amp#27;[38;5;79m[a4e3d06f]&amp#27;[0m&amp#27;[38;5;-121m[AndroidUiautomator2Driver@5aff]&amp#27;[0m Responding to client with driver.click() result: null
&amp#27;[38;5;79m[a4e3d06f]&amp#27;[0m&amp#27;[38;5;86m[HTTP]&amp#27;[0m &amp#27;[37m<-- POST /session/a4e3d06f-a5f1-4c34-a7a0-d757f192f2f5/element/00000000-0000-0deb-ffff-ffff0000017c/click &amp#27;[39m&amp#27;[32m200&amp#27;[39m &amp#27;[90m934 ms - 14&amp#27;[39m &amp#27;[90m&amp#27;[39m
&amp#27;[38;5;79m[a4e3d06f]&amp#27;[0m&amp#27;[38;5;86m[HTTP]&amp#27;[0m &amp#27;[37m-->&amp#27;[39m &amp#27;[37mGET&amp#27;[39m &amp#27;[37m/session/a4e3d06f-a5f1-4c34-a7a0-d757f192f2f5/context&amp#27;[39m &amp#27;[90m{}&amp#27;[39m
&amp#27;[38;5;79m[a4e3d06f]&amp#27;[0m&amp#27;[38;5;-121m[AndroidUiautomator2Driver@5aff]&amp#27;[0m Calling AppiumDriver.getCurrentContext() with args: ["a4e3d06f-a5f1-4c34-a7a0-d757f192f2f5"]
&amp#27;[38;5;79m[a4e3d06f]&amp#27;[0m&amp#27;[38;5;-121m[AndroidUiautomator2Driver@5aff]&amp#27;[0m Responding to client with driver.getCurrentContext() result: "NATIVE_APP"
&amp#27;[38;5;79m[a4e3d06f]&amp#27;[0m&amp#27;[38;5;86m[HTTP]&amp#27;[0m &amp#27;[37m<-- GET /session/a4e3d06f-a5f1-4c34-a7a0-d757f192f2f5/context &amp#27;[39m&amp#27;[32m200&amp#27;[39m &amp#27;[90m2 ms - 22&amp#27;[39m &amp#27;[90m&amp#27;[39m
&amp#27;[38;5;79m[a4e3d06f]&amp#27;[0m&amp#27;[38;5;86m[HTTP]&amp#27;[0m &amp#27;[37m-->&amp#27;[39m &amp#27;[37mPOST&amp#27;[39m &amp#27;[37m/session/a4e3d06f-a5f1-4c34-a7a0-d757f192f2f5/element&amp#27;[39m &amp#27;[90m{"using":"id","value":"com.saucelabs.mydemoapp.android:id/nameET"}&amp#27;[39m
&amp#27;[38;5;79m[a4e3d06f]&amp#27;[0m&amp#27;[38;5;-121m[AndroidUiautomator2Driver@5aff]&amp#27;[0m Calling AppiumDriver.findElement() with args: ["id","com.saucelabs.mydemoapp.android:id/nameET","a4e3d06f-a5f1-4c34-a7a0-d757f192f2f5"]
&amp#27;[38;5;79m[a4e3d06f]&amp#27;[0m&amp#27;[38;5;-121m[AndroidUiautomator2Driver@5aff]&amp#27;[0m Valid locator strategies for this request: xpath, id, class name, accessibility id, css selector, -android uiautomator
&amp#27;[38;5;79m[a4e3d06f]&amp#27;[0m&amp#27;[38;5;-121m[AndroidUiautomator2Driver@5aff]&amp#27;[0m Waiting up to 15000 ms for condition
&amp#27;[38;5;79m[a4e3d06f]&amp#27;[0m&amp#27;[38;5;-121m[AndroidUiautomator2Driver@5aff]&amp#27;[0m Matched '/element' to command name 'findElement'
&amp#27;[38;5;79m[a4e3d06f]&amp#27;[0m&amp#27;[38;5;-121m[AndroidUiautomator2Driver@5aff]&amp#27;[0m Proxying [POST /element] to [POST http://127.0.0.1:8205/session/b5336736-6890-4900-a60d-9c29b2799a2d/element] with body: {"strategy":"id","selector":"com.saucelabs.mydemoapp.android:id/nameET","context":"","multiple":false}
&amp#27;[38;5;79m[a4e3d06f]&amp#27;[0m&amp#27;[38;5;-121m[AndroidUiautomator2Driver@5aff]&amp#27;[0m Got response with status 200: {"sessionId":"b5336736-6890-4900-a60d-9c29b2799a2d","value":{"ELEMENT":"00000000-0000-0deb-ffff-ffff0000017c","element-6066-11e4-a52e-4f735466cecf":"00000000-0000-0deb-ffff-ffff0000017c"}}
&amp#27;[38;5;79m[a4e3d06f]&amp#27;[0m&amp#27;[38;5;-121m[AndroidUiautomator2Driver@5aff]&amp#27;[0m Responding to client with driver.findElement() result: {"element-6066-11e4-a52e-4f735466cecf":"00000000-0000-0deb-ffff-ffff0000017c","ELEMENT":"00000000-0000-0deb-ffff-ffff0000017c"}
&amp#27;[38;5;79m[a4e3d06f]&amp#27;[0m&amp#27;[38;5;86m[HTTP]&amp#27;[0m &amp#27;[37m<-- POST /session/a4e3d06f-a5f1-4c34-a7a0-d757f192f2f5/element &amp#27;[39m&amp#27;[32m200&amp#27;[39m &amp#27;[90m97 ms - 137&amp#27;[39m &amp#27;[90m&amp#27;[39m
&amp#27;[38;5;79m[a4e3d06f]&amp#27;[0m&amp#27;[38;5;86m[HTTP]&amp#27;[0m &amp#27;[37m-->&amp#27;[39m &amp#27;[37mPOST&amp#27;[39m &amp#27;[37m/session/a4e3d06f-a5f1-4c34-a7a0-d757f192f2f5/element/00000000-0000-0deb-ffff-ffff0000017c/value&amp#27;[39m &amp#27;[90m{"id":"00000000-0000-0deb-ffff-ffff0000017c","value":["b","o","d","@","e","x","a","m","p","l","e",".","c","o","m"],"text":"bod@example.com"}&amp#27;[39m
&amp#27;[38;5;79m[a4e3d06f]&amp#27;[0m&amp#27;[38;5;-121m[AndroidUiautomator2Driver@5aff]&amp#27;[0m Calling AppiumDriver.setValue() with args: [["b","o","d","@","e","x","a","m","p","l","e",".","c","o","m"],"00000000-0000-0deb-ffff-ffff0000017c","a4e3d06f-a5f1-4c34-a7a0-d757f192f2f5"]
&amp#27;[38;5;79m[a4e3d06f]&amp#27;[0m&amp#27;[38;5;-121m[AndroidUiautomator2Driver@5aff]&amp#27;[0m Matched '/element/00000000-0000-0deb-ffff-ffff0000017c/value' to command name 'setValue'
&amp#27;[38;5;79m[a4e3d06f]&amp#27;[0m&amp#27;[38;5;-121m[AndroidUiautomator2Driver@5aff]&amp#27;[0m Added 'value' property ["b","o","d","@","e","x","a","m","p","l","e",".","c","o","m"] to 'setValue' request body
&amp#27;[38;5;79m[a4e3d06f]&amp#27;[0m&amp#27;[38;5;-121m[AndroidUiautomator2Driver@5aff]&amp#27;[0m Proxying [POST /element/00000000-0000-0deb-ffff-ffff0000017c/value] to [POST http://127.0.0.1:8205/session/b5336736-6890-4900-a60d-9c29b2799a2d/element/00000000-0000-0deb-ffff-ffff0000017c/value] with body: {"elementId":"00000000-0000-0deb-ffff-ffff0000017c","text":"bod@example.com","replace":false,"value":["b","o","d","@","e","x","a","m","p","l","e",".","c","o","m"]}
&amp#27;[38;5;79m[a4e3d06f]&amp#27;[0m&amp#27;[38;5;-121m[AndroidUiautomator2Driver@5aff]&amp#27;[0m Got response with status 200: {"sessionId":"b5336736-6890-4900-a60d-9c29b2799a2d","value":null}
&amp#27;[38;5;79m[a4e3d06f]&amp#27;[0m&amp#27;[38;5;-121m[AndroidUiautomator2Driver@5aff]&amp#27;[0m Responding to client with driver.setValue() result: null
&amp#27;[38;5;79m[a4e3d06f]&amp#27;[0m&amp#27;[38;5;86m[HTTP]&amp#27;[0m &amp#27;[37m<-- POST /session/a4e3d06f-a5f1-4c34-a7a0-d757f192f2f5/element/00000000-0000-0deb-ffff-ffff0000017c/value &amp#27;[39m&amp#27;[32m200&amp#27;[39m &amp#27;[90m87 ms - 14&amp#27;[39m &amp#27;[90m&amp#27;[39m
&amp#27;[38;5;79m[a4e3d06f]&amp#27;[0m&amp#27;[38;5;86m[HTTP]&amp#27;[0m &amp#27;[37m-->&amp#27;[39m &amp#27;[37mGET&amp#27;[39m &amp#27;[37m/session/a4e3d06f-a5f1-4c34-a7a0-d757f192f2f5/context&amp#27;[39m &amp#27;[90m{}&amp#27;[39m
&amp#27;[38;5;79m[a4e3d06f]&amp#27;[0m&amp#27;[38;5;-121m[AndroidUiautomator2Driver@5aff]&amp#27;[0m Calling AppiumDriver.getCurrentContext() with args: ["a4e3d06f-a5f1-4c34-a7a0-d757f192f2f5"]
&amp#27;[38;5;79m[a4e3d06f]&amp#27;[0m&amp#27;[38;5;-121m[AndroidUiautomator2Driver@5aff]&amp#27;[0m Responding to client with driver.getCurrentContext() result: "NATIVE_APP"
&amp#27;[38;5;79m[a4e3d06f]&amp#27;[0m&amp#27;[38;5;86m[HTTP]&amp#27;[0m &amp#27;[37m<-- GET /session/a4e3d06f-a5f1-4c34-a7a0-d757f192f2f5/context &amp#27;[39m&amp#27;[32m200&amp#27;[39m &amp#27;[90m1 ms - 22&amp#27;[39m &amp#27;[90m&amp#27;[39m
&amp#27;[38;5;79m[a4e3d06f]&amp#27;[0m&amp#27;[38;5;86m[HTTP]&amp#27;[0m &amp#27;[37m-->&amp#27;[39m &amp#27;[37mPOST&amp#27;[39m &amp#27;[37m/session/a4e3d06f-a5f1-4c34-a7a0-d757f192f2f5/element&amp#27;[39m &amp#27;[90m{"using":"id","value":"com.saucelabs.mydemoapp.android:id/passwordET"}&amp#27;[39m
&amp#27;[38;5;79m[a4e3d06f]&amp#27;[0m&amp#27;[38;5;-121m[AndroidUiautomator2Driver@5aff]&amp#27;[0m Calling AppiumDriver.findElement() with args: ["id","com.saucelabs.mydemoapp.android:id/passwordET","a4e3d06f-a5f1-4c34-a7a0-d757f192f2f5"]
&amp#27;[38;5;79m[a4e3d06f]&amp#27;[0m&amp#27;[38;5;-121m[AndroidUiautomator2Driver@5aff]&amp#27;[0m Valid locator strategies for this request: xpath, id, class name, accessibility id, css selector, -android uiautomator
&amp#27;[38;5;79m[a4e3d06f]&amp#27;[0m&amp#27;[38;5;-121m[AndroidUiautomator2Driver@5aff]&amp#27;[0m Waiting up to 15000 ms for condition
&amp#27;[38;5;79m[a4e3d06f]&amp#27;[0m&amp#27;[38;5;-121m[AndroidUiautomator2Driver@5aff]&amp#27;[0m Matched '/element' to command name 'findElement'
&amp#27;[38;5;79m[a4e3d06f]&amp#27;[0m&amp#27;[38;5;-121m[AndroidUiautomator2Driver@5aff]&amp#27;[0m Proxying [POST /element] to [POST http://127.0.0.1:8205/session/b5336736-6890-4900-a60d-9c29b2799a2d/element] with body: {"strategy":"id","selector":"com.saucelabs.mydemoapp.android:id/passwordET","context":"","multiple":false}
&amp#27;[38;5;79m[a4e3d06f]&amp#27;[0m&amp#27;[38;5;-121m[AndroidUiautomator2Driver@5aff]&amp#27;[0m Got response with status 200: {"sessionId":"b5336736-6890-4900-a60d-9c29b2799a2d","value":{"ELEMENT":"00000000-0000-0deb-ffff-ffff00000181","element-6066-11e4-a52e-4f735466cecf":"00000000-0000-0deb-ffff-ffff00000181"}}
&amp#27;[38;5;79m[a4e3d06f]&amp#27;[0m&amp#27;[38;5;-121m[AndroidUiautomator2Driver@5aff]&amp#27;[0m Responding to client with driver.findElement() result: {"element-6066-11e4-a52e-4f735466cecf":"00000000-0000-0deb-ffff-ffff00000181","ELEMENT":"00000000-0000-0deb-ffff-ffff00000181"}
&amp#27;[38;5;79m[a4e3d06f]&amp#27;[0m&amp#27;[38;5;86m[HTTP]&amp#27;[0m &amp#27;[37m<-- POST /session/a4e3d06f-a5f1-4c34-a7a0-d757f192f2f5/element &amp#27;[39m&amp#27;[32m200&amp#27;[39m &amp#27;[90m664 ms - 137&amp#27;[39m &amp#27;[90m&amp#27;[39m
&amp#27;[38;5;79m[a4e3d06f]&amp#27;[0m&amp#27;[38;5;86m[HTTP]&amp#27;[0m &amp#27;[37m-->&amp#27;[39m &amp#27;[37mPOST&amp#27;[39m &amp#27;[37m/session/a4e3d06f-a5f1-4c34-a7a0-d757f192f2f5/element/00000000-0000-0deb-ffff-ffff00000181/click&amp#27;[39m &amp#27;[90m{"id":"00000000-0000-0deb-ffff-ffff00000181"}&amp#27;[39m
&amp#27;[38;5;79m[a4e3d06f]&amp#27;[0m&amp#27;[38;5;-121m[AndroidUiautomator2Driver@5aff]&amp#27;[0m Calling AppiumDriver.click() with args: ["00000000-0000-0deb-ffff-ffff00000181","a4e3d06f-a5f1-4c34-a7a0-d757f192f2f5"]
&amp#27;[38;5;79m[a4e3d06f]&amp#27;[0m&amp#27;[38;5;-121m[AndroidUiautomator2Driver@5aff]&amp#27;[0m Matched '/element/00000000-0000-0deb-ffff-ffff00000181/click' to command name 'click'
&amp#27;[38;5;79m[a4e3d06f]&amp#27;[0m&amp#27;[38;5;-121m[AndroidUiautomator2Driver@5aff]&amp#27;[0m Proxying [POST /element/00000000-0000-0deb-ffff-ffff00000181/click] to [POST http://127.0.0.1:8205/session/b5336736-6890-4900-a60d-9c29b2799a2d/element/00000000-0000-0deb-ffff-ffff00000181/click] with body: {"element":"00000000-0000-0deb-ffff-ffff00000181"}
&amp#27;[38;5;79m[a4e3d06f]&amp#27;[0m&amp#27;[38;5;-121m[AndroidUiautomator2Driver@5aff]&amp#27;[0m Got response with status 200: {"sessionId":"b5336736-6890-4900-a60d-9c29b2799a2d","value":null}
&amp#27;[38;5;79m[a4e3d06f]&amp#27;[0m&amp#27;[38;5;-121m[AndroidUiautomator2Driver@5aff]&amp#27;[0m Responding to client with driver.click() result: null
&amp#27;[38;5;79m[a4e3d06f]&amp#27;[0m&amp#27;[38;5;86m[HTTP]&amp#27;[0m &amp#27;[37m<-- POST /session/a4e3d06f-a5f1-4c34-a7a0-d757f192f2f5/element/00000000-0000-0deb-ffff-ffff00000181/click &amp#27;[39m&amp#27;[32m200&amp#27;[39m &amp#27;[90m697 ms - 14&amp#27;[39m &amp#27;[90m&amp#27;[39m
&amp#27;[38;5;79m[a4e3d06f]&amp#27;[0m&amp#27;[38;5;86m[HTTP]&amp#27;[0m &amp#27;[37m-->&amp#27;[39m &amp#27;[37mGET&amp#27;[39m &amp#27;[37m/session/a4e3d06f-a5f1-4c34-a7a0-d757f192f2f5/context&amp#27;[39m &amp#27;[90m{}&amp#27;[39m
&amp#27;[38;5;79m[a4e3d06f]&amp#27;[0m&amp#27;[38;5;-121m[AndroidUiautomator2Driver@5aff]&amp#27;[0m Calling AppiumDriver.getCurrentContext() with args: ["a4e3d06f-a5f1-4c34-a7a0-d757f192f2f5"]
&amp#27;[38;5;79m[a4e3d06f]&amp#27;[0m&amp#27;[38;5;-121m[AndroidUiautomator2Driver@5aff]&amp#27;[0m Responding to client with driver.getCurrentContext() result: "NATIVE_APP"
&amp#27;[38;5;79m[a4e3d06f]&amp#27;[0m&amp#27;[38;5;86m[HTTP]&amp#27;[0m &amp#27;[37m<-- GET /session/a4e3d06f-a5f1-4c34-a7a0-d757f192f2f5/context &amp#27;[39m&amp#27;[32m200&amp#27;[39m &amp#27;[90m1 ms - 22&amp#27;[39m &amp#27;[90m&amp#27;[39m
&amp#27;[38;5;79m[a4e3d06f]&amp#27;[0m&amp#27;[38;5;86m[HTTP]&amp#27;[0m &amp#27;[37m-->&amp#27;[39m &amp#27;[37mPOST&amp#27;[39m &amp#27;[37m/session/a4e3d06f-a5f1-4c34-a7a0-d757f192f2f5/element&amp#27;[39m &amp#27;[90m{"using":"id","value":"com.saucelabs.mydemoapp.android:id/passwordET"}&amp#27;[39m
&amp#27;[38;5;79m[a4e3d06f]&amp#27;[0m&amp#27;[38;5;-121m[AndroidUiautomator2Driver@5aff]&amp#27;[0m Calling AppiumDriver.findElement() with args: ["id","com.saucelabs.mydemoapp.android:id/passwordET","a4e3d06f-a5f1-4c34-a7a0-d757f192f2f5"]
&amp#27;[38;5;79m[a4e3d06f]&amp#27;[0m&amp#27;[38;5;-121m[AndroidUiautomator2Driver@5aff]&amp#27;[0m Valid locator strategies for this request: xpath, id, class name, accessibility id, css selector, -android uiautomator
&amp#27;[38;5;79m[a4e3d06f]&amp#27;[0m&amp#27;[38;5;-121m[AndroidUiautomator2Driver@5aff]&amp#27;[0m Waiting up to 15000 ms for condition
&amp#27;[38;5;79m[a4e3d06f]&amp#27;[0m&amp#27;[38;5;-121m[AndroidUiautomator2Driver@5aff]&amp#27;[0m Matched '/element' to command name 'findElement'
&amp#27;[38;5;79m[a4e3d06f]&amp#27;[0m&amp#27;[38;5;-121m[AndroidUiautomator2Driver@5aff]&amp#27;[0m Proxying [POST /element] to [POST http://127.0.0.1:8205/session/b5336736-6890-4900-a60d-9c29b2799a2d/element] with body: {"strategy":"id","selector":"com.saucelabs.mydemoapp.android:id/passwordET","context":"","multiple":false}
&amp#27;[38;5;79m[a4e3d06f]&amp#27;[0m&amp#27;[38;5;-121m[AndroidUiautomator2Driver@5aff]&amp#27;[0m Got response with status 200: {"sessionId":"b5336736-6890-4900-a60d-9c29b2799a2d","value":{"ELEMENT":"00000000-0000-0deb-ffff-ffff00000181","element-6066-11e4-a52e-4f735466cecf":"00000000-0000-0deb-ffff-ffff00000181"}}
&amp#27;[38;5;79m[a4e3d06f]&amp#27;[0m&amp#27;[38;5;-121m[AndroidUiautomator2Driver@5aff]&amp#27;[0m Responding to client with driver.findElement() result: {"element-6066-11e4-a52e-4f735466cecf":"00000000-0000-0deb-ffff-ffff00000181","ELEMENT":"00000000-0000-0deb-ffff-ffff00000181"}
&amp#27;[38;5;79m[a4e3d06f]&amp#27;[0m&amp#27;[38;5;86m[HTTP]&amp#27;[0m &amp#27;[37m<-- POST /session/a4e3d06f-a5f1-4c34-a7a0-d757f192f2f5/element &amp#27;[39m&amp#27;[32m200&amp#27;[39m &amp#27;[90m85 ms - 137&amp#27;[39m &amp#27;[90m&amp#27;[39m
&amp#27;[38;5;79m[a4e3d06f]&amp#27;[0m&amp#27;[38;5;86m[HTTP]&amp#27;[0m &amp#27;[37m-->&amp#27;[39m &amp#27;[37mPOST&amp#27;[39m &amp#27;[37m/session/a4e3d06f-a5f1-4c34-a7a0-d757f192f2f5/element/00000000-0000-0deb-ffff-ffff00000181/value&amp#27;[39m &amp#27;[90m{"id":"00000000-0000-0deb-ffff-ffff00000181","value":["1","0","2","0","3","0","4","0"],"text":"10203040"}&amp#27;[39m
&amp#27;[38;5;79m[a4e3d06f]&amp#27;[0m&amp#27;[38;5;-121m[AndroidUiautomator2Driver@5aff]&amp#27;[0m Calling AppiumDriver.setValue() with args: [["1","0","2","0","3","0","4","0"],"00000000-0000-0deb-ffff-ffff00000181","a4e3d06f-a5f1-4c34-a7a0-d757f192f2f5"]
&amp#27;[38;5;79m[a4e3d06f]&amp#27;[0m&amp#27;[38;5;-121m[AndroidUiautomator2Driver@5aff]&amp#27;[0m Matched '/element/00000000-0000-0deb-ffff-ffff00000181/value' to command name 'setValue'
&amp#27;[38;5;79m[a4e3d06f]&amp#27;[0m&amp#27;[38;5;-121m[AndroidUiautomator2Driver@5aff]&amp#27;[0m Added 'value' property ["1","0","2","0","3","0","4","0"] to 'setValue' request body
&amp#27;[38;5;79m[a4e3d06f]&amp#27;[0m&amp#27;[38;5;-121m[AndroidUiautomator2Driver@5aff]&amp#27;[0m Proxying [POST /element/00000000-0000-0deb-ffff-ffff00000181/value] to [POST http://127.0.0.1:8205/session/b5336736-6890-4900-a60d-9c29b2799a2d/element/00000000-0000-0deb-ffff-ffff00000181/value] with body: {"elementId":"00000000-0000-0deb-ffff-ffff00000181","text":"10203040","replace":false,"value":["1","0","2","0","3","0","4","0"]}
&amp#27;[38;5;79m[a4e3d06f]&amp#27;[0m&amp#27;[38;5;-121m[AndroidUiautomator2Driver@5aff]&amp#27;[0m Got response with status 200: {"sessionId":"b5336736-6890-4900-a60d-9c29b2799a2d","value":null}
&amp#27;[38;5;79m[a4e3d06f]&amp#27;[0m&amp#27;[38;5;-121m[AndroidUiautomator2Driver@5aff]&amp#27;[0m Responding to client with driver.setValue() result: null
&amp#27;[38;5;79m[a4e3d06f]&amp#27;[0m&amp#27;[38;5;86m[HTTP]&amp#27;[0m &amp#27;[37m<-- POST /session/a4e3d06f-a5f1-4c34-a7a0-d757f192f2f5/element/00000000-0000-0deb-ffff-ffff00000181/value &amp#27;[39m&amp#27;[32m200&amp#27;[39m &amp#27;[90m35 ms - 14&amp#27;[39m &amp#27;[90m&amp#27;[39m
&amp#27;[38;5;79m[a4e3d06f]&amp#27;[0m&amp#27;[38;5;86m[HTTP]&amp#27;[0m &amp#27;[37m-->&amp#27;[39m &amp#27;[37mGET&amp#27;[39m &amp#27;[37m/session/a4e3d06f-a5f1-4c34-a7a0-d757f192f2f5/context&amp#27;[39m &amp#27;[90m{}&amp#27;[39m
&amp#27;[38;5;79m[a4e3d06f]&amp#27;[0m&amp#27;[38;5;-121m[AndroidUiautomator2Driver@5aff]&amp#27;[0m Calling AppiumDriver.getCurrentContext() with args: ["a4e3d06f-a5f1-4c34-a7a0-d757f192f2f5"]
&amp#27;[38;5;79m[a4e3d06f]&amp#27;[0m&amp#27;[38;5;-121m[AndroidUiautomator2Driver@5aff]&amp#27;[0m Responding to client with driver.getCurrentContext() result: "NATIVE_APP"
&amp#27;[38;5;79m[a4e3d06f]&amp#27;[0m&amp#27;[38;5;86m[HTTP]&amp#27;[0m &amp#27;[37m<-- GET /session/a4e3d06f-a5f1-4c34-a7a0-d757f192f2f5/context &amp#27;[39m&amp#27;[32m200&amp#27;[39m &amp#27;[90m2 ms - 22&amp#27;[39m &amp#27;[90m&amp#27;[39m
&amp#27;[38;5;79m[a4e3d06f]&amp#27;[0m&amp#27;[38;5;86m[HTTP]&amp#27;[0m &amp#27;[37m-->&amp#27;[39m &amp#27;[37mPOST&amp#27;[39m &amp#27;[37m/session/a4e3d06f-a5f1-4c34-a7a0-d757f192f2f5/element&amp#27;[39m &amp#27;[90m{"using":"accessibility id","value":"Tap to login with given credentials"}&amp#27;[39m
&amp#27;[38;5;79m[a4e3d06f]&amp#27;[0m&amp#27;[38;5;-121m[AndroidUiautomator2Driver@5aff]&amp#27;[0m Calling AppiumDriver.findElement() with args: ["accessibility id","Tap to login with given credentials","a4e3d06f-a5f1-4c34-a7a0-d757f192f2f5"]
&amp#27;[38;5;79m[a4e3d06f]&amp#27;[0m&amp#27;[38;5;-121m[AndroidUiautomator2Driver@5aff]&amp#27;[0m Valid locator strategies for this request: xpath, id, class name, accessibility id, css selector, -android uiautomator
&amp#27;[38;5;79m[a4e3d06f]&amp#27;[0m&amp#27;[38;5;-121m[AndroidUiautomator2Driver@5aff]&amp#27;[0m Waiting up to 15000 ms for condition
&amp#27;[38;5;79m[a4e3d06f]&amp#27;[0m&amp#27;[38;5;-121m[AndroidUiautomator2Driver@5aff]&amp#27;[0m Matched '/element' to command name 'findElement'
&amp#27;[38;5;79m[a4e3d06f]&amp#27;[0m&amp#27;[38;5;-121m[AndroidUiautomator2Driver@5aff]&amp#27;[0m Proxying [POST /element] to [POST http://127.0.0.1:8205/session/b5336736-6890-4900-a60d-9c29b2799a2d/element] with body: {"strategy":"accessibility id","selector":"Tap to login with given credentials","context":"","multiple":false}
&amp#27;[38;5;79m[a4e3d06f]&amp#27;[0m&amp#27;[38;5;-121m[AndroidUiautomator2Driver@5aff]&amp#27;[0m Got response with status 200: {"sessionId":"b5336736-6890-4900-a60d-9c29b2799a2d","value":{"ELEMENT":"00000000-0000-0deb-ffff-ffff00000186","element-6066-11e4-a52e-4f735466cecf":"00000000-0000-0deb-ffff-ffff00000186"}}
&amp#27;[38;5;79m[a4e3d06f]&amp#27;[0m&amp#27;[38;5;-121m[AndroidUiautomator2Driver@5aff]&amp#27;[0m Responding to client with driver.findElement() result: {"element-6066-11e4-a52e-4f735466cecf":"00000000-0000-0deb-ffff-ffff00000186","ELEMENT":"00000000-0000-0deb-ffff-ffff00000186"}
&amp#27;[38;5;79m[a4e3d06f]&amp#27;[0m&amp#27;[38;5;86m[HTTP]&amp#27;[0m &amp#27;[37m<-- POST /session/a4e3d06f-a5f1-4c34-a7a0-d757f192f2f5/element &amp#27;[39m&amp#27;[32m200&amp#27;[39m &amp#27;[90m672 ms - 137&amp#27;[39m &amp#27;[90m&amp#27;[39m
&amp#27;[38;5;79m[a4e3d06f]&amp#27;[0m&amp#27;[38;5;86m[HTTP]&amp#27;[0m &amp#27;[37m-->&amp#27;[39m &amp#27;[37mPOST&amp#27;[39m &amp#27;[37m/session/a4e3d06f-a5f1-4c34-a7a0-d757f192f2f5/element/00000000-0000-0deb-ffff-ffff00000186/click&amp#27;[39m &amp#27;[90m{"id":"00000000-0000-0deb-ffff-ffff00000186"}&amp#27;[39m
&amp#27;[38;5;79m[a4e3d06f]&amp#27;[0m&amp#27;[38;5;-121m[AndroidUiautomator2Driver@5aff]&amp#27;[0m Calling AppiumDriver.click() with args: ["00000000-0000-0deb-ffff-ffff00000186","a4e3d06f-a5f1-4c34-a7a0-d757f192f2f5"]
&amp#27;[38;5;79m[a4e3d06f]&amp#27;[0m&amp#27;[38;5;-121m[AndroidUiautomator2Driver@5aff]&amp#27;[0m Matched '/element/00000000-0000-0deb-ffff-ffff00000186/click' to command name 'click'
&amp#27;[38;5;79m[a4e3d06f]&amp#27;[0m&amp#27;[38;5;-121m[AndroidUiautomator2Driver@5aff]&amp#27;[0m Proxying [POST /element/00000000-0000-0deb-ffff-ffff00000186/click] to [POST http://127.0.0.1:8205/session/b5336736-6890-4900-a60d-9c29b2799a2d/element/00000000-0000-0deb-ffff-ffff00000186/click] with body: {"element":"00000000-0000-0deb-ffff-ffff00000186"}
&amp#27;[38;5;79m[a4e3d06f]&amp#27;[0m&amp#27;[38;5;-121m[AndroidUiautomator2Driver@5aff]&amp#27;[0m Got response with status 200: {"sessionId":"b5336736-6890-4900-a60d-9c29b2799a2d","value":null}
&amp#27;[38;5;79m[a4e3d06f]&amp#27;[0m&amp#27;[38;5;-121m[AndroidUiautomator2Driver@5aff]&amp#27;[0m Responding to client with driver.click() result: null
&amp#27;[38;5;79m[a4e3d06f]&amp#27;[0m&amp#27;[38;5;86m[HTTP]&amp#27;[0m &amp#27;[37m<-- POST /session/a4e3d06f-a5f1-4c34-a7a0-d757f192f2f5/element/00000000-0000-0deb-ffff-ffff00000186/click &amp#27;[39m&amp#27;[32m200&amp#27;[39m &amp#27;[90m103 ms - 14&amp#27;[39m &amp#27;[90m&amp#27;[39m
&amp#27;[38;5;79m[a4e3d06f]&amp#27;[0m&amp#27;[38;5;86m[HTTP]&amp#27;[0m &amp#27;[37m-->&amp#27;[39m &amp#27;[37mGET&amp#27;[39m &amp#27;[37m/session/a4e3d06f-a5f1-4c34-a7a0-d757f192f2f5/context&amp#27;[39m &amp#27;[90m{}&amp#27;[39m
&amp#27;[38;5;79m[a4e3d06f]&amp#27;[0m&amp#27;[38;5;-121m[AndroidUiautomator2Driver@5aff]&amp#27;[0m Calling AppiumDriver.getCurrentContext() with args: ["a4e3d06f-a5f1-4c34-a7a0-d757f192f2f5"]
&amp#27;[38;5;79m[a4e3d06f]&amp#27;[0m&amp#27;[38;5;-121m[AndroidUiautomator2Driver@5aff]&amp#27;[0m Responding to client with driver.getCurrentContext() result: "NATIVE_APP"
&amp#27;[38;5;79m[a4e3d06f]&amp#27;[0m&amp#27;[38;5;86m[HTTP]&amp#27;[0m &amp#27;[37m<-- GET /session/a4e3d06f-a5f1-4c34-a7a0-d757f192f2f5/context &amp#27;[39m&amp#27;[32m200&amp#27;[39m &amp#27;[90m1 ms - 22&amp#27;[39m &amp#27;[90m&amp#27;[39m
&amp#27;[38;5;79m[a4e3d06f]&amp#27;[0m&amp#27;[38;5;86m[HTTP]&amp#27;[0m &amp#27;[37m-->&amp#27;[39m &amp#27;[37mPOST&amp#27;[39m &amp#27;[37m/session/a4e3d06f-a5f1-4c34-a7a0-d757f192f2f5/element&amp#27;[39m &amp#27;[90m{"using":"accessibility id","value":"title"}&amp#27;[39m
&amp#27;[38;5;79m[a4e3d06f]&amp#27;[0m&amp#27;[38;5;-121m[AndroidUiautomator2Driver@5aff]&amp#27;[0m Calling AppiumDriver.findElement() with args: ["accessibility id","title","a4e3d06f-a5f1-4c34-a7a0-d757f192f2f5"]
&amp#27;[38;5;79m[a4e3d06f]&amp#27;[0m&amp#27;[38;5;-121m[AndroidUiautomator2Driver@5aff]&amp#27;[0m Valid locator strategies for this request: xpath, id, class name, accessibility id, css selector, -android uiautomator
&amp#27;[38;5;79m[a4e3d06f]&amp#27;[0m&amp#27;[38;5;-121m[AndroidUiautomator2Driver@5aff]&amp#27;[0m Waiting up to 15000 ms for condition
&amp#27;[38;5;79m[a4e3d06f]&amp#27;[0m&amp#27;[38;5;-121m[AndroidUiautomator2Driver@5aff]&amp#27;[0m Matched '/element' to command name 'findElement'
&amp#27;[38;5;79m[a4e3d06f]&amp#27;[0m&amp#27;[38;5;-121m[AndroidUiautomator2Driver@5aff]&amp#27;[0m Proxying [POST /element] to [POST http://127.0.0.1:8205/session/b5336736-6890-4900-a60d-9c29b2799a2d/element] with body: {"strategy":"accessibility id","selector":"title","context":"","multiple":false}
&amp#27;[38;5;79m[a4e3d06f]&amp#27;[0m&amp#27;[38;5;-121m[AndroidUiautomator2Driver@5aff]&amp#27;[0m Got response with status 200: {"sessionId":"b5336736-6890-4900-a60d-9c29b2799a2d","value":{"ELEMENT":"00000000-0000-0dee-ffff-ffff000001d4","element-6066-11e4-a52e-4f735466cecf":"00000000-0000-0dee-ffff-ffff000001d4"}}
&amp#27;[38;5;79m[a4e3d06f]&amp#27;[0m&amp#27;[38;5;-121m[AndroidUiautomator2Driver@5aff]&amp#27;[0m Responding to client with driver.findElement() result: {"element-6066-11e4-a52e-4f735466cecf":"00000000-0000-0dee-ffff-ffff000001d4","ELEMENT":"00000000-0000-0dee-ffff-ffff000001d4"}
&amp#27;[38;5;79m[a4e3d06f]&amp#27;[0m&amp#27;[38;5;86m[HTTP]&amp#27;[0m &amp#27;[37m<-- POST /session/a4e3d06f-a5f1-4c34-a7a0-d757f192f2f5/element &amp#27;[39m&amp#27;[32m200&amp#27;[39m &amp#27;[90m1149 ms - 137&amp#27;[39m &amp#27;[90m&amp#27;[39m
&amp#27;[38;5;79m[a4e3d06f]&amp#27;[0m&amp#27;[38;5;86m[HTTP]&amp#27;[0m &amp#27;[37m-->&amp#27;[39m &amp#27;[37mGET&amp#27;[39m &amp#27;[37m/session/a4e3d06f-a5f1-4c34-a7a0-d757f192f2f5/element/00000000-0000-0dee-ffff-ffff000001d4/displayed&amp#27;[39m &amp#27;[90m{}&amp#27;[39m
&amp#27;[38;5;79m[a4e3d06f]&amp#27;[0m&amp#27;[38;5;-121m[AndroidUiautomator2Driver@5aff]&amp#27;[0m Calling AppiumDriver.elementDisplayed() with args: ["00000000-0000-0dee-ffff-ffff000001d4","a4e3d06f-a5f1-4c34-a7a0-d757f192f2f5"]
&amp#27;[38;5;79m[a4e3d06f]&amp#27;[0m&amp#27;[38;5;-121m[AndroidUiautomator2Driver@5aff]&amp#27;[0m Matched '/element/00000000-0000-0dee-ffff-ffff000001d4/attribute/displayed' to command name 'getAttribute'
&amp#27;[38;5;79m[a4e3d06f]&amp#27;[0m&amp#27;[38;5;-121m[AndroidUiautomator2Driver@5aff]&amp#27;[0m Proxying [GET /element/00000000-0000-0dee-ffff-ffff000001d4/attribute/displayed] to [GET http://127.0.0.1:8205/session/b5336736-6890-4900-a60d-9c29b2799a2d/element/00000000-0000-0dee-ffff-ffff000001d4/attribute/displayed] with no body
&amp#27;[38;5;79m[a4e3d06f]&amp#27;[0m&amp#27;[38;5;-121m[AndroidUiautomator2Driver@5aff]&amp#27;[0m Got response with status 200: {"sessionId":"b5336736-6890-4900-a60d-9c29b2799a2d","value":"true"}
&amp#27;[38;5;79m[a4e3d06f]&amp#27;[0m&amp#27;[38;5;-121m[AndroidUiautomator2Driver@5aff]&amp#27;[0m Responding to client with driver.elementDisplayed() result: true
&amp#27;[38;5;79m[a4e3d06f]&amp#27;[0m&amp#27;[38;5;86m[HTTP]&amp#27;[0m &amp#27;[37m<-- GET /session/a4e3d06f-a5f1-4c34-a7a0-d757f192f2f5/element/00000000-0000-0dee-ffff-ffff000001d4/displayed &amp#27;[39m&amp#27;[32m200&amp#27;[39m &amp#27;[90m51 ms - 14&amp#27;[39m &amp#27;[90m&amp#27;[39m
&amp#27;[38;5;79m[a4e3d06f]&amp#27;[0m&amp#27;[38;5;86m[HTTP]&amp#27;[0m &amp#27;[37m-->&amp#27;[39m &amp#27;[37mGET&amp#27;[39m &amp#27;[37m/session/a4e3d06f-a5f1-4c34-a7a0-d757f192f2f5/context&amp#27;[39m &amp#27;[90m{}&amp#27;[39m
&amp#27;[38;5;79m[a4e3d06f]&amp#27;[0m&amp#27;[38;5;-121m[AndroidUiautomator2Driver@5aff]&amp#27;[0m Calling AppiumDriver.getCurrentContext() with args: ["a4e3d06f-a5f1-4c34-a7a0-d757f192f2f5"]
&amp#27;[38;5;79m[a4e3d06f]&amp#27;[0m&amp#27;[38;5;-121m[AndroidUiautomator2Driver@5aff]&amp#27;[0m Responding to client with driver.getCurrentContext() result: "NATIVE_APP"
&amp#27;[38;5;79m[a4e3d06f]&amp#27;[0m&amp#27;[38;5;86m[HTTP]&amp#27;[0m &amp#27;[37m<-- GET /session/a4e3d06f-a5f1-4c34-a7a0-d757f192f2f5/context &amp#27;[39m&amp#27;[32m200&amp#27;[39m &amp#27;[90m1 ms - 22&amp#27;[39m &amp#27;[90m&amp#27;[39m
&amp#27;[38;5;79m[a4e3d06f]&amp#27;[0m&amp#27;[38;5;86m[HTTP]&amp#27;[0m &amp#27;[37m-->&amp#27;[39m &amp#27;[37mPOST&amp#27;[39m &amp#27;[37m/session/a4e3d06f-a5f1-4c34-a7a0-d757f192f2f5/element&amp#27;[39m &amp#27;[90m{"using":"-android uiautomator","value":"new UiSelector().resourceId(\"com.saucelabs.mydemoapp.android:id/productIV\").instance(0)"}&amp#27;[39m
&amp#27;[38;5;79m[a4e3d06f]&amp#27;[0m&amp#27;[38;5;-121m[AndroidUiautomator2Driver@5aff]&amp#27;[0m Calling AppiumDriver.findElement() with args: ["-android uiautomator","new UiSelector().resourceId(\"com.saucelabs.mydemoapp.android:id/productIV\").instance(0)","a4e3d06f-a5f1-4c34-a7a0-d757f192f2f5"]
&amp#27;[38;5;79m[a4e3d06f]&amp#27;[0m&amp#27;[38;5;-121m[AndroidUiautomator2Driver@5aff]&amp#27;[0m Valid locator strategies for this request: xpath, id, class name, accessibility id, css selector, -android uiautomator
&amp#27;[38;5;79m[a4e3d06f]&amp#27;[0m&amp#27;[38;5;-121m[AndroidUiautomator2Driver@5aff]&amp#27;[0m Waiting up to 15000 ms for condition
&amp#27;[38;5;79m[a4e3d06f]&amp#27;[0m&amp#27;[38;5;-121m[AndroidUiautomator2Driver@5aff]&amp#27;[0m Matched '/element' to command name 'findElement'
&amp#27;[38;5;79m[a4e3d06f]&amp#27;[0m&amp#27;[38;5;-121m[AndroidUiautomator2Driver@5aff]&amp#27;[0m Proxying [POST /element] to [POST http://127.0.0.1:8205/session/b5336736-6890-4900-a60d-9c29b2799a2d/element] with body: {"strategy":"-android uiautomator","selector":"new UiSelector().resourceId(\"com.saucelabs.mydemoapp.android:id/productIV\").instance(0)","context":"","multiple":false}
&amp#27;[38;5;79m[a4e3d06f]&amp#27;[0m&amp#27;[38;5;-121m[AndroidUiautomator2Driver@5aff]&amp#27;[0m Got response with status 200: {"sessionId":"b5336736-6890-4900-a60d-9c29b2799a2d","value":{"ELEMENT":"00000000-0000-0dee-ffff-ffff00000212","element-6066-11e4-a52e-4f735466cecf":"00000000-0000-0dee-ffff-ffff00000212"}}
&amp#27;[38;5;79m[a4e3d06f]&amp#27;[0m&amp#27;[38;5;-121m[AndroidUiautomator2Driver@5aff]&amp#27;[0m Responding to client with driver.findElement() result: {"element-6066-11e4-a52e-4f735466cecf":"00000000-0000-0dee-ffff-ffff00000212","ELEMENT":"00000000-0000-0dee-ffff-ffff00000212"}
&amp#27;[38;5;79m[a4e3d06f]&amp#27;[0m&amp#27;[38;5;86m[HTTP]&amp#27;[0m &amp#27;[37m<-- POST /session/a4e3d06f-a5f1-4c34-a7a0-d757f192f2f5/element &amp#27;[39m&amp#27;[32m200&amp#27;[39m &amp#27;[90m94 ms - 137&amp#27;[39m &amp#27;[90m&amp#27;[39m
&amp#27;[38;5;79m[a4e3d06f]&amp#27;[0m&amp#27;[38;5;86m[HTTP]&amp#27;[0m &amp#27;[37m-->&amp#27;[39m &amp#27;[37mPOST&amp#27;[39m &amp#27;[37m/session/a4e3d06f-a5f1-4c34-a7a0-d757f192f2f5/element/00000000-0000-0dee-ffff-ffff00000212/click&amp#27;[39m &amp#27;[90m{"id":"00000000-0000-0dee-ffff-ffff00000212"}&amp#27;[39m
&amp#27;[38;5;79m[a4e3d06f]&amp#27;[0m&amp#27;[38;5;-121m[AndroidUiautomator2Driver@5aff]&amp#27;[0m Calling AppiumDriver.click() with args: ["00000000-0000-0dee-ffff-ffff00000212","a4e3d06f-a5f1-4c34-a7a0-d757f192f2f5"]
&amp#27;[38;5;79m[a4e3d06f]&amp#27;[0m&amp#27;[38;5;-121m[AndroidUiautomator2Driver@5aff]&amp#27;[0m Matched '/element/00000000-0000-0dee-ffff-ffff00000212/click' to command name 'click'
&amp#27;[38;5;79m[a4e3d06f]&amp#27;[0m&amp#27;[38;5;-121m[AndroidUiautomator2Driver@5aff]&amp#27;[0m Proxying [POST /element/00000000-0000-0dee-ffff-ffff00000212/click] to [POST http://127.0.0.1:8205/session/b5336736-6890-4900-a60d-9c29b2799a2d/element/00000000-0000-0dee-ffff-ffff00000212/click] with body: {"element":"00000000-0000-0dee-ffff-ffff00000212"}
&amp#27;[38;5;79m[a4e3d06f]&amp#27;[0m&amp#27;[38;5;-121m[AndroidUiautomator2Driver@5aff]&amp#27;[0m Got response with status 200: {"sessionId":"b5336736-6890-4900-a60d-9c29b2799a2d","value":null}
&amp#27;[38;5;79m[a4e3d06f]&amp#27;[0m&amp#27;[38;5;-121m[AndroidUiautomator2Driver@5aff]&amp#27;[0m Responding to client with driver.click() result: null
&amp#27;[38;5;79m[a4e3d06f]&amp#27;[0m&amp#27;[38;5;86m[HTTP]&amp#27;[0m &amp#27;[37m<-- POST /session/a4e3d06f-a5f1-4c34-a7a0-d757f192f2f5/element/00000000-0000-0dee-ffff-ffff00000212/click &amp#27;[39m&amp#27;[32m200&amp#27;[39m &amp#27;[90m762 ms - 14&amp#27;[39m &amp#27;[90m&amp#27;[39m
&amp#27;[38;5;79m[a4e3d06f]&amp#27;[0m&amp#27;[38;5;86m[HTTP]&amp#27;[0m &amp#27;[37m-->&amp#27;[39m &amp#27;[37mGET&amp#27;[39m &amp#27;[37m/session/a4e3d06f-a5f1-4c34-a7a0-d757f192f2f5/context&amp#27;[39m &amp#27;[90m{}&amp#27;[39m
&amp#27;[38;5;79m[a4e3d06f]&amp#27;[0m&amp#27;[38;5;-121m[AndroidUiautomator2Driver@5aff]&amp#27;[0m Calling AppiumDriver.getCurrentContext() with args: ["a4e3d06f-a5f1-4c34-a7a0-d757f192f2f5"]
&amp#27;[38;5;79m[a4e3d06f]&amp#27;[0m&amp#27;[38;5;-121m[AndroidUiautomator2Driver@5aff]&amp#27;[0m Responding to client with driver.getCurrentContext() result: "NATIVE_APP"
&amp#27;[38;5;79m[a4e3d06f]&amp#27;[0m&amp#27;[38;5;86m[HTTP]&amp#27;[0m &amp#27;[37m<-- GET /session/a4e3d06f-a5f1-4c34-a7a0-d757f192f2f5/context &amp#27;[39m&amp#27;[32m200&amp#27;[39m &amp#27;[90m1 ms - 22&amp#27;[39m &amp#27;[90m&amp#27;[39m
&amp#27;[38;5;79m[a4e3d06f]&amp#27;[0m&amp#27;[38;5;86m[HTTP]&amp#27;[0m &amp#27;[37m-->&amp#27;[39m &amp#27;[37mPOST&amp#27;[39m &amp#27;[37m/session/a4e3d06f-a5f1-4c34-a7a0-d757f192f2f5/element&amp#27;[39m &amp#27;[90m{"using":"accessibility id","value":"Increase item quantity"}&amp#27;[39m
&amp#27;[38;5;79m[a4e3d06f]&amp#27;[0m&amp#27;[38;5;-121m[AndroidUiautomator2Driver@5aff]&amp#27;[0m Calling AppiumDriver.findElement() with args: ["accessibility id","Increase item quantity","a4e3d06f-a5f1-4c34-a7a0-d757f192f2f5"]
&amp#27;[38;5;79m[a4e3d06f]&amp#27;[0m&amp#27;[38;5;-121m[AndroidUiautomator2Driver@5aff]&amp#27;[0m Valid locator strategies for this request: xpath, id, class name, accessibility id, css selector, -android uiautomator
&amp#27;[38;5;79m[a4e3d06f]&amp#27;[0m&amp#27;[38;5;-121m[AndroidUiautomator2Driver@5aff]&amp#27;[0m Waiting up to 15000 ms for condition
&amp#27;[38;5;79m[a4e3d06f]&amp#27;[0m&amp#27;[38;5;-121m[AndroidUiautomator2Driver@5aff]&amp#27;[0m Matched '/element' to command name 'findElement'
&amp#27;[38;5;79m[a4e3d06f]&amp#27;[0m&amp#27;[38;5;-121m[AndroidUiautomator2Driver@5aff]&amp#27;[0m Proxying [POST /element] to [POST http://127.0.0.1:8205/session/b5336736-6890-4900-a60d-9c29b2799a2d/element] with body: {"strategy":"accessibility id","selector":"Increase item quantity","context":"","multiple":false}
&amp#27;[38;5;79m[a4e3d06f]&amp#27;[0m&amp#27;[38;5;-121m[AndroidUiautomator2Driver@5aff]&amp#27;[0m Got response with status 200: {"sessionId":"b5336736-6890-4900-a60d-9c29b2799a2d","value":{"ELEMENT":"00000000-0000-0def-ffff-ffff0000033d","element-6066-11e4-a52e-4f735466cecf":"00000000-0000-0def-ffff-ffff0000033d"}}
&amp#27;[38;5;79m[a4e3d06f]&amp#27;[0m&amp#27;[38;5;-121m[AndroidUiautomator2Driver@5aff]&amp#27;[0m Responding to client with driver.findElement() result: {"element-6066-11e4-a52e-4f735466cecf":"00000000-0000-0def-ffff-ffff0000033d","ELEMENT":"00000000-0000-0def-ffff-ffff0000033d"}
&amp#27;[38;5;79m[a4e3d06f]&amp#27;[0m&amp#27;[38;5;86m[HTTP]&amp#27;[0m &amp#27;[37m<-- POST /session/a4e3d06f-a5f1-4c34-a7a0-d757f192f2f5/element &amp#27;[39m&amp#27;[32m200&amp#27;[39m &amp#27;[90m132 ms - 137&amp#27;[39m &amp#27;[90m&amp#27;[39m
&amp#27;[38;5;79m[a4e3d06f]&amp#27;[0m&amp#27;[38;5;86m[HTTP]&amp#27;[0m &amp#27;[37m-->&amp#27;[39m &amp#27;[37mPOST&amp#27;[39m &amp#27;[37m/session/a4e3d06f-a5f1-4c34-a7a0-d757f192f2f5/element/00000000-0000-0def-ffff-ffff0000033d/click&amp#27;[39m &amp#27;[90m{"id":"00000000-0000-0def-ffff-ffff0000033d"}&amp#27;[39m
&amp#27;[38;5;79m[a4e3d06f]&amp#27;[0m&amp#27;[38;5;-121m[AndroidUiautomator2Driver@5aff]&amp#27;[0m Calling AppiumDriver.click() with args: ["00000000-0000-0def-ffff-ffff0000033d","a4e3d06f-a5f1-4c34-a7a0-d757f192f2f5"]
&amp#27;[38;5;79m[a4e3d06f]&amp#27;[0m&amp#27;[38;5;-121m[AndroidUiautomator2Driver@5aff]&amp#27;[0m Matched '/element/00000000-0000-0def-ffff-ffff0000033d/click' to command name 'click'
&amp#27;[38;5;79m[a4e3d06f]&amp#27;[0m&amp#27;[38;5;-121m[AndroidUiautomator2Driver@5aff]&amp#27;[0m Proxying [POST /element/00000000-0000-0def-ffff-ffff0000033d/click] to [POST http://127.0.0.1:8205/session/b5336736-6890-4900-a60d-9c29b2799a2d/element/00000000-0000-0def-ffff-ffff0000033d/click] with body: {"element":"00000000-0000-0def-ffff-ffff0000033d"}
&amp#27;[38;5;79m[a4e3d06f]&amp#27;[0m&amp#27;[38;5;-121m[AndroidUiautomator2Driver@5aff]&amp#27;[0m Got response with status 200: {"sessionId":"b5336736-6890-4900-a60d-9c29b2799a2d","value":null}
&amp#27;[38;5;79m[a4e3d06f]&amp#27;[0m&amp#27;[38;5;-121m[AndroidUiautomator2Driver@5aff]&amp#27;[0m Responding to client with driver.click() result: null
&amp#27;[38;5;79m[a4e3d06f]&amp#27;[0m&amp#27;[38;5;86m[HTTP]&amp#27;[0m &amp#27;[37m<-- POST /session/a4e3d06f-a5f1-4c34-a7a0-d757f192f2f5/element/00000000-0000-0def-ffff-ffff0000033d/click &amp#27;[39m&amp#27;[32m200&amp#27;[39m &amp#27;[90m690 ms - 14&amp#27;[39m &amp#27;[90m&amp#27;[39m
&amp#27;[38;5;79m[a4e3d06f]&amp#27;[0m&amp#27;[38;5;86m[HTTP]&amp#27;[0m &amp#27;[37m-->&amp#27;[39m &amp#27;[37mGET&amp#27;[39m &amp#27;[37m/session/a4e3d06f-a5f1-4c34-a7a0-d757f192f2f5/context&amp#27;[39m &amp#27;[90m{}&amp#27;[39m
&amp#27;[38;5;79m[a4e3d06f]&amp#27;[0m&amp#27;[38;5;-121m[AndroidUiautomator2Driver@5aff]&amp#27;[0m Calling AppiumDriver.getCurrentContext() with args: ["a4e3d06f-a5f1-4c34-a7a0-d757f192f2f5"]
&amp#27;[38;5;79m[a4e3d06f]&amp#27;[0m&amp#27;[38;5;-121m[AndroidUiautomator2Driver@5aff]&amp#27;[0m Responding to client with driver.getCurrentContext() result: "NATIVE_APP"
&amp#27;[38;5;79m[a4e3d06f]&amp#27;[0m&amp#27;[38;5;86m[HTTP]&amp#27;[0m &amp#27;[37m<-- GET /session/a4e3d06f-a5f1-4c34-a7a0-d757f192f2f5/context &amp#27;[39m&amp#27;[32m200&amp#27;[39m &amp#27;[90m1 ms - 22&amp#27;[39m &amp#27;[90m&amp#27;[39m
&amp#27;[38;5;79m[a4e3d06f]&amp#27;[0m&amp#27;[38;5;86m[HTTP]&amp#27;[0m &amp#27;[37m-->&amp#27;[39m &amp#27;[37mPOST&amp#27;[39m &amp#27;[37m/session/a4e3d06f-a5f1-4c34-a7a0-d757f192f2f5/element&amp#27;[39m &amp#27;[90m{"using":"accessibility id","value":"Increase item quantity"}&amp#27;[39m
&amp#27;[38;5;79m[a4e3d06f]&amp#27;[0m&amp#27;[38;5;-121m[AndroidUiautomator2Driver@5aff]&amp#27;[0m Calling AppiumDriver.findElement() with args: ["accessibility id","Increase item quantity","a4e3d06f-a5f1-4c34-a7a0-d757f192f2f5"]
&amp#27;[38;5;79m[a4e3d06f]&amp#27;[0m&amp#27;[38;5;-121m[AndroidUiautomator2Driver@5aff]&amp#27;[0m Valid locator strategies for this request: xpath, id, class name, accessibility id, css selector, -android uiautomator
&amp#27;[38;5;79m[a4e3d06f]&amp#27;[0m&amp#27;[38;5;-121m[AndroidUiautomator2Driver@5aff]&amp#27;[0m Waiting up to 15000 ms for condition
&amp#27;[38;5;79m[a4e3d06f]&amp#27;[0m&amp#27;[38;5;-121m[AndroidUiautomator2Driver@5aff]&amp#27;[0m Matched '/element' to command name 'findElement'
&amp#27;[38;5;79m[a4e3d06f]&amp#27;[0m&amp#27;[38;5;-121m[AndroidUiautomator2Driver@5aff]&amp#27;[0m Proxying [POST /element] to [POST http://127.0.0.1:8205/session/b5336736-6890-4900-a60d-9c29b2799a2d/element] with body: {"strategy":"accessibility id","selector":"Increase item quantity","context":"","multiple":false}
&amp#27;[38;5;79m[a4e3d06f]&amp#27;[0m&amp#27;[38;5;-121m[AndroidUiautomator2Driver@5aff]&amp#27;[0m Got response with status 200: {"sessionId":"b5336736-6890-4900-a60d-9c29b2799a2d","value":{"ELEMENT":"00000000-0000-0def-ffff-ffff0000033d","element-6066-11e4-a52e-4f735466cecf":"00000000-0000-0def-ffff-ffff0000033d"}}
&amp#27;[38;5;79m[a4e3d06f]&amp#27;[0m&amp#27;[38;5;-121m[AndroidUiautomator2Driver@5aff]&amp#27;[0m Responding to client with driver.findElement() result: {"element-6066-11e4-a52e-4f735466cecf":"00000000-0000-0def-ffff-ffff0000033d","ELEMENT":"00000000-0000-0def-ffff-ffff0000033d"}
&amp#27;[38;5;79m[a4e3d06f]&amp#27;[0m&amp#27;[38;5;86m[HTTP]&amp#27;[0m &amp#27;[37m<-- POST /session/a4e3d06f-a5f1-4c34-a7a0-d757f192f2f5/element &amp#27;[39m&amp#27;[32m200&amp#27;[39m &amp#27;[90m185 ms - 137&amp#27;[39m &amp#27;[90m&amp#27;[39m
&amp#27;[38;5;79m[a4e3d06f]&amp#27;[0m&amp#27;[38;5;86m[HTTP]&amp#27;[0m &amp#27;[37m-->&amp#27;[39m &amp#27;[37mPOST&amp#27;[39m &amp#27;[37m/session/a4e3d06f-a5f1-4c34-a7a0-d757f192f2f5/element/00000000-0000-0def-ffff-ffff0000033d/click&amp#27;[39m &amp#27;[90m{"id":"00000000-0000-0def-ffff-ffff0000033d"}&amp#27;[39m
&amp#27;[38;5;79m[a4e3d06f]&amp#27;[0m&amp#27;[38;5;-121m[AndroidUiautomator2Driver@5aff]&amp#27;[0m Calling AppiumDriver.click() with args: ["00000000-0000-0def-ffff-ffff0000033d","a4e3d06f-a5f1-4c34-a7a0-d757f192f2f5"]
&amp#27;[38;5;79m[a4e3d06f]&amp#27;[0m&amp#27;[38;5;-121m[AndroidUiautomator2Driver@5aff]&amp#27;[0m Matched '/element/00000000-0000-0def-ffff-ffff0000033d/click' to command name 'click'
&amp#27;[38;5;79m[a4e3d06f]&amp#27;[0m&amp#27;[38;5;-121m[AndroidUiautomator2Driver@5aff]&amp#27;[0m Proxying [POST /element/00000000-0000-0def-ffff-ffff0000033d/click] to [POST http://127.0.0.1:8205/session/b5336736-6890-4900-a60d-9c29b2799a2d/element/00000000-0000-0def-ffff-ffff0000033d/click] with body: {"element":"00000000-0000-0def-ffff-ffff0000033d"}
&amp#27;[38;5;79m[a4e3d06f]&amp#27;[0m&amp#27;[38;5;-121m[AndroidUiautomator2Driver@5aff]&amp#27;[0m Got response with status 200: {"sessionId":"b5336736-6890-4900-a60d-9c29b2799a2d","value":null}
&amp#27;[38;5;79m[a4e3d06f]&amp#27;[0m&amp#27;[38;5;-121m[AndroidUiautomator2Driver@5aff]&amp#27;[0m Responding to client with driver.click() result: null
&amp#27;[38;5;79m[a4e3d06f]&amp#27;[0m&amp#27;[38;5;86m[HTTP]&amp#27;[0m &amp#27;[37m<-- POST /session/a4e3d06f-a5f1-4c34-a7a0-d757f192f2f5/element/00000000-0000-0def-ffff-ffff0000033d/click &amp#27;[39m&amp#27;[32m200&amp#27;[39m &amp#27;[90m107 ms - 14&amp#27;[39m &amp#27;[90m&amp#27;[39m
&amp#27;[38;5;79m[a4e3d06f]&amp#27;[0m&amp#27;[38;5;86m[HTTP]&amp#27;[0m &amp#27;[37m-->&amp#27;[39m &amp#27;[37mGET&amp#27;[39m &amp#27;[37m/session/a4e3d06f-a5f1-4c34-a7a0-d757f192f2f5/context&amp#27;[39m &amp#27;[90m{}&amp#27;[39m
&amp#27;[38;5;79m[a4e3d06f]&amp#27;[0m&amp#27;[38;5;-121m[AndroidUiautomator2Driver@5aff]&amp#27;[0m Calling AppiumDriver.getCurrentContext() with args: ["a4e3d06f-a5f1-4c34-a7a0-d757f192f2f5"]
&amp#27;[38;5;79m[a4e3d06f]&amp#27;[0m&amp#27;[38;5;-121m[AndroidUiautomator2Driver@5aff]&amp#27;[0m Responding to client with driver.getCurrentContext() result: "NATIVE_APP"
&amp#27;[38;5;79m[a4e3d06f]&amp#27;[0m&amp#27;[38;5;86m[HTTP]&amp#27;[0m &amp#27;[37m<-- GET /session/a4e3d06f-a5f1-4c34-a7a0-d757f192f2f5/context &amp#27;[39m&amp#27;[32m200&amp#27;[39m &amp#27;[90m1 ms - 22&amp#27;[39m &amp#27;[90m&amp#27;[39m
&amp#27;[38;5;79m[a4e3d06f]&amp#27;[0m&amp#27;[38;5;86m[HTTP]&amp#27;[0m &amp#27;[37m-->&amp#27;[39m &amp#27;[37mPOST&amp#27;[39m &amp#27;[37m/session/a4e3d06f-a5f1-4c34-a7a0-d757f192f2f5/element&amp#27;[39m &amp#27;[90m{"using":"accessibility id","value":"Tap to add product to cart"}&amp#27;[39m
&amp#27;[38;5;79m[a4e3d06f]&amp#27;[0m&amp#27;[38;5;-121m[AndroidUiautomator2Driver@5aff]&amp#27;[0m Calling AppiumDriver.findElement() with args: ["accessibility id","Tap to add product to cart","a4e3d06f-a5f1-4c34-a7a0-d757f192f2f5"]
&amp#27;[38;5;79m[a4e3d06f]&amp#27;[0m&amp#27;[38;5;-121m[AndroidUiautomator2Driver@5aff]&amp#27;[0m Valid locator strategies for this request: xpath, id, class name, accessibility id, css selector, -android uiautomator
&amp#27;[38;5;79m[a4e3d06f]&amp#27;[0m&amp#27;[38;5;-121m[AndroidUiautomator2Driver@5aff]&amp#27;[0m Waiting up to 15000 ms for condition
&amp#27;[38;5;79m[a4e3d06f]&amp#27;[0m&amp#27;[38;5;-121m[AndroidUiautomator2Driver@5aff]&amp#27;[0m Matched '/element' to command name 'findElement'
&amp#27;[38;5;79m[a4e3d06f]&amp#27;[0m&amp#27;[38;5;-121m[AndroidUiautomator2Driver@5aff]&amp#27;[0m Proxying [POST /element] to [POST http://127.0.0.1:8205/session/b5336736-6890-4900-a60d-9c29b2799a2d/element] with body: {"strategy":"accessibility id","selector":"Tap to add product to cart","context":"","multiple":false}
&amp#27;[38;5;79m[a4e3d06f]&amp#27;[0m&amp#27;[38;5;-121m[AndroidUiautomator2Driver@5aff]&amp#27;[0m Got response with status 200: {"sessionId":"b5336736-6890-4900-a60d-9c29b2799a2d","value":{"ELEMENT":"00000000-0000-0def-ffff-ffff0000033e","element-6066-11e4-a52e-4f735466cecf":"00000000-0000-0def-ffff-ffff0000033e"}}
&amp#27;[38;5;79m[a4e3d06f]&amp#27;[0m&amp#27;[38;5;-121m[AndroidUiautomator2Driver@5aff]&amp#27;[0m Responding to client with driver.findElement() result: {"element-6066-11e4-a52e-4f735466cecf":"00000000-0000-0def-ffff-ffff0000033e","ELEMENT":"00000000-0000-0def-ffff-ffff0000033e"}
&amp#27;[38;5;79m[a4e3d06f]&amp#27;[0m&amp#27;[38;5;86m[HTTP]&amp#27;[0m &amp#27;[37m<-- POST /session/a4e3d06f-a5f1-4c34-a7a0-d757f192f2f5/element &amp#27;[39m&amp#27;[32m200&amp#27;[39m &amp#27;[90m722 ms - 137&amp#27;[39m &amp#27;[90m&amp#27;[39m
&amp#27;[38;5;79m[a4e3d06f]&amp#27;[0m&amp#27;[38;5;86m[HTTP]&amp#27;[0m &amp#27;[37m-->&amp#27;[39m &amp#27;[37mPOST&amp#27;[39m &amp#27;[37m/session/a4e3d06f-a5f1-4c34-a7a0-d757f192f2f5/element/00000000-0000-0def-ffff-ffff0000033e/click&amp#27;[39m &amp#27;[90m{"id":"00000000-0000-0def-ffff-ffff0000033e"}&amp#27;[39m
&amp#27;[38;5;79m[a4e3d06f]&amp#27;[0m&amp#27;[38;5;-121m[AndroidUiautomator2Driver@5aff]&amp#27;[0m Calling AppiumDriver.click() with args: ["00000000-0000-0def-ffff-ffff0000033e","a4e3d06f-a5f1-4c34-a7a0-d757f192f2f5"]
&amp#27;[38;5;79m[a4e3d06f]&amp#27;[0m&amp#27;[38;5;-121m[AndroidUiautomator2Driver@5aff]&amp#27;[0m Matched '/element/00000000-0000-0def-ffff-ffff0000033e/click' to command name 'click'
&amp#27;[38;5;79m[a4e3d06f]&amp#27;[0m&amp#27;[38;5;-121m[AndroidUiautomator2Driver@5aff]&amp#27;[0m Proxying [POST /element/00000000-0000-0def-ffff-ffff0000033e/click] to [POST http://127.0.0.1:8205/session/b5336736-6890-4900-a60d-9c29b2799a2d/element/00000000-0000-0def-ffff-ffff0000033e/click] with body: {"element":"00000000-0000-0def-ffff-ffff0000033e"}
&amp#27;[38;5;79m[a4e3d06f]&amp#27;[0m&amp#27;[38;5;-121m[AndroidUiautomator2Driver@5aff]&amp#27;[0m Got response with status 200: {"sessionId":"b5336736-6890-4900-a60d-9c29b2799a2d","value":null}
&amp#27;[38;5;79m[a4e3d06f]&amp#27;[0m&amp#27;[38;5;-121m[AndroidUiautomator2Driver@5aff]&amp#27;[0m Responding to client with driver.click() result: null
&amp#27;[38;5;79m[a4e3d06f]&amp#27;[0m&amp#27;[38;5;86m[HTTP]&amp#27;[0m &amp#27;[37m<-- POST /session/a4e3d06f-a5f1-4c34-a7a0-d757f192f2f5/element/00000000-0000-0def-ffff-ffff0000033e/click &amp#27;[39m&amp#27;[32m200&amp#27;[39m &amp#27;[90m97 ms - 14&amp#27;[39m &amp#27;[90m&amp#27;[39m
&amp#27;[38;5;79m[a4e3d06f]&amp#27;[0m&amp#27;[38;5;86m[HTTP]&amp#27;[0m &amp#27;[37m-->&amp#27;[39m &amp#27;[37mGET&amp#27;[39m &amp#27;[37m/session/a4e3d06f-a5f1-4c34-a7a0-d757f192f2f5/context&amp#27;[39m &amp#27;[90m{}&amp#27;[39m
&amp#27;[38;5;79m[a4e3d06f]&amp#27;[0m&amp#27;[38;5;-121m[AndroidUiautomator2Driver@5aff]&amp#27;[0m Calling AppiumDriver.getCurrentContext() with args: ["a4e3d06f-a5f1-4c34-a7a0-d757f192f2f5"]
&amp#27;[38;5;79m[a4e3d06f]&amp#27;[0m&amp#27;[38;5;-121m[AndroidUiautomator2Driver@5aff]&amp#27;[0m Responding to client with driver.getCurrentContext() result: "NATIVE_APP"
&amp#27;[38;5;79m[a4e3d06f]&amp#27;[0m&amp#27;[38;5;86m[HTTP]&amp#27;[0m &amp#27;[37m<-- GET /session/a4e3d06f-a5f1-4c34-a7a0-d757f192f2f5/context &amp#27;[39m&amp#27;[32m200&amp#27;[39m &amp#27;[90m1 ms - 22&amp#27;[39m &amp#27;[90m&amp#27;[39m
&amp#27;[38;5;79m[a4e3d06f]&amp#27;[0m&amp#27;[38;5;86m[HTTP]&amp#27;[0m &amp#27;[37m-->&amp#27;[39m &amp#27;[37mPOST&amp#27;[39m &amp#27;[37m/session/a4e3d06f-a5f1-4c34-a7a0-d757f192f2f5/element&amp#27;[39m &amp#27;[90m{"using":"id","value":"com.saucelabs.mydemoapp.android:id/cartIV"}&amp#27;[39m
&amp#27;[38;5;79m[a4e3d06f]&amp#27;[0m&amp#27;[38;5;-121m[AndroidUiautomator2Driver@5aff]&amp#27;[0m Calling AppiumDriver.findElement() with args: ["id","com.saucelabs.mydemoapp.android:id/cartIV","a4e3d06f-a5f1-4c34-a7a0-d757f192f2f5"]
&amp#27;[38;5;79m[a4e3d06f]&amp#27;[0m&amp#27;[38;5;-121m[AndroidUiautomator2Driver@5aff]&amp#27;[0m Valid locator strategies for this request: xpath, id, class name, accessibility id, css selector, -android uiautomator
&amp#27;[38;5;79m[a4e3d06f]&amp#27;[0m&amp#27;[38;5;-121m[AndroidUiautomator2Driver@5aff]&amp#27;[0m Waiting up to 15000 ms for condition
&amp#27;[38;5;79m[a4e3d06f]&amp#27;[0m&amp#27;[38;5;-121m[AndroidUiautomator2Driver@5aff]&amp#27;[0m Matched '/element' to command name 'findElement'
&amp#27;[38;5;79m[a4e3d06f]&amp#27;[0m&amp#27;[38;5;-121m[AndroidUiautomator2Driver@5aff]&amp#27;[0m Proxying [POST /element] to [POST http://127.0.0.1:8205/session/b5336736-6890-4900-a60d-9c29b2799a2d/element] with body: {"strategy":"id","selector":"com.saucelabs.mydemoapp.android:id/cartIV","context":"","multiple":false}
&amp#27;[38;5;79m[a4e3d06f]&amp#27;[0m&amp#27;[38;5;-121m[AndroidUiautomator2Driver@5aff]&amp#27;[0m Got response with status 200: {"sessionId":"b5336736-6890-4900-a60d-9c29b2799a2d","value":{"ELEMENT":"00000000-0000-0def-ffff-ffff00000325","element-6066-11e4-a52e-4f735466cecf":"00000000-0000-0def-ffff-ffff00000325"}}
&amp#27;[38;5;79m[a4e3d06f]&amp#27;[0m&amp#27;[38;5;-121m[AndroidUiautomator2Driver@5aff]&amp#27;[0m Responding to client with driver.findElement() result: {"element-6066-11e4-a52e-4f735466cecf":"00000000-0000-0def-ffff-ffff00000325","ELEMENT":"00000000-0000-0def-ffff-ffff00000325"}
&amp#27;[38;5;79m[a4e3d06f]&amp#27;[0m&amp#27;[38;5;86m[HTTP]&amp#27;[0m &amp#27;[37m<-- POST /session/a4e3d06f-a5f1-4c34-a7a0-d757f192f2f5/element &amp#27;[39m&amp#27;[32m200&amp#27;[39m &amp#27;[90m636 ms - 137&amp#27;[39m &amp#27;[90m&amp#27;[39m
&amp#27;[38;5;79m[a4e3d06f]&amp#27;[0m&amp#27;[38;5;86m[HTTP]&amp#27;[0m &amp#27;[37m-->&amp#27;[39m &amp#27;[37mPOST&amp#27;[39m &amp#27;[37m/session/a4e3d06f-a5f1-4c34-a7a0-d757f192f2f5/element/00000000-0000-0def-ffff-ffff00000325/click&amp#27;[39m &amp#27;[90m{"id":"00000000-0000-0def-ffff-ffff00000325"}&amp#27;[39m
&amp#27;[38;5;79m[a4e3d06f]&amp#27;[0m&amp#27;[38;5;-121m[AndroidUiautomator2Driver@5aff]&amp#27;[0m Calling AppiumDriver.click() with args: ["00000000-0000-0def-ffff-ffff00000325","a4e3d06f-a5f1-4c34-a7a0-d757f192f2f5"]
&amp#27;[38;5;79m[a4e3d06f]&amp#27;[0m&amp#27;[38;5;-121m[AndroidUiautomator2Driver@5aff]&amp#27;[0m Matched '/element/00000000-0000-0def-ffff-ffff00000325/click' to command name 'click'
&amp#27;[38;5;79m[a4e3d06f]&amp#27;[0m&amp#27;[38;5;-121m[AndroidUiautomator2Driver@5aff]&amp#27;[0m Proxying [POST /element/00000000-0000-0def-ffff-ffff00000325/click] to [POST http://127.0.0.1:8205/session/b5336736-6890-4900-a60d-9c29b2799a2d/element/00000000-0000-0def-ffff-ffff00000325/click] with body: {"element":"00000000-0000-0def-ffff-ffff00000325"}
&amp#27;[38;5;79m[a4e3d06f]&amp#27;[0m&amp#27;[38;5;-121m[AndroidUiautomator2Driver@5aff]&amp#27;[0m Got response with status 200: {"sessionId":"b5336736-6890-4900-a60d-9c29b2799a2d","value":null}
&amp#27;[38;5;79m[a4e3d06f]&amp#27;[0m&amp#27;[38;5;-121m[AndroidUiautomator2Driver@5aff]&amp#27;[0m Responding to client with driver.click() result: null
&amp#27;[38;5;79m[a4e3d06f]&amp#27;[0m&amp#27;[38;5;86m[HTTP]&amp#27;[0m &amp#27;[37m<-- POST /session/a4e3d06f-a5f1-4c34-a7a0-d757f192f2f5/element/00000000-0000-0def-ffff-ffff00000325/click &amp#27;[39m&amp#27;[32m200&amp#27;[39m &amp#27;[90m756 ms - 14&amp#27;[39m &amp#27;[90m&amp#27;[39m
&amp#27;[38;5;79m[a4e3d06f]&amp#27;[0m&amp#27;[38;5;86m[HTTP]&amp#27;[0m &amp#27;[37m-->&amp#27;[39m &amp#27;[37mGET&amp#27;[39m &amp#27;[37m/session/a4e3d06f-a5f1-4c34-a7a0-d757f192f2f5/context&amp#27;[39m &amp#27;[90m{}&amp#27;[39m
&amp#27;[38;5;79m[a4e3d06f]&amp#27;[0m&amp#27;[38;5;-121m[AndroidUiautomator2Driver@5aff]&amp#27;[0m Calling AppiumDriver.getCurrentContext() with args: ["a4e3d06f-a5f1-4c34-a7a0-d757f192f2f5"]
&amp#27;[38;5;79m[a4e3d06f]&amp#27;[0m&amp#27;[38;5;-121m[AndroidUiautomator2Driver@5aff]&amp#27;[0m Responding to client with driver.getCurrentContext() result: "NATIVE_APP"
&amp#27;[38;5;79m[a4e3d06f]&amp#27;[0m&amp#27;[38;5;86m[HTTP]&amp#27;[0m &amp#27;[37m<-- GET /session/a4e3d06f-a5f1-4c34-a7a0-d757f192f2f5/context &amp#27;[39m&amp#27;[32m200&amp#27;[39m &amp#27;[90m2 ms - 22&amp#27;[39m &amp#27;[90m&amp#27;[39m
&amp#27;[38;5;79m[a4e3d06f]&amp#27;[0m&amp#27;[38;5;86m[HTTP]&amp#27;[0m &amp#27;[37m-->&amp#27;[39m &amp#27;[37mPOST&amp#27;[39m &amp#27;[37m/session/a4e3d06f-a5f1-4c34-a7a0-d757f192f2f5/element&amp#27;[39m &amp#27;[90m{"using":"id","value":"com.saucelabs.mydemoapp.android:id/productTV"}&amp#27;[39m
&amp#27;[38;5;79m[a4e3d06f]&amp#27;[0m&amp#27;[38;5;-121m[AndroidUiautomator2Driver@5aff]&amp#27;[0m Calling AppiumDriver.findElement() with args: ["id","com.saucelabs.mydemoapp.android:id/productTV","a4e3d06f-a5f1-4c34-a7a0-d757f192f2f5"]
&amp#27;[38;5;79m[a4e3d06f]&amp#27;[0m&amp#27;[38;5;-121m[AndroidUiautomator2Driver@5aff]&amp#27;[0m Valid locator strategies for this request: xpath, id, class name, accessibility id, css selector, -android uiautomator
&amp#27;[38;5;79m[a4e3d06f]&amp#27;[0m&amp#27;[38;5;-121m[AndroidUiautomator2Driver@5aff]&amp#27;[0m Waiting up to 15000 ms for condition
&amp#27;[38;5;79m[a4e3d06f]&amp#27;[0m&amp#27;[38;5;-121m[AndroidUiautomator2Driver@5aff]&amp#27;[0m Matched '/element' to command name 'findElement'
&amp#27;[38;5;79m[a4e3d06f]&amp#27;[0m&amp#27;[38;5;-121m[AndroidUiautomator2Driver@5aff]&amp#27;[0m Proxying [POST /element] to [POST http://127.0.0.1:8205/session/b5336736-6890-4900-a60d-9c29b2799a2d/element] with body: {"strategy":"id","selector":"com.saucelabs.mydemoapp.android:id/productTV","context":"","multiple":false}
&amp#27;[38;5;79m[a4e3d06f]&amp#27;[0m&amp#27;[38;5;-121m[AndroidUiautomator2Driver@5aff]&amp#27;[0m Got response with status 200: {"sessionId":"b5336736-6890-4900-a60d-9c29b2799a2d","value":{"ELEMENT":"00000000-0000-0df0-ffff-ffff0000039e","element-6066-11e4-a52e-4f735466cecf":"00000000-0000-0df0-ffff-ffff0000039e"}}
&amp#27;[38;5;79m[a4e3d06f]&amp#27;[0m&amp#27;[38;5;-121m[AndroidUiautomator2Driver@5aff]&amp#27;[0m Responding to client with driver.findElement() result: {"element-6066-11e4-a52e-4f735466cecf":"00000000-0000-0df0-ffff-ffff0000039e","ELEMENT":"00000000-0000-0df0-ffff-ffff0000039e"}
&amp#27;[38;5;79m[a4e3d06f]&amp#27;[0m&amp#27;[38;5;86m[HTTP]&amp#27;[0m &amp#27;[37m<-- POST /session/a4e3d06f-a5f1-4c34-a7a0-d757f192f2f5/element &amp#27;[39m&amp#27;[32m200&amp#27;[39m &amp#27;[90m119 ms - 137&amp#27;[39m &amp#27;[90m&amp#27;[39m
&amp#27;[38;5;79m[a4e3d06f]&amp#27;[0m&amp#27;[38;5;86m[HTTP]&amp#27;[0m &amp#27;[37m-->&amp#27;[39m &amp#27;[37mGET&amp#27;[39m &amp#27;[37m/session/a4e3d06f-a5f1-4c34-a7a0-d757f192f2f5/element/00000000-0000-0df0-ffff-ffff0000039e/displayed&amp#27;[39m &amp#27;[90m{}&amp#27;[39m
&amp#27;[38;5;79m[a4e3d06f]&amp#27;[0m&amp#27;[38;5;-121m[AndroidUiautomator2Driver@5aff]&amp#27;[0m Calling AppiumDriver.elementDisplayed() with args: ["00000000-0000-0df0-ffff-ffff0000039e","a4e3d06f-a5f1-4c34-a7a0-d757f192f2f5"]
&amp#27;[38;5;79m[a4e3d06f]&amp#27;[0m&amp#27;[38;5;-121m[AndroidUiautomator2Driver@5aff]&amp#27;[0m Matched '/element/00000000-0000-0df0-ffff-ffff0000039e/attribute/displayed' to command name 'getAttribute'
&amp#27;[38;5;79m[a4e3d06f]&amp#27;[0m&amp#27;[38;5;-121m[AndroidUiautomator2Driver@5aff]&amp#27;[0m Proxying [GET /element/00000000-0000-0df0-ffff-ffff0000039e/attribute/displayed] to [GET http://127.0.0.1:8205/session/b5336736-6890-4900-a60d-9c29b2799a2d/element/00000000-0000-0df0-ffff-ffff0000039e/attribute/displayed] with no body
&amp#27;[38;5;79m[a4e3d06f]&amp#27;[0m&amp#27;[38;5;-121m[AndroidUiautomator2Driver@5aff]&amp#27;[0m Got response with status 200: {"sessionId":"b5336736-6890-4900-a60d-9c29b2799a2d","value":"true"}
&amp#27;[38;5;79m[a4e3d06f]&amp#27;[0m&amp#27;[38;5;-121m[AndroidUiautomator2Driver@5aff]&amp#27;[0m Responding to client with driver.elementDisplayed() result: true
&amp#27;[38;5;79m[a4e3d06f]&amp#27;[0m&amp#27;[38;5;86m[HTTP]&amp#27;[0m &amp#27;[37m<-- GET /session/a4e3d06f-a5f1-4c34-a7a0-d757f192f2f5/element/00000000-0000-0df0-ffff-ffff0000039e/displayed &amp#27;[39m&amp#27;[32m200&amp#27;[39m &amp#27;[90m50 ms - 14&amp#27;[39m &amp#27;[90m&amp#27;[39m
&amp#27;[38;5;79m[a4e3d06f]&amp#27;[0m&amp#27;[38;5;86m[HTTP]&amp#27;[0m &amp#27;[37m-->&amp#27;[39m &amp#27;[37mGET&amp#27;[39m &amp#27;[37m/session/a4e3d06f-a5f1-4c34-a7a0-d757f192f2f5/context&amp#27;[39m &amp#27;[90m{}&amp#27;[39m
&amp#27;[38;5;79m[a4e3d06f]&amp#27;[0m&amp#27;[38;5;-121m[AndroidUiautomator2Driver@5aff]&amp#27;[0m Calling AppiumDriver.getCurrentContext() with args: ["a4e3d06f-a5f1-4c34-a7a0-d757f192f2f5"]
&amp#27;[38;5;79m[a4e3d06f]&amp#27;[0m&amp#27;[38;5;-121m[AndroidUiautomator2Driver@5aff]&amp#27;[0m Responding to client with driver.getCurrentContext() result: "NATIVE_APP"
&amp#27;[38;5;79m[a4e3d06f]&amp#27;[0m&amp#27;[38;5;86m[HTTP]&amp#27;[0m &amp#27;[37m<-- GET /session/a4e3d06f-a5f1-4c34-a7a0-d757f192f2f5/context &amp#27;[39m&amp#27;[32m200&amp#27;[39m &amp#27;[90m2 ms - 22&amp#27;[39m &amp#27;[90m&amp#27;[39m
&amp#27;[38;5;79m[a4e3d06f]&amp#27;[0m&amp#27;[38;5;86m[HTTP]&amp#27;[0m &amp#27;[37m-->&amp#27;[39m &amp#27;[37mPOST&amp#27;[39m &amp#27;[37m/session/a4e3d06f-a5f1-4c34-a7a0-d757f192f2f5/element&amp#27;[39m &amp#27;[90m{"using":"accessibility id","value":"View menu"}&amp#27;[39m
&amp#27;[38;5;79m[a4e3d06f]&amp#27;[0m&amp#27;[38;5;-121m[AndroidUiautomator2Driver@5aff]&amp#27;[0m Calling AppiumDriver.findElement() with args: ["accessibility id","View menu","a4e3d06f-a5f1-4c34-a7a0-d757f192f2f5"]
&amp#27;[38;5;79m[a4e3d06f]&amp#27;[0m&amp#27;[38;5;-121m[AndroidUiautomator2Driver@5aff]&amp#27;[0m Valid locator strategies for this request: xpath, id, class name, accessibility id, css selector, -android uiautomator
&amp#27;[38;5;79m[a4e3d06f]&amp#27;[0m&amp#27;[38;5;-121m[AndroidUiautomator2Driver@5aff]&amp#27;[0m Waiting up to 15000 ms for condition
&amp#27;[38;5;79m[a4e3d06f]&amp#27;[0m&amp#27;[38;5;-121m[AndroidUiautomator2Driver@5aff]&amp#27;[0m Matched '/element' to command name 'findElement'
&amp#27;[38;5;79m[a4e3d06f]&amp#27;[0m&amp#27;[38;5;-121m[AndroidUiautomator2Driver@5aff]&amp#27;[0m Proxying [POST /element] to [POST http://127.0.0.1:8205/session/b5336736-6890-4900-a60d-9c29b2799a2d/element] with body: {"strategy":"accessibility id","selector":"View menu","context":"","multiple":false}
&amp#27;[38;5;79m[a4e3d06f]&amp#27;[0m&amp#27;[38;5;-121m[AndroidUiautomator2Driver@5aff]&amp#27;[0m Got response with status 200: {"sessionId":"b5336736-6890-4900-a60d-9c29b2799a2d","value":{"ELEMENT":"00000000-0000-0df0-ffff-ffff0000038a","element-6066-11e4-a52e-4f735466cecf":"00000000-0000-0df0-ffff-ffff0000038a"}}
&amp#27;[38;5;79m[a4e3d06f]&amp#27;[0m&amp#27;[38;5;-121m[AndroidUiautomator2Driver@5aff]&amp#27;[0m Responding to client with driver.findElement() result: {"element-6066-11e4-a52e-4f735466cecf":"00000000-0000-0df0-ffff-ffff0000038a","ELEMENT":"00000000-0000-0df0-ffff-ffff0000038a"}
&amp#27;[38;5;79m[a4e3d06f]&amp#27;[0m&amp#27;[38;5;86m[HTTP]&amp#27;[0m &amp#27;[37m<-- POST /session/a4e3d06f-a5f1-4c34-a7a0-d757f192f2f5/element &amp#27;[39m&amp#27;[32m200&amp#27;[39m &amp#27;[90m63 ms - 137&amp#27;[39m &amp#27;[90m&amp#27;[39m
&amp#27;[38;5;79m[a4e3d06f]&amp#27;[0m&amp#27;[38;5;86m[HTTP]&amp#27;[0m &amp#27;[37m-->&amp#27;[39m &amp#27;[37mPOST&amp#27;[39m &amp#27;[37m/session/a4e3d06f-a5f1-4c34-a7a0-d757f192f2f5/element/00000000-0000-0df0-ffff-ffff0000038a/click&amp#27;[39m &amp#27;[90m{"id":"00000000-0000-0df0-ffff-ffff0000038a"}&amp#27;[39m
&amp#27;[38;5;79m[a4e3d06f]&amp#27;[0m&amp#27;[38;5;-121m[AndroidUiautomator2Driver@5aff]&amp#27;[0m Calling AppiumDriver.click() with args: ["00000000-0000-0df0-ffff-ffff0000038a","a4e3d06f-a5f1-4c34-a7a0-d757f192f2f5"]
&amp#27;[38;5;79m[a4e3d06f]&amp#27;[0m&amp#27;[38;5;-121m[AndroidUiautomator2Driver@5aff]&amp#27;[0m Matched '/element/00000000-0000-0df0-ffff-ffff0000038a/click' to command name 'click'
&amp#27;[38;5;79m[a4e3d06f]&amp#27;[0m&amp#27;[38;5;-121m[AndroidUiautomator2Driver@5aff]&amp#27;[0m Proxying [POST /element/00000000-0000-0df0-ffff-ffff0000038a/click] to [POST http://127.0.0.1:8205/session/b5336736-6890-4900-a60d-9c29b2799a2d/element/00000000-0000-0df0-ffff-ffff0000038a/click] with body: {"element":"00000000-0000-0df0-ffff-ffff0000038a"}
&amp#27;[38;5;79m[a4e3d06f]&amp#27;[0m&amp#27;[38;5;-121m[AndroidUiautomator2Driver@5aff]&amp#27;[0m Got response with status 200: {"sessionId":"b5336736-6890-4900-a60d-9c29b2799a2d","value":null}
&amp#27;[38;5;79m[a4e3d06f]&amp#27;[0m&amp#27;[38;5;-121m[AndroidUiautomator2Driver@5aff]&amp#27;[0m Responding to client with driver.click() result: null
&amp#27;[38;5;79m[a4e3d06f]&amp#27;[0m&amp#27;[38;5;86m[HTTP]&amp#27;[0m &amp#27;[37m<-- POST /session/a4e3d06f-a5f1-4c34-a7a0-d757f192f2f5/element/00000000-0000-0df0-ffff-ffff0000038a/click &amp#27;[39m&amp#27;[32m200&amp#27;[39m &amp#27;[90m989 ms - 14&amp#27;[39m &amp#27;[90m&amp#27;[39m
&amp#27;[38;5;79m[a4e3d06f]&amp#27;[0m&amp#27;[38;5;86m[HTTP]&amp#27;[0m &amp#27;[37m-->&amp#27;[39m &amp#27;[37mGET&amp#27;[39m &amp#27;[37m/session/a4e3d06f-a5f1-4c34-a7a0-d757f192f2f5/context&amp#27;[39m &amp#27;[90m{}&amp#27;[39m
&amp#27;[38;5;79m[a4e3d06f]&amp#27;[0m&amp#27;[38;5;-121m[AndroidUiautomator2Driver@5aff]&amp#27;[0m Calling AppiumDriver.getCurrentContext() with args: ["a4e3d06f-a5f1-4c34-a7a0-d757f192f2f5"]
&amp#27;[38;5;79m[a4e3d06f]&amp#27;[0m&amp#27;[38;5;-121m[AndroidUiautomator2Driver@5aff]&amp#27;[0m Responding to client with driver.getCurrentContext() result: "NATIVE_APP"
&amp#27;[38;5;79m[a4e3d06f]&amp#27;[0m&amp#27;[38;5;86m[HTTP]&amp#27;[0m &amp#27;[37m<-- GET /session/a4e3d06f-a5f1-4c34-a7a0-d757f192f2f5/context &amp#27;[39m&amp#27;[32m200&amp#27;[39m &amp#27;[90m2 ms - 22&amp#27;[39m &amp#27;[90m&amp#27;[39m
&amp#27;[38;5;79m[a4e3d06f]&amp#27;[0m&amp#27;[38;5;86m[HTTP]&amp#27;[0m &amp#27;[37m-->&amp#27;[39m &amp#27;[37mPOST&amp#27;[39m &amp#27;[37m/session/a4e3d06f-a5f1-4c34-a7a0-d757f192f2f5/element&amp#27;[39m &amp#27;[90m{"using":"accessibility id","value":"Logout Menu Item"}&amp#27;[39m
&amp#27;[38;5;79m[a4e3d06f]&amp#27;[0m&amp#27;[38;5;-121m[AndroidUiautomator2Driver@5aff]&amp#27;[0m Calling AppiumDriver.findElement() with args: ["accessibility id","Logout Menu Item","a4e3d06f-a5f1-4c34-a7a0-d757f192f2f5"]
&amp#27;[38;5;79m[a4e3d06f]&amp#27;[0m&amp#27;[38;5;-121m[AndroidUiautomator2Driver@5aff]&amp#27;[0m Valid locator strategies for this request: xpath, id, class name, accessibility id, css selector, -android uiautomator
&amp#27;[38;5;79m[a4e3d06f]&amp#27;[0m&amp#27;[38;5;-121m[AndroidUiautomator2Driver@5aff]&amp#27;[0m Waiting up to 15000 ms for condition
&amp#27;[38;5;79m[a4e3d06f]&amp#27;[0m&amp#27;[38;5;-121m[AndroidUiautomator2Driver@5aff]&amp#27;[0m Matched '/element' to command name 'findElement'
&amp#27;[38;5;79m[a4e3d06f]&amp#27;[0m&amp#27;[38;5;-121m[AndroidUiautomator2Driver@5aff]&amp#27;[0m Proxying [POST /element] to [POST http://127.0.0.1:8205/session/b5336736-6890-4900-a60d-9c29b2799a2d/element] with body: {"strategy":"accessibility id","selector":"Logout Menu Item","context":"","multiple":false}
&amp#27;[38;5;79m[a4e3d06f]&amp#27;[0m&amp#27;[38;5;-121m[AndroidUiautomator2Driver@5aff]&amp#27;[0m Got response with status 200: {"sessionId":"b5336736-6890-4900-a60d-9c29b2799a2d","value":{"ELEMENT":"00000000-0000-0df0-ffff-ffff000003f4","element-6066-11e4-a52e-4f735466cecf":"00000000-0000-0df0-ffff-ffff000003f4"}}
&amp#27;[38;5;79m[a4e3d06f]&amp#27;[0m&amp#27;[38;5;-121m[AndroidUiautomator2Driver@5aff]&amp#27;[0m Responding to client with driver.findElement() result: {"element-6066-11e4-a52e-4f735466cecf":"00000000-0000-0df0-ffff-ffff000003f4","ELEMENT":"00000000-0000-0df0-ffff-ffff000003f4"}
&amp#27;[38;5;79m[a4e3d06f]&amp#27;[0m&amp#27;[38;5;86m[HTTP]&amp#27;[0m &amp#27;[37m<-- POST /session/a4e3d06f-a5f1-4c34-a7a0-d757f192f2f5/element &amp#27;[39m&amp#27;[32m200&amp#27;[39m &amp#27;[90m250 ms - 137&amp#27;[39m &amp#27;[90m&amp#27;[39m
&amp#27;[38;5;79m[a4e3d06f]&amp#27;[0m&amp#27;[38;5;86m[HTTP]&amp#27;[0m &amp#27;[37m-->&amp#27;[39m &amp#27;[37mPOST&amp#27;[39m &amp#27;[37m/session/a4e3d06f-a5f1-4c34-a7a0-d757f192f2f5/element/00000000-0000-0df0-ffff-ffff000003f4/click&amp#27;[39m &amp#27;[90m{"id":"00000000-0000-0df0-ffff-ffff000003f4"}&amp#27;[39m
&amp#27;[38;5;79m[a4e3d06f]&amp#27;[0m&amp#27;[38;5;-121m[AndroidUiautomator2Driver@5aff]&amp#27;[0m Calling AppiumDriver.click() with args: ["00000000-0000-0df0-ffff-ffff000003f4","a4e3d06f-a5f1-4c34-a7a0-d757f192f2f5"]
&amp#27;[38;5;79m[a4e3d06f]&amp#27;[0m&amp#27;[38;5;-121m[AndroidUiautomator2Driver@5aff]&amp#27;[0m Matched '/element/00000000-0000-0df0-ffff-ffff000003f4/click' to command name 'click'
&amp#27;[38;5;79m[a4e3d06f]&amp#27;[0m&amp#27;[38;5;-121m[AndroidUiautomator2Driver@5aff]&amp#27;[0m Proxying [POST /element/00000000-0000-0df0-ffff-ffff000003f4/click] to [POST http://127.0.0.1:8205/session/b5336736-6890-4900-a60d-9c29b2799a2d/element/00000000-0000-0df0-ffff-ffff000003f4/click] with body: {"element":"00000000-0000-0df0-ffff-ffff000003f4"}
&amp#27;[38;5;79m[a4e3d06f]&amp#27;[0m&amp#27;[38;5;-121m[AndroidUiautomator2Driver@5aff]&amp#27;[0m Got response with status 200: {"sessionId":"b5336736-6890-4900-a60d-9c29b2799a2d","value":null}
&amp#27;[38;5;79m[a4e3d06f]&amp#27;[0m&amp#27;[38;5;-121m[AndroidUiautomator2Driver@5aff]&amp#27;[0m Responding to client with driver.click() result: null
&amp#27;[38;5;79m[a4e3d06f]&amp#27;[0m&amp#27;[38;5;86m[HTTP]&amp#27;[0m &amp#27;[37m<-- POST /session/a4e3d06f-a5f1-4c34-a7a0-d757f192f2f5/element/00000000-0000-0df0-ffff-ffff000003f4/click &amp#27;[39m&amp#27;[32m200&amp#27;[39m &amp#27;[90m110 ms - 14&amp#27;[39m &amp#27;[90m&amp#27;[39m
&amp#27;[38;5;79m[a4e3d06f]&amp#27;[0m&amp#27;[38;5;86m[HTTP]&amp#27;[0m &amp#27;[37m-->&amp#27;[39m &amp#27;[37mGET&amp#27;[39m &amp#27;[37m/session/a4e3d06f-a5f1-4c34-a7a0-d757f192f2f5/context&amp#27;[39m &amp#27;[90m{}&amp#27;[39m
&amp#27;[38;5;79m[a4e3d06f]&amp#27;[0m&amp#27;[38;5;-121m[AndroidUiautomator2Driver@5aff]&amp#27;[0m Calling AppiumDriver.getCurrentContext() with args: ["a4e3d06f-a5f1-4c34-a7a0-d757f192f2f5"]
&amp#27;[38;5;79m[a4e3d06f]&amp#27;[0m&amp#27;[38;5;-121m[AndroidUiautomator2Driver@5aff]&amp#27;[0m Responding to client with driver.getCurrentContext() result: "NATIVE_APP"
&amp#27;[38;5;79m[a4e3d06f]&amp#27;[0m&amp#27;[38;5;86m[HTTP]&amp#27;[0m &amp#27;[37m<-- GET /session/a4e3d06f-a5f1-4c34-a7a0-d757f192f2f5/context &amp#27;[39m&amp#27;[32m200&amp#27;[39m &amp#27;[90m2 ms - 22&amp#27;[39m &amp#27;[90m&amp#27;[39m
&amp#27;[38;5;79m[a4e3d06f]&amp#27;[0m&amp#27;[38;5;86m[HTTP]&amp#27;[0m &amp#27;[37m-->&amp#27;[39m &amp#27;[37mPOST&amp#27;[39m &amp#27;[37m/session/a4e3d06f-a5f1-4c34-a7a0-d757f192f2f5/element&amp#27;[39m &amp#27;[90m{"using":"id","value":"android:id/button1"}&amp#27;[39m
&amp#27;[38;5;79m[a4e3d06f]&amp#27;[0m&amp#27;[38;5;-121m[AndroidUiautomator2Driver@5aff]&amp#27;[0m Calling AppiumDriver.findElement() with args: ["id","android:id/button1","a4e3d06f-a5f1-4c34-a7a0-d757f192f2f5"]
&amp#27;[38;5;79m[a4e3d06f]&amp#27;[0m&amp#27;[38;5;-121m[AndroidUiautomator2Driver@5aff]&amp#27;[0m Valid locator strategies for this request: xpath, id, class name, accessibility id, css selector, -android uiautomator
&amp#27;[38;5;79m[a4e3d06f]&amp#27;[0m&amp#27;[38;5;-121m[AndroidUiautomator2Driver@5aff]&amp#27;[0m Waiting up to 15000 ms for condition
&amp#27;[38;5;79m[a4e3d06f]&amp#27;[0m&amp#27;[38;5;-121m[AndroidUiautomator2Driver@5aff]&amp#27;[0m Matched '/element' to command name 'findElement'
&amp#27;[38;5;79m[a4e3d06f]&amp#27;[0m&amp#27;[38;5;-121m[AndroidUiautomator2Driver@5aff]&amp#27;[0m Proxying [POST /element] to [POST http://127.0.0.1:8205/session/b5336736-6890-4900-a60d-9c29b2799a2d/element] with body: {"strategy":"id","selector":"android:id/button1","context":"","multiple":false}
&amp#27;[38;5;79m[a4e3d06f]&amp#27;[0m&amp#27;[38;5;-121m[AndroidUiautomator2Driver@5aff]&amp#27;[0m Got response with status 404: {"sessionId":"b5336736-6890-4900-a60d-9c29b2799a2d","value":{"error":"no such element","message":"An element could not be located on the page using the given search parameters","stacktrace":"io.appium.uiautomator2.common.exceptions.ElementNotFoundException: An element could not be located on the page using the given search parameters\n\tat io.appium.uiautomator2.handler.FindElement.safeHandle(FindElement.java:63)\n\tat io.appium.uiautomator2.handler.request.SafeRequestHandler.handle(SafeRequestHandler.java:59)\n\tat io.appium.uiautomator2.server.AppiumServlet.handleRequest(AppiumServlet.java:259)\n\tat io.appium.uiautomator2.server.AppiumServlet.handleHttpRequest(AppiumServlet.java:253)\n\tat io.appium.uiautomator2.http.ServerHandler.channelRead(ServerHandler.java:77)\n\tat io.netty.channel.AbstractChannelHandlerContext.invokeChannelRead(AbstractChannelHandlerContext.java:366)\n\tat io.netty.channel.AbstractChannelHandlerContext.invokeChannelRead(AbstractChannelHandlerContext.java:352)\n\tat io.netty.chann...
&amp#27;[38;5;79m[a4e3d06f]&amp#27;[0m&amp#27;[38;5;123m[W3C]&amp#27;[0m Matched W3C error code 'no such element' to NoSuchElementError
&amp#27;[38;5;79m[a4e3d06f]&amp#27;[0m&amp#27;[38;5;-121m[AndroidUiautomator2Driver@5aff]&amp#27;[0m Waited for 162 ms so far
&amp#27;[38;5;79m[a4e3d06f]&amp#27;[0m&amp#27;[38;5;-121m[AndroidUiautomator2Driver@5aff]&amp#27;[0m Matched '/element' to command name 'findElement'
&amp#27;[38;5;79m[a4e3d06f]&amp#27;[0m&amp#27;[38;5;-121m[AndroidUiautomator2Driver@5aff]&amp#27;[0m Proxying [POST /element] to [POST http://127.0.0.1:8205/session/b5336736-6890-4900-a60d-9c29b2799a2d/element] with body: {"strategy":"id","selector":"android:id/button1","context":"","multiple":false}
&amp#27;[38;5;79m[a4e3d06f]&amp#27;[0m&amp#27;[38;5;-121m[AndroidUiautomator2Driver@5aff]&amp#27;[0m Got response with status 200: {"sessionId":"b5336736-6890-4900-a60d-9c29b2799a2d","value":{"ELEMENT":"00000000-0000-0df1-ffff-ffff0000040e","element-6066-11e4-a52e-4f735466cecf":"00000000-0000-0df1-ffff-ffff0000040e"}}
&amp#27;[38;5;79m[a4e3d06f]&amp#27;[0m&amp#27;[38;5;-121m[AndroidUiautomator2Driver@5aff]&amp#27;[0m Responding to client with driver.findElement() result: {"element-6066-11e4-a52e-4f735466cecf":"00000000-0000-0df1-ffff-ffff0000040e","ELEMENT":"00000000-0000-0df1-ffff-ffff0000040e"}
&amp#27;[38;5;79m[a4e3d06f]&amp#27;[0m&amp#27;[38;5;86m[HTTP]&amp#27;[0m &amp#27;[37m<-- POST /session/a4e3d06f-a5f1-4c34-a7a0-d757f192f2f5/element &amp#27;[39m&amp#27;[32m200&amp#27;[39m &amp#27;[90m770 ms - 137&amp#27;[39m &amp#27;[90m&amp#27;[39m
&amp#27;[38;5;79m[a4e3d06f]&amp#27;[0m&amp#27;[38;5;86m[HTTP]&amp#27;[0m &amp#27;[37m-->&amp#27;[39m &amp#27;[37mPOST&amp#27;[39m &amp#27;[37m/session/a4e3d06f-a5f1-4c34-a7a0-d757f192f2f5/element/00000000-0000-0df1-ffff-ffff0000040e/click&amp#27;[39m &amp#27;[90m{"id":"00000000-0000-0df1-ffff-ffff0000040e"}&amp#27;[39m
&amp#27;[38;5;79m[a4e3d06f]&amp#27;[0m&amp#27;[38;5;-121m[AndroidUiautomator2Driver@5aff]&amp#27;[0m Calling AppiumDriver.click() with args: ["00000000-0000-0df1-ffff-ffff0000040e","a4e3d06f-a5f1-4c34-a7a0-d757f192f2f5"]
&amp#27;[38;5;79m[a4e3d06f]&amp#27;[0m&amp#27;[38;5;-121m[AndroidUiautomator2Driver@5aff]&amp#27;[0m Matched '/element/00000000-0000-0df1-ffff-ffff0000040e/click' to command name 'click'
&amp#27;[38;5;79m[a4e3d06f]&amp#27;[0m&amp#27;[38;5;-121m[AndroidUiautomator2Driver@5aff]&amp#27;[0m Proxying [POST /element/00000000-0000-0df1-ffff-ffff0000040e/click] to [POST http://127.0.0.1:8205/session/b5336736-6890-4900-a60d-9c29b2799a2d/element/00000000-0000-0df1-ffff-ffff0000040e/click] with body: {"element":"00000000-0000-0df1-ffff-ffff0000040e"}
&amp#27;[38;5;79m[a4e3d06f]&amp#27;[0m&amp#27;[38;5;-121m[AndroidUiautomator2Driver@5aff]&amp#27;[0m Got response with status 200: {"sessionId":"b5336736-6890-4900-a60d-9c29b2799a2d","value":null}
&amp#27;[38;5;79m[a4e3d06f]&amp#27;[0m&amp#27;[38;5;-121m[AndroidUiautomator2Driver@5aff]&amp#27;[0m Responding to client with driver.click() result: null
&amp#27;[38;5;79m[a4e3d06f]&amp#27;[0m&amp#27;[38;5;86m[HTTP]&amp#27;[0m &amp#27;[37m<-- POST /session/a4e3d06f-a5f1-4c34-a7a0-d757f192f2f5/element/00000000-0000-0df1-ffff-ffff0000040e/click &amp#27;[39m&amp#27;[32m200&amp#27;[39m &amp#27;[90m78 ms - 14&amp#27;[39m &amp#27;[90m&amp#27;[39m
&amp#27;[38;5;79m[a4e3d06f]&amp#27;[0m&amp#27;[38;5;86m[HTTP]&amp#27;[0m &amp#27;[37m-->&amp#27;[39m &amp#27;[37mGET&amp#27;[39m &amp#27;[37m/session/a4e3d06f-a5f1-4c34-a7a0-d757f192f2f5/context&amp#27;[39m &amp#27;[90m{}&amp#27;[39m
&amp#27;[38;5;79m[a4e3d06f]&amp#27;[0m&amp#27;[38;5;-121m[AndroidUiautomator2Driver@5aff]&amp#27;[0m Calling AppiumDriver.getCurrentContext() with args: ["a4e3d06f-a5f1-4c34-a7a0-d757f192f2f5"]
&amp#27;[38;5;79m[a4e3d06f]&amp#27;[0m&amp#27;[38;5;-121m[AndroidUiautomator2Driver@5aff]&amp#27;[0m Responding to client with driver.getCurrentContext() result: "NATIVE_APP"
&amp#27;[38;5;79m[a4e3d06f]&amp#27;[0m&amp#27;[38;5;86m[HTTP]&amp#27;[0m &amp#27;[37m<-- GET /session/a4e3d06f-a5f1-4c34-a7a0-d757f192f2f5/context &amp#27;[39m&amp#27;[32m200&amp#27;[39m &amp#27;[90m1 ms - 22&amp#27;[39m &amp#27;[90m&amp#27;[39m
&amp#27;[38;5;79m[a4e3d06f]&amp#27;[0m&amp#27;[38;5;86m[HTTP]&amp#27;[0m &amp#27;[37m-->&amp#27;[39m &amp#27;[37mPOST&amp#27;[39m &amp#27;[37m/session/a4e3d06f-a5f1-4c34-a7a0-d757f192f2f5/element&amp#27;[39m &amp#27;[90m{"using":"id","value":"com.saucelabs.mydemoapp.android:id/loginTV"}&amp#27;[39m
&amp#27;[38;5;79m[a4e3d06f]&amp#27;[0m&amp#27;[38;5;-121m[AndroidUiautomator2Driver@5aff]&amp#27;[0m Calling AppiumDriver.findElement() with args: ["id","com.saucelabs.mydemoapp.android:id/loginTV","a4e3d06f-a5f1-4c34-a7a0-d757f192f2f5"]
&amp#27;[38;5;79m[a4e3d06f]&amp#27;[0m&amp#27;[38;5;-121m[AndroidUiautomator2Driver@5aff]&amp#27;[0m Valid locator strategies for this request: xpath, id, class name, accessibility id, css selector, -android uiautomator
&amp#27;[38;5;79m[a4e3d06f]&amp#27;[0m&amp#27;[38;5;-121m[AndroidUiautomator2Driver@5aff]&amp#27;[0m Waiting up to 15000 ms for condition
&amp#27;[38;5;79m[a4e3d06f]&amp#27;[0m&amp#27;[38;5;-121m[AndroidUiautomator2Driver@5aff]&amp#27;[0m Matched '/element' to command name 'findElement'
&amp#27;[38;5;79m[a4e3d06f]&amp#27;[0m&amp#27;[38;5;-121m[AndroidUiautomator2Driver@5aff]&amp#27;[0m Proxying [POST /element] to [POST http://127.0.0.1:8205/session/b5336736-6890-4900-a60d-9c29b2799a2d/element] with body: {"strategy":"id","selector":"com.saucelabs.mydemoapp.android:id/loginTV","context":"","multiple":false}
&amp#27;[38;5;35m[5782acc8]&amp#27;[0m&amp#27;[38;5;-4m[AndroidUiautomator2Driver@8146]&amp#27;[0m Shutting down because we waited 60 seconds for a command
&amp#27;[38;5;35m[5782acc8]&amp#27;[0m&amp#27;[38;5;28m[AppiumDriver@3b8c]&amp#27;[0m Ending session, cause was 'New Command Timeout of 60 seconds expired. Try customizing the timeout using the 'newCommandTimeout' desired capability'
&amp#27;[38;5;35m[5782acc8]&amp#27;[0m&amp#27;[38;5;28m[AppiumDriver@3b8c]&amp#27;[0m Removing session '5782acc8-f234-440a-a608-d0fc3ec022d3' from our master session list
&amp#27;[38;5;35m[5782acc8]&amp#27;[0m&amp#27;[38;5;-4m[AndroidUiautomator2Driver@8146]&amp#27;[0m Deleting UiAutomator2 session
&amp#27;[38;5;35m[5782acc8]&amp#27;[0m&amp#27;[38;5;-4m[AndroidUiautomator2Driver@8146]&amp#27;[0m Deleting UiAutomator2 server session
&amp#27;[38;5;35m[5782acc8]&amp#27;[0m&amp#27;[38;5;-4m[AndroidUiautomator2Driver@8146]&amp#27;[0m Did not get confirmation UiAutomator2 deleteSession worked; Error was: UnknownError: An unknown server-side error occurred while processing the command. Original error: 'DELETE /' cannot be proxied to UiAutomator2 server because the instrumentation process is not running (probably crashed). Check the server log and/or the logcat output for more details
&amp#27;[38;5;35m[5782acc8]&amp#27;[0m&amp#27;[38;5;229m[ADB]&amp#27;[0m Running 'C:\Users\Testriq\AppData\Local\Android\Sdk\platform-tools\adb.exe -P 5037 -s 2A131FDH200HX6 shell dumpsys activity services io.appium.settings/.recorder.RecorderService'
&amp#27;[38;5;35m[5782acc8]&amp#27;[0m&amp#27;[38;5;229m[ADB]&amp#27;[0m Running 'C:\Users\Testriq\AppData\Local\Android\Sdk\platform-tools\adb.exe -P 5037 -s 2A131FDH200HX6 shell am force-stop com.saucelabs.mydemoapp.android'
&amp#27;[38;5;35m[5782acc8]&amp#27;[0m&amp#27;[38;5;229m[ADB]&amp#27;[0m Removing forwarded port socket connection: 8204 
&amp#27;[38;5;35m[5782acc8]&amp#27;[0m&amp#27;[38;5;229m[ADB]&amp#27;[0m Running 'C:\Users\Testriq\AppData\Local\Android\Sdk\platform-tools\adb.exe -P 5037 -s 2A131FDH200HX6 forward --remove tcp:8204'
&amp#27;[38;5;35m[5782acc8]&amp#27;[0m&amp#27;[38;5;-4m[AndroidUiautomator2Driver@8146]&amp#27;[0m Restoring hidden api policy to the device default configuration
&amp#27;[38;5;35m[5782acc8]&amp#27;[0m&amp#27;[38;5;229m[ADB]&amp#27;[0m Running 'C:\Users\Testriq\AppData\Local\Android\Sdk\platform-tools\adb.exe -P 5037 -s 2A131FDH200HX6 shell 'settings delete global hidden_api_policy_pre_p_apps;settings delete global hidden_api_policy_p_apps;settings delete global hidden_api_policy''
&amp#27;[38;5;35m[5782acc8]&amp#27;[0m&amp#27;[38;5;160m[Logcat]&amp#27;[0m Stopping logcat capture
&amp#27;[38;5;79m[a4e3d06f]&amp#27;[0m&amp#27;[38;5;-121m[AndroidUiautomator2Driver@5aff]&amp#27;[0m Got response with status 404: {"sessionId":"b5336736-6890-4900-a60d-9c29b2799a2d","value":{"error":"no such element","message":"An element could not be located on the page using the given search parameters","stacktrace":"io.appium.uiautomator2.common.exceptions.ElementNotFoundException: An element could not be located on the page using the given search parameters\n\tat io.appium.uiautomator2.handler.FindElement.safeHandle(FindElement.java:63)\n\tat io.appium.uiautomator2.handler.request.SafeRequestHandler.handle(SafeRequestHandler.java:59)\n\tat io.appium.uiautomator2.server.AppiumServlet.handleRequest(AppiumServlet.java:259)\n\tat io.appium.uiautomator2.server.AppiumServlet.handleHttpRequest(AppiumServlet.java:253)\n\tat io.appium.uiautomator2.http.ServerHandler.channelRead(ServerHandler.java:77)\n\tat io.netty.channel.AbstractChannelHandlerContext.invokeChannelRead(AbstractChannelHandlerContext.java:366)\n\tat io.netty.channel.AbstractChannelHandlerContext.invokeChannelRead(AbstractChannelHandlerContext.java:352)\n\tat io.netty.chann...
&amp#27;[38;5;79m[a4e3d06f]&amp#27;[0m&amp#27;[38;5;123m[W3C]&amp#27;[0m Matched W3C error code 'no such element' to NoSuchElementError
&amp#27;[38;5;79m[a4e3d06f]&amp#27;[0m&amp#27;[38;5;-121m[AndroidUiautomator2Driver@5aff]&amp#27;[0m Waited for 1883 ms so far
&amp#27;[38;5;79m[a4e3d06f]&amp#27;[0m&amp#27;[38;5;-121m[AndroidUiautomator2Driver@5aff]&amp#27;[0m Matched '/element' to command name 'findElement'
&amp#27;[38;5;79m[a4e3d06f]&amp#27;[0m&amp#27;[38;5;-121m[AndroidUiautomator2Driver@5aff]&amp#27;[0m Proxying [POST /element] to [POST http://127.0.0.1:8205/session/b5336736-6890-4900-a60d-9c29b2799a2d/element] with body: {"strategy":"id","selector":"com.saucelabs.mydemoapp.android:id/loginTV","context":"","multiple":false}
&amp#27;[38;5;79m[a4e3d06f]&amp#27;[0m&amp#27;[38;5;-121m[AndroidUiautomator2Driver@5aff]&amp#27;[0m Got response with status 404: {"sessionId":"b5336736-6890-4900-a60d-9c29b2799a2d","value":{"error":"no such element","message":"An element could not be located on the page using the given search parameters","stacktrace":"io.appium.uiautomator2.common.exceptions.ElementNotFoundException: An element could not be located on the page using the given search parameters\n\tat io.appium.uiautomator2.handler.FindElement.safeHandle(FindElement.java:63)\n\tat io.appium.uiautomator2.handler.request.SafeRequestHandler.handle(SafeRequestHandler.java:59)\n\tat io.appium.uiautomator2.server.AppiumServlet.handleRequest(AppiumServlet.java:259)\n\tat io.appium.uiautomator2.server.AppiumServlet.handleHttpRequest(AppiumServlet.java:253)\n\tat io.appium.uiautomator2.http.ServerHandler.channelRead(ServerHandler.java:77)\n\tat io.netty.channel.AbstractChannelHandlerContext.invokeChannelRead(AbstractChannelHandlerContext.java:366)\n\tat io.netty.channel.AbstractChannelHandlerContext.invokeChannelRead(AbstractChannelHandlerContext.java:352)\n\tat io.netty.chann...
&amp#27;[38;5;79m[a4e3d06f]&amp#27;[0m&amp#27;[38;5;123m[W3C]&amp#27;[0m Matched W3C error code 'no such element' to NoSuchElementError
&amp#27;[38;5;79m[a4e3d06f]&amp#27;[0m&amp#27;[38;5;-121m[AndroidUiautomator2Driver@5aff]&amp#27;[0m Waited for 2557 ms so far
&amp#27;[38;5;79m[a4e3d06f]&amp#27;[0m&amp#27;[38;5;-121m[AndroidUiautomator2Driver@5aff]&amp#27;[0m Matched '/element' to command name 'findElement'
&amp#27;[38;5;79m[a4e3d06f]&amp#27;[0m&amp#27;[38;5;-121m[AndroidUiautomator2Driver@5aff]&amp#27;[0m Proxying [POST /element] to [POST http://127.0.0.1:8205/session/b5336736-6890-4900-a60d-9c29b2799a2d/element] with body: {"strategy":"id","selector":"com.saucelabs.mydemoapp.android:id/loginTV","context":"","multiple":false}
&amp#27;[38;5;79m[a4e3d06f]&amp#27;[0m&amp#27;[38;5;-121m[AndroidUiautomator2Driver@5aff]&amp#27;[0m Got response with status 404: {"sessionId":"b5336736-6890-4900-a60d-9c29b2799a2d","value":{"error":"no such element","message":"An element could not be located on the page using the given search parameters","stacktrace":"io.appium.uiautomator2.common.exceptions.ElementNotFoundException: An element could not be located on the page using the given search parameters\n\tat io.appium.uiautomator2.handler.FindElement.safeHandle(FindElement.java:63)\n\tat io.appium.uiautomator2.handler.request.SafeRequestHandler.handle(SafeRequestHandler.java:59)\n\tat io.appium.uiautomator2.server.AppiumServlet.handleRequest(AppiumServlet.java:259)\n\tat io.appium.uiautomator2.server.AppiumServlet.handleHttpRequest(AppiumServlet.java:253)\n\tat io.appium.uiautomator2.http.ServerHandler.channelRead(ServerHandler.java:77)\n\tat io.netty.channel.AbstractChannelHandlerContext.invokeChannelRead(AbstractChannelHandlerContext.java:366)\n\tat io.netty.channel.AbstractChannelHandlerContext.invokeChannelRead(AbstractChannelHandlerContext.java:352)\n\tat io.netty.chann...
&amp#27;[38;5;79m[a4e3d06f]&amp#27;[0m&amp#27;[38;5;123m[W3C]&amp#27;[0m Matched W3C error code 'no such element' to NoSuchElementError
&amp#27;[38;5;79m[a4e3d06f]&amp#27;[0m&amp#27;[38;5;-121m[AndroidUiautomator2Driver@5aff]&amp#27;[0m Waited for 3193 ms so far
&amp#27;[38;5;79m[a4e3d06f]&amp#27;[0m&amp#27;[38;5;-121m[AndroidUiautomator2Driver@5aff]&amp#27;[0m Matched '/element' to command name 'findElement'
&amp#27;[38;5;79m[a4e3d06f]&amp#27;[0m&amp#27;[38;5;-121m[AndroidUiautomator2Driver@5aff]&amp#27;[0m Proxying [POST /element] to [POST http://127.0.0.1:8205/session/b5336736-6890-4900-a60d-9c29b2799a2d/element] with body: {"strategy":"id","selector":"com.saucelabs.mydemoapp.android:id/loginTV","context":"","multiple":false}
&amp#27;[38;5;79m[a4e3d06f]&amp#27;[0m&amp#27;[38;5;-121m[AndroidUiautomator2Driver@5aff]&amp#27;[0m Got response with status 404: {"sessionId":"b5336736-6890-4900-a60d-9c29b2799a2d","value":{"error":"no such element","message":"An element could not be located on the page using the given search parameters","stacktrace":"io.appium.uiautomator2.common.exceptions.ElementNotFoundException: An element could not be located on the page using the given search parameters\n\tat io.appium.uiautomator2.handler.FindElement.safeHandle(FindElement.java:63)\n\tat io.appium.uiautomator2.handler.request.SafeRequestHandler.handle(SafeRequestHandler.java:59)\n\tat io.appium.uiautomator2.server.AppiumServlet.handleRequest(AppiumServlet.java:259)\n\tat io.appium.uiautomator2.server.AppiumServlet.handleHttpRequest(AppiumServlet.java:253)\n\tat io.appium.uiautomator2.http.ServerHandler.channelRead(ServerHandler.java:77)\n\tat io.netty.channel.AbstractChannelHandlerContext.invokeChannelRead(AbstractChannelHandlerContext.java:366)\n\tat io.netty.channel.AbstractChannelHandlerContext.invokeChannelRead(AbstractChannelHandlerContext.java:352)\n\tat io.netty.chann...
&amp#27;[38;5;79m[a4e3d06f]&amp#27;[0m&amp#27;[38;5;123m[W3C]&amp#27;[0m Matched W3C error code 'no such element' to NoSuchElementError
&amp#27;[38;5;79m[a4e3d06f]&amp#27;[0m&amp#27;[38;5;-121m[AndroidUiautomator2Driver@5aff]&amp#27;[0m Waited for 3845 ms so far
&amp#27;[38;5;60m[f438e53d]&amp#27;[0m&amp#27;[38;5;86m[HTTP]&amp#27;[0m &amp#27;[37m-->&amp#27;[39m &amp#27;[37mGET&amp#27;[39m &amp#27;[37m/session/f438e53d-039b-416a-be3b-b438615d3682/timeouts&amp#27;[39m &amp#27;[90m{}&amp#27;[39m
&amp#27;[38;5;60m[f438e53d]&amp#27;[0m&amp#27;[38;5;28m[AppiumDriver@3b8c]&amp#27;[0m Encountered internal error running command: NoSuchDriverError: A session is either terminated or not started
    at asyncHandler (C:\Users\Testriq\AppData\Roaming\npm\node_modules\appium\node_modules\@appium\base-driver\lib\protocol\protocol.js:309:15)
    at C:\Users\Testriq\AppData\Roaming\npm\node_modules\appium\node_modules\@appium\base-driver\lib\protocol\protocol.js:512:15
    at Layer.handle [as handle_request] (C:\Users\Testriq\AppData\Roaming\npm\node_modules\appium\node_modules\express\lib\router\layer.js:95:5)
    at next (C:\Users\Testriq\AppData\Roaming\npm\node_modules\appium\node_modules\express\lib\router\route.js:149:13)
    at Route.dispatch (C:\Users\Testriq\AppData\Roaming\npm\node_modules\appium\node_modules\express\lib\router\route.js:119:3)
    at Layer.handle [as handle_request] (C:\Users\Testriq\AppData\Roaming\npm\node_modules\appium\node_modules\express\lib\router\layer.js:95:5)
    at C:\Users\Testriq\AppData\Roaming\npm\node_modules\appium\node_modules\express\lib\router\index.js:284:15
    at param (C:\Users\Testriq\AppData\Roaming\npm\node_modules\appium\node_modules\express\lib\router\index.js:365:14)
    at param (C:\Users\Testriq\AppData\Roaming\npm\node_modules\appium\node_modules\express\lib\router\index.js:376:14)
    at Function.process_params (C:\Users\Testriq\AppData\Roaming\npm\node_modules\appium\node_modules\express\lib\router\index.js:421:3)
    at next (C:\Users\Testriq\AppData\Roaming\npm\node_modules\appium\node_modules\express\lib\router\index.js:280:10)
    at logger (C:\Users\Testriq\AppData\Roaming\npm\node_modules\appium\node_modules\morgan\index.js:144:5)
    at Layer.handle [as handle_request] (C:\Users\Testriq\AppData\Roaming\npm\node_modules\appium\node_modules\express\lib\router\layer.js:95:5)
    at trim_prefix (C:\Users\Testriq\AppData\Roaming\npm\node_modules\appium\node_modules\express\lib\router\index.js:328:13)
    at C:\Users\Testriq\AppData\Roaming\npm\node_modules\appium\node_modules\express\lib\router\index.js:286:9
    at Function.process_params (C:\Users\Testriq\AppData\Roaming\npm\node_modules\appium\node_modules\express\lib\router\index.js:346:12)
    at next (C:\Users\Testriq\AppData\Roaming\npm\node_modules\appium\node_modules\express\lib\router\index.js:280:10)
    at jsonParser (C:\Users\Testriq\AppData\Roaming\npm\node_modules\appium\node_modules\body-parser\lib\types\json.js:113:7)
    at Layer.handle [as handle_request] (C:\Users\Testriq\AppData\Roaming\npm\node_modules\appium\node_modules\express\lib\router\layer.js:95:5)
    at trim_prefix (C:\Users\Testriq\AppData\Roaming\npm\node_modules\appium\node_modules\express\lib\router\index.js:328:13)
    at C:\Users\Testriq\AppData\Roaming\npm\node_modules\appium\node_modules\express\lib\router\index.js:286:9
    at Function.process_params (C:\Users\Testriq\AppData\Roaming\npm\node_modules\appium\node_modules\express\lib\router\index.js:346:12)
&amp#27;[38;5;60m[f438e53d]&amp#27;[0m&amp#27;[38;5;86m[HTTP]&amp#27;[0m &amp#27;[37m<-- GET /session/f438e53d-039b-416a-be3b-b438615d3682/timeouts &amp#27;[39m&amp#27;[33m404&amp#27;[39m &amp#27;[90m2 ms - 3275&amp#27;[39m &amp#27;[90m&amp#27;[39m
&amp#27;[38;5;79m[a4e3d06f]&amp#27;[0m&amp#27;[38;5;-121m[AndroidUiautomator2Driver@5aff]&amp#27;[0m Matched '/element' to command name 'findElement'
&amp#27;[38;5;79m[a4e3d06f]&amp#27;[0m&amp#27;[38;5;-121m[AndroidUiautomator2Driver@5aff]&amp#27;[0m Proxying [POST /element] to [POST http://127.0.0.1:8205/session/b5336736-6890-4900-a60d-9c29b2799a2d/element] with body: {"strategy":"id","selector":"com.saucelabs.mydemoapp.android:id/loginTV","context":"","multiple":false}
&amp#27;[38;5;79m[a4e3d06f]&amp#27;[0m&amp#27;[38;5;-121m[AndroidUiautomator2Driver@5aff]&amp#27;[0m Got response with status 404: {"sessionId":"b5336736-6890-4900-a60d-9c29b2799a2d","value":{"error":"no such element","message":"An element could not be located on the page using the given search parameters","stacktrace":"io.appium.uiautomator2.common.exceptions.ElementNotFoundException: An element could not be located on the page using the given search parameters\n\tat io.appium.uiautomator2.handler.FindElement.safeHandle(FindElement.java:63)\n\tat io.appium.uiautomator2.handler.request.SafeRequestHandler.handle(SafeRequestHandler.java:59)\n\tat io.appium.uiautomator2.server.AppiumServlet.handleRequest(AppiumServlet.java:259)\n\tat io.appium.uiautomator2.server.AppiumServlet.handleHttpRequest(AppiumServlet.java:253)\n\tat io.appium.uiautomator2.http.ServerHandler.channelRead(ServerHandler.java:77)\n\tat io.netty.channel.AbstractChannelHandlerContext.invokeChannelRead(AbstractChannelHandlerContext.java:366)\n\tat io.netty.channel.AbstractChannelHandlerContext.invokeChannelRead(AbstractChannelHandlerContext.java:352)\n\tat io.netty.chann...
&amp#27;[38;5;79m[a4e3d06f]&amp#27;[0m&amp#27;[38;5;123m[W3C]&amp#27;[0m Matched W3C error code 'no such element' to NoSuchElementError
&amp#27;[38;5;79m[a4e3d06f]&amp#27;[0m&amp#27;[38;5;-121m[AndroidUiautomator2Driver@5aff]&amp#27;[0m Waited for 4472 ms so far
&amp#27;[38;5;79m[a4e3d06f]&amp#27;[0m&amp#27;[38;5;-121m[AndroidUiautomator2Driver@5aff]&amp#27;[0m Matched '/element' to command name 'findElement'
&amp#27;[38;5;79m[a4e3d06f]&amp#27;[0m&amp#27;[38;5;-121m[AndroidUiautomator2Driver@5aff]&amp#27;[0m Proxying [POST /element] to [POST http://127.0.0.1:8205/session/b5336736-6890-4900-a60d-9c29b2799a2d/element] with body: {"strategy":"id","selector":"com.saucelabs.mydemoapp.android:id/loginTV","context":"","multiple":false}
&amp#27;[38;5;79m[a4e3d06f]&amp#27;[0m&amp#27;[38;5;-121m[AndroidUiautomator2Driver@5aff]&amp#27;[0m Got response with status 404: {"sessionId":"b5336736-6890-4900-a60d-9c29b2799a2d","value":{"error":"no such element","message":"An element could not be located on the page using the given search parameters","stacktrace":"io.appium.uiautomator2.common.exceptions.ElementNotFoundException: An element could not be located on the page using the given search parameters\n\tat io.appium.uiautomator2.handler.FindElement.safeHandle(FindElement.java:63)\n\tat io.appium.uiautomator2.handler.request.SafeRequestHandler.handle(SafeRequestHandler.java:59)\n\tat io.appium.uiautomator2.server.AppiumServlet.handleRequest(AppiumServlet.java:259)\n\tat io.appium.uiautomator2.server.AppiumServlet.handleHttpRequest(AppiumServlet.java:253)\n\tat io.appium.uiautomator2.http.ServerHandler.channelRead(ServerHandler.java:77)\n\tat io.netty.channel.AbstractChannelHandlerContext.invokeChannelRead(AbstractChannelHandlerContext.java:366)\n\tat io.netty.channel.AbstractChannelHandlerContext.invokeChannelRead(AbstractChannelHandlerContext.java:352)\n\tat io.netty.chann...
&amp#27;[38;5;79m[a4e3d06f]&amp#27;[0m&amp#27;[38;5;123m[W3C]&amp#27;[0m Matched W3C error code 'no such element' to NoSuchElementError
&amp#27;[38;5;79m[a4e3d06f]&amp#27;[0m&amp#27;[38;5;-121m[AndroidUiautomator2Driver@5aff]&amp#27;[0m Waited for 5103 ms so far
&amp#27;[38;5;79m[a4e3d06f]&amp#27;[0m&amp#27;[38;5;-121m[AndroidUiautomator2Driver@5aff]&amp#27;[0m Matched '/element' to command name 'findElement'
&amp#27;[38;5;79m[a4e3d06f]&amp#27;[0m&amp#27;[38;5;-121m[AndroidUiautomator2Driver@5aff]&amp#27;[0m Proxying [POST /element] to [POST http://127.0.0.1:8205/session/b5336736-6890-4900-a60d-9c29b2799a2d/element] with body: {"strategy":"id","selector":"com.saucelabs.mydemoapp.android:id/loginTV","context":"","multiple":false}
&amp#27;[38;5;79m[a4e3d06f]&amp#27;[0m&amp#27;[38;5;-121m[AndroidUiautomator2Driver@5aff]&amp#27;[0m Got response with status 404: {"sessionId":"b5336736-6890-4900-a60d-9c29b2799a2d","value":{"error":"no such element","message":"An element could not be located on the page using the given search parameters","stacktrace":"io.appium.uiautomator2.common.exceptions.ElementNotFoundException: An element could not be located on the page using the given search parameters\n\tat io.appium.uiautomator2.handler.FindElement.safeHandle(FindElement.java:63)\n\tat io.appium.uiautomator2.handler.request.SafeRequestHandler.handle(SafeRequestHandler.java:59)\n\tat io.appium.uiautomator2.server.AppiumServlet.handleRequest(AppiumServlet.java:259)\n\tat io.appium.uiautomator2.server.AppiumServlet.handleHttpRequest(AppiumServlet.java:253)\n\tat io.appium.uiautomator2.http.ServerHandler.channelRead(ServerHandler.java:77)\n\tat io.netty.channel.AbstractChannelHandlerContext.invokeChannelRead(AbstractChannelHandlerContext.java:366)\n\tat io.netty.channel.AbstractChannelHandlerContext.invokeChannelRead(AbstractChannelHandlerContext.java:352)\n\tat io.netty.chann...
&amp#27;[38;5;79m[a4e3d06f]&amp#27;[0m&amp#27;[38;5;123m[W3C]&amp#27;[0m Matched W3C error code 'no such element' to NoSuchElementError
&amp#27;[38;5;79m[a4e3d06f]&amp#27;[0m&amp#27;[38;5;-121m[AndroidUiautomator2Driver@5aff]&amp#27;[0m Waited for 5783 ms so far
&amp#27;[38;5;79m[a4e3d06f]&amp#27;[0m&amp#27;[38;5;-121m[AndroidUiautomator2Driver@5aff]&amp#27;[0m Matched '/element' to command name 'findElement'
&amp#27;[38;5;79m[a4e3d06f]&amp#27;[0m&amp#27;[38;5;-121m[AndroidUiautomator2Driver@5aff]&amp#27;[0m Proxying [POST /element] to [POST http://127.0.0.1:8205/session/b5336736-6890-4900-a60d-9c29b2799a2d/element] with body: {"strategy":"id","selector":"com.saucelabs.mydemoapp.android:id/loginTV","context":"","multiple":false}
&amp#27;[38;5;79m[a4e3d06f]&amp#27;[0m&amp#27;[38;5;-121m[AndroidUiautomator2Driver@5aff]&amp#27;[0m Got response with status 404: {"sessionId":"b5336736-6890-4900-a60d-9c29b2799a2d","value":{"error":"no such element","message":"An element could not be located on the page using the given search parameters","stacktrace":"io.appium.uiautomator2.common.exceptions.ElementNotFoundException: An element could not be located on the page using the given search parameters\n\tat io.appium.uiautomator2.handler.FindElement.safeHandle(FindElement.java:63)\n\tat io.appium.uiautomator2.handler.request.SafeRequestHandler.handle(SafeRequestHandler.java:59)\n\tat io.appium.uiautomator2.server.AppiumServlet.handleRequest(AppiumServlet.java:259)\n\tat io.appium.uiautomator2.server.AppiumServlet.handleHttpRequest(AppiumServlet.java:253)\n\tat io.appium.uiautomator2.http.ServerHandler.channelRead(ServerHandler.java:77)\n\tat io.netty.channel.AbstractChannelHandlerContext.invokeChannelRead(AbstractChannelHandlerContext.java:366)\n\tat io.netty.channel.AbstractChannelHandlerContext.invokeChannelRead(AbstractChannelHandlerContext.java:352)\n\tat io.netty.chann...
&amp#27;[38;5;79m[a4e3d06f]&amp#27;[0m&amp#27;[38;5;123m[W3C]&amp#27;[0m Matched W3C error code 'no such element' to NoSuchElementError
&amp#27;[38;5;79m[a4e3d06f]&amp#27;[0m&amp#27;[38;5;-121m[AndroidUiautomator2Driver@5aff]&amp#27;[0m Waited for 6406 ms so far
&amp#27;[38;5;79m[a4e3d06f]&amp#27;[0m&amp#27;[38;5;-121m[AndroidUiautomator2Driver@5aff]&amp#27;[0m Matched '/element' to command name 'findElement'
&amp#27;[38;5;79m[a4e3d06f]&amp#27;[0m&amp#27;[38;5;-121m[AndroidUiautomator2Driver@5aff]&amp#27;[0m Proxying [POST /element] to [POST http://127.0.0.1:8205/session/b5336736-6890-4900-a60d-9c29b2799a2d/element] with body: {"strategy":"id","selector":"com.saucelabs.mydemoapp.android:id/loginTV","context":"","multiple":false}
&amp#27;[38;5;79m[a4e3d06f]&amp#27;[0m&amp#27;[38;5;-121m[AndroidUiautomator2Driver@5aff]&amp#27;[0m Got response with status 404: {"sessionId":"b5336736-6890-4900-a60d-9c29b2799a2d","value":{"error":"no such element","message":"An element could not be located on the page using the given search parameters","stacktrace":"io.appium.uiautomator2.common.exceptions.ElementNotFoundException: An element could not be located on the page using the given search parameters\n\tat io.appium.uiautomator2.handler.FindElement.safeHandle(FindElement.java:63)\n\tat io.appium.uiautomator2.handler.request.SafeRequestHandler.handle(SafeRequestHandler.java:59)\n\tat io.appium.uiautomator2.server.AppiumServlet.handleRequest(AppiumServlet.java:259)\n\tat io.appium.uiautomator2.server.AppiumServlet.handleHttpRequest(AppiumServlet.java:253)\n\tat io.appium.uiautomator2.http.ServerHandler.channelRead(ServerHandler.java:77)\n\tat io.netty.channel.AbstractChannelHandlerContext.invokeChannelRead(AbstractChannelHandlerContext.java:366)\n\tat io.netty.channel.AbstractChannelHandlerContext.invokeChannelRead(AbstractChannelHandlerContext.java:352)\n\tat io.netty.chann...
&amp#27;[38;5;79m[a4e3d06f]&amp#27;[0m&amp#27;[38;5;123m[W3C]&amp#27;[0m Matched W3C error code 'no such element' to NoSuchElementError
&amp#27;[38;5;79m[a4e3d06f]&amp#27;[0m&amp#27;[38;5;-121m[AndroidUiautomator2Driver@5aff]&amp#27;[0m Waited for 7023 ms so far
&amp#27;[38;5;79m[a4e3d06f]&amp#27;[0m&amp#27;[38;5;-121m[AndroidUiautomator2Driver@5aff]&amp#27;[0m Matched '/element' to command name 'findElement'
&amp#27;[38;5;79m[a4e3d06f]&amp#27;[0m&amp#27;[38;5;-121m[AndroidUiautomator2Driver@5aff]&amp#27;[0m Proxying [POST /element] to [POST http://127.0.0.1:8205/session/b5336736-6890-4900-a60d-9c29b2799a2d/element] with body: {"strategy":"id","selector":"com.saucelabs.mydemoapp.android:id/loginTV","context":"","multiple":false}
&amp#27;[38;5;79m[a4e3d06f]&amp#27;[0m&amp#27;[38;5;-121m[AndroidUiautomator2Driver@5aff]&amp#27;[0m Got response with status 404: {"sessionId":"b5336736-6890-4900-a60d-9c29b2799a2d","value":{"error":"no such element","message":"An element could not be located on the page using the given search parameters","stacktrace":"io.appium.uiautomator2.common.exceptions.ElementNotFoundException: An element could not be located on the page using the given search parameters\n\tat io.appium.uiautomator2.handler.FindElement.safeHandle(FindElement.java:63)\n\tat io.appium.uiautomator2.handler.request.SafeRequestHandler.handle(SafeRequestHandler.java:59)\n\tat io.appium.uiautomator2.server.AppiumServlet.handleRequest(AppiumServlet.java:259)\n\tat io.appium.uiautomator2.server.AppiumServlet.handleHttpRequest(AppiumServlet.java:253)\n\tat io.appium.uiautomator2.http.ServerHandler.channelRead(ServerHandler.java:77)\n\tat io.netty.channel.AbstractChannelHandlerContext.invokeChannelRead(AbstractChannelHandlerContext.java:366)\n\tat io.netty.channel.AbstractChannelHandlerContext.invokeChannelRead(AbstractChannelHandlerContext.java:352)\n\tat io.netty.chann...
&amp#27;[38;5;79m[a4e3d06f]&amp#27;[0m&amp#27;[38;5;123m[W3C]&amp#27;[0m Matched W3C error code 'no such element' to NoSuchElementError
&amp#27;[38;5;79m[a4e3d06f]&amp#27;[0m&amp#27;[38;5;-121m[AndroidUiautomator2Driver@5aff]&amp#27;[0m Waited for 7668 ms so far
&amp#27;[38;5;79m[a4e3d06f]&amp#27;[0m&amp#27;[38;5;-121m[AndroidUiautomator2Driver@5aff]&amp#27;[0m Matched '/element' to command name 'findElement'
&amp#27;[38;5;79m[a4e3d06f]&amp#27;[0m&amp#27;[38;5;-121m[AndroidUiautomator2Driver@5aff]&amp#27;[0m Proxying [POST /element] to [POST http://127.0.0.1:8205/session/b5336736-6890-4900-a60d-9c29b2799a2d/element] with body: {"strategy":"id","selector":"com.saucelabs.mydemoapp.android:id/loginTV","context":"","multiple":false}
&amp#27;[38;5;79m[a4e3d06f]&amp#27;[0m&amp#27;[38;5;-121m[AndroidUiautomator2Driver@5aff]&amp#27;[0m Got response with status 404: {"sessionId":"b5336736-6890-4900-a60d-9c29b2799a2d","value":{"error":"no such element","message":"An element could not be located on the page using the given search parameters","stacktrace":"io.appium.uiautomator2.common.exceptions.ElementNotFoundException: An element could not be located on the page using the given search parameters\n\tat io.appium.uiautomator2.handler.FindElement.safeHandle(FindElement.java:63)\n\tat io.appium.uiautomator2.handler.request.SafeRequestHandler.handle(SafeRequestHandler.java:59)\n\tat io.appium.uiautomator2.server.AppiumServlet.handleRequest(AppiumServlet.java:259)\n\tat io.appium.uiautomator2.server.AppiumServlet.handleHttpRequest(AppiumServlet.java:253)\n\tat io.appium.uiautomator2.http.ServerHandler.channelRead(ServerHandler.java:77)\n\tat io.netty.channel.AbstractChannelHandlerContext.invokeChannelRead(AbstractChannelHandlerContext.java:366)\n\tat io.netty.channel.AbstractChannelHandlerContext.invokeChannelRead(AbstractChannelHandlerContext.java:352)\n\tat io.netty.chann...
&amp#27;[38;5;79m[a4e3d06f]&amp#27;[0m&amp#27;[38;5;123m[W3C]&amp#27;[0m Matched W3C error code 'no such element' to NoSuchElementError
&amp#27;[38;5;79m[a4e3d06f]&amp#27;[0m&amp#27;[38;5;-121m[AndroidUiautomator2Driver@5aff]&amp#27;[0m Waited for 8293 ms so far
&amp#27;[38;5;79m[a4e3d06f]&amp#27;[0m&amp#27;[38;5;-121m[AndroidUiautomator2Driver@5aff]&amp#27;[0m Matched '/element' to command name 'findElement'
&amp#27;[38;5;79m[a4e3d06f]&amp#27;[0m&amp#27;[38;5;-121m[AndroidUiautomator2Driver@5aff]&amp#27;[0m Proxying [POST /element] to [POST http://127.0.0.1:8205/session/b5336736-6890-4900-a60d-9c29b2799a2d/element] with body: {"strategy":"id","selector":"com.saucelabs.mydemoapp.android:id/loginTV","context":"","multiple":false}
&amp#27;[38;5;79m[a4e3d06f]&amp#27;[0m&amp#27;[38;5;-121m[AndroidUiautomator2Driver@5aff]&amp#27;[0m Got response with status 404: {"sessionId":"b5336736-6890-4900-a60d-9c29b2799a2d","value":{"error":"no such element","message":"An element could not be located on the page using the given search parameters","stacktrace":"io.appium.uiautomator2.common.exceptions.ElementNotFoundException: An element could not be located on the page using the given search parameters\n\tat io.appium.uiautomator2.handler.FindElement.safeHandle(FindElement.java:63)\n\tat io.appium.uiautomator2.handler.request.SafeRequestHandler.handle(SafeRequestHandler.java:59)\n\tat io.appium.uiautomator2.server.AppiumServlet.handleRequest(AppiumServlet.java:259)\n\tat io.appium.uiautomator2.server.AppiumServlet.handleHttpRequest(AppiumServlet.java:253)\n\tat io.appium.uiautomator2.http.ServerHandler.channelRead(ServerHandler.java:77)\n\tat io.netty.channel.AbstractChannelHandlerContext.invokeChannelRead(AbstractChannelHandlerContext.java:366)\n\tat io.netty.channel.AbstractChannelHandlerContext.invokeChannelRead(AbstractChannelHandlerContext.java:352)\n\tat io.netty.chann...
&amp#27;[38;5;79m[a4e3d06f]&amp#27;[0m&amp#27;[38;5;123m[W3C]&amp#27;[0m Matched W3C error code 'no such element' to NoSuchElementError
&amp#27;[38;5;79m[a4e3d06f]&amp#27;[0m&amp#27;[38;5;-121m[AndroidUiautomator2Driver@5aff]&amp#27;[0m Waited for 8927 ms so far
&amp#27;[38;5;79m[a4e3d06f]&amp#27;[0m&amp#27;[38;5;-121m[AndroidUiautomator2Driver@5aff]&amp#27;[0m Matched '/element' to command name 'findElement'
&amp#27;[38;5;79m[a4e3d06f]&amp#27;[0m&amp#27;[38;5;-121m[AndroidUiautomator2Driver@5aff]&amp#27;[0m Proxying [POST /element] to [POST http://127.0.0.1:8205/session/b5336736-6890-4900-a60d-9c29b2799a2d/element] with body: {"strategy":"id","selector":"com.saucelabs.mydemoapp.android:id/loginTV","context":"","multiple":false}
&amp#27;[38;5;79m[a4e3d06f]&amp#27;[0m&amp#27;[38;5;-121m[AndroidUiautomator2Driver@5aff]&amp#27;[0m Got response with status 404: {"sessionId":"b5336736-6890-4900-a60d-9c29b2799a2d","value":{"error":"no such element","message":"An element could not be located on the page using the given search parameters","stacktrace":"io.appium.uiautomator2.common.exceptions.ElementNotFoundException: An element could not be located on the page using the given search parameters\n\tat io.appium.uiautomator2.handler.FindElement.safeHandle(FindElement.java:63)\n\tat io.appium.uiautomator2.handler.request.SafeRequestHandler.handle(SafeRequestHandler.java:59)\n\tat io.appium.uiautomator2.server.AppiumServlet.handleRequest(AppiumServlet.java:259)\n\tat io.appium.uiautomator2.server.AppiumServlet.handleHttpRequest(AppiumServlet.java:253)\n\tat io.appium.uiautomator2.http.ServerHandler.channelRead(ServerHandler.java:77)\n\tat io.netty.channel.AbstractChannelHandlerContext.invokeChannelRead(AbstractChannelHandlerContext.java:366)\n\tat io.netty.channel.AbstractChannelHandlerContext.invokeChannelRead(AbstractChannelHandlerContext.java:352)\n\tat io.netty.chann...
&amp#27;[38;5;79m[a4e3d06f]&amp#27;[0m&amp#27;[38;5;123m[W3C]&amp#27;[0m Matched W3C error code 'no such element' to NoSuchElementError
&amp#27;[38;5;79m[a4e3d06f]&amp#27;[0m&amp#27;[38;5;-121m[AndroidUiautomator2Driver@5aff]&amp#27;[0m Waited for 9572 ms so far
&amp#27;[38;5;79m[a4e3d06f]&amp#27;[0m&amp#27;[38;5;-121m[AndroidUiautomator2Driver@5aff]&amp#27;[0m Matched '/element' to command name 'findElement'
&amp#27;[38;5;79m[a4e3d06f]&amp#27;[0m&amp#27;[38;5;-121m[AndroidUiautomator2Driver@5aff]&amp#27;[0m Proxying [POST /element] to [POST http://127.0.0.1:8205/session/b5336736-6890-4900-a60d-9c29b2799a2d/element] with body: {"strategy":"id","selector":"com.saucelabs.mydemoapp.android:id/loginTV","context":"","multiple":false}
&amp#27;[38;5;79m[a4e3d06f]&amp#27;[0m&amp#27;[38;5;-121m[AndroidUiautomator2Driver@5aff]&amp#27;[0m Got response with status 404: {"sessionId":"b5336736-6890-4900-a60d-9c29b2799a2d","value":{"error":"no such element","message":"An element could not be located on the page using the given search parameters","stacktrace":"io.appium.uiautomator2.common.exceptions.ElementNotFoundException: An element could not be located on the page using the given search parameters\n\tat io.appium.uiautomator2.handler.FindElement.safeHandle(FindElement.java:63)\n\tat io.appium.uiautomator2.handler.request.SafeRequestHandler.handle(SafeRequestHandler.java:59)\n\tat io.appium.uiautomator2.server.AppiumServlet.handleRequest(AppiumServlet.java:259)\n\tat io.appium.uiautomator2.server.AppiumServlet.handleHttpRequest(AppiumServlet.java:253)\n\tat io.appium.uiautomator2.http.ServerHandler.channelRead(ServerHandler.java:77)\n\tat io.netty.channel.AbstractChannelHandlerContext.invokeChannelRead(AbstractChannelHandlerContext.java:366)\n\tat io.netty.channel.AbstractChannelHandlerContext.invokeChannelRead(AbstractChannelHandlerContext.java:352)\n\tat io.netty.chann...
&amp#27;[38;5;79m[a4e3d06f]&amp#27;[0m&amp#27;[38;5;123m[W3C]&amp#27;[0m Matched W3C error code 'no such element' to NoSuchElementError
&amp#27;[38;5;79m[a4e3d06f]&amp#27;[0m&amp#27;[38;5;-121m[AndroidUiautomator2Driver@5aff]&amp#27;[0m Waited for 10160 ms so far
&amp#27;[38;5;79m[a4e3d06f]&amp#27;[0m&amp#27;[38;5;-121m[AndroidUiautomator2Driver@5aff]&amp#27;[0m Matched '/element' to command name 'findElement'
&amp#27;[38;5;79m[a4e3d06f]&amp#27;[0m&amp#27;[38;5;-121m[AndroidUiautomator2Driver@5aff]&amp#27;[0m Proxying [POST /element] to [POST http://127.0.0.1:8205/session/b5336736-6890-4900-a60d-9c29b2799a2d/element] with body: {"strategy":"id","selector":"com.saucelabs.mydemoapp.android:id/loginTV","context":"","multiple":false}
&amp#27;[38;5;79m[a4e3d06f]&amp#27;[0m&amp#27;[38;5;-121m[AndroidUiautomator2Driver@5aff]&amp#27;[0m Got response with status 404: {"sessionId":"b5336736-6890-4900-a60d-9c29b2799a2d","value":{"error":"no such element","message":"An element could not be located on the page using the given search parameters","stacktrace":"io.appium.uiautomator2.common.exceptions.ElementNotFoundException: An element could not be located on the page using the given search parameters\n\tat io.appium.uiautomator2.handler.FindElement.safeHandle(FindElement.java:63)\n\tat io.appium.uiautomator2.handler.request.SafeRequestHandler.handle(SafeRequestHandler.java:59)\n\tat io.appium.uiautomator2.server.AppiumServlet.handleRequest(AppiumServlet.java:259)\n\tat io.appium.uiautomator2.server.AppiumServlet.handleHttpRequest(AppiumServlet.java:253)\n\tat io.appium.uiautomator2.http.ServerHandler.channelRead(ServerHandler.java:77)\n\tat io.netty.channel.AbstractChannelHandlerContext.invokeChannelRead(AbstractChannelHandlerContext.java:366)\n\tat io.netty.channel.AbstractChannelHandlerContext.invokeChannelRead(AbstractChannelHandlerContext.java:352)\n\tat io.netty.chann...
&amp#27;[38;5;79m[a4e3d06f]&amp#27;[0m&amp#27;[38;5;123m[W3C]&amp#27;[0m Matched W3C error code 'no such element' to NoSuchElementError
&amp#27;[38;5;79m[a4e3d06f]&amp#27;[0m&amp#27;[38;5;-121m[AndroidUiautomator2Driver@5aff]&amp#27;[0m Waited for 10799 ms so far
&amp#27;[38;5;79m[a4e3d06f]&amp#27;[0m&amp#27;[38;5;-121m[AndroidUiautomator2Driver@5aff]&amp#27;[0m Matched '/element' to command name 'findElement'
&amp#27;[38;5;79m[a4e3d06f]&amp#27;[0m&amp#27;[38;5;-121m[AndroidUiautomator2Driver@5aff]&amp#27;[0m Proxying [POST /element] to [POST http://127.0.0.1:8205/session/b5336736-6890-4900-a60d-9c29b2799a2d/element] with body: {"strategy":"id","selector":"com.saucelabs.mydemoapp.android:id/loginTV","context":"","multiple":false}
&amp#27;[38;5;79m[a4e3d06f]&amp#27;[0m&amp#27;[38;5;-121m[AndroidUiautomator2Driver@5aff]&amp#27;[0m Got response with status 404: {"sessionId":"b5336736-6890-4900-a60d-9c29b2799a2d","value":{"error":"no such element","message":"An element could not be located on the page using the given search parameters","stacktrace":"io.appium.uiautomator2.common.exceptions.ElementNotFoundException: An element could not be located on the page using the given search parameters\n\tat io.appium.uiautomator2.handler.FindElement.safeHandle(FindElement.java:63)\n\tat io.appium.uiautomator2.handler.request.SafeRequestHandler.handle(SafeRequestHandler.java:59)\n\tat io.appium.uiautomator2.server.AppiumServlet.handleRequest(AppiumServlet.java:259)\n\tat io.appium.uiautomator2.server.AppiumServlet.handleHttpRequest(AppiumServlet.java:253)\n\tat io.appium.uiautomator2.http.ServerHandler.channelRead(ServerHandler.java:77)\n\tat io.netty.channel.AbstractChannelHandlerContext.invokeChannelRead(AbstractChannelHandlerContext.java:366)\n\tat io.netty.channel.AbstractChannelHandlerContext.invokeChannelRead(AbstractChannelHandlerContext.java:352)\n\tat io.netty.chann...
&amp#27;[38;5;79m[a4e3d06f]&amp#27;[0m&amp#27;[38;5;123m[W3C]&amp#27;[0m Matched W3C error code 'no such element' to NoSuchElementError
&amp#27;[38;5;79m[a4e3d06f]&amp#27;[0m&amp#27;[38;5;-121m[AndroidUiautomator2Driver@5aff]&amp#27;[0m Waited for 11425 ms so far
&amp#27;[38;5;79m[a4e3d06f]&amp#27;[0m&amp#27;[38;5;-121m[AndroidUiautomator2Driver@5aff]&amp#27;[0m Matched '/element' to command name 'findElement'
&amp#27;[38;5;79m[a4e3d06f]&amp#27;[0m&amp#27;[38;5;-121m[AndroidUiautomator2Driver@5aff]&amp#27;[0m Proxying [POST /element] to [POST http://127.0.0.1:8205/session/b5336736-6890-4900-a60d-9c29b2799a2d/element] with body: {"strategy":"id","selector":"com.saucelabs.mydemoapp.android:id/loginTV","context":"","multiple":false}
&amp#27;[38;5;79m[a4e3d06f]&amp#27;[0m&amp#27;[38;5;-121m[AndroidUiautomator2Driver@5aff]&amp#27;[0m Got response with status 404: {"sessionId":"b5336736-6890-4900-a60d-9c29b2799a2d","value":{"error":"no such element","message":"An element could not be located on the page using the given search parameters","stacktrace":"io.appium.uiautomator2.common.exceptions.ElementNotFoundException: An element could not be located on the page using the given search parameters\n\tat io.appium.uiautomator2.handler.FindElement.safeHandle(FindElement.java:63)\n\tat io.appium.uiautomator2.handler.request.SafeRequestHandler.handle(SafeRequestHandler.java:59)\n\tat io.appium.uiautomator2.server.AppiumServlet.handleRequest(AppiumServlet.java:259)\n\tat io.appium.uiautomator2.server.AppiumServlet.handleHttpRequest(AppiumServlet.java:253)\n\tat io.appium.uiautomator2.http.ServerHandler.channelRead(ServerHandler.java:77)\n\tat io.netty.channel.AbstractChannelHandlerContext.invokeChannelRead(AbstractChannelHandlerContext.java:366)\n\tat io.netty.channel.AbstractChannelHandlerContext.invokeChannelRead(AbstractChannelHandlerContext.java:352)\n\tat io.netty.chann...
&amp#27;[38;5;79m[a4e3d06f]&amp#27;[0m&amp#27;[38;5;123m[W3C]&amp#27;[0m Matched W3C error code 'no such element' to NoSuchElementError
&amp#27;[38;5;79m[a4e3d06f]&amp#27;[0m&amp#27;[38;5;-121m[AndroidUiautomator2Driver@5aff]&amp#27;[0m Waited for 12078 ms so far
&amp#27;[38;5;79m[a4e3d06f]&amp#27;[0m&amp#27;[38;5;-121m[AndroidUiautomator2Driver@5aff]&amp#27;[0m Matched '/element' to command name 'findElement'
&amp#27;[38;5;79m[a4e3d06f]&amp#27;[0m&amp#27;[38;5;-121m[AndroidUiautomator2Driver@5aff]&amp#27;[0m Proxying [POST /element] to [POST http://127.0.0.1:8205/session/b5336736-6890-4900-a60d-9c29b2799a2d/element] with body: {"strategy":"id","selector":"com.saucelabs.mydemoapp.android:id/loginTV","context":"","multiple":false}
&amp#27;[38;5;79m[a4e3d06f]&amp#27;[0m&amp#27;[38;5;-121m[AndroidUiautomator2Driver@5aff]&amp#27;[0m Got response with status 404: {"sessionId":"b5336736-6890-4900-a60d-9c29b2799a2d","value":{"error":"no such element","message":"An element could not be located on the page using the given search parameters","stacktrace":"io.appium.uiautomator2.common.exceptions.ElementNotFoundException: An element could not be located on the page using the given search parameters\n\tat io.appium.uiautomator2.handler.FindElement.safeHandle(FindElement.java:63)\n\tat io.appium.uiautomator2.handler.request.SafeRequestHandler.handle(SafeRequestHandler.java:59)\n\tat io.appium.uiautomator2.server.AppiumServlet.handleRequest(AppiumServlet.java:259)\n\tat io.appium.uiautomator2.server.AppiumServlet.handleHttpRequest(AppiumServlet.java:253)\n\tat io.appium.uiautomator2.http.ServerHandler.channelRead(ServerHandler.java:77)\n\tat io.netty.channel.AbstractChannelHandlerContext.invokeChannelRead(AbstractChannelHandlerContext.java:366)\n\tat io.netty.channel.AbstractChannelHandlerContext.invokeChannelRead(AbstractChannelHandlerContext.java:352)\n\tat io.netty.chann...
&amp#27;[38;5;79m[a4e3d06f]&amp#27;[0m&amp#27;[38;5;123m[W3C]&amp#27;[0m Matched W3C error code 'no such element' to NoSuchElementError
&amp#27;[38;5;79m[a4e3d06f]&amp#27;[0m&amp#27;[38;5;-121m[AndroidUiautomator2Driver@5aff]&amp#27;[0m Waited for 12658 ms so far
&amp#27;[38;5;79m[a4e3d06f]&amp#27;[0m&amp#27;[38;5;-121m[AndroidUiautomator2Driver@5aff]&amp#27;[0m Matched '/element' to command name 'findElement'
&amp#27;[38;5;79m[a4e3d06f]&amp#27;[0m&amp#27;[38;5;-121m[AndroidUiautomator2Driver@5aff]&amp#27;[0m Proxying [POST /element] to [POST http://127.0.0.1:8205/session/b5336736-6890-4900-a60d-9c29b2799a2d/element] with body: {"strategy":"id","selector":"com.saucelabs.mydemoapp.android:id/loginTV","context":"","multiple":false}
&amp#27;[38;5;79m[a4e3d06f]&amp#27;[0m&amp#27;[38;5;-121m[AndroidUiautomator2Driver@5aff]&amp#27;[0m Got response with status 404: {"sessionId":"b5336736-6890-4900-a60d-9c29b2799a2d","value":{"error":"no such element","message":"An element could not be located on the page using the given search parameters","stacktrace":"io.appium.uiautomator2.common.exceptions.ElementNotFoundException: An element could not be located on the page using the given search parameters\n\tat io.appium.uiautomator2.handler.FindElement.safeHandle(FindElement.java:63)\n\tat io.appium.uiautomator2.handler.request.SafeRequestHandler.handle(SafeRequestHandler.java:59)\n\tat io.appium.uiautomator2.server.AppiumServlet.handleRequest(AppiumServlet.java:259)\n\tat io.appium.uiautomator2.server.AppiumServlet.handleHttpRequest(AppiumServlet.java:253)\n\tat io.appium.uiautomator2.http.ServerHandler.channelRead(ServerHandler.java:77)\n\tat io.netty.channel.AbstractChannelHandlerContext.invokeChannelRead(AbstractChannelHandlerContext.java:366)\n\tat io.netty.channel.AbstractChannelHandlerContext.invokeChannelRead(AbstractChannelHandlerContext.java:352)\n\tat io.netty.chann...
&amp#27;[38;5;79m[a4e3d06f]&amp#27;[0m&amp#27;[38;5;123m[W3C]&amp#27;[0m Matched W3C error code 'no such element' to NoSuchElementError
&amp#27;[38;5;79m[a4e3d06f]&amp#27;[0m&amp#27;[38;5;-121m[AndroidUiautomator2Driver@5aff]&amp#27;[0m Waited for 13245 ms so far
&amp#27;[38;5;79m[a4e3d06f]&amp#27;[0m&amp#27;[38;5;-121m[AndroidUiautomator2Driver@5aff]&amp#27;[0m Matched '/element' to command name 'findElement'
&amp#27;[38;5;79m[a4e3d06f]&amp#27;[0m&amp#27;[38;5;-121m[AndroidUiautomator2Driver@5aff]&amp#27;[0m Proxying [POST /element] to [POST http://127.0.0.1:8205/session/b5336736-6890-4900-a60d-9c29b2799a2d/element] with body: {"strategy":"id","selector":"com.saucelabs.mydemoapp.android:id/loginTV","context":"","multiple":false}
&amp#27;[38;5;79m[a4e3d06f]&amp#27;[0m&amp#27;[38;5;-121m[AndroidUiautomator2Driver@5aff]&amp#27;[0m Got response with status 404: {"sessionId":"b5336736-6890-4900-a60d-9c29b2799a2d","value":{"error":"no such element","message":"An element could not be located on the page using the given search parameters","stacktrace":"io.appium.uiautomator2.common.exceptions.ElementNotFoundException: An element could not be located on the page using the given search parameters\n\tat io.appium.uiautomator2.handler.FindElement.safeHandle(FindElement.java:63)\n\tat io.appium.uiautomator2.handler.request.SafeRequestHandler.handle(SafeRequestHandler.java:59)\n\tat io.appium.uiautomator2.server.AppiumServlet.handleRequest(AppiumServlet.java:259)\n\tat io.appium.uiautomator2.server.AppiumServlet.handleHttpRequest(AppiumServlet.java:253)\n\tat io.appium.uiautomator2.http.ServerHandler.channelRead(ServerHandler.java:77)\n\tat io.netty.channel.AbstractChannelHandlerContext.invokeChannelRead(AbstractChannelHandlerContext.java:366)\n\tat io.netty.channel.AbstractChannelHandlerContext.invokeChannelRead(AbstractChannelHandlerContext.java:352)\n\tat io.netty.chann...
&amp#27;[38;5;79m[a4e3d06f]&amp#27;[0m&amp#27;[38;5;123m[W3C]&amp#27;[0m Matched W3C error code 'no such element' to NoSuchElementError
&amp#27;[38;5;79m[a4e3d06f]&amp#27;[0m&amp#27;[38;5;-121m[AndroidUiautomator2Driver@5aff]&amp#27;[0m Waited for 13893 ms so far
&amp#27;[38;5;79m[a4e3d06f]&amp#27;[0m&amp#27;[38;5;-121m[AndroidUiautomator2Driver@5aff]&amp#27;[0m Matched '/element' to command name 'findElement'
&amp#27;[38;5;79m[a4e3d06f]&amp#27;[0m&amp#27;[38;5;-121m[AndroidUiautomator2Driver@5aff]&amp#27;[0m Proxying [POST /element] to [POST http://127.0.0.1:8205/session/b5336736-6890-4900-a60d-9c29b2799a2d/element] with body: {"strategy":"id","selector":"com.saucelabs.mydemoapp.android:id/loginTV","context":"","multiple":false}
&amp#27;[38;5;79m[a4e3d06f]&amp#27;[0m&amp#27;[38;5;-121m[AndroidUiautomator2Driver@5aff]&amp#27;[0m Got response with status 404: {"sessionId":"b5336736-6890-4900-a60d-9c29b2799a2d","value":{"error":"no such element","message":"An element could not be located on the page using the given search parameters","stacktrace":"io.appium.uiautomator2.common.exceptions.ElementNotFoundException: An element could not be located on the page using the given search parameters\n\tat io.appium.uiautomator2.handler.FindElement.safeHandle(FindElement.java:63)\n\tat io.appium.uiautomator2.handler.request.SafeRequestHandler.handle(SafeRequestHandler.java:59)\n\tat io.appium.uiautomator2.server.AppiumServlet.handleRequest(AppiumServlet.java:259)\n\tat io.appium.uiautomator2.server.AppiumServlet.handleHttpRequest(AppiumServlet.java:253)\n\tat io.appium.uiautomator2.http.ServerHandler.channelRead(ServerHandler.java:77)\n\tat io.netty.channel.AbstractChannelHandlerContext.invokeChannelRead(AbstractChannelHandlerContext.java:366)\n\tat io.netty.channel.AbstractChannelHandlerContext.invokeChannelRead(AbstractChannelHandlerContext.java:352)\n\tat io.netty.chann...
&amp#27;[38;5;79m[a4e3d06f]&amp#27;[0m&amp#27;[38;5;123m[W3C]&amp#27;[0m Matched W3C error code 'no such element' to NoSuchElementError
&amp#27;[38;5;79m[a4e3d06f]&amp#27;[0m&amp#27;[38;5;-121m[AndroidUiautomator2Driver@5aff]&amp#27;[0m Waited for 14554 ms so far
&amp#27;[38;5;79m[a4e3d06f]&amp#27;[0m&amp#27;[38;5;-121m[AndroidUiautomator2Driver@5aff]&amp#27;[0m Matched '/element' to command name 'findElement'
&amp#27;[38;5;79m[a4e3d06f]&amp#27;[0m&amp#27;[38;5;-121m[AndroidUiautomator2Driver@5aff]&amp#27;[0m Proxying [POST /element] to [POST http://127.0.0.1:8205/session/b5336736-6890-4900-a60d-9c29b2799a2d/element] with body: {"strategy":"id","selector":"com.saucelabs.mydemoapp.android:id/loginTV","context":"","multiple":false}
&amp#27;[38;5;79m[a4e3d06f]&amp#27;[0m&amp#27;[38;5;-121m[AndroidUiautomator2Driver@5aff]&amp#27;[0m Got response with status 404: {"sessionId":"b5336736-6890-4900-a60d-9c29b2799a2d","value":{"error":"no such element","message":"An element could not be located on the page using the given search parameters","stacktrace":"io.appium.uiautomator2.common.exceptions.ElementNotFoundException: An element could not be located on the page using the given search parameters\n\tat io.appium.uiautomator2.handler.FindElement.safeHandle(FindElement.java:63)\n\tat io.appium.uiautomator2.handler.request.SafeRequestHandler.handle(SafeRequestHandler.java:59)\n\tat io.appium.uiautomator2.server.AppiumServlet.handleRequest(AppiumServlet.java:259)\n\tat io.appium.uiautomator2.server.AppiumServlet.handleHttpRequest(AppiumServlet.java:253)\n\tat io.appium.uiautomator2.http.ServerHandler.channelRead(ServerHandler.java:77)\n\tat io.netty.channel.AbstractChannelHandlerContext.invokeChannelRead(AbstractChannelHandlerContext.java:366)\n\tat io.netty.channel.AbstractChannelHandlerContext.invokeChannelRead(AbstractChannelHandlerContext.java:352)\n\tat io.netty.chann...
&amp#27;[38;5;79m[a4e3d06f]&amp#27;[0m&amp#27;[38;5;123m[W3C]&amp#27;[0m Matched W3C error code 'no such element' to NoSuchElementError
&amp#27;[38;5;79m[a4e3d06f]&amp#27;[0m&amp#27;[38;5;-121m[AndroidUiautomator2Driver@5aff]&amp#27;[0m Encountered internal error running command: NoSuchElementError: An element could not be located on the page using the given search parameters.
    at AndroidUiautomator2Driver.findElOrEls (C:\Users\Testriq\.appium\node_modules\appium-uiautomator2-driver\node_modules\appium-android-driver\lib\commands\find.ts:86:11)
    at processTicksAndRejections (node:internal/process/task_queues:95:5)
    at AndroidUiautomator2Driver.findElOrElsWithProcessing (C:\Users\Testriq\AppData\Roaming\npm\node_modules\appium\node_modules\@appium\base-driver\lib\basedriver\commands\find.ts:60:12)
    at AndroidUiautomator2Driver.findElement (C:\Users\Testriq\AppData\Roaming\npm\node_modules\appium\node_modules\@appium\base-driver\lib\basedriver\commands\find.ts:75:12)
&amp#27;[38;5;79m[a4e3d06f]&amp#27;[0m&amp#27;[38;5;86m[HTTP]&amp#27;[0m &amp#27;[37m<-- POST /session/a4e3d06f-a5f1-4c34-a7a0-d757f192f2f5/element &amp#27;[39m&amp#27;[33m404&amp#27;[39m &amp#27;[90m15139 ms - 896&amp#27;[39m &amp#27;[90m&amp#27;[39m
&amp#27;[38;5;79m[a4e3d06f]&amp#27;[0m&amp#27;[38;5;86m[HTTP]&amp#27;[0m &amp#27;[37m-->&amp#27;[39m &amp#27;[37mGET&amp#27;[39m &amp#27;[37m/session/a4e3d06f-a5f1-4c34-a7a0-d757f192f2f5/screenshot&amp#27;[39m &amp#27;[90m{}&amp#27;[39m
&amp#27;[38;5;79m[a4e3d06f]&amp#27;[0m&amp#27;[38;5;-121m[AndroidUiautomator2Driver@5aff]&amp#27;[0m Calling AppiumDriver.getScreenshot() with args: ["a4e3d06f-a5f1-4c34-a7a0-d757f192f2f5"]
&amp#27;[38;5;79m[a4e3d06f]&amp#27;[0m&amp#27;[38;5;-121m[AndroidUiautomator2Driver@5aff]&amp#27;[0m Matched '/screenshot' to command name 'getScreenshot'
&amp#27;[38;5;79m[a4e3d06f]&amp#27;[0m&amp#27;[38;5;-121m[AndroidUiautomator2Driver@5aff]&amp#27;[0m Proxying [GET /screenshot] to [GET http://127.0.0.1:8205/session/b5336736-6890-4900-a60d-9c29b2799a2d/screenshot] with no body
&amp#27;[38;5;79m[a4e3d06f]&amp#27;[0m&amp#27;[38;5;-121m[AndroidUiautomator2Driver@5aff]&amp#27;[0m Got response with status 200: {"sessionId":"b5336736-6890-4900-a60d-9c29b2799a2d","value":"iVBORw0KGgoAAAANSUhEUgAABDgAAAlgCAYAAABtGofVAAAAAXNSR0IArs4c6QAAAARzQklUCAgICHwIZIgAACAASURBVHicrL19niQ5jixmABlR3T1vpavoBLqWDv7ebndlkID+MANIz66ZHb2fciY7syIj3OkkCBgMH7T/6//5v9NwvjITQAIAzB1uDjMgE4jYMBtIbMCA2IGIAJKfq2+DI+tamchIJBJ16b0DWBsOwzADViIi4eZYK/HZG18b+OyNzw6sCAQM6QaYAQ7AAFgCBpgbfDjGcMw5MObAHAPTAIuFH6+JOSfmGLDhMI4OBsDdYWYwM7gbxnCYOUxjN03OcNM3MMz0nXDw33MMvIZjjAE3Q2Zir40dnMt0vZb1XAuftbERnFs4ViS+vj742htr85lhDvPnfCI1djM4eF0zPYsDhlpRQyTXif9yAK514tpFBta+vhPISOwdiB3YayF3IndyvVcC+raV8A3YCmAF8pPIFcBK5CeBFbCdwAZiJvC7I/6YwO8O/OEYfwz8+GPit98nfv994rc/Xni/ax4d0/jTh8N88LmyZJFyBThgjkxgZ2JHYG+OPyMQkskA54VrTQHKpNwhreeTa2n447cXBgJvB97D8R5cB6QhMrE21/ezNmItpAFjzpafjI3IwA7JvXF9//xsfP384OcO/Pxa+PlZ+OxAAHAfgBv3m/bgMMAdmO6YwzDnwGsOzGHwkXAHxnAMd8zpgCWfcQBAIpCI2Ng7sGJjReLnTnwi8fPrg8/PjfUJ7K9A/ATyA+ADxF8b+BmwlXilYxjnGQDSSkNIysy4IQMIBOzt8JfDXsB4A/YGbPLbX4OvvwZsGJ8zgeHcs/w5qXcSMD1D66eA1i0Qm3IQAcTurcE9m4CH1jytdVRdi3IFvMfAHI73HHgPw/vN9TddJCKwVmKtBNKxA8itOXa+Jy1hnvCRMCQcG/P9...
&amp#27;[38;5;79m[a4e3d06f]&amp#27;[0m&amp#27;[38;5;-121m[AndroidUiautomator2Driver@5aff]&amp#27;[0m Responding to client with driver.getScreenshot() result: "iVBORw0KGgoAAAANSUhEUgAABDgAAAlgCAYAAABtGofVAAAAAXNSR0IArs4c6QAAAARzQklUCAgICHwIZIgAACAASURBVHicrL19niQ5jixmABlR3T1vpavoBLqWDv7ebndlkID+MANIz66ZHb2fciY7syIj3OkkCBgMH7T/6//5v9NwvjITQAIAzB1uDjMgE4jYMBtIbMCA2IGIAJKfq2+DI+tamchIJBJ16b0DWBsOwzADViIi4eZYK/HZG18b+OyNzw6sCAQM6QaYAQ7AAFgCBpgbfDjGcMw5MObAHAPTAIuFH6+JOSfmGLDhMI4OBsDdYWYwM7gbxnCYOUxjN03OcNM3MMz0nXDw33MMvIZjjAE3Q2Zir40dnMt0vZb1XAuftbERnFs4ViS+vj742htr85lhDvPnfCI1djM4eF0zPYsDhlpRQyTXif9yAK514tpFBta+vhPISOwdiB3YayF3IndyvVcC+raV8A3YCmAF8pPIFcBK5CeBFbCdwAZiJvC7I/6YwO8O/OEYfwz8+GPit98nfv994rc/Xni/ax4d0/jTh8N88LmyZJFyBThgjkxgZ2JHYG+OPyMQkskA54VrTQHKpNwhreeTa2n447cXBgJvB97D8R5cB6QhMrE21/ezNmItpAFjzpafjI3IwA7JvXF9//xsfP384OcO/Pxa+PlZ+OxAAHAfgBv3m/bgMMAdmO6YwzDnwGsOzGHwkXAHxnAMd8zpgCWfcQBAIpCI2Ng7sGJjReLnTnwi8fPrg8/PjfUJ7K9A/ATyA+ADxF8b+BmwlXilYxjnGQDSSkNIysy4IQMIBOzt8JfDXsB4A/YGbPLbX4OvvwZsGJ8zgeHcs/w5qXcSMD1D66eA1i0Qm3IQAcTurcE9m4CH1jytdVRdi3IFvMfAHI73HHgPw/vN9TddJCKwVmKtBNKxA8itOXa+Jy1hnvCRMCQcG/P9BszwWYm/fi789dn4+gp8ViIDiARyB+U3gJ3B59AYA2e8sTcipPLc4cNguidK...
&amp#27;[38;5;79m[a4e3d06f]&amp#27;[0m&amp#27;[38;5;86m[HTTP]&amp#27;[0m &amp#27;[37m<-- GET /session/a4e3d06f-a5f1-4c34-a7a0-d757f192f2f5/screenshot &amp#27;[39m&amp#27;[32m200&amp#27;[39m &amp#27;[90m2113 ms - 4483116&amp#27;[39m &amp#27;[90m&amp#27;[39m
]]></system-out>
  </testcase>
  <testcase name="WithoutLoginAddToCart" classname="testcases.TC_02_Add_To_Cart" time="17.423">
    <failure message="Can&apos;t locate an element by this strategy: By.chained({AppiumBy.accessibilityId: View menu})" type="org.openqa.selenium.NoSuchElementException"><![CDATA[org.openqa.selenium.NoSuchElementException: Can't locate an element by this strategy: By.chained({AppiumBy.accessibilityId: View menu})
	at io.appium.java_client.pagefactory.AppiumElementLocator.findElement(AppiumElementLocator.java:166)
	at io.appium.java_client.pagefactory.interceptors.InterceptorOfASingleElement.call(InterceptorOfASingleElement.java:75)
	at io.appium.java_client.proxy.Interceptor.intercept(Interceptor.java:78)
	at org.openqa.selenium.remote.RemoteWebElement$ByteBuddy$fmXPoyA8.click(Unknown Source)
	at ecommerce.Project.Add_To_Cart_Page_Object.AddToCartWithoutlogin(Add_To_Cart_Page_Object.java:115)
	at testcases.TC_02_Add_To_Cart.WithoutLoginAddToCart(TC_02_Add_To_Cart.java:39)
	at java.base/jdk.internal.reflect.DirectMethodHandleAccessor.invoke(DirectMethodHandleAccessor.java:103)
	at java.base/java.lang.reflect.Method.invoke(Method.java:580)
	at org.testng.internal.invokers.MethodInvocationHelper.invokeMethod(MethodInvocationHelper.java:141)
	at org.testng.internal.invokers.TestInvoker.invokeMethod(TestInvoker.java:686)
	at org.testng.internal.invokers.TestInvoker.invokeTestMethod(TestInvoker.java:230)
	at org.testng.internal.invokers.MethodRunner.runInSequence(MethodRunner.java:63)
	at org.testng.internal.invokers.TestInvoker$MethodInvocationAgent.invoke(TestInvoker.java:992)
	at org.testng.internal.invokers.TestInvoker.invokeTestMethods(TestInvoker.java:203)
	at org.testng.internal.invokers.TestMethodWorker.invokeTestMethods(TestMethodWorker.java:154)
	at org.testng.internal.invokers.TestMethodWorker.run(TestMethodWorker.java:134)
	at java.base/java.util.ArrayList.forEach(ArrayList.java:1596)
	at org.testng.TestRunner.privateRun(TestRunner.java:739)
	at org.testng.TestRunner.run(TestRunner.java:614)
	at org.testng.SuiteRunner.runTest(SuiteRunner.java:421)
	at org.testng.SuiteRunner.runSequentially(SuiteRunner.java:413)
	at org.testng.SuiteRunner.privateRun(SuiteRunner.java:373)
	at org.testng.SuiteRunner.run(SuiteRunner.java:312)
	at org.testng.SuiteRunnerWorker.runSuite(SuiteRunnerWorker.java:52)
	at org.testng.SuiteRunnerWorker.run(SuiteRunnerWorker.java:95)
	at org.testng.TestNG.runSuitesSequentially(TestNG.java:1274)
	at org.testng.TestNG.runSuitesLocally(TestNG.java:1208)
	at org.testng.TestNG.runSuites(TestNG.java:1112)
	at org.testng.TestNG.run(TestNG.java:1079)
	at org.apache.maven.surefire.testng.TestNGExecutor.run(TestNGExecutor.java:308)
	at org.apache.maven.surefire.testng.TestNGXmlTestSuite.execute(TestNGXmlTestSuite.java:71)
	at org.apache.maven.surefire.testng.TestNGProvider.invoke(TestNGProvider.java:113)
	at org.apache.maven.surefire.booter.ForkedBooter.runSuitesInProcess(ForkedBooter.java:385)
	at org.apache.maven.surefire.booter.ForkedBooter.execute(ForkedBooter.java:162)
	at org.apache.maven.surefire.booter.ForkedBooter.run(ForkedBooter.java:507)
	at org.apache.maven.surefire.booter.ForkedBooter.main(ForkedBooter.java:495)
Caused by: org.openqa.selenium.TimeoutException: Expected condition failed: waiting for io.appium.java_client.pagefactory.AppiumElementLocator$WaitingFunction@c5c622 (tried for 1 second(s) with 500 milliseconds interval)
	at org.openqa.selenium.support.ui.FluentWait.timeoutException(FluentWait.java:265)
	at org.openqa.selenium.support.ui.FluentWait.until(FluentWait.java:228)
	at io.appium.java_client.pagefactory.AppiumElementLocator.waitFor(AppiumElementLocator.java:135)
	at io.appium.java_client.pagefactory.AppiumElementLocator.findElement(AppiumElementLocator.java:160)
	... 35 more
Caused by: org.openqa.selenium.NoSuchElementException: Cannot locate an element using By.chained({AppiumBy.accessibilityId: View menu})
For documentation on this error, please visit: https://www.selenium.dev/documentation/webdriver/troubleshooting/errors#no-such-element-exception
Build info: version: '4.27.0', revision: 'd6e718d134'
System info: os.name: 'Windows 11', os.arch: 'amd64', os.version: '10.0', java.version: '21.0.5'
Driver info: driver.version: RemoteWebDriver
	at io.appium.java_client.pagefactory.bys.builder.ByChained.findElement(ByChained.java:74)
	at org.openqa.selenium.remote.ElementLocation$ElementFinder$1.findElement(ElementLocation.java:139)
	at org.openqa.selenium.remote.ElementLocation.findElement(ElementLocation.java:59)
	at org.openqa.selenium.remote.RemoteWebDriver.findElement(RemoteWebDriver.java:368)
	at org.openqa.selenium.remote.RemoteWebDriver.findElement(RemoteWebDriver.java:362)
	at io.appium.java_client.pagefactory.bys.ContentMappedBy.findElement(ContentMappedBy.java:53)
	at org.openqa.selenium.remote.ElementLocation$ElementFinder$1.findElement(ElementLocation.java:139)
	at org.openqa.selenium.remote.ElementLocation.findElement(ElementLocation.java:59)
	at org.openqa.selenium.remote.RemoteWebDriver.findElement(RemoteWebDriver.java:368)
	at org.openqa.selenium.remote.RemoteWebDriver.findElement(RemoteWebDriver.java:362)
	at io.appium.java_client.pagefactory.AppiumElementLocator.lambda$findElement$1(AppiumElementLocator.java:160)
	at io.appium.java_client.pagefactory.AppiumElementLocator$WaitingFunction.apply(AppiumElementLocator.java:217)
	at io.appium.java_client.pagefactory.AppiumElementLocator$WaitingFunction.apply(AppiumElementLocator.java:210)
	at org.openqa.selenium.support.ui.FluentWait.until(FluentWait.java:203)
	... 37 more
]]></failure>
    <system-out><![CDATA[&amp#27;[38;5;79m[a4e3d06f]&amp#27;[0m&amp#27;[38;5;86m[HTTP]&amp#27;[0m &amp#27;[37m-->&amp#27;[39m &amp#27;[37mGET&amp#27;[39m &amp#27;[37m/session/a4e3d06f-a5f1-4c34-a7a0-d757f192f2f5/context&amp#27;[39m &amp#27;[90m{}&amp#27;[39m
&amp#27;[38;5;79m[a4e3d06f]&amp#27;[0m&amp#27;[38;5;-121m[AndroidUiautomator2Driver@5aff]&amp#27;[0m Calling AppiumDriver.getCurrentContext() with args: ["a4e3d06f-a5f1-4c34-a7a0-d757f192f2f5"]
&amp#27;[38;5;79m[a4e3d06f]&amp#27;[0m&amp#27;[38;5;-121m[AndroidUiautomator2Driver@5aff]&amp#27;[0m Responding to client with driver.getCurrentContext() result: "NATIVE_APP"
&amp#27;[38;5;79m[a4e3d06f]&amp#27;[0m&amp#27;[38;5;86m[HTTP]&amp#27;[0m &amp#27;[37m<-- GET /session/a4e3d06f-a5f1-4c34-a7a0-d757f192f2f5/context &amp#27;[39m&amp#27;[32m200&amp#27;[39m &amp#27;[90m1 ms - 22&amp#27;[39m &amp#27;[90m&amp#27;[39m
&amp#27;[38;5;79m[a4e3d06f]&amp#27;[0m&amp#27;[38;5;86m[HTTP]&amp#27;[0m &amp#27;[37m-->&amp#27;[39m &amp#27;[37mPOST&amp#27;[39m &amp#27;[37m/session/a4e3d06f-a5f1-4c34-a7a0-d757f192f2f5/element&amp#27;[39m &amp#27;[90m{"using":"accessibility id","value":"View menu"}&amp#27;[39m
&amp#27;[38;5;79m[a4e3d06f]&amp#27;[0m&amp#27;[38;5;-121m[AndroidUiautomator2Driver@5aff]&amp#27;[0m Calling AppiumDriver.findElement() with args: ["accessibility id","View menu","a4e3d06f-a5f1-4c34-a7a0-d757f192f2f5"]
&amp#27;[38;5;79m[a4e3d06f]&amp#27;[0m&amp#27;[38;5;-121m[AndroidUiautomator2Driver@5aff]&amp#27;[0m Valid locator strategies for this request: xpath, id, class name, accessibility id, css selector, -android uiautomator
&amp#27;[38;5;79m[a4e3d06f]&amp#27;[0m&amp#27;[38;5;-121m[AndroidUiautomator2Driver@5aff]&amp#27;[0m Waiting up to 15000 ms for condition
&amp#27;[38;5;79m[a4e3d06f]&amp#27;[0m&amp#27;[38;5;-121m[AndroidUiautomator2Driver@5aff]&amp#27;[0m Matched '/element' to command name 'findElement'
&amp#27;[38;5;79m[a4e3d06f]&amp#27;[0m&amp#27;[38;5;-121m[AndroidUiautomator2Driver@5aff]&amp#27;[0m Proxying [POST /element] to [POST http://127.0.0.1:8205/session/b5336736-6890-4900-a60d-9c29b2799a2d/element] with body: {"strategy":"accessibility id","selector":"View menu","context":"","multiple":false}
&amp#27;[38;5;79m[a4e3d06f]&amp#27;[0m&amp#27;[38;5;-121m[AndroidUiautomator2Driver@5aff]&amp#27;[0m Got response with status 404: {"sessionId":"b5336736-6890-4900-a60d-9c29b2799a2d","value":{"error":"no such element","message":"An element could not be located on the page using the given search parameters","stacktrace":"io.appium.uiautomator2.common.exceptions.ElementNotFoundException: An element could not be located on the page using the given search parameters\n\tat io.appium.uiautomator2.handler.FindElement.safeHandle(FindElement.java:63)\n\tat io.appium.uiautomator2.handler.request.SafeRequestHandler.handle(SafeRequestHandler.java:59)\n\tat io.appium.uiautomator2.server.AppiumServlet.handleRequest(AppiumServlet.java:259)\n\tat io.appium.uiautomator2.server.AppiumServlet.handleHttpRequest(AppiumServlet.java:253)\n\tat io.appium.uiautomator2.http.ServerHandler.channelRead(ServerHandler.java:77)\n\tat io.netty.channel.AbstractChannelHandlerContext.invokeChannelRead(AbstractChannelHandlerContext.java:366)\n\tat io.netty.channel.AbstractChannelHandlerContext.invokeChannelRead(AbstractChannelHandlerContext.java:352)\n\tat io.netty.chann...
&amp#27;[38;5;79m[a4e3d06f]&amp#27;[0m&amp#27;[38;5;123m[W3C]&amp#27;[0m Matched W3C error code 'no such element' to NoSuchElementError
&amp#27;[38;5;79m[a4e3d06f]&amp#27;[0m&amp#27;[38;5;-121m[AndroidUiautomator2Driver@5aff]&amp#27;[0m Waited for 63 ms so far
&amp#27;[38;5;79m[a4e3d06f]&amp#27;[0m&amp#27;[38;5;-121m[AndroidUiautomator2Driver@5aff]&amp#27;[0m Matched '/element' to command name 'findElement'
&amp#27;[38;5;79m[a4e3d06f]&amp#27;[0m&amp#27;[38;5;-121m[AndroidUiautomator2Driver@5aff]&amp#27;[0m Proxying [POST /element] to [POST http://127.0.0.1:8205/session/b5336736-6890-4900-a60d-9c29b2799a2d/element] with body: {"strategy":"accessibility id","selector":"View menu","context":"","multiple":false}
&amp#27;[38;5;79m[a4e3d06f]&amp#27;[0m&amp#27;[38;5;-121m[AndroidUiautomator2Driver@5aff]&amp#27;[0m Got response with status 404: {"sessionId":"b5336736-6890-4900-a60d-9c29b2799a2d","value":{"error":"no such element","message":"An element could not be located on the page using the given search parameters","stacktrace":"io.appium.uiautomator2.common.exceptions.ElementNotFoundException: An element could not be located on the page using the given search parameters\n\tat io.appium.uiautomator2.handler.FindElement.safeHandle(FindElement.java:63)\n\tat io.appium.uiautomator2.handler.request.SafeRequestHandler.handle(SafeRequestHandler.java:59)\n\tat io.appium.uiautomator2.server.AppiumServlet.handleRequest(AppiumServlet.java:259)\n\tat io.appium.uiautomator2.server.AppiumServlet.handleHttpRequest(AppiumServlet.java:253)\n\tat io.appium.uiautomator2.http.ServerHandler.channelRead(ServerHandler.java:77)\n\tat io.netty.channel.AbstractChannelHandlerContext.invokeChannelRead(AbstractChannelHandlerContext.java:366)\n\tat io.netty.channel.AbstractChannelHandlerContext.invokeChannelRead(AbstractChannelHandlerContext.java:352)\n\tat io.netty.chann...
&amp#27;[38;5;79m[a4e3d06f]&amp#27;[0m&amp#27;[38;5;123m[W3C]&amp#27;[0m Matched W3C error code 'no such element' to NoSuchElementError
&amp#27;[38;5;79m[a4e3d06f]&amp#27;[0m&amp#27;[38;5;-121m[AndroidUiautomator2Driver@5aff]&amp#27;[0m Waited for 698 ms so far
&amp#27;[38;5;79m[a4e3d06f]&amp#27;[0m&amp#27;[38;5;-121m[AndroidUiautomator2Driver@5aff]&amp#27;[0m Matched '/element' to command name 'findElement'
&amp#27;[38;5;79m[a4e3d06f]&amp#27;[0m&amp#27;[38;5;-121m[AndroidUiautomator2Driver@5aff]&amp#27;[0m Proxying [POST /element] to [POST http://127.0.0.1:8205/session/b5336736-6890-4900-a60d-9c29b2799a2d/element] with body: {"strategy":"accessibility id","selector":"View menu","context":"","multiple":false}
&amp#27;[38;5;79m[a4e3d06f]&amp#27;[0m&amp#27;[38;5;-121m[AndroidUiautomator2Driver@5aff]&amp#27;[0m Got response with status 404: {"sessionId":"b5336736-6890-4900-a60d-9c29b2799a2d","value":{"error":"no such element","message":"An element could not be located on the page using the given search parameters","stacktrace":"io.appium.uiautomator2.common.exceptions.ElementNotFoundException: An element could not be located on the page using the given search parameters\n\tat io.appium.uiautomator2.handler.FindElement.safeHandle(FindElement.java:63)\n\tat io.appium.uiautomator2.handler.request.SafeRequestHandler.handle(SafeRequestHandler.java:59)\n\tat io.appium.uiautomator2.server.AppiumServlet.handleRequest(AppiumServlet.java:259)\n\tat io.appium.uiautomator2.server.AppiumServlet.handleHttpRequest(AppiumServlet.java:253)\n\tat io.appium.uiautomator2.http.ServerHandler.channelRead(ServerHandler.java:77)\n\tat io.netty.channel.AbstractChannelHandlerContext.invokeChannelRead(AbstractChannelHandlerContext.java:366)\n\tat io.netty.channel.AbstractChannelHandlerContext.invokeChannelRead(AbstractChannelHandlerContext.java:352)\n\tat io.netty.chann...
&amp#27;[38;5;79m[a4e3d06f]&amp#27;[0m&amp#27;[38;5;123m[W3C]&amp#27;[0m Matched W3C error code 'no such element' to NoSuchElementError
&amp#27;[38;5;79m[a4e3d06f]&amp#27;[0m&amp#27;[38;5;-121m[AndroidUiautomator2Driver@5aff]&amp#27;[0m Waited for 1362 ms so far
&amp#27;[38;5;79m[a4e3d06f]&amp#27;[0m&amp#27;[38;5;-121m[AndroidUiautomator2Driver@5aff]&amp#27;[0m Matched '/element' to command name 'findElement'
&amp#27;[38;5;79m[a4e3d06f]&amp#27;[0m&amp#27;[38;5;-121m[AndroidUiautomator2Driver@5aff]&amp#27;[0m Proxying [POST /element] to [POST http://127.0.0.1:8205/session/b5336736-6890-4900-a60d-9c29b2799a2d/element] with body: {"strategy":"accessibility id","selector":"View menu","context":"","multiple":false}
&amp#27;[38;5;79m[a4e3d06f]&amp#27;[0m&amp#27;[38;5;-121m[AndroidUiautomator2Driver@5aff]&amp#27;[0m Got response with status 404: {"sessionId":"b5336736-6890-4900-a60d-9c29b2799a2d","value":{"error":"no such element","message":"An element could not be located on the page using the given search parameters","stacktrace":"io.appium.uiautomator2.common.exceptions.ElementNotFoundException: An element could not be located on the page using the given search parameters\n\tat io.appium.uiautomator2.handler.FindElement.safeHandle(FindElement.java:63)\n\tat io.appium.uiautomator2.handler.request.SafeRequestHandler.handle(SafeRequestHandler.java:59)\n\tat io.appium.uiautomator2.server.AppiumServlet.handleRequest(AppiumServlet.java:259)\n\tat io.appium.uiautomator2.server.AppiumServlet.handleHttpRequest(AppiumServlet.java:253)\n\tat io.appium.uiautomator2.http.ServerHandler.channelRead(ServerHandler.java:77)\n\tat io.netty.channel.AbstractChannelHandlerContext.invokeChannelRead(AbstractChannelHandlerContext.java:366)\n\tat io.netty.channel.AbstractChannelHandlerContext.invokeChannelRead(AbstractChannelHandlerContext.java:352)\n\tat io.netty.chann...
&amp#27;[38;5;79m[a4e3d06f]&amp#27;[0m&amp#27;[38;5;123m[W3C]&amp#27;[0m Matched W3C error code 'no such element' to NoSuchElementError
&amp#27;[38;5;79m[a4e3d06f]&amp#27;[0m&amp#27;[38;5;-121m[AndroidUiautomator2Driver@5aff]&amp#27;[0m Waited for 1977 ms so far
&amp#27;[38;5;79m[a4e3d06f]&amp#27;[0m&amp#27;[38;5;-121m[AndroidUiautomator2Driver@5aff]&amp#27;[0m Matched '/element' to command name 'findElement'
&amp#27;[38;5;79m[a4e3d06f]&amp#27;[0m&amp#27;[38;5;-121m[AndroidUiautomator2Driver@5aff]&amp#27;[0m Proxying [POST /element] to [POST http://127.0.0.1:8205/session/b5336736-6890-4900-a60d-9c29b2799a2d/element] with body: {"strategy":"accessibility id","selector":"View menu","context":"","multiple":false}
&amp#27;[38;5;79m[a4e3d06f]&amp#27;[0m&amp#27;[38;5;-121m[AndroidUiautomator2Driver@5aff]&amp#27;[0m Got response with status 404: {"sessionId":"b5336736-6890-4900-a60d-9c29b2799a2d","value":{"error":"no such element","message":"An element could not be located on the page using the given search parameters","stacktrace":"io.appium.uiautomator2.common.exceptions.ElementNotFoundException: An element could not be located on the page using the given search parameters\n\tat io.appium.uiautomator2.handler.FindElement.safeHandle(FindElement.java:63)\n\tat io.appium.uiautomator2.handler.request.SafeRequestHandler.handle(SafeRequestHandler.java:59)\n\tat io.appium.uiautomator2.server.AppiumServlet.handleRequest(AppiumServlet.java:259)\n\tat io.appium.uiautomator2.server.AppiumServlet.handleHttpRequest(AppiumServlet.java:253)\n\tat io.appium.uiautomator2.http.ServerHandler.channelRead(ServerHandler.java:77)\n\tat io.netty.channel.AbstractChannelHandlerContext.invokeChannelRead(AbstractChannelHandlerContext.java:366)\n\tat io.netty.channel.AbstractChannelHandlerContext.invokeChannelRead(AbstractChannelHandlerContext.java:352)\n\tat io.netty.chann...
&amp#27;[38;5;79m[a4e3d06f]&amp#27;[0m&amp#27;[38;5;123m[W3C]&amp#27;[0m Matched W3C error code 'no such element' to NoSuchElementError
&amp#27;[38;5;79m[a4e3d06f]&amp#27;[0m&amp#27;[38;5;-121m[AndroidUiautomator2Driver@5aff]&amp#27;[0m Waited for 2626 ms so far
&amp#27;[38;5;79m[a4e3d06f]&amp#27;[0m&amp#27;[38;5;-121m[AndroidUiautomator2Driver@5aff]&amp#27;[0m Matched '/element' to command name 'findElement'
&amp#27;[38;5;79m[a4e3d06f]&amp#27;[0m&amp#27;[38;5;-121m[AndroidUiautomator2Driver@5aff]&amp#27;[0m Proxying [POST /element] to [POST http://127.0.0.1:8205/session/b5336736-6890-4900-a60d-9c29b2799a2d/element] with body: {"strategy":"accessibility id","selector":"View menu","context":"","multiple":false}
&amp#27;[38;5;79m[a4e3d06f]&amp#27;[0m&amp#27;[38;5;-121m[AndroidUiautomator2Driver@5aff]&amp#27;[0m Got response with status 404: {"sessionId":"b5336736-6890-4900-a60d-9c29b2799a2d","value":{"error":"no such element","message":"An element could not be located on the page using the given search parameters","stacktrace":"io.appium.uiautomator2.common.exceptions.ElementNotFoundException: An element could not be located on the page using the given search parameters\n\tat io.appium.uiautomator2.handler.FindElement.safeHandle(FindElement.java:63)\n\tat io.appium.uiautomator2.handler.request.SafeRequestHandler.handle(SafeRequestHandler.java:59)\n\tat io.appium.uiautomator2.server.AppiumServlet.handleRequest(AppiumServlet.java:259)\n\tat io.appium.uiautomator2.server.AppiumServlet.handleHttpRequest(AppiumServlet.java:253)\n\tat io.appium.uiautomator2.http.ServerHandler.channelRead(ServerHandler.java:77)\n\tat io.netty.channel.AbstractChannelHandlerContext.invokeChannelRead(AbstractChannelHandlerContext.java:366)\n\tat io.netty.channel.AbstractChannelHandlerContext.invokeChannelRead(AbstractChannelHandlerContext.java:352)\n\tat io.netty.chann...
&amp#27;[38;5;79m[a4e3d06f]&amp#27;[0m&amp#27;[38;5;123m[W3C]&amp#27;[0m Matched W3C error code 'no such element' to NoSuchElementError
&amp#27;[38;5;79m[a4e3d06f]&amp#27;[0m&amp#27;[38;5;-121m[AndroidUiautomator2Driver@5aff]&amp#27;[0m Waited for 3278 ms so far
&amp#27;[38;5;79m[a4e3d06f]&amp#27;[0m&amp#27;[38;5;-121m[AndroidUiautomator2Driver@5aff]&amp#27;[0m Matched '/element' to command name 'findElement'
&amp#27;[38;5;79m[a4e3d06f]&amp#27;[0m&amp#27;[38;5;-121m[AndroidUiautomator2Driver@5aff]&amp#27;[0m Proxying [POST /element] to [POST http://127.0.0.1:8205/session/b5336736-6890-4900-a60d-9c29b2799a2d/element] with body: {"strategy":"accessibility id","selector":"View menu","context":"","multiple":false}
&amp#27;[38;5;79m[a4e3d06f]&amp#27;[0m&amp#27;[38;5;-121m[AndroidUiautomator2Driver@5aff]&amp#27;[0m Got response with status 404: {"sessionId":"b5336736-6890-4900-a60d-9c29b2799a2d","value":{"error":"no such element","message":"An element could not be located on the page using the given search parameters","stacktrace":"io.appium.uiautomator2.common.exceptions.ElementNotFoundException: An element could not be located on the page using the given search parameters\n\tat io.appium.uiautomator2.handler.FindElement.safeHandle(FindElement.java:63)\n\tat io.appium.uiautomator2.handler.request.SafeRequestHandler.handle(SafeRequestHandler.java:59)\n\tat io.appium.uiautomator2.server.AppiumServlet.handleRequest(AppiumServlet.java:259)\n\tat io.appium.uiautomator2.server.AppiumServlet.handleHttpRequest(AppiumServlet.java:253)\n\tat io.appium.uiautomator2.http.ServerHandler.channelRead(ServerHandler.java:77)\n\tat io.netty.channel.AbstractChannelHandlerContext.invokeChannelRead(AbstractChannelHandlerContext.java:366)\n\tat io.netty.channel.AbstractChannelHandlerContext.invokeChannelRead(AbstractChannelHandlerContext.java:352)\n\tat io.netty.chann...
&amp#27;[38;5;79m[a4e3d06f]&amp#27;[0m&amp#27;[38;5;123m[W3C]&amp#27;[0m Matched W3C error code 'no such element' to NoSuchElementError
&amp#27;[38;5;79m[a4e3d06f]&amp#27;[0m&amp#27;[38;5;-121m[AndroidUiautomator2Driver@5aff]&amp#27;[0m Waited for 3943 ms so far
&amp#27;[38;5;79m[a4e3d06f]&amp#27;[0m&amp#27;[38;5;-121m[AndroidUiautomator2Driver@5aff]&amp#27;[0m Matched '/element' to command name 'findElement'
&amp#27;[38;5;79m[a4e3d06f]&amp#27;[0m&amp#27;[38;5;-121m[AndroidUiautomator2Driver@5aff]&amp#27;[0m Proxying [POST /element] to [POST http://127.0.0.1:8205/session/b5336736-6890-4900-a60d-9c29b2799a2d/element] with body: {"strategy":"accessibility id","selector":"View menu","context":"","multiple":false}
&amp#27;[38;5;79m[a4e3d06f]&amp#27;[0m&amp#27;[38;5;-121m[AndroidUiautomator2Driver@5aff]&amp#27;[0m Got response with status 404: {"sessionId":"b5336736-6890-4900-a60d-9c29b2799a2d","value":{"error":"no such element","message":"An element could not be located on the page using the given search parameters","stacktrace":"io.appium.uiautomator2.common.exceptions.ElementNotFoundException: An element could not be located on the page using the given search parameters\n\tat io.appium.uiautomator2.handler.FindElement.safeHandle(FindElement.java:63)\n\tat io.appium.uiautomator2.handler.request.SafeRequestHandler.handle(SafeRequestHandler.java:59)\n\tat io.appium.uiautomator2.server.AppiumServlet.handleRequest(AppiumServlet.java:259)\n\tat io.appium.uiautomator2.server.AppiumServlet.handleHttpRequest(AppiumServlet.java:253)\n\tat io.appium.uiautomator2.http.ServerHandler.channelRead(ServerHandler.java:77)\n\tat io.netty.channel.AbstractChannelHandlerContext.invokeChannelRead(AbstractChannelHandlerContext.java:366)\n\tat io.netty.channel.AbstractChannelHandlerContext.invokeChannelRead(AbstractChannelHandlerContext.java:352)\n\tat io.netty.chann...
&amp#27;[38;5;79m[a4e3d06f]&amp#27;[0m&amp#27;[38;5;123m[W3C]&amp#27;[0m Matched W3C error code 'no such element' to NoSuchElementError
&amp#27;[38;5;79m[a4e3d06f]&amp#27;[0m&amp#27;[38;5;-121m[AndroidUiautomator2Driver@5aff]&amp#27;[0m Waited for 4592 ms so far
&amp#27;[38;5;79m[a4e3d06f]&amp#27;[0m&amp#27;[38;5;-121m[AndroidUiautomator2Driver@5aff]&amp#27;[0m Matched '/element' to command name 'findElement'
&amp#27;[38;5;79m[a4e3d06f]&amp#27;[0m&amp#27;[38;5;-121m[AndroidUiautomator2Driver@5aff]&amp#27;[0m Proxying [POST /element] to [POST http://127.0.0.1:8205/session/b5336736-6890-4900-a60d-9c29b2799a2d/element] with body: {"strategy":"accessibility id","selector":"View menu","context":"","multiple":false}
&amp#27;[38;5;79m[a4e3d06f]&amp#27;[0m&amp#27;[38;5;-121m[AndroidUiautomator2Driver@5aff]&amp#27;[0m Got response with status 404: {"sessionId":"b5336736-6890-4900-a60d-9c29b2799a2d","value":{"error":"no such element","message":"An element could not be located on the page using the given search parameters","stacktrace":"io.appium.uiautomator2.common.exceptions.ElementNotFoundException: An element could not be located on the page using the given search parameters\n\tat io.appium.uiautomator2.handler.FindElement.safeHandle(FindElement.java:63)\n\tat io.appium.uiautomator2.handler.request.SafeRequestHandler.handle(SafeRequestHandler.java:59)\n\tat io.appium.uiautomator2.server.AppiumServlet.handleRequest(AppiumServlet.java:259)\n\tat io.appium.uiautomator2.server.AppiumServlet.handleHttpRequest(AppiumServlet.java:253)\n\tat io.appium.uiautomator2.http.ServerHandler.channelRead(ServerHandler.java:77)\n\tat io.netty.channel.AbstractChannelHandlerContext.invokeChannelRead(AbstractChannelHandlerContext.java:366)\n\tat io.netty.channel.AbstractChannelHandlerContext.invokeChannelRead(AbstractChannelHandlerContext.java:352)\n\tat io.netty.chann...
&amp#27;[38;5;79m[a4e3d06f]&amp#27;[0m&amp#27;[38;5;123m[W3C]&amp#27;[0m Matched W3C error code 'no such element' to NoSuchElementError
&amp#27;[38;5;79m[a4e3d06f]&amp#27;[0m&amp#27;[38;5;-121m[AndroidUiautomator2Driver@5aff]&amp#27;[0m Waited for 5169 ms so far
&amp#27;[38;5;79m[a4e3d06f]&amp#27;[0m&amp#27;[38;5;-121m[AndroidUiautomator2Driver@5aff]&amp#27;[0m Matched '/element' to command name 'findElement'
&amp#27;[38;5;79m[a4e3d06f]&amp#27;[0m&amp#27;[38;5;-121m[AndroidUiautomator2Driver@5aff]&amp#27;[0m Proxying [POST /element] to [POST http://127.0.0.1:8205/session/b5336736-6890-4900-a60d-9c29b2799a2d/element] with body: {"strategy":"accessibility id","selector":"View menu","context":"","multiple":false}
&amp#27;[38;5;79m[a4e3d06f]&amp#27;[0m&amp#27;[38;5;-121m[AndroidUiautomator2Driver@5aff]&amp#27;[0m Got response with status 404: {"sessionId":"b5336736-6890-4900-a60d-9c29b2799a2d","value":{"error":"no such element","message":"An element could not be located on the page using the given search parameters","stacktrace":"io.appium.uiautomator2.common.exceptions.ElementNotFoundException: An element could not be located on the page using the given search parameters\n\tat io.appium.uiautomator2.handler.FindElement.safeHandle(FindElement.java:63)\n\tat io.appium.uiautomator2.handler.request.SafeRequestHandler.handle(SafeRequestHandler.java:59)\n\tat io.appium.uiautomator2.server.AppiumServlet.handleRequest(AppiumServlet.java:259)\n\tat io.appium.uiautomator2.server.AppiumServlet.handleHttpRequest(AppiumServlet.java:253)\n\tat io.appium.uiautomator2.http.ServerHandler.channelRead(ServerHandler.java:77)\n\tat io.netty.channel.AbstractChannelHandlerContext.invokeChannelRead(AbstractChannelHandlerContext.java:366)\n\tat io.netty.channel.AbstractChannelHandlerContext.invokeChannelRead(AbstractChannelHandlerContext.java:352)\n\tat io.netty.chann...
&amp#27;[38;5;79m[a4e3d06f]&amp#27;[0m&amp#27;[38;5;123m[W3C]&amp#27;[0m Matched W3C error code 'no such element' to NoSuchElementError
&amp#27;[38;5;79m[a4e3d06f]&amp#27;[0m&amp#27;[38;5;-121m[AndroidUiautomator2Driver@5aff]&amp#27;[0m Waited for 5820 ms so far
&amp#27;[38;5;79m[a4e3d06f]&amp#27;[0m&amp#27;[38;5;-121m[AndroidUiautomator2Driver@5aff]&amp#27;[0m Matched '/element' to command name 'findElement'
&amp#27;[38;5;79m[a4e3d06f]&amp#27;[0m&amp#27;[38;5;-121m[AndroidUiautomator2Driver@5aff]&amp#27;[0m Proxying [POST /element] to [POST http://127.0.0.1:8205/session/b5336736-6890-4900-a60d-9c29b2799a2d/element] with body: {"strategy":"accessibility id","selector":"View menu","context":"","multiple":false}
&amp#27;[38;5;60m[f438e53d]&amp#27;[0m&amp#27;[38;5;86m[HTTP]&amp#27;[0m &amp#27;[37m-->&amp#27;[39m &amp#27;[37mGET&amp#27;[39m &amp#27;[37m/session/f438e53d-039b-416a-be3b-b438615d3682/timeouts&amp#27;[39m &amp#27;[90m{}&amp#27;[39m
&amp#27;[38;5;60m[f438e53d]&amp#27;[0m&amp#27;[38;5;28m[AppiumDriver@3b8c]&amp#27;[0m Encountered internal error running command: NoSuchDriverError: A session is either terminated or not started
    at asyncHandler (C:\Users\Testriq\AppData\Roaming\npm\node_modules\appium\node_modules\@appium\base-driver\lib\protocol\protocol.js:309:15)
    at C:\Users\Testriq\AppData\Roaming\npm\node_modules\appium\node_modules\@appium\base-driver\lib\protocol\protocol.js:512:15
    at Layer.handle [as handle_request] (C:\Users\Testriq\AppData\Roaming\npm\node_modules\appium\node_modules\express\lib\router\layer.js:95:5)
    at next (C:\Users\Testriq\AppData\Roaming\npm\node_modules\appium\node_modules\express\lib\router\route.js:149:13)
    at Route.dispatch (C:\Users\Testriq\AppData\Roaming\npm\node_modules\appium\node_modules\express\lib\router\route.js:119:3)
    at Layer.handle [as handle_request] (C:\Users\Testriq\AppData\Roaming\npm\node_modules\appium\node_modules\express\lib\router\layer.js:95:5)
    at C:\Users\Testriq\AppData\Roaming\npm\node_modules\appium\node_modules\express\lib\router\index.js:284:15
    at param (C:\Users\Testriq\AppData\Roaming\npm\node_modules\appium\node_modules\express\lib\router\index.js:365:14)
    at param (C:\Users\Testriq\AppData\Roaming\npm\node_modules\appium\node_modules\express\lib\router\index.js:376:14)
    at Function.process_params (C:\Users\Testriq\AppData\Roaming\npm\node_modules\appium\node_modules\express\lib\router\index.js:421:3)
    at next (C:\Users\Testriq\AppData\Roaming\npm\node_modules\appium\node_modules\express\lib\router\index.js:280:10)
    at logger (C:\Users\Testriq\AppData\Roaming\npm\node_modules\appium\node_modules\morgan\index.js:144:5)
    at Layer.handle [as handle_request] (C:\Users\Testriq\AppData\Roaming\npm\node_modules\appium\node_modules\express\lib\router\layer.js:95:5)
    at trim_prefix (C:\Users\Testriq\AppData\Roaming\npm\node_modules\appium\node_modules\express\lib\router\index.js:328:13)
    at C:\Users\Testriq\AppData\Roaming\npm\node_modules\appium\node_modules\express\lib\router\index.js:286:9
    at Function.process_params (C:\Users\Testriq\AppData\Roaming\npm\node_modules\appium\node_modules\express\lib\router\index.js:346:12)
    at next (C:\Users\Testriq\AppData\Roaming\npm\node_modules\appium\node_modules\express\lib\router\index.js:280:10)
    at jsonParser (C:\Users\Testriq\AppData\Roaming\npm\node_modules\appium\node_modules\body-parser\lib\types\json.js:113:7)
    at Layer.handle [as handle_request] (C:\Users\Testriq\AppData\Roaming\npm\node_modules\appium\node_modules\express\lib\router\layer.js:95:5)
    at trim_prefix (C:\Users\Testriq\AppData\Roaming\npm\node_modules\appium\node_modules\express\lib\router\index.js:328:13)
    at C:\Users\Testriq\AppData\Roaming\npm\node_modules\appium\node_modules\express\lib\router\index.js:286:9
    at Function.process_params (C:\Users\Testriq\AppData\Roaming\npm\node_modules\appium\node_modules\express\lib\router\index.js:346:12)
&amp#27;[38;5;60m[f438e53d]&amp#27;[0m&amp#27;[38;5;86m[HTTP]&amp#27;[0m &amp#27;[37m<-- GET /session/f438e53d-039b-416a-be3b-b438615d3682/timeouts &amp#27;[39m&amp#27;[33m404&amp#27;[39m &amp#27;[90m2 ms - 3275&amp#27;[39m &amp#27;[90m&amp#27;[39m
&amp#27;[38;5;79m[a4e3d06f]&amp#27;[0m&amp#27;[38;5;-121m[AndroidUiautomator2Driver@5aff]&amp#27;[0m Got response with status 404: {"sessionId":"b5336736-6890-4900-a60d-9c29b2799a2d","value":{"error":"no such element","message":"An element could not be located on the page using the given search parameters","stacktrace":"io.appium.uiautomator2.common.exceptions.ElementNotFoundException: An element could not be located on the page using the given search parameters\n\tat io.appium.uiautomator2.handler.FindElement.safeHandle(FindElement.java:63)\n\tat io.appium.uiautomator2.handler.request.SafeRequestHandler.handle(SafeRequestHandler.java:59)\n\tat io.appium.uiautomator2.server.AppiumServlet.handleRequest(AppiumServlet.java:259)\n\tat io.appium.uiautomator2.server.AppiumServlet.handleHttpRequest(AppiumServlet.java:253)\n\tat io.appium.uiautomator2.http.ServerHandler.channelRead(ServerHandler.java:77)\n\tat io.netty.channel.AbstractChannelHandlerContext.invokeChannelRead(AbstractChannelHandlerContext.java:366)\n\tat io.netty.channel.AbstractChannelHandlerContext.invokeChannelRead(AbstractChannelHandlerContext.java:352)\n\tat io.netty.chann...
&amp#27;[38;5;79m[a4e3d06f]&amp#27;[0m&amp#27;[38;5;123m[W3C]&amp#27;[0m Matched W3C error code 'no such element' to NoSuchElementError
&amp#27;[38;5;79m[a4e3d06f]&amp#27;[0m&amp#27;[38;5;-121m[AndroidUiautomator2Driver@5aff]&amp#27;[0m Waited for 6463 ms so far
&amp#27;[38;5;79m[a4e3d06f]&amp#27;[0m&amp#27;[38;5;-121m[AndroidUiautomator2Driver@5aff]&amp#27;[0m Matched '/element' to command name 'findElement'
&amp#27;[38;5;79m[a4e3d06f]&amp#27;[0m&amp#27;[38;5;-121m[AndroidUiautomator2Driver@5aff]&amp#27;[0m Proxying [POST /element] to [POST http://127.0.0.1:8205/session/b5336736-6890-4900-a60d-9c29b2799a2d/element] with body: {"strategy":"accessibility id","selector":"View menu","context":"","multiple":false}
&amp#27;[38;5;79m[a4e3d06f]&amp#27;[0m&amp#27;[38;5;-121m[AndroidUiautomator2Driver@5aff]&amp#27;[0m Got response with status 404: {"sessionId":"b5336736-6890-4900-a60d-9c29b2799a2d","value":{"error":"no such element","message":"An element could not be located on the page using the given search parameters","stacktrace":"io.appium.uiautomator2.common.exceptions.ElementNotFoundException: An element could not be located on the page using the given search parameters\n\tat io.appium.uiautomator2.handler.FindElement.safeHandle(FindElement.java:63)\n\tat io.appium.uiautomator2.handler.request.SafeRequestHandler.handle(SafeRequestHandler.java:59)\n\tat io.appium.uiautomator2.server.AppiumServlet.handleRequest(AppiumServlet.java:259)\n\tat io.appium.uiautomator2.server.AppiumServlet.handleHttpRequest(AppiumServlet.java:253)\n\tat io.appium.uiautomator2.http.ServerHandler.channelRead(ServerHandler.java:77)\n\tat io.netty.channel.AbstractChannelHandlerContext.invokeChannelRead(AbstractChannelHandlerContext.java:366)\n\tat io.netty.channel.AbstractChannelHandlerContext.invokeChannelRead(AbstractChannelHandlerContext.java:352)\n\tat io.netty.chann...
&amp#27;[38;5;79m[a4e3d06f]&amp#27;[0m&amp#27;[38;5;123m[W3C]&amp#27;[0m Matched W3C error code 'no such element' to NoSuchElementError
&amp#27;[38;5;79m[a4e3d06f]&amp#27;[0m&amp#27;[38;5;-121m[AndroidUiautomator2Driver@5aff]&amp#27;[0m Waited for 7132 ms so far
&amp#27;[38;5;79m[a4e3d06f]&amp#27;[0m&amp#27;[38;5;-121m[AndroidUiautomator2Driver@5aff]&amp#27;[0m Matched '/element' to command name 'findElement'
&amp#27;[38;5;79m[a4e3d06f]&amp#27;[0m&amp#27;[38;5;-121m[AndroidUiautomator2Driver@5aff]&amp#27;[0m Proxying [POST /element] to [POST http://127.0.0.1:8205/session/b5336736-6890-4900-a60d-9c29b2799a2d/element] with body: {"strategy":"accessibility id","selector":"View menu","context":"","multiple":false}
&amp#27;[38;5;79m[a4e3d06f]&amp#27;[0m&amp#27;[38;5;-121m[AndroidUiautomator2Driver@5aff]&amp#27;[0m Got response with status 404: {"sessionId":"b5336736-6890-4900-a60d-9c29b2799a2d","value":{"error":"no such element","message":"An element could not be located on the page using the given search parameters","stacktrace":"io.appium.uiautomator2.common.exceptions.ElementNotFoundException: An element could not be located on the page using the given search parameters\n\tat io.appium.uiautomator2.handler.FindElement.safeHandle(FindElement.java:63)\n\tat io.appium.uiautomator2.handler.request.SafeRequestHandler.handle(SafeRequestHandler.java:59)\n\tat io.appium.uiautomator2.server.AppiumServlet.handleRequest(AppiumServlet.java:259)\n\tat io.appium.uiautomator2.server.AppiumServlet.handleHttpRequest(AppiumServlet.java:253)\n\tat io.appium.uiautomator2.http.ServerHandler.channelRead(ServerHandler.java:77)\n\tat io.netty.channel.AbstractChannelHandlerContext.invokeChannelRead(AbstractChannelHandlerContext.java:366)\n\tat io.netty.channel.AbstractChannelHandlerContext.invokeChannelRead(AbstractChannelHandlerContext.java:352)\n\tat io.netty.chann...
&amp#27;[38;5;79m[a4e3d06f]&amp#27;[0m&amp#27;[38;5;123m[W3C]&amp#27;[0m Matched W3C error code 'no such element' to NoSuchElementError
&amp#27;[38;5;79m[a4e3d06f]&amp#27;[0m&amp#27;[38;5;-121m[AndroidUiautomator2Driver@5aff]&amp#27;[0m Waited for 7703 ms so far
&amp#27;[38;5;79m[a4e3d06f]&amp#27;[0m&amp#27;[38;5;-121m[AndroidUiautomator2Driver@5aff]&amp#27;[0m Matched '/element' to command name 'findElement'
&amp#27;[38;5;79m[a4e3d06f]&amp#27;[0m&amp#27;[38;5;-121m[AndroidUiautomator2Driver@5aff]&amp#27;[0m Proxying [POST /element] to [POST http://127.0.0.1:8205/session/b5336736-6890-4900-a60d-9c29b2799a2d/element] with body: {"strategy":"accessibility id","selector":"View menu","context":"","multiple":false}
&amp#27;[38;5;79m[a4e3d06f]&amp#27;[0m&amp#27;[38;5;-121m[AndroidUiautomator2Driver@5aff]&amp#27;[0m Got response with status 404: {"sessionId":"b5336736-6890-4900-a60d-9c29b2799a2d","value":{"error":"no such element","message":"An element could not be located on the page using the given search parameters","stacktrace":"io.appium.uiautomator2.common.exceptions.ElementNotFoundException: An element could not be located on the page using the given search parameters\n\tat io.appium.uiautomator2.handler.FindElement.safeHandle(FindElement.java:63)\n\tat io.appium.uiautomator2.handler.request.SafeRequestHandler.handle(SafeRequestHandler.java:59)\n\tat io.appium.uiautomator2.server.AppiumServlet.handleRequest(AppiumServlet.java:259)\n\tat io.appium.uiautomator2.server.AppiumServlet.handleHttpRequest(AppiumServlet.java:253)\n\tat io.appium.uiautomator2.http.ServerHandler.channelRead(ServerHandler.java:77)\n\tat io.netty.channel.AbstractChannelHandlerContext.invokeChannelRead(AbstractChannelHandlerContext.java:366)\n\tat io.netty.channel.AbstractChannelHandlerContext.invokeChannelRead(AbstractChannelHandlerContext.java:352)\n\tat io.netty.chann...
&amp#27;[38;5;79m[a4e3d06f]&amp#27;[0m&amp#27;[38;5;123m[W3C]&amp#27;[0m Matched W3C error code 'no such element' to NoSuchElementError
&amp#27;[38;5;79m[a4e3d06f]&amp#27;[0m&amp#27;[38;5;-121m[AndroidUiautomator2Driver@5aff]&amp#27;[0m Waited for 8359 ms so far
&amp#27;[38;5;79m[a4e3d06f]&amp#27;[0m&amp#27;[38;5;-121m[AndroidUiautomator2Driver@5aff]&amp#27;[0m Matched '/element' to command name 'findElement'
&amp#27;[38;5;79m[a4e3d06f]&amp#27;[0m&amp#27;[38;5;-121m[AndroidUiautomator2Driver@5aff]&amp#27;[0m Proxying [POST /element] to [POST http://127.0.0.1:8205/session/b5336736-6890-4900-a60d-9c29b2799a2d/element] with body: {"strategy":"accessibility id","selector":"View menu","context":"","multiple":false}
&amp#27;[38;5;79m[a4e3d06f]&amp#27;[0m&amp#27;[38;5;-121m[AndroidUiautomator2Driver@5aff]&amp#27;[0m Got response with status 404: {"sessionId":"b5336736-6890-4900-a60d-9c29b2799a2d","value":{"error":"no such element","message":"An element could not be located on the page using the given search parameters","stacktrace":"io.appium.uiautomator2.common.exceptions.ElementNotFoundException: An element could not be located on the page using the given search parameters\n\tat io.appium.uiautomator2.handler.FindElement.safeHandle(FindElement.java:63)\n\tat io.appium.uiautomator2.handler.request.SafeRequestHandler.handle(SafeRequestHandler.java:59)\n\tat io.appium.uiautomator2.server.AppiumServlet.handleRequest(AppiumServlet.java:259)\n\tat io.appium.uiautomator2.server.AppiumServlet.handleHttpRequest(AppiumServlet.java:253)\n\tat io.appium.uiautomator2.http.ServerHandler.channelRead(ServerHandler.java:77)\n\tat io.netty.channel.AbstractChannelHandlerContext.invokeChannelRead(AbstractChannelHandlerContext.java:366)\n\tat io.netty.channel.AbstractChannelHandlerContext.invokeChannelRead(AbstractChannelHandlerContext.java:352)\n\tat io.netty.chann...
&amp#27;[38;5;79m[a4e3d06f]&amp#27;[0m&amp#27;[38;5;123m[W3C]&amp#27;[0m Matched W3C error code 'no such element' to NoSuchElementError
&amp#27;[38;5;79m[a4e3d06f]&amp#27;[0m&amp#27;[38;5;-121m[AndroidUiautomator2Driver@5aff]&amp#27;[0m Waited for 8981 ms so far
&amp#27;[38;5;79m[a4e3d06f]&amp#27;[0m&amp#27;[38;5;-121m[AndroidUiautomator2Driver@5aff]&amp#27;[0m Matched '/element' to command name 'findElement'
&amp#27;[38;5;79m[a4e3d06f]&amp#27;[0m&amp#27;[38;5;-121m[AndroidUiautomator2Driver@5aff]&amp#27;[0m Proxying [POST /element] to [POST http://127.0.0.1:8205/session/b5336736-6890-4900-a60d-9c29b2799a2d/element] with body: {"strategy":"accessibility id","selector":"View menu","context":"","multiple":false}
&amp#27;[38;5;79m[a4e3d06f]&amp#27;[0m&amp#27;[38;5;-121m[AndroidUiautomator2Driver@5aff]&amp#27;[0m Got response with status 404: {"sessionId":"b5336736-6890-4900-a60d-9c29b2799a2d","value":{"error":"no such element","message":"An element could not be located on the page using the given search parameters","stacktrace":"io.appium.uiautomator2.common.exceptions.ElementNotFoundException: An element could not be located on the page using the given search parameters\n\tat io.appium.uiautomator2.handler.FindElement.safeHandle(FindElement.java:63)\n\tat io.appium.uiautomator2.handler.request.SafeRequestHandler.handle(SafeRequestHandler.java:59)\n\tat io.appium.uiautomator2.server.AppiumServlet.handleRequest(AppiumServlet.java:259)\n\tat io.appium.uiautomator2.server.AppiumServlet.handleHttpRequest(AppiumServlet.java:253)\n\tat io.appium.uiautomator2.http.ServerHandler.channelRead(ServerHandler.java:77)\n\tat io.netty.channel.AbstractChannelHandlerContext.invokeChannelRead(AbstractChannelHandlerContext.java:366)\n\tat io.netty.channel.AbstractChannelHandlerContext.invokeChannelRead(AbstractChannelHandlerContext.java:352)\n\tat io.netty.chann...
&amp#27;[38;5;79m[a4e3d06f]&amp#27;[0m&amp#27;[38;5;123m[W3C]&amp#27;[0m Matched W3C error code 'no such element' to NoSuchElementError
&amp#27;[38;5;79m[a4e3d06f]&amp#27;[0m&amp#27;[38;5;-121m[AndroidUiautomator2Driver@5aff]&amp#27;[0m Waited for 9639 ms so far
&amp#27;[38;5;79m[a4e3d06f]&amp#27;[0m&amp#27;[38;5;-121m[AndroidUiautomator2Driver@5aff]&amp#27;[0m Matched '/element' to command name 'findElement'
&amp#27;[38;5;79m[a4e3d06f]&amp#27;[0m&amp#27;[38;5;-121m[AndroidUiautomator2Driver@5aff]&amp#27;[0m Proxying [POST /element] to [POST http://127.0.0.1:8205/session/b5336736-6890-4900-a60d-9c29b2799a2d/element] with body: {"strategy":"accessibility id","selector":"View menu","context":"","multiple":false}
&amp#27;[38;5;79m[a4e3d06f]&amp#27;[0m&amp#27;[38;5;-121m[AndroidUiautomator2Driver@5aff]&amp#27;[0m Got response with status 404: {"sessionId":"b5336736-6890-4900-a60d-9c29b2799a2d","value":{"error":"no such element","message":"An element could not be located on the page using the given search parameters","stacktrace":"io.appium.uiautomator2.common.exceptions.ElementNotFoundException: An element could not be located on the page using the given search parameters\n\tat io.appium.uiautomator2.handler.FindElement.safeHandle(FindElement.java:63)\n\tat io.appium.uiautomator2.handler.request.SafeRequestHandler.handle(SafeRequestHandler.java:59)\n\tat io.appium.uiautomator2.server.AppiumServlet.handleRequest(AppiumServlet.java:259)\n\tat io.appium.uiautomator2.server.AppiumServlet.handleHttpRequest(AppiumServlet.java:253)\n\tat io.appium.uiautomator2.http.ServerHandler.channelRead(ServerHandler.java:77)\n\tat io.netty.channel.AbstractChannelHandlerContext.invokeChannelRead(AbstractChannelHandlerContext.java:366)\n\tat io.netty.channel.AbstractChannelHandlerContext.invokeChannelRead(AbstractChannelHandlerContext.java:352)\n\tat io.netty.chann...
&amp#27;[38;5;79m[a4e3d06f]&amp#27;[0m&amp#27;[38;5;123m[W3C]&amp#27;[0m Matched W3C error code 'no such element' to NoSuchElementError
&amp#27;[38;5;79m[a4e3d06f]&amp#27;[0m&amp#27;[38;5;-121m[AndroidUiautomator2Driver@5aff]&amp#27;[0m Waited for 10293 ms so far
&amp#27;[38;5;79m[a4e3d06f]&amp#27;[0m&amp#27;[38;5;-121m[AndroidUiautomator2Driver@5aff]&amp#27;[0m Matched '/element' to command name 'findElement'
&amp#27;[38;5;79m[a4e3d06f]&amp#27;[0m&amp#27;[38;5;-121m[AndroidUiautomator2Driver@5aff]&amp#27;[0m Proxying [POST /element] to [POST http://127.0.0.1:8205/session/b5336736-6890-4900-a60d-9c29b2799a2d/element] with body: {"strategy":"accessibility id","selector":"View menu","context":"","multiple":false}
&amp#27;[38;5;79m[a4e3d06f]&amp#27;[0m&amp#27;[38;5;-121m[AndroidUiautomator2Driver@5aff]&amp#27;[0m Got response with status 404: {"sessionId":"b5336736-6890-4900-a60d-9c29b2799a2d","value":{"error":"no such element","message":"An element could not be located on the page using the given search parameters","stacktrace":"io.appium.uiautomator2.common.exceptions.ElementNotFoundException: An element could not be located on the page using the given search parameters\n\tat io.appium.uiautomator2.handler.FindElement.safeHandle(FindElement.java:63)\n\tat io.appium.uiautomator2.handler.request.SafeRequestHandler.handle(SafeRequestHandler.java:59)\n\tat io.appium.uiautomator2.server.AppiumServlet.handleRequest(AppiumServlet.java:259)\n\tat io.appium.uiautomator2.server.AppiumServlet.handleHttpRequest(AppiumServlet.java:253)\n\tat io.appium.uiautomator2.http.ServerHandler.channelRead(ServerHandler.java:77)\n\tat io.netty.channel.AbstractChannelHandlerContext.invokeChannelRead(AbstractChannelHandlerContext.java:366)\n\tat io.netty.channel.AbstractChannelHandlerContext.invokeChannelRead(AbstractChannelHandlerContext.java:352)\n\tat io.netty.chann...
&amp#27;[38;5;79m[a4e3d06f]&amp#27;[0m&amp#27;[38;5;123m[W3C]&amp#27;[0m Matched W3C error code 'no such element' to NoSuchElementError
&amp#27;[38;5;79m[a4e3d06f]&amp#27;[0m&amp#27;[38;5;-121m[AndroidUiautomator2Driver@5aff]&amp#27;[0m Waited for 10948 ms so far
&amp#27;[38;5;79m[a4e3d06f]&amp#27;[0m&amp#27;[38;5;-121m[AndroidUiautomator2Driver@5aff]&amp#27;[0m Matched '/element' to command name 'findElement'
&amp#27;[38;5;79m[a4e3d06f]&amp#27;[0m&amp#27;[38;5;-121m[AndroidUiautomator2Driver@5aff]&amp#27;[0m Proxying [POST /element] to [POST http://127.0.0.1:8205/session/b5336736-6890-4900-a60d-9c29b2799a2d/element] with body: {"strategy":"accessibility id","selector":"View menu","context":"","multiple":false}
&amp#27;[38;5;79m[a4e3d06f]&amp#27;[0m&amp#27;[38;5;-121m[AndroidUiautomator2Driver@5aff]&amp#27;[0m Got response with status 404: {"sessionId":"b5336736-6890-4900-a60d-9c29b2799a2d","value":{"error":"no such element","message":"An element could not be located on the page using the given search parameters","stacktrace":"io.appium.uiautomator2.common.exceptions.ElementNotFoundException: An element could not be located on the page using the given search parameters\n\tat io.appium.uiautomator2.handler.FindElement.safeHandle(FindElement.java:63)\n\tat io.appium.uiautomator2.handler.request.SafeRequestHandler.handle(SafeRequestHandler.java:59)\n\tat io.appium.uiautomator2.server.AppiumServlet.handleRequest(AppiumServlet.java:259)\n\tat io.appium.uiautomator2.server.AppiumServlet.handleHttpRequest(AppiumServlet.java:253)\n\tat io.appium.uiautomator2.http.ServerHandler.channelRead(ServerHandler.java:77)\n\tat io.netty.channel.AbstractChannelHandlerContext.invokeChannelRead(AbstractChannelHandlerContext.java:366)\n\tat io.netty.channel.AbstractChannelHandlerContext.invokeChannelRead(AbstractChannelHandlerContext.java:352)\n\tat io.netty.chann...
&amp#27;[38;5;79m[a4e3d06f]&amp#27;[0m&amp#27;[38;5;123m[W3C]&amp#27;[0m Matched W3C error code 'no such element' to NoSuchElementError
&amp#27;[38;5;79m[a4e3d06f]&amp#27;[0m&amp#27;[38;5;-121m[AndroidUiautomator2Driver@5aff]&amp#27;[0m Waited for 11577 ms so far
&amp#27;[38;5;79m[a4e3d06f]&amp#27;[0m&amp#27;[38;5;-121m[AndroidUiautomator2Driver@5aff]&amp#27;[0m Matched '/element' to command name 'findElement'
&amp#27;[38;5;79m[a4e3d06f]&amp#27;[0m&amp#27;[38;5;-121m[AndroidUiautomator2Driver@5aff]&amp#27;[0m Proxying [POST /element] to [POST http://127.0.0.1:8205/session/b5336736-6890-4900-a60d-9c29b2799a2d/element] with body: {"strategy":"accessibility id","selector":"View menu","context":"","multiple":false}
&amp#27;[38;5;79m[a4e3d06f]&amp#27;[0m&amp#27;[38;5;-121m[AndroidUiautomator2Driver@5aff]&amp#27;[0m Got response with status 404: {"sessionId":"b5336736-6890-4900-a60d-9c29b2799a2d","value":{"error":"no such element","message":"An element could not be located on the page using the given search parameters","stacktrace":"io.appium.uiautomator2.common.exceptions.ElementNotFoundException: An element could not be located on the page using the given search parameters\n\tat io.appium.uiautomator2.handler.FindElement.safeHandle(FindElement.java:63)\n\tat io.appium.uiautomator2.handler.request.SafeRequestHandler.handle(SafeRequestHandler.java:59)\n\tat io.appium.uiautomator2.server.AppiumServlet.handleRequest(AppiumServlet.java:259)\n\tat io.appium.uiautomator2.server.AppiumServlet.handleHttpRequest(AppiumServlet.java:253)\n\tat io.appium.uiautomator2.http.ServerHandler.channelRead(ServerHandler.java:77)\n\tat io.netty.channel.AbstractChannelHandlerContext.invokeChannelRead(AbstractChannelHandlerContext.java:366)\n\tat io.netty.channel.AbstractChannelHandlerContext.invokeChannelRead(AbstractChannelHandlerContext.java:352)\n\tat io.netty.chann...
&amp#27;[38;5;79m[a4e3d06f]&amp#27;[0m&amp#27;[38;5;123m[W3C]&amp#27;[0m Matched W3C error code 'no such element' to NoSuchElementError
&amp#27;[38;5;79m[a4e3d06f]&amp#27;[0m&amp#27;[38;5;-121m[AndroidUiautomator2Driver@5aff]&amp#27;[0m Waited for 12211 ms so far
&amp#27;[38;5;79m[a4e3d06f]&amp#27;[0m&amp#27;[38;5;-121m[AndroidUiautomator2Driver@5aff]&amp#27;[0m Matched '/element' to command name 'findElement'
&amp#27;[38;5;79m[a4e3d06f]&amp#27;[0m&amp#27;[38;5;-121m[AndroidUiautomator2Driver@5aff]&amp#27;[0m Proxying [POST /element] to [POST http://127.0.0.1:8205/session/b5336736-6890-4900-a60d-9c29b2799a2d/element] with body: {"strategy":"accessibility id","selector":"View menu","context":"","multiple":false}
&amp#27;[38;5;79m[a4e3d06f]&amp#27;[0m&amp#27;[38;5;-121m[AndroidUiautomator2Driver@5aff]&amp#27;[0m Got response with status 404: {"sessionId":"b5336736-6890-4900-a60d-9c29b2799a2d","value":{"error":"no such element","message":"An element could not be located on the page using the given search parameters","stacktrace":"io.appium.uiautomator2.common.exceptions.ElementNotFoundException: An element could not be located on the page using the given search parameters\n\tat io.appium.uiautomator2.handler.FindElement.safeHandle(FindElement.java:63)\n\tat io.appium.uiautomator2.handler.request.SafeRequestHandler.handle(SafeRequestHandler.java:59)\n\tat io.appium.uiautomator2.server.AppiumServlet.handleRequest(AppiumServlet.java:259)\n\tat io.appium.uiautomator2.server.AppiumServlet.handleHttpRequest(AppiumServlet.java:253)\n\tat io.appium.uiautomator2.http.ServerHandler.channelRead(ServerHandler.java:77)\n\tat io.netty.channel.AbstractChannelHandlerContext.invokeChannelRead(AbstractChannelHandlerContext.java:366)\n\tat io.netty.channel.AbstractChannelHandlerContext.invokeChannelRead(AbstractChannelHandlerContext.java:352)\n\tat io.netty.chann...
&amp#27;[38;5;79m[a4e3d06f]&amp#27;[0m&amp#27;[38;5;123m[W3C]&amp#27;[0m Matched W3C error code 'no such element' to NoSuchElementError
&amp#27;[38;5;79m[a4e3d06f]&amp#27;[0m&amp#27;[38;5;-121m[AndroidUiautomator2Driver@5aff]&amp#27;[0m Waited for 12857 ms so far
&amp#27;[38;5;79m[a4e3d06f]&amp#27;[0m&amp#27;[38;5;-121m[AndroidUiautomator2Driver@5aff]&amp#27;[0m Matched '/element' to command name 'findElement'
&amp#27;[38;5;79m[a4e3d06f]&amp#27;[0m&amp#27;[38;5;-121m[AndroidUiautomator2Driver@5aff]&amp#27;[0m Proxying [POST /element] to [POST http://127.0.0.1:8205/session/b5336736-6890-4900-a60d-9c29b2799a2d/element] with body: {"strategy":"accessibility id","selector":"View menu","context":"","multiple":false}
&amp#27;[38;5;79m[a4e3d06f]&amp#27;[0m&amp#27;[38;5;-121m[AndroidUiautomator2Driver@5aff]&amp#27;[0m Got response with status 404: {"sessionId":"b5336736-6890-4900-a60d-9c29b2799a2d","value":{"error":"no such element","message":"An element could not be located on the page using the given search parameters","stacktrace":"io.appium.uiautomator2.common.exceptions.ElementNotFoundException: An element could not be located on the page using the given search parameters\n\tat io.appium.uiautomator2.handler.FindElement.safeHandle(FindElement.java:63)\n\tat io.appium.uiautomator2.handler.request.SafeRequestHandler.handle(SafeRequestHandler.java:59)\n\tat io.appium.uiautomator2.server.AppiumServlet.handleRequest(AppiumServlet.java:259)\n\tat io.appium.uiautomator2.server.AppiumServlet.handleHttpRequest(AppiumServlet.java:253)\n\tat io.appium.uiautomator2.http.ServerHandler.channelRead(ServerHandler.java:77)\n\tat io.netty.channel.AbstractChannelHandlerContext.invokeChannelRead(AbstractChannelHandlerContext.java:366)\n\tat io.netty.channel.AbstractChannelHandlerContext.invokeChannelRead(AbstractChannelHandlerContext.java:352)\n\tat io.netty.chann...
&amp#27;[38;5;79m[a4e3d06f]&amp#27;[0m&amp#27;[38;5;123m[W3C]&amp#27;[0m Matched W3C error code 'no such element' to NoSuchElementError
&amp#27;[38;5;79m[a4e3d06f]&amp#27;[0m&amp#27;[38;5;-121m[AndroidUiautomator2Driver@5aff]&amp#27;[0m Waited for 13502 ms so far
&amp#27;[38;5;79m[a4e3d06f]&amp#27;[0m&amp#27;[38;5;-121m[AndroidUiautomator2Driver@5aff]&amp#27;[0m Matched '/element' to command name 'findElement'
&amp#27;[38;5;79m[a4e3d06f]&amp#27;[0m&amp#27;[38;5;-121m[AndroidUiautomator2Driver@5aff]&amp#27;[0m Proxying [POST /element] to [POST http://127.0.0.1:8205/session/b5336736-6890-4900-a60d-9c29b2799a2d/element] with body: {"strategy":"accessibility id","selector":"View menu","context":"","multiple":false}
&amp#27;[38;5;79m[a4e3d06f]&amp#27;[0m&amp#27;[38;5;-121m[AndroidUiautomator2Driver@5aff]&amp#27;[0m Got response with status 404: {"sessionId":"b5336736-6890-4900-a60d-9c29b2799a2d","value":{"error":"no such element","message":"An element could not be located on the page using the given search parameters","stacktrace":"io.appium.uiautomator2.common.exceptions.ElementNotFoundException: An element could not be located on the page using the given search parameters\n\tat io.appium.uiautomator2.handler.FindElement.safeHandle(FindElement.java:63)\n\tat io.appium.uiautomator2.handler.request.SafeRequestHandler.handle(SafeRequestHandler.java:59)\n\tat io.appium.uiautomator2.server.AppiumServlet.handleRequest(AppiumServlet.java:259)\n\tat io.appium.uiautomator2.server.AppiumServlet.handleHttpRequest(AppiumServlet.java:253)\n\tat io.appium.uiautomator2.http.ServerHandler.channelRead(ServerHandler.java:77)\n\tat io.netty.channel.AbstractChannelHandlerContext.invokeChannelRead(AbstractChannelHandlerContext.java:366)\n\tat io.netty.channel.AbstractChannelHandlerContext.invokeChannelRead(AbstractChannelHandlerContext.java:352)\n\tat io.netty.chann...
&amp#27;[38;5;79m[a4e3d06f]&amp#27;[0m&amp#27;[38;5;123m[W3C]&amp#27;[0m Matched W3C error code 'no such element' to NoSuchElementError
&amp#27;[38;5;79m[a4e3d06f]&amp#27;[0m&amp#27;[38;5;-121m[AndroidUiautomator2Driver@5aff]&amp#27;[0m Waited for 14173 ms so far
&amp#27;[38;5;79m[a4e3d06f]&amp#27;[0m&amp#27;[38;5;-121m[AndroidUiautomator2Driver@5aff]&amp#27;[0m Matched '/element' to command name 'findElement'
&amp#27;[38;5;79m[a4e3d06f]&amp#27;[0m&amp#27;[38;5;-121m[AndroidUiautomator2Driver@5aff]&amp#27;[0m Proxying [POST /element] to [POST http://127.0.0.1:8205/session/b5336736-6890-4900-a60d-9c29b2799a2d/element] with body: {"strategy":"accessibility id","selector":"View menu","context":"","multiple":false}
&amp#27;[38;5;79m[a4e3d06f]&amp#27;[0m&amp#27;[38;5;-121m[AndroidUiautomator2Driver@5aff]&amp#27;[0m Got response with status 404: {"sessionId":"b5336736-6890-4900-a60d-9c29b2799a2d","value":{"error":"no such element","message":"An element could not be located on the page using the given search parameters","stacktrace":"io.appium.uiautomator2.common.exceptions.ElementNotFoundException: An element could not be located on the page using the given search parameters\n\tat io.appium.uiautomator2.handler.FindElement.safeHandle(FindElement.java:63)\n\tat io.appium.uiautomator2.handler.request.SafeRequestHandler.handle(SafeRequestHandler.java:59)\n\tat io.appium.uiautomator2.server.AppiumServlet.handleRequest(AppiumServlet.java:259)\n\tat io.appium.uiautomator2.server.AppiumServlet.handleHttpRequest(AppiumServlet.java:253)\n\tat io.appium.uiautomator2.http.ServerHandler.channelRead(ServerHandler.java:77)\n\tat io.netty.channel.AbstractChannelHandlerContext.invokeChannelRead(AbstractChannelHandlerContext.java:366)\n\tat io.netty.channel.AbstractChannelHandlerContext.invokeChannelRead(AbstractChannelHandlerContext.java:352)\n\tat io.netty.chann...
&amp#27;[38;5;79m[a4e3d06f]&amp#27;[0m&amp#27;[38;5;123m[W3C]&amp#27;[0m Matched W3C error code 'no such element' to NoSuchElementError
&amp#27;[38;5;79m[a4e3d06f]&amp#27;[0m&amp#27;[38;5;-121m[AndroidUiautomator2Driver@5aff]&amp#27;[0m Waited for 14795 ms so far
&amp#27;[38;5;79m[a4e3d06f]&amp#27;[0m&amp#27;[38;5;-121m[AndroidUiautomator2Driver@5aff]&amp#27;[0m Matched '/element' to command name 'findElement'
&amp#27;[38;5;79m[a4e3d06f]&amp#27;[0m&amp#27;[38;5;-121m[AndroidUiautomator2Driver@5aff]&amp#27;[0m Proxying [POST /element] to [POST http://127.0.0.1:8205/session/b5336736-6890-4900-a60d-9c29b2799a2d/element] with body: {"strategy":"accessibility id","selector":"View menu","context":"","multiple":false}
&amp#27;[38;5;79m[a4e3d06f]&amp#27;[0m&amp#27;[38;5;-121m[AndroidUiautomator2Driver@5aff]&amp#27;[0m Got response with status 404: {"sessionId":"b5336736-6890-4900-a60d-9c29b2799a2d","value":{"error":"no such element","message":"An element could not be located on the page using the given search parameters","stacktrace":"io.appium.uiautomator2.common.exceptions.ElementNotFoundException: An element could not be located on the page using the given search parameters\n\tat io.appium.uiautomator2.handler.FindElement.safeHandle(FindElement.java:63)\n\tat io.appium.uiautomator2.handler.request.SafeRequestHandler.handle(SafeRequestHandler.java:59)\n\tat io.appium.uiautomator2.server.AppiumServlet.handleRequest(AppiumServlet.java:259)\n\tat io.appium.uiautomator2.server.AppiumServlet.handleHttpRequest(AppiumServlet.java:253)\n\tat io.appium.uiautomator2.http.ServerHandler.channelRead(ServerHandler.java:77)\n\tat io.netty.channel.AbstractChannelHandlerContext.invokeChannelRead(AbstractChannelHandlerContext.java:366)\n\tat io.netty.channel.AbstractChannelHandlerContext.invokeChannelRead(AbstractChannelHandlerContext.java:352)\n\tat io.netty.chann...
&amp#27;[38;5;79m[a4e3d06f]&amp#27;[0m&amp#27;[38;5;123m[W3C]&amp#27;[0m Matched W3C error code 'no such element' to NoSuchElementError
&amp#27;[38;5;79m[a4e3d06f]&amp#27;[0m&amp#27;[38;5;-121m[AndroidUiautomator2Driver@5aff]&amp#27;[0m Encountered internal error running command: NoSuchElementError: An element could not be located on the page using the given search parameters.
    at AndroidUiautomator2Driver.findElOrEls (C:\Users\Testriq\.appium\node_modules\appium-uiautomator2-driver\node_modules\appium-android-driver\lib\commands\find.ts:86:11)
    at processTicksAndRejections (node:internal/process/task_queues:95:5)
    at AndroidUiautomator2Driver.findElOrElsWithProcessing (C:\Users\Testriq\AppData\Roaming\npm\node_modules\appium\node_modules\@appium\base-driver\lib\basedriver\commands\find.ts:60:12)
    at AndroidUiautomator2Driver.findElement (C:\Users\Testriq\AppData\Roaming\npm\node_modules\appium\node_modules\@appium\base-driver\lib\basedriver\commands\find.ts:75:12)
&amp#27;[38;5;79m[a4e3d06f]&amp#27;[0m&amp#27;[38;5;86m[HTTP]&amp#27;[0m &amp#27;[37m<-- POST /session/a4e3d06f-a5f1-4c34-a7a0-d757f192f2f5/element &amp#27;[39m&amp#27;[33m404&amp#27;[39m &amp#27;[90m15162 ms - 896&amp#27;[39m &amp#27;[90m&amp#27;[39m
&amp#27;[38;5;79m[a4e3d06f]&amp#27;[0m&amp#27;[38;5;86m[HTTP]&amp#27;[0m &amp#27;[37m-->&amp#27;[39m &amp#27;[37mGET&amp#27;[39m &amp#27;[37m/session/a4e3d06f-a5f1-4c34-a7a0-d757f192f2f5/screenshot&amp#27;[39m &amp#27;[90m{}&amp#27;[39m
&amp#27;[38;5;79m[a4e3d06f]&amp#27;[0m&amp#27;[38;5;-121m[AndroidUiautomator2Driver@5aff]&amp#27;[0m Calling AppiumDriver.getScreenshot() with args: ["a4e3d06f-a5f1-4c34-a7a0-d757f192f2f5"]
&amp#27;[38;5;79m[a4e3d06f]&amp#27;[0m&amp#27;[38;5;-121m[AndroidUiautomator2Driver@5aff]&amp#27;[0m Matched '/screenshot' to command name 'getScreenshot'
&amp#27;[38;5;79m[a4e3d06f]&amp#27;[0m&amp#27;[38;5;-121m[AndroidUiautomator2Driver@5aff]&amp#27;[0m Proxying [GET /screenshot] to [GET http://127.0.0.1:8205/session/b5336736-6890-4900-a60d-9c29b2799a2d/screenshot] with no body
&amp#27;[38;5;79m[a4e3d06f]&amp#27;[0m&amp#27;[38;5;-121m[AndroidUiautomator2Driver@5aff]&amp#27;[0m Got response with status 200: {"sessionId":"b5336736-6890-4900-a60d-9c29b2799a2d","value":"iVBORw0KGgoAAAANSUhEUgAABDgAAAlgCAYAAABtGofVAAAAAXNSR0IArs4c6QAAAARzQklUCAgICHwIZIgAACAASURBVHicrL19niQ5jixmABlR3T1vpavoBLqWDv7ebndlkID+MANIz66ZHb2fciY7syIj3OkkCBgMH7T/6//5v9NwvjITQAIAzB1uDjMgE4jYMBtIbMCA2IGIAJKfq2+DI+tamchIJBJ16b0DWBsOwzADViIi4eZYK/HZG18b+OyNzw6sCAQM6QaYAQ7AAFgCBpgbfDjGcMw5MObAHAPTAIuFH6+JOSfmGLDhMI4OBsDdYWYwM7gbxnCYOUxjN03OcNM3MMz0nXDw33MMvIZjjAE3Q2Zir40dnMt0vZb1XAuftbERnFs4ViS+vj742htr85lhDvPnfCI1djM4eF0zPYsDhlpRQyTXif9yAK514tpFBta+vhPISOwdiB3YayF3IndyvVcC+raV8A3YCmAF8pPIFcBK5CeBFbCdwAZiJvC7I/6YwO8O/OEYfwz8+GPit98nfv994rc/Xni/ax4d0/jTh8N88LmyZJFyBThgjkxgZ2JHYG+OPyMQkskA54VrTQHKpNwhreeTa2n447cXBgJvB97D8R5cB6QhMrE21/ezNmItpAFjzpafjI3IwA7JvXF9//xsfP384OcO/Pxa+PlZ+OxAAHAfgBv3m/bgMMAdmO6YwzDnwGsOzGHwkXAHxnAMd8zpgCWfcQBAIpCI2Ng7sGJjReLnTnwi8fPrg8/PjfUJ7K9A/ATyA+ADxF8b+BmwlXilYxjnGQDSSkNIysy4IQMIBOzt8JfDXsB4A/YGbPLbX4OvvwZsGJ8zgeHcs/w5qXcSMD1D66eA1i0Qm3IQAcTurcE9m4CH1jytdVRdi3IFvMfAHI73HHgPw/vN9TddJCKwVmKtBNKxA8itOXa+Jy1hnvCRMCQcG/P9...
&amp#27;[38;5;79m[a4e3d06f]&amp#27;[0m&amp#27;[38;5;-121m[AndroidUiautomator2Driver@5aff]&amp#27;[0m Responding to client with driver.getScreenshot() result: "iVBORw0KGgoAAAANSUhEUgAABDgAAAlgCAYAAABtGofVAAAAAXNSR0IArs4c6QAAAARzQklUCAgICHwIZIgAACAASURBVHicrL19niQ5jixmABlR3T1vpavoBLqWDv7ebndlkID+MANIz66ZHb2fciY7syIj3OkkCBgMH7T/6//5v9NwvjITQAIAzB1uDjMgE4jYMBtIbMCA2IGIAJKfq2+DI+tamchIJBJ16b0DWBsOwzADViIi4eZYK/HZG18b+OyNzw6sCAQM6QaYAQ7AAFgCBpgbfDjGcMw5MObAHAPTAIuFH6+JOSfmGLDhMI4OBsDdYWYwM7gbxnCYOUxjN03OcNM3MMz0nXDw33MMvIZjjAE3Q2Zir40dnMt0vZb1XAuftbERnFs4ViS+vj742htr85lhDvPnfCI1djM4eF0zPYsDhlpRQyTXif9yAK514tpFBta+vhPISOwdiB3YayF3IndyvVcC+raV8A3YCmAF8pPIFcBK5CeBFbCdwAZiJvC7I/6YwO8O/OEYfwz8+GPit98nfv994rc/Xni/ax4d0/jTh8N88LmyZJFyBThgjkxgZ2JHYG+OPyMQkskA54VrTQHKpNwhreeTa2n447cXBgJvB97D8R5cB6QhMrE21/ezNmItpAFjzpafjI3IwA7JvXF9//xsfP384OcO/Pxa+PlZ+OxAAHAfgBv3m/bgMMAdmO6YwzDnwGsOzGHwkXAHxnAMd8zpgCWfcQBAIpCI2Ng7sGJjReLnTnwi8fPrg8/PjfUJ7K9A/ATyA+ADxF8b+BmwlXilYxjnGQDSSkNIysy4IQMIBOzt8JfDXsB4A/YGbPLbX4OvvwZsGJ8zgeHcs/w5qXcSMD1D66eA1i0Qm3IQAcTurcE9m4CH1jytdVRdi3IFvMfAHI73HHgPw/vN9TddJCKwVmKtBNKxA8itOXa+Jy1hnvCRMCQcG/P9BszwWYm/fi789dn4+gp8ViIDiARyB+U3gJ3B59AYA2e8sTcipPLc4cNguidK...
&amp#27;[38;5;79m[a4e3d06f]&amp#27;[0m&amp#27;[38;5;86m[HTTP]&amp#27;[0m &amp#27;[37m<-- GET /session/a4e3d06f-a5f1-4c34-a7a0-d757f192f2f5/screenshot &amp#27;[39m&amp#27;[32m200&amp#27;[39m &amp#27;[90m2024 ms - 4483116&amp#27;[39m &amp#27;[90m&amp#27;[39m
]]></system-out>
  </testcase>
</testsuite>