<?xml version="1.0" encoding="UTF-8"?>
<testsuite xmlns:xsi="http://www.w3.org/2001/XMLSchema-instance" xsi:noNamespaceSchemaLocation="https://maven.apache.org/surefire/maven-surefire-plugin/xsd/surefire-test-report.xsd" version="3.0.2" name="TestSuite" time="174.683" tests="6" errors="0" skipped="0" failures="3">
  <properties>
    <property name="java.specification.version" value="21"/>
    <property name="sun.cpu.isalist" value="amd64"/>
    <property name="sun.jnu.encoding" value="Cp1252"/>
    <property name="java.class.path" value="G:\Automation Projects\testriq\target\test-classes;G:\Automation Projects\testriq\target\classes;C:\Users\Testriq\.m2\repository\io\appium\java-client\9.2.2\java-client-9.2.2.jar;C:\Users\Testriq\.m2\repository\org\seleniumhq\selenium\selenium-api\4.27.0\selenium-api-4.27.0.jar;C:\Users\Testriq\.m2\repository\org\jspecify\jspecify\1.0.0\jspecify-1.0.0.jar;C:\Users\Testriq\.m2\repository\org\seleniumhq\selenium\selenium-remote-driver\4.27.0\selenium-remote-driver-4.27.0.jar;C:\Users\Testriq\.m2\repository\com\google\auto\service\auto-service-annotations\1.1.1\auto-service-annotations-1.1.1.jar;C:\Users\Testriq\.m2\repository\com\google\guava\guava\33.3.1-jre\guava-33.3.1-jre.jar;C:\Users\Testriq\.m2\repository\com\google\guava\failureaccess\1.0.2\failureaccess-1.0.2.jar;C:\Users\Testriq\.m2\repository\com\google\guava\listenablefuture\9999.0-empty-to-avoid-conflict-with-guava\listenablefuture-9999.0-empty-to-avoid-conflict-with-guava.jar;C:\Users\Testriq\.m2\repository\com\google\code\findbugs\jsr305\3.0.2\jsr305-3.0.2.jar;C:\Users\Testriq\.m2\repository\org\checkerframework\checker-qual\3.43.0\checker-qual-3.43.0.jar;C:\Users\Testriq\.m2\repository\com\google\errorprone\error_prone_annotations\2.28.0\error_prone_annotations-2.28.0.jar;C:\Users\Testriq\.m2\repository\com\google\j2objc\j2objc-annotations\3.0.0\j2objc-annotations-3.0.0.jar;C:\Users\Testriq\.m2\repository\io\opentelemetry\semconv\opentelemetry-semconv\1.25.0-alpha\opentelemetry-semconv-1.25.0-alpha.jar;C:\Users\Testriq\.m2\repository\io\opentelemetry\opentelemetry-api\1.44.1\opentelemetry-api-1.44.1.jar;C:\Users\Testriq\.m2\repository\io\opentelemetry\opentelemetry-context\1.44.1\opentelemetry-context-1.44.1.jar;C:\Users\Testriq\.m2\repository\io\opentelemetry\opentelemetry-exporter-logging\1.44.1\opentelemetry-exporter-logging-1.44.1.jar;C:\Users\Testriq\.m2\repository\io\opentelemetry\opentelemetry-sdk-common\1.44.1\opentelemetry-sdk-common-1.44.1.jar;C:\Users\Testriq\.m2\repository\io\opentelemetry\opentelemetry-sdk-extension-autoconfigure-spi\1.44.1\opentelemetry-sdk-extension-autoconfigure-spi-1.44.1.jar;C:\Users\Testriq\.m2\repository\io\opentelemetry\opentelemetry-sdk-extension-autoconfigure\1.44.1\opentelemetry-sdk-extension-autoconfigure-1.44.1.jar;C:\Users\Testriq\.m2\repository\io\opentelemetry\opentelemetry-api-incubator\1.44.1-alpha\opentelemetry-api-incubator-1.44.1-alpha.jar;C:\Users\Testriq\.m2\repository\io\opentelemetry\opentelemetry-sdk-trace\1.44.1\opentelemetry-sdk-trace-1.44.1.jar;C:\Users\Testriq\.m2\repository\io\opentelemetry\opentelemetry-sdk\1.44.1\opentelemetry-sdk-1.44.1.jar;C:\Users\Testriq\.m2\repository\io\opentelemetry\opentelemetry-sdk-metrics\1.44.1\opentelemetry-sdk-metrics-1.44.1.jar;C:\Users\Testriq\.m2\repository\io\opentelemetry\opentelemetry-sdk-logs\1.44.1\opentelemetry-sdk-logs-1.44.1.jar;C:\Users\Testriq\.m2\repository\net\bytebuddy\byte-buddy\1.15.10\byte-buddy-1.15.10.jar;C:\Users\Testriq\.m2\repository\org\seleniumhq\selenium\selenium-http\4.27.0\selenium-http-4.27.0.jar;C:\Users\Testriq\.m2\repository\dev\failsafe\failsafe\3.3.2\failsafe-3.3.2.jar;C:\Users\Testriq\.m2\repository\org\seleniumhq\selenium\selenium-json\4.27.0\selenium-json-4.27.0.jar;C:\Users\Testriq\.m2\repository\org\seleniumhq\selenium\selenium-manager\4.27.0\selenium-manager-4.27.0.jar;C:\Users\Testriq\.m2\repository\org\seleniumhq\selenium\selenium-os\4.27.0\selenium-os-4.27.0.jar;C:\Users\Testriq\.m2\repository\org\apache\commons\commons-exec\1.4.0\commons-exec-1.4.0.jar;C:\Users\Testriq\.m2\repository\org\seleniumhq\selenium\selenium-support\4.27.0\selenium-support-4.27.0.jar;C:\Users\Testriq\.m2\repository\com\google\code\gson\gson\2.10.1\gson-2.10.1.jar;C:\Users\Testriq\.m2\repository\org\slf4j\slf4j-api\2.0.12\slf4j-api-2.0.12.jar;C:\Users\Testriq\.m2\repository\org\testng\testng\7.10.1\testng-7.10.1.jar;C:\Users\Testriq\.m2\repository\com\beust\jcommander\1.82\jcommander-1.82.jar;C:\Users\Testriq\.m2\repository\org\webjars\jquery\3.7.1\jquery-3.7.1.jar;C:\Users\Testriq\.m2\repository\com\sun\mail\javax.mail\1.6.2\javax.mail-1.6.2.jar;C:\Users\Testriq\.m2\repository\javax\activation\activation\1.1\activation-1.1.jar;C:\Users\Testriq\.m2\repository\com\aventstack\extentreports\5.1.2\extentreports-5.1.2.jar;C:\Users\Testriq\.m2\repository\io\reactivex\rxjava3\rxjava\3.1.6\rxjava-3.1.6.jar;C:\Users\Testriq\.m2\repository\org\reactivestreams\reactive-streams\1.0.4\reactive-streams-1.0.4.jar;C:\Users\Testriq\.m2\repository\org\freemarker\freemarker\2.3.32\freemarker-2.3.32.jar;C:\Users\Testriq\.m2\repository\org\projectlombok\lombok\1.18.26\lombok-1.18.26.jar;C:\Users\Testriq\.m2\repository\commons-io\commons-io\2.16.1\commons-io-2.16.1.jar;C:\Users\Testriq\.m2\repository\com\fasterxml\jackson\core\jackson-databind\2.18.0-rc1\jackson-databind-2.18.0-rc1.jar;C:\Users\Testriq\.m2\repository\com\fasterxml\jackson\core\jackson-annotations\2.18.0-rc1\jackson-annotations-2.18.0-rc1.jar;C:\Users\Testriq\.m2\repository\com\fasterxml\jackson\core\jackson-core\2.18.0-rc1\jackson-core-2.18.0-rc1.jar;C:\Users\Testriq\.m2\repository\org\slf4j\slf4j-simple\1.7.30\slf4j-simple-1.7.30.jar;C:\Users\Testriq\.m2\repository\org\json\json\20230227\json-20230227.jar;C:\Users\Testriq\.m2\repository\org\seleniumhq\selenium\selenium-java\4.1.2\selenium-java-4.1.2.jar;C:\Users\Testriq\.m2\repository\org\seleniumhq\selenium\selenium-chrome-driver\4.1.2\selenium-chrome-driver-4.1.2.jar;C:\Users\Testriq\.m2\repository\com\google\auto\service\auto-service\1.0.1\auto-service-1.0.1.jar;C:\Users\Testriq\.m2\repository\com\google\auto\auto-common\1.2\auto-common-1.2.jar;C:\Users\Testriq\.m2\repository\org\seleniumhq\selenium\selenium-chromium-driver\4.1.2\selenium-chromium-driver-4.1.2.jar;C:\Users\Testriq\.m2\repository\org\seleniumhq\selenium\selenium-devtools-v85\4.1.2\selenium-devtools-v85-4.1.2.jar;C:\Users\Testriq\.m2\repository\org\seleniumhq\selenium\selenium-devtools-v95\4.1.2\selenium-devtools-v95-4.1.2.jar;C:\Users\Testriq\.m2\repository\org\seleniumhq\selenium\selenium-devtools-v96\4.1.2\selenium-devtools-v96-4.1.2.jar;C:\Users\Testriq\.m2\repository\org\seleniumhq\selenium\selenium-devtools-v97\4.1.2\selenium-devtools-v97-4.1.2.jar;C:\Users\Testriq\.m2\repository\org\seleniumhq\selenium\selenium-edge-driver\4.1.2\selenium-edge-driver-4.1.2.jar;C:\Users\Testriq\.m2\repository\org\seleniumhq\selenium\selenium-firefox-driver\4.1.2\selenium-firefox-driver-4.1.2.jar;C:\Users\Testriq\.m2\repository\org\seleniumhq\selenium\selenium-firefox-xpi-driver\4.1.2\selenium-firefox-xpi-driver-4.1.2.jar;C:\Users\Testriq\.m2\repository\org\seleniumhq\selenium\selenium-ie-driver\4.1.2\selenium-ie-driver-4.1.2.jar;C:\Users\Testriq\.m2\repository\org\seleniumhq\selenium\selenium-opera-driver\4.1.2\selenium-opera-driver-4.1.2.jar;C:\Users\Testriq\.m2\repository\org\seleniumhq\selenium\selenium-safari-driver\4.1.2\selenium-safari-driver-4.1.2.jar;"/>
    <property name="java.vm.vendor" value="Oracle Corporation"/>
    <property name="sun.arch.data.model" value="64"/>
    <property name="user.variant" value=""/>
    <property name="java.vendor.url" value="https://java.oracle.com/"/>
    <property name="user.timezone" value="Asia/Calcutta"/>
    <property name="os.name" value="Windows 11"/>
    <property name="java.vm.specification.version" value="21"/>
    <property name="sun.java.launcher" value="SUN_STANDARD"/>
    <property name="user.country" value="IN"/>
    <property name="sun.boot.library.path" value="C:\Program Files\Java\jdk-21\bin"/>
    <property name="sun.java.command" value="C:\Users\Testriq\AppData\Local\Temp\surefire15684734885047878550\surefirebooter-20250116145507499_3.jar C:\Users\Testriq\AppData\Local\Temp\surefire15684734885047878550 2025-01-16T14-55-07_344-jvmRun1 surefire-20250116145507499_1tmp surefire_0-20250116145507499_2tmp"/>
    <property name="jdk.debug" value="release"/>
    <property name="surefire.test.class.path" value="G:\Automation Projects\testriq\target\test-classes;G:\Automation Projects\testriq\target\classes;C:\Users\Testriq\.m2\repository\io\appium\java-client\9.2.2\java-client-9.2.2.jar;C:\Users\Testriq\.m2\repository\org\seleniumhq\selenium\selenium-api\4.27.0\selenium-api-4.27.0.jar;C:\Users\Testriq\.m2\repository\org\jspecify\jspecify\1.0.0\jspecify-1.0.0.jar;C:\Users\Testriq\.m2\repository\org\seleniumhq\selenium\selenium-remote-driver\4.27.0\selenium-remote-driver-4.27.0.jar;C:\Users\Testriq\.m2\repository\com\google\auto\service\auto-service-annotations\1.1.1\auto-service-annotations-1.1.1.jar;C:\Users\Testriq\.m2\repository\com\google\guava\guava\33.3.1-jre\guava-33.3.1-jre.jar;C:\Users\Testriq\.m2\repository\com\google\guava\failureaccess\1.0.2\failureaccess-1.0.2.jar;C:\Users\Testriq\.m2\repository\com\google\guava\listenablefuture\9999.0-empty-to-avoid-conflict-with-guava\listenablefuture-9999.0-empty-to-avoid-conflict-with-guava.jar;C:\Users\Testriq\.m2\repository\com\google\code\findbugs\jsr305\3.0.2\jsr305-3.0.2.jar;C:\Users\Testriq\.m2\repository\org\checkerframework\checker-qual\3.43.0\checker-qual-3.43.0.jar;C:\Users\Testriq\.m2\repository\com\google\errorprone\error_prone_annotations\2.28.0\error_prone_annotations-2.28.0.jar;C:\Users\Testriq\.m2\repository\com\google\j2objc\j2objc-annotations\3.0.0\j2objc-annotations-3.0.0.jar;C:\Users\Testriq\.m2\repository\io\opentelemetry\semconv\opentelemetry-semconv\1.25.0-alpha\opentelemetry-semconv-1.25.0-alpha.jar;C:\Users\Testriq\.m2\repository\io\opentelemetry\opentelemetry-api\1.44.1\opentelemetry-api-1.44.1.jar;C:\Users\Testriq\.m2\repository\io\opentelemetry\opentelemetry-context\1.44.1\opentelemetry-context-1.44.1.jar;C:\Users\Testriq\.m2\repository\io\opentelemetry\opentelemetry-exporter-logging\1.44.1\opentelemetry-exporter-logging-1.44.1.jar;C:\Users\Testriq\.m2\repository\io\opentelemetry\opentelemetry-sdk-common\1.44.1\opentelemetry-sdk-common-1.44.1.jar;C:\Users\Testriq\.m2\repository\io\opentelemetry\opentelemetry-sdk-extension-autoconfigure-spi\1.44.1\opentelemetry-sdk-extension-autoconfigure-spi-1.44.1.jar;C:\Users\Testriq\.m2\repository\io\opentelemetry\opentelemetry-sdk-extension-autoconfigure\1.44.1\opentelemetry-sdk-extension-autoconfigure-1.44.1.jar;C:\Users\Testriq\.m2\repository\io\opentelemetry\opentelemetry-api-incubator\1.44.1-alpha\opentelemetry-api-incubator-1.44.1-alpha.jar;C:\Users\Testriq\.m2\repository\io\opentelemetry\opentelemetry-sdk-trace\1.44.1\opentelemetry-sdk-trace-1.44.1.jar;C:\Users\Testriq\.m2\repository\io\opentelemetry\opentelemetry-sdk\1.44.1\opentelemetry-sdk-1.44.1.jar;C:\Users\Testriq\.m2\repository\io\opentelemetry\opentelemetry-sdk-metrics\1.44.1\opentelemetry-sdk-metrics-1.44.1.jar;C:\Users\Testriq\.m2\repository\io\opentelemetry\opentelemetry-sdk-logs\1.44.1\opentelemetry-sdk-logs-1.44.1.jar;C:\Users\Testriq\.m2\repository\net\bytebuddy\byte-buddy\1.15.10\byte-buddy-1.15.10.jar;C:\Users\Testriq\.m2\repository\org\seleniumhq\selenium\selenium-http\4.27.0\selenium-http-4.27.0.jar;C:\Users\Testriq\.m2\repository\dev\failsafe\failsafe\3.3.2\failsafe-3.3.2.jar;C:\Users\Testriq\.m2\repository\org\seleniumhq\selenium\selenium-json\4.27.0\selenium-json-4.27.0.jar;C:\Users\Testriq\.m2\repository\org\seleniumhq\selenium\selenium-manager\4.27.0\selenium-manager-4.27.0.jar;C:\Users\Testriq\.m2\repository\org\seleniumhq\selenium\selenium-os\4.27.0\selenium-os-4.27.0.jar;C:\Users\Testriq\.m2\repository\org\apache\commons\commons-exec\1.4.0\commons-exec-1.4.0.jar;C:\Users\Testriq\.m2\repository\org\seleniumhq\selenium\selenium-support\4.27.0\selenium-support-4.27.0.jar;C:\Users\Testriq\.m2\repository\com\google\code\gson\gson\2.10.1\gson-2.10.1.jar;C:\Users\Testriq\.m2\repository\org\slf4j\slf4j-api\2.0.12\slf4j-api-2.0.12.jar;C:\Users\Testriq\.m2\repository\org\testng\testng\7.10.1\testng-7.10.1.jar;C:\Users\Testriq\.m2\repository\com\beust\jcommander\1.82\jcommander-1.82.jar;C:\Users\Testriq\.m2\repository\org\webjars\jquery\3.7.1\jquery-3.7.1.jar;C:\Users\Testriq\.m2\repository\com\sun\mail\javax.mail\1.6.2\javax.mail-1.6.2.jar;C:\Users\Testriq\.m2\repository\javax\activation\activation\1.1\activation-1.1.jar;C:\Users\Testriq\.m2\repository\com\aventstack\extentreports\5.1.2\extentreports-5.1.2.jar;C:\Users\Testriq\.m2\repository\io\reactivex\rxjava3\rxjava\3.1.6\rxjava-3.1.6.jar;C:\Users\Testriq\.m2\repository\org\reactivestreams\reactive-streams\1.0.4\reactive-streams-1.0.4.jar;C:\Users\Testriq\.m2\repository\org\freemarker\freemarker\2.3.32\freemarker-2.3.32.jar;C:\Users\Testriq\.m2\repository\org\projectlombok\lombok\1.18.26\lombok-1.18.26.jar;C:\Users\Testriq\.m2\repository\commons-io\commons-io\2.16.1\commons-io-2.16.1.jar;C:\Users\Testriq\.m2\repository\com\fasterxml\jackson\core\jackson-databind\2.18.0-rc1\jackson-databind-2.18.0-rc1.jar;C:\Users\Testriq\.m2\repository\com\fasterxml\jackson\core\jackson-annotations\2.18.0-rc1\jackson-annotations-2.18.0-rc1.jar;C:\Users\Testriq\.m2\repository\com\fasterxml\jackson\core\jackson-core\2.18.0-rc1\jackson-core-2.18.0-rc1.jar;C:\Users\Testriq\.m2\repository\org\slf4j\slf4j-simple\1.7.30\slf4j-simple-1.7.30.jar;C:\Users\Testriq\.m2\repository\org\json\json\20230227\json-20230227.jar;C:\Users\Testriq\.m2\repository\org\seleniumhq\selenium\selenium-java\4.1.2\selenium-java-4.1.2.jar;C:\Users\Testriq\.m2\repository\org\seleniumhq\selenium\selenium-chrome-driver\4.1.2\selenium-chrome-driver-4.1.2.jar;C:\Users\Testriq\.m2\repository\com\google\auto\service\auto-service\1.0.1\auto-service-1.0.1.jar;C:\Users\Testriq\.m2\repository\com\google\auto\auto-common\1.2\auto-common-1.2.jar;C:\Users\Testriq\.m2\repository\org\seleniumhq\selenium\selenium-chromium-driver\4.1.2\selenium-chromium-driver-4.1.2.jar;C:\Users\Testriq\.m2\repository\org\seleniumhq\selenium\selenium-devtools-v85\4.1.2\selenium-devtools-v85-4.1.2.jar;C:\Users\Testriq\.m2\repository\org\seleniumhq\selenium\selenium-devtools-v95\4.1.2\selenium-devtools-v95-4.1.2.jar;C:\Users\Testriq\.m2\repository\org\seleniumhq\selenium\selenium-devtools-v96\4.1.2\selenium-devtools-v96-4.1.2.jar;C:\Users\Testriq\.m2\repository\org\seleniumhq\selenium\selenium-devtools-v97\4.1.2\selenium-devtools-v97-4.1.2.jar;C:\Users\Testriq\.m2\repository\org\seleniumhq\selenium\selenium-edge-driver\4.1.2\selenium-edge-driver-4.1.2.jar;C:\Users\Testriq\.m2\repository\org\seleniumhq\selenium\selenium-firefox-driver\4.1.2\selenium-firefox-driver-4.1.2.jar;C:\Users\Testriq\.m2\repository\org\seleniumhq\selenium\selenium-firefox-xpi-driver\4.1.2\selenium-firefox-xpi-driver-4.1.2.jar;C:\Users\Testriq\.m2\repository\org\seleniumhq\selenium\selenium-ie-driver\4.1.2\selenium-ie-driver-4.1.2.jar;C:\Users\Testriq\.m2\repository\org\seleniumhq\selenium\selenium-opera-driver\4.1.2\selenium-opera-driver-4.1.2.jar;C:\Users\Testriq\.m2\repository\org\seleniumhq\selenium\selenium-safari-driver\4.1.2\selenium-safari-driver-4.1.2.jar;"/>
    <property name="sun.cpu.endian" value="little"/>
    <property name="user.home" value="C:\Users\Testriq"/>
    <property name="user.language" value="en"/>
    <property name="java.specification.vendor" value="Oracle Corporation"/>
    <property name="java.version.date" value="2024-10-15"/>
    <property name="java.home" value="C:\Program Files\Java\jdk-21"/>
    <property name="file.separator" value="\"/>
    <property name="basedir" value="G:\Automation Projects\testriq"/>
    <property name="java.vm.compressedOopsMode" value="32-bit"/>
    <property name="line.separator" value="&#10;"/>
    <property name="java.vm.specification.vendor" value="Oracle Corporation"/>
    <property name="java.specification.name" value="Java Platform API Specification"/>
    <property name="surefire.real.class.path" value="C:\Users\Testriq\AppData\Local\Temp\surefire15684734885047878550\surefirebooter-20250116145507499_3.jar"/>
    <property name="user.script" value=""/>
    <property name="sun.management.compiler" value="HotSpot 64-Bit Tiered Compilers"/>
    <property name="java.runtime.version" value="21.0.5+9-LTS-239"/>
    <property name="user.name" value="Testriq"/>
    <property name="stdout.encoding" value="Cp1252"/>
    <property name="path.separator" value=";"/>
    <property name="os.version" value="10.0"/>
    <property name="java.runtime.name" value="Java(TM) SE Runtime Environment"/>
    <property name="file.encoding" value="UTF-8"/>
    <property name="java.vm.name" value="Java HotSpot(TM) 64-Bit Server VM"/>
    <property name="localRepository" value="C:\Users\Testriq\.m2\repository"/>
    <property name="java.vendor.url.bug" value="https://bugreport.java.com/bugreport/"/>
    <property name="java.io.tmpdir" value="C:\Users\Testriq\AppData\Local\Temp\"/>
    <property name="java.version" value="21.0.5"/>
    <property name="user.dir" value="G:\Automation Projects\testriq"/>
    <property name="os.arch" value="amd64"/>
    <property name="java.vm.specification.name" value="Java Virtual Machine Specification"/>
    <property name="sun.os.patch.level" value=""/>
    <property name="native.encoding" value="Cp1252"/>
    <property name="java.library.path" value="C:\Program Files\Java\jdk-21\bin;C:\WINDOWS\Sun\Java\bin;C:\WINDOWS\system32;C:\WINDOWS;C:\Program Files\Common Files\Oracle\Java\javapath;C:\Program Files (x86)\Common Files\Oracle\Java\javapath;C:\Windows\system32;C:\Windows;C:\Windows\System32\Wbem;C:\Windows\System32\WindowsPowerShell\v1.0\;C:\Windows\System32\OpenSSH\;C:\Program Files\NVIDIA Corporation\NVIDIA NvDLISR;C:\WINDOWS\system32;C:\WINDOWS;C:\WINDOWS\System32\Wbem;C:\WINDOWS\System32\WindowsPowerShell\v1.0\;C:\WINDOWS\System32\OpenSSH\;C:\Program Files\dotnet\;C:\Program Files\Java\jdk-21\bin;C:\Program Files\MySQL\MySQL Server 8.0\bin;C:\Users\Testriq\Downloads\flutter_windows_3.19.1-stable\flutter\bin;C:\Users\Testriq\AppData\Local\Android\Sdk\tools\bin;C:\Users\Testriq\AppData\Local\Android\Sdk\tools;C:\Users\Testriq\AppData\Local\Android\Sdk\platform-tools;C:\Program Files\nodejs\;C:\Program Files\nodejs\node_modules\npm\bin;C:\Program Files\Git\cmd;C:\Program Files\Git LFS;C:\Users\Testriq\AppData\Local\Microsoft\WindowsApps;C:\Users\Testriq\AppData\Local\Android\Sdk\tools\bin;C:\Program Files\Java\jdk-21\bin;D:\Stuff\Player Stocks\flutter_windows_3.16.9-stable\flutter\bin;C:\Users\Testriq\AppData\Local\Programs\Microsoft VS Code\bin;C:\Users\Testriq\AppData\Roaming\npm;C:\Users\Testriq\AppData\Local\gitkraken\bin;C:\Program Files\apache-maven-3.9.8-bin\apache-maven-3.9.8\bin;;."/>
    <property name="java.vm.info" value="mixed mode, sharing"/>
    <property name="stderr.encoding" value="Cp1252"/>
    <property name="java.vendor" value="Oracle Corporation"/>
    <property name="java.vm.version" value="21.0.5+9-LTS-239"/>
    <property name="sun.io.unicode.encoding" value="UnicodeLittle"/>
    <property name="java.class.version" value="65.0"/>
  </properties>
  <testcase name="RemoveProductFromCart" classname="testcases.TC_04_Remove_Product_From_Cart" time="20.943">
    <system-out><![CDATA[&amp#27;[38;5;112m[Appium]&amp#27;[0m Welcome to Appium v2.11.5 (REV 4eddc999c5d9b705e7356152d2d5953a0dda3720)
&amp#27;[38;5;112m[Appium]&amp#27;[0m Non-default server args:
&amp#27;[38;5;112m[Appium]&amp#27;[0m { address: &amp#27;[32m'127.0.0.1'&amp#27;[39m }
&amp#27;[38;5;112m[Appium]&amp#27;[0m The autodetected Appium home path: C:\Users\Testriq\.appium
&amp#27;[38;5;112m[Appium]&amp#27;[0m Attempting to load driver uiautomator2...
&amp#27;[38;5;112m[Appium]&amp#27;[0m Requiring driver at C:\Users\Testriq\.appium\node_modules\appium-uiautomator2-driver\build\index.js
&amp#27;[38;5;112m[Appium]&amp#27;[0m AndroidUiautomator2Driver has been successfully loaded in 0.852s
&amp#27;[38;5;112m[Appium]&amp#27;[0m Appium REST http interface listener started on http://127.0.0.1:4723
&amp#27;[38;5;112m[Appium]&amp#27;[0m Available drivers:
&amp#27;[38;5;112m[Appium]&amp#27;[0m   - uiautomator2@3.8.0 (automationName 'UiAutomator2')
&amp#27;[38;5;112m[Appium]&amp#27;[0m No plugins have been installed. Use the "appium plugin" command to install the one(s) you want to use.
&amp#27;[38;5;86m[HTTP]&amp#27;[0m &amp#27;[37m-->&amp#27;[39m &amp#27;[37mGET&amp#27;[39m &amp#27;[37m/status&amp#27;[39m &amp#27;[90m{}&amp#27;[39m
&amp#27;[38;5;23m[AppiumDriver@398a]&amp#27;[0m Calling AppiumDriver.getStatus() with args: []
&amp#27;[38;5;23m[AppiumDriver@398a]&amp#27;[0m Responding to client with driver.getStatus() result: {"ready":true,"message":"The server is ready to accept new connections","build":{"version":"2.11.5","git-sha":"4eddc999c5d9b705e7356152d2d5953a0dda3720","built":"2024-10-09 17:32:11 +0530"}}
&amp#27;[38;5;86m[HTTP]&amp#27;[0m &amp#27;[37m<-- GET /status &amp#27;[39m&amp#27;[32m200&amp#27;[39m &amp#27;[90m5 ms - 200&amp#27;[39m &amp#27;[90m&amp#27;[39m
&amp#27;[38;5;86m[HTTP]&amp#27;[0m Request idempotency key: 34f105c0-61ec-476c-aa2e-a3e89a1bf897
&amp#27;[38;5;86m[HTTP]&amp#27;[0m &amp#27;[37m-->&amp#27;[39m &amp#27;[37mPOST&amp#27;[39m &amp#27;[37m/session&amp#27;[39m &amp#27;[90m{"capabilities":{"firstMatch":[{}],"alwaysMatch":{"appium:appPackage":"com.saucelabs.mydemoapp.android","appium:autoGrantPermissions":true,"appium:deviceName":"AndroidDeviceName","appium:app":"G:\\Automation Projects\\testriq\\src\\main\\java\\apps\\mda-2.2.0-25.apk","appium:appActivity":"com.saucelabs.mydemoapp.android.view.activities.SplashActivity","platformName":"ANDROID","appium:automationName":"UIAutomator2"}}}&amp#27;[39m
&amp#27;[38;5;23m[AppiumDriver@398a]&amp#27;[0m Calling AppiumDriver.createSession() with args: [null,null,{"firstMatch":[{}],"alwaysMatch":{"appium:appPackage":"com.saucelabs.mydemoapp.android","appium:autoGrantPermissions":true,"appium:deviceName":"AndroidDeviceName","appium:app":"G:\\Automation Projects\\testriq\\src\\main\\java\\apps\\mda-2.2.0-25.apk","appium:appActivity":"com.saucelabs.mydemoapp.android.view.activities.SplashActivity","platformName":"ANDROID","appium:automationName":"UIAutomator2"}}]
&amp#27;[38;5;23m[AppiumDriver@398a]&amp#27;[0m Event 'newSessionRequested' logged at 1737019511679 (14:55:11 GMT+0530 (India Standard Time))
&amp#27;[38;5;112m[Appium]&amp#27;[0m Attempting to find matching driver for automationName 'UIAutomator2' and platformName 'ANDROID'
&amp#27;[38;5;112m[Appium]&amp#27;[0m The 'uiautomator2' driver was installed and matched caps.
&amp#27;[38;5;112m[Appium]&amp#27;[0m Will require it at C:\Users\Testriq\.appium\node_modules\appium-uiautomator2-driver
&amp#27;[38;5;112m[Appium]&amp#27;[0m Requiring driver at C:\Users\Testriq\.appium\node_modules\appium-uiautomator2-driver\build\index.js
&amp#27;[38;5;23m[AppiumDriver@398a]&amp#27;[0m Appium v2.11.5 creating new AndroidUiautomator2Driver (v3.8.0) session
&amp#27;[38;5;23m[AppiumDriver@398a]&amp#27;[0m Checking BaseDriver versions for Appium and AndroidUiautomator2Driver
&amp#27;[38;5;23m[AppiumDriver@398a]&amp#27;[0m Appium's BaseDriver version is 9.11.5
&amp#27;[38;5;23m[AppiumDriver@398a]&amp#27;[0m AndroidUiautomator2Driver's BaseDriver version is 9.11.5
&amp#27;[38;5;-101m[AndroidUiautomator2Driver@f0e9]&amp#27;[0m 
&amp#27;[38;5;-101m[AndroidUiautomator2Driver@f0e9]&amp#27;[0m Creating session with W3C capabilities: {
  "alwaysMatch": {
    "platformName": "ANDROID",
    "appium:appPackage": "com.saucelabs.mydemoapp.android",
    "appium:autoGrantPermissions": true,
    "appium:deviceName": "AndroidDeviceName",
    "appium:app": "G:\\Automation Projects\\testriq\\src\\main\\java\\apps\\mda-2.2.0-25.apk",
    "appium:appActivity": "com.saucelabs.mydemoapp.android.view.activities.SplashActivity",
    "appium:automationName": "UIAutomator2"
  },
  "firstMatch": [
    {}
  ]
}
&amp#27;[38;5;111m[522a5c58]&amp#27;[0m&amp#27;[38;5;-101m[AndroidUiautomator2Driver@f0e9]&amp#27;[0m Session created with session id: 522a5c58-3aec-4350-9d19-37fd7519db1f
&amp#27;[38;5;111m[522a5c58]&amp#27;[0m&amp#27;[38;5;229m[ADB]&amp#27;[0m Found 2 'build-tools' folders under 'C:\Users\Testriq\AppData\Local\Android\Sdk' (newest first):
&amp#27;[38;5;111m[522a5c58]&amp#27;[0m&amp#27;[38;5;229m[ADB]&amp#27;[0m     C:\Users\Testriq\AppData\Local\Android\Sdk\build-tools\34.0.0
&amp#27;[38;5;111m[522a5c58]&amp#27;[0m&amp#27;[38;5;229m[ADB]&amp#27;[0m     C:\Users\Testriq\AppData\Local\Android\Sdk\build-tools\30.0.3
&amp#27;[38;5;111m[522a5c58]&amp#27;[0m&amp#27;[38;5;229m[ADB]&amp#27;[0m Using 'adb.exe' from 'C:\Users\Testriq\AppData\Local\Android\Sdk\platform-tools\adb.exe'
&amp#27;[38;5;111m[522a5c58]&amp#27;[0m&amp#27;[38;5;229m[ADB]&amp#27;[0m Running 'C:\Users\Testriq\AppData\Local\Android\Sdk\platform-tools\adb.exe -P 5037 start-server'
&amp#27;[38;5;111m[522a5c58]&amp#27;[0m&amp#27;[38;5;-101m[AndroidUiautomator2Driver@f0e9]&amp#27;[0m Retrieving device list
&amp#27;[38;5;111m[522a5c58]&amp#27;[0m&amp#27;[38;5;229m[ADB]&amp#27;[0m Trying to find connected Android devices
&amp#27;[38;5;111m[522a5c58]&amp#27;[0m&amp#27;[38;5;229m[ADB]&amp#27;[0m Getting connected devices
&amp#27;[38;5;111m[522a5c58]&amp#27;[0m&amp#27;[38;5;229m[ADB]&amp#27;[0m Connected devices: [{"udid":"2A131FDH200HX6","state":"device"}]
&amp#27;[38;5;111m[522a5c58]&amp#27;[0m&amp#27;[38;5;-101m[AndroidUiautomator2Driver@f0e9]&amp#27;[0m Using device: 2A131FDH200HX6
&amp#27;[38;5;111m[522a5c58]&amp#27;[0m&amp#27;[38;5;229m[ADB]&amp#27;[0m Using 'adb.exe' from 'C:\Users\Testriq\AppData\Local\Android\Sdk\platform-tools\adb.exe'
&amp#27;[38;5;111m[522a5c58]&amp#27;[0m&amp#27;[38;5;229m[ADB]&amp#27;[0m Running 'C:\Users\Testriq\AppData\Local\Android\Sdk\platform-tools\adb.exe -P 5037 start-server'
&amp#27;[38;5;111m[522a5c58]&amp#27;[0m&amp#27;[38;5;229m[ADB]&amp#27;[0m Setting device id to 2A131FDH200HX6
&amp#27;[38;5;111m[522a5c58]&amp#27;[0m&amp#27;[38;5;123m[BaseDriver]&amp#27;[0m Using local app 'G:\Automation Projects\testriq\src\main\java\apps\mda-2.2.0-25.apk'
&amp#27;[38;5;111m[522a5c58]&amp#27;[0m&amp#27;[38;5;-101m[AndroidUiautomator2Driver@f0e9]&amp#27;[0m Checking whether app is actually present
&amp#27;[38;5;111m[522a5c58]&amp#27;[0m&amp#27;[38;5;229m[ADB]&amp#27;[0m Running 'C:\Users\Testriq\AppData\Local\Android\Sdk\platform-tools\adb.exe -P 5037 -s 2A131FDH200HX6 shell getprop ro.build.version.sdk'
&amp#27;[38;5;111m[522a5c58]&amp#27;[0m&amp#27;[38;5;229m[ADB]&amp#27;[0m Current device property 'ro.build.version.sdk': 35
&amp#27;[38;5;111m[522a5c58]&amp#27;[0m&amp#27;[38;5;229m[ADB]&amp#27;[0m Getting device platform version
&amp#27;[38;5;111m[522a5c58]&amp#27;[0m&amp#27;[38;5;229m[ADB]&amp#27;[0m Running 'C:\Users\Testriq\AppData\Local\Android\Sdk\platform-tools\adb.exe -P 5037 -s 2A131FDH200HX6 shell getprop ro.build.version.release'
&amp#27;[38;5;111m[522a5c58]&amp#27;[0m&amp#27;[38;5;229m[ADB]&amp#27;[0m Current device property 'ro.build.version.release': 15
&amp#27;[38;5;111m[522a5c58]&amp#27;[0m&amp#27;[38;5;229m[ADB]&amp#27;[0m Device API level: 35
&amp#27;[38;5;111m[522a5c58]&amp#27;[0m&amp#27;[38;5;-101m[AndroidUiautomator2Driver@f0e9]&amp#27;[0m Relaxing hidden api policy
&amp#27;[38;5;111m[522a5c58]&amp#27;[0m&amp#27;[38;5;229m[ADB]&amp#27;[0m Running 'C:\Users\Testriq\AppData\Local\Android\Sdk\platform-tools\adb.exe -P 5037 -s 2A131FDH200HX6 shell 'settings put global hidden_api_policy_pre_p_apps 1;settings put global hidden_api_policy_p_apps 1;settings put global hidden_api_policy 1''
&amp#27;[38;5;111m[522a5c58]&amp#27;[0m&amp#27;[38;5;-101m[AndroidUiautomator2Driver@f0e9]&amp#27;[0m Pushing settings apk to the device...
&amp#27;[38;5;111m[522a5c58]&amp#27;[0m&amp#27;[38;5;229m[ADB]&amp#27;[0m Getting package info for 'io.appium.settings'
&amp#27;[38;5;111m[522a5c58]&amp#27;[0m&amp#27;[38;5;229m[ADB]&amp#27;[0m Running 'C:\Users\Testriq\AppData\Local\Android\Sdk\platform-tools\adb.exe -P 5037 -s 2A131FDH200HX6 shell dumpsys package io.appium.settings'
&amp#27;[38;5;111m[522a5c58]&amp#27;[0m&amp#27;[38;5;229m[ADB]&amp#27;[0m Using 'aapt2.exe' from 'C:\Users\Testriq\AppData\Local\Android\Sdk\build-tools\34.0.0\aapt2.exe'
&amp#27;[38;5;111m[522a5c58]&amp#27;[0m&amp#27;[38;5;229m[ADB]&amp#27;[0m Reading package manifest: 'C:\\Users\\Testriq\\AppData\\Local\\Android\\Sdk\\build-tools\\34.0.0\\aapt2.exe dump badging C:\\Users\\Testriq\\.appium\\node_modules\\appium-uiautomator2-driver\\node_modules\\io.appium.settings\\apks\\settings_apk-debug.apk'
&amp#27;[38;5;111m[522a5c58]&amp#27;[0m&amp#27;[38;5;229m[ADB]&amp#27;[0m The version name of the installed 'io.appium.settings' is greater or equal to the application version name ('5.12.13' >= '5.12.13')
&amp#27;[38;5;111m[522a5c58]&amp#27;[0m&amp#27;[38;5;229m[ADB]&amp#27;[0m There is no need to install/upgrade 'C:\Users\Testriq\.appium\node_modules\appium-uiautomator2-driver\node_modules\io.appium.settings\apks\settings_apk-debug.apk'
&amp#27;[38;5;111m[522a5c58]&amp#27;[0m&amp#27;[38;5;229m[ADB]&amp#27;[0m Running 'C:\Users\Testriq\AppData\Local\Android\Sdk\platform-tools\adb.exe -P 5037 -s 2A131FDH200HX6 shell dumpsys activity services io.appium.settings'
&amp#27;[38;5;111m[522a5c58]&amp#27;[0m&amp#27;[38;5;-101m[AndroidUiautomator2Driver@f0e9]&amp#27;[0m io.appium.settings is already running. There is no need to reset its permissions.
&amp#27;[38;5;111m[522a5c58]&amp#27;[0m&amp#27;[38;5;160m[Logcat]&amp#27;[0m Starting logs capture with command: C:\\Users\\Testriq\\AppData\\Local\\Android\\Sdk\\platform-tools\\adb.exe -P 5037 -s 2A131FDH200HX6 logcat -v threadtime
&amp#27;[38;5;111m[522a5c58]&amp#27;[0m&amp#27;[38;5;229m[ADB]&amp#27;[0m Running 'C:\Users\Testriq\AppData\Local\Android\Sdk\platform-tools\adb.exe -P 5037 -s 2A131FDH200HX6 shell appops set io.appium.settings android:mock_location allow'
&amp#27;[38;5;111m[522a5c58]&amp#27;[0m&amp#27;[38;5;229m[ADB]&amp#27;[0m Running 'C:\Users\Testriq\AppData\Local\Android\Sdk\platform-tools\adb.exe -P 5037 -s 2A131FDH200HX6 shell "[ -e '/data/local/tmp/mock_apps.json' ] && echo __PASS__"'
&amp#27;[38;5;111m[522a5c58]&amp#27;[0m&amp#27;[38;5;229m[ADB]&amp#27;[0m Running 'C:\Users\Testriq\AppData\Local\Android\Sdk\platform-tools\adb.exe -P 5037 -s 2A131FDH200HX6 shell cat /data/local/tmp/mock_apps.json'
&amp#27;[38;5;111m[522a5c58]&amp#27;[0m&amp#27;[38;5;-101m[AndroidUiautomator2Driver@f0e9]&amp#27;[0m Forwarding UiAutomator2 Server port 6790 to local port 8200
&amp#27;[38;5;111m[522a5c58]&amp#27;[0m&amp#27;[38;5;229m[ADB]&amp#27;[0m Forwarding system: 8200 to device: 6790
&amp#27;[38;5;111m[522a5c58]&amp#27;[0m&amp#27;[38;5;229m[ADB]&amp#27;[0m Running 'C:\Users\Testriq\AppData\Local\Android\Sdk\platform-tools\adb.exe -P 5037 -s 2A131FDH200HX6 forward tcp:8200 tcp:6790'
&amp#27;[38;5;111m[522a5c58]&amp#27;[0m&amp#27;[38;5;229m[ADB]&amp#27;[0m Getting package info for 'io.appium.uiautomator2.server'
&amp#27;[38;5;111m[522a5c58]&amp#27;[0m&amp#27;[38;5;229m[ADB]&amp#27;[0m Running 'C:\Users\Testriq\AppData\Local\Android\Sdk\platform-tools\adb.exe -P 5037 -s 2A131FDH200HX6 shell dumpsys package io.appium.uiautomator2.server'
&amp#27;[38;5;111m[522a5c58]&amp#27;[0m&amp#27;[38;5;229m[ADB]&amp#27;[0m Getting install status for io.appium.uiautomator2.server.test
&amp#27;[38;5;111m[522a5c58]&amp#27;[0m&amp#27;[38;5;229m[ADB]&amp#27;[0m Checking app cert for G:\Automation Projects\testriq\src\main\java\apps\mda-2.2.0-25.apk
&amp#27;[38;5;111m[522a5c58]&amp#27;[0m&amp#27;[38;5;229m[ADB]&amp#27;[0m Running 'C:\Users\Testriq\AppData\Local\Android\Sdk\platform-tools\adb.exe -P 5037 -s 2A131FDH200HX6 shell cmd package list packages'
&amp#27;[38;5;111m[522a5c58]&amp#27;[0m&amp#27;[38;5;229m[ADB]&amp#27;[0m Using 'apksigner.jar' from 'C:\Users\Testriq\AppData\Local\Android\Sdk\build-tools\34.0.0\lib\apksigner.jar'
&amp#27;[38;5;111m[522a5c58]&amp#27;[0m&amp#27;[38;5;229m[ADB]&amp#27;[0m Starting apksigner: 'C:\\Program Files\\Java\\jdk-21\\bin\\java.exe' -Xmx1024M -Xss1m -jar C:\\Users\\Testriq\\AppData\\Local\\Android\\Sdk\\build-tools\\34.0.0\\lib\\apksigner.jar verify --print-certs 'G:\\Automation Projects\\testriq\\src\\main\\java\\apps\\mda-2.2.0-25.apk'
&amp#27;[38;5;111m[522a5c58]&amp#27;[0m&amp#27;[38;5;229m[ADB]&amp#27;[0m Reading package manifest: 'C:\\Users\\Testriq\\AppData\\Local\\Android\\Sdk\\build-tools\\34.0.0\\aapt2.exe dump badging C:\\Users\\Testriq\\.appium\\node_modules\\appium-uiautomator2-driver\\node_modules\\appium-uiautomator2-server\\apks\\appium-uiautomator2-server-v7.0.25.apk'
&amp#27;[38;5;111m[522a5c58]&amp#27;[0m&amp#27;[38;5;229m[ADB]&amp#27;[0m 'io.appium.uiautomator2.server.test' is installed
&amp#27;[38;5;111m[522a5c58]&amp#27;[0m&amp#27;[38;5;229m[ADB]&amp#27;[0m The version name of the installed 'io.appium.uiautomator2.server' is greater or equal to the application version name ('7.0.25' >= '7.0.25')
&amp#27;[38;5;111m[522a5c58]&amp#27;[0m&amp#27;[38;5;-101m[AndroidUiautomator2Driver@f0e9]&amp#27;[0m Server packages status: [{"installState":"sameVersionInstalled","appPath":"C:\\Users\\Testriq\\.appium\\node_modules\\appium-uiautomator2-driver\\node_modules\\appium-uiautomator2-server\\apks\\appium-uiautomator2-server-v7.0.25.apk","appId":"io.appium.uiautomator2.server"},{"installState":"sameVersionInstalled","appPath":"C:\\Users\\Testriq\\.appium\\node_modules\\appium-uiautomator2-driver\\node_modules\\appium-uiautomator2-server\\apks\\appium-uiautomator2-server-debug-androidTest.apk","appId":"io.appium.uiautomator2.server.test"}]
&amp#27;[38;5;111m[522a5c58]&amp#27;[0m&amp#27;[38;5;-101m[AndroidUiautomator2Driver@f0e9]&amp#27;[0m Server packages are not going to be (re)installed
&amp#27;[38;5;111m[522a5c58]&amp#27;[0m&amp#27;[38;5;-101m[AndroidUiautomator2Driver@f0e9]&amp#27;[0m Waiting up to 30000ms for services to be available
&amp#27;[38;5;111m[522a5c58]&amp#27;[0m&amp#27;[38;5;229m[ADB]&amp#27;[0m Running 'C:\Users\Testriq\AppData\Local\Android\Sdk\platform-tools\adb.exe -P 5037 -s 2A131FDH200HX6 shell pm list instrumentation'
&amp#27;[38;5;111m[522a5c58]&amp#27;[0m&amp#27;[38;5;-101m[AndroidUiautomator2Driver@f0e9]&amp#27;[0m Instrumentation target 'io.appium.uiautomator2.server.test/androidx.test.runner.AndroidJUnitRunner' is available
&amp#27;[38;5;111m[522a5c58]&amp#27;[0m&amp#27;[38;5;229m[ADB]&amp#27;[0m Adding packages ["io.appium.settings","io.appium.uiautomator2.server","io.appium.uiautomator2.server.test"] to Doze whitelist
&amp#27;[38;5;111m[522a5c58]&amp#27;[0m&amp#27;[38;5;229m[ADB]&amp#27;[0m Got the following command chunks to execute: [["dumpsys","deviceidle","whitelist","+io.appium.settings",";","dumpsys","deviceidle","whitelist","+io.appium.uiautomator2.server",";","dumpsys","deviceidle","whitelist","+io.appium.uiautomator2.server.test",";"]]
&amp#27;[38;5;111m[522a5c58]&amp#27;[0m&amp#27;[38;5;229m[ADB]&amp#27;[0m Running 'C:\Users\Testriq\AppData\Local\Android\Sdk\platform-tools\adb.exe -P 5037 -s 2A131FDH200HX6 shell dumpsys deviceidle whitelist +io.appium.settings ; dumpsys deviceidle whitelist +io.appium.uiautomator2.server ; dumpsys deviceidle whitelist +io.appium.uiautomator2.server.test ;'
&amp#27;[38;5;111m[522a5c58]&amp#27;[0m&amp#27;[38;5;229m[ADB]&amp#27;[0m apksigner stdout: Signer #1 certificate DN: C=US, O=Android, CN=Android Debug
Signer #1 certificate SHA-256 digest: 67f24a8580c5a51a486665d8ba424e0a1e6cbc50cad62510203bb081528e5462
Signer #1 certificate SHA-1 digest: ff35ac25c5e0d7c01417b9c5caf03eb91b1b8b46
Signer #1 certificate MD5 digest: 751bac5bd0777c9b9a879825e99a4112

&amp#27;[38;5;111m[522a5c58]&amp#27;[0m&amp#27;[38;5;229m[ADB]&amp#27;[0m 'G:\Automation Projects\testriq\src\main\java\apps\mda-2.2.0-25.apk' is signed with a non-default certificate
&amp#27;[38;5;111m[522a5c58]&amp#27;[0m&amp#27;[38;5;229m[ADB]&amp#27;[0m Getting package info for 'com.saucelabs.mydemoapp.android'
&amp#27;[38;5;111m[522a5c58]&amp#27;[0m&amp#27;[38;5;229m[ADB]&amp#27;[0m Running 'C:\Users\Testriq\AppData\Local\Android\Sdk\platform-tools\adb.exe -P 5037 -s 2A131FDH200HX6 shell dumpsys package com.saucelabs.mydemoapp.android'
&amp#27;[38;5;111m[522a5c58]&amp#27;[0m&amp#27;[38;5;229m[ADB]&amp#27;[0m Reading package manifest: 'C:\\Users\\Testriq\\AppData\\Local\\Android\\Sdk\\build-tools\\34.0.0\\aapt2.exe dump badging 'G:\\Automation Projects\\testriq\\src\\main\\java\\apps\\mda-2.2.0-25.apk''
&amp#27;[38;5;111m[522a5c58]&amp#27;[0m&amp#27;[38;5;229m[ADB]&amp#27;[0m The version name of the installed 'com.saucelabs.mydemoapp.android' is greater or equal to the application version name ('2.2.0' >= '2.2.0')
&amp#27;[38;5;111m[522a5c58]&amp#27;[0m&amp#27;[38;5;229m[ADB]&amp#27;[0m There is no need to install/upgrade 'G:\Automation Projects\testriq\src\main\java\apps\mda-2.2.0-25.apk'
&amp#27;[38;5;111m[522a5c58]&amp#27;[0m&amp#27;[38;5;-101m[AndroidUiautomator2Driver@f0e9]&amp#27;[0m Performing fast reset on 'com.saucelabs.mydemoapp.android'
&amp#27;[38;5;111m[522a5c58]&amp#27;[0m&amp#27;[38;5;229m[ADB]&amp#27;[0m Getting install status for com.saucelabs.mydemoapp.android
&amp#27;[38;5;111m[522a5c58]&amp#27;[0m&amp#27;[38;5;229m[ADB]&amp#27;[0m Running 'C:\Users\Testriq\AppData\Local\Android\Sdk\platform-tools\adb.exe -P 5037 -s 2A131FDH200HX6 shell cmd package list packages'
&amp#27;[38;5;111m[522a5c58]&amp#27;[0m&amp#27;[38;5;229m[ADB]&amp#27;[0m 'com.saucelabs.mydemoapp.android' is installed
&amp#27;[38;5;111m[522a5c58]&amp#27;[0m&amp#27;[38;5;229m[ADB]&amp#27;[0m Running 'C:\Users\Testriq\AppData\Local\Android\Sdk\platform-tools\adb.exe -P 5037 -s 2A131FDH200HX6 shell am force-stop com.saucelabs.mydemoapp.android'
&amp#27;[38;5;111m[522a5c58]&amp#27;[0m&amp#27;[38;5;229m[ADB]&amp#27;[0m Running 'C:\Users\Testriq\AppData\Local\Android\Sdk\platform-tools\adb.exe -P 5037 -s 2A131FDH200HX6 shell pm clear com.saucelabs.mydemoapp.android'
&amp#27;[38;5;111m[522a5c58]&amp#27;[0m&amp#27;[38;5;229m[ADB]&amp#27;[0m Running 'C:\Users\Testriq\AppData\Local\Android\Sdk\platform-tools\adb.exe -P 5037 -s 2A131FDH200HX6 shell dumpsys package com.saucelabs.mydemoapp.android'
&amp#27;[38;5;111m[522a5c58]&amp#27;[0m&amp#27;[38;5;229m[ADB]&amp#27;[0m Retrieving requested permissions
&amp#27;[38;5;111m[522a5c58]&amp#27;[0m&amp#27;[38;5;229m[ADB]&amp#27;[0m Retrieved 30 permissions from requested group
&amp#27;[38;5;111m[522a5c58]&amp#27;[0m&amp#27;[38;5;229m[ADB]&amp#27;[0m Retrieving granted permissions
&amp#27;[38;5;111m[522a5c58]&amp#27;[0m&amp#27;[38;5;229m[ADB]&amp#27;[0m Retrieved 5 permissions from install,runtime groups
&amp#27;[38;5;111m[522a5c58]&amp#27;[0m&amp#27;[38;5;229m[ADB]&amp#27;[0m Granting permissions ["android.permission.POST_NOTIFICATIONS","android.permission.ACCESS_FINE_LOCATION","android.permission.READ_MEDIA_VISUAL_USER_SELECTED","android.permission.READ_EXTERNAL_STORAGE","android.permission.ACCESS_COARSE_LOCATION","android.permission.READ_MEDIA_IMAGES","android.permission.CAMERA","android.permission.READ_MEDIA_AUDIO","android.permission.READ_MEDIA_VIDEO","android.permission.WRITE_EXTERNAL_STORAGE","android.permission.POST_NOTIFICATIONS","android.permission.ACCESS_FINE_LOCATION","android.permission.READ_MEDIA_VISUAL_USER_SELECTED","android.permission.READ_EXTERNAL_STORAGE","android.permission.ACCESS_COARSE_LOCATION","android.permission.READ_MEDIA_IMAGES","android.permission.CAMERA","android.permission.READ_MEDIA_AUDIO","android.permission.READ_MEDIA_VIDEO","android.permission.WRITE_EXTERNAL_STORAGE"] to 'com.saucelabs.mydemoapp.android'
&amp#27;[38;5;111m[522a5c58]&amp#27;[0m&amp#27;[38;5;229m[ADB]&amp#27;[0m Got the following command chunks to execute: [["pm","grant","com.saucelabs.mydemoapp.android","android.permission.POST_NOTIFICATIONS",";","pm","grant","com.saucelabs.mydemoapp.android","android.permission.ACCESS_FINE_LOCATION",";","pm","grant","com.saucelabs.mydemoapp.android","android.permission.READ_MEDIA_VISUAL_USER_SELECTED",";","pm","grant","com.saucelabs.mydemoapp.android","android.permission.READ_EXTERNAL_STORAGE",";","pm","grant","com.saucelabs.mydemoapp.android","android.permission.ACCESS_COARSE_LOCATION",";","pm","grant","com.saucelabs.mydemoapp.android","android.permission.READ_MEDIA_IMAGES",";","pm","grant","com.saucelabs.mydemoapp.android","android.permission.CAMERA",";","pm","grant","com.saucelabs.mydemoapp.android","android.permission.READ_MEDIA_AUDIO",";","pm","grant","com.saucelabs.mydemoapp.android","android.permission.READ_MEDIA_VIDEO",";","pm","grant","com.saucelabs.mydemoapp.android","android.permission.WRITE_EXTERNAL_STORAGE",";","pm","grant","com.saucelabs.mydemoapp.android","android.permission.POST_NOTIFICATIONS",";","pm","grant","com.saucelabs.mydemoapp.android","android.permission.ACCESS_FINE_LOCATION",";"],["pm","grant","com.saucelabs.mydemoapp.android","android.permission.READ_MEDIA_VISUAL_USER_SELECTED",";","pm","grant","com.saucelabs.mydemoapp.android","android.permission.READ_EXTERNAL_STORAGE",";","pm","grant","com.saucelabs.mydemoapp.android","android.permission.ACCESS_COARSE_LOCATION",";","pm","grant","com.saucelabs.mydemoapp.android","android.permission.READ_MEDIA_IMAGES",";","pm","grant","com.saucelabs.mydemoapp.android","android.permission.CAMERA",";","pm","grant","com.saucelabs.mydemoapp.android","android.permission.READ_MEDIA_AUDIO",";","pm","grant","com.saucelabs.mydemoapp.android","android.permission.READ_MEDIA_VIDEO",";","pm","grant","com.saucelabs.mydemoapp.android","android.permission.WRITE_EXTERNAL_STORAGE",";"]]
&amp#27;[38;5;111m[522a5c58]&amp#27;[0m&amp#27;[38;5;229m[ADB]&amp#27;[0m Running 'C:\Users\Testriq\AppData\Local\Android\Sdk\platform-tools\adb.exe -P 5037 -s 2A131FDH200HX6 shell pm grant com.saucelabs.mydemoapp.android android.permission.POST_NOTIFICATIONS ; pm grant com.saucelabs.mydemoapp.android android.permission.ACCESS_FINE_LOCATION ; pm grant com.saucelabs.mydemoapp.android android.permission.READ_MEDIA_VISUAL_USER_SELECTED ; pm grant com.saucelabs.mydemoapp.android android.permission.READ_EXTERNAL_STORAGE ; pm grant com.saucelabs.mydemoapp.android android.permission.ACCESS_COARSE_LOCATION ; pm grant com.saucelabs.mydemoapp.android android.permission.READ_MEDIA_IMAGES ; pm grant com.saucelabs.mydemoapp.android android.permission.CAMERA ; pm grant com.saucelabs.mydemoapp.android android.permission.READ_MEDIA_AUDIO ; pm grant com.saucelabs.mydemoapp.android android.permission.READ_MEDIA_VIDEO ; pm grant com.saucelabs.mydemoapp.android android.permission.WRITE_EXTERNAL_STORAGE ; pm grant com.saucelabs.mydemoapp.android android.permission.POST_NOTIFICATIONS ; pm grant com.saucelabs.mydemoapp.android android.permission.ACCESS_FINE_LOCATION ;'
&amp#27;[38;5;111m[522a5c58]&amp#27;[0m&amp#27;[38;5;229m[ADB]&amp#27;[0m Running 'C:\Users\Testriq\AppData\Local\Android\Sdk\platform-tools\adb.exe -P 5037 -s 2A131FDH200HX6 shell pm grant com.saucelabs.mydemoapp.android android.permission.READ_MEDIA_VISUAL_USER_SELECTED ; pm grant com.saucelabs.mydemoapp.android android.permission.READ_EXTERNAL_STORAGE ; pm grant com.saucelabs.mydemoapp.android android.permission.ACCESS_COARSE_LOCATION ; pm grant com.saucelabs.mydemoapp.android android.permission.READ_MEDIA_IMAGES ; pm grant com.saucelabs.mydemoapp.android android.permission.CAMERA ; pm grant com.saucelabs.mydemoapp.android android.permission.READ_MEDIA_AUDIO ; pm grant com.saucelabs.mydemoapp.android android.permission.READ_MEDIA_VIDEO ; pm grant com.saucelabs.mydemoapp.android android.permission.WRITE_EXTERNAL_STORAGE ;'
&amp#27;[38;5;111m[522a5c58]&amp#27;[0m&amp#27;[38;5;-101m[AndroidUiautomator2Driver@f0e9]&amp#27;[0m Performed fast reset on the installed 'com.saucelabs.mydemoapp.android' application (stop and clear)
&amp#27;[38;5;111m[522a5c58]&amp#27;[0m&amp#27;[38;5;-101m[AndroidUiautomator2Driver@f0e9]&amp#27;[0m Performing shallow cleanup of automation leftovers
&amp#27;[38;5;111m[522a5c58]&amp#27;[0m&amp#27;[38;5;-101m[AndroidUiautomator2Driver@f0e9]&amp#27;[0m No obsolete sessions have been detected (socket hang up)
&amp#27;[38;5;111m[522a5c58]&amp#27;[0m&amp#27;[38;5;229m[ADB]&amp#27;[0m Running 'C:\Users\Testriq\AppData\Local\Android\Sdk\platform-tools\adb.exe -P 5037 -s 2A131FDH200HX6 shell am force-stop io.appium.uiautomator2.server'
&amp#27;[38;5;111m[522a5c58]&amp#27;[0m&amp#27;[38;5;229m[ADB]&amp#27;[0m Running 'C:\Users\Testriq\AppData\Local\Android\Sdk\platform-tools\adb.exe -P 5037 -s 2A131FDH200HX6 shell am force-stop io.appium.uiautomator2.server.test'
&amp#27;[38;5;111m[522a5c58]&amp#27;[0m&amp#27;[38;5;-101m[AndroidUiautomator2Driver@f0e9]&amp#27;[0m Starting UIAutomator2 server 7.0.25
&amp#27;[38;5;111m[522a5c58]&amp#27;[0m&amp#27;[38;5;-101m[AndroidUiautomator2Driver@f0e9]&amp#27;[0m Using UIAutomator2 server from 'C:\Users\Testriq\.appium\node_modules\appium-uiautomator2-driver\node_modules\appium-uiautomator2-server\apks\appium-uiautomator2-server-v7.0.25.apk' and test from 'C:\Users\Testriq\.appium\node_modules\appium-uiautomator2-driver\node_modules\appium-uiautomator2-server\apks\appium-uiautomator2-server-debug-androidTest.apk'
&amp#27;[38;5;111m[522a5c58]&amp#27;[0m&amp#27;[38;5;-101m[AndroidUiautomator2Driver@f0e9]&amp#27;[0m Waiting up to 30000ms for UiAutomator2 to be online...
&amp#27;[38;5;111m[522a5c58]&amp#27;[0m&amp#27;[38;5;229m[ADB]&amp#27;[0m Creating ADB subprocess with args: ["-P","5037","-s","2A131FDH200HX6","shell","am","instrument","-w","-e","disableAnalytics","true","io.appium.uiautomator2.server.test/androidx.test.runner.AndroidJUnitRunner"]
&amp#27;[38;5;111m[522a5c58]&amp#27;[0m&amp#27;[38;5;-101m[AndroidUiautomator2Driver@f0e9]&amp#27;[0m Matched '/status' to command name 'getStatus'
&amp#27;[38;5;111m[522a5c58]&amp#27;[0m&amp#27;[38;5;-101m[AndroidUiautomator2Driver@f0e9]&amp#27;[0m Proxying [GET /status] to [GET http://127.0.0.1:8200/status] with no body
&amp#27;[38;5;111m[522a5c58]&amp#27;[0m&amp#27;[38;5;-101m[AndroidUiautomator2Driver@f0e9]&amp#27;[0m socket hang up
&amp#27;[38;5;111m[522a5c58]&amp#27;[0m&amp#27;[38;5;-101m[AndroidUiautomator2Driver@f0e9]&amp#27;[0m [Instrumentation] 
&amp#27;[38;5;111m[522a5c58]&amp#27;[0m&amp#27;[38;5;-101m[AndroidUiautomator2Driver@f0e9]&amp#27;[0m Matched '/status' to command name 'getStatus'
&amp#27;[38;5;111m[522a5c58]&amp#27;[0m&amp#27;[38;5;-101m[AndroidUiautomator2Driver@f0e9]&amp#27;[0m Proxying [GET /status] to [GET http://127.0.0.1:8200/status] with no body
&amp#27;[38;5;111m[522a5c58]&amp#27;[0m&amp#27;[38;5;-101m[AndroidUiautomator2Driver@f0e9]&amp#27;[0m socket hang up
&amp#27;[38;5;111m[522a5c58]&amp#27;[0m&amp#27;[38;5;-101m[AndroidUiautomator2Driver@f0e9]&amp#27;[0m Matched '/status' to command name 'getStatus'
&amp#27;[38;5;111m[522a5c58]&amp#27;[0m&amp#27;[38;5;-101m[AndroidUiautomator2Driver@f0e9]&amp#27;[0m Proxying [GET /status] to [GET http://127.0.0.1:8200/status] with no body
&amp#27;[38;5;111m[522a5c58]&amp#27;[0m&amp#27;[38;5;-101m[AndroidUiautomator2Driver@f0e9]&amp#27;[0m Got response with status 200: {"sessionId":"None","value":{"message":"UiAutomator2 Server is ready to accept commands","ready":true}}
&amp#27;[38;5;111m[522a5c58]&amp#27;[0m&amp#27;[38;5;-101m[AndroidUiautomator2Driver@f0e9]&amp#27;[0m The initialization of the instrumentation process took 2142ms
&amp#27;[38;5;111m[522a5c58]&amp#27;[0m&amp#27;[38;5;-101m[AndroidUiautomator2Driver@f0e9]&amp#27;[0m Matched '/session' to command name 'createSession'
&amp#27;[38;5;111m[522a5c58]&amp#27;[0m&amp#27;[38;5;-101m[AndroidUiautomator2Driver@f0e9]&amp#27;[0m Proxying [POST /session] to [POST http://127.0.0.1:8200/session] with body: {"capabilities":{"firstMatch":[{"platformName":"ANDROID","appPackage":"com.saucelabs.mydemoapp.android","autoGrantPermissions":true,"deviceName":"2A131FDH200HX6","app":"G:\\Automation Projects\\testriq\\src\\main\\java\\apps\\mda-2.2.0-25.apk","appActivity":"com.saucelabs.mydemoapp.android.view.activities.SplashActivity","automationName":"UIAutomator2","platform":"LINUX","webStorageEnabled":false,"takesScreenshot":true,"javascriptEnabled":true,"databaseEnabled":false,"networkConnectionEnabled":true,"locationContextEnabled":false,"warnings":{},"desired":{"platformName":"ANDROID","appPackage":"com.saucelabs.mydemoapp.android","autoGrantPermissions":true,"deviceName":"AndroidDeviceName","app":"G:\\Automation Projects\\testriq\\src\\main\\java\\apps\\mda-2.2.0-25.apk","appActivity":"com.saucelabs.mydemoapp.android.view.activities.SplashActivity","automationName":"UIAutomator2"},"deviceUDID":"2A131FDH200HX6"}],"alwaysMatch":{}}}
&amp#27;[38;5;111m[522a5c58]&amp#27;[0m&amp#27;[38;5;-101m[AndroidUiautomator2Driver@f0e9]&amp#27;[0m Got response with status 200: {"sessionId":"315138d3-36b4-408a-9230-02bc3d8371a0","value":{"capabilities":{"firstMatch":[{"platformName":"ANDROID","appPackage":"com.saucelabs.mydemoapp.android","autoGrantPermissions":true,"deviceName":"2A131FDH200HX6","app":"G:\\Automation Projects\\testriq\\src\\main\\java\\apps\\mda-2.2.0-25.apk","appActivity":"com.saucelabs.mydemoapp.android.view.activities.SplashActivity","automationName":"UIAutomator2","platform":"LINUX","webStorageEnabled":false,"takesScreenshot":true,"javascriptEnabled":true,"databaseEnabled":false,"networkConnectionEnabled":true,"locationContextEnabled":false,"warnings":{},"desired":{"platformName":"ANDROID","appPackage":"com.saucelabs.mydemoapp.android","autoGrantPermissions":true,"deviceName":"AndroidDeviceName","app":"G:\\Automation Projects\\testriq\\src\\main\\java\\apps\\mda-2.2.0-25.apk","appActivity":"com.saucelabs.mydemoapp.android.view.activities.SplashActivity","automationName":"UIAutomator2"},"deviceUDID":"2A131FDH200HX6"}],"alwaysMatch":{}},"sessionId":"315138d3-36...
&amp#27;[38;5;111m[522a5c58]&amp#27;[0m&amp#27;[38;5;-101m[AndroidUiautomator2Driver@f0e9]&amp#27;[0m Determined the downstream protocol as 'W3C'
&amp#27;[38;5;111m[522a5c58]&amp#27;[0m&amp#27;[38;5;-101m[AndroidUiautomator2Driver@f0e9]&amp#27;[0m Proxying [GET /appium/device/pixel_ratio] to [GET http://127.0.0.1:8200/session/315138d3-36b4-408a-9230-02bc3d8371a0/appium/device/pixel_ratio] with no body
&amp#27;[38;5;111m[522a5c58]&amp#27;[0m&amp#27;[38;5;-101m[AndroidUiautomator2Driver@f0e9]&amp#27;[0m Matched '/appium/device/system_bars' to command name 'getSystemBars'
&amp#27;[38;5;111m[522a5c58]&amp#27;[0m&amp#27;[38;5;-101m[AndroidUiautomator2Driver@f0e9]&amp#27;[0m Proxying [GET /appium/device/system_bars] to [GET http://127.0.0.1:8200/session/315138d3-36b4-408a-9230-02bc3d8371a0/appium/device/system_bars] with no body
&amp#27;[38;5;111m[522a5c58]&amp#27;[0m&amp#27;[38;5;-101m[AndroidUiautomator2Driver@f0e9]&amp#27;[0m Matched '/window/current/size' to command name 'getWindowSize'
&amp#27;[38;5;111m[522a5c58]&amp#27;[0m&amp#27;[38;5;-101m[AndroidUiautomator2Driver@f0e9]&amp#27;[0m Proxying [GET /window/current/size] to [GET http://127.0.0.1:8200/session/315138d3-36b4-408a-9230-02bc3d8371a0/window/current/size] with no body
&amp#27;[38;5;111m[522a5c58]&amp#27;[0m&amp#27;[38;5;-101m[AndroidUiautomator2Driver@f0e9]&amp#27;[0m Proxying [GET /appium/device/info] to [GET http://127.0.0.1:8200/session/315138d3-36b4-408a-9230-02bc3d8371a0/appium/device/info] with no body
&amp#27;[38;5;111m[522a5c58]&amp#27;[0m&amp#27;[38;5;229m[ADB]&amp#27;[0m Running 'C:\Users\Testriq\AppData\Local\Android\Sdk\platform-tools\adb.exe -P 5037 -s 2A131FDH200HX6 shell dumpsys window'
&amp#27;[38;5;111m[522a5c58]&amp#27;[0m&amp#27;[38;5;229m[ADB]&amp#27;[0m Running 'C:\Users\Testriq\AppData\Local\Android\Sdk\platform-tools\adb.exe -P 5037 -s 2A131FDH200HX6 shell dumpsys power'
&amp#27;[38;5;111m[522a5c58]&amp#27;[0m&amp#27;[38;5;-101m[AndroidUiautomator2Driver@f0e9]&amp#27;[0m Got response with status 200: {"sessionId":"315138d3-36b4-408a-9230-02bc3d8371a0","value":2.2250001}
&amp#27;[38;5;111m[522a5c58]&amp#27;[0m&amp#27;[38;5;-101m[AndroidUiautomator2Driver@f0e9]&amp#27;[0m Got response with status 200: {"sessionId":"315138d3-36b4-408a-9230-02bc3d8371a0","value":{"statusBar":136}}
&amp#27;[38;5;111m[522a5c58]&amp#27;[0m&amp#27;[38;5;-101m[AndroidUiautomator2Driver@f0e9]&amp#27;[0m Got response with status 200: {"sessionId":"315138d3-36b4-408a-9230-02bc3d8371a0","value":{"height":2400,"width":1080}}
&amp#27;[38;5;111m[522a5c58]&amp#27;[0m&amp#27;[38;5;-101m[AndroidUiautomator2Driver@f0e9]&amp#27;[0m Got response with status 200: {"sessionId":"315138d3-36b4-408a-9230-02bc3d8371a0","value":{"androidId":"7781aa28ec4e674f","apiVersion":"35","bluetooth":{"state":"ON"},"brand":"google","carrierName":"","displayDensity":356,"locale":"en_US","manufacturer":"Google","model":"Pixel 7","networks":[{"capabilities":{"SSID":null,"linkDownBandwidthKbps":29972,"linkUpstreamBandwidthKbps":24945,"networkCapabilities":"NET_CAPABILITY_NOT_METERED,NET_CAPABILITY_INTERNET,NET_CAPABILITY_NOT_RESTRICTED,NET_CAPABILITY_TRUSTED,NET_CAPABILITY_NOT_VPN,NET_CAPABILITY_VALIDATED,NET_CAPABILITY_NOT_ROAMING,NET_CAPABILITY_FOREGROUND,NET_CAPABILITY_NOT_CONGESTED,NET_CAPABILITY_NOT_SUSPENDED","signalStrength":-61,"transportTypes":"TRANSPORT_WIFI"},"detailedState":"CONNECTED","extraInfo":"","isAvailable":true,"isConnected":true,"isFailover":false,"isRoaming":false,"state":"CONNECTED","subtype":-1,"subtypeName":"","type":1,"typeName":"WIFI"}],"platformVersion":"15","realDisplaySize":"1080x2400","timeZone":"Asia/Kolkata"}}
&amp#27;[38;5;111m[522a5c58]&amp#27;[0m&amp#27;[38;5;-101m[AndroidUiautomator2Driver@f0e9]&amp#27;[0m Screen already unlocked, doing nothing
&amp#27;[38;5;111m[522a5c58]&amp#27;[0m&amp#27;[38;5;-101m[AndroidUiautomator2Driver@f0e9]&amp#27;[0m Starting 'com.saucelabs.mydemoapp.android/com.saucelabs.mydemoapp.android.view.activities.SplashActivity and waiting for 'com.saucelabs.mydemoapp.android/com.saucelabs.mydemoapp.android.view.activities.SplashActivity'
&amp#27;[38;5;111m[522a5c58]&amp#27;[0m&amp#27;[38;5;229m[ADB]&amp#27;[0m Running 'C:\Users\Testriq\AppData\Local\Android\Sdk\platform-tools\adb.exe -P 5037 -s 2A131FDH200HX6 shell am start -W -n com.saucelabs.mydemoapp.android/com.saucelabs.mydemoapp.android.view.activities.SplashActivity -S -a android.intent.action.MAIN -c android.intent.category.LAUNCHER -f 0x10200000'
&amp#27;[38;5;111m[522a5c58]&amp#27;[0m&amp#27;[38;5;23m[AppiumDriver@398a]&amp#27;[0m New AndroidUiautomator2Driver session created successfully, session 522a5c58-3aec-4350-9d19-37fd7519db1f added to master session list
&amp#27;[38;5;111m[522a5c58]&amp#27;[0m&amp#27;[38;5;23m[AppiumDriver@398a]&amp#27;[0m Event 'newSessionStarted' logged at 1737019518775 (14:55:18 GMT+0530 (India Standard Time))
&amp#27;[38;5;111m[522a5c58]&amp#27;[0m&amp#27;[38;5;-101m[AndroidUiautomator2Driver@f0e9]&amp#27;[0m Cached the protocol value 'W3C' for the new session 522a5c58-3aec-4350-9d19-37fd7519db1f
&amp#27;[38;5;111m[522a5c58]&amp#27;[0m&amp#27;[38;5;-101m[AndroidUiautomator2Driver@f0e9]&amp#27;[0m Responding to client with driver.createSession() result: {"capabilities":{"platformName":"ANDROID","appPackage":"com.saucelabs.mydemoapp.android","autoGrantPermissions":true,"deviceName":"2A131FDH200HX6","app":"G:\\Automation Projects\\testriq\\src\\main\\java\\apps\\mda-2.2.0-25.apk","appActivity":"com.saucelabs.mydemoapp.android.view.activities.SplashActivity","automationName":"UIAutomator2","platform":"LINUX","webStorageEnabled":false,"takesScreenshot":true,"javascriptEnabled":true,"databaseEnabled":false,"networkConnectionEnabled":true,"locationContextEnabled":false,"warnings":{},"desired":{"platformName":"ANDROID","appPackage":"com.saucelabs.mydemoapp.android","autoGrantPermissions":true,"deviceName":"AndroidDeviceName","app":"G:\\Automation Projects\\testriq\\src\\main\\java\\apps\\mda-2.2.0-25.apk","appActivity":"com.saucelabs.mydemoapp.android.view.activities.SplashActivity","automationName":"UIAutomator2"},"deviceUDID":"2A131FDH200HX6","pixelRatio":"2.2250001","statBarHeight":136,"viewportRect":{"left":0,"top":136,"width":1080,"height":2264},"deviceApiL...
&amp#27;[38;5;111m[522a5c58]&amp#27;[0m&amp#27;[38;5;86m[HTTP]&amp#27;[0m &amp#27;[37m<-- POST /session &amp#27;[39m&amp#27;[32m200&amp#27;[39m &amp#27;[90m7100 ms - 1226&amp#27;[39m &amp#27;[90m&amp#27;[39m
&amp#27;[38;5;86m[HTTP]&amp#27;[0m &amp#27;[37m-->&amp#27;[39m &amp#27;[37mGET&amp#27;[39m &amp#27;[37m/status&amp#27;[39m &amp#27;[90m{}&amp#27;[39m
&amp#27;[38;5;23m[AppiumDriver@398a]&amp#27;[0m Calling AppiumDriver.getStatus() with args: []
&amp#27;[38;5;23m[AppiumDriver@398a]&amp#27;[0m Responding to client with driver.getStatus() result: {"ready":true,"message":"The server is ready to accept new connections","build":{"version":"2.11.5","git-sha":"4eddc999c5d9b705e7356152d2d5953a0dda3720","built":"2024-10-09 17:32:11 +0530"}}
&amp#27;[38;5;86m[HTTP]&amp#27;[0m &amp#27;[37m<-- GET /status &amp#27;[39m&amp#27;[32m200&amp#27;[39m &amp#27;[90m1 ms - 200&amp#27;[39m &amp#27;[90m&amp#27;[39m
&amp#27;[38;5;86m[HTTP]&amp#27;[0m Request idempotency key: cb90edf7-7b4f-456b-9617-2c28d394fda4
&amp#27;[38;5;86m[HTTP]&amp#27;[0m &amp#27;[37m-->&amp#27;[39m &amp#27;[37mPOST&amp#27;[39m &amp#27;[37m/session&amp#27;[39m &amp#27;[90m{"capabilities":{"firstMatch":[{}],"alwaysMatch":{"appium:appPackage":"com.saucelabs.mydemoapp.android","appium:autoGrantPermissions":true,"appium:deviceName":"AndroidDeviceName","appium:app":"G:\\Automation Projects\\testriq\\src\\main\\java\\apps\\mda-2.2.0-25.apk","appium:appActivity":"com.saucelabs.mydemoapp.android.view.activities.SplashActivity","platformName":"ANDROID","appium:automationName":"UIAutomator2"}}}&amp#27;[39m
&amp#27;[38;5;23m[AppiumDriver@398a]&amp#27;[0m Calling AppiumDriver.createSession() with args: [null,null,{"firstMatch":[{}],"alwaysMatch":{"appium:appPackage":"com.saucelabs.mydemoapp.android","appium:autoGrantPermissions":true,"appium:deviceName":"AndroidDeviceName","appium:app":"G:\\Automation Projects\\testriq\\src\\main\\java\\apps\\mda-2.2.0-25.apk","appium:appActivity":"com.saucelabs.mydemoapp.android.view.activities.SplashActivity","platformName":"ANDROID","appium:automationName":"UIAutomator2"}}]
&amp#27;[38;5;23m[AppiumDriver@398a]&amp#27;[0m Event 'newSessionRequested' logged at 1737019518892 (14:55:18 GMT+0530 (India Standard Time))
&amp#27;[38;5;112m[Appium]&amp#27;[0m Attempting to find matching driver for automationName 'UIAutomator2' and platformName 'ANDROID'
&amp#27;[38;5;112m[Appium]&amp#27;[0m The 'uiautomator2' driver was installed and matched caps.
&amp#27;[38;5;112m[Appium]&amp#27;[0m Will require it at C:\Users\Testriq\.appium\node_modules\appium-uiautomator2-driver
&amp#27;[38;5;112m[Appium]&amp#27;[0m Requiring driver at C:\Users\Testriq\.appium\node_modules\appium-uiautomator2-driver\build\index.js
&amp#27;[38;5;23m[AppiumDriver@398a]&amp#27;[0m Appium v2.11.5 creating new AndroidUiautomator2Driver (v3.8.0) session
&amp#27;[38;5;23m[AppiumDriver@398a]&amp#27;[0m Checking BaseDriver versions for Appium and AndroidUiautomator2Driver
&amp#27;[38;5;23m[AppiumDriver@398a]&amp#27;[0m Appium's BaseDriver version is 9.11.5
&amp#27;[38;5;23m[AppiumDriver@398a]&amp#27;[0m AndroidUiautomator2Driver's BaseDriver version is 9.11.5
&amp#27;[38;5;-102m[AndroidUiautomator2Driver@32f8]&amp#27;[0m 
&amp#27;[38;5;-102m[AndroidUiautomator2Driver@32f8]&amp#27;[0m Creating session with W3C capabilities: {
  "alwaysMatch": {
    "platformName": "ANDROID",
    "appium:appPackage": "com.saucelabs.mydemoapp.android",
    "appium:autoGrantPermissions": true,
    "appium:deviceName": "AndroidDeviceName",
    "appium:app": "G:\\Automation Projects\\testriq\\src\\main\\java\\apps\\mda-2.2.0-25.apk",
    "appium:appActivity": "com.saucelabs.mydemoapp.android.view.activities.SplashActivity",
    "appium:automationName": "UIAutomator2"
  },
  "firstMatch": [
    {}
  ]
}
&amp#27;[38;5;195m[ede007ff]&amp#27;[0m&amp#27;[38;5;-102m[AndroidUiautomator2Driver@32f8]&amp#27;[0m Session created with session id: ede007ff-9ece-46cb-b5cc-6fcb91d90dcc
&amp#27;[38;5;195m[ede007ff]&amp#27;[0m&amp#27;[38;5;229m[ADB]&amp#27;[0m Using 'adb.exe' from 'C:\Users\Testriq\AppData\Local\Android\Sdk\platform-tools\adb.exe'
&amp#27;[38;5;195m[ede007ff]&amp#27;[0m&amp#27;[38;5;229m[ADB]&amp#27;[0m Running 'C:\Users\Testriq\AppData\Local\Android\Sdk\platform-tools\adb.exe -P 5037 start-server'
&amp#27;[38;5;195m[ede007ff]&amp#27;[0m&amp#27;[38;5;-102m[AndroidUiautomator2Driver@32f8]&amp#27;[0m Retrieving device list
&amp#27;[38;5;195m[ede007ff]&amp#27;[0m&amp#27;[38;5;229m[ADB]&amp#27;[0m Trying to find connected Android devices
&amp#27;[38;5;195m[ede007ff]&amp#27;[0m&amp#27;[38;5;229m[ADB]&amp#27;[0m Getting connected devices
&amp#27;[38;5;195m[ede007ff]&amp#27;[0m&amp#27;[38;5;229m[ADB]&amp#27;[0m Connected devices: [{"udid":"2A131FDH200HX6","state":"device"}]
&amp#27;[38;5;195m[ede007ff]&amp#27;[0m&amp#27;[38;5;-102m[AndroidUiautomator2Driver@32f8]&amp#27;[0m Using device: 2A131FDH200HX6
&amp#27;[38;5;195m[ede007ff]&amp#27;[0m&amp#27;[38;5;229m[ADB]&amp#27;[0m Using 'adb.exe' from 'C:\Users\Testriq\AppData\Local\Android\Sdk\platform-tools\adb.exe'
&amp#27;[38;5;195m[ede007ff]&amp#27;[0m&amp#27;[38;5;229m[ADB]&amp#27;[0m Running 'C:\Users\Testriq\AppData\Local\Android\Sdk\platform-tools\adb.exe -P 5037 start-server'
&amp#27;[38;5;195m[ede007ff]&amp#27;[0m&amp#27;[38;5;229m[ADB]&amp#27;[0m Setting device id to 2A131FDH200HX6
&amp#27;[38;5;195m[ede007ff]&amp#27;[0m&amp#27;[38;5;123m[BaseDriver]&amp#27;[0m Using local app 'G:\Automation Projects\testriq\src\main\java\apps\mda-2.2.0-25.apk'
&amp#27;[38;5;195m[ede007ff]&amp#27;[0m&amp#27;[38;5;-102m[AndroidUiautomator2Driver@32f8]&amp#27;[0m Checking whether app is actually present
&amp#27;[38;5;195m[ede007ff]&amp#27;[0m&amp#27;[38;5;229m[ADB]&amp#27;[0m Running 'C:\Users\Testriq\AppData\Local\Android\Sdk\platform-tools\adb.exe -P 5037 -s 2A131FDH200HX6 shell getprop ro.build.version.sdk'
&amp#27;[38;5;195m[ede007ff]&amp#27;[0m&amp#27;[38;5;229m[ADB]&amp#27;[0m Current device property 'ro.build.version.sdk': 35
&amp#27;[38;5;195m[ede007ff]&amp#27;[0m&amp#27;[38;5;229m[ADB]&amp#27;[0m Getting device platform version
&amp#27;[38;5;195m[ede007ff]&amp#27;[0m&amp#27;[38;5;229m[ADB]&amp#27;[0m Running 'C:\Users\Testriq\AppData\Local\Android\Sdk\platform-tools\adb.exe -P 5037 -s 2A131FDH200HX6 shell getprop ro.build.version.release'
&amp#27;[38;5;195m[ede007ff]&amp#27;[0m&amp#27;[38;5;229m[ADB]&amp#27;[0m Current device property 'ro.build.version.release': 15
&amp#27;[38;5;195m[ede007ff]&amp#27;[0m&amp#27;[38;5;229m[ADB]&amp#27;[0m Device API level: 35
&amp#27;[38;5;195m[ede007ff]&amp#27;[0m&amp#27;[38;5;-102m[AndroidUiautomator2Driver@32f8]&amp#27;[0m Relaxing hidden api policy
&amp#27;[38;5;195m[ede007ff]&amp#27;[0m&amp#27;[38;5;229m[ADB]&amp#27;[0m Running 'C:\Users\Testriq\AppData\Local\Android\Sdk\platform-tools\adb.exe -P 5037 -s 2A131FDH200HX6 shell 'settings put global hidden_api_policy_pre_p_apps 1;settings put global hidden_api_policy_p_apps 1;settings put global hidden_api_policy 1''
&amp#27;[38;5;195m[ede007ff]&amp#27;[0m&amp#27;[38;5;-102m[AndroidUiautomator2Driver@32f8]&amp#27;[0m Pushing settings apk to the device...
&amp#27;[38;5;195m[ede007ff]&amp#27;[0m&amp#27;[38;5;229m[ADB]&amp#27;[0m Getting package info for 'io.appium.settings'
&amp#27;[38;5;195m[ede007ff]&amp#27;[0m&amp#27;[38;5;229m[ADB]&amp#27;[0m Running 'C:\Users\Testriq\AppData\Local\Android\Sdk\platform-tools\adb.exe -P 5037 -s 2A131FDH200HX6 shell dumpsys package io.appium.settings'
&amp#27;[38;5;195m[ede007ff]&amp#27;[0m&amp#27;[38;5;229m[ADB]&amp#27;[0m Using 'aapt2.exe' from 'C:\Users\Testriq\AppData\Local\Android\Sdk\build-tools\34.0.0\aapt2.exe'
&amp#27;[38;5;195m[ede007ff]&amp#27;[0m&amp#27;[38;5;229m[ADB]&amp#27;[0m Reading package manifest: 'C:\\Users\\Testriq\\AppData\\Local\\Android\\Sdk\\build-tools\\34.0.0\\aapt2.exe dump badging C:\\Users\\Testriq\\.appium\\node_modules\\appium-uiautomator2-driver\\node_modules\\io.appium.settings\\apks\\settings_apk-debug.apk'
&amp#27;[38;5;195m[ede007ff]&amp#27;[0m&amp#27;[38;5;229m[ADB]&amp#27;[0m The version name of the installed 'io.appium.settings' is greater or equal to the application version name ('5.12.13' >= '5.12.13')
&amp#27;[38;5;195m[ede007ff]&amp#27;[0m&amp#27;[38;5;229m[ADB]&amp#27;[0m There is no need to install/upgrade 'C:\Users\Testriq\.appium\node_modules\appium-uiautomator2-driver\node_modules\io.appium.settings\apks\settings_apk-debug.apk'
&amp#27;[38;5;195m[ede007ff]&amp#27;[0m&amp#27;[38;5;229m[ADB]&amp#27;[0m Running 'C:\Users\Testriq\AppData\Local\Android\Sdk\platform-tools\adb.exe -P 5037 -s 2A131FDH200HX6 shell dumpsys activity services io.appium.settings'
&amp#27;[38;5;195m[ede007ff]&amp#27;[0m&amp#27;[38;5;-102m[AndroidUiautomator2Driver@32f8]&amp#27;[0m io.appium.settings is already running. There is no need to reset its permissions.
&amp#27;[38;5;195m[ede007ff]&amp#27;[0m&amp#27;[38;5;160m[Logcat]&amp#27;[0m Starting logs capture with command: C:\\Users\\Testriq\\AppData\\Local\\Android\\Sdk\\platform-tools\\adb.exe -P 5037 -s 2A131FDH200HX6 logcat -v threadtime
&amp#27;[38;5;195m[ede007ff]&amp#27;[0m&amp#27;[38;5;229m[ADB]&amp#27;[0m Running 'C:\Users\Testriq\AppData\Local\Android\Sdk\platform-tools\adb.exe -P 5037 -s 2A131FDH200HX6 shell appops set io.appium.settings android:mock_location allow'
&amp#27;[38;5;195m[ede007ff]&amp#27;[0m&amp#27;[38;5;229m[ADB]&amp#27;[0m Running 'C:\Users\Testriq\AppData\Local\Android\Sdk\platform-tools\adb.exe -P 5037 -s 2A131FDH200HX6 shell "[ -e '/data/local/tmp/mock_apps.json' ] && echo __PASS__"'
&amp#27;[38;5;195m[ede007ff]&amp#27;[0m&amp#27;[38;5;229m[ADB]&amp#27;[0m Running 'C:\Users\Testriq\AppData\Local\Android\Sdk\platform-tools\adb.exe -P 5037 -s 2A131FDH200HX6 shell cat /data/local/tmp/mock_apps.json'
&amp#27;[38;5;195m[ede007ff]&amp#27;[0m&amp#27;[38;5;-102m[AndroidUiautomator2Driver@32f8]&amp#27;[0m Forwarding UiAutomator2 Server port 6790 to local port 8201
&amp#27;[38;5;195m[ede007ff]&amp#27;[0m&amp#27;[38;5;229m[ADB]&amp#27;[0m Forwarding system: 8201 to device: 6790
&amp#27;[38;5;195m[ede007ff]&amp#27;[0m&amp#27;[38;5;229m[ADB]&amp#27;[0m Running 'C:\Users\Testriq\AppData\Local\Android\Sdk\platform-tools\adb.exe -P 5037 -s 2A131FDH200HX6 forward tcp:8201 tcp:6790'
&amp#27;[38;5;195m[ede007ff]&amp#27;[0m&amp#27;[38;5;229m[ADB]&amp#27;[0m Getting package info for 'io.appium.uiautomator2.server'
&amp#27;[38;5;195m[ede007ff]&amp#27;[0m&amp#27;[38;5;229m[ADB]&amp#27;[0m Running 'C:\Users\Testriq\AppData\Local\Android\Sdk\platform-tools\adb.exe -P 5037 -s 2A131FDH200HX6 shell dumpsys package io.appium.uiautomator2.server'
&amp#27;[38;5;195m[ede007ff]&amp#27;[0m&amp#27;[38;5;229m[ADB]&amp#27;[0m Getting install status for io.appium.uiautomator2.server.test
&amp#27;[38;5;195m[ede007ff]&amp#27;[0m&amp#27;[38;5;229m[ADB]&amp#27;[0m Checking app cert for G:\Automation Projects\testriq\src\main\java\apps\mda-2.2.0-25.apk
&amp#27;[38;5;195m[ede007ff]&amp#27;[0m&amp#27;[38;5;229m[ADB]&amp#27;[0m Running 'C:\Users\Testriq\AppData\Local\Android\Sdk\platform-tools\adb.exe -P 5037 -s 2A131FDH200HX6 shell cmd package list packages'
&amp#27;[38;5;195m[ede007ff]&amp#27;[0m&amp#27;[38;5;229m[ADB]&amp#27;[0m Using the previously cached signature entry for 'mda-2.2.0-25.apk'
&amp#27;[38;5;195m[ede007ff]&amp#27;[0m&amp#27;[38;5;229m[ADB]&amp#27;[0m Getting package info for 'com.saucelabs.mydemoapp.android'
&amp#27;[38;5;195m[ede007ff]&amp#27;[0m&amp#27;[38;5;229m[ADB]&amp#27;[0m Running 'C:\Users\Testriq\AppData\Local\Android\Sdk\platform-tools\adb.exe -P 5037 -s 2A131FDH200HX6 shell dumpsys package com.saucelabs.mydemoapp.android'
&amp#27;[38;5;195m[ede007ff]&amp#27;[0m&amp#27;[38;5;229m[ADB]&amp#27;[0m Reading package manifest: 'C:\\Users\\Testriq\\AppData\\Local\\Android\\Sdk\\build-tools\\34.0.0\\aapt2.exe dump badging C:\\Users\\Testriq\\.appium\\node_modules\\appium-uiautomator2-driver\\node_modules\\appium-uiautomator2-server\\apks\\appium-uiautomator2-server-v7.0.25.apk'
&amp#27;[38;5;195m[ede007ff]&amp#27;[0m&amp#27;[38;5;229m[ADB]&amp#27;[0m 'io.appium.uiautomator2.server.test' is installed
&amp#27;[38;5;195m[ede007ff]&amp#27;[0m&amp#27;[38;5;229m[ADB]&amp#27;[0m The version name of the installed 'io.appium.uiautomator2.server' is greater or equal to the application version name ('7.0.25' >= '7.0.25')
&amp#27;[38;5;195m[ede007ff]&amp#27;[0m&amp#27;[38;5;-102m[AndroidUiautomator2Driver@32f8]&amp#27;[0m Server packages status: [{"installState":"sameVersionInstalled","appPath":"C:\\Users\\Testriq\\.appium\\node_modules\\appium-uiautomator2-driver\\node_modules\\appium-uiautomator2-server\\apks\\appium-uiautomator2-server-v7.0.25.apk","appId":"io.appium.uiautomator2.server"},{"installState":"sameVersionInstalled","appPath":"C:\\Users\\Testriq\\.appium\\node_modules\\appium-uiautomator2-driver\\node_modules\\appium-uiautomator2-server\\apks\\appium-uiautomator2-server-debug-androidTest.apk","appId":"io.appium.uiautomator2.server.test"}]
&amp#27;[38;5;195m[ede007ff]&amp#27;[0m&amp#27;[38;5;-102m[AndroidUiautomator2Driver@32f8]&amp#27;[0m Server packages are not going to be (re)installed
&amp#27;[38;5;195m[ede007ff]&amp#27;[0m&amp#27;[38;5;-102m[AndroidUiautomator2Driver@32f8]&amp#27;[0m Waiting up to 30000ms for services to be available
&amp#27;[38;5;195m[ede007ff]&amp#27;[0m&amp#27;[38;5;229m[ADB]&amp#27;[0m Running 'C:\Users\Testriq\AppData\Local\Android\Sdk\platform-tools\adb.exe -P 5037 -s 2A131FDH200HX6 shell pm list instrumentation'
&amp#27;[38;5;195m[ede007ff]&amp#27;[0m&amp#27;[38;5;229m[ADB]&amp#27;[0m Reading package manifest: 'C:\\Users\\Testriq\\AppData\\Local\\Android\\Sdk\\build-tools\\34.0.0\\aapt2.exe dump badging 'G:\\Automation Projects\\testriq\\src\\main\\java\\apps\\mda-2.2.0-25.apk''
&amp#27;[38;5;195m[ede007ff]&amp#27;[0m&amp#27;[38;5;-102m[AndroidUiautomator2Driver@32f8]&amp#27;[0m Instrumentation target 'io.appium.uiautomator2.server.test/androidx.test.runner.AndroidJUnitRunner' is available
&amp#27;[38;5;195m[ede007ff]&amp#27;[0m&amp#27;[38;5;229m[ADB]&amp#27;[0m Adding packages ["io.appium.settings","io.appium.uiautomator2.server","io.appium.uiautomator2.server.test"] to Doze whitelist
&amp#27;[38;5;195m[ede007ff]&amp#27;[0m&amp#27;[38;5;229m[ADB]&amp#27;[0m Got the following command chunks to execute: [["dumpsys","deviceidle","whitelist","+io.appium.settings",";","dumpsys","deviceidle","whitelist","+io.appium.uiautomator2.server",";","dumpsys","deviceidle","whitelist","+io.appium.uiautomator2.server.test",";"]]
&amp#27;[38;5;195m[ede007ff]&amp#27;[0m&amp#27;[38;5;229m[ADB]&amp#27;[0m Running 'C:\Users\Testriq\AppData\Local\Android\Sdk\platform-tools\adb.exe -P 5037 -s 2A131FDH200HX6 shell dumpsys deviceidle whitelist +io.appium.settings ; dumpsys deviceidle whitelist +io.appium.uiautomator2.server ; dumpsys deviceidle whitelist +io.appium.uiautomator2.server.test ;'
&amp#27;[38;5;195m[ede007ff]&amp#27;[0m&amp#27;[38;5;229m[ADB]&amp#27;[0m The version name of the installed 'com.saucelabs.mydemoapp.android' is greater or equal to the application version name ('2.2.0' >= '2.2.0')
&amp#27;[38;5;195m[ede007ff]&amp#27;[0m&amp#27;[38;5;229m[ADB]&amp#27;[0m There is no need to install/upgrade 'G:\Automation Projects\testriq\src\main\java\apps\mda-2.2.0-25.apk'
&amp#27;[38;5;195m[ede007ff]&amp#27;[0m&amp#27;[38;5;-102m[AndroidUiautomator2Driver@32f8]&amp#27;[0m Performing fast reset on 'com.saucelabs.mydemoapp.android'
&amp#27;[38;5;195m[ede007ff]&amp#27;[0m&amp#27;[38;5;229m[ADB]&amp#27;[0m Getting install status for com.saucelabs.mydemoapp.android
&amp#27;[38;5;195m[ede007ff]&amp#27;[0m&amp#27;[38;5;229m[ADB]&amp#27;[0m Running 'C:\Users\Testriq\AppData\Local\Android\Sdk\platform-tools\adb.exe -P 5037 -s 2A131FDH200HX6 shell cmd package list packages'
&amp#27;[38;5;195m[ede007ff]&amp#27;[0m&amp#27;[38;5;229m[ADB]&amp#27;[0m 'com.saucelabs.mydemoapp.android' is installed
&amp#27;[38;5;195m[ede007ff]&amp#27;[0m&amp#27;[38;5;229m[ADB]&amp#27;[0m Running 'C:\Users\Testriq\AppData\Local\Android\Sdk\platform-tools\adb.exe -P 5037 -s 2A131FDH200HX6 shell am force-stop com.saucelabs.mydemoapp.android'
&amp#27;[38;5;195m[ede007ff]&amp#27;[0m&amp#27;[38;5;229m[ADB]&amp#27;[0m Running 'C:\Users\Testriq\AppData\Local\Android\Sdk\platform-tools\adb.exe -P 5037 -s 2A131FDH200HX6 shell pm clear com.saucelabs.mydemoapp.android'
&amp#27;[38;5;195m[ede007ff]&amp#27;[0m&amp#27;[38;5;229m[ADB]&amp#27;[0m Running 'C:\Users\Testriq\AppData\Local\Android\Sdk\platform-tools\adb.exe -P 5037 -s 2A131FDH200HX6 shell dumpsys package com.saucelabs.mydemoapp.android'
&amp#27;[38;5;195m[ede007ff]&amp#27;[0m&amp#27;[38;5;229m[ADB]&amp#27;[0m Retrieving requested permissions
&amp#27;[38;5;195m[ede007ff]&amp#27;[0m&amp#27;[38;5;229m[ADB]&amp#27;[0m Retrieved 30 permissions from requested group
&amp#27;[38;5;195m[ede007ff]&amp#27;[0m&amp#27;[38;5;229m[ADB]&amp#27;[0m Retrieving granted permissions
&amp#27;[38;5;195m[ede007ff]&amp#27;[0m&amp#27;[38;5;229m[ADB]&amp#27;[0m Retrieved 5 permissions from install,runtime groups
&amp#27;[38;5;195m[ede007ff]&amp#27;[0m&amp#27;[38;5;229m[ADB]&amp#27;[0m Granting permissions ["android.permission.POST_NOTIFICATIONS","android.permission.ACCESS_FINE_LOCATION","android.permission.READ_MEDIA_VISUAL_USER_SELECTED","android.permission.READ_EXTERNAL_STORAGE","android.permission.ACCESS_COARSE_LOCATION","android.permission.READ_MEDIA_IMAGES","android.permission.CAMERA","android.permission.READ_MEDIA_AUDIO","android.permission.READ_MEDIA_VIDEO","android.permission.WRITE_EXTERNAL_STORAGE","android.permission.POST_NOTIFICATIONS","android.permission.ACCESS_FINE_LOCATION","android.permission.READ_MEDIA_VISUAL_USER_SELECTED","android.permission.READ_EXTERNAL_STORAGE","android.permission.ACCESS_COARSE_LOCATION","android.permission.READ_MEDIA_IMAGES","android.permission.CAMERA","android.permission.READ_MEDIA_AUDIO","android.permission.READ_MEDIA_VIDEO","android.permission.WRITE_EXTERNAL_STORAGE"] to 'com.saucelabs.mydemoapp.android'
&amp#27;[38;5;195m[ede007ff]&amp#27;[0m&amp#27;[38;5;229m[ADB]&amp#27;[0m Got the following command chunks to execute: [["pm","grant","com.saucelabs.mydemoapp.android","android.permission.POST_NOTIFICATIONS",";","pm","grant","com.saucelabs.mydemoapp.android","android.permission.ACCESS_FINE_LOCATION",";","pm","grant","com.saucelabs.mydemoapp.android","android.permission.READ_MEDIA_VISUAL_USER_SELECTED",";","pm","grant","com.saucelabs.mydemoapp.android","android.permission.READ_EXTERNAL_STORAGE",";","pm","grant","com.saucelabs.mydemoapp.android","android.permission.ACCESS_COARSE_LOCATION",";","pm","grant","com.saucelabs.mydemoapp.android","android.permission.READ_MEDIA_IMAGES",";","pm","grant","com.saucelabs.mydemoapp.android","android.permission.CAMERA",";","pm","grant","com.saucelabs.mydemoapp.android","android.permission.READ_MEDIA_AUDIO",";","pm","grant","com.saucelabs.mydemoapp.android","android.permission.READ_MEDIA_VIDEO",";","pm","grant","com.saucelabs.mydemoapp.android","android.permission.WRITE_EXTERNAL_STORAGE",";","pm","grant","com.saucelabs.mydemoapp.android","android.permission.POST_NOTIFICATIONS",";","pm","grant","com.saucelabs.mydemoapp.android","android.permission.ACCESS_FINE_LOCATION",";"],["pm","grant","com.saucelabs.mydemoapp.android","android.permission.READ_MEDIA_VISUAL_USER_SELECTED",";","pm","grant","com.saucelabs.mydemoapp.android","android.permission.READ_EXTERNAL_STORAGE",";","pm","grant","com.saucelabs.mydemoapp.android","android.permission.ACCESS_COARSE_LOCATION",";","pm","grant","com.saucelabs.mydemoapp.android","android.permission.READ_MEDIA_IMAGES",";","pm","grant","com.saucelabs.mydemoapp.android","android.permission.CAMERA",";","pm","grant","com.saucelabs.mydemoapp.android","android.permission.READ_MEDIA_AUDIO",";","pm","grant","com.saucelabs.mydemoapp.android","android.permission.READ_MEDIA_VIDEO",";","pm","grant","com.saucelabs.mydemoapp.android","android.permission.WRITE_EXTERNAL_STORAGE",";"]]
&amp#27;[38;5;195m[ede007ff]&amp#27;[0m&amp#27;[38;5;229m[ADB]&amp#27;[0m Running 'C:\Users\Testriq\AppData\Local\Android\Sdk\platform-tools\adb.exe -P 5037 -s 2A131FDH200HX6 shell pm grant com.saucelabs.mydemoapp.android android.permission.POST_NOTIFICATIONS ; pm grant com.saucelabs.mydemoapp.android android.permission.ACCESS_FINE_LOCATION ; pm grant com.saucelabs.mydemoapp.android android.permission.READ_MEDIA_VISUAL_USER_SELECTED ; pm grant com.saucelabs.mydemoapp.android android.permission.READ_EXTERNAL_STORAGE ; pm grant com.saucelabs.mydemoapp.android android.permission.ACCESS_COARSE_LOCATION ; pm grant com.saucelabs.mydemoapp.android android.permission.READ_MEDIA_IMAGES ; pm grant com.saucelabs.mydemoapp.android android.permission.CAMERA ; pm grant com.saucelabs.mydemoapp.android android.permission.READ_MEDIA_AUDIO ; pm grant com.saucelabs.mydemoapp.android android.permission.READ_MEDIA_VIDEO ; pm grant com.saucelabs.mydemoapp.android android.permission.WRITE_EXTERNAL_STORAGE ; pm grant com.saucelabs.mydemoapp.android android.permission.POST_NOTIFICATIONS ; pm grant com.saucelabs.mydemoapp.android android.permission.ACCESS_FINE_LOCATION ;'
&amp#27;[38;5;112m[Appium]&amp#27;[0m Welcome to Appium v2.11.5 (REV 4eddc999c5d9b705e7356152d2d5953a0dda3720)
&amp#27;[38;5;112m[Appium]&amp#27;[0m Non-default server args:
&amp#27;[38;5;112m[Appium]&amp#27;[0m { address: &amp#27;[32m'127.0.0.1'&amp#27;[39m }
&amp#27;[38;5;112m[Appium]&amp#27;[0m The autodetected Appium home path: C:\Users\Testriq\.appium
&amp#27;[38;5;112m[Appium]&amp#27;[0m Attempting to load driver uiautomator2...
&amp#27;[38;5;112m[Appium]&amp#27;[0m Requiring driver at C:\Users\Testriq\.appium\node_modules\appium-uiautomator2-driver\build\index.js
&amp#27;[38;5;195m[ede007ff]&amp#27;[0m&amp#27;[38;5;229m[ADB]&amp#27;[0m Running 'C:\Users\Testriq\AppData\Local\Android\Sdk\platform-tools\adb.exe -P 5037 -s 2A131FDH200HX6 shell pm grant com.saucelabs.mydemoapp.android android.permission.READ_MEDIA_VISUAL_USER_SELECTED ; pm grant com.saucelabs.mydemoapp.android android.permission.READ_EXTERNAL_STORAGE ; pm grant com.saucelabs.mydemoapp.android android.permission.ACCESS_COARSE_LOCATION ; pm grant com.saucelabs.mydemoapp.android android.permission.READ_MEDIA_IMAGES ; pm grant com.saucelabs.mydemoapp.android android.permission.CAMERA ; pm grant com.saucelabs.mydemoapp.android android.permission.READ_MEDIA_AUDIO ; pm grant com.saucelabs.mydemoapp.android android.permission.READ_MEDIA_VIDEO ; pm grant com.saucelabs.mydemoapp.android android.permission.WRITE_EXTERNAL_STORAGE ;'
&amp#27;[38;5;195m[ede007ff]&amp#27;[0m&amp#27;[38;5;-102m[AndroidUiautomator2Driver@32f8]&amp#27;[0m Performed fast reset on the installed 'com.saucelabs.mydemoapp.android' application (stop and clear)
&amp#27;[38;5;195m[ede007ff]&amp#27;[0m&amp#27;[38;5;-102m[AndroidUiautomator2Driver@32f8]&amp#27;[0m Performing shallow cleanup of automation leftovers
&amp#27;[38;5;112m[Appium]&amp#27;[0m AndroidUiautomator2Driver has been successfully loaded in 0.903s
&amp#27;[38;5;195m[ede007ff]&amp#27;[0m&amp#27;[38;5;-102m[AndroidUiautomator2Driver@32f8]&amp#27;[0m The following obsolete sessions are still running: ["315138d3-36b4-408a-9230-02bc3d8371a0"]
&amp#27;[38;5;195m[ede007ff]&amp#27;[0m&amp#27;[38;5;-102m[AndroidUiautomator2Driver@32f8]&amp#27;[0m Cleaning up 1 obsolete session
&amp#27;[38;5;86m[HTTP]&amp#27;[0m Could not start REST http interface listener. The requested port may already be in use. Please make sure there is no other instance of this server running already.
&amp#27;[38;5;112m[Appium]&amp#27;[0m Could not configure Appium server. It's possible that a driver or plugin tried to update the server and failed. Original error: listen EADDRINUSE: address already in use 127.0.0.1:4723
&amp#27;[38;5;112m[Appium]&amp#27;[0m Error: listen EADDRINUSE: address already in use 127.0.0.1:4723
    at Server.setupListenHandle [as _listen2] (node:net:1904:16)
    at listenInCluster (node:net:1961:12)
    at doListen (node:net:2135:7)
    at processTicksAndRejections (node:internal/process/task_queues:83:21)
&amp#27;[38;5;111m[522a5c58]&amp#27;[0m&amp#27;[38;5;-101m[AndroidUiautomator2Driver@f0e9]&amp#27;[0m [Instrumentation] io.appium.uiautomator2.server.test.AppiumUiAutomator2Server:.
&amp#27;[38;5;111m[522a5c58]&amp#27;[0m&amp#27;[38;5;-101m[AndroidUiautomator2Driver@f0e9]&amp#27;[0m [Instrumentation] 
&amp#27;[38;5;111m[522a5c58]&amp#27;[0m&amp#27;[38;5;-101m[AndroidUiautomator2Driver@f0e9]&amp#27;[0m [Instrumentation] Time: 6.021
&amp#27;[38;5;111m[522a5c58]&amp#27;[0m&amp#27;[38;5;-101m[AndroidUiautomator2Driver@f0e9]&amp#27;[0m [Instrumentation] 
&amp#27;[38;5;111m[522a5c58]&amp#27;[0m&amp#27;[38;5;-101m[AndroidUiautomator2Driver@f0e9]&amp#27;[0m [Instrumentation] OK (1 test)
&amp#27;[38;5;111m[522a5c58]&amp#27;[0m&amp#27;[38;5;-101m[AndroidUiautomator2Driver@f0e9]&amp#27;[0m [Instrumentation] 
&amp#27;[38;5;111m[522a5c58]&amp#27;[0m&amp#27;[38;5;-101m[AndroidUiautomator2Driver@f0e9]&amp#27;[0m [Instrumentation] 
&amp#27;[38;5;111m[522a5c58]&amp#27;[0m&amp#27;[38;5;-101m[AndroidUiautomator2Driver@f0e9]&amp#27;[0m [Instrumentation] The process has exited with code 0, signal null
&amp#27;[38;5;195m[ede007ff]&amp#27;[0m&amp#27;[38;5;229m[ADB]&amp#27;[0m Running 'C:\Users\Testriq\AppData\Local\Android\Sdk\platform-tools\adb.exe -P 5037 -s 2A131FDH200HX6 shell am force-stop io.appium.uiautomator2.server'
&amp#27;[38;5;195m[ede007ff]&amp#27;[0m&amp#27;[38;5;229m[ADB]&amp#27;[0m Running 'C:\Users\Testriq\AppData\Local\Android\Sdk\platform-tools\adb.exe -P 5037 -s 2A131FDH200HX6 shell am force-stop io.appium.uiautomator2.server.test'
&amp#27;[38;5;195m[ede007ff]&amp#27;[0m&amp#27;[38;5;-102m[AndroidUiautomator2Driver@32f8]&amp#27;[0m Starting UIAutomator2 server 7.0.25
&amp#27;[38;5;195m[ede007ff]&amp#27;[0m&amp#27;[38;5;-102m[AndroidUiautomator2Driver@32f8]&amp#27;[0m Using UIAutomator2 server from 'C:\Users\Testriq\.appium\node_modules\appium-uiautomator2-driver\node_modules\appium-uiautomator2-server\apks\appium-uiautomator2-server-v7.0.25.apk' and test from 'C:\Users\Testriq\.appium\node_modules\appium-uiautomator2-driver\node_modules\appium-uiautomator2-server\apks\appium-uiautomator2-server-debug-androidTest.apk'
&amp#27;[38;5;195m[ede007ff]&amp#27;[0m&amp#27;[38;5;-102m[AndroidUiautomator2Driver@32f8]&amp#27;[0m Waiting up to 30000ms for UiAutomator2 to be online...
&amp#27;[38;5;195m[ede007ff]&amp#27;[0m&amp#27;[38;5;229m[ADB]&amp#27;[0m Creating ADB subprocess with args: ["-P","5037","-s","2A131FDH200HX6","shell","am","instrument","-w","-e","disableAnalytics","true","io.appium.uiautomator2.server.test/androidx.test.runner.AndroidJUnitRunner"]
&amp#27;[38;5;195m[ede007ff]&amp#27;[0m&amp#27;[38;5;-102m[AndroidUiautomator2Driver@32f8]&amp#27;[0m Matched '/status' to command name 'getStatus'
&amp#27;[38;5;195m[ede007ff]&amp#27;[0m&amp#27;[38;5;-102m[AndroidUiautomator2Driver@32f8]&amp#27;[0m Proxying [GET /status] to [GET http://127.0.0.1:8201/status] with no body
&amp#27;[38;5;195m[ede007ff]&amp#27;[0m&amp#27;[38;5;-102m[AndroidUiautomator2Driver@32f8]&amp#27;[0m socket hang up
&amp#27;[38;5;195m[ede007ff]&amp#27;[0m&amp#27;[38;5;-102m[AndroidUiautomator2Driver@32f8]&amp#27;[0m [Instrumentation] 
&amp#27;[38;5;195m[ede007ff]&amp#27;[0m&amp#27;[38;5;-102m[AndroidUiautomator2Driver@32f8]&amp#27;[0m Matched '/status' to command name 'getStatus'
&amp#27;[38;5;195m[ede007ff]&amp#27;[0m&amp#27;[38;5;-102m[AndroidUiautomator2Driver@32f8]&amp#27;[0m Proxying [GET /status] to [GET http://127.0.0.1:8201/status] with no body
&amp#27;[38;5;195m[ede007ff]&amp#27;[0m&amp#27;[38;5;-102m[AndroidUiautomator2Driver@32f8]&amp#27;[0m socket hang up
&amp#27;[38;5;195m[ede007ff]&amp#27;[0m&amp#27;[38;5;-102m[AndroidUiautomator2Driver@32f8]&amp#27;[0m Matched '/status' to command name 'getStatus'
&amp#27;[38;5;195m[ede007ff]&amp#27;[0m&amp#27;[38;5;-102m[AndroidUiautomator2Driver@32f8]&amp#27;[0m Proxying [GET /status] to [GET http://127.0.0.1:8201/status] with no body
&amp#27;[38;5;195m[ede007ff]&amp#27;[0m&amp#27;[38;5;-102m[AndroidUiautomator2Driver@32f8]&amp#27;[0m Got response with status 200: {"sessionId":"None","value":{"message":"UiAutomator2 Server is ready to accept commands","ready":true}}
&amp#27;[38;5;195m[ede007ff]&amp#27;[0m&amp#27;[38;5;-102m[AndroidUiautomator2Driver@32f8]&amp#27;[0m The initialization of the instrumentation process took 2154ms
&amp#27;[38;5;195m[ede007ff]&amp#27;[0m&amp#27;[38;5;-102m[AndroidUiautomator2Driver@32f8]&amp#27;[0m Matched '/session' to command name 'createSession'
&amp#27;[38;5;195m[ede007ff]&amp#27;[0m&amp#27;[38;5;-102m[AndroidUiautomator2Driver@32f8]&amp#27;[0m Proxying [POST /session] to [POST http://127.0.0.1:8201/session] with body: {"capabilities":{"firstMatch":[{"platformName":"ANDROID","appPackage":"com.saucelabs.mydemoapp.android","autoGrantPermissions":true,"deviceName":"2A131FDH200HX6","app":"G:\\Automation Projects\\testriq\\src\\main\\java\\apps\\mda-2.2.0-25.apk","appActivity":"com.saucelabs.mydemoapp.android.view.activities.SplashActivity","automationName":"UIAutomator2","platform":"LINUX","webStorageEnabled":false,"takesScreenshot":true,"javascriptEnabled":true,"databaseEnabled":false,"networkConnectionEnabled":true,"locationContextEnabled":false,"warnings":{},"desired":{"platformName":"ANDROID","appPackage":"com.saucelabs.mydemoapp.android","autoGrantPermissions":true,"deviceName":"AndroidDeviceName","app":"G:\\Automation Projects\\testriq\\src\\main\\java\\apps\\mda-2.2.0-25.apk","appActivity":"com.saucelabs.mydemoapp.android.view.activities.SplashActivity","automationName":"UIAutomator2"},"deviceUDID":"2A131FDH200HX6"}],"alwaysMatch":{}}}
&amp#27;[38;5;195m[ede007ff]&amp#27;[0m&amp#27;[38;5;-102m[AndroidUiautomator2Driver@32f8]&amp#27;[0m Got response with status 200: {"sessionId":"6c25e23f-98e9-4e3e-a5db-9581ce455deb","value":{"capabilities":{"firstMatch":[{"platformName":"ANDROID","appPackage":"com.saucelabs.mydemoapp.android","autoGrantPermissions":true,"deviceName":"2A131FDH200HX6","app":"G:\\Automation Projects\\testriq\\src\\main\\java\\apps\\mda-2.2.0-25.apk","appActivity":"com.saucelabs.mydemoapp.android.view.activities.SplashActivity","automationName":"UIAutomator2","platform":"LINUX","webStorageEnabled":false,"takesScreenshot":true,"javascriptEnabled":true,"databaseEnabled":false,"networkConnectionEnabled":true,"locationContextEnabled":false,"warnings":{},"desired":{"platformName":"ANDROID","appPackage":"com.saucelabs.mydemoapp.android","autoGrantPermissions":true,"deviceName":"AndroidDeviceName","app":"G:\\Automation Projects\\testriq\\src\\main\\java\\apps\\mda-2.2.0-25.apk","appActivity":"com.saucelabs.mydemoapp.android.view.activities.SplashActivity","automationName":"UIAutomator2"},"deviceUDID":"2A131FDH200HX6"}],"alwaysMatch":{}},"sessionId":"6c25e23f-98...
&amp#27;[38;5;195m[ede007ff]&amp#27;[0m&amp#27;[38;5;-102m[AndroidUiautomator2Driver@32f8]&amp#27;[0m Determined the downstream protocol as 'W3C'
&amp#27;[38;5;195m[ede007ff]&amp#27;[0m&amp#27;[38;5;-102m[AndroidUiautomator2Driver@32f8]&amp#27;[0m Proxying [GET /appium/device/pixel_ratio] to [GET http://127.0.0.1:8201/session/6c25e23f-98e9-4e3e-a5db-9581ce455deb/appium/device/pixel_ratio] with no body
&amp#27;[38;5;195m[ede007ff]&amp#27;[0m&amp#27;[38;5;-102m[AndroidUiautomator2Driver@32f8]&amp#27;[0m Matched '/appium/device/system_bars' to command name 'getSystemBars'
&amp#27;[38;5;195m[ede007ff]&amp#27;[0m&amp#27;[38;5;-102m[AndroidUiautomator2Driver@32f8]&amp#27;[0m Proxying [GET /appium/device/system_bars] to [GET http://127.0.0.1:8201/session/6c25e23f-98e9-4e3e-a5db-9581ce455deb/appium/device/system_bars] with no body
&amp#27;[38;5;195m[ede007ff]&amp#27;[0m&amp#27;[38;5;-102m[AndroidUiautomator2Driver@32f8]&amp#27;[0m Matched '/window/current/size' to command name 'getWindowSize'
&amp#27;[38;5;195m[ede007ff]&amp#27;[0m&amp#27;[38;5;-102m[AndroidUiautomator2Driver@32f8]&amp#27;[0m Proxying [GET /window/current/size] to [GET http://127.0.0.1:8201/session/6c25e23f-98e9-4e3e-a5db-9581ce455deb/window/current/size] with no body
&amp#27;[38;5;195m[ede007ff]&amp#27;[0m&amp#27;[38;5;-102m[AndroidUiautomator2Driver@32f8]&amp#27;[0m Proxying [GET /appium/device/info] to [GET http://127.0.0.1:8201/session/6c25e23f-98e9-4e3e-a5db-9581ce455deb/appium/device/info] with no body
&amp#27;[38;5;195m[ede007ff]&amp#27;[0m&amp#27;[38;5;229m[ADB]&amp#27;[0m Running 'C:\Users\Testriq\AppData\Local\Android\Sdk\platform-tools\adb.exe -P 5037 -s 2A131FDH200HX6 shell dumpsys window'
&amp#27;[38;5;195m[ede007ff]&amp#27;[0m&amp#27;[38;5;229m[ADB]&amp#27;[0m Running 'C:\Users\Testriq\AppData\Local\Android\Sdk\platform-tools\adb.exe -P 5037 -s 2A131FDH200HX6 shell dumpsys power'
&amp#27;[38;5;195m[ede007ff]&amp#27;[0m&amp#27;[38;5;-102m[AndroidUiautomator2Driver@32f8]&amp#27;[0m Got response with status 200: {"sessionId":"6c25e23f-98e9-4e3e-a5db-9581ce455deb","value":2.2250001}
&amp#27;[38;5;195m[ede007ff]&amp#27;[0m&amp#27;[38;5;-102m[AndroidUiautomator2Driver@32f8]&amp#27;[0m Got response with status 200: {"sessionId":"6c25e23f-98e9-4e3e-a5db-9581ce455deb","value":{"statusBar":136}}
&amp#27;[38;5;195m[ede007ff]&amp#27;[0m&amp#27;[38;5;-102m[AndroidUiautomator2Driver@32f8]&amp#27;[0m Got response with status 200: {"sessionId":"6c25e23f-98e9-4e3e-a5db-9581ce455deb","value":{"height":2400,"width":1080}}
&amp#27;[38;5;195m[ede007ff]&amp#27;[0m&amp#27;[38;5;-102m[AndroidUiautomator2Driver@32f8]&amp#27;[0m Got response with status 200: {"sessionId":"6c25e23f-98e9-4e3e-a5db-9581ce455deb","value":{"androidId":"7781aa28ec4e674f","apiVersion":"35","bluetooth":{"state":"ON"},"brand":"google","carrierName":"","displayDensity":356,"locale":"en_US","manufacturer":"Google","model":"Pixel 7","networks":[{"capabilities":{"SSID":null,"linkDownBandwidthKbps":29972,"linkUpstreamBandwidthKbps":24945,"networkCapabilities":"NET_CAPABILITY_NOT_METERED,NET_CAPABILITY_INTERNET,NET_CAPABILITY_NOT_RESTRICTED,NET_CAPABILITY_TRUSTED,NET_CAPABILITY_NOT_VPN,NET_CAPABILITY_VALIDATED,NET_CAPABILITY_NOT_ROAMING,NET_CAPABILITY_FOREGROUND,NET_CAPABILITY_NOT_CONGESTED,NET_CAPABILITY_NOT_SUSPENDED","signalStrength":-58,"transportTypes":"TRANSPORT_WIFI"},"detailedState":"CONNECTED","extraInfo":"","isAvailable":true,"isConnected":true,"isFailover":false,"isRoaming":false,"state":"CONNECTED","subtype":-1,"subtypeName":"","type":1,"typeName":"WIFI"}],"platformVersion":"15","realDisplaySize":"1080x2400","timeZone":"Asia/Kolkata"}}
&amp#27;[38;5;195m[ede007ff]&amp#27;[0m&amp#27;[38;5;-102m[AndroidUiautomator2Driver@32f8]&amp#27;[0m Screen already unlocked, doing nothing
&amp#27;[38;5;195m[ede007ff]&amp#27;[0m&amp#27;[38;5;-102m[AndroidUiautomator2Driver@32f8]&amp#27;[0m Starting 'com.saucelabs.mydemoapp.android/com.saucelabs.mydemoapp.android.view.activities.SplashActivity and waiting for 'com.saucelabs.mydemoapp.android/com.saucelabs.mydemoapp.android.view.activities.SplashActivity'
&amp#27;[38;5;195m[ede007ff]&amp#27;[0m&amp#27;[38;5;229m[ADB]&amp#27;[0m Running 'C:\Users\Testriq\AppData\Local\Android\Sdk\platform-tools\adb.exe -P 5037 -s 2A131FDH200HX6 shell am start -W -n com.saucelabs.mydemoapp.android/com.saucelabs.mydemoapp.android.view.activities.SplashActivity -S -a android.intent.action.MAIN -c android.intent.category.LAUNCHER -f 0x10200000'
&amp#27;[38;5;195m[ede007ff]&amp#27;[0m&amp#27;[38;5;23m[AppiumDriver@398a]&amp#27;[0m New AndroidUiautomator2Driver session created successfully, session ede007ff-9ece-46cb-b5cc-6fcb91d90dcc added to master session list
&amp#27;[38;5;195m[ede007ff]&amp#27;[0m&amp#27;[38;5;23m[AppiumDriver@398a]&amp#27;[0m Event 'newSessionStarted' logged at 1737019525839 (14:55:25 GMT+0530 (India Standard Time))
&amp#27;[38;5;195m[ede007ff]&amp#27;[0m&amp#27;[38;5;-102m[AndroidUiautomator2Driver@32f8]&amp#27;[0m Cached the protocol value 'W3C' for the new session ede007ff-9ece-46cb-b5cc-6fcb91d90dcc
&amp#27;[38;5;195m[ede007ff]&amp#27;[0m&amp#27;[38;5;-102m[AndroidUiautomator2Driver@32f8]&amp#27;[0m Responding to client with driver.createSession() result: {"capabilities":{"platformName":"ANDROID","appPackage":"com.saucelabs.mydemoapp.android","autoGrantPermissions":true,"deviceName":"2A131FDH200HX6","app":"G:\\Automation Projects\\testriq\\src\\main\\java\\apps\\mda-2.2.0-25.apk","appActivity":"com.saucelabs.mydemoapp.android.view.activities.SplashActivity","automationName":"UIAutomator2","platform":"LINUX","webStorageEnabled":false,"takesScreenshot":true,"javascriptEnabled":true,"databaseEnabled":false,"networkConnectionEnabled":true,"locationContextEnabled":false,"warnings":{},"desired":{"platformName":"ANDROID","appPackage":"com.saucelabs.mydemoapp.android","autoGrantPermissions":true,"deviceName":"AndroidDeviceName","app":"G:\\Automation Projects\\testriq\\src\\main\\java\\apps\\mda-2.2.0-25.apk","appActivity":"com.saucelabs.mydemoapp.android.view.activities.SplashActivity","automationName":"UIAutomator2"},"deviceUDID":"2A131FDH200HX6","pixelRatio":"2.2250001","statBarHeight":136,"viewportRect":{"left":0,"top":136,"width":1080,"height":2264},"deviceApiL...
&amp#27;[38;5;195m[ede007ff]&amp#27;[0m&amp#27;[38;5;86m[HTTP]&amp#27;[0m &amp#27;[37m<-- POST /session &amp#27;[39m&amp#27;[32m200&amp#27;[39m &amp#27;[90m6950 ms - 1226&amp#27;[39m &amp#27;[90m&amp#27;[39m
&amp#27;[38;5;195m[ede007ff]&amp#27;[0m&amp#27;[38;5;86m[HTTP]&amp#27;[0m &amp#27;[37m-->&amp#27;[39m &amp#27;[37mPOST&amp#27;[39m &amp#27;[37m/session/ede007ff-9ece-46cb-b5cc-6fcb91d90dcc/timeouts&amp#27;[39m &amp#27;[90m{"implicit":15000}&amp#27;[39m
&amp#27;[38;5;195m[ede007ff]&amp#27;[0m&amp#27;[38;5;-102m[AndroidUiautomator2Driver@32f8]&amp#27;[0m Calling AppiumDriver.timeouts() with args: [null,null,null,null,15000,"ede007ff-9ece-46cb-b5cc-6fcb91d90dcc"]
&amp#27;[38;5;195m[ede007ff]&amp#27;[0m&amp#27;[38;5;-102m[AndroidUiautomator2Driver@32f8]&amp#27;[0m W3C timeout argument: {"implicit":15000}}
&amp#27;[38;5;195m[ede007ff]&amp#27;[0m&amp#27;[38;5;-102m[AndroidUiautomator2Driver@32f8]&amp#27;[0m Set implicit wait to 15000ms
&amp#27;[38;5;195m[ede007ff]&amp#27;[0m&amp#27;[38;5;-102m[AndroidUiautomator2Driver@32f8]&amp#27;[0m Responding to client with driver.timeouts() result: null
&amp#27;[38;5;195m[ede007ff]&amp#27;[0m&amp#27;[38;5;86m[HTTP]&amp#27;[0m &amp#27;[37m<-- POST /session/ede007ff-9ece-46cb-b5cc-6fcb91d90dcc/timeouts &amp#27;[39m&amp#27;[32m200&amp#27;[39m &amp#27;[90m3 ms - 14&amp#27;[39m &amp#27;[90m&amp#27;[39m
&amp#27;[38;5;195m[ede007ff]&amp#27;[0m&amp#27;[38;5;86m[HTTP]&amp#27;[0m &amp#27;[37m-->&amp#27;[39m &amp#27;[37mPOST&amp#27;[39m &amp#27;[37m/session/ede007ff-9ece-46cb-b5cc-6fcb91d90dcc/timeouts&amp#27;[39m &amp#27;[90m{"implicit":15000}&amp#27;[39m
&amp#27;[38;5;195m[ede007ff]&amp#27;[0m&amp#27;[38;5;-102m[AndroidUiautomator2Driver@32f8]&amp#27;[0m Calling AppiumDriver.timeouts() with args: [null,null,null,null,15000,"ede007ff-9ece-46cb-b5cc-6fcb91d90dcc"]
&amp#27;[38;5;195m[ede007ff]&amp#27;[0m&amp#27;[38;5;-102m[AndroidUiautomator2Driver@32f8]&amp#27;[0m W3C timeout argument: {"implicit":15000}}
&amp#27;[38;5;195m[ede007ff]&amp#27;[0m&amp#27;[38;5;-102m[AndroidUiautomator2Driver@32f8]&amp#27;[0m Set implicit wait to 15000ms
&amp#27;[38;5;195m[ede007ff]&amp#27;[0m&amp#27;[38;5;-102m[AndroidUiautomator2Driver@32f8]&amp#27;[0m Responding to client with driver.timeouts() result: null
&amp#27;[38;5;195m[ede007ff]&amp#27;[0m&amp#27;[38;5;86m[HTTP]&amp#27;[0m &amp#27;[37m<-- POST /session/ede007ff-9ece-46cb-b5cc-6fcb91d90dcc/timeouts &amp#27;[39m&amp#27;[32m200&amp#27;[39m &amp#27;[90m3 ms - 14&amp#27;[39m &amp#27;[90m&amp#27;[39m
&amp#27;[38;5;195m[ede007ff]&amp#27;[0m&amp#27;[38;5;86m[HTTP]&amp#27;[0m &amp#27;[37m-->&amp#27;[39m &amp#27;[37mPOST&amp#27;[39m &amp#27;[37m/session/ede007ff-9ece-46cb-b5cc-6fcb91d90dcc/timeouts&amp#27;[39m &amp#27;[90m{"implicit":15000}&amp#27;[39m
&amp#27;[38;5;195m[ede007ff]&amp#27;[0m&amp#27;[38;5;-102m[AndroidUiautomator2Driver@32f8]&amp#27;[0m Calling AppiumDriver.timeouts() with args: [null,null,null,null,15000,"ede007ff-9ece-46cb-b5cc-6fcb91d90dcc"]
&amp#27;[38;5;195m[ede007ff]&amp#27;[0m&amp#27;[38;5;-102m[AndroidUiautomator2Driver@32f8]&amp#27;[0m W3C timeout argument: {"implicit":15000}}
&amp#27;[38;5;195m[ede007ff]&amp#27;[0m&amp#27;[38;5;-102m[AndroidUiautomator2Driver@32f8]&amp#27;[0m Set implicit wait to 15000ms
&amp#27;[38;5;195m[ede007ff]&amp#27;[0m&amp#27;[38;5;-102m[AndroidUiautomator2Driver@32f8]&amp#27;[0m Responding to client with driver.timeouts() result: null
&amp#27;[38;5;195m[ede007ff]&amp#27;[0m&amp#27;[38;5;86m[HTTP]&amp#27;[0m &amp#27;[37m<-- POST /session/ede007ff-9ece-46cb-b5cc-6fcb91d90dcc/timeouts &amp#27;[39m&amp#27;[32m200&amp#27;[39m &amp#27;[90m2 ms - 14&amp#27;[39m &amp#27;[90m&amp#27;[39m
&amp#27;[38;5;195m[ede007ff]&amp#27;[0m&amp#27;[38;5;86m[HTTP]&amp#27;[0m &amp#27;[37m-->&amp#27;[39m &amp#27;[37mGET&amp#27;[39m &amp#27;[37m/session/ede007ff-9ece-46cb-b5cc-6fcb91d90dcc/context&amp#27;[39m &amp#27;[90m{}&amp#27;[39m
&amp#27;[38;5;195m[ede007ff]&amp#27;[0m&amp#27;[38;5;-102m[AndroidUiautomator2Driver@32f8]&amp#27;[0m Calling AppiumDriver.getCurrentContext() with args: ["ede007ff-9ece-46cb-b5cc-6fcb91d90dcc"]
&amp#27;[38;5;195m[ede007ff]&amp#27;[0m&amp#27;[38;5;-102m[AndroidUiautomator2Driver@32f8]&amp#27;[0m Responding to client with driver.getCurrentContext() result: "NATIVE_APP"
&amp#27;[38;5;195m[ede007ff]&amp#27;[0m&amp#27;[38;5;86m[HTTP]&amp#27;[0m &amp#27;[37m<-- GET /session/ede007ff-9ece-46cb-b5cc-6fcb91d90dcc/context &amp#27;[39m&amp#27;[32m200&amp#27;[39m &amp#27;[90m6 ms - 22&amp#27;[39m &amp#27;[90m&amp#27;[39m
&amp#27;[38;5;195m[ede007ff]&amp#27;[0m&amp#27;[38;5;86m[HTTP]&amp#27;[0m &amp#27;[37m-->&amp#27;[39m &amp#27;[37mPOST&amp#27;[39m &amp#27;[37m/session/ede007ff-9ece-46cb-b5cc-6fcb91d90dcc/element&amp#27;[39m &amp#27;[90m{"value":"View menu","using":"accessibility id"}&amp#27;[39m
&amp#27;[38;5;195m[ede007ff]&amp#27;[0m&amp#27;[38;5;-102m[AndroidUiautomator2Driver@32f8]&amp#27;[0m Calling AppiumDriver.findElement() with args: ["accessibility id","View menu","ede007ff-9ece-46cb-b5cc-6fcb91d90dcc"]
&amp#27;[38;5;195m[ede007ff]&amp#27;[0m&amp#27;[38;5;-102m[AndroidUiautomator2Driver@32f8]&amp#27;[0m Valid locator strategies for this request: xpath, id, class name, accessibility id, css selector, -android uiautomator
&amp#27;[38;5;195m[ede007ff]&amp#27;[0m&amp#27;[38;5;-102m[AndroidUiautomator2Driver@32f8]&amp#27;[0m Waiting up to 15000 ms for condition
&amp#27;[38;5;195m[ede007ff]&amp#27;[0m&amp#27;[38;5;-102m[AndroidUiautomator2Driver@32f8]&amp#27;[0m Matched '/element' to command name 'findElement'
&amp#27;[38;5;195m[ede007ff]&amp#27;[0m&amp#27;[38;5;-102m[AndroidUiautomator2Driver@32f8]&amp#27;[0m Proxying [POST /element] to [POST http://127.0.0.1:8201/session/6c25e23f-98e9-4e3e-a5db-9581ce455deb/element] with body: {"strategy":"accessibility id","selector":"View menu","context":"","multiple":false}
&amp#27;[38;5;195m[ede007ff]&amp#27;[0m&amp#27;[38;5;-102m[AndroidUiautomator2Driver@32f8]&amp#27;[0m Got response with status 200: {"sessionId":"6c25e23f-98e9-4e3e-a5db-9581ce455deb","value":{"ELEMENT":"00000000-0000-0a17-ffff-ffff00000013","element-6066-11e4-a52e-4f735466cecf":"00000000-0000-0a17-ffff-ffff00000013"}}
&amp#27;[38;5;195m[ede007ff]&amp#27;[0m&amp#27;[38;5;-102m[AndroidUiautomator2Driver@32f8]&amp#27;[0m Responding to client with driver.findElement() result: {"element-6066-11e4-a52e-4f735466cecf":"00000000-0000-0a17-ffff-ffff00000013","ELEMENT":"00000000-0000-0a17-ffff-ffff00000013"}
&amp#27;[38;5;195m[ede007ff]&amp#27;[0m&amp#27;[38;5;86m[HTTP]&amp#27;[0m &amp#27;[37m<-- POST /session/ede007ff-9ece-46cb-b5cc-6fcb91d90dcc/element &amp#27;[39m&amp#27;[32m200&amp#27;[39m &amp#27;[90m93 ms - 137&amp#27;[39m &amp#27;[90m&amp#27;[39m
&amp#27;[38;5;195m[ede007ff]&amp#27;[0m&amp#27;[38;5;86m[HTTP]&amp#27;[0m &amp#27;[37m-->&amp#27;[39m &amp#27;[37mPOST&amp#27;[39m &amp#27;[37m/session/ede007ff-9ece-46cb-b5cc-6fcb91d90dcc/element/00000000-0000-0a17-ffff-ffff00000013/click&amp#27;[39m &amp#27;[90m{"id":"00000000-0000-0a17-ffff-ffff00000013"}&amp#27;[39m
&amp#27;[38;5;195m[ede007ff]&amp#27;[0m&amp#27;[38;5;-102m[AndroidUiautomator2Driver@32f8]&amp#27;[0m Calling AppiumDriver.click() with args: ["00000000-0000-0a17-ffff-ffff00000013","ede007ff-9ece-46cb-b5cc-6fcb91d90dcc"]
&amp#27;[38;5;195m[ede007ff]&amp#27;[0m&amp#27;[38;5;-102m[AndroidUiautomator2Driver@32f8]&amp#27;[0m Matched '/element/00000000-0000-0a17-ffff-ffff00000013/click' to command name 'click'
&amp#27;[38;5;195m[ede007ff]&amp#27;[0m&amp#27;[38;5;-102m[AndroidUiautomator2Driver@32f8]&amp#27;[0m Proxying [POST /element/00000000-0000-0a17-ffff-ffff00000013/click] to [POST http://127.0.0.1:8201/session/6c25e23f-98e9-4e3e-a5db-9581ce455deb/element/00000000-0000-0a17-ffff-ffff00000013/click] with body: {"element":"00000000-0000-0a17-ffff-ffff00000013"}
&amp#27;[38;5;195m[ede007ff]&amp#27;[0m&amp#27;[38;5;-102m[AndroidUiautomator2Driver@32f8]&amp#27;[0m Got response with status 200: {"sessionId":"6c25e23f-98e9-4e3e-a5db-9581ce455deb","value":null}
&amp#27;[38;5;195m[ede007ff]&amp#27;[0m&amp#27;[38;5;-102m[AndroidUiautomator2Driver@32f8]&amp#27;[0m Responding to client with driver.click() result: null
&amp#27;[38;5;195m[ede007ff]&amp#27;[0m&amp#27;[38;5;86m[HTTP]&amp#27;[0m &amp#27;[37m<-- POST /session/ede007ff-9ece-46cb-b5cc-6fcb91d90dcc/element/00000000-0000-0a17-ffff-ffff00000013/click &amp#27;[39m&amp#27;[32m200&amp#27;[39m &amp#27;[90m989 ms - 14&amp#27;[39m &amp#27;[90m&amp#27;[39m
&amp#27;[38;5;195m[ede007ff]&amp#27;[0m&amp#27;[38;5;86m[HTTP]&amp#27;[0m &amp#27;[37m-->&amp#27;[39m &amp#27;[37mGET&amp#27;[39m &amp#27;[37m/session/ede007ff-9ece-46cb-b5cc-6fcb91d90dcc/context&amp#27;[39m &amp#27;[90m{}&amp#27;[39m
&amp#27;[38;5;195m[ede007ff]&amp#27;[0m&amp#27;[38;5;-102m[AndroidUiautomator2Driver@32f8]&amp#27;[0m Calling AppiumDriver.getCurrentContext() with args: ["ede007ff-9ece-46cb-b5cc-6fcb91d90dcc"]
&amp#27;[38;5;195m[ede007ff]&amp#27;[0m&amp#27;[38;5;-102m[AndroidUiautomator2Driver@32f8]&amp#27;[0m Responding to client with driver.getCurrentContext() result: "NATIVE_APP"
&amp#27;[38;5;195m[ede007ff]&amp#27;[0m&amp#27;[38;5;86m[HTTP]&amp#27;[0m &amp#27;[37m<-- GET /session/ede007ff-9ece-46cb-b5cc-6fcb91d90dcc/context &amp#27;[39m&amp#27;[32m200&amp#27;[39m &amp#27;[90m6 ms - 22&amp#27;[39m &amp#27;[90m&amp#27;[39m
&amp#27;[38;5;195m[ede007ff]&amp#27;[0m&amp#27;[38;5;86m[HTTP]&amp#27;[0m &amp#27;[37m-->&amp#27;[39m &amp#27;[37mPOST&amp#27;[39m &amp#27;[37m/session/ede007ff-9ece-46cb-b5cc-6fcb91d90dcc/element&amp#27;[39m &amp#27;[90m{"value":"Login Menu Item","using":"accessibility id"}&amp#27;[39m
&amp#27;[38;5;195m[ede007ff]&amp#27;[0m&amp#27;[38;5;-102m[AndroidUiautomator2Driver@32f8]&amp#27;[0m Calling AppiumDriver.findElement() with args: ["accessibility id","Login Menu Item","ede007ff-9ece-46cb-b5cc-6fcb91d90dcc"]
&amp#27;[38;5;195m[ede007ff]&amp#27;[0m&amp#27;[38;5;-102m[AndroidUiautomator2Driver@32f8]&amp#27;[0m Valid locator strategies for this request: xpath, id, class name, accessibility id, css selector, -android uiautomator
&amp#27;[38;5;195m[ede007ff]&amp#27;[0m&amp#27;[38;5;-102m[AndroidUiautomator2Driver@32f8]&amp#27;[0m Waiting up to 15000 ms for condition
&amp#27;[38;5;195m[ede007ff]&amp#27;[0m&amp#27;[38;5;-102m[AndroidUiautomator2Driver@32f8]&amp#27;[0m Matched '/element' to command name 'findElement'
&amp#27;[38;5;195m[ede007ff]&amp#27;[0m&amp#27;[38;5;-102m[AndroidUiautomator2Driver@32f8]&amp#27;[0m Proxying [POST /element] to [POST http://127.0.0.1:8201/session/6c25e23f-98e9-4e3e-a5db-9581ce455deb/element] with body: {"strategy":"accessibility id","selector":"Login Menu Item","context":"","multiple":false}
&amp#27;[38;5;195m[ede007ff]&amp#27;[0m&amp#27;[38;5;-102m[AndroidUiautomator2Driver@32f8]&amp#27;[0m Got response with status 200: {"sessionId":"6c25e23f-98e9-4e3e-a5db-9581ce455deb","value":{"ELEMENT":"00000000-0000-0a17-ffff-ffff00000059","element-6066-11e4-a52e-4f735466cecf":"00000000-0000-0a17-ffff-ffff00000059"}}
&amp#27;[38;5;195m[ede007ff]&amp#27;[0m&amp#27;[38;5;-102m[AndroidUiautomator2Driver@32f8]&amp#27;[0m Responding to client with driver.findElement() result: {"element-6066-11e4-a52e-4f735466cecf":"00000000-0000-0a17-ffff-ffff00000059","ELEMENT":"00000000-0000-0a17-ffff-ffff00000059"}
&amp#27;[38;5;195m[ede007ff]&amp#27;[0m&amp#27;[38;5;86m[HTTP]&amp#27;[0m &amp#27;[37m<-- POST /session/ede007ff-9ece-46cb-b5cc-6fcb91d90dcc/element &amp#27;[39m&amp#27;[32m200&amp#27;[39m &amp#27;[90m406 ms - 137&amp#27;[39m &amp#27;[90m&amp#27;[39m
&amp#27;[38;5;195m[ede007ff]&amp#27;[0m&amp#27;[38;5;86m[HTTP]&amp#27;[0m &amp#27;[37m-->&amp#27;[39m &amp#27;[37mPOST&amp#27;[39m &amp#27;[37m/session/ede007ff-9ece-46cb-b5cc-6fcb91d90dcc/element/00000000-0000-0a17-ffff-ffff00000059/click&amp#27;[39m &amp#27;[90m{"id":"00000000-0000-0a17-ffff-ffff00000059"}&amp#27;[39m
&amp#27;[38;5;195m[ede007ff]&amp#27;[0m&amp#27;[38;5;-102m[AndroidUiautomator2Driver@32f8]&amp#27;[0m Calling AppiumDriver.click() with args: ["00000000-0000-0a17-ffff-ffff00000059","ede007ff-9ece-46cb-b5cc-6fcb91d90dcc"]
&amp#27;[38;5;195m[ede007ff]&amp#27;[0m&amp#27;[38;5;-102m[AndroidUiautomator2Driver@32f8]&amp#27;[0m Matched '/element/00000000-0000-0a17-ffff-ffff00000059/click' to command name 'click'
&amp#27;[38;5;195m[ede007ff]&amp#27;[0m&amp#27;[38;5;-102m[AndroidUiautomator2Driver@32f8]&amp#27;[0m Proxying [POST /element/00000000-0000-0a17-ffff-ffff00000059/click] to [POST http://127.0.0.1:8201/session/6c25e23f-98e9-4e3e-a5db-9581ce455deb/element/00000000-0000-0a17-ffff-ffff00000059/click] with body: {"element":"00000000-0000-0a17-ffff-ffff00000059"}
&amp#27;[38;5;195m[ede007ff]&amp#27;[0m&amp#27;[38;5;-102m[AndroidUiautomator2Driver@32f8]&amp#27;[0m Got response with status 200: {"sessionId":"6c25e23f-98e9-4e3e-a5db-9581ce455deb","value":null}
&amp#27;[38;5;195m[ede007ff]&amp#27;[0m&amp#27;[38;5;-102m[AndroidUiautomator2Driver@32f8]&amp#27;[0m Responding to client with driver.click() result: null
&amp#27;[38;5;195m[ede007ff]&amp#27;[0m&amp#27;[38;5;86m[HTTP]&amp#27;[0m &amp#27;[37m<-- POST /session/ede007ff-9ece-46cb-b5cc-6fcb91d90dcc/element/00000000-0000-0a17-ffff-ffff00000059/click &amp#27;[39m&amp#27;[32m200&amp#27;[39m &amp#27;[90m113 ms - 14&amp#27;[39m &amp#27;[90m&amp#27;[39m
&amp#27;[38;5;195m[ede007ff]&amp#27;[0m&amp#27;[38;5;86m[HTTP]&amp#27;[0m &amp#27;[37m-->&amp#27;[39m &amp#27;[37mGET&amp#27;[39m &amp#27;[37m/session/ede007ff-9ece-46cb-b5cc-6fcb91d90dcc/context&amp#27;[39m &amp#27;[90m{}&amp#27;[39m
&amp#27;[38;5;195m[ede007ff]&amp#27;[0m&amp#27;[38;5;-102m[AndroidUiautomator2Driver@32f8]&amp#27;[0m Calling AppiumDriver.getCurrentContext() with args: ["ede007ff-9ece-46cb-b5cc-6fcb91d90dcc"]
&amp#27;[38;5;195m[ede007ff]&amp#27;[0m&amp#27;[38;5;-102m[AndroidUiautomator2Driver@32f8]&amp#27;[0m Responding to client with driver.getCurrentContext() result: "NATIVE_APP"
&amp#27;[38;5;195m[ede007ff]&amp#27;[0m&amp#27;[38;5;86m[HTTP]&amp#27;[0m &amp#27;[37m<-- GET /session/ede007ff-9ece-46cb-b5cc-6fcb91d90dcc/context &amp#27;[39m&amp#27;[32m200&amp#27;[39m &amp#27;[90m2 ms - 22&amp#27;[39m &amp#27;[90m&amp#27;[39m
&amp#27;[38;5;195m[ede007ff]&amp#27;[0m&amp#27;[38;5;86m[HTTP]&amp#27;[0m &amp#27;[37m-->&amp#27;[39m &amp#27;[37mPOST&amp#27;[39m &amp#27;[37m/session/ede007ff-9ece-46cb-b5cc-6fcb91d90dcc/element&amp#27;[39m &amp#27;[90m{"value":"com.saucelabs.mydemoapp.android:id/nameET","using":"id"}&amp#27;[39m
&amp#27;[38;5;195m[ede007ff]&amp#27;[0m&amp#27;[38;5;-102m[AndroidUiautomator2Driver@32f8]&amp#27;[0m Calling AppiumDriver.findElement() with args: ["id","com.saucelabs.mydemoapp.android:id/nameET","ede007ff-9ece-46cb-b5cc-6fcb91d90dcc"]
&amp#27;[38;5;195m[ede007ff]&amp#27;[0m&amp#27;[38;5;-102m[AndroidUiautomator2Driver@32f8]&amp#27;[0m Valid locator strategies for this request: xpath, id, class name, accessibility id, css selector, -android uiautomator
&amp#27;[38;5;195m[ede007ff]&amp#27;[0m&amp#27;[38;5;-102m[AndroidUiautomator2Driver@32f8]&amp#27;[0m Waiting up to 15000 ms for condition
&amp#27;[38;5;195m[ede007ff]&amp#27;[0m&amp#27;[38;5;-102m[AndroidUiautomator2Driver@32f8]&amp#27;[0m Matched '/element' to command name 'findElement'
&amp#27;[38;5;195m[ede007ff]&amp#27;[0m&amp#27;[38;5;-102m[AndroidUiautomator2Driver@32f8]&amp#27;[0m Proxying [POST /element] to [POST http://127.0.0.1:8201/session/6c25e23f-98e9-4e3e-a5db-9581ce455deb/element] with body: {"strategy":"id","selector":"com.saucelabs.mydemoapp.android:id/nameET","context":"","multiple":false}
&amp#27;[38;5;195m[ede007ff]&amp#27;[0m&amp#27;[38;5;-102m[AndroidUiautomator2Driver@32f8]&amp#27;[0m Got response with status 200: {"sessionId":"6c25e23f-98e9-4e3e-a5db-9581ce455deb","value":{"ELEMENT":"00000000-0000-0a18-ffff-ffff0000017c","element-6066-11e4-a52e-4f735466cecf":"00000000-0000-0a18-ffff-ffff0000017c"}}
&amp#27;[38;5;195m[ede007ff]&amp#27;[0m&amp#27;[38;5;-102m[AndroidUiautomator2Driver@32f8]&amp#27;[0m Responding to client with driver.findElement() result: {"element-6066-11e4-a52e-4f735466cecf":"00000000-0000-0a18-ffff-ffff0000017c","ELEMENT":"00000000-0000-0a18-ffff-ffff0000017c"}
&amp#27;[38;5;195m[ede007ff]&amp#27;[0m&amp#27;[38;5;86m[HTTP]&amp#27;[0m &amp#27;[37m<-- POST /session/ede007ff-9ece-46cb-b5cc-6fcb91d90dcc/element &amp#27;[39m&amp#27;[32m200&amp#27;[39m &amp#27;[90m690 ms - 137&amp#27;[39m &amp#27;[90m&amp#27;[39m
&amp#27;[38;5;195m[ede007ff]&amp#27;[0m&amp#27;[38;5;86m[HTTP]&amp#27;[0m &amp#27;[37m-->&amp#27;[39m &amp#27;[37mPOST&amp#27;[39m &amp#27;[37m/session/ede007ff-9ece-46cb-b5cc-6fcb91d90dcc/element/00000000-0000-0a18-ffff-ffff0000017c/click&amp#27;[39m &amp#27;[90m{"id":"00000000-0000-0a18-ffff-ffff0000017c"}&amp#27;[39m
&amp#27;[38;5;195m[ede007ff]&amp#27;[0m&amp#27;[38;5;-102m[AndroidUiautomator2Driver@32f8]&amp#27;[0m Calling AppiumDriver.click() with args: ["00000000-0000-0a18-ffff-ffff0000017c","ede007ff-9ece-46cb-b5cc-6fcb91d90dcc"]
&amp#27;[38;5;195m[ede007ff]&amp#27;[0m&amp#27;[38;5;-102m[AndroidUiautomator2Driver@32f8]&amp#27;[0m Matched '/element/00000000-0000-0a18-ffff-ffff0000017c/click' to command name 'click'
&amp#27;[38;5;195m[ede007ff]&amp#27;[0m&amp#27;[38;5;-102m[AndroidUiautomator2Driver@32f8]&amp#27;[0m Proxying [POST /element/00000000-0000-0a18-ffff-ffff0000017c/click] to [POST http://127.0.0.1:8201/session/6c25e23f-98e9-4e3e-a5db-9581ce455deb/element/00000000-0000-0a18-ffff-ffff0000017c/click] with body: {"element":"00000000-0000-0a18-ffff-ffff0000017c"}
&amp#27;[38;5;195m[ede007ff]&amp#27;[0m&amp#27;[38;5;-102m[AndroidUiautomator2Driver@32f8]&amp#27;[0m Got response with status 200: {"sessionId":"6c25e23f-98e9-4e3e-a5db-9581ce455deb","value":null}
&amp#27;[38;5;195m[ede007ff]&amp#27;[0m&amp#27;[38;5;-102m[AndroidUiautomator2Driver@32f8]&amp#27;[0m Responding to client with driver.click() result: null
&amp#27;[38;5;195m[ede007ff]&amp#27;[0m&amp#27;[38;5;86m[HTTP]&amp#27;[0m &amp#27;[37m<-- POST /session/ede007ff-9ece-46cb-b5cc-6fcb91d90dcc/element/00000000-0000-0a18-ffff-ffff0000017c/click &amp#27;[39m&amp#27;[32m200&amp#27;[39m &amp#27;[90m106 ms - 14&amp#27;[39m &amp#27;[90m&amp#27;[39m
&amp#27;[38;5;195m[ede007ff]&amp#27;[0m&amp#27;[38;5;86m[HTTP]&amp#27;[0m &amp#27;[37m-->&amp#27;[39m &amp#27;[37mGET&amp#27;[39m &amp#27;[37m/session/ede007ff-9ece-46cb-b5cc-6fcb91d90dcc/context&amp#27;[39m &amp#27;[90m{}&amp#27;[39m
&amp#27;[38;5;195m[ede007ff]&amp#27;[0m&amp#27;[38;5;-102m[AndroidUiautomator2Driver@32f8]&amp#27;[0m Calling AppiumDriver.getCurrentContext() with args: ["ede007ff-9ece-46cb-b5cc-6fcb91d90dcc"]
&amp#27;[38;5;195m[ede007ff]&amp#27;[0m&amp#27;[38;5;-102m[AndroidUiautomator2Driver@32f8]&amp#27;[0m Responding to client with driver.getCurrentContext() result: "NATIVE_APP"
&amp#27;[38;5;195m[ede007ff]&amp#27;[0m&amp#27;[38;5;86m[HTTP]&amp#27;[0m &amp#27;[37m<-- GET /session/ede007ff-9ece-46cb-b5cc-6fcb91d90dcc/context &amp#27;[39m&amp#27;[32m200&amp#27;[39m &amp#27;[90m3 ms - 22&amp#27;[39m &amp#27;[90m&amp#27;[39m
&amp#27;[38;5;195m[ede007ff]&amp#27;[0m&amp#27;[38;5;86m[HTTP]&amp#27;[0m &amp#27;[37m-->&amp#27;[39m &amp#27;[37mPOST&amp#27;[39m &amp#27;[37m/session/ede007ff-9ece-46cb-b5cc-6fcb91d90dcc/element&amp#27;[39m &amp#27;[90m{"value":"com.saucelabs.mydemoapp.android:id/nameET","using":"id"}&amp#27;[39m
&amp#27;[38;5;195m[ede007ff]&amp#27;[0m&amp#27;[38;5;-102m[AndroidUiautomator2Driver@32f8]&amp#27;[0m Calling AppiumDriver.findElement() with args: ["id","com.saucelabs.mydemoapp.android:id/nameET","ede007ff-9ece-46cb-b5cc-6fcb91d90dcc"]
&amp#27;[38;5;195m[ede007ff]&amp#27;[0m&amp#27;[38;5;-102m[AndroidUiautomator2Driver@32f8]&amp#27;[0m Valid locator strategies for this request: xpath, id, class name, accessibility id, css selector, -android uiautomator
&amp#27;[38;5;195m[ede007ff]&amp#27;[0m&amp#27;[38;5;-102m[AndroidUiautomator2Driver@32f8]&amp#27;[0m Waiting up to 15000 ms for condition
&amp#27;[38;5;195m[ede007ff]&amp#27;[0m&amp#27;[38;5;-102m[AndroidUiautomator2Driver@32f8]&amp#27;[0m Matched '/element' to command name 'findElement'
&amp#27;[38;5;195m[ede007ff]&amp#27;[0m&amp#27;[38;5;-102m[AndroidUiautomator2Driver@32f8]&amp#27;[0m Proxying [POST /element] to [POST http://127.0.0.1:8201/session/6c25e23f-98e9-4e3e-a5db-9581ce455deb/element] with body: {"strategy":"id","selector":"com.saucelabs.mydemoapp.android:id/nameET","context":"","multiple":false}
&amp#27;[38;5;195m[ede007ff]&amp#27;[0m&amp#27;[38;5;-102m[AndroidUiautomator2Driver@32f8]&amp#27;[0m Got response with status 200: {"sessionId":"6c25e23f-98e9-4e3e-a5db-9581ce455deb","value":{"ELEMENT":"00000000-0000-0a18-ffff-ffff0000017c","element-6066-11e4-a52e-4f735466cecf":"00000000-0000-0a18-ffff-ffff0000017c"}}
&amp#27;[38;5;195m[ede007ff]&amp#27;[0m&amp#27;[38;5;-102m[AndroidUiautomator2Driver@32f8]&amp#27;[0m Responding to client with driver.findElement() result: {"element-6066-11e4-a52e-4f735466cecf":"00000000-0000-0a18-ffff-ffff0000017c","ELEMENT":"00000000-0000-0a18-ffff-ffff0000017c"}
&amp#27;[38;5;195m[ede007ff]&amp#27;[0m&amp#27;[38;5;86m[HTTP]&amp#27;[0m &amp#27;[37m<-- POST /session/ede007ff-9ece-46cb-b5cc-6fcb91d90dcc/element &amp#27;[39m&amp#27;[32m200&amp#27;[39m &amp#27;[90m950 ms - 137&amp#27;[39m &amp#27;[90m&amp#27;[39m
&amp#27;[38;5;195m[ede007ff]&amp#27;[0m&amp#27;[38;5;86m[HTTP]&amp#27;[0m &amp#27;[37m-->&amp#27;[39m &amp#27;[37mPOST&amp#27;[39m &amp#27;[37m/session/ede007ff-9ece-46cb-b5cc-6fcb91d90dcc/element/00000000-0000-0a18-ffff-ffff0000017c/value&amp#27;[39m &amp#27;[90m{"text":"bod@example.com","value":["b","o","d","@","e","x","a","m","p","l","e",".","c","o","m"],"id":"00000000-0000-0a18-ffff-ffff0000017c"}&amp#27;[39m
&amp#27;[38;5;195m[ede007ff]&amp#27;[0m&amp#27;[38;5;-102m[AndroidUiautomator2Driver@32f8]&amp#27;[0m Calling AppiumDriver.setValue() with args: [["b","o","d","@","e","x","a","m","p","l","e",".","c","o","m"],"00000000-0000-0a18-ffff-ffff0000017c","ede007ff-9ece-46cb-b5cc-6fcb91d90dcc"]
&amp#27;[38;5;195m[ede007ff]&amp#27;[0m&amp#27;[38;5;-102m[AndroidUiautomator2Driver@32f8]&amp#27;[0m Matched '/element/00000000-0000-0a18-ffff-ffff0000017c/value' to command name 'setValue'
&amp#27;[38;5;195m[ede007ff]&amp#27;[0m&amp#27;[38;5;-102m[AndroidUiautomator2Driver@32f8]&amp#27;[0m Added 'value' property ["b","o","d","@","e","x","a","m","p","l","e",".","c","o","m"] to 'setValue' request body
&amp#27;[38;5;195m[ede007ff]&amp#27;[0m&amp#27;[38;5;-102m[AndroidUiautomator2Driver@32f8]&amp#27;[0m Proxying [POST /element/00000000-0000-0a18-ffff-ffff0000017c/value] to [POST http://127.0.0.1:8201/session/6c25e23f-98e9-4e3e-a5db-9581ce455deb/element/00000000-0000-0a18-ffff-ffff0000017c/value] with body: {"elementId":"00000000-0000-0a18-ffff-ffff0000017c","text":"bod@example.com","replace":false,"value":["b","o","d","@","e","x","a","m","p","l","e",".","c","o","m"]}
&amp#27;[38;5;195m[ede007ff]&amp#27;[0m&amp#27;[38;5;-102m[AndroidUiautomator2Driver@32f8]&amp#27;[0m Got response with status 200: {"sessionId":"6c25e23f-98e9-4e3e-a5db-9581ce455deb","value":null}
&amp#27;[38;5;195m[ede007ff]&amp#27;[0m&amp#27;[38;5;-102m[AndroidUiautomator2Driver@32f8]&amp#27;[0m Responding to client with driver.setValue() result: null
&amp#27;[38;5;195m[ede007ff]&amp#27;[0m&amp#27;[38;5;86m[HTTP]&amp#27;[0m &amp#27;[37m<-- POST /session/ede007ff-9ece-46cb-b5cc-6fcb91d90dcc/element/00000000-0000-0a18-ffff-ffff0000017c/value &amp#27;[39m&amp#27;[32m200&amp#27;[39m &amp#27;[90m86 ms - 14&amp#27;[39m &amp#27;[90m&amp#27;[39m
&amp#27;[38;5;195m[ede007ff]&amp#27;[0m&amp#27;[38;5;86m[HTTP]&amp#27;[0m &amp#27;[37m-->&amp#27;[39m &amp#27;[37mGET&amp#27;[39m &amp#27;[37m/session/ede007ff-9ece-46cb-b5cc-6fcb91d90dcc/context&amp#27;[39m &amp#27;[90m{}&amp#27;[39m
&amp#27;[38;5;195m[ede007ff]&amp#27;[0m&amp#27;[38;5;-102m[AndroidUiautomator2Driver@32f8]&amp#27;[0m Calling AppiumDriver.getCurrentContext() with args: ["ede007ff-9ece-46cb-b5cc-6fcb91d90dcc"]
&amp#27;[38;5;195m[ede007ff]&amp#27;[0m&amp#27;[38;5;-102m[AndroidUiautomator2Driver@32f8]&amp#27;[0m Responding to client with driver.getCurrentContext() result: "NATIVE_APP"
&amp#27;[38;5;195m[ede007ff]&amp#27;[0m&amp#27;[38;5;86m[HTTP]&amp#27;[0m &amp#27;[37m<-- GET /session/ede007ff-9ece-46cb-b5cc-6fcb91d90dcc/context &amp#27;[39m&amp#27;[32m200&amp#27;[39m &amp#27;[90m2 ms - 22&amp#27;[39m &amp#27;[90m&amp#27;[39m
&amp#27;[38;5;195m[ede007ff]&amp#27;[0m&amp#27;[38;5;86m[HTTP]&amp#27;[0m &amp#27;[37m-->&amp#27;[39m &amp#27;[37mPOST&amp#27;[39m &amp#27;[37m/session/ede007ff-9ece-46cb-b5cc-6fcb91d90dcc/element&amp#27;[39m &amp#27;[90m{"value":"com.saucelabs.mydemoapp.android:id/passwordET","using":"id"}&amp#27;[39m
&amp#27;[38;5;195m[ede007ff]&amp#27;[0m&amp#27;[38;5;-102m[AndroidUiautomator2Driver@32f8]&amp#27;[0m Calling AppiumDriver.findElement() with args: ["id","com.saucelabs.mydemoapp.android:id/passwordET","ede007ff-9ece-46cb-b5cc-6fcb91d90dcc"]
&amp#27;[38;5;195m[ede007ff]&amp#27;[0m&amp#27;[38;5;-102m[AndroidUiautomator2Driver@32f8]&amp#27;[0m Valid locator strategies for this request: xpath, id, class name, accessibility id, css selector, -android uiautomator
&amp#27;[38;5;195m[ede007ff]&amp#27;[0m&amp#27;[38;5;-102m[AndroidUiautomator2Driver@32f8]&amp#27;[0m Waiting up to 15000 ms for condition
&amp#27;[38;5;195m[ede007ff]&amp#27;[0m&amp#27;[38;5;-102m[AndroidUiautomator2Driver@32f8]&amp#27;[0m Matched '/element' to command name 'findElement'
&amp#27;[38;5;195m[ede007ff]&amp#27;[0m&amp#27;[38;5;-102m[AndroidUiautomator2Driver@32f8]&amp#27;[0m Proxying [POST /element] to [POST http://127.0.0.1:8201/session/6c25e23f-98e9-4e3e-a5db-9581ce455deb/element] with body: {"strategy":"id","selector":"com.saucelabs.mydemoapp.android:id/passwordET","context":"","multiple":false}
&amp#27;[38;5;195m[ede007ff]&amp#27;[0m&amp#27;[38;5;-102m[AndroidUiautomator2Driver@32f8]&amp#27;[0m Got response with status 200: {"sessionId":"6c25e23f-98e9-4e3e-a5db-9581ce455deb","value":{"ELEMENT":"00000000-0000-0a18-ffff-ffff00000181","element-6066-11e4-a52e-4f735466cecf":"00000000-0000-0a18-ffff-ffff00000181"}}
&amp#27;[38;5;195m[ede007ff]&amp#27;[0m&amp#27;[38;5;-102m[AndroidUiautomator2Driver@32f8]&amp#27;[0m Responding to client with driver.findElement() result: {"element-6066-11e4-a52e-4f735466cecf":"00000000-0000-0a18-ffff-ffff00000181","ELEMENT":"00000000-0000-0a18-ffff-ffff00000181"}
&amp#27;[38;5;195m[ede007ff]&amp#27;[0m&amp#27;[38;5;86m[HTTP]&amp#27;[0m &amp#27;[37m<-- POST /session/ede007ff-9ece-46cb-b5cc-6fcb91d90dcc/element &amp#27;[39m&amp#27;[32m200&amp#27;[39m &amp#27;[90m663 ms - 137&amp#27;[39m &amp#27;[90m&amp#27;[39m
&amp#27;[38;5;195m[ede007ff]&amp#27;[0m&amp#27;[38;5;86m[HTTP]&amp#27;[0m &amp#27;[37m-->&amp#27;[39m &amp#27;[37mPOST&amp#27;[39m &amp#27;[37m/session/ede007ff-9ece-46cb-b5cc-6fcb91d90dcc/element/00000000-0000-0a18-ffff-ffff00000181/click&amp#27;[39m &amp#27;[90m{"id":"00000000-0000-0a18-ffff-ffff00000181"}&amp#27;[39m
&amp#27;[38;5;195m[ede007ff]&amp#27;[0m&amp#27;[38;5;-102m[AndroidUiautomator2Driver@32f8]&amp#27;[0m Calling AppiumDriver.click() with args: ["00000000-0000-0a18-ffff-ffff00000181","ede007ff-9ece-46cb-b5cc-6fcb91d90dcc"]
&amp#27;[38;5;195m[ede007ff]&amp#27;[0m&amp#27;[38;5;-102m[AndroidUiautomator2Driver@32f8]&amp#27;[0m Matched '/element/00000000-0000-0a18-ffff-ffff00000181/click' to command name 'click'
&amp#27;[38;5;195m[ede007ff]&amp#27;[0m&amp#27;[38;5;-102m[AndroidUiautomator2Driver@32f8]&amp#27;[0m Proxying [POST /element/00000000-0000-0a18-ffff-ffff00000181/click] to [POST http://127.0.0.1:8201/session/6c25e23f-98e9-4e3e-a5db-9581ce455deb/element/00000000-0000-0a18-ffff-ffff00000181/click] with body: {"element":"00000000-0000-0a18-ffff-ffff00000181"}
&amp#27;[38;5;195m[ede007ff]&amp#27;[0m&amp#27;[38;5;-102m[AndroidUiautomator2Driver@32f8]&amp#27;[0m Got response with status 200: {"sessionId":"6c25e23f-98e9-4e3e-a5db-9581ce455deb","value":null}
&amp#27;[38;5;195m[ede007ff]&amp#27;[0m&amp#27;[38;5;-102m[AndroidUiautomator2Driver@32f8]&amp#27;[0m Responding to client with driver.click() result: null
&amp#27;[38;5;195m[ede007ff]&amp#27;[0m&amp#27;[38;5;86m[HTTP]&amp#27;[0m &amp#27;[37m<-- POST /session/ede007ff-9ece-46cb-b5cc-6fcb91d90dcc/element/00000000-0000-0a18-ffff-ffff00000181/click &amp#27;[39m&amp#27;[32m200&amp#27;[39m &amp#27;[90m693 ms - 14&amp#27;[39m &amp#27;[90m&amp#27;[39m
&amp#27;[38;5;195m[ede007ff]&amp#27;[0m&amp#27;[38;5;86m[HTTP]&amp#27;[0m &amp#27;[37m-->&amp#27;[39m &amp#27;[37mGET&amp#27;[39m &amp#27;[37m/session/ede007ff-9ece-46cb-b5cc-6fcb91d90dcc/context&amp#27;[39m &amp#27;[90m{}&amp#27;[39m
&amp#27;[38;5;195m[ede007ff]&amp#27;[0m&amp#27;[38;5;-102m[AndroidUiautomator2Driver@32f8]&amp#27;[0m Calling AppiumDriver.getCurrentContext() with args: ["ede007ff-9ece-46cb-b5cc-6fcb91d90dcc"]
&amp#27;[38;5;195m[ede007ff]&amp#27;[0m&amp#27;[38;5;-102m[AndroidUiautomator2Driver@32f8]&amp#27;[0m Responding to client with driver.getCurrentContext() result: "NATIVE_APP"
&amp#27;[38;5;195m[ede007ff]&amp#27;[0m&amp#27;[38;5;86m[HTTP]&amp#27;[0m &amp#27;[37m<-- GET /session/ede007ff-9ece-46cb-b5cc-6fcb91d90dcc/context &amp#27;[39m&amp#27;[32m200&amp#27;[39m &amp#27;[90m2 ms - 22&amp#27;[39m &amp#27;[90m&amp#27;[39m
&amp#27;[38;5;195m[ede007ff]&amp#27;[0m&amp#27;[38;5;86m[HTTP]&amp#27;[0m &amp#27;[37m-->&amp#27;[39m &amp#27;[37mPOST&amp#27;[39m &amp#27;[37m/session/ede007ff-9ece-46cb-b5cc-6fcb91d90dcc/element&amp#27;[39m &amp#27;[90m{"value":"com.saucelabs.mydemoapp.android:id/passwordET","using":"id"}&amp#27;[39m
&amp#27;[38;5;195m[ede007ff]&amp#27;[0m&amp#27;[38;5;-102m[AndroidUiautomator2Driver@32f8]&amp#27;[0m Calling AppiumDriver.findElement() with args: ["id","com.saucelabs.mydemoapp.android:id/passwordET","ede007ff-9ece-46cb-b5cc-6fcb91d90dcc"]
&amp#27;[38;5;195m[ede007ff]&amp#27;[0m&amp#27;[38;5;-102m[AndroidUiautomator2Driver@32f8]&amp#27;[0m Valid locator strategies for this request: xpath, id, class name, accessibility id, css selector, -android uiautomator
&amp#27;[38;5;195m[ede007ff]&amp#27;[0m&amp#27;[38;5;-102m[AndroidUiautomator2Driver@32f8]&amp#27;[0m Waiting up to 15000 ms for condition
&amp#27;[38;5;195m[ede007ff]&amp#27;[0m&amp#27;[38;5;-102m[AndroidUiautomator2Driver@32f8]&amp#27;[0m Matched '/element' to command name 'findElement'
&amp#27;[38;5;195m[ede007ff]&amp#27;[0m&amp#27;[38;5;-102m[AndroidUiautomator2Driver@32f8]&amp#27;[0m Proxying [POST /element] to [POST http://127.0.0.1:8201/session/6c25e23f-98e9-4e3e-a5db-9581ce455deb/element] with body: {"strategy":"id","selector":"com.saucelabs.mydemoapp.android:id/passwordET","context":"","multiple":false}
&amp#27;[38;5;195m[ede007ff]&amp#27;[0m&amp#27;[38;5;-102m[AndroidUiautomator2Driver@32f8]&amp#27;[0m Got response with status 200: {"sessionId":"6c25e23f-98e9-4e3e-a5db-9581ce455deb","value":{"ELEMENT":"00000000-0000-0a18-ffff-ffff00000181","element-6066-11e4-a52e-4f735466cecf":"00000000-0000-0a18-ffff-ffff00000181"}}
&amp#27;[38;5;195m[ede007ff]&amp#27;[0m&amp#27;[38;5;-102m[AndroidUiautomator2Driver@32f8]&amp#27;[0m Responding to client with driver.findElement() result: {"element-6066-11e4-a52e-4f735466cecf":"00000000-0000-0a18-ffff-ffff00000181","ELEMENT":"00000000-0000-0a18-ffff-ffff00000181"}
&amp#27;[38;5;195m[ede007ff]&amp#27;[0m&amp#27;[38;5;86m[HTTP]&amp#27;[0m &amp#27;[37m<-- POST /session/ede007ff-9ece-46cb-b5cc-6fcb91d90dcc/element &amp#27;[39m&amp#27;[32m200&amp#27;[39m &amp#27;[90m152 ms - 137&amp#27;[39m &amp#27;[90m&amp#27;[39m
&amp#27;[38;5;195m[ede007ff]&amp#27;[0m&amp#27;[38;5;86m[HTTP]&amp#27;[0m &amp#27;[37m-->&amp#27;[39m &amp#27;[37mPOST&amp#27;[39m &amp#27;[37m/session/ede007ff-9ece-46cb-b5cc-6fcb91d90dcc/element/00000000-0000-0a18-ffff-ffff00000181/value&amp#27;[39m &amp#27;[90m{"text":"10203040","value":["1","0","2","0","3","0","4","0"],"id":"00000000-0000-0a18-ffff-ffff00000181"}&amp#27;[39m
&amp#27;[38;5;195m[ede007ff]&amp#27;[0m&amp#27;[38;5;-102m[AndroidUiautomator2Driver@32f8]&amp#27;[0m Calling AppiumDriver.setValue() with args: [["1","0","2","0","3","0","4","0"],"00000000-0000-0a18-ffff-ffff00000181","ede007ff-9ece-46cb-b5cc-6fcb91d90dcc"]
&amp#27;[38;5;195m[ede007ff]&amp#27;[0m&amp#27;[38;5;-102m[AndroidUiautomator2Driver@32f8]&amp#27;[0m Matched '/element/00000000-0000-0a18-ffff-ffff00000181/value' to command name 'setValue'
&amp#27;[38;5;195m[ede007ff]&amp#27;[0m&amp#27;[38;5;-102m[AndroidUiautomator2Driver@32f8]&amp#27;[0m Added 'value' property ["1","0","2","0","3","0","4","0"] to 'setValue' request body
&amp#27;[38;5;195m[ede007ff]&amp#27;[0m&amp#27;[38;5;-102m[AndroidUiautomator2Driver@32f8]&amp#27;[0m Proxying [POST /element/00000000-0000-0a18-ffff-ffff00000181/value] to [POST http://127.0.0.1:8201/session/6c25e23f-98e9-4e3e-a5db-9581ce455deb/element/00000000-0000-0a18-ffff-ffff00000181/value] with body: {"elementId":"00000000-0000-0a18-ffff-ffff00000181","text":"10203040","replace":false,"value":["1","0","2","0","3","0","4","0"]}
&amp#27;[38;5;195m[ede007ff]&amp#27;[0m&amp#27;[38;5;-102m[AndroidUiautomator2Driver@32f8]&amp#27;[0m Got response with status 200: {"sessionId":"6c25e23f-98e9-4e3e-a5db-9581ce455deb","value":null}
&amp#27;[38;5;195m[ede007ff]&amp#27;[0m&amp#27;[38;5;-102m[AndroidUiautomator2Driver@32f8]&amp#27;[0m Responding to client with driver.setValue() result: null
&amp#27;[38;5;195m[ede007ff]&amp#27;[0m&amp#27;[38;5;86m[HTTP]&amp#27;[0m &amp#27;[37m<-- POST /session/ede007ff-9ece-46cb-b5cc-6fcb91d90dcc/element/00000000-0000-0a18-ffff-ffff00000181/value &amp#27;[39m&amp#27;[32m200&amp#27;[39m &amp#27;[90m92 ms - 14&amp#27;[39m &amp#27;[90m&amp#27;[39m
&amp#27;[38;5;195m[ede007ff]&amp#27;[0m&amp#27;[38;5;86m[HTTP]&amp#27;[0m &amp#27;[37m-->&amp#27;[39m &amp#27;[37mGET&amp#27;[39m &amp#27;[37m/session/ede007ff-9ece-46cb-b5cc-6fcb91d90dcc/context&amp#27;[39m &amp#27;[90m{}&amp#27;[39m
&amp#27;[38;5;195m[ede007ff]&amp#27;[0m&amp#27;[38;5;-102m[AndroidUiautomator2Driver@32f8]&amp#27;[0m Calling AppiumDriver.getCurrentContext() with args: ["ede007ff-9ece-46cb-b5cc-6fcb91d90dcc"]
&amp#27;[38;5;195m[ede007ff]&amp#27;[0m&amp#27;[38;5;-102m[AndroidUiautomator2Driver@32f8]&amp#27;[0m Responding to client with driver.getCurrentContext() result: "NATIVE_APP"
&amp#27;[38;5;195m[ede007ff]&amp#27;[0m&amp#27;[38;5;86m[HTTP]&amp#27;[0m &amp#27;[37m<-- GET /session/ede007ff-9ece-46cb-b5cc-6fcb91d90dcc/context &amp#27;[39m&amp#27;[32m200&amp#27;[39m &amp#27;[90m2 ms - 22&amp#27;[39m &amp#27;[90m&amp#27;[39m
&amp#27;[38;5;195m[ede007ff]&amp#27;[0m&amp#27;[38;5;86m[HTTP]&amp#27;[0m &amp#27;[37m-->&amp#27;[39m &amp#27;[37mPOST&amp#27;[39m &amp#27;[37m/session/ede007ff-9ece-46cb-b5cc-6fcb91d90dcc/element&amp#27;[39m &amp#27;[90m{"value":"Tap to login with given credentials","using":"accessibility id"}&amp#27;[39m
&amp#27;[38;5;195m[ede007ff]&amp#27;[0m&amp#27;[38;5;-102m[AndroidUiautomator2Driver@32f8]&amp#27;[0m Calling AppiumDriver.findElement() with args: ["accessibility id","Tap to login with given credentials","ede007ff-9ece-46cb-b5cc-6fcb91d90dcc"]
&amp#27;[38;5;195m[ede007ff]&amp#27;[0m&amp#27;[38;5;-102m[AndroidUiautomator2Driver@32f8]&amp#27;[0m Valid locator strategies for this request: xpath, id, class name, accessibility id, css selector, -android uiautomator
&amp#27;[38;5;195m[ede007ff]&amp#27;[0m&amp#27;[38;5;-102m[AndroidUiautomator2Driver@32f8]&amp#27;[0m Waiting up to 15000 ms for condition
&amp#27;[38;5;195m[ede007ff]&amp#27;[0m&amp#27;[38;5;-102m[AndroidUiautomator2Driver@32f8]&amp#27;[0m Matched '/element' to command name 'findElement'
&amp#27;[38;5;195m[ede007ff]&amp#27;[0m&amp#27;[38;5;-102m[AndroidUiautomator2Driver@32f8]&amp#27;[0m Proxying [POST /element] to [POST http://127.0.0.1:8201/session/6c25e23f-98e9-4e3e-a5db-9581ce455deb/element] with body: {"strategy":"accessibility id","selector":"Tap to login with given credentials","context":"","multiple":false}
&amp#27;[38;5;195m[ede007ff]&amp#27;[0m&amp#27;[38;5;-102m[AndroidUiautomator2Driver@32f8]&amp#27;[0m Got response with status 200: {"sessionId":"6c25e23f-98e9-4e3e-a5db-9581ce455deb","value":{"ELEMENT":"00000000-0000-0a18-ffff-ffff00000186","element-6066-11e4-a52e-4f735466cecf":"00000000-0000-0a18-ffff-ffff00000186"}}
&amp#27;[38;5;195m[ede007ff]&amp#27;[0m&amp#27;[38;5;-102m[AndroidUiautomator2Driver@32f8]&amp#27;[0m Responding to client with driver.findElement() result: {"element-6066-11e4-a52e-4f735466cecf":"00000000-0000-0a18-ffff-ffff00000186","ELEMENT":"00000000-0000-0a18-ffff-ffff00000186"}
&amp#27;[38;5;195m[ede007ff]&amp#27;[0m&amp#27;[38;5;86m[HTTP]&amp#27;[0m &amp#27;[37m<-- POST /session/ede007ff-9ece-46cb-b5cc-6fcb91d90dcc/element &amp#27;[39m&amp#27;[32m200&amp#27;[39m &amp#27;[90m662 ms - 137&amp#27;[39m &amp#27;[90m&amp#27;[39m
&amp#27;[38;5;195m[ede007ff]&amp#27;[0m&amp#27;[38;5;86m[HTTP]&amp#27;[0m &amp#27;[37m-->&amp#27;[39m &amp#27;[37mPOST&amp#27;[39m &amp#27;[37m/session/ede007ff-9ece-46cb-b5cc-6fcb91d90dcc/element/00000000-0000-0a18-ffff-ffff00000186/click&amp#27;[39m &amp#27;[90m{"id":"00000000-0000-0a18-ffff-ffff00000186"}&amp#27;[39m
&amp#27;[38;5;195m[ede007ff]&amp#27;[0m&amp#27;[38;5;-102m[AndroidUiautomator2Driver@32f8]&amp#27;[0m Calling AppiumDriver.click() with args: ["00000000-0000-0a18-ffff-ffff00000186","ede007ff-9ece-46cb-b5cc-6fcb91d90dcc"]
&amp#27;[38;5;195m[ede007ff]&amp#27;[0m&amp#27;[38;5;-102m[AndroidUiautomator2Driver@32f8]&amp#27;[0m Matched '/element/00000000-0000-0a18-ffff-ffff00000186/click' to command name 'click'
&amp#27;[38;5;195m[ede007ff]&amp#27;[0m&amp#27;[38;5;-102m[AndroidUiautomator2Driver@32f8]&amp#27;[0m Proxying [POST /element/00000000-0000-0a18-ffff-ffff00000186/click] to [POST http://127.0.0.1:8201/session/6c25e23f-98e9-4e3e-a5db-9581ce455deb/element/00000000-0000-0a18-ffff-ffff00000186/click] with body: {"element":"00000000-0000-0a18-ffff-ffff00000186"}
&amp#27;[38;5;195m[ede007ff]&amp#27;[0m&amp#27;[38;5;-102m[AndroidUiautomator2Driver@32f8]&amp#27;[0m Got response with status 200: {"sessionId":"6c25e23f-98e9-4e3e-a5db-9581ce455deb","value":null}
&amp#27;[38;5;195m[ede007ff]&amp#27;[0m&amp#27;[38;5;-102m[AndroidUiautomator2Driver@32f8]&amp#27;[0m Responding to client with driver.click() result: null
&amp#27;[38;5;195m[ede007ff]&amp#27;[0m&amp#27;[38;5;86m[HTTP]&amp#27;[0m &amp#27;[37m<-- POST /session/ede007ff-9ece-46cb-b5cc-6fcb91d90dcc/element/00000000-0000-0a18-ffff-ffff00000186/click &amp#27;[39m&amp#27;[32m200&amp#27;[39m &amp#27;[90m108 ms - 14&amp#27;[39m &amp#27;[90m&amp#27;[39m
&amp#27;[38;5;195m[ede007ff]&amp#27;[0m&amp#27;[38;5;86m[HTTP]&amp#27;[0m &amp#27;[37m-->&amp#27;[39m &amp#27;[37mGET&amp#27;[39m &amp#27;[37m/session/ede007ff-9ece-46cb-b5cc-6fcb91d90dcc/context&amp#27;[39m &amp#27;[90m{}&amp#27;[39m
&amp#27;[38;5;195m[ede007ff]&amp#27;[0m&amp#27;[38;5;-102m[AndroidUiautomator2Driver@32f8]&amp#27;[0m Calling AppiumDriver.getCurrentContext() with args: ["ede007ff-9ece-46cb-b5cc-6fcb91d90dcc"]
&amp#27;[38;5;195m[ede007ff]&amp#27;[0m&amp#27;[38;5;-102m[AndroidUiautomator2Driver@32f8]&amp#27;[0m Responding to client with driver.getCurrentContext() result: "NATIVE_APP"
&amp#27;[38;5;195m[ede007ff]&amp#27;[0m&amp#27;[38;5;86m[HTTP]&amp#27;[0m &amp#27;[37m<-- GET /session/ede007ff-9ece-46cb-b5cc-6fcb91d90dcc/context &amp#27;[39m&amp#27;[32m200&amp#27;[39m &amp#27;[90m4 ms - 22&amp#27;[39m &amp#27;[90m&amp#27;[39m
&amp#27;[38;5;195m[ede007ff]&amp#27;[0m&amp#27;[38;5;86m[HTTP]&amp#27;[0m &amp#27;[37m-->&amp#27;[39m &amp#27;[37mPOST&amp#27;[39m &amp#27;[37m/session/ede007ff-9ece-46cb-b5cc-6fcb91d90dcc/element&amp#27;[39m &amp#27;[90m{"value":"new UiSelector().resourceId(\"com.saucelabs.mydemoapp.android:id/productIV\").instance(0)","using":"-android uiautomator"}&amp#27;[39m
&amp#27;[38;5;195m[ede007ff]&amp#27;[0m&amp#27;[38;5;-102m[AndroidUiautomator2Driver@32f8]&amp#27;[0m Calling AppiumDriver.findElement() with args: ["-android uiautomator","new UiSelector().resourceId(\"com.saucelabs.mydemoapp.android:id/productIV\").instance(0)","ede007ff-9ece-46cb-b5cc-6fcb91d90dcc"]
&amp#27;[38;5;195m[ede007ff]&amp#27;[0m&amp#27;[38;5;-102m[AndroidUiautomator2Driver@32f8]&amp#27;[0m Valid locator strategies for this request: xpath, id, class name, accessibility id, css selector, -android uiautomator
&amp#27;[38;5;195m[ede007ff]&amp#27;[0m&amp#27;[38;5;-102m[AndroidUiautomator2Driver@32f8]&amp#27;[0m Waiting up to 15000 ms for condition
&amp#27;[38;5;195m[ede007ff]&amp#27;[0m&amp#27;[38;5;-102m[AndroidUiautomator2Driver@32f8]&amp#27;[0m Matched '/element' to command name 'findElement'
&amp#27;[38;5;195m[ede007ff]&amp#27;[0m&amp#27;[38;5;-102m[AndroidUiautomator2Driver@32f8]&amp#27;[0m Proxying [POST /element] to [POST http://127.0.0.1:8201/session/6c25e23f-98e9-4e3e-a5db-9581ce455deb/element] with body: {"strategy":"-android uiautomator","selector":"new UiSelector().resourceId(\"com.saucelabs.mydemoapp.android:id/productIV\").instance(0)","context":"","multiple":false}
&amp#27;[38;5;195m[ede007ff]&amp#27;[0m&amp#27;[38;5;-102m[AndroidUiautomator2Driver@32f8]&amp#27;[0m Got response with status 200: {"sessionId":"6c25e23f-98e9-4e3e-a5db-9581ce455deb","value":{"ELEMENT":"00000000-0000-0a1b-ffff-ffff00000212","element-6066-11e4-a52e-4f735466cecf":"00000000-0000-0a1b-ffff-ffff00000212"}}
&amp#27;[38;5;195m[ede007ff]&amp#27;[0m&amp#27;[38;5;-102m[AndroidUiautomator2Driver@32f8]&amp#27;[0m Responding to client with driver.findElement() result: {"element-6066-11e4-a52e-4f735466cecf":"00000000-0000-0a1b-ffff-ffff00000212","ELEMENT":"00000000-0000-0a1b-ffff-ffff00000212"}
&amp#27;[38;5;195m[ede007ff]&amp#27;[0m&amp#27;[38;5;86m[HTTP]&amp#27;[0m &amp#27;[37m<-- POST /session/ede007ff-9ece-46cb-b5cc-6fcb91d90dcc/element &amp#27;[39m&amp#27;[32m200&amp#27;[39m &amp#27;[90m1148 ms - 137&amp#27;[39m &amp#27;[90m&amp#27;[39m
&amp#27;[38;5;195m[ede007ff]&amp#27;[0m&amp#27;[38;5;86m[HTTP]&amp#27;[0m &amp#27;[37m-->&amp#27;[39m &amp#27;[37mPOST&amp#27;[39m &amp#27;[37m/session/ede007ff-9ece-46cb-b5cc-6fcb91d90dcc/element/00000000-0000-0a1b-ffff-ffff00000212/click&amp#27;[39m &amp#27;[90m{"id":"00000000-0000-0a1b-ffff-ffff00000212"}&amp#27;[39m
&amp#27;[38;5;195m[ede007ff]&amp#27;[0m&amp#27;[38;5;-102m[AndroidUiautomator2Driver@32f8]&amp#27;[0m Calling AppiumDriver.click() with args: ["00000000-0000-0a1b-ffff-ffff00000212","ede007ff-9ece-46cb-b5cc-6fcb91d90dcc"]
&amp#27;[38;5;195m[ede007ff]&amp#27;[0m&amp#27;[38;5;-102m[AndroidUiautomator2Driver@32f8]&amp#27;[0m Matched '/element/00000000-0000-0a1b-ffff-ffff00000212/click' to command name 'click'
&amp#27;[38;5;195m[ede007ff]&amp#27;[0m&amp#27;[38;5;-102m[AndroidUiautomator2Driver@32f8]&amp#27;[0m Proxying [POST /element/00000000-0000-0a1b-ffff-ffff00000212/click] to [POST http://127.0.0.1:8201/session/6c25e23f-98e9-4e3e-a5db-9581ce455deb/element/00000000-0000-0a1b-ffff-ffff00000212/click] with body: {"element":"00000000-0000-0a1b-ffff-ffff00000212"}
&amp#27;[38;5;195m[ede007ff]&amp#27;[0m&amp#27;[38;5;-102m[AndroidUiautomator2Driver@32f8]&amp#27;[0m Got response with status 200: {"sessionId":"6c25e23f-98e9-4e3e-a5db-9581ce455deb","value":null}
&amp#27;[38;5;195m[ede007ff]&amp#27;[0m&amp#27;[38;5;-102m[AndroidUiautomator2Driver@32f8]&amp#27;[0m Responding to client with driver.click() result: null
&amp#27;[38;5;195m[ede007ff]&amp#27;[0m&amp#27;[38;5;86m[HTTP]&amp#27;[0m &amp#27;[37m<-- POST /session/ede007ff-9ece-46cb-b5cc-6fcb91d90dcc/element/00000000-0000-0a1b-ffff-ffff00000212/click &amp#27;[39m&amp#27;[32m200&amp#27;[39m &amp#27;[90m778 ms - 14&amp#27;[39m &amp#27;[90m&amp#27;[39m
&amp#27;[38;5;195m[ede007ff]&amp#27;[0m&amp#27;[38;5;86m[HTTP]&amp#27;[0m &amp#27;[37m-->&amp#27;[39m &amp#27;[37mGET&amp#27;[39m &amp#27;[37m/session/ede007ff-9ece-46cb-b5cc-6fcb91d90dcc/context&amp#27;[39m &amp#27;[90m{}&amp#27;[39m
&amp#27;[38;5;195m[ede007ff]&amp#27;[0m&amp#27;[38;5;-102m[AndroidUiautomator2Driver@32f8]&amp#27;[0m Calling AppiumDriver.getCurrentContext() with args: ["ede007ff-9ece-46cb-b5cc-6fcb91d90dcc"]
&amp#27;[38;5;195m[ede007ff]&amp#27;[0m&amp#27;[38;5;-102m[AndroidUiautomator2Driver@32f8]&amp#27;[0m Responding to client with driver.getCurrentContext() result: "NATIVE_APP"
&amp#27;[38;5;195m[ede007ff]&amp#27;[0m&amp#27;[38;5;86m[HTTP]&amp#27;[0m &amp#27;[37m<-- GET /session/ede007ff-9ece-46cb-b5cc-6fcb91d90dcc/context &amp#27;[39m&amp#27;[32m200&amp#27;[39m &amp#27;[90m1 ms - 22&amp#27;[39m &amp#27;[90m&amp#27;[39m
&amp#27;[38;5;195m[ede007ff]&amp#27;[0m&amp#27;[38;5;86m[HTTP]&amp#27;[0m &amp#27;[37m-->&amp#27;[39m &amp#27;[37mPOST&amp#27;[39m &amp#27;[37m/session/ede007ff-9ece-46cb-b5cc-6fcb91d90dcc/element&amp#27;[39m &amp#27;[90m{"value":"Increase item quantity","using":"accessibility id"}&amp#27;[39m
&amp#27;[38;5;195m[ede007ff]&amp#27;[0m&amp#27;[38;5;-102m[AndroidUiautomator2Driver@32f8]&amp#27;[0m Calling AppiumDriver.findElement() with args: ["accessibility id","Increase item quantity","ede007ff-9ece-46cb-b5cc-6fcb91d90dcc"]
&amp#27;[38;5;195m[ede007ff]&amp#27;[0m&amp#27;[38;5;-102m[AndroidUiautomator2Driver@32f8]&amp#27;[0m Valid locator strategies for this request: xpath, id, class name, accessibility id, css selector, -android uiautomator
&amp#27;[38;5;195m[ede007ff]&amp#27;[0m&amp#27;[38;5;-102m[AndroidUiautomator2Driver@32f8]&amp#27;[0m Waiting up to 15000 ms for condition
&amp#27;[38;5;195m[ede007ff]&amp#27;[0m&amp#27;[38;5;-102m[AndroidUiautomator2Driver@32f8]&amp#27;[0m Matched '/element' to command name 'findElement'
&amp#27;[38;5;195m[ede007ff]&amp#27;[0m&amp#27;[38;5;-102m[AndroidUiautomator2Driver@32f8]&amp#27;[0m Proxying [POST /element] to [POST http://127.0.0.1:8201/session/6c25e23f-98e9-4e3e-a5db-9581ce455deb/element] with body: {"strategy":"accessibility id","selector":"Increase item quantity","context":"","multiple":false}
&amp#27;[38;5;195m[ede007ff]&amp#27;[0m&amp#27;[38;5;-102m[AndroidUiautomator2Driver@32f8]&amp#27;[0m Got response with status 200: {"sessionId":"6c25e23f-98e9-4e3e-a5db-9581ce455deb","value":{"ELEMENT":"00000000-0000-0a1c-ffff-ffff0000033d","element-6066-11e4-a52e-4f735466cecf":"00000000-0000-0a1c-ffff-ffff0000033d"}}
&amp#27;[38;5;195m[ede007ff]&amp#27;[0m&amp#27;[38;5;-102m[AndroidUiautomator2Driver@32f8]&amp#27;[0m Responding to client with driver.findElement() result: {"element-6066-11e4-a52e-4f735466cecf":"00000000-0000-0a1c-ffff-ffff0000033d","ELEMENT":"00000000-0000-0a1c-ffff-ffff0000033d"}
&amp#27;[38;5;195m[ede007ff]&amp#27;[0m&amp#27;[38;5;86m[HTTP]&amp#27;[0m &amp#27;[37m<-- POST /session/ede007ff-9ece-46cb-b5cc-6fcb91d90dcc/element &amp#27;[39m&amp#27;[32m200&amp#27;[39m &amp#27;[90m113 ms - 137&amp#27;[39m &amp#27;[90m&amp#27;[39m
&amp#27;[38;5;195m[ede007ff]&amp#27;[0m&amp#27;[38;5;86m[HTTP]&amp#27;[0m &amp#27;[37m-->&amp#27;[39m &amp#27;[37mPOST&amp#27;[39m &amp#27;[37m/session/ede007ff-9ece-46cb-b5cc-6fcb91d90dcc/element/00000000-0000-0a1c-ffff-ffff0000033d/click&amp#27;[39m &amp#27;[90m{"id":"00000000-0000-0a1c-ffff-ffff0000033d"}&amp#27;[39m
&amp#27;[38;5;195m[ede007ff]&amp#27;[0m&amp#27;[38;5;-102m[AndroidUiautomator2Driver@32f8]&amp#27;[0m Calling AppiumDriver.click() with args: ["00000000-0000-0a1c-ffff-ffff0000033d","ede007ff-9ece-46cb-b5cc-6fcb91d90dcc"]
&amp#27;[38;5;195m[ede007ff]&amp#27;[0m&amp#27;[38;5;-102m[AndroidUiautomator2Driver@32f8]&amp#27;[0m Matched '/element/00000000-0000-0a1c-ffff-ffff0000033d/click' to command name 'click'
&amp#27;[38;5;195m[ede007ff]&amp#27;[0m&amp#27;[38;5;-102m[AndroidUiautomator2Driver@32f8]&amp#27;[0m Proxying [POST /element/00000000-0000-0a1c-ffff-ffff0000033d/click] to [POST http://127.0.0.1:8201/session/6c25e23f-98e9-4e3e-a5db-9581ce455deb/element/00000000-0000-0a1c-ffff-ffff0000033d/click] with body: {"element":"00000000-0000-0a1c-ffff-ffff0000033d"}
&amp#27;[38;5;195m[ede007ff]&amp#27;[0m&amp#27;[38;5;-102m[AndroidUiautomator2Driver@32f8]&amp#27;[0m Got response with status 200: {"sessionId":"6c25e23f-98e9-4e3e-a5db-9581ce455deb","value":null}
&amp#27;[38;5;195m[ede007ff]&amp#27;[0m&amp#27;[38;5;-102m[AndroidUiautomator2Driver@32f8]&amp#27;[0m Responding to client with driver.click() result: null
&amp#27;[38;5;195m[ede007ff]&amp#27;[0m&amp#27;[38;5;86m[HTTP]&amp#27;[0m &amp#27;[37m<-- POST /session/ede007ff-9ece-46cb-b5cc-6fcb91d90dcc/element/00000000-0000-0a1c-ffff-ffff0000033d/click &amp#27;[39m&amp#27;[32m200&amp#27;[39m &amp#27;[90m707 ms - 14&amp#27;[39m &amp#27;[90m&amp#27;[39m
&amp#27;[38;5;195m[ede007ff]&amp#27;[0m&amp#27;[38;5;86m[HTTP]&amp#27;[0m &amp#27;[37m-->&amp#27;[39m &amp#27;[37mGET&amp#27;[39m &amp#27;[37m/session/ede007ff-9ece-46cb-b5cc-6fcb91d90dcc/context&amp#27;[39m &amp#27;[90m{}&amp#27;[39m
&amp#27;[38;5;195m[ede007ff]&amp#27;[0m&amp#27;[38;5;-102m[AndroidUiautomator2Driver@32f8]&amp#27;[0m Calling AppiumDriver.getCurrentContext() with args: ["ede007ff-9ece-46cb-b5cc-6fcb91d90dcc"]
&amp#27;[38;5;195m[ede007ff]&amp#27;[0m&amp#27;[38;5;-102m[AndroidUiautomator2Driver@32f8]&amp#27;[0m Responding to client with driver.getCurrentContext() result: "NATIVE_APP"
&amp#27;[38;5;195m[ede007ff]&amp#27;[0m&amp#27;[38;5;86m[HTTP]&amp#27;[0m &amp#27;[37m<-- GET /session/ede007ff-9ece-46cb-b5cc-6fcb91d90dcc/context &amp#27;[39m&amp#27;[32m200&amp#27;[39m &amp#27;[90m2 ms - 22&amp#27;[39m &amp#27;[90m&amp#27;[39m
&amp#27;[38;5;195m[ede007ff]&amp#27;[0m&amp#27;[38;5;86m[HTTP]&amp#27;[0m &amp#27;[37m-->&amp#27;[39m &amp#27;[37mPOST&amp#27;[39m &amp#27;[37m/session/ede007ff-9ece-46cb-b5cc-6fcb91d90dcc/element&amp#27;[39m &amp#27;[90m{"value":"Increase item quantity","using":"accessibility id"}&amp#27;[39m
&amp#27;[38;5;195m[ede007ff]&amp#27;[0m&amp#27;[38;5;-102m[AndroidUiautomator2Driver@32f8]&amp#27;[0m Calling AppiumDriver.findElement() with args: ["accessibility id","Increase item quantity","ede007ff-9ece-46cb-b5cc-6fcb91d90dcc"]
&amp#27;[38;5;195m[ede007ff]&amp#27;[0m&amp#27;[38;5;-102m[AndroidUiautomator2Driver@32f8]&amp#27;[0m Valid locator strategies for this request: xpath, id, class name, accessibility id, css selector, -android uiautomator
&amp#27;[38;5;195m[ede007ff]&amp#27;[0m&amp#27;[38;5;-102m[AndroidUiautomator2Driver@32f8]&amp#27;[0m Waiting up to 15000 ms for condition
&amp#27;[38;5;195m[ede007ff]&amp#27;[0m&amp#27;[38;5;-102m[AndroidUiautomator2Driver@32f8]&amp#27;[0m Matched '/element' to command name 'findElement'
&amp#27;[38;5;195m[ede007ff]&amp#27;[0m&amp#27;[38;5;-102m[AndroidUiautomator2Driver@32f8]&amp#27;[0m Proxying [POST /element] to [POST http://127.0.0.1:8201/session/6c25e23f-98e9-4e3e-a5db-9581ce455deb/element] with body: {"strategy":"accessibility id","selector":"Increase item quantity","context":"","multiple":false}
&amp#27;[38;5;195m[ede007ff]&amp#27;[0m&amp#27;[38;5;-102m[AndroidUiautomator2Driver@32f8]&amp#27;[0m Got response with status 200: {"sessionId":"6c25e23f-98e9-4e3e-a5db-9581ce455deb","value":{"ELEMENT":"00000000-0000-0a1c-ffff-ffff0000033d","element-6066-11e4-a52e-4f735466cecf":"00000000-0000-0a1c-ffff-ffff0000033d"}}
&amp#27;[38;5;195m[ede007ff]&amp#27;[0m&amp#27;[38;5;-102m[AndroidUiautomator2Driver@32f8]&amp#27;[0m Responding to client with driver.findElement() result: {"element-6066-11e4-a52e-4f735466cecf":"00000000-0000-0a1c-ffff-ffff0000033d","ELEMENT":"00000000-0000-0a1c-ffff-ffff0000033d"}
&amp#27;[38;5;195m[ede007ff]&amp#27;[0m&amp#27;[38;5;86m[HTTP]&amp#27;[0m &amp#27;[37m<-- POST /session/ede007ff-9ece-46cb-b5cc-6fcb91d90dcc/element &amp#27;[39m&amp#27;[32m200&amp#27;[39m &amp#27;[90m279 ms - 137&amp#27;[39m &amp#27;[90m&amp#27;[39m
&amp#27;[38;5;195m[ede007ff]&amp#27;[0m&amp#27;[38;5;86m[HTTP]&amp#27;[0m &amp#27;[37m-->&amp#27;[39m &amp#27;[37mPOST&amp#27;[39m &amp#27;[37m/session/ede007ff-9ece-46cb-b5cc-6fcb91d90dcc/element/00000000-0000-0a1c-ffff-ffff0000033d/click&amp#27;[39m &amp#27;[90m{"id":"00000000-0000-0a1c-ffff-ffff0000033d"}&amp#27;[39m
&amp#27;[38;5;195m[ede007ff]&amp#27;[0m&amp#27;[38;5;-102m[AndroidUiautomator2Driver@32f8]&amp#27;[0m Calling AppiumDriver.click() with args: ["00000000-0000-0a1c-ffff-ffff0000033d","ede007ff-9ece-46cb-b5cc-6fcb91d90dcc"]
&amp#27;[38;5;195m[ede007ff]&amp#27;[0m&amp#27;[38;5;-102m[AndroidUiautomator2Driver@32f8]&amp#27;[0m Matched '/element/00000000-0000-0a1c-ffff-ffff0000033d/click' to command name 'click'
&amp#27;[38;5;195m[ede007ff]&amp#27;[0m&amp#27;[38;5;-102m[AndroidUiautomator2Driver@32f8]&amp#27;[0m Proxying [POST /element/00000000-0000-0a1c-ffff-ffff0000033d/click] to [POST http://127.0.0.1:8201/session/6c25e23f-98e9-4e3e-a5db-9581ce455deb/element/00000000-0000-0a1c-ffff-ffff0000033d/click] with body: {"element":"00000000-0000-0a1c-ffff-ffff0000033d"}
&amp#27;[38;5;195m[ede007ff]&amp#27;[0m&amp#27;[38;5;-102m[AndroidUiautomator2Driver@32f8]&amp#27;[0m Got response with status 200: {"sessionId":"6c25e23f-98e9-4e3e-a5db-9581ce455deb","value":null}
&amp#27;[38;5;195m[ede007ff]&amp#27;[0m&amp#27;[38;5;-102m[AndroidUiautomator2Driver@32f8]&amp#27;[0m Responding to client with driver.click() result: null
&amp#27;[38;5;195m[ede007ff]&amp#27;[0m&amp#27;[38;5;86m[HTTP]&amp#27;[0m &amp#27;[37m<-- POST /session/ede007ff-9ece-46cb-b5cc-6fcb91d90dcc/element/00000000-0000-0a1c-ffff-ffff0000033d/click &amp#27;[39m&amp#27;[32m200&amp#27;[39m &amp#27;[90m713 ms - 14&amp#27;[39m &amp#27;[90m&amp#27;[39m
&amp#27;[38;5;195m[ede007ff]&amp#27;[0m&amp#27;[38;5;86m[HTTP]&amp#27;[0m &amp#27;[37m-->&amp#27;[39m &amp#27;[37mGET&amp#27;[39m &amp#27;[37m/session/ede007ff-9ece-46cb-b5cc-6fcb91d90dcc/context&amp#27;[39m &amp#27;[90m{}&amp#27;[39m
&amp#27;[38;5;195m[ede007ff]&amp#27;[0m&amp#27;[38;5;-102m[AndroidUiautomator2Driver@32f8]&amp#27;[0m Calling AppiumDriver.getCurrentContext() with args: ["ede007ff-9ece-46cb-b5cc-6fcb91d90dcc"]
&amp#27;[38;5;195m[ede007ff]&amp#27;[0m&amp#27;[38;5;-102m[AndroidUiautomator2Driver@32f8]&amp#27;[0m Responding to client with driver.getCurrentContext() result: "NATIVE_APP"
&amp#27;[38;5;195m[ede007ff]&amp#27;[0m&amp#27;[38;5;86m[HTTP]&amp#27;[0m &amp#27;[37m<-- GET /session/ede007ff-9ece-46cb-b5cc-6fcb91d90dcc/context &amp#27;[39m&amp#27;[32m200&amp#27;[39m &amp#27;[90m2 ms - 22&amp#27;[39m &amp#27;[90m&amp#27;[39m
&amp#27;[38;5;195m[ede007ff]&amp#27;[0m&amp#27;[38;5;86m[HTTP]&amp#27;[0m &amp#27;[37m-->&amp#27;[39m &amp#27;[37mPOST&amp#27;[39m &amp#27;[37m/session/ede007ff-9ece-46cb-b5cc-6fcb91d90dcc/element&amp#27;[39m &amp#27;[90m{"value":"Tap to add product to cart","using":"accessibility id"}&amp#27;[39m
&amp#27;[38;5;195m[ede007ff]&amp#27;[0m&amp#27;[38;5;-102m[AndroidUiautomator2Driver@32f8]&amp#27;[0m Calling AppiumDriver.findElement() with args: ["accessibility id","Tap to add product to cart","ede007ff-9ece-46cb-b5cc-6fcb91d90dcc"]
&amp#27;[38;5;195m[ede007ff]&amp#27;[0m&amp#27;[38;5;-102m[AndroidUiautomator2Driver@32f8]&amp#27;[0m Valid locator strategies for this request: xpath, id, class name, accessibility id, css selector, -android uiautomator
&amp#27;[38;5;195m[ede007ff]&amp#27;[0m&amp#27;[38;5;-102m[AndroidUiautomator2Driver@32f8]&amp#27;[0m Waiting up to 15000 ms for condition
&amp#27;[38;5;195m[ede007ff]&amp#27;[0m&amp#27;[38;5;-102m[AndroidUiautomator2Driver@32f8]&amp#27;[0m Matched '/element' to command name 'findElement'
&amp#27;[38;5;195m[ede007ff]&amp#27;[0m&amp#27;[38;5;-102m[AndroidUiautomator2Driver@32f8]&amp#27;[0m Proxying [POST /element] to [POST http://127.0.0.1:8201/session/6c25e23f-98e9-4e3e-a5db-9581ce455deb/element] with body: {"strategy":"accessibility id","selector":"Tap to add product to cart","context":"","multiple":false}
&amp#27;[38;5;195m[ede007ff]&amp#27;[0m&amp#27;[38;5;-102m[AndroidUiautomator2Driver@32f8]&amp#27;[0m Got response with status 200: {"sessionId":"6c25e23f-98e9-4e3e-a5db-9581ce455deb","value":{"ELEMENT":"00000000-0000-0a1c-ffff-ffff0000033e","element-6066-11e4-a52e-4f735466cecf":"00000000-0000-0a1c-ffff-ffff0000033e"}}
&amp#27;[38;5;195m[ede007ff]&amp#27;[0m&amp#27;[38;5;-102m[AndroidUiautomator2Driver@32f8]&amp#27;[0m Responding to client with driver.findElement() result: {"element-6066-11e4-a52e-4f735466cecf":"00000000-0000-0a1c-ffff-ffff0000033e","ELEMENT":"00000000-0000-0a1c-ffff-ffff0000033e"}
&amp#27;[38;5;195m[ede007ff]&amp#27;[0m&amp#27;[38;5;86m[HTTP]&amp#27;[0m &amp#27;[37m<-- POST /session/ede007ff-9ece-46cb-b5cc-6fcb91d90dcc/element &amp#27;[39m&amp#27;[32m200&amp#27;[39m &amp#27;[90m184 ms - 137&amp#27;[39m &amp#27;[90m&amp#27;[39m
&amp#27;[38;5;195m[ede007ff]&amp#27;[0m&amp#27;[38;5;86m[HTTP]&amp#27;[0m &amp#27;[37m-->&amp#27;[39m &amp#27;[37mPOST&amp#27;[39m &amp#27;[37m/session/ede007ff-9ece-46cb-b5cc-6fcb91d90dcc/element/00000000-0000-0a1c-ffff-ffff0000033e/click&amp#27;[39m &amp#27;[90m{"id":"00000000-0000-0a1c-ffff-ffff0000033e"}&amp#27;[39m
&amp#27;[38;5;195m[ede007ff]&amp#27;[0m&amp#27;[38;5;-102m[AndroidUiautomator2Driver@32f8]&amp#27;[0m Calling AppiumDriver.click() with args: ["00000000-0000-0a1c-ffff-ffff0000033e","ede007ff-9ece-46cb-b5cc-6fcb91d90dcc"]
&amp#27;[38;5;195m[ede007ff]&amp#27;[0m&amp#27;[38;5;-102m[AndroidUiautomator2Driver@32f8]&amp#27;[0m Matched '/element/00000000-0000-0a1c-ffff-ffff0000033e/click' to command name 'click'
&amp#27;[38;5;195m[ede007ff]&amp#27;[0m&amp#27;[38;5;-102m[AndroidUiautomator2Driver@32f8]&amp#27;[0m Proxying [POST /element/00000000-0000-0a1c-ffff-ffff0000033e/click] to [POST http://127.0.0.1:8201/session/6c25e23f-98e9-4e3e-a5db-9581ce455deb/element/00000000-0000-0a1c-ffff-ffff0000033e/click] with body: {"element":"00000000-0000-0a1c-ffff-ffff0000033e"}
&amp#27;[38;5;195m[ede007ff]&amp#27;[0m&amp#27;[38;5;-102m[AndroidUiautomator2Driver@32f8]&amp#27;[0m Got response with status 200: {"sessionId":"6c25e23f-98e9-4e3e-a5db-9581ce455deb","value":null}
&amp#27;[38;5;195m[ede007ff]&amp#27;[0m&amp#27;[38;5;-102m[AndroidUiautomator2Driver@32f8]&amp#27;[0m Responding to client with driver.click() result: null
&amp#27;[38;5;195m[ede007ff]&amp#27;[0m&amp#27;[38;5;86m[HTTP]&amp#27;[0m &amp#27;[37m<-- POST /session/ede007ff-9ece-46cb-b5cc-6fcb91d90dcc/element/00000000-0000-0a1c-ffff-ffff0000033e/click &amp#27;[39m&amp#27;[32m200&amp#27;[39m &amp#27;[90m101 ms - 14&amp#27;[39m &amp#27;[90m&amp#27;[39m
&amp#27;[38;5;195m[ede007ff]&amp#27;[0m&amp#27;[38;5;86m[HTTP]&amp#27;[0m &amp#27;[37m-->&amp#27;[39m &amp#27;[37mGET&amp#27;[39m &amp#27;[37m/session/ede007ff-9ece-46cb-b5cc-6fcb91d90dcc/context&amp#27;[39m &amp#27;[90m{}&amp#27;[39m
&amp#27;[38;5;195m[ede007ff]&amp#27;[0m&amp#27;[38;5;-102m[AndroidUiautomator2Driver@32f8]&amp#27;[0m Calling AppiumDriver.getCurrentContext() with args: ["ede007ff-9ece-46cb-b5cc-6fcb91d90dcc"]
&amp#27;[38;5;195m[ede007ff]&amp#27;[0m&amp#27;[38;5;-102m[AndroidUiautomator2Driver@32f8]&amp#27;[0m Responding to client with driver.getCurrentContext() result: "NATIVE_APP"
&amp#27;[38;5;195m[ede007ff]&amp#27;[0m&amp#27;[38;5;86m[HTTP]&amp#27;[0m &amp#27;[37m<-- GET /session/ede007ff-9ece-46cb-b5cc-6fcb91d90dcc/context &amp#27;[39m&amp#27;[32m200&amp#27;[39m &amp#27;[90m2 ms - 22&amp#27;[39m &amp#27;[90m&amp#27;[39m
&amp#27;[38;5;195m[ede007ff]&amp#27;[0m&amp#27;[38;5;86m[HTTP]&amp#27;[0m &amp#27;[37m-->&amp#27;[39m &amp#27;[37mPOST&amp#27;[39m &amp#27;[37m/session/ede007ff-9ece-46cb-b5cc-6fcb91d90dcc/element&amp#27;[39m &amp#27;[90m{"value":"com.saucelabs.mydemoapp.android:id/cartIV","using":"id"}&amp#27;[39m
&amp#27;[38;5;195m[ede007ff]&amp#27;[0m&amp#27;[38;5;-102m[AndroidUiautomator2Driver@32f8]&amp#27;[0m Calling AppiumDriver.findElement() with args: ["id","com.saucelabs.mydemoapp.android:id/cartIV","ede007ff-9ece-46cb-b5cc-6fcb91d90dcc"]
&amp#27;[38;5;195m[ede007ff]&amp#27;[0m&amp#27;[38;5;-102m[AndroidUiautomator2Driver@32f8]&amp#27;[0m Valid locator strategies for this request: xpath, id, class name, accessibility id, css selector, -android uiautomator
&amp#27;[38;5;195m[ede007ff]&amp#27;[0m&amp#27;[38;5;-102m[AndroidUiautomator2Driver@32f8]&amp#27;[0m Waiting up to 15000 ms for condition
&amp#27;[38;5;195m[ede007ff]&amp#27;[0m&amp#27;[38;5;-102m[AndroidUiautomator2Driver@32f8]&amp#27;[0m Matched '/element' to command name 'findElement'
&amp#27;[38;5;195m[ede007ff]&amp#27;[0m&amp#27;[38;5;-102m[AndroidUiautomator2Driver@32f8]&amp#27;[0m Proxying [POST /element] to [POST http://127.0.0.1:8201/session/6c25e23f-98e9-4e3e-a5db-9581ce455deb/element] with body: {"strategy":"id","selector":"com.saucelabs.mydemoapp.android:id/cartIV","context":"","multiple":false}
&amp#27;[38;5;195m[ede007ff]&amp#27;[0m&amp#27;[38;5;-102m[AndroidUiautomator2Driver@32f8]&amp#27;[0m Got response with status 200: {"sessionId":"6c25e23f-98e9-4e3e-a5db-9581ce455deb","value":{"ELEMENT":"00000000-0000-0a1c-ffff-ffff00000325","element-6066-11e4-a52e-4f735466cecf":"00000000-0000-0a1c-ffff-ffff00000325"}}
&amp#27;[38;5;195m[ede007ff]&amp#27;[0m&amp#27;[38;5;-102m[AndroidUiautomator2Driver@32f8]&amp#27;[0m Responding to client with driver.findElement() result: {"element-6066-11e4-a52e-4f735466cecf":"00000000-0000-0a1c-ffff-ffff00000325","ELEMENT":"00000000-0000-0a1c-ffff-ffff00000325"}
&amp#27;[38;5;195m[ede007ff]&amp#27;[0m&amp#27;[38;5;86m[HTTP]&amp#27;[0m &amp#27;[37m<-- POST /session/ede007ff-9ece-46cb-b5cc-6fcb91d90dcc/element &amp#27;[39m&amp#27;[32m200&amp#27;[39m &amp#27;[90m611 ms - 137&amp#27;[39m &amp#27;[90m&amp#27;[39m
&amp#27;[38;5;195m[ede007ff]&amp#27;[0m&amp#27;[38;5;86m[HTTP]&amp#27;[0m &amp#27;[37m-->&amp#27;[39m &amp#27;[37mPOST&amp#27;[39m &amp#27;[37m/session/ede007ff-9ece-46cb-b5cc-6fcb91d90dcc/element/00000000-0000-0a1c-ffff-ffff00000325/click&amp#27;[39m &amp#27;[90m{"id":"00000000-0000-0a1c-ffff-ffff00000325"}&amp#27;[39m
&amp#27;[38;5;195m[ede007ff]&amp#27;[0m&amp#27;[38;5;-102m[AndroidUiautomator2Driver@32f8]&amp#27;[0m Calling AppiumDriver.click() with args: ["00000000-0000-0a1c-ffff-ffff00000325","ede007ff-9ece-46cb-b5cc-6fcb91d90dcc"]
&amp#27;[38;5;195m[ede007ff]&amp#27;[0m&amp#27;[38;5;-102m[AndroidUiautomator2Driver@32f8]&amp#27;[0m Matched '/element/00000000-0000-0a1c-ffff-ffff00000325/click' to command name 'click'
&amp#27;[38;5;195m[ede007ff]&amp#27;[0m&amp#27;[38;5;-102m[AndroidUiautomator2Driver@32f8]&amp#27;[0m Proxying [POST /element/00000000-0000-0a1c-ffff-ffff00000325/click] to [POST http://127.0.0.1:8201/session/6c25e23f-98e9-4e3e-a5db-9581ce455deb/element/00000000-0000-0a1c-ffff-ffff00000325/click] with body: {"element":"00000000-0000-0a1c-ffff-ffff00000325"}
&amp#27;[38;5;195m[ede007ff]&amp#27;[0m&amp#27;[38;5;-102m[AndroidUiautomator2Driver@32f8]&amp#27;[0m Got response with status 200: {"sessionId":"6c25e23f-98e9-4e3e-a5db-9581ce455deb","value":null}
&amp#27;[38;5;195m[ede007ff]&amp#27;[0m&amp#27;[38;5;-102m[AndroidUiautomator2Driver@32f8]&amp#27;[0m Responding to client with driver.click() result: null
&amp#27;[38;5;195m[ede007ff]&amp#27;[0m&amp#27;[38;5;86m[HTTP]&amp#27;[0m &amp#27;[37m<-- POST /session/ede007ff-9ece-46cb-b5cc-6fcb91d90dcc/element/00000000-0000-0a1c-ffff-ffff00000325/click &amp#27;[39m&amp#27;[32m200&amp#27;[39m &amp#27;[90m738 ms - 14&amp#27;[39m &amp#27;[90m&amp#27;[39m
&amp#27;[38;5;195m[ede007ff]&amp#27;[0m&amp#27;[38;5;86m[HTTP]&amp#27;[0m &amp#27;[37m-->&amp#27;[39m &amp#27;[37mGET&amp#27;[39m &amp#27;[37m/session/ede007ff-9ece-46cb-b5cc-6fcb91d90dcc/context&amp#27;[39m &amp#27;[90m{}&amp#27;[39m
&amp#27;[38;5;195m[ede007ff]&amp#27;[0m&amp#27;[38;5;-102m[AndroidUiautomator2Driver@32f8]&amp#27;[0m Calling AppiumDriver.getCurrentContext() with args: ["ede007ff-9ece-46cb-b5cc-6fcb91d90dcc"]
&amp#27;[38;5;195m[ede007ff]&amp#27;[0m&amp#27;[38;5;-102m[AndroidUiautomator2Driver@32f8]&amp#27;[0m Responding to client with driver.getCurrentContext() result: "NATIVE_APP"
&amp#27;[38;5;195m[ede007ff]&amp#27;[0m&amp#27;[38;5;86m[HTTP]&amp#27;[0m &amp#27;[37m<-- GET /session/ede007ff-9ece-46cb-b5cc-6fcb91d90dcc/context &amp#27;[39m&amp#27;[32m200&amp#27;[39m &amp#27;[90m2 ms - 22&amp#27;[39m &amp#27;[90m&amp#27;[39m
&amp#27;[38;5;195m[ede007ff]&amp#27;[0m&amp#27;[38;5;86m[HTTP]&amp#27;[0m &amp#27;[37m-->&amp#27;[39m &amp#27;[37mPOST&amp#27;[39m &amp#27;[37m/session/ede007ff-9ece-46cb-b5cc-6fcb91d90dcc/element&amp#27;[39m &amp#27;[90m{"value":"Removes product from cart","using":"accessibility id"}&amp#27;[39m
&amp#27;[38;5;195m[ede007ff]&amp#27;[0m&amp#27;[38;5;-102m[AndroidUiautomator2Driver@32f8]&amp#27;[0m Calling AppiumDriver.findElement() with args: ["accessibility id","Removes product from cart","ede007ff-9ece-46cb-b5cc-6fcb91d90dcc"]
&amp#27;[38;5;195m[ede007ff]&amp#27;[0m&amp#27;[38;5;-102m[AndroidUiautomator2Driver@32f8]&amp#27;[0m Valid locator strategies for this request: xpath, id, class name, accessibility id, css selector, -android uiautomator
&amp#27;[38;5;195m[ede007ff]&amp#27;[0m&amp#27;[38;5;-102m[AndroidUiautomator2Driver@32f8]&amp#27;[0m Waiting up to 15000 ms for condition
&amp#27;[38;5;195m[ede007ff]&amp#27;[0m&amp#27;[38;5;-102m[AndroidUiautomator2Driver@32f8]&amp#27;[0m Matched '/element' to command name 'findElement'
&amp#27;[38;5;195m[ede007ff]&amp#27;[0m&amp#27;[38;5;-102m[AndroidUiautomator2Driver@32f8]&amp#27;[0m Proxying [POST /element] to [POST http://127.0.0.1:8201/session/6c25e23f-98e9-4e3e-a5db-9581ce455deb/element] with body: {"strategy":"accessibility id","selector":"Removes product from cart","context":"","multiple":false}
&amp#27;[38;5;195m[ede007ff]&amp#27;[0m&amp#27;[38;5;-102m[AndroidUiautomator2Driver@32f8]&amp#27;[0m Got response with status 200: {"sessionId":"6c25e23f-98e9-4e3e-a5db-9581ce455deb","value":{"ELEMENT":"00000000-0000-0a1d-ffff-ffff000003c8","element-6066-11e4-a52e-4f735466cecf":"00000000-0000-0a1d-ffff-ffff000003c8"}}
&amp#27;[38;5;195m[ede007ff]&amp#27;[0m&amp#27;[38;5;-102m[AndroidUiautomator2Driver@32f8]&amp#27;[0m Responding to client with driver.findElement() result: {"element-6066-11e4-a52e-4f735466cecf":"00000000-0000-0a1d-ffff-ffff000003c8","ELEMENT":"00000000-0000-0a1d-ffff-ffff000003c8"}
&amp#27;[38;5;195m[ede007ff]&amp#27;[0m&amp#27;[38;5;86m[HTTP]&amp#27;[0m &amp#27;[37m<-- POST /session/ede007ff-9ece-46cb-b5cc-6fcb91d90dcc/element &amp#27;[39m&amp#27;[32m200&amp#27;[39m &amp#27;[90m144 ms - 137&amp#27;[39m &amp#27;[90m&amp#27;[39m
&amp#27;[38;5;195m[ede007ff]&amp#27;[0m&amp#27;[38;5;86m[HTTP]&amp#27;[0m &amp#27;[37m-->&amp#27;[39m &amp#27;[37mPOST&amp#27;[39m &amp#27;[37m/session/ede007ff-9ece-46cb-b5cc-6fcb91d90dcc/element/00000000-0000-0a1d-ffff-ffff000003c8/click&amp#27;[39m &amp#27;[90m{"id":"00000000-0000-0a1d-ffff-ffff000003c8"}&amp#27;[39m
&amp#27;[38;5;195m[ede007ff]&amp#27;[0m&amp#27;[38;5;-102m[AndroidUiautomator2Driver@32f8]&amp#27;[0m Calling AppiumDriver.click() with args: ["00000000-0000-0a1d-ffff-ffff000003c8","ede007ff-9ece-46cb-b5cc-6fcb91d90dcc"]
&amp#27;[38;5;195m[ede007ff]&amp#27;[0m&amp#27;[38;5;-102m[AndroidUiautomator2Driver@32f8]&amp#27;[0m Matched '/element/00000000-0000-0a1d-ffff-ffff000003c8/click' to command name 'click'
&amp#27;[38;5;195m[ede007ff]&amp#27;[0m&amp#27;[38;5;-102m[AndroidUiautomator2Driver@32f8]&amp#27;[0m Proxying [POST /element/00000000-0000-0a1d-ffff-ffff000003c8/click] to [POST http://127.0.0.1:8201/session/6c25e23f-98e9-4e3e-a5db-9581ce455deb/element/00000000-0000-0a1d-ffff-ffff000003c8/click] with body: {"element":"00000000-0000-0a1d-ffff-ffff000003c8"}
&amp#27;[38;5;195m[ede007ff]&amp#27;[0m&amp#27;[38;5;-102m[AndroidUiautomator2Driver@32f8]&amp#27;[0m Got response with status 200: {"sessionId":"6c25e23f-98e9-4e3e-a5db-9581ce455deb","value":null}
&amp#27;[38;5;195m[ede007ff]&amp#27;[0m&amp#27;[38;5;-102m[AndroidUiautomator2Driver@32f8]&amp#27;[0m Responding to client with driver.click() result: null
&amp#27;[38;5;195m[ede007ff]&amp#27;[0m&amp#27;[38;5;86m[HTTP]&amp#27;[0m &amp#27;[37m<-- POST /session/ede007ff-9ece-46cb-b5cc-6fcb91d90dcc/element/00000000-0000-0a1d-ffff-ffff000003c8/click &amp#27;[39m&amp#27;[32m200&amp#27;[39m &amp#27;[90m589 ms - 14&amp#27;[39m &amp#27;[90m&amp#27;[39m
&amp#27;[38;5;195m[ede007ff]&amp#27;[0m&amp#27;[38;5;86m[HTTP]&amp#27;[0m &amp#27;[37m-->&amp#27;[39m &amp#27;[37mGET&amp#27;[39m &amp#27;[37m/session/ede007ff-9ece-46cb-b5cc-6fcb91d90dcc/context&amp#27;[39m &amp#27;[90m{}&amp#27;[39m
&amp#27;[38;5;195m[ede007ff]&amp#27;[0m&amp#27;[38;5;-102m[AndroidUiautomator2Driver@32f8]&amp#27;[0m Calling AppiumDriver.getCurrentContext() with args: ["ede007ff-9ece-46cb-b5cc-6fcb91d90dcc"]
&amp#27;[38;5;195m[ede007ff]&amp#27;[0m&amp#27;[38;5;-102m[AndroidUiautomator2Driver@32f8]&amp#27;[0m Responding to client with driver.getCurrentContext() result: "NATIVE_APP"
&amp#27;[38;5;195m[ede007ff]&amp#27;[0m&amp#27;[38;5;86m[HTTP]&amp#27;[0m &amp#27;[37m<-- GET /session/ede007ff-9ece-46cb-b5cc-6fcb91d90dcc/context &amp#27;[39m&amp#27;[32m200&amp#27;[39m &amp#27;[90m2 ms - 22&amp#27;[39m &amp#27;[90m&amp#27;[39m
&amp#27;[38;5;195m[ede007ff]&amp#27;[0m&amp#27;[38;5;86m[HTTP]&amp#27;[0m &amp#27;[37m-->&amp#27;[39m &amp#27;[37mPOST&amp#27;[39m &amp#27;[37m/session/ede007ff-9ece-46cb-b5cc-6fcb91d90dcc/element&amp#27;[39m &amp#27;[90m{"value":"com.saucelabs.mydemoapp.android:id/noItemTitleTV","using":"id"}&amp#27;[39m
&amp#27;[38;5;195m[ede007ff]&amp#27;[0m&amp#27;[38;5;-102m[AndroidUiautomator2Driver@32f8]&amp#27;[0m Calling AppiumDriver.findElement() with args: ["id","com.saucelabs.mydemoapp.android:id/noItemTitleTV","ede007ff-9ece-46cb-b5cc-6fcb91d90dcc"]
&amp#27;[38;5;195m[ede007ff]&amp#27;[0m&amp#27;[38;5;-102m[AndroidUiautomator2Driver@32f8]&amp#27;[0m Valid locator strategies for this request: xpath, id, class name, accessibility id, css selector, -android uiautomator
&amp#27;[38;5;195m[ede007ff]&amp#27;[0m&amp#27;[38;5;-102m[AndroidUiautomator2Driver@32f8]&amp#27;[0m Waiting up to 15000 ms for condition
&amp#27;[38;5;195m[ede007ff]&amp#27;[0m&amp#27;[38;5;-102m[AndroidUiautomator2Driver@32f8]&amp#27;[0m Matched '/element' to command name 'findElement'
&amp#27;[38;5;195m[ede007ff]&amp#27;[0m&amp#27;[38;5;-102m[AndroidUiautomator2Driver@32f8]&amp#27;[0m Proxying [POST /element] to [POST http://127.0.0.1:8201/session/6c25e23f-98e9-4e3e-a5db-9581ce455deb/element] with body: {"strategy":"id","selector":"com.saucelabs.mydemoapp.android:id/noItemTitleTV","context":"","multiple":false}
&amp#27;[38;5;195m[ede007ff]&amp#27;[0m&amp#27;[38;5;-102m[AndroidUiautomator2Driver@32f8]&amp#27;[0m Got response with status 200: {"sessionId":"6c25e23f-98e9-4e3e-a5db-9581ce455deb","value":{"ELEMENT":"00000000-0000-0a1d-ffff-ffff00000396","element-6066-11e4-a52e-4f735466cecf":"00000000-0000-0a1d-ffff-ffff00000396"}}
&amp#27;[38;5;195m[ede007ff]&amp#27;[0m&amp#27;[38;5;-102m[AndroidUiautomator2Driver@32f8]&amp#27;[0m Responding to client with driver.findElement() result: {"element-6066-11e4-a52e-4f735466cecf":"00000000-0000-0a1d-ffff-ffff00000396","ELEMENT":"00000000-0000-0a1d-ffff-ffff00000396"}
&amp#27;[38;5;195m[ede007ff]&amp#27;[0m&amp#27;[38;5;86m[HTTP]&amp#27;[0m &amp#27;[37m<-- POST /session/ede007ff-9ece-46cb-b5cc-6fcb91d90dcc/element &amp#27;[39m&amp#27;[32m200&amp#27;[39m &amp#27;[90m4499 ms - 137&amp#27;[39m &amp#27;[90m&amp#27;[39m
&amp#27;[38;5;195m[ede007ff]&amp#27;[0m&amp#27;[38;5;86m[HTTP]&amp#27;[0m &amp#27;[37m-->&amp#27;[39m &amp#27;[37mGET&amp#27;[39m &amp#27;[37m/session/ede007ff-9ece-46cb-b5cc-6fcb91d90dcc/element/00000000-0000-0a1d-ffff-ffff00000396/displayed&amp#27;[39m &amp#27;[90m{}&amp#27;[39m
&amp#27;[38;5;195m[ede007ff]&amp#27;[0m&amp#27;[38;5;-102m[AndroidUiautomator2Driver@32f8]&amp#27;[0m Calling AppiumDriver.elementDisplayed() with args: ["00000000-0000-0a1d-ffff-ffff00000396","ede007ff-9ece-46cb-b5cc-6fcb91d90dcc"]
&amp#27;[38;5;195m[ede007ff]&amp#27;[0m&amp#27;[38;5;-102m[AndroidUiautomator2Driver@32f8]&amp#27;[0m Matched '/element/00000000-0000-0a1d-ffff-ffff00000396/attribute/displayed' to command name 'getAttribute'
&amp#27;[38;5;195m[ede007ff]&amp#27;[0m&amp#27;[38;5;-102m[AndroidUiautomator2Driver@32f8]&amp#27;[0m Proxying [GET /element/00000000-0000-0a1d-ffff-ffff00000396/attribute/displayed] to [GET http://127.0.0.1:8201/session/6c25e23f-98e9-4e3e-a5db-9581ce455deb/element/00000000-0000-0a1d-ffff-ffff00000396/attribute/displayed] with no body
&amp#27;[38;5;195m[ede007ff]&amp#27;[0m&amp#27;[38;5;-102m[AndroidUiautomator2Driver@32f8]&amp#27;[0m Got response with status 200: {"sessionId":"6c25e23f-98e9-4e3e-a5db-9581ce455deb","value":"true"}
&amp#27;[38;5;195m[ede007ff]&amp#27;[0m&amp#27;[38;5;-102m[AndroidUiautomator2Driver@32f8]&amp#27;[0m Responding to client with driver.elementDisplayed() result: true
&amp#27;[38;5;195m[ede007ff]&amp#27;[0m&amp#27;[38;5;86m[HTTP]&amp#27;[0m &amp#27;[37m<-- GET /session/ede007ff-9ece-46cb-b5cc-6fcb91d90dcc/element/00000000-0000-0a1d-ffff-ffff00000396/displayed &amp#27;[39m&amp#27;[32m200&amp#27;[39m &amp#27;[90m527 ms - 14&amp#27;[39m &amp#27;[90m&amp#27;[39m
&amp#27;[38;5;195m[ede007ff]&amp#27;[0m&amp#27;[38;5;86m[HTTP]&amp#27;[0m &amp#27;[37m-->&amp#27;[39m &amp#27;[37mGET&amp#27;[39m &amp#27;[37m/session/ede007ff-9ece-46cb-b5cc-6fcb91d90dcc/context&amp#27;[39m &amp#27;[90m{}&amp#27;[39m
&amp#27;[38;5;195m[ede007ff]&amp#27;[0m&amp#27;[38;5;-102m[AndroidUiautomator2Driver@32f8]&amp#27;[0m Calling AppiumDriver.getCurrentContext() with args: ["ede007ff-9ece-46cb-b5cc-6fcb91d90dcc"]
&amp#27;[38;5;195m[ede007ff]&amp#27;[0m&amp#27;[38;5;-102m[AndroidUiautomator2Driver@32f8]&amp#27;[0m Responding to client with driver.getCurrentContext() result: "NATIVE_APP"
&amp#27;[38;5;195m[ede007ff]&amp#27;[0m&amp#27;[38;5;86m[HTTP]&amp#27;[0m &amp#27;[37m<-- GET /session/ede007ff-9ece-46cb-b5cc-6fcb91d90dcc/context &amp#27;[39m&amp#27;[32m200&amp#27;[39m &amp#27;[90m2 ms - 22&amp#27;[39m &amp#27;[90m&amp#27;[39m
&amp#27;[38;5;195m[ede007ff]&amp#27;[0m&amp#27;[38;5;86m[HTTP]&amp#27;[0m &amp#27;[37m-->&amp#27;[39m &amp#27;[37mPOST&amp#27;[39m &amp#27;[37m/session/ede007ff-9ece-46cb-b5cc-6fcb91d90dcc/element&amp#27;[39m &amp#27;[90m{"value":"View menu","using":"accessibility id"}&amp#27;[39m
&amp#27;[38;5;195m[ede007ff]&amp#27;[0m&amp#27;[38;5;-102m[AndroidUiautomator2Driver@32f8]&amp#27;[0m Calling AppiumDriver.findElement() with args: ["accessibility id","View menu","ede007ff-9ece-46cb-b5cc-6fcb91d90dcc"]
&amp#27;[38;5;195m[ede007ff]&amp#27;[0m&amp#27;[38;5;-102m[AndroidUiautomator2Driver@32f8]&amp#27;[0m Valid locator strategies for this request: xpath, id, class name, accessibility id, css selector, -android uiautomator
&amp#27;[38;5;195m[ede007ff]&amp#27;[0m&amp#27;[38;5;-102m[AndroidUiautomator2Driver@32f8]&amp#27;[0m Waiting up to 15000 ms for condition
&amp#27;[38;5;195m[ede007ff]&amp#27;[0m&amp#27;[38;5;-102m[AndroidUiautomator2Driver@32f8]&amp#27;[0m Matched '/element' to command name 'findElement'
&amp#27;[38;5;195m[ede007ff]&amp#27;[0m&amp#27;[38;5;-102m[AndroidUiautomator2Driver@32f8]&amp#27;[0m Proxying [POST /element] to [POST http://127.0.0.1:8201/session/6c25e23f-98e9-4e3e-a5db-9581ce455deb/element] with body: {"strategy":"accessibility id","selector":"View menu","context":"","multiple":false}
&amp#27;[38;5;195m[ede007ff]&amp#27;[0m&amp#27;[38;5;-102m[AndroidUiautomator2Driver@32f8]&amp#27;[0m Got response with status 200: {"sessionId":"6c25e23f-98e9-4e3e-a5db-9581ce455deb","value":{"ELEMENT":"00000000-0000-0a1d-ffff-ffff0000038a","element-6066-11e4-a52e-4f735466cecf":"00000000-0000-0a1d-ffff-ffff0000038a"}}
&amp#27;[38;5;195m[ede007ff]&amp#27;[0m&amp#27;[38;5;-102m[AndroidUiautomator2Driver@32f8]&amp#27;[0m Responding to client with driver.findElement() result: {"element-6066-11e4-a52e-4f735466cecf":"00000000-0000-0a1d-ffff-ffff0000038a","ELEMENT":"00000000-0000-0a1d-ffff-ffff0000038a"}
&amp#27;[38;5;195m[ede007ff]&amp#27;[0m&amp#27;[38;5;86m[HTTP]&amp#27;[0m &amp#27;[37m<-- POST /session/ede007ff-9ece-46cb-b5cc-6fcb91d90dcc/element &amp#27;[39m&amp#27;[32m200&amp#27;[39m &amp#27;[90m86 ms - 137&amp#27;[39m &amp#27;[90m&amp#27;[39m
&amp#27;[38;5;195m[ede007ff]&amp#27;[0m&amp#27;[38;5;86m[HTTP]&amp#27;[0m &amp#27;[37m-->&amp#27;[39m &amp#27;[37mPOST&amp#27;[39m &amp#27;[37m/session/ede007ff-9ece-46cb-b5cc-6fcb91d90dcc/element/00000000-0000-0a1d-ffff-ffff0000038a/click&amp#27;[39m &amp#27;[90m{"id":"00000000-0000-0a1d-ffff-ffff0000038a"}&amp#27;[39m
&amp#27;[38;5;195m[ede007ff]&amp#27;[0m&amp#27;[38;5;-102m[AndroidUiautomator2Driver@32f8]&amp#27;[0m Calling AppiumDriver.click() with args: ["00000000-0000-0a1d-ffff-ffff0000038a","ede007ff-9ece-46cb-b5cc-6fcb91d90dcc"]
&amp#27;[38;5;195m[ede007ff]&amp#27;[0m&amp#27;[38;5;-102m[AndroidUiautomator2Driver@32f8]&amp#27;[0m Matched '/element/00000000-0000-0a1d-ffff-ffff0000038a/click' to command name 'click'
&amp#27;[38;5;195m[ede007ff]&amp#27;[0m&amp#27;[38;5;-102m[AndroidUiautomator2Driver@32f8]&amp#27;[0m Proxying [POST /element/00000000-0000-0a1d-ffff-ffff0000038a/click] to [POST http://127.0.0.1:8201/session/6c25e23f-98e9-4e3e-a5db-9581ce455deb/element/00000000-0000-0a1d-ffff-ffff0000038a/click] with body: {"element":"00000000-0000-0a1d-ffff-ffff0000038a"}
&amp#27;[38;5;195m[ede007ff]&amp#27;[0m&amp#27;[38;5;-102m[AndroidUiautomator2Driver@32f8]&amp#27;[0m Got response with status 200: {"sessionId":"6c25e23f-98e9-4e3e-a5db-9581ce455deb","value":null}
&amp#27;[38;5;195m[ede007ff]&amp#27;[0m&amp#27;[38;5;-102m[AndroidUiautomator2Driver@32f8]&amp#27;[0m Responding to client with driver.click() result: null
&amp#27;[38;5;195m[ede007ff]&amp#27;[0m&amp#27;[38;5;86m[HTTP]&amp#27;[0m &amp#27;[37m<-- POST /session/ede007ff-9ece-46cb-b5cc-6fcb91d90dcc/element/00000000-0000-0a1d-ffff-ffff0000038a/click &amp#27;[39m&amp#27;[32m200&amp#27;[39m &amp#27;[90m1019 ms - 14&amp#27;[39m &amp#27;[90m&amp#27;[39m
&amp#27;[38;5;195m[ede007ff]&amp#27;[0m&amp#27;[38;5;86m[HTTP]&amp#27;[0m &amp#27;[37m-->&amp#27;[39m &amp#27;[37mGET&amp#27;[39m &amp#27;[37m/session/ede007ff-9ece-46cb-b5cc-6fcb91d90dcc/context&amp#27;[39m &amp#27;[90m{}&amp#27;[39m
&amp#27;[38;5;195m[ede007ff]&amp#27;[0m&amp#27;[38;5;-102m[AndroidUiautomator2Driver@32f8]&amp#27;[0m Calling AppiumDriver.getCurrentContext() with args: ["ede007ff-9ece-46cb-b5cc-6fcb91d90dcc"]
&amp#27;[38;5;195m[ede007ff]&amp#27;[0m&amp#27;[38;5;-102m[AndroidUiautomator2Driver@32f8]&amp#27;[0m Responding to client with driver.getCurrentContext() result: "NATIVE_APP"
&amp#27;[38;5;195m[ede007ff]&amp#27;[0m&amp#27;[38;5;86m[HTTP]&amp#27;[0m &amp#27;[37m<-- GET /session/ede007ff-9ece-46cb-b5cc-6fcb91d90dcc/context &amp#27;[39m&amp#27;[32m200&amp#27;[39m &amp#27;[90m2 ms - 22&amp#27;[39m &amp#27;[90m&amp#27;[39m
&amp#27;[38;5;195m[ede007ff]&amp#27;[0m&amp#27;[38;5;86m[HTTP]&amp#27;[0m &amp#27;[37m-->&amp#27;[39m &amp#27;[37mPOST&amp#27;[39m &amp#27;[37m/session/ede007ff-9ece-46cb-b5cc-6fcb91d90dcc/element&amp#27;[39m &amp#27;[90m{"value":"Logout Menu Item","using":"accessibility id"}&amp#27;[39m
&amp#27;[38;5;195m[ede007ff]&amp#27;[0m&amp#27;[38;5;-102m[AndroidUiautomator2Driver@32f8]&amp#27;[0m Calling AppiumDriver.findElement() with args: ["accessibility id","Logout Menu Item","ede007ff-9ece-46cb-b5cc-6fcb91d90dcc"]
&amp#27;[38;5;195m[ede007ff]&amp#27;[0m&amp#27;[38;5;-102m[AndroidUiautomator2Driver@32f8]&amp#27;[0m Valid locator strategies for this request: xpath, id, class name, accessibility id, css selector, -android uiautomator
&amp#27;[38;5;195m[ede007ff]&amp#27;[0m&amp#27;[38;5;-102m[AndroidUiautomator2Driver@32f8]&amp#27;[0m Waiting up to 15000 ms for condition
&amp#27;[38;5;195m[ede007ff]&amp#27;[0m&amp#27;[38;5;-102m[AndroidUiautomator2Driver@32f8]&amp#27;[0m Matched '/element' to command name 'findElement'
&amp#27;[38;5;195m[ede007ff]&amp#27;[0m&amp#27;[38;5;-102m[AndroidUiautomator2Driver@32f8]&amp#27;[0m Proxying [POST /element] to [POST http://127.0.0.1:8201/session/6c25e23f-98e9-4e3e-a5db-9581ce455deb/element] with body: {"strategy":"accessibility id","selector":"Logout Menu Item","context":"","multiple":false}
&amp#27;[38;5;195m[ede007ff]&amp#27;[0m&amp#27;[38;5;-102m[AndroidUiautomator2Driver@32f8]&amp#27;[0m Got response with status 200: {"sessionId":"6c25e23f-98e9-4e3e-a5db-9581ce455deb","value":{"ELEMENT":"00000000-0000-0a1d-ffff-ffff000003f4","element-6066-11e4-a52e-4f735466cecf":"00000000-0000-0a1d-ffff-ffff000003f4"}}
&amp#27;[38;5;195m[ede007ff]&amp#27;[0m&amp#27;[38;5;-102m[AndroidUiautomator2Driver@32f8]&amp#27;[0m Responding to client with driver.findElement() result: {"element-6066-11e4-a52e-4f735466cecf":"00000000-0000-0a1d-ffff-ffff000003f4","ELEMENT":"00000000-0000-0a1d-ffff-ffff000003f4"}
&amp#27;[38;5;195m[ede007ff]&amp#27;[0m&amp#27;[38;5;86m[HTTP]&amp#27;[0m &amp#27;[37m<-- POST /session/ede007ff-9ece-46cb-b5cc-6fcb91d90dcc/element &amp#27;[39m&amp#27;[32m200&amp#27;[39m &amp#27;[90m218 ms - 137&amp#27;[39m &amp#27;[90m&amp#27;[39m
&amp#27;[38;5;195m[ede007ff]&amp#27;[0m&amp#27;[38;5;86m[HTTP]&amp#27;[0m &amp#27;[37m-->&amp#27;[39m &amp#27;[37mPOST&amp#27;[39m &amp#27;[37m/session/ede007ff-9ece-46cb-b5cc-6fcb91d90dcc/element/00000000-0000-0a1d-ffff-ffff000003f4/click&amp#27;[39m &amp#27;[90m{"id":"00000000-0000-0a1d-ffff-ffff000003f4"}&amp#27;[39m
&amp#27;[38;5;195m[ede007ff]&amp#27;[0m&amp#27;[38;5;-102m[AndroidUiautomator2Driver@32f8]&amp#27;[0m Calling AppiumDriver.click() with args: ["00000000-0000-0a1d-ffff-ffff000003f4","ede007ff-9ece-46cb-b5cc-6fcb91d90dcc"]
&amp#27;[38;5;195m[ede007ff]&amp#27;[0m&amp#27;[38;5;-102m[AndroidUiautomator2Driver@32f8]&amp#27;[0m Matched '/element/00000000-0000-0a1d-ffff-ffff000003f4/click' to command name 'click'
&amp#27;[38;5;195m[ede007ff]&amp#27;[0m&amp#27;[38;5;-102m[AndroidUiautomator2Driver@32f8]&amp#27;[0m Proxying [POST /element/00000000-0000-0a1d-ffff-ffff000003f4/click] to [POST http://127.0.0.1:8201/session/6c25e23f-98e9-4e3e-a5db-9581ce455deb/element/00000000-0000-0a1d-ffff-ffff000003f4/click] with body: {"element":"00000000-0000-0a1d-ffff-ffff000003f4"}
&amp#27;[38;5;195m[ede007ff]&amp#27;[0m&amp#27;[38;5;-102m[AndroidUiautomator2Driver@32f8]&amp#27;[0m Got response with status 200: {"sessionId":"6c25e23f-98e9-4e3e-a5db-9581ce455deb","value":null}
&amp#27;[38;5;195m[ede007ff]&amp#27;[0m&amp#27;[38;5;-102m[AndroidUiautomator2Driver@32f8]&amp#27;[0m Responding to client with driver.click() result: null
&amp#27;[38;5;195m[ede007ff]&amp#27;[0m&amp#27;[38;5;86m[HTTP]&amp#27;[0m &amp#27;[37m<-- POST /session/ede007ff-9ece-46cb-b5cc-6fcb91d90dcc/element/00000000-0000-0a1d-ffff-ffff000003f4/click &amp#27;[39m&amp#27;[32m200&amp#27;[39m &amp#27;[90m116 ms - 14&amp#27;[39m &amp#27;[90m&amp#27;[39m
&amp#27;[38;5;195m[ede007ff]&amp#27;[0m&amp#27;[38;5;86m[HTTP]&amp#27;[0m &amp#27;[37m-->&amp#27;[39m &amp#27;[37mGET&amp#27;[39m &amp#27;[37m/session/ede007ff-9ece-46cb-b5cc-6fcb91d90dcc/context&amp#27;[39m &amp#27;[90m{}&amp#27;[39m
&amp#27;[38;5;195m[ede007ff]&amp#27;[0m&amp#27;[38;5;-102m[AndroidUiautomator2Driver@32f8]&amp#27;[0m Calling AppiumDriver.getCurrentContext() with args: ["ede007ff-9ece-46cb-b5cc-6fcb91d90dcc"]
&amp#27;[38;5;195m[ede007ff]&amp#27;[0m&amp#27;[38;5;-102m[AndroidUiautomator2Driver@32f8]&amp#27;[0m Responding to client with driver.getCurrentContext() result: "NATIVE_APP"
&amp#27;[38;5;195m[ede007ff]&amp#27;[0m&amp#27;[38;5;86m[HTTP]&amp#27;[0m &amp#27;[37m<-- GET /session/ede007ff-9ece-46cb-b5cc-6fcb91d90dcc/context &amp#27;[39m&amp#27;[32m200&amp#27;[39m &amp#27;[90m2 ms - 22&amp#27;[39m &amp#27;[90m&amp#27;[39m
&amp#27;[38;5;195m[ede007ff]&amp#27;[0m&amp#27;[38;5;86m[HTTP]&amp#27;[0m &amp#27;[37m-->&amp#27;[39m &amp#27;[37mPOST&amp#27;[39m &amp#27;[37m/session/ede007ff-9ece-46cb-b5cc-6fcb91d90dcc/element&amp#27;[39m &amp#27;[90m{"value":"android:id/button1","using":"id"}&amp#27;[39m
&amp#27;[38;5;195m[ede007ff]&amp#27;[0m&amp#27;[38;5;-102m[AndroidUiautomator2Driver@32f8]&amp#27;[0m Calling AppiumDriver.findElement() with args: ["id","android:id/button1","ede007ff-9ece-46cb-b5cc-6fcb91d90dcc"]
&amp#27;[38;5;195m[ede007ff]&amp#27;[0m&amp#27;[38;5;-102m[AndroidUiautomator2Driver@32f8]&amp#27;[0m Valid locator strategies for this request: xpath, id, class name, accessibility id, css selector, -android uiautomator
&amp#27;[38;5;195m[ede007ff]&amp#27;[0m&amp#27;[38;5;-102m[AndroidUiautomator2Driver@32f8]&amp#27;[0m Waiting up to 15000 ms for condition
&amp#27;[38;5;195m[ede007ff]&amp#27;[0m&amp#27;[38;5;-102m[AndroidUiautomator2Driver@32f8]&amp#27;[0m Matched '/element' to command name 'findElement'
&amp#27;[38;5;195m[ede007ff]&amp#27;[0m&amp#27;[38;5;-102m[AndroidUiautomator2Driver@32f8]&amp#27;[0m Proxying [POST /element] to [POST http://127.0.0.1:8201/session/6c25e23f-98e9-4e3e-a5db-9581ce455deb/element] with body: {"strategy":"id","selector":"android:id/button1","context":"","multiple":false}
&amp#27;[38;5;195m[ede007ff]&amp#27;[0m&amp#27;[38;5;-102m[AndroidUiautomator2Driver@32f8]&amp#27;[0m Got response with status 200: {"sessionId":"6c25e23f-98e9-4e3e-a5db-9581ce455deb","value":{"ELEMENT":"00000000-0000-0a1e-ffff-ffff0000040e","element-6066-11e4-a52e-4f735466cecf":"00000000-0000-0a1e-ffff-ffff0000040e"}}
&amp#27;[38;5;195m[ede007ff]&amp#27;[0m&amp#27;[38;5;-102m[AndroidUiautomator2Driver@32f8]&amp#27;[0m Responding to client with driver.findElement() result: {"element-6066-11e4-a52e-4f735466cecf":"00000000-0000-0a1e-ffff-ffff0000040e","ELEMENT":"00000000-0000-0a1e-ffff-ffff0000040e"}
&amp#27;[38;5;195m[ede007ff]&amp#27;[0m&amp#27;[38;5;86m[HTTP]&amp#27;[0m &amp#27;[37m<-- POST /session/ede007ff-9ece-46cb-b5cc-6fcb91d90dcc/element &amp#27;[39m&amp#27;[32m200&amp#27;[39m &amp#27;[90m90 ms - 137&amp#27;[39m &amp#27;[90m&amp#27;[39m
&amp#27;[38;5;195m[ede007ff]&amp#27;[0m&amp#27;[38;5;86m[HTTP]&amp#27;[0m &amp#27;[37m-->&amp#27;[39m &amp#27;[37mPOST&amp#27;[39m &amp#27;[37m/session/ede007ff-9ece-46cb-b5cc-6fcb91d90dcc/element/00000000-0000-0a1e-ffff-ffff0000040e/click&amp#27;[39m &amp#27;[90m{"id":"00000000-0000-0a1e-ffff-ffff0000040e"}&amp#27;[39m
&amp#27;[38;5;195m[ede007ff]&amp#27;[0m&amp#27;[38;5;-102m[AndroidUiautomator2Driver@32f8]&amp#27;[0m Calling AppiumDriver.click() with args: ["00000000-0000-0a1e-ffff-ffff0000040e","ede007ff-9ece-46cb-b5cc-6fcb91d90dcc"]
&amp#27;[38;5;195m[ede007ff]&amp#27;[0m&amp#27;[38;5;-102m[AndroidUiautomator2Driver@32f8]&amp#27;[0m Matched '/element/00000000-0000-0a1e-ffff-ffff0000040e/click' to command name 'click'
&amp#27;[38;5;195m[ede007ff]&amp#27;[0m&amp#27;[38;5;-102m[AndroidUiautomator2Driver@32f8]&amp#27;[0m Proxying [POST /element/00000000-0000-0a1e-ffff-ffff0000040e/click] to [POST http://127.0.0.1:8201/session/6c25e23f-98e9-4e3e-a5db-9581ce455deb/element/00000000-0000-0a1e-ffff-ffff0000040e/click] with body: {"element":"00000000-0000-0a1e-ffff-ffff0000040e"}
&amp#27;[38;5;195m[ede007ff]&amp#27;[0m&amp#27;[38;5;-102m[AndroidUiautomator2Driver@32f8]&amp#27;[0m Got response with status 200: {"sessionId":"6c25e23f-98e9-4e3e-a5db-9581ce455deb","value":null}
&amp#27;[38;5;195m[ede007ff]&amp#27;[0m&amp#27;[38;5;-102m[AndroidUiautomator2Driver@32f8]&amp#27;[0m Responding to client with driver.click() result: null
&amp#27;[38;5;195m[ede007ff]&amp#27;[0m&amp#27;[38;5;86m[HTTP]&amp#27;[0m &amp#27;[37m<-- POST /session/ede007ff-9ece-46cb-b5cc-6fcb91d90dcc/element/00000000-0000-0a1e-ffff-ffff0000040e/click &amp#27;[39m&amp#27;[32m200&amp#27;[39m &amp#27;[90m1838 ms - 14&amp#27;[39m &amp#27;[90m&amp#27;[39m
&amp#27;[38;5;195m[ede007ff]&amp#27;[0m&amp#27;[38;5;86m[HTTP]&amp#27;[0m &amp#27;[37m-->&amp#27;[39m &amp#27;[37mGET&amp#27;[39m &amp#27;[37m/session/ede007ff-9ece-46cb-b5cc-6fcb91d90dcc/context&amp#27;[39m &amp#27;[90m{}&amp#27;[39m
&amp#27;[38;5;195m[ede007ff]&amp#27;[0m&amp#27;[38;5;-102m[AndroidUiautomator2Driver@32f8]&amp#27;[0m Calling AppiumDriver.getCurrentContext() with args: ["ede007ff-9ece-46cb-b5cc-6fcb91d90dcc"]
&amp#27;[38;5;195m[ede007ff]&amp#27;[0m&amp#27;[38;5;-102m[AndroidUiautomator2Driver@32f8]&amp#27;[0m Responding to client with driver.getCurrentContext() result: "NATIVE_APP"
&amp#27;[38;5;195m[ede007ff]&amp#27;[0m&amp#27;[38;5;86m[HTTP]&amp#27;[0m &amp#27;[37m<-- GET /session/ede007ff-9ece-46cb-b5cc-6fcb91d90dcc/context &amp#27;[39m&amp#27;[32m200&amp#27;[39m &amp#27;[90m2 ms - 22&amp#27;[39m &amp#27;[90m&amp#27;[39m
&amp#27;[38;5;195m[ede007ff]&amp#27;[0m&amp#27;[38;5;86m[HTTP]&amp#27;[0m &amp#27;[37m-->&amp#27;[39m &amp#27;[37mPOST&amp#27;[39m &amp#27;[37m/session/ede007ff-9ece-46cb-b5cc-6fcb91d90dcc/element&amp#27;[39m &amp#27;[90m{"value":"com.saucelabs.mydemoapp.android:id/loginTV","using":"id"}&amp#27;[39m
&amp#27;[38;5;195m[ede007ff]&amp#27;[0m&amp#27;[38;5;-102m[AndroidUiautomator2Driver@32f8]&amp#27;[0m Calling AppiumDriver.findElement() with args: ["id","com.saucelabs.mydemoapp.android:id/loginTV","ede007ff-9ece-46cb-b5cc-6fcb91d90dcc"]
&amp#27;[38;5;195m[ede007ff]&amp#27;[0m&amp#27;[38;5;-102m[AndroidUiautomator2Driver@32f8]&amp#27;[0m Valid locator strategies for this request: xpath, id, class name, accessibility id, css selector, -android uiautomator
&amp#27;[38;5;195m[ede007ff]&amp#27;[0m&amp#27;[38;5;-102m[AndroidUiautomator2Driver@32f8]&amp#27;[0m Waiting up to 15000 ms for condition
&amp#27;[38;5;195m[ede007ff]&amp#27;[0m&amp#27;[38;5;-102m[AndroidUiautomator2Driver@32f8]&amp#27;[0m Matched '/element' to command name 'findElement'
&amp#27;[38;5;195m[ede007ff]&amp#27;[0m&amp#27;[38;5;-102m[AndroidUiautomator2Driver@32f8]&amp#27;[0m Proxying [POST /element] to [POST http://127.0.0.1:8201/session/6c25e23f-98e9-4e3e-a5db-9581ce455deb/element] with body: {"strategy":"id","selector":"com.saucelabs.mydemoapp.android:id/loginTV","context":"","multiple":false}
&amp#27;[38;5;195m[ede007ff]&amp#27;[0m&amp#27;[38;5;-102m[AndroidUiautomator2Driver@32f8]&amp#27;[0m Got response with status 200: {"sessionId":"6c25e23f-98e9-4e3e-a5db-9581ce455deb","value":{"ELEMENT":"00000000-0000-0a1f-ffff-ffff00000451","element-6066-11e4-a52e-4f735466cecf":"00000000-0000-0a1f-ffff-ffff00000451"}}
&amp#27;[38;5;195m[ede007ff]&amp#27;[0m&amp#27;[38;5;-102m[AndroidUiautomator2Driver@32f8]&amp#27;[0m Responding to client with driver.findElement() result: {"element-6066-11e4-a52e-4f735466cecf":"00000000-0000-0a1f-ffff-ffff00000451","ELEMENT":"00000000-0000-0a1f-ffff-ffff00000451"}
&amp#27;[38;5;195m[ede007ff]&amp#27;[0m&amp#27;[38;5;86m[HTTP]&amp#27;[0m &amp#27;[37m<-- POST /session/ede007ff-9ece-46cb-b5cc-6fcb91d90dcc/element &amp#27;[39m&amp#27;[32m200&amp#27;[39m &amp#27;[90m153 ms - 137&amp#27;[39m &amp#27;[90m&amp#27;[39m
&amp#27;[38;5;195m[ede007ff]&amp#27;[0m&amp#27;[38;5;86m[HTTP]&amp#27;[0m &amp#27;[37m-->&amp#27;[39m &amp#27;[37mGET&amp#27;[39m &amp#27;[37m/session/ede007ff-9ece-46cb-b5cc-6fcb91d90dcc/element/00000000-0000-0a1f-ffff-ffff00000451/displayed&amp#27;[39m &amp#27;[90m{}&amp#27;[39m
&amp#27;[38;5;195m[ede007ff]&amp#27;[0m&amp#27;[38;5;-102m[AndroidUiautomator2Driver@32f8]&amp#27;[0m Calling AppiumDriver.elementDisplayed() with args: ["00000000-0000-0a1f-ffff-ffff00000451","ede007ff-9ece-46cb-b5cc-6fcb91d90dcc"]
&amp#27;[38;5;195m[ede007ff]&amp#27;[0m&amp#27;[38;5;-102m[AndroidUiautomator2Driver@32f8]&amp#27;[0m Matched '/element/00000000-0000-0a1f-ffff-ffff00000451/attribute/displayed' to command name 'getAttribute'
&amp#27;[38;5;195m[ede007ff]&amp#27;[0m&amp#27;[38;5;-102m[AndroidUiautomator2Driver@32f8]&amp#27;[0m Proxying [GET /element/00000000-0000-0a1f-ffff-ffff00000451/attribute/displayed] to [GET http://127.0.0.1:8201/session/6c25e23f-98e9-4e3e-a5db-9581ce455deb/element/00000000-0000-0a1f-ffff-ffff00000451/attribute/displayed] with no body
&amp#27;[38;5;195m[ede007ff]&amp#27;[0m&amp#27;[38;5;-102m[AndroidUiautomator2Driver@32f8]&amp#27;[0m Got response with status 200: {"sessionId":"6c25e23f-98e9-4e3e-a5db-9581ce455deb","value":"true"}
&amp#27;[38;5;195m[ede007ff]&amp#27;[0m&amp#27;[38;5;-102m[AndroidUiautomator2Driver@32f8]&amp#27;[0m Responding to client with driver.elementDisplayed() result: true
&amp#27;[38;5;195m[ede007ff]&amp#27;[0m&amp#27;[38;5;86m[HTTP]&amp#27;[0m &amp#27;[37m<-- GET /session/ede007ff-9ece-46cb-b5cc-6fcb91d90dcc/element/00000000-0000-0a1f-ffff-ffff00000451/displayed &amp#27;[39m&amp#27;[32m200&amp#27;[39m &amp#27;[90m54 ms - 14&amp#27;[39m &amp#27;[90m&amp#27;[39m
]]></system-out>
    <system-err><![CDATA[SLF4J(W): No SLF4J providers were found.
SLF4J(W): Defaulting to no-operation (NOP) logger implementation
SLF4J(W): See https://www.slf4j.org/codes.html#noProviders for further details.
SLF4J(W): Class path contains SLF4J bindings targeting slf4j-api versions 1.7.x or earlier.
SLF4J(W): Ignoring binding found at [jar:file:/C:/Users/Testriq/.m2/repository/org/slf4j/slf4j-simple/1.7.30/slf4j-simple-1.7.30.jar!/org/slf4j/impl/StaticLoggerBinder.class]
SLF4J(W): See https://www.slf4j.org/codes.html#ignoredBindings for an explanation.
]]></system-err>
  </testcase>
  <testcase name="Checkout" classname="testcases.TC_03_Checkout" time="32.039">
    <failure message="Can&apos;t locate an element by this strategy: By.chained({AppiumBy.id: com.saucelabs.mydemoapp.android:id/address2ET})" type="org.openqa.selenium.NoSuchElementException"><![CDATA[org.openqa.selenium.NoSuchElementException: Can't locate an element by this strategy: By.chained({AppiumBy.id: com.saucelabs.mydemoapp.android:id/address2ET})
	at io.appium.java_client.pagefactory.AppiumElementLocator.findElement(AppiumElementLocator.java:166)
	at io.appium.java_client.pagefactory.interceptors.InterceptorOfASingleElement.call(InterceptorOfASingleElement.java:75)
	at io.appium.java_client.proxy.Interceptor.intercept(Interceptor.java:78)
	at org.openqa.selenium.remote.RemoteWebElement$ByteBuddy$OetBYywP.click(Unknown Source)
	at ecommerce.Project.Add_To_Cart_Page_Object.Checkout(Add_To_Cart_Page_Object.java:125)
	at testcases.TC_03_Checkout.Checkout(TC_03_Checkout.java:31)
	at java.base/jdk.internal.reflect.DirectMethodHandleAccessor.invoke(DirectMethodHandleAccessor.java:103)
	at java.base/java.lang.reflect.Method.invoke(Method.java:580)
	at org.testng.internal.invokers.MethodInvocationHelper.invokeMethod(MethodInvocationHelper.java:141)
	at org.testng.internal.invokers.TestInvoker.invokeMethod(TestInvoker.java:686)
	at org.testng.internal.invokers.TestInvoker.invokeTestMethod(TestInvoker.java:230)
	at org.testng.internal.invokers.MethodRunner.runInSequence(MethodRunner.java:63)
	at org.testng.internal.invokers.TestInvoker$MethodInvocationAgent.invoke(TestInvoker.java:992)
	at org.testng.internal.invokers.TestInvoker.invokeTestMethods(TestInvoker.java:203)
	at org.testng.internal.invokers.TestMethodWorker.invokeTestMethods(TestMethodWorker.java:154)
	at org.testng.internal.invokers.TestMethodWorker.run(TestMethodWorker.java:134)
	at java.base/java.util.ArrayList.forEach(ArrayList.java:1596)
	at org.testng.TestRunner.privateRun(TestRunner.java:739)
	at org.testng.TestRunner.run(TestRunner.java:614)
	at org.testng.SuiteRunner.runTest(SuiteRunner.java:421)
	at org.testng.SuiteRunner.runSequentially(SuiteRunner.java:413)
	at org.testng.SuiteRunner.privateRun(SuiteRunner.java:373)
	at org.testng.SuiteRunner.run(SuiteRunner.java:312)
	at org.testng.SuiteRunnerWorker.runSuite(SuiteRunnerWorker.java:52)
	at org.testng.SuiteRunnerWorker.run(SuiteRunnerWorker.java:95)
	at org.testng.TestNG.runSuitesSequentially(TestNG.java:1274)
	at org.testng.TestNG.runSuitesLocally(TestNG.java:1208)
	at org.testng.TestNG.runSuites(TestNG.java:1112)
	at org.testng.TestNG.run(TestNG.java:1079)
	at org.apache.maven.surefire.testng.TestNGExecutor.run(TestNGExecutor.java:308)
	at org.apache.maven.surefire.testng.TestNGXmlTestSuite.execute(TestNGXmlTestSuite.java:71)
	at org.apache.maven.surefire.testng.TestNGProvider.invoke(TestNGProvider.java:113)
	at org.apache.maven.surefire.booter.ForkedBooter.runSuitesInProcess(ForkedBooter.java:385)
	at org.apache.maven.surefire.booter.ForkedBooter.execute(ForkedBooter.java:162)
	at org.apache.maven.surefire.booter.ForkedBooter.run(ForkedBooter.java:507)
	at org.apache.maven.surefire.booter.ForkedBooter.main(ForkedBooter.java:495)
Caused by: org.openqa.selenium.TimeoutException: Expected condition failed: waiting for io.appium.java_client.pagefactory.AppiumElementLocator$WaitingFunction@19e67cc2 (tried for 1 second(s) with 500 milliseconds interval)
	at org.openqa.selenium.support.ui.FluentWait.timeoutException(FluentWait.java:265)
	at org.openqa.selenium.support.ui.FluentWait.until(FluentWait.java:228)
	at io.appium.java_client.pagefactory.AppiumElementLocator.waitFor(AppiumElementLocator.java:135)
	at io.appium.java_client.pagefactory.AppiumElementLocator.findElement(AppiumElementLocator.java:160)
	... 35 more
Caused by: org.openqa.selenium.NoSuchElementException: Cannot locate an element using By.chained({AppiumBy.id: com.saucelabs.mydemoapp.android:id/address2ET})
For documentation on this error, please visit: https://www.selenium.dev/documentation/webdriver/troubleshooting/errors#no-such-element-exception
Build info: version: '4.27.0', revision: 'd6e718d134'
System info: os.name: 'Windows 11', os.arch: 'amd64', os.version: '10.0', java.version: '21.0.5'
Driver info: driver.version: RemoteWebDriver
	at io.appium.java_client.pagefactory.bys.builder.ByChained.findElement(ByChained.java:74)
	at org.openqa.selenium.remote.ElementLocation$ElementFinder$1.findElement(ElementLocation.java:139)
	at org.openqa.selenium.remote.ElementLocation.findElement(ElementLocation.java:59)
	at org.openqa.selenium.remote.RemoteWebDriver.findElement(RemoteWebDriver.java:368)
	at org.openqa.selenium.remote.RemoteWebDriver.findElement(RemoteWebDriver.java:362)
	at io.appium.java_client.pagefactory.bys.ContentMappedBy.findElement(ContentMappedBy.java:53)
	at org.openqa.selenium.remote.ElementLocation$ElementFinder$1.findElement(ElementLocation.java:139)
	at org.openqa.selenium.remote.ElementLocation.findElement(ElementLocation.java:59)
	at org.openqa.selenium.remote.RemoteWebDriver.findElement(RemoteWebDriver.java:368)
	at org.openqa.selenium.remote.RemoteWebDriver.findElement(RemoteWebDriver.java:362)
	at io.appium.java_client.pagefactory.AppiumElementLocator.lambda$findElement$1(AppiumElementLocator.java:160)
	at io.appium.java_client.pagefactory.AppiumElementLocator$WaitingFunction.apply(AppiumElementLocator.java:217)
	at io.appium.java_client.pagefactory.AppiumElementLocator$WaitingFunction.apply(AppiumElementLocator.java:210)
	at org.openqa.selenium.support.ui.FluentWait.until(FluentWait.java:203)
	... 37 more
]]></failure>
    <system-out><![CDATA[&amp#27;[38;5;195m[ede007ff]&amp#27;[0m&amp#27;[38;5;86m[HTTP]&amp#27;[0m &amp#27;[37m-->&amp#27;[39m &amp#27;[37mDELETE&amp#27;[39m &amp#27;[37m/session/ede007ff-9ece-46cb-b5cc-6fcb91d90dcc&amp#27;[39m &amp#27;[90m{}&amp#27;[39m
&amp#27;[38;5;195m[ede007ff]&amp#27;[0m&amp#27;[38;5;-102m[AndroidUiautomator2Driver@32f8]&amp#27;[0m Calling AppiumDriver.deleteSession() with args: ["ede007ff-9ece-46cb-b5cc-6fcb91d90dcc"]
&amp#27;[38;5;195m[ede007ff]&amp#27;[0m&amp#27;[38;5;23m[AppiumDriver@398a]&amp#27;[0m Event 'quitSessionRequested' logged at 1737019549105 (14:55:49 GMT+0530 (India Standard Time))
&amp#27;[38;5;195m[ede007ff]&amp#27;[0m&amp#27;[38;5;23m[AppiumDriver@398a]&amp#27;[0m Removing session ede007ff-9ece-46cb-b5cc-6fcb91d90dcc from our master session list
&amp#27;[38;5;195m[ede007ff]&amp#27;[0m&amp#27;[38;5;-102m[AndroidUiautomator2Driver@32f8]&amp#27;[0m Deleting UiAutomator2 session
&amp#27;[38;5;195m[ede007ff]&amp#27;[0m&amp#27;[38;5;-102m[AndroidUiautomator2Driver@32f8]&amp#27;[0m Deleting UiAutomator2 server session
&amp#27;[38;5;195m[ede007ff]&amp#27;[0m&amp#27;[38;5;-102m[AndroidUiautomator2Driver@32f8]&amp#27;[0m Matched '/' to command name 'deleteSession'
&amp#27;[38;5;195m[ede007ff]&amp#27;[0m&amp#27;[38;5;-102m[AndroidUiautomator2Driver@32f8]&amp#27;[0m Proxying [DELETE /] to [DELETE http://127.0.0.1:8201/session/6c25e23f-98e9-4e3e-a5db-9581ce455deb] with no body
&amp#27;[38;5;195m[ede007ff]&amp#27;[0m&amp#27;[38;5;-102m[AndroidUiautomator2Driver@32f8]&amp#27;[0m Got response with status 200: {"sessionId":"6c25e23f-98e9-4e3e-a5db-9581ce455deb","value":null}
&amp#27;[38;5;195m[ede007ff]&amp#27;[0m&amp#27;[38;5;-102m[AndroidUiautomator2Driver@32f8]&amp#27;[0m [Instrumentation] io.appium.uiautomator2.server.test.AppiumUiAutomator2Server:
&amp#27;[38;5;195m[ede007ff]&amp#27;[0m&amp#27;[38;5;-102m[AndroidUiautomator2Driver@32f8]&amp#27;[0m [Instrumentation] The process has exited with code null, signal SIGTERM
&amp#27;[38;5;195m[ede007ff]&amp#27;[0m&amp#27;[38;5;229m[ADB]&amp#27;[0m Running 'C:\Users\Testriq\AppData\Local\Android\Sdk\platform-tools\adb.exe -P 5037 -s 2A131FDH200HX6 shell dumpsys activity services io.appium.settings/.recorder.RecorderService'
&amp#27;[38;5;195m[ede007ff]&amp#27;[0m&amp#27;[38;5;229m[ADB]&amp#27;[0m Running 'C:\Users\Testriq\AppData\Local\Android\Sdk\platform-tools\adb.exe -P 5037 -s 2A131FDH200HX6 shell am force-stop com.saucelabs.mydemoapp.android'
&amp#27;[38;5;195m[ede007ff]&amp#27;[0m&amp#27;[38;5;229m[ADB]&amp#27;[0m Removing forwarded port socket connection: 8201 
&amp#27;[38;5;195m[ede007ff]&amp#27;[0m&amp#27;[38;5;229m[ADB]&amp#27;[0m Running 'C:\Users\Testriq\AppData\Local\Android\Sdk\platform-tools\adb.exe -P 5037 -s 2A131FDH200HX6 forward --remove tcp:8201'
&amp#27;[38;5;195m[ede007ff]&amp#27;[0m&amp#27;[38;5;-102m[AndroidUiautomator2Driver@32f8]&amp#27;[0m Restoring hidden api policy to the device default configuration
&amp#27;[38;5;195m[ede007ff]&amp#27;[0m&amp#27;[38;5;229m[ADB]&amp#27;[0m Running 'C:\Users\Testriq\AppData\Local\Android\Sdk\platform-tools\adb.exe -P 5037 -s 2A131FDH200HX6 shell 'settings delete global hidden_api_policy_pre_p_apps;settings delete global hidden_api_policy_p_apps;settings delete global hidden_api_policy''
&amp#27;[38;5;195m[ede007ff]&amp#27;[0m&amp#27;[38;5;160m[Logcat]&amp#27;[0m Stopping logcat capture
&amp#27;[38;5;195m[ede007ff]&amp#27;[0m&amp#27;[38;5;23m[AppiumDriver@398a]&amp#27;[0m Event 'quitSessionFinished' logged at 1737019549550 (14:55:49 GMT+0530 (India Standard Time))
&amp#27;[38;5;195m[ede007ff]&amp#27;[0m&amp#27;[38;5;23m[AppiumDriver@398a]&amp#27;[0m Received response: null
&amp#27;[38;5;195m[ede007ff]&amp#27;[0m&amp#27;[38;5;23m[AppiumDriver@398a]&amp#27;[0m But deleting session, so not returning
&amp#27;[38;5;195m[ede007ff]&amp#27;[0m&amp#27;[38;5;23m[AppiumDriver@398a]&amp#27;[0m Responding to client with driver.deleteSession() result: null
&amp#27;[38;5;195m[ede007ff]&amp#27;[0m&amp#27;[38;5;86m[HTTP]&amp#27;[0m &amp#27;[37m<-- DELETE /session/ede007ff-9ece-46cb-b5cc-6fcb91d90dcc &amp#27;[39m&amp#27;[32m200&amp#27;[39m &amp#27;[90m447 ms - 14&amp#27;[39m &amp#27;[90m&amp#27;[39m
&amp#27;[38;5;86m[HTTP]&amp#27;[0m &amp#27;[37m-->&amp#27;[39m &amp#27;[37mGET&amp#27;[39m &amp#27;[37m/status&amp#27;[39m &amp#27;[90m{}&amp#27;[39m
&amp#27;[38;5;23m[AppiumDriver@398a]&amp#27;[0m Calling AppiumDriver.getStatus() with args: []
&amp#27;[38;5;23m[AppiumDriver@398a]&amp#27;[0m Responding to client with driver.getStatus() result: {"ready":true,"message":"The server is ready to accept new connections","build":{"version":"2.11.5","git-sha":"4eddc999c5d9b705e7356152d2d5953a0dda3720","built":"2024-10-09 17:32:11 +0530"}}
&amp#27;[38;5;86m[HTTP]&amp#27;[0m &amp#27;[37m<-- GET /status &amp#27;[39m&amp#27;[32m200&amp#27;[39m &amp#27;[90m1 ms - 200&amp#27;[39m &amp#27;[90m&amp#27;[39m
&amp#27;[38;5;86m[HTTP]&amp#27;[0m Request idempotency key: 55404ecb-f2d4-43e3-a3ff-a2d0047632af
&amp#27;[38;5;86m[HTTP]&amp#27;[0m &amp#27;[37m-->&amp#27;[39m &amp#27;[37mPOST&amp#27;[39m &amp#27;[37m/session&amp#27;[39m &amp#27;[90m{"capabilities":{"firstMatch":[{}],"alwaysMatch":{"appium:appPackage":"com.saucelabs.mydemoapp.android","appium:autoGrantPermissions":true,"appium:deviceName":"AndroidDeviceName","appium:app":"G:\\Automation Projects\\testriq\\src\\main\\java\\apps\\mda-2.2.0-25.apk","appium:appActivity":"com.saucelabs.mydemoapp.android.view.activities.SplashActivity","platformName":"ANDROID","appium:automationName":"UIAutomator2"}}}&amp#27;[39m
&amp#27;[38;5;23m[AppiumDriver@398a]&amp#27;[0m Calling AppiumDriver.createSession() with args: [null,null,{"firstMatch":[{}],"alwaysMatch":{"appium:appPackage":"com.saucelabs.mydemoapp.android","appium:autoGrantPermissions":true,"appium:deviceName":"AndroidDeviceName","appium:app":"G:\\Automation Projects\\testriq\\src\\main\\java\\apps\\mda-2.2.0-25.apk","appium:appActivity":"com.saucelabs.mydemoapp.android.view.activities.SplashActivity","platformName":"ANDROID","appium:automationName":"UIAutomator2"}}]
&amp#27;[38;5;23m[AppiumDriver@398a]&amp#27;[0m Event 'newSessionRequested' logged at 1737019549592 (14:55:49 GMT+0530 (India Standard Time))
&amp#27;[38;5;112m[Appium]&amp#27;[0m Attempting to find matching driver for automationName 'UIAutomator2' and platformName 'ANDROID'
&amp#27;[38;5;112m[Appium]&amp#27;[0m The 'uiautomator2' driver was installed and matched caps.
&amp#27;[38;5;112m[Appium]&amp#27;[0m Will require it at C:\Users\Testriq\.appium\node_modules\appium-uiautomator2-driver
&amp#27;[38;5;112m[Appium]&amp#27;[0m Requiring driver at C:\Users\Testriq\.appium\node_modules\appium-uiautomator2-driver\build\index.js
&amp#27;[38;5;23m[AppiumDriver@398a]&amp#27;[0m Appium v2.11.5 creating new AndroidUiautomator2Driver (v3.8.0) session
&amp#27;[38;5;23m[AppiumDriver@398a]&amp#27;[0m Checking BaseDriver versions for Appium and AndroidUiautomator2Driver
&amp#27;[38;5;23m[AppiumDriver@398a]&amp#27;[0m Appium's BaseDriver version is 9.11.5
&amp#27;[38;5;23m[AppiumDriver@398a]&amp#27;[0m AndroidUiautomator2Driver's BaseDriver version is 9.11.5
&amp#27;[38;5;-90m[AndroidUiautomator2Driver@25c3]&amp#27;[0m 
&amp#27;[38;5;-90m[AndroidUiautomator2Driver@25c3]&amp#27;[0m Creating session with W3C capabilities: {
  "alwaysMatch": {
    "platformName": "ANDROID",
    "appium:appPackage": "com.saucelabs.mydemoapp.android",
    "appium:autoGrantPermissions": true,
    "appium:deviceName": "AndroidDeviceName",
    "appium:app": "G:\\Automation Projects\\testriq\\src\\main\\java\\apps\\mda-2.2.0-25.apk",
    "appium:appActivity": "com.saucelabs.mydemoapp.android.view.activities.SplashActivity",
    "appium:automationName": "UIAutomator2"
  },
  "firstMatch": [
    {}
  ]
}
&amp#27;[38;5;70m[7acc56e0]&amp#27;[0m&amp#27;[38;5;-90m[AndroidUiautomator2Driver@25c3]&amp#27;[0m Session created with session id: 7acc56e0-b8ac-4a93-99b6-29e45873e0cc
&amp#27;[38;5;70m[7acc56e0]&amp#27;[0m&amp#27;[38;5;229m[ADB]&amp#27;[0m Using 'adb.exe' from 'C:\Users\Testriq\AppData\Local\Android\Sdk\platform-tools\adb.exe'
&amp#27;[38;5;70m[7acc56e0]&amp#27;[0m&amp#27;[38;5;229m[ADB]&amp#27;[0m Running 'C:\Users\Testriq\AppData\Local\Android\Sdk\platform-tools\adb.exe -P 5037 start-server'
&amp#27;[38;5;70m[7acc56e0]&amp#27;[0m&amp#27;[38;5;-90m[AndroidUiautomator2Driver@25c3]&amp#27;[0m Retrieving device list
&amp#27;[38;5;70m[7acc56e0]&amp#27;[0m&amp#27;[38;5;229m[ADB]&amp#27;[0m Trying to find connected Android devices
&amp#27;[38;5;70m[7acc56e0]&amp#27;[0m&amp#27;[38;5;229m[ADB]&amp#27;[0m Getting connected devices
&amp#27;[38;5;70m[7acc56e0]&amp#27;[0m&amp#27;[38;5;229m[ADB]&amp#27;[0m Connected devices: [{"udid":"2A131FDH200HX6","state":"device"}]
&amp#27;[38;5;70m[7acc56e0]&amp#27;[0m&amp#27;[38;5;-90m[AndroidUiautomator2Driver@25c3]&amp#27;[0m Using device: 2A131FDH200HX6
&amp#27;[38;5;70m[7acc56e0]&amp#27;[0m&amp#27;[38;5;229m[ADB]&amp#27;[0m Using 'adb.exe' from 'C:\Users\Testriq\AppData\Local\Android\Sdk\platform-tools\adb.exe'
&amp#27;[38;5;70m[7acc56e0]&amp#27;[0m&amp#27;[38;5;229m[ADB]&amp#27;[0m Running 'C:\Users\Testriq\AppData\Local\Android\Sdk\platform-tools\adb.exe -P 5037 start-server'
&amp#27;[38;5;70m[7acc56e0]&amp#27;[0m&amp#27;[38;5;229m[ADB]&amp#27;[0m Setting device id to 2A131FDH200HX6
&amp#27;[38;5;70m[7acc56e0]&amp#27;[0m&amp#27;[38;5;123m[BaseDriver]&amp#27;[0m Using local app 'G:\Automation Projects\testriq\src\main\java\apps\mda-2.2.0-25.apk'
&amp#27;[38;5;70m[7acc56e0]&amp#27;[0m&amp#27;[38;5;-90m[AndroidUiautomator2Driver@25c3]&amp#27;[0m Checking whether app is actually present
&amp#27;[38;5;70m[7acc56e0]&amp#27;[0m&amp#27;[38;5;229m[ADB]&amp#27;[0m Running 'C:\Users\Testriq\AppData\Local\Android\Sdk\platform-tools\adb.exe -P 5037 -s 2A131FDH200HX6 shell getprop ro.build.version.sdk'
&amp#27;[38;5;70m[7acc56e0]&amp#27;[0m&amp#27;[38;5;229m[ADB]&amp#27;[0m Current device property 'ro.build.version.sdk': 35
&amp#27;[38;5;70m[7acc56e0]&amp#27;[0m&amp#27;[38;5;229m[ADB]&amp#27;[0m Getting device platform version
&amp#27;[38;5;70m[7acc56e0]&amp#27;[0m&amp#27;[38;5;229m[ADB]&amp#27;[0m Running 'C:\Users\Testriq\AppData\Local\Android\Sdk\platform-tools\adb.exe -P 5037 -s 2A131FDH200HX6 shell getprop ro.build.version.release'
&amp#27;[38;5;70m[7acc56e0]&amp#27;[0m&amp#27;[38;5;229m[ADB]&amp#27;[0m Current device property 'ro.build.version.release': 15
&amp#27;[38;5;70m[7acc56e0]&amp#27;[0m&amp#27;[38;5;229m[ADB]&amp#27;[0m Device API level: 35
&amp#27;[38;5;70m[7acc56e0]&amp#27;[0m&amp#27;[38;5;-90m[AndroidUiautomator2Driver@25c3]&amp#27;[0m Relaxing hidden api policy
&amp#27;[38;5;70m[7acc56e0]&amp#27;[0m&amp#27;[38;5;229m[ADB]&amp#27;[0m Running 'C:\Users\Testriq\AppData\Local\Android\Sdk\platform-tools\adb.exe -P 5037 -s 2A131FDH200HX6 shell 'settings put global hidden_api_policy_pre_p_apps 1;settings put global hidden_api_policy_p_apps 1;settings put global hidden_api_policy 1''
&amp#27;[38;5;70m[7acc56e0]&amp#27;[0m&amp#27;[38;5;-90m[AndroidUiautomator2Driver@25c3]&amp#27;[0m Pushing settings apk to the device...
&amp#27;[38;5;70m[7acc56e0]&amp#27;[0m&amp#27;[38;5;229m[ADB]&amp#27;[0m Getting package info for 'io.appium.settings'
&amp#27;[38;5;70m[7acc56e0]&amp#27;[0m&amp#27;[38;5;229m[ADB]&amp#27;[0m Running 'C:\Users\Testriq\AppData\Local\Android\Sdk\platform-tools\adb.exe -P 5037 -s 2A131FDH200HX6 shell dumpsys package io.appium.settings'
&amp#27;[38;5;70m[7acc56e0]&amp#27;[0m&amp#27;[38;5;229m[ADB]&amp#27;[0m Using 'aapt2.exe' from 'C:\Users\Testriq\AppData\Local\Android\Sdk\build-tools\34.0.0\aapt2.exe'
&amp#27;[38;5;70m[7acc56e0]&amp#27;[0m&amp#27;[38;5;229m[ADB]&amp#27;[0m Reading package manifest: 'C:\\Users\\Testriq\\AppData\\Local\\Android\\Sdk\\build-tools\\34.0.0\\aapt2.exe dump badging C:\\Users\\Testriq\\.appium\\node_modules\\appium-uiautomator2-driver\\node_modules\\io.appium.settings\\apks\\settings_apk-debug.apk'
&amp#27;[38;5;70m[7acc56e0]&amp#27;[0m&amp#27;[38;5;229m[ADB]&amp#27;[0m The version name of the installed 'io.appium.settings' is greater or equal to the application version name ('5.12.13' >= '5.12.13')
&amp#27;[38;5;70m[7acc56e0]&amp#27;[0m&amp#27;[38;5;229m[ADB]&amp#27;[0m There is no need to install/upgrade 'C:\Users\Testriq\.appium\node_modules\appium-uiautomator2-driver\node_modules\io.appium.settings\apks\settings_apk-debug.apk'
&amp#27;[38;5;70m[7acc56e0]&amp#27;[0m&amp#27;[38;5;229m[ADB]&amp#27;[0m Running 'C:\Users\Testriq\AppData\Local\Android\Sdk\platform-tools\adb.exe -P 5037 -s 2A131FDH200HX6 shell dumpsys activity services io.appium.settings'
&amp#27;[38;5;70m[7acc56e0]&amp#27;[0m&amp#27;[38;5;-90m[AndroidUiautomator2Driver@25c3]&amp#27;[0m io.appium.settings is already running. There is no need to reset its permissions.
&amp#27;[38;5;70m[7acc56e0]&amp#27;[0m&amp#27;[38;5;160m[Logcat]&amp#27;[0m Starting logs capture with command: C:\\Users\\Testriq\\AppData\\Local\\Android\\Sdk\\platform-tools\\adb.exe -P 5037 -s 2A131FDH200HX6 logcat -v threadtime
&amp#27;[38;5;70m[7acc56e0]&amp#27;[0m&amp#27;[38;5;229m[ADB]&amp#27;[0m Running 'C:\Users\Testriq\AppData\Local\Android\Sdk\platform-tools\adb.exe -P 5037 -s 2A131FDH200HX6 shell appops set io.appium.settings android:mock_location allow'
&amp#27;[38;5;70m[7acc56e0]&amp#27;[0m&amp#27;[38;5;229m[ADB]&amp#27;[0m Running 'C:\Users\Testriq\AppData\Local\Android\Sdk\platform-tools\adb.exe -P 5037 -s 2A131FDH200HX6 shell "[ -e '/data/local/tmp/mock_apps.json' ] && echo __PASS__"'
&amp#27;[38;5;70m[7acc56e0]&amp#27;[0m&amp#27;[38;5;229m[ADB]&amp#27;[0m Running 'C:\Users\Testriq\AppData\Local\Android\Sdk\platform-tools\adb.exe -P 5037 -s 2A131FDH200HX6 shell cat /data/local/tmp/mock_apps.json'
&amp#27;[38;5;70m[7acc56e0]&amp#27;[0m&amp#27;[38;5;-90m[AndroidUiautomator2Driver@25c3]&amp#27;[0m Forwarding UiAutomator2 Server port 6790 to local port 8201
&amp#27;[38;5;70m[7acc56e0]&amp#27;[0m&amp#27;[38;5;229m[ADB]&amp#27;[0m Forwarding system: 8201 to device: 6790
&amp#27;[38;5;70m[7acc56e0]&amp#27;[0m&amp#27;[38;5;229m[ADB]&amp#27;[0m Running 'C:\Users\Testriq\AppData\Local\Android\Sdk\platform-tools\adb.exe -P 5037 -s 2A131FDH200HX6 forward tcp:8201 tcp:6790'
&amp#27;[38;5;70m[7acc56e0]&amp#27;[0m&amp#27;[38;5;229m[ADB]&amp#27;[0m Getting package info for 'io.appium.uiautomator2.server'
&amp#27;[38;5;70m[7acc56e0]&amp#27;[0m&amp#27;[38;5;229m[ADB]&amp#27;[0m Running 'C:\Users\Testriq\AppData\Local\Android\Sdk\platform-tools\adb.exe -P 5037 -s 2A131FDH200HX6 shell dumpsys package io.appium.uiautomator2.server'
&amp#27;[38;5;70m[7acc56e0]&amp#27;[0m&amp#27;[38;5;229m[ADB]&amp#27;[0m Getting install status for io.appium.uiautomator2.server.test
&amp#27;[38;5;70m[7acc56e0]&amp#27;[0m&amp#27;[38;5;229m[ADB]&amp#27;[0m Checking app cert for G:\Automation Projects\testriq\src\main\java\apps\mda-2.2.0-25.apk
&amp#27;[38;5;70m[7acc56e0]&amp#27;[0m&amp#27;[38;5;229m[ADB]&amp#27;[0m Running 'C:\Users\Testriq\AppData\Local\Android\Sdk\platform-tools\adb.exe -P 5037 -s 2A131FDH200HX6 shell cmd package list packages'
&amp#27;[38;5;70m[7acc56e0]&amp#27;[0m&amp#27;[38;5;229m[ADB]&amp#27;[0m Using the previously cached signature entry for 'mda-2.2.0-25.apk'
&amp#27;[38;5;70m[7acc56e0]&amp#27;[0m&amp#27;[38;5;229m[ADB]&amp#27;[0m Getting package info for 'com.saucelabs.mydemoapp.android'
&amp#27;[38;5;70m[7acc56e0]&amp#27;[0m&amp#27;[38;5;229m[ADB]&amp#27;[0m Running 'C:\Users\Testriq\AppData\Local\Android\Sdk\platform-tools\adb.exe -P 5037 -s 2A131FDH200HX6 shell dumpsys package com.saucelabs.mydemoapp.android'
&amp#27;[38;5;70m[7acc56e0]&amp#27;[0m&amp#27;[38;5;229m[ADB]&amp#27;[0m 'io.appium.uiautomator2.server.test' is installed
&amp#27;[38;5;70m[7acc56e0]&amp#27;[0m&amp#27;[38;5;229m[ADB]&amp#27;[0m Reading package manifest: 'C:\\Users\\Testriq\\AppData\\Local\\Android\\Sdk\\build-tools\\34.0.0\\aapt2.exe dump badging C:\\Users\\Testriq\\.appium\\node_modules\\appium-uiautomator2-driver\\node_modules\\appium-uiautomator2-server\\apks\\appium-uiautomator2-server-v7.0.25.apk'
&amp#27;[38;5;70m[7acc56e0]&amp#27;[0m&amp#27;[38;5;229m[ADB]&amp#27;[0m The version name of the installed 'io.appium.uiautomator2.server' is greater or equal to the application version name ('7.0.25' >= '7.0.25')
&amp#27;[38;5;70m[7acc56e0]&amp#27;[0m&amp#27;[38;5;-90m[AndroidUiautomator2Driver@25c3]&amp#27;[0m Server packages status: [{"installState":"sameVersionInstalled","appPath":"C:\\Users\\Testriq\\.appium\\node_modules\\appium-uiautomator2-driver\\node_modules\\appium-uiautomator2-server\\apks\\appium-uiautomator2-server-v7.0.25.apk","appId":"io.appium.uiautomator2.server"},{"installState":"sameVersionInstalled","appPath":"C:\\Users\\Testriq\\.appium\\node_modules\\appium-uiautomator2-driver\\node_modules\\appium-uiautomator2-server\\apks\\appium-uiautomator2-server-debug-androidTest.apk","appId":"io.appium.uiautomator2.server.test"}]
&amp#27;[38;5;70m[7acc56e0]&amp#27;[0m&amp#27;[38;5;-90m[AndroidUiautomator2Driver@25c3]&amp#27;[0m Server packages are not going to be (re)installed
&amp#27;[38;5;70m[7acc56e0]&amp#27;[0m&amp#27;[38;5;-90m[AndroidUiautomator2Driver@25c3]&amp#27;[0m Waiting up to 30000ms for services to be available
&amp#27;[38;5;70m[7acc56e0]&amp#27;[0m&amp#27;[38;5;229m[ADB]&amp#27;[0m Running 'C:\Users\Testriq\AppData\Local\Android\Sdk\platform-tools\adb.exe -P 5037 -s 2A131FDH200HX6 shell pm list instrumentation'
&amp#27;[38;5;70m[7acc56e0]&amp#27;[0m&amp#27;[38;5;229m[ADB]&amp#27;[0m Reading package manifest: 'C:\\Users\\Testriq\\AppData\\Local\\Android\\Sdk\\build-tools\\34.0.0\\aapt2.exe dump badging 'G:\\Automation Projects\\testriq\\src\\main\\java\\apps\\mda-2.2.0-25.apk''
&amp#27;[38;5;70m[7acc56e0]&amp#27;[0m&amp#27;[38;5;-90m[AndroidUiautomator2Driver@25c3]&amp#27;[0m Instrumentation target 'io.appium.uiautomator2.server.test/androidx.test.runner.AndroidJUnitRunner' is available
&amp#27;[38;5;70m[7acc56e0]&amp#27;[0m&amp#27;[38;5;229m[ADB]&amp#27;[0m Adding packages ["io.appium.settings","io.appium.uiautomator2.server","io.appium.uiautomator2.server.test"] to Doze whitelist
&amp#27;[38;5;70m[7acc56e0]&amp#27;[0m&amp#27;[38;5;229m[ADB]&amp#27;[0m Got the following command chunks to execute: [["dumpsys","deviceidle","whitelist","+io.appium.settings",";","dumpsys","deviceidle","whitelist","+io.appium.uiautomator2.server",";","dumpsys","deviceidle","whitelist","+io.appium.uiautomator2.server.test",";"]]
&amp#27;[38;5;70m[7acc56e0]&amp#27;[0m&amp#27;[38;5;229m[ADB]&amp#27;[0m Running 'C:\Users\Testriq\AppData\Local\Android\Sdk\platform-tools\adb.exe -P 5037 -s 2A131FDH200HX6 shell dumpsys deviceidle whitelist +io.appium.settings ; dumpsys deviceidle whitelist +io.appium.uiautomator2.server ; dumpsys deviceidle whitelist +io.appium.uiautomator2.server.test ;'
&amp#27;[38;5;70m[7acc56e0]&amp#27;[0m&amp#27;[38;5;229m[ADB]&amp#27;[0m The version name of the installed 'com.saucelabs.mydemoapp.android' is greater or equal to the application version name ('2.2.0' >= '2.2.0')
&amp#27;[38;5;70m[7acc56e0]&amp#27;[0m&amp#27;[38;5;229m[ADB]&amp#27;[0m There is no need to install/upgrade 'G:\Automation Projects\testriq\src\main\java\apps\mda-2.2.0-25.apk'
&amp#27;[38;5;70m[7acc56e0]&amp#27;[0m&amp#27;[38;5;-90m[AndroidUiautomator2Driver@25c3]&amp#27;[0m Performing fast reset on 'com.saucelabs.mydemoapp.android'
&amp#27;[38;5;70m[7acc56e0]&amp#27;[0m&amp#27;[38;5;229m[ADB]&amp#27;[0m Getting install status for com.saucelabs.mydemoapp.android
&amp#27;[38;5;70m[7acc56e0]&amp#27;[0m&amp#27;[38;5;229m[ADB]&amp#27;[0m Running 'C:\Users\Testriq\AppData\Local\Android\Sdk\platform-tools\adb.exe -P 5037 -s 2A131FDH200HX6 shell cmd package list packages'
&amp#27;[38;5;70m[7acc56e0]&amp#27;[0m&amp#27;[38;5;229m[ADB]&amp#27;[0m 'com.saucelabs.mydemoapp.android' is installed
&amp#27;[38;5;70m[7acc56e0]&amp#27;[0m&amp#27;[38;5;229m[ADB]&amp#27;[0m Running 'C:\Users\Testriq\AppData\Local\Android\Sdk\platform-tools\adb.exe -P 5037 -s 2A131FDH200HX6 shell am force-stop com.saucelabs.mydemoapp.android'
&amp#27;[38;5;70m[7acc56e0]&amp#27;[0m&amp#27;[38;5;229m[ADB]&amp#27;[0m Running 'C:\Users\Testriq\AppData\Local\Android\Sdk\platform-tools\adb.exe -P 5037 -s 2A131FDH200HX6 shell pm clear com.saucelabs.mydemoapp.android'
&amp#27;[38;5;70m[7acc56e0]&amp#27;[0m&amp#27;[38;5;229m[ADB]&amp#27;[0m Running 'C:\Users\Testriq\AppData\Local\Android\Sdk\platform-tools\adb.exe -P 5037 -s 2A131FDH200HX6 shell dumpsys package com.saucelabs.mydemoapp.android'
&amp#27;[38;5;70m[7acc56e0]&amp#27;[0m&amp#27;[38;5;229m[ADB]&amp#27;[0m Retrieving requested permissions
&amp#27;[38;5;70m[7acc56e0]&amp#27;[0m&amp#27;[38;5;229m[ADB]&amp#27;[0m Retrieved 30 permissions from requested group
&amp#27;[38;5;70m[7acc56e0]&amp#27;[0m&amp#27;[38;5;229m[ADB]&amp#27;[0m Retrieving granted permissions
&amp#27;[38;5;70m[7acc56e0]&amp#27;[0m&amp#27;[38;5;229m[ADB]&amp#27;[0m Retrieved 5 permissions from install,runtime groups
&amp#27;[38;5;70m[7acc56e0]&amp#27;[0m&amp#27;[38;5;229m[ADB]&amp#27;[0m Granting permissions ["android.permission.POST_NOTIFICATIONS","android.permission.ACCESS_FINE_LOCATION","android.permission.READ_MEDIA_VISUAL_USER_SELECTED","android.permission.READ_EXTERNAL_STORAGE","android.permission.ACCESS_COARSE_LOCATION","android.permission.READ_MEDIA_IMAGES","android.permission.CAMERA","android.permission.READ_MEDIA_AUDIO","android.permission.READ_MEDIA_VIDEO","android.permission.WRITE_EXTERNAL_STORAGE","android.permission.POST_NOTIFICATIONS","android.permission.ACCESS_FINE_LOCATION","android.permission.READ_MEDIA_VISUAL_USER_SELECTED","android.permission.READ_EXTERNAL_STORAGE","android.permission.ACCESS_COARSE_LOCATION","android.permission.READ_MEDIA_IMAGES","android.permission.CAMERA","android.permission.READ_MEDIA_AUDIO","android.permission.READ_MEDIA_VIDEO","android.permission.WRITE_EXTERNAL_STORAGE"] to 'com.saucelabs.mydemoapp.android'
&amp#27;[38;5;70m[7acc56e0]&amp#27;[0m&amp#27;[38;5;229m[ADB]&amp#27;[0m Got the following command chunks to execute: [["pm","grant","com.saucelabs.mydemoapp.android","android.permission.POST_NOTIFICATIONS",";","pm","grant","com.saucelabs.mydemoapp.android","android.permission.ACCESS_FINE_LOCATION",";","pm","grant","com.saucelabs.mydemoapp.android","android.permission.READ_MEDIA_VISUAL_USER_SELECTED",";","pm","grant","com.saucelabs.mydemoapp.android","android.permission.READ_EXTERNAL_STORAGE",";","pm","grant","com.saucelabs.mydemoapp.android","android.permission.ACCESS_COARSE_LOCATION",";","pm","grant","com.saucelabs.mydemoapp.android","android.permission.READ_MEDIA_IMAGES",";","pm","grant","com.saucelabs.mydemoapp.android","android.permission.CAMERA",";","pm","grant","com.saucelabs.mydemoapp.android","android.permission.READ_MEDIA_AUDIO",";","pm","grant","com.saucelabs.mydemoapp.android","android.permission.READ_MEDIA_VIDEO",";","pm","grant","com.saucelabs.mydemoapp.android","android.permission.WRITE_EXTERNAL_STORAGE",";","pm","grant","com.saucelabs.mydemoapp.android","android.permission.POST_NOTIFICATIONS",";","pm","grant","com.saucelabs.mydemoapp.android","android.permission.ACCESS_FINE_LOCATION",";"],["pm","grant","com.saucelabs.mydemoapp.android","android.permission.READ_MEDIA_VISUAL_USER_SELECTED",";","pm","grant","com.saucelabs.mydemoapp.android","android.permission.READ_EXTERNAL_STORAGE",";","pm","grant","com.saucelabs.mydemoapp.android","android.permission.ACCESS_COARSE_LOCATION",";","pm","grant","com.saucelabs.mydemoapp.android","android.permission.READ_MEDIA_IMAGES",";","pm","grant","com.saucelabs.mydemoapp.android","android.permission.CAMERA",";","pm","grant","com.saucelabs.mydemoapp.android","android.permission.READ_MEDIA_AUDIO",";","pm","grant","com.saucelabs.mydemoapp.android","android.permission.READ_MEDIA_VIDEO",";","pm","grant","com.saucelabs.mydemoapp.android","android.permission.WRITE_EXTERNAL_STORAGE",";"]]
&amp#27;[38;5;70m[7acc56e0]&amp#27;[0m&amp#27;[38;5;229m[ADB]&amp#27;[0m Running 'C:\Users\Testriq\AppData\Local\Android\Sdk\platform-tools\adb.exe -P 5037 -s 2A131FDH200HX6 shell pm grant com.saucelabs.mydemoapp.android android.permission.POST_NOTIFICATIONS ; pm grant com.saucelabs.mydemoapp.android android.permission.ACCESS_FINE_LOCATION ; pm grant com.saucelabs.mydemoapp.android android.permission.READ_MEDIA_VISUAL_USER_SELECTED ; pm grant com.saucelabs.mydemoapp.android android.permission.READ_EXTERNAL_STORAGE ; pm grant com.saucelabs.mydemoapp.android android.permission.ACCESS_COARSE_LOCATION ; pm grant com.saucelabs.mydemoapp.android android.permission.READ_MEDIA_IMAGES ; pm grant com.saucelabs.mydemoapp.android android.permission.CAMERA ; pm grant com.saucelabs.mydemoapp.android android.permission.READ_MEDIA_AUDIO ; pm grant com.saucelabs.mydemoapp.android android.permission.READ_MEDIA_VIDEO ; pm grant com.saucelabs.mydemoapp.android android.permission.WRITE_EXTERNAL_STORAGE ; pm grant com.saucelabs.mydemoapp.android android.permission.POST_NOTIFICATIONS ; pm grant com.saucelabs.mydemoapp.android android.permission.ACCESS_FINE_LOCATION ;'
&amp#27;[38;5;112m[Appium]&amp#27;[0m Welcome to Appium v2.11.5 (REV 4eddc999c5d9b705e7356152d2d5953a0dda3720)
&amp#27;[38;5;112m[Appium]&amp#27;[0m Non-default server args:
&amp#27;[38;5;112m[Appium]&amp#27;[0m { address: &amp#27;[32m'127.0.0.1'&amp#27;[39m }
&amp#27;[38;5;112m[Appium]&amp#27;[0m The autodetected Appium home path: C:\Users\Testriq\.appium
&amp#27;[38;5;112m[Appium]&amp#27;[0m Attempting to load driver uiautomator2...
&amp#27;[38;5;112m[Appium]&amp#27;[0m Requiring driver at C:\Users\Testriq\.appium\node_modules\appium-uiautomator2-driver\build\index.js
&amp#27;[38;5;70m[7acc56e0]&amp#27;[0m&amp#27;[38;5;229m[ADB]&amp#27;[0m Running 'C:\Users\Testriq\AppData\Local\Android\Sdk\platform-tools\adb.exe -P 5037 -s 2A131FDH200HX6 shell pm grant com.saucelabs.mydemoapp.android android.permission.READ_MEDIA_VISUAL_USER_SELECTED ; pm grant com.saucelabs.mydemoapp.android android.permission.READ_EXTERNAL_STORAGE ; pm grant com.saucelabs.mydemoapp.android android.permission.ACCESS_COARSE_LOCATION ; pm grant com.saucelabs.mydemoapp.android android.permission.READ_MEDIA_IMAGES ; pm grant com.saucelabs.mydemoapp.android android.permission.CAMERA ; pm grant com.saucelabs.mydemoapp.android android.permission.READ_MEDIA_AUDIO ; pm grant com.saucelabs.mydemoapp.android android.permission.READ_MEDIA_VIDEO ; pm grant com.saucelabs.mydemoapp.android android.permission.WRITE_EXTERNAL_STORAGE ;'
&amp#27;[38;5;112m[Appium]&amp#27;[0m AndroidUiautomator2Driver has been successfully loaded in 0.924s
&amp#27;[38;5;86m[HTTP]&amp#27;[0m Could not start REST http interface listener. The requested port may already be in use. Please make sure there is no other instance of this server running already.
&amp#27;[38;5;112m[Appium]&amp#27;[0m Could not configure Appium server. It's possible that a driver or plugin tried to update the server and failed. Original error: listen EADDRINUSE: address already in use 127.0.0.1:4723
&amp#27;[38;5;112m[Appium]&amp#27;[0m Error: listen EADDRINUSE: address already in use 127.0.0.1:4723
    at Server.setupListenHandle [as _listen2] (node:net:1904:16)
    at listenInCluster (node:net:1961:12)
    at doListen (node:net:2135:7)
    at processTicksAndRejections (node:internal/process/task_queues:83:21)
&amp#27;[38;5;70m[7acc56e0]&amp#27;[0m&amp#27;[38;5;-90m[AndroidUiautomator2Driver@25c3]&amp#27;[0m Performed fast reset on the installed 'com.saucelabs.mydemoapp.android' application (stop and clear)
&amp#27;[38;5;70m[7acc56e0]&amp#27;[0m&amp#27;[38;5;-90m[AndroidUiautomator2Driver@25c3]&amp#27;[0m Performing shallow cleanup of automation leftovers
&amp#27;[38;5;70m[7acc56e0]&amp#27;[0m&amp#27;[38;5;-90m[AndroidUiautomator2Driver@25c3]&amp#27;[0m No obsolete sessions have been detected (socket hang up)
&amp#27;[38;5;70m[7acc56e0]&amp#27;[0m&amp#27;[38;5;229m[ADB]&amp#27;[0m Running 'C:\Users\Testriq\AppData\Local\Android\Sdk\platform-tools\adb.exe -P 5037 -s 2A131FDH200HX6 shell am force-stop io.appium.uiautomator2.server'
&amp#27;[38;5;70m[7acc56e0]&amp#27;[0m&amp#27;[38;5;229m[ADB]&amp#27;[0m Running 'C:\Users\Testriq\AppData\Local\Android\Sdk\platform-tools\adb.exe -P 5037 -s 2A131FDH200HX6 shell am force-stop io.appium.uiautomator2.server.test'
&amp#27;[38;5;70m[7acc56e0]&amp#27;[0m&amp#27;[38;5;-90m[AndroidUiautomator2Driver@25c3]&amp#27;[0m Starting UIAutomator2 server 7.0.25
&amp#27;[38;5;70m[7acc56e0]&amp#27;[0m&amp#27;[38;5;-90m[AndroidUiautomator2Driver@25c3]&amp#27;[0m Using UIAutomator2 server from 'C:\Users\Testriq\.appium\node_modules\appium-uiautomator2-driver\node_modules\appium-uiautomator2-server\apks\appium-uiautomator2-server-v7.0.25.apk' and test from 'C:\Users\Testriq\.appium\node_modules\appium-uiautomator2-driver\node_modules\appium-uiautomator2-server\apks\appium-uiautomator2-server-debug-androidTest.apk'
&amp#27;[38;5;70m[7acc56e0]&amp#27;[0m&amp#27;[38;5;-90m[AndroidUiautomator2Driver@25c3]&amp#27;[0m Waiting up to 30000ms for UiAutomator2 to be online...
&amp#27;[38;5;70m[7acc56e0]&amp#27;[0m&amp#27;[38;5;229m[ADB]&amp#27;[0m Creating ADB subprocess with args: ["-P","5037","-s","2A131FDH200HX6","shell","am","instrument","-w","-e","disableAnalytics","true","io.appium.uiautomator2.server.test/androidx.test.runner.AndroidJUnitRunner"]
&amp#27;[38;5;70m[7acc56e0]&amp#27;[0m&amp#27;[38;5;-90m[AndroidUiautomator2Driver@25c3]&amp#27;[0m Matched '/status' to command name 'getStatus'
&amp#27;[38;5;70m[7acc56e0]&amp#27;[0m&amp#27;[38;5;-90m[AndroidUiautomator2Driver@25c3]&amp#27;[0m Proxying [GET /status] to [GET http://127.0.0.1:8201/status] with no body
&amp#27;[38;5;70m[7acc56e0]&amp#27;[0m&amp#27;[38;5;-90m[AndroidUiautomator2Driver@25c3]&amp#27;[0m socket hang up
&amp#27;[38;5;70m[7acc56e0]&amp#27;[0m&amp#27;[38;5;-90m[AndroidUiautomator2Driver@25c3]&amp#27;[0m [Instrumentation] 
&amp#27;[38;5;70m[7acc56e0]&amp#27;[0m&amp#27;[38;5;-90m[AndroidUiautomator2Driver@25c3]&amp#27;[0m Matched '/status' to command name 'getStatus'
&amp#27;[38;5;70m[7acc56e0]&amp#27;[0m&amp#27;[38;5;-90m[AndroidUiautomator2Driver@25c3]&amp#27;[0m Proxying [GET /status] to [GET http://127.0.0.1:8201/status] with no body
&amp#27;[38;5;70m[7acc56e0]&amp#27;[0m&amp#27;[38;5;-90m[AndroidUiautomator2Driver@25c3]&amp#27;[0m socket hang up
&amp#27;[38;5;70m[7acc56e0]&amp#27;[0m&amp#27;[38;5;-90m[AndroidUiautomator2Driver@25c3]&amp#27;[0m Matched '/status' to command name 'getStatus'
&amp#27;[38;5;70m[7acc56e0]&amp#27;[0m&amp#27;[38;5;-90m[AndroidUiautomator2Driver@25c3]&amp#27;[0m Proxying [GET /status] to [GET http://127.0.0.1:8201/status] with no body
&amp#27;[38;5;70m[7acc56e0]&amp#27;[0m&amp#27;[38;5;-90m[AndroidUiautomator2Driver@25c3]&amp#27;[0m Got response with status 200: {"sessionId":"None","value":{"message":"UiAutomator2 Server is ready to accept commands","ready":true}}
&amp#27;[38;5;70m[7acc56e0]&amp#27;[0m&amp#27;[38;5;-90m[AndroidUiautomator2Driver@25c3]&amp#27;[0m The initialization of the instrumentation process took 2160ms
&amp#27;[38;5;70m[7acc56e0]&amp#27;[0m&amp#27;[38;5;-90m[AndroidUiautomator2Driver@25c3]&amp#27;[0m Matched '/session' to command name 'createSession'
&amp#27;[38;5;70m[7acc56e0]&amp#27;[0m&amp#27;[38;5;-90m[AndroidUiautomator2Driver@25c3]&amp#27;[0m Proxying [POST /session] to [POST http://127.0.0.1:8201/session] with body: {"capabilities":{"firstMatch":[{"platformName":"ANDROID","appPackage":"com.saucelabs.mydemoapp.android","autoGrantPermissions":true,"deviceName":"2A131FDH200HX6","app":"G:\\Automation Projects\\testriq\\src\\main\\java\\apps\\mda-2.2.0-25.apk","appActivity":"com.saucelabs.mydemoapp.android.view.activities.SplashActivity","automationName":"UIAutomator2","platform":"LINUX","webStorageEnabled":false,"takesScreenshot":true,"javascriptEnabled":true,"databaseEnabled":false,"networkConnectionEnabled":true,"locationContextEnabled":false,"warnings":{},"desired":{"platformName":"ANDROID","appPackage":"com.saucelabs.mydemoapp.android","autoGrantPermissions":true,"deviceName":"AndroidDeviceName","app":"G:\\Automation Projects\\testriq\\src\\main\\java\\apps\\mda-2.2.0-25.apk","appActivity":"com.saucelabs.mydemoapp.android.view.activities.SplashActivity","automationName":"UIAutomator2"},"deviceUDID":"2A131FDH200HX6"}],"alwaysMatch":{}}}
&amp#27;[38;5;70m[7acc56e0]&amp#27;[0m&amp#27;[38;5;-90m[AndroidUiautomator2Driver@25c3]&amp#27;[0m Got response with status 200: {"sessionId":"41d55b1f-53ac-4075-a40a-9cafb8298812","value":{"capabilities":{"firstMatch":[{"platformName":"ANDROID","appPackage":"com.saucelabs.mydemoapp.android","autoGrantPermissions":true,"deviceName":"2A131FDH200HX6","app":"G:\\Automation Projects\\testriq\\src\\main\\java\\apps\\mda-2.2.0-25.apk","appActivity":"com.saucelabs.mydemoapp.android.view.activities.SplashActivity","automationName":"UIAutomator2","platform":"LINUX","webStorageEnabled":false,"takesScreenshot":true,"javascriptEnabled":true,"databaseEnabled":false,"networkConnectionEnabled":true,"locationContextEnabled":false,"warnings":{},"desired":{"platformName":"ANDROID","appPackage":"com.saucelabs.mydemoapp.android","autoGrantPermissions":true,"deviceName":"AndroidDeviceName","app":"G:\\Automation Projects\\testriq\\src\\main\\java\\apps\\mda-2.2.0-25.apk","appActivity":"com.saucelabs.mydemoapp.android.view.activities.SplashActivity","automationName":"UIAutomator2"},"deviceUDID":"2A131FDH200HX6"}],"alwaysMatch":{}},"sessionId":"41d55b1f-53...
&amp#27;[38;5;70m[7acc56e0]&amp#27;[0m&amp#27;[38;5;-90m[AndroidUiautomator2Driver@25c3]&amp#27;[0m Determined the downstream protocol as 'W3C'
&amp#27;[38;5;70m[7acc56e0]&amp#27;[0m&amp#27;[38;5;-90m[AndroidUiautomator2Driver@25c3]&amp#27;[0m Proxying [GET /appium/device/pixel_ratio] to [GET http://127.0.0.1:8201/session/41d55b1f-53ac-4075-a40a-9cafb8298812/appium/device/pixel_ratio] with no body
&amp#27;[38;5;70m[7acc56e0]&amp#27;[0m&amp#27;[38;5;-90m[AndroidUiautomator2Driver@25c3]&amp#27;[0m Matched '/appium/device/system_bars' to command name 'getSystemBars'
&amp#27;[38;5;70m[7acc56e0]&amp#27;[0m&amp#27;[38;5;-90m[AndroidUiautomator2Driver@25c3]&amp#27;[0m Proxying [GET /appium/device/system_bars] to [GET http://127.0.0.1:8201/session/41d55b1f-53ac-4075-a40a-9cafb8298812/appium/device/system_bars] with no body
&amp#27;[38;5;70m[7acc56e0]&amp#27;[0m&amp#27;[38;5;-90m[AndroidUiautomator2Driver@25c3]&amp#27;[0m Matched '/window/current/size' to command name 'getWindowSize'
&amp#27;[38;5;70m[7acc56e0]&amp#27;[0m&amp#27;[38;5;-90m[AndroidUiautomator2Driver@25c3]&amp#27;[0m Proxying [GET /window/current/size] to [GET http://127.0.0.1:8201/session/41d55b1f-53ac-4075-a40a-9cafb8298812/window/current/size] with no body
&amp#27;[38;5;70m[7acc56e0]&amp#27;[0m&amp#27;[38;5;-90m[AndroidUiautomator2Driver@25c3]&amp#27;[0m Proxying [GET /appium/device/info] to [GET http://127.0.0.1:8201/session/41d55b1f-53ac-4075-a40a-9cafb8298812/appium/device/info] with no body
&amp#27;[38;5;70m[7acc56e0]&amp#27;[0m&amp#27;[38;5;229m[ADB]&amp#27;[0m Running 'C:\Users\Testriq\AppData\Local\Android\Sdk\platform-tools\adb.exe -P 5037 -s 2A131FDH200HX6 shell dumpsys window'
&amp#27;[38;5;70m[7acc56e0]&amp#27;[0m&amp#27;[38;5;229m[ADB]&amp#27;[0m Running 'C:\Users\Testriq\AppData\Local\Android\Sdk\platform-tools\adb.exe -P 5037 -s 2A131FDH200HX6 shell dumpsys power'
&amp#27;[38;5;70m[7acc56e0]&amp#27;[0m&amp#27;[38;5;-90m[AndroidUiautomator2Driver@25c3]&amp#27;[0m Got response with status 200: {"sessionId":"41d55b1f-53ac-4075-a40a-9cafb8298812","value":2.2250001}
&amp#27;[38;5;70m[7acc56e0]&amp#27;[0m&amp#27;[38;5;-90m[AndroidUiautomator2Driver@25c3]&amp#27;[0m Got response with status 200: {"sessionId":"41d55b1f-53ac-4075-a40a-9cafb8298812","value":{"statusBar":136}}
&amp#27;[38;5;70m[7acc56e0]&amp#27;[0m&amp#27;[38;5;-90m[AndroidUiautomator2Driver@25c3]&amp#27;[0m Got response with status 200: {"sessionId":"41d55b1f-53ac-4075-a40a-9cafb8298812","value":{"height":2400,"width":1080}}
&amp#27;[38;5;70m[7acc56e0]&amp#27;[0m&amp#27;[38;5;-90m[AndroidUiautomator2Driver@25c3]&amp#27;[0m Got response with status 200: {"sessionId":"41d55b1f-53ac-4075-a40a-9cafb8298812","value":{"androidId":"7781aa28ec4e674f","apiVersion":"35","bluetooth":{"state":"ON"},"brand":"google","carrierName":"","displayDensity":356,"locale":"en_US","manufacturer":"Google","model":"Pixel 7","networks":[{"capabilities":{"SSID":null,"linkDownBandwidthKbps":29972,"linkUpstreamBandwidthKbps":24945,"networkCapabilities":"NET_CAPABILITY_NOT_METERED,NET_CAPABILITY_INTERNET,NET_CAPABILITY_NOT_RESTRICTED,NET_CAPABILITY_TRUSTED,NET_CAPABILITY_NOT_VPN,NET_CAPABILITY_VALIDATED,NET_CAPABILITY_NOT_ROAMING,NET_CAPABILITY_FOREGROUND,NET_CAPABILITY_NOT_CONGESTED,NET_CAPABILITY_NOT_SUSPENDED","signalStrength":-59,"transportTypes":"TRANSPORT_WIFI"},"detailedState":"CONNECTED","extraInfo":"","isAvailable":true,"isConnected":true,"isFailover":false,"isRoaming":false,"state":"CONNECTED","subtype":-1,"subtypeName":"","type":1,"typeName":"WIFI"}],"platformVersion":"15","realDisplaySize":"1080x2400","timeZone":"Asia/Kolkata"}}
&amp#27;[38;5;70m[7acc56e0]&amp#27;[0m&amp#27;[38;5;-90m[AndroidUiautomator2Driver@25c3]&amp#27;[0m Screen already unlocked, doing nothing
&amp#27;[38;5;70m[7acc56e0]&amp#27;[0m&amp#27;[38;5;-90m[AndroidUiautomator2Driver@25c3]&amp#27;[0m Starting 'com.saucelabs.mydemoapp.android/com.saucelabs.mydemoapp.android.view.activities.SplashActivity and waiting for 'com.saucelabs.mydemoapp.android/com.saucelabs.mydemoapp.android.view.activities.SplashActivity'
&amp#27;[38;5;70m[7acc56e0]&amp#27;[0m&amp#27;[38;5;229m[ADB]&amp#27;[0m Running 'C:\Users\Testriq\AppData\Local\Android\Sdk\platform-tools\adb.exe -P 5037 -s 2A131FDH200HX6 shell am start -W -n com.saucelabs.mydemoapp.android/com.saucelabs.mydemoapp.android.view.activities.SplashActivity -S -a android.intent.action.MAIN -c android.intent.category.LAUNCHER -f 0x10200000'
&amp#27;[38;5;70m[7acc56e0]&amp#27;[0m&amp#27;[38;5;23m[AppiumDriver@398a]&amp#27;[0m New AndroidUiautomator2Driver session created successfully, session 7acc56e0-b8ac-4a93-99b6-29e45873e0cc added to master session list
&amp#27;[38;5;70m[7acc56e0]&amp#27;[0m&amp#27;[38;5;23m[AppiumDriver@398a]&amp#27;[0m Event 'newSessionStarted' logged at 1737019556021 (14:55:56 GMT+0530 (India Standard Time))
&amp#27;[38;5;70m[7acc56e0]&amp#27;[0m&amp#27;[38;5;-90m[AndroidUiautomator2Driver@25c3]&amp#27;[0m Cached the protocol value 'W3C' for the new session 7acc56e0-b8ac-4a93-99b6-29e45873e0cc
&amp#27;[38;5;70m[7acc56e0]&amp#27;[0m&amp#27;[38;5;-90m[AndroidUiautomator2Driver@25c3]&amp#27;[0m Responding to client with driver.createSession() result: {"capabilities":{"platformName":"ANDROID","appPackage":"com.saucelabs.mydemoapp.android","autoGrantPermissions":true,"deviceName":"2A131FDH200HX6","app":"G:\\Automation Projects\\testriq\\src\\main\\java\\apps\\mda-2.2.0-25.apk","appActivity":"com.saucelabs.mydemoapp.android.view.activities.SplashActivity","automationName":"UIAutomator2","platform":"LINUX","webStorageEnabled":false,"takesScreenshot":true,"javascriptEnabled":true,"databaseEnabled":false,"networkConnectionEnabled":true,"locationContextEnabled":false,"warnings":{},"desired":{"platformName":"ANDROID","appPackage":"com.saucelabs.mydemoapp.android","autoGrantPermissions":true,"deviceName":"AndroidDeviceName","app":"G:\\Automation Projects\\testriq\\src\\main\\java\\apps\\mda-2.2.0-25.apk","appActivity":"com.saucelabs.mydemoapp.android.view.activities.SplashActivity","automationName":"UIAutomator2"},"deviceUDID":"2A131FDH200HX6","pixelRatio":"2.2250001","statBarHeight":136,"viewportRect":{"left":0,"top":136,"width":1080,"height":2264},"deviceApiL...
&amp#27;[38;5;70m[7acc56e0]&amp#27;[0m&amp#27;[38;5;86m[HTTP]&amp#27;[0m &amp#27;[37m<-- POST /session &amp#27;[39m&amp#27;[32m200&amp#27;[39m &amp#27;[90m6432 ms - 1226&amp#27;[39m &amp#27;[90m&amp#27;[39m
&amp#27;[38;5;86m[HTTP]&amp#27;[0m &amp#27;[37m-->&amp#27;[39m &amp#27;[37mGET&amp#27;[39m &amp#27;[37m/status&amp#27;[39m &amp#27;[90m{}&amp#27;[39m
&amp#27;[38;5;23m[AppiumDriver@398a]&amp#27;[0m Calling AppiumDriver.getStatus() with args: []
&amp#27;[38;5;23m[AppiumDriver@398a]&amp#27;[0m Responding to client with driver.getStatus() result: {"ready":true,"message":"The server is ready to accept new connections","build":{"version":"2.11.5","git-sha":"4eddc999c5d9b705e7356152d2d5953a0dda3720","built":"2024-10-09 17:32:11 +0530"}}
&amp#27;[38;5;86m[HTTP]&amp#27;[0m &amp#27;[37m<-- GET /status &amp#27;[39m&amp#27;[32m200&amp#27;[39m &amp#27;[90m1 ms - 200&amp#27;[39m &amp#27;[90m&amp#27;[39m
&amp#27;[38;5;86m[HTTP]&amp#27;[0m Request idempotency key: a5674a52-f11b-4730-891a-3308518b3841
&amp#27;[38;5;86m[HTTP]&amp#27;[0m &amp#27;[37m-->&amp#27;[39m &amp#27;[37mPOST&amp#27;[39m &amp#27;[37m/session&amp#27;[39m &amp#27;[90m{"capabilities":{"firstMatch":[{}],"alwaysMatch":{"appium:appPackage":"com.saucelabs.mydemoapp.android","appium:autoGrantPermissions":true,"appium:deviceName":"AndroidDeviceName","appium:app":"G:\\Automation Projects\\testriq\\src\\main\\java\\apps\\mda-2.2.0-25.apk","appium:appActivity":"com.saucelabs.mydemoapp.android.view.activities.SplashActivity","platformName":"ANDROID","appium:automationName":"UIAutomator2"}}}&amp#27;[39m
&amp#27;[38;5;23m[AppiumDriver@398a]&amp#27;[0m Calling AppiumDriver.createSession() with args: [null,null,{"firstMatch":[{}],"alwaysMatch":{"appium:appPackage":"com.saucelabs.mydemoapp.android","appium:autoGrantPermissions":true,"appium:deviceName":"AndroidDeviceName","appium:app":"G:\\Automation Projects\\testriq\\src\\main\\java\\apps\\mda-2.2.0-25.apk","appium:appActivity":"com.saucelabs.mydemoapp.android.view.activities.SplashActivity","platformName":"ANDROID","appium:automationName":"UIAutomator2"}}]
&amp#27;[38;5;23m[AppiumDriver@398a]&amp#27;[0m Event 'newSessionRequested' logged at 1737019556067 (14:55:56 GMT+0530 (India Standard Time))
&amp#27;[38;5;112m[Appium]&amp#27;[0m Attempting to find matching driver for automationName 'UIAutomator2' and platformName 'ANDROID'
&amp#27;[38;5;112m[Appium]&amp#27;[0m The 'uiautomator2' driver was installed and matched caps.
&amp#27;[38;5;112m[Appium]&amp#27;[0m Will require it at C:\Users\Testriq\.appium\node_modules\appium-uiautomator2-driver
&amp#27;[38;5;112m[Appium]&amp#27;[0m Requiring driver at C:\Users\Testriq\.appium\node_modules\appium-uiautomator2-driver\build\index.js
&amp#27;[38;5;23m[AppiumDriver@398a]&amp#27;[0m Appium v2.11.5 creating new AndroidUiautomator2Driver (v3.8.0) session
&amp#27;[38;5;23m[AppiumDriver@398a]&amp#27;[0m Checking BaseDriver versions for Appium and AndroidUiautomator2Driver
&amp#27;[38;5;23m[AppiumDriver@398a]&amp#27;[0m Appium's BaseDriver version is 9.11.5
&amp#27;[38;5;23m[AppiumDriver@398a]&amp#27;[0m AndroidUiautomator2Driver's BaseDriver version is 9.11.5
&amp#27;[38;5;-111m[AndroidUiautomator2Driver@ecb2]&amp#27;[0m 
&amp#27;[38;5;-111m[AndroidUiautomator2Driver@ecb2]&amp#27;[0m Creating session with W3C capabilities: {
  "alwaysMatch": {
    "platformName": "ANDROID",
    "appium:appPackage": "com.saucelabs.mydemoapp.android",
    "appium:autoGrantPermissions": true,
    "appium:deviceName": "AndroidDeviceName",
    "appium:app": "G:\\Automation Projects\\testriq\\src\\main\\java\\apps\\mda-2.2.0-25.apk",
    "appium:appActivity": "com.saucelabs.mydemoapp.android.view.activities.SplashActivity",
    "appium:automationName": "UIAutomator2"
  },
  "firstMatch": [
    {}
  ]
}
&amp#27;[38;5;109m[97398391]&amp#27;[0m&amp#27;[38;5;-111m[AndroidUiautomator2Driver@ecb2]&amp#27;[0m Session created with session id: 97398391-aa65-4bdc-8a3e-7409d1c506ce
&amp#27;[38;5;109m[97398391]&amp#27;[0m&amp#27;[38;5;229m[ADB]&amp#27;[0m Using 'adb.exe' from 'C:\Users\Testriq\AppData\Local\Android\Sdk\platform-tools\adb.exe'
&amp#27;[38;5;109m[97398391]&amp#27;[0m&amp#27;[38;5;229m[ADB]&amp#27;[0m Running 'C:\Users\Testriq\AppData\Local\Android\Sdk\platform-tools\adb.exe -P 5037 start-server'
&amp#27;[38;5;109m[97398391]&amp#27;[0m&amp#27;[38;5;-111m[AndroidUiautomator2Driver@ecb2]&amp#27;[0m Retrieving device list
&amp#27;[38;5;109m[97398391]&amp#27;[0m&amp#27;[38;5;229m[ADB]&amp#27;[0m Trying to find connected Android devices
&amp#27;[38;5;109m[97398391]&amp#27;[0m&amp#27;[38;5;229m[ADB]&amp#27;[0m Getting connected devices
&amp#27;[38;5;109m[97398391]&amp#27;[0m&amp#27;[38;5;229m[ADB]&amp#27;[0m Connected devices: [{"udid":"2A131FDH200HX6","state":"device"}]
&amp#27;[38;5;109m[97398391]&amp#27;[0m&amp#27;[38;5;-111m[AndroidUiautomator2Driver@ecb2]&amp#27;[0m Using device: 2A131FDH200HX6
&amp#27;[38;5;109m[97398391]&amp#27;[0m&amp#27;[38;5;229m[ADB]&amp#27;[0m Using 'adb.exe' from 'C:\Users\Testriq\AppData\Local\Android\Sdk\platform-tools\adb.exe'
&amp#27;[38;5;109m[97398391]&amp#27;[0m&amp#27;[38;5;229m[ADB]&amp#27;[0m Running 'C:\Users\Testriq\AppData\Local\Android\Sdk\platform-tools\adb.exe -P 5037 start-server'
&amp#27;[38;5;109m[97398391]&amp#27;[0m&amp#27;[38;5;229m[ADB]&amp#27;[0m Setting device id to 2A131FDH200HX6
&amp#27;[38;5;109m[97398391]&amp#27;[0m&amp#27;[38;5;123m[BaseDriver]&amp#27;[0m Using local app 'G:\Automation Projects\testriq\src\main\java\apps\mda-2.2.0-25.apk'
&amp#27;[38;5;109m[97398391]&amp#27;[0m&amp#27;[38;5;-111m[AndroidUiautomator2Driver@ecb2]&amp#27;[0m Checking whether app is actually present
&amp#27;[38;5;109m[97398391]&amp#27;[0m&amp#27;[38;5;229m[ADB]&amp#27;[0m Running 'C:\Users\Testriq\AppData\Local\Android\Sdk\platform-tools\adb.exe -P 5037 -s 2A131FDH200HX6 shell getprop ro.build.version.sdk'
&amp#27;[38;5;109m[97398391]&amp#27;[0m&amp#27;[38;5;229m[ADB]&amp#27;[0m Current device property 'ro.build.version.sdk': 35
&amp#27;[38;5;109m[97398391]&amp#27;[0m&amp#27;[38;5;229m[ADB]&amp#27;[0m Getting device platform version
&amp#27;[38;5;109m[97398391]&amp#27;[0m&amp#27;[38;5;229m[ADB]&amp#27;[0m Running 'C:\Users\Testriq\AppData\Local\Android\Sdk\platform-tools\adb.exe -P 5037 -s 2A131FDH200HX6 shell getprop ro.build.version.release'
&amp#27;[38;5;109m[97398391]&amp#27;[0m&amp#27;[38;5;229m[ADB]&amp#27;[0m Current device property 'ro.build.version.release': 15
&amp#27;[38;5;109m[97398391]&amp#27;[0m&amp#27;[38;5;229m[ADB]&amp#27;[0m Device API level: 35
&amp#27;[38;5;109m[97398391]&amp#27;[0m&amp#27;[38;5;-111m[AndroidUiautomator2Driver@ecb2]&amp#27;[0m Relaxing hidden api policy
&amp#27;[38;5;109m[97398391]&amp#27;[0m&amp#27;[38;5;229m[ADB]&amp#27;[0m Running 'C:\Users\Testriq\AppData\Local\Android\Sdk\platform-tools\adb.exe -P 5037 -s 2A131FDH200HX6 shell 'settings put global hidden_api_policy_pre_p_apps 1;settings put global hidden_api_policy_p_apps 1;settings put global hidden_api_policy 1''
&amp#27;[38;5;109m[97398391]&amp#27;[0m&amp#27;[38;5;-111m[AndroidUiautomator2Driver@ecb2]&amp#27;[0m Pushing settings apk to the device...
&amp#27;[38;5;109m[97398391]&amp#27;[0m&amp#27;[38;5;229m[ADB]&amp#27;[0m Getting package info for 'io.appium.settings'
&amp#27;[38;5;109m[97398391]&amp#27;[0m&amp#27;[38;5;229m[ADB]&amp#27;[0m Running 'C:\Users\Testriq\AppData\Local\Android\Sdk\platform-tools\adb.exe -P 5037 -s 2A131FDH200HX6 shell dumpsys package io.appium.settings'
&amp#27;[38;5;109m[97398391]&amp#27;[0m&amp#27;[38;5;229m[ADB]&amp#27;[0m Using 'aapt2.exe' from 'C:\Users\Testriq\AppData\Local\Android\Sdk\build-tools\34.0.0\aapt2.exe'
&amp#27;[38;5;109m[97398391]&amp#27;[0m&amp#27;[38;5;229m[ADB]&amp#27;[0m Reading package manifest: 'C:\\Users\\Testriq\\AppData\\Local\\Android\\Sdk\\build-tools\\34.0.0\\aapt2.exe dump badging C:\\Users\\Testriq\\.appium\\node_modules\\appium-uiautomator2-driver\\node_modules\\io.appium.settings\\apks\\settings_apk-debug.apk'
&amp#27;[38;5;109m[97398391]&amp#27;[0m&amp#27;[38;5;229m[ADB]&amp#27;[0m The version name of the installed 'io.appium.settings' is greater or equal to the application version name ('5.12.13' >= '5.12.13')
&amp#27;[38;5;109m[97398391]&amp#27;[0m&amp#27;[38;5;229m[ADB]&amp#27;[0m There is no need to install/upgrade 'C:\Users\Testriq\.appium\node_modules\appium-uiautomator2-driver\node_modules\io.appium.settings\apks\settings_apk-debug.apk'
&amp#27;[38;5;109m[97398391]&amp#27;[0m&amp#27;[38;5;229m[ADB]&amp#27;[0m Running 'C:\Users\Testriq\AppData\Local\Android\Sdk\platform-tools\adb.exe -P 5037 -s 2A131FDH200HX6 shell dumpsys activity services io.appium.settings'
&amp#27;[38;5;109m[97398391]&amp#27;[0m&amp#27;[38;5;-111m[AndroidUiautomator2Driver@ecb2]&amp#27;[0m io.appium.settings is already running. There is no need to reset its permissions.
&amp#27;[38;5;109m[97398391]&amp#27;[0m&amp#27;[38;5;160m[Logcat]&amp#27;[0m Starting logs capture with command: C:\\Users\\Testriq\\AppData\\Local\\Android\\Sdk\\platform-tools\\adb.exe -P 5037 -s 2A131FDH200HX6 logcat -v threadtime
&amp#27;[38;5;109m[97398391]&amp#27;[0m&amp#27;[38;5;229m[ADB]&amp#27;[0m Running 'C:\Users\Testriq\AppData\Local\Android\Sdk\platform-tools\adb.exe -P 5037 -s 2A131FDH200HX6 shell appops set io.appium.settings android:mock_location allow'
&amp#27;[38;5;109m[97398391]&amp#27;[0m&amp#27;[38;5;229m[ADB]&amp#27;[0m Running 'C:\Users\Testriq\AppData\Local\Android\Sdk\platform-tools\adb.exe -P 5037 -s 2A131FDH200HX6 shell "[ -e '/data/local/tmp/mock_apps.json' ] && echo __PASS__"'
&amp#27;[38;5;109m[97398391]&amp#27;[0m&amp#27;[38;5;229m[ADB]&amp#27;[0m Running 'C:\Users\Testriq\AppData\Local\Android\Sdk\platform-tools\adb.exe -P 5037 -s 2A131FDH200HX6 shell cat /data/local/tmp/mock_apps.json'
&amp#27;[38;5;109m[97398391]&amp#27;[0m&amp#27;[38;5;-111m[AndroidUiautomator2Driver@ecb2]&amp#27;[0m Forwarding UiAutomator2 Server port 6790 to local port 8204
&amp#27;[38;5;109m[97398391]&amp#27;[0m&amp#27;[38;5;229m[ADB]&amp#27;[0m Forwarding system: 8204 to device: 6790
&amp#27;[38;5;109m[97398391]&amp#27;[0m&amp#27;[38;5;229m[ADB]&amp#27;[0m Running 'C:\Users\Testriq\AppData\Local\Android\Sdk\platform-tools\adb.exe -P 5037 -s 2A131FDH200HX6 forward tcp:8204 tcp:6790'
&amp#27;[38;5;109m[97398391]&amp#27;[0m&amp#27;[38;5;229m[ADB]&amp#27;[0m Getting package info for 'io.appium.uiautomator2.server'
&amp#27;[38;5;109m[97398391]&amp#27;[0m&amp#27;[38;5;229m[ADB]&amp#27;[0m Running 'C:\Users\Testriq\AppData\Local\Android\Sdk\platform-tools\adb.exe -P 5037 -s 2A131FDH200HX6 shell dumpsys package io.appium.uiautomator2.server'
&amp#27;[38;5;109m[97398391]&amp#27;[0m&amp#27;[38;5;229m[ADB]&amp#27;[0m Getting install status for io.appium.uiautomator2.server.test
&amp#27;[38;5;109m[97398391]&amp#27;[0m&amp#27;[38;5;229m[ADB]&amp#27;[0m Checking app cert for G:\Automation Projects\testriq\src\main\java\apps\mda-2.2.0-25.apk
&amp#27;[38;5;109m[97398391]&amp#27;[0m&amp#27;[38;5;229m[ADB]&amp#27;[0m Running 'C:\Users\Testriq\AppData\Local\Android\Sdk\platform-tools\adb.exe -P 5037 -s 2A131FDH200HX6 shell cmd package list packages'
&amp#27;[38;5;109m[97398391]&amp#27;[0m&amp#27;[38;5;229m[ADB]&amp#27;[0m Using the previously cached signature entry for 'mda-2.2.0-25.apk'
&amp#27;[38;5;109m[97398391]&amp#27;[0m&amp#27;[38;5;229m[ADB]&amp#27;[0m Getting package info for 'com.saucelabs.mydemoapp.android'
&amp#27;[38;5;109m[97398391]&amp#27;[0m&amp#27;[38;5;229m[ADB]&amp#27;[0m Running 'C:\Users\Testriq\AppData\Local\Android\Sdk\platform-tools\adb.exe -P 5037 -s 2A131FDH200HX6 shell dumpsys package com.saucelabs.mydemoapp.android'
&amp#27;[38;5;109m[97398391]&amp#27;[0m&amp#27;[38;5;229m[ADB]&amp#27;[0m 'io.appium.uiautomator2.server.test' is installed
&amp#27;[38;5;109m[97398391]&amp#27;[0m&amp#27;[38;5;229m[ADB]&amp#27;[0m Reading package manifest: 'C:\\Users\\Testriq\\AppData\\Local\\Android\\Sdk\\build-tools\\34.0.0\\aapt2.exe dump badging C:\\Users\\Testriq\\.appium\\node_modules\\appium-uiautomator2-driver\\node_modules\\appium-uiautomator2-server\\apks\\appium-uiautomator2-server-v7.0.25.apk'
&amp#27;[38;5;109m[97398391]&amp#27;[0m&amp#27;[38;5;229m[ADB]&amp#27;[0m The version name of the installed 'io.appium.uiautomator2.server' is greater or equal to the application version name ('7.0.25' >= '7.0.25')
&amp#27;[38;5;109m[97398391]&amp#27;[0m&amp#27;[38;5;-111m[AndroidUiautomator2Driver@ecb2]&amp#27;[0m Server packages status: [{"installState":"sameVersionInstalled","appPath":"C:\\Users\\Testriq\\.appium\\node_modules\\appium-uiautomator2-driver\\node_modules\\appium-uiautomator2-server\\apks\\appium-uiautomator2-server-v7.0.25.apk","appId":"io.appium.uiautomator2.server"},{"installState":"sameVersionInstalled","appPath":"C:\\Users\\Testriq\\.appium\\node_modules\\appium-uiautomator2-driver\\node_modules\\appium-uiautomator2-server\\apks\\appium-uiautomator2-server-debug-androidTest.apk","appId":"io.appium.uiautomator2.server.test"}]
&amp#27;[38;5;109m[97398391]&amp#27;[0m&amp#27;[38;5;-111m[AndroidUiautomator2Driver@ecb2]&amp#27;[0m Server packages are not going to be (re)installed
&amp#27;[38;5;109m[97398391]&amp#27;[0m&amp#27;[38;5;-111m[AndroidUiautomator2Driver@ecb2]&amp#27;[0m Waiting up to 30000ms for services to be available
&amp#27;[38;5;109m[97398391]&amp#27;[0m&amp#27;[38;5;229m[ADB]&amp#27;[0m Running 'C:\Users\Testriq\AppData\Local\Android\Sdk\platform-tools\adb.exe -P 5037 -s 2A131FDH200HX6 shell pm list instrumentation'
&amp#27;[38;5;109m[97398391]&amp#27;[0m&amp#27;[38;5;229m[ADB]&amp#27;[0m Reading package manifest: 'C:\\Users\\Testriq\\AppData\\Local\\Android\\Sdk\\build-tools\\34.0.0\\aapt2.exe dump badging 'G:\\Automation Projects\\testriq\\src\\main\\java\\apps\\mda-2.2.0-25.apk''
&amp#27;[38;5;109m[97398391]&amp#27;[0m&amp#27;[38;5;229m[ADB]&amp#27;[0m The version name of the installed 'com.saucelabs.mydemoapp.android' is greater or equal to the application version name ('2.2.0' >= '2.2.0')
&amp#27;[38;5;109m[97398391]&amp#27;[0m&amp#27;[38;5;229m[ADB]&amp#27;[0m There is no need to install/upgrade 'G:\Automation Projects\testriq\src\main\java\apps\mda-2.2.0-25.apk'
&amp#27;[38;5;109m[97398391]&amp#27;[0m&amp#27;[38;5;-111m[AndroidUiautomator2Driver@ecb2]&amp#27;[0m Performing fast reset on 'com.saucelabs.mydemoapp.android'
&amp#27;[38;5;109m[97398391]&amp#27;[0m&amp#27;[38;5;229m[ADB]&amp#27;[0m Getting install status for com.saucelabs.mydemoapp.android
&amp#27;[38;5;109m[97398391]&amp#27;[0m&amp#27;[38;5;229m[ADB]&amp#27;[0m Running 'C:\Users\Testriq\AppData\Local\Android\Sdk\platform-tools\adb.exe -P 5037 -s 2A131FDH200HX6 shell cmd package list packages'
&amp#27;[38;5;109m[97398391]&amp#27;[0m&amp#27;[38;5;-111m[AndroidUiautomator2Driver@ecb2]&amp#27;[0m Instrumentation target 'io.appium.uiautomator2.server.test/androidx.test.runner.AndroidJUnitRunner' is available
&amp#27;[38;5;109m[97398391]&amp#27;[0m&amp#27;[38;5;229m[ADB]&amp#27;[0m Adding packages ["io.appium.settings","io.appium.uiautomator2.server","io.appium.uiautomator2.server.test"] to Doze whitelist
&amp#27;[38;5;109m[97398391]&amp#27;[0m&amp#27;[38;5;229m[ADB]&amp#27;[0m Got the following command chunks to execute: [["dumpsys","deviceidle","whitelist","+io.appium.settings",";","dumpsys","deviceidle","whitelist","+io.appium.uiautomator2.server",";","dumpsys","deviceidle","whitelist","+io.appium.uiautomator2.server.test",";"]]
&amp#27;[38;5;109m[97398391]&amp#27;[0m&amp#27;[38;5;229m[ADB]&amp#27;[0m Running 'C:\Users\Testriq\AppData\Local\Android\Sdk\platform-tools\adb.exe -P 5037 -s 2A131FDH200HX6 shell dumpsys deviceidle whitelist +io.appium.settings ; dumpsys deviceidle whitelist +io.appium.uiautomator2.server ; dumpsys deviceidle whitelist +io.appium.uiautomator2.server.test ;'
&amp#27;[38;5;109m[97398391]&amp#27;[0m&amp#27;[38;5;229m[ADB]&amp#27;[0m 'com.saucelabs.mydemoapp.android' is installed
&amp#27;[38;5;109m[97398391]&amp#27;[0m&amp#27;[38;5;229m[ADB]&amp#27;[0m Running 'C:\Users\Testriq\AppData\Local\Android\Sdk\platform-tools\adb.exe -P 5037 -s 2A131FDH200HX6 shell am force-stop com.saucelabs.mydemoapp.android'
&amp#27;[38;5;109m[97398391]&amp#27;[0m&amp#27;[38;5;229m[ADB]&amp#27;[0m Running 'C:\Users\Testriq\AppData\Local\Android\Sdk\platform-tools\adb.exe -P 5037 -s 2A131FDH200HX6 shell pm clear com.saucelabs.mydemoapp.android'
&amp#27;[38;5;109m[97398391]&amp#27;[0m&amp#27;[38;5;229m[ADB]&amp#27;[0m Running 'C:\Users\Testriq\AppData\Local\Android\Sdk\platform-tools\adb.exe -P 5037 -s 2A131FDH200HX6 shell dumpsys package com.saucelabs.mydemoapp.android'
&amp#27;[38;5;109m[97398391]&amp#27;[0m&amp#27;[38;5;229m[ADB]&amp#27;[0m Retrieving requested permissions
&amp#27;[38;5;109m[97398391]&amp#27;[0m&amp#27;[38;5;229m[ADB]&amp#27;[0m Retrieved 30 permissions from requested group
&amp#27;[38;5;109m[97398391]&amp#27;[0m&amp#27;[38;5;229m[ADB]&amp#27;[0m Retrieving granted permissions
&amp#27;[38;5;109m[97398391]&amp#27;[0m&amp#27;[38;5;229m[ADB]&amp#27;[0m Retrieved 5 permissions from install,runtime groups
&amp#27;[38;5;109m[97398391]&amp#27;[0m&amp#27;[38;5;229m[ADB]&amp#27;[0m Granting permissions ["android.permission.POST_NOTIFICATIONS","android.permission.ACCESS_FINE_LOCATION","android.permission.READ_MEDIA_VISUAL_USER_SELECTED","android.permission.READ_EXTERNAL_STORAGE","android.permission.ACCESS_COARSE_LOCATION","android.permission.READ_MEDIA_IMAGES","android.permission.CAMERA","android.permission.READ_MEDIA_AUDIO","android.permission.READ_MEDIA_VIDEO","android.permission.WRITE_EXTERNAL_STORAGE","android.permission.POST_NOTIFICATIONS","android.permission.ACCESS_FINE_LOCATION","android.permission.READ_MEDIA_VISUAL_USER_SELECTED","android.permission.READ_EXTERNAL_STORAGE","android.permission.ACCESS_COARSE_LOCATION","android.permission.READ_MEDIA_IMAGES","android.permission.CAMERA","android.permission.READ_MEDIA_AUDIO","android.permission.READ_MEDIA_VIDEO","android.permission.WRITE_EXTERNAL_STORAGE"] to 'com.saucelabs.mydemoapp.android'
&amp#27;[38;5;109m[97398391]&amp#27;[0m&amp#27;[38;5;229m[ADB]&amp#27;[0m Got the following command chunks to execute: [["pm","grant","com.saucelabs.mydemoapp.android","android.permission.POST_NOTIFICATIONS",";","pm","grant","com.saucelabs.mydemoapp.android","android.permission.ACCESS_FINE_LOCATION",";","pm","grant","com.saucelabs.mydemoapp.android","android.permission.READ_MEDIA_VISUAL_USER_SELECTED",";","pm","grant","com.saucelabs.mydemoapp.android","android.permission.READ_EXTERNAL_STORAGE",";","pm","grant","com.saucelabs.mydemoapp.android","android.permission.ACCESS_COARSE_LOCATION",";","pm","grant","com.saucelabs.mydemoapp.android","android.permission.READ_MEDIA_IMAGES",";","pm","grant","com.saucelabs.mydemoapp.android","android.permission.CAMERA",";","pm","grant","com.saucelabs.mydemoapp.android","android.permission.READ_MEDIA_AUDIO",";","pm","grant","com.saucelabs.mydemoapp.android","android.permission.READ_MEDIA_VIDEO",";","pm","grant","com.saucelabs.mydemoapp.android","android.permission.WRITE_EXTERNAL_STORAGE",";","pm","grant","com.saucelabs.mydemoapp.android","android.permission.POST_NOTIFICATIONS",";","pm","grant","com.saucelabs.mydemoapp.android","android.permission.ACCESS_FINE_LOCATION",";"],["pm","grant","com.saucelabs.mydemoapp.android","android.permission.READ_MEDIA_VISUAL_USER_SELECTED",";","pm","grant","com.saucelabs.mydemoapp.android","android.permission.READ_EXTERNAL_STORAGE",";","pm","grant","com.saucelabs.mydemoapp.android","android.permission.ACCESS_COARSE_LOCATION",";","pm","grant","com.saucelabs.mydemoapp.android","android.permission.READ_MEDIA_IMAGES",";","pm","grant","com.saucelabs.mydemoapp.android","android.permission.CAMERA",";","pm","grant","com.saucelabs.mydemoapp.android","android.permission.READ_MEDIA_AUDIO",";","pm","grant","com.saucelabs.mydemoapp.android","android.permission.READ_MEDIA_VIDEO",";","pm","grant","com.saucelabs.mydemoapp.android","android.permission.WRITE_EXTERNAL_STORAGE",";"]]
&amp#27;[38;5;109m[97398391]&amp#27;[0m&amp#27;[38;5;229m[ADB]&amp#27;[0m Running 'C:\Users\Testriq\AppData\Local\Android\Sdk\platform-tools\adb.exe -P 5037 -s 2A131FDH200HX6 shell pm grant com.saucelabs.mydemoapp.android android.permission.POST_NOTIFICATIONS ; pm grant com.saucelabs.mydemoapp.android android.permission.ACCESS_FINE_LOCATION ; pm grant com.saucelabs.mydemoapp.android android.permission.READ_MEDIA_VISUAL_USER_SELECTED ; pm grant com.saucelabs.mydemoapp.android android.permission.READ_EXTERNAL_STORAGE ; pm grant com.saucelabs.mydemoapp.android android.permission.ACCESS_COARSE_LOCATION ; pm grant com.saucelabs.mydemoapp.android android.permission.READ_MEDIA_IMAGES ; pm grant com.saucelabs.mydemoapp.android android.permission.CAMERA ; pm grant com.saucelabs.mydemoapp.android android.permission.READ_MEDIA_AUDIO ; pm grant com.saucelabs.mydemoapp.android android.permission.READ_MEDIA_VIDEO ; pm grant com.saucelabs.mydemoapp.android android.permission.WRITE_EXTERNAL_STORAGE ; pm grant com.saucelabs.mydemoapp.android android.permission.POST_NOTIFICATIONS ; pm grant com.saucelabs.mydemoapp.android android.permission.ACCESS_FINE_LOCATION ;'
&amp#27;[38;5;112m[Appium]&amp#27;[0m Welcome to Appium v2.11.5 (REV 4eddc999c5d9b705e7356152d2d5953a0dda3720)
&amp#27;[38;5;112m[Appium]&amp#27;[0m Non-default server args:
&amp#27;[38;5;112m[Appium]&amp#27;[0m { address: &amp#27;[32m'127.0.0.1'&amp#27;[39m }
&amp#27;[38;5;112m[Appium]&amp#27;[0m The autodetected Appium home path: C:\Users\Testriq\.appium
&amp#27;[38;5;112m[Appium]&amp#27;[0m Attempting to load driver uiautomator2...
&amp#27;[38;5;112m[Appium]&amp#27;[0m Requiring driver at C:\Users\Testriq\.appium\node_modules\appium-uiautomator2-driver\build\index.js
&amp#27;[38;5;109m[97398391]&amp#27;[0m&amp#27;[38;5;229m[ADB]&amp#27;[0m Running 'C:\Users\Testriq\AppData\Local\Android\Sdk\platform-tools\adb.exe -P 5037 -s 2A131FDH200HX6 shell pm grant com.saucelabs.mydemoapp.android android.permission.READ_MEDIA_VISUAL_USER_SELECTED ; pm grant com.saucelabs.mydemoapp.android android.permission.READ_EXTERNAL_STORAGE ; pm grant com.saucelabs.mydemoapp.android android.permission.ACCESS_COARSE_LOCATION ; pm grant com.saucelabs.mydemoapp.android android.permission.READ_MEDIA_IMAGES ; pm grant com.saucelabs.mydemoapp.android android.permission.CAMERA ; pm grant com.saucelabs.mydemoapp.android android.permission.READ_MEDIA_AUDIO ; pm grant com.saucelabs.mydemoapp.android android.permission.READ_MEDIA_VIDEO ; pm grant com.saucelabs.mydemoapp.android android.permission.WRITE_EXTERNAL_STORAGE ;'
&amp#27;[38;5;109m[97398391]&amp#27;[0m&amp#27;[38;5;-111m[AndroidUiautomator2Driver@ecb2]&amp#27;[0m Performed fast reset on the installed 'com.saucelabs.mydemoapp.android' application (stop and clear)
&amp#27;[38;5;109m[97398391]&amp#27;[0m&amp#27;[38;5;-111m[AndroidUiautomator2Driver@ecb2]&amp#27;[0m Performing shallow cleanup of automation leftovers
&amp#27;[38;5;109m[97398391]&amp#27;[0m&amp#27;[38;5;-111m[AndroidUiautomator2Driver@ecb2]&amp#27;[0m The following obsolete sessions are still running: ["41d55b1f-53ac-4075-a40a-9cafb8298812"]
&amp#27;[38;5;109m[97398391]&amp#27;[0m&amp#27;[38;5;-111m[AndroidUiautomator2Driver@ecb2]&amp#27;[0m Cleaning up 1 obsolete session
&amp#27;[38;5;112m[Appium]&amp#27;[0m AndroidUiautomator2Driver has been successfully loaded in 0.894s
&amp#27;[38;5;86m[HTTP]&amp#27;[0m Could not start REST http interface listener. The requested port may already be in use. Please make sure there is no other instance of this server running already.
&amp#27;[38;5;112m[Appium]&amp#27;[0m Could not configure Appium server. It's possible that a driver or plugin tried to update the server and failed. Original error: listen EADDRINUSE: address already in use 127.0.0.1:4723
&amp#27;[38;5;112m[Appium]&amp#27;[0m Error: listen EADDRINUSE: address already in use 127.0.0.1:4723
    at Server.setupListenHandle [as _listen2] (node:net:1904:16)
    at listenInCluster (node:net:1961:12)
    at doListen (node:net:2135:7)
    at processTicksAndRejections (node:internal/process/task_queues:83:21)
&amp#27;[38;5;70m[7acc56e0]&amp#27;[0m&amp#27;[38;5;-90m[AndroidUiautomator2Driver@25c3]&amp#27;[0m [Instrumentation] io.appium.uiautomator2.server.test.AppiumUiAutomator2Server:.
&amp#27;[38;5;70m[7acc56e0]&amp#27;[0m&amp#27;[38;5;-90m[AndroidUiautomator2Driver@25c3]&amp#27;[0m [Instrumentation] 
&amp#27;[38;5;70m[7acc56e0]&amp#27;[0m&amp#27;[38;5;-90m[AndroidUiautomator2Driver@25c3]&amp#27;[0m [Instrumentation] Time: 6.03
&amp#27;[38;5;70m[7acc56e0]&amp#27;[0m&amp#27;[38;5;-90m[AndroidUiautomator2Driver@25c3]&amp#27;[0m [Instrumentation] 
&amp#27;[38;5;70m[7acc56e0]&amp#27;[0m&amp#27;[38;5;-90m[AndroidUiautomator2Driver@25c3]&amp#27;[0m [Instrumentation] OK (1 test)
&amp#27;[38;5;70m[7acc56e0]&amp#27;[0m&amp#27;[38;5;-90m[AndroidUiautomator2Driver@25c3]&amp#27;[0m [Instrumentation] 
&amp#27;[38;5;70m[7acc56e0]&amp#27;[0m&amp#27;[38;5;-90m[AndroidUiautomator2Driver@25c3]&amp#27;[0m [Instrumentation] 
&amp#27;[38;5;70m[7acc56e0]&amp#27;[0m&amp#27;[38;5;-90m[AndroidUiautomator2Driver@25c3]&amp#27;[0m [Instrumentation] The process has exited with code 0, signal null
&amp#27;[38;5;109m[97398391]&amp#27;[0m&amp#27;[38;5;229m[ADB]&amp#27;[0m Running 'C:\Users\Testriq\AppData\Local\Android\Sdk\platform-tools\adb.exe -P 5037 -s 2A131FDH200HX6 shell am force-stop io.appium.uiautomator2.server'
&amp#27;[38;5;109m[97398391]&amp#27;[0m&amp#27;[38;5;229m[ADB]&amp#27;[0m Running 'C:\Users\Testriq\AppData\Local\Android\Sdk\platform-tools\adb.exe -P 5037 -s 2A131FDH200HX6 shell am force-stop io.appium.uiautomator2.server.test'
&amp#27;[38;5;109m[97398391]&amp#27;[0m&amp#27;[38;5;-111m[AndroidUiautomator2Driver@ecb2]&amp#27;[0m Starting UIAutomator2 server 7.0.25
&amp#27;[38;5;109m[97398391]&amp#27;[0m&amp#27;[38;5;-111m[AndroidUiautomator2Driver@ecb2]&amp#27;[0m Using UIAutomator2 server from 'C:\Users\Testriq\.appium\node_modules\appium-uiautomator2-driver\node_modules\appium-uiautomator2-server\apks\appium-uiautomator2-server-v7.0.25.apk' and test from 'C:\Users\Testriq\.appium\node_modules\appium-uiautomator2-driver\node_modules\appium-uiautomator2-server\apks\appium-uiautomator2-server-debug-androidTest.apk'
&amp#27;[38;5;109m[97398391]&amp#27;[0m&amp#27;[38;5;-111m[AndroidUiautomator2Driver@ecb2]&amp#27;[0m Waiting up to 30000ms for UiAutomator2 to be online...
&amp#27;[38;5;109m[97398391]&amp#27;[0m&amp#27;[38;5;229m[ADB]&amp#27;[0m Creating ADB subprocess with args: ["-P","5037","-s","2A131FDH200HX6","shell","am","instrument","-w","-e","disableAnalytics","true","io.appium.uiautomator2.server.test/androidx.test.runner.AndroidJUnitRunner"]
&amp#27;[38;5;109m[97398391]&amp#27;[0m&amp#27;[38;5;-111m[AndroidUiautomator2Driver@ecb2]&amp#27;[0m Matched '/status' to command name 'getStatus'
&amp#27;[38;5;109m[97398391]&amp#27;[0m&amp#27;[38;5;-111m[AndroidUiautomator2Driver@ecb2]&amp#27;[0m Proxying [GET /status] to [GET http://127.0.0.1:8204/status] with no body
&amp#27;[38;5;109m[97398391]&amp#27;[0m&amp#27;[38;5;-111m[AndroidUiautomator2Driver@ecb2]&amp#27;[0m socket hang up
&amp#27;[38;5;109m[97398391]&amp#27;[0m&amp#27;[38;5;-111m[AndroidUiautomator2Driver@ecb2]&amp#27;[0m [Instrumentation] 
&amp#27;[38;5;109m[97398391]&amp#27;[0m&amp#27;[38;5;-111m[AndroidUiautomator2Driver@ecb2]&amp#27;[0m Matched '/status' to command name 'getStatus'
&amp#27;[38;5;109m[97398391]&amp#27;[0m&amp#27;[38;5;-111m[AndroidUiautomator2Driver@ecb2]&amp#27;[0m Proxying [GET /status] to [GET http://127.0.0.1:8204/status] with no body
&amp#27;[38;5;109m[97398391]&amp#27;[0m&amp#27;[38;5;-111m[AndroidUiautomator2Driver@ecb2]&amp#27;[0m socket hang up
&amp#27;[38;5;109m[97398391]&amp#27;[0m&amp#27;[38;5;-111m[AndroidUiautomator2Driver@ecb2]&amp#27;[0m Matched '/status' to command name 'getStatus'
&amp#27;[38;5;109m[97398391]&amp#27;[0m&amp#27;[38;5;-111m[AndroidUiautomator2Driver@ecb2]&amp#27;[0m Proxying [GET /status] to [GET http://127.0.0.1:8204/status] with no body
&amp#27;[38;5;109m[97398391]&amp#27;[0m&amp#27;[38;5;-111m[AndroidUiautomator2Driver@ecb2]&amp#27;[0m Got response with status 200: {"sessionId":"None","value":{"message":"UiAutomator2 Server is ready to accept commands","ready":true}}
&amp#27;[38;5;109m[97398391]&amp#27;[0m&amp#27;[38;5;-111m[AndroidUiautomator2Driver@ecb2]&amp#27;[0m The initialization of the instrumentation process took 2148ms
&amp#27;[38;5;109m[97398391]&amp#27;[0m&amp#27;[38;5;-111m[AndroidUiautomator2Driver@ecb2]&amp#27;[0m Matched '/session' to command name 'createSession'
&amp#27;[38;5;109m[97398391]&amp#27;[0m&amp#27;[38;5;-111m[AndroidUiautomator2Driver@ecb2]&amp#27;[0m Proxying [POST /session] to [POST http://127.0.0.1:8204/session] with body: {"capabilities":{"firstMatch":[{"platformName":"ANDROID","appPackage":"com.saucelabs.mydemoapp.android","autoGrantPermissions":true,"deviceName":"2A131FDH200HX6","app":"G:\\Automation Projects\\testriq\\src\\main\\java\\apps\\mda-2.2.0-25.apk","appActivity":"com.saucelabs.mydemoapp.android.view.activities.SplashActivity","automationName":"UIAutomator2","platform":"LINUX","webStorageEnabled":false,"takesScreenshot":true,"javascriptEnabled":true,"databaseEnabled":false,"networkConnectionEnabled":true,"locationContextEnabled":false,"warnings":{},"desired":{"platformName":"ANDROID","appPackage":"com.saucelabs.mydemoapp.android","autoGrantPermissions":true,"deviceName":"AndroidDeviceName","app":"G:\\Automation Projects\\testriq\\src\\main\\java\\apps\\mda-2.2.0-25.apk","appActivity":"com.saucelabs.mydemoapp.android.view.activities.SplashActivity","automationName":"UIAutomator2"},"deviceUDID":"2A131FDH200HX6"}],"alwaysMatch":{}}}
&amp#27;[38;5;109m[97398391]&amp#27;[0m&amp#27;[38;5;-111m[AndroidUiautomator2Driver@ecb2]&amp#27;[0m Got response with status 200: {"sessionId":"64966e76-23ca-48ad-abe2-cc69432e6f24","value":{"capabilities":{"firstMatch":[{"platformName":"ANDROID","appPackage":"com.saucelabs.mydemoapp.android","autoGrantPermissions":true,"deviceName":"2A131FDH200HX6","app":"G:\\Automation Projects\\testriq\\src\\main\\java\\apps\\mda-2.2.0-25.apk","appActivity":"com.saucelabs.mydemoapp.android.view.activities.SplashActivity","automationName":"UIAutomator2","platform":"LINUX","webStorageEnabled":false,"takesScreenshot":true,"javascriptEnabled":true,"databaseEnabled":false,"networkConnectionEnabled":true,"locationContextEnabled":false,"warnings":{},"desired":{"platformName":"ANDROID","appPackage":"com.saucelabs.mydemoapp.android","autoGrantPermissions":true,"deviceName":"AndroidDeviceName","app":"G:\\Automation Projects\\testriq\\src\\main\\java\\apps\\mda-2.2.0-25.apk","appActivity":"com.saucelabs.mydemoapp.android.view.activities.SplashActivity","automationName":"UIAutomator2"},"deviceUDID":"2A131FDH200HX6"}],"alwaysMatch":{}},"sessionId":"64966e76-23...
&amp#27;[38;5;109m[97398391]&amp#27;[0m&amp#27;[38;5;-111m[AndroidUiautomator2Driver@ecb2]&amp#27;[0m Determined the downstream protocol as 'W3C'
&amp#27;[38;5;109m[97398391]&amp#27;[0m&amp#27;[38;5;-111m[AndroidUiautomator2Driver@ecb2]&amp#27;[0m Proxying [GET /appium/device/pixel_ratio] to [GET http://127.0.0.1:8204/session/64966e76-23ca-48ad-abe2-cc69432e6f24/appium/device/pixel_ratio] with no body
&amp#27;[38;5;109m[97398391]&amp#27;[0m&amp#27;[38;5;-111m[AndroidUiautomator2Driver@ecb2]&amp#27;[0m Matched '/appium/device/system_bars' to command name 'getSystemBars'
&amp#27;[38;5;109m[97398391]&amp#27;[0m&amp#27;[38;5;-111m[AndroidUiautomator2Driver@ecb2]&amp#27;[0m Proxying [GET /appium/device/system_bars] to [GET http://127.0.0.1:8204/session/64966e76-23ca-48ad-abe2-cc69432e6f24/appium/device/system_bars] with no body
&amp#27;[38;5;109m[97398391]&amp#27;[0m&amp#27;[38;5;-111m[AndroidUiautomator2Driver@ecb2]&amp#27;[0m Matched '/window/current/size' to command name 'getWindowSize'
&amp#27;[38;5;109m[97398391]&amp#27;[0m&amp#27;[38;5;-111m[AndroidUiautomator2Driver@ecb2]&amp#27;[0m Proxying [GET /window/current/size] to [GET http://127.0.0.1:8204/session/64966e76-23ca-48ad-abe2-cc69432e6f24/window/current/size] with no body
&amp#27;[38;5;109m[97398391]&amp#27;[0m&amp#27;[38;5;-111m[AndroidUiautomator2Driver@ecb2]&amp#27;[0m Proxying [GET /appium/device/info] to [GET http://127.0.0.1:8204/session/64966e76-23ca-48ad-abe2-cc69432e6f24/appium/device/info] with no body
&amp#27;[38;5;109m[97398391]&amp#27;[0m&amp#27;[38;5;229m[ADB]&amp#27;[0m Running 'C:\Users\Testriq\AppData\Local\Android\Sdk\platform-tools\adb.exe -P 5037 -s 2A131FDH200HX6 shell dumpsys window'
&amp#27;[38;5;109m[97398391]&amp#27;[0m&amp#27;[38;5;229m[ADB]&amp#27;[0m Running 'C:\Users\Testriq\AppData\Local\Android\Sdk\platform-tools\adb.exe -P 5037 -s 2A131FDH200HX6 shell dumpsys power'
&amp#27;[38;5;109m[97398391]&amp#27;[0m&amp#27;[38;5;-111m[AndroidUiautomator2Driver@ecb2]&amp#27;[0m Got response with status 200: {"sessionId":"64966e76-23ca-48ad-abe2-cc69432e6f24","value":2.2250001}
&amp#27;[38;5;109m[97398391]&amp#27;[0m&amp#27;[38;5;-111m[AndroidUiautomator2Driver@ecb2]&amp#27;[0m Got response with status 200: {"sessionId":"64966e76-23ca-48ad-abe2-cc69432e6f24","value":{"statusBar":136}}
&amp#27;[38;5;109m[97398391]&amp#27;[0m&amp#27;[38;5;-111m[AndroidUiautomator2Driver@ecb2]&amp#27;[0m Got response with status 200: {"sessionId":"64966e76-23ca-48ad-abe2-cc69432e6f24","value":{"height":2400,"width":1080}}
&amp#27;[38;5;109m[97398391]&amp#27;[0m&amp#27;[38;5;-111m[AndroidUiautomator2Driver@ecb2]&amp#27;[0m Got response with status 200: {"sessionId":"64966e76-23ca-48ad-abe2-cc69432e6f24","value":{"androidId":"7781aa28ec4e674f","apiVersion":"35","bluetooth":{"state":"ON"},"brand":"google","carrierName":"","displayDensity":356,"locale":"en_US","manufacturer":"Google","model":"Pixel 7","networks":[{"capabilities":{"SSID":null,"linkDownBandwidthKbps":29972,"linkUpstreamBandwidthKbps":24945,"networkCapabilities":"NET_CAPABILITY_NOT_METERED,NET_CAPABILITY_INTERNET,NET_CAPABILITY_NOT_RESTRICTED,NET_CAPABILITY_TRUSTED,NET_CAPABILITY_NOT_VPN,NET_CAPABILITY_VALIDATED,NET_CAPABILITY_NOT_ROAMING,NET_CAPABILITY_FOREGROUND,NET_CAPABILITY_NOT_CONGESTED,NET_CAPABILITY_NOT_SUSPENDED","signalStrength":-59,"transportTypes":"TRANSPORT_WIFI"},"detailedState":"CONNECTED","extraInfo":"","isAvailable":true,"isConnected":true,"isFailover":false,"isRoaming":false,"state":"CONNECTED","subtype":-1,"subtypeName":"","type":1,"typeName":"WIFI"}],"platformVersion":"15","realDisplaySize":"1080x2400","timeZone":"Asia/Kolkata"}}
&amp#27;[38;5;109m[97398391]&amp#27;[0m&amp#27;[38;5;-111m[AndroidUiautomator2Driver@ecb2]&amp#27;[0m Screen already unlocked, doing nothing
&amp#27;[38;5;109m[97398391]&amp#27;[0m&amp#27;[38;5;-111m[AndroidUiautomator2Driver@ecb2]&amp#27;[0m Starting 'com.saucelabs.mydemoapp.android/com.saucelabs.mydemoapp.android.view.activities.SplashActivity and waiting for 'com.saucelabs.mydemoapp.android/com.saucelabs.mydemoapp.android.view.activities.SplashActivity'
&amp#27;[38;5;109m[97398391]&amp#27;[0m&amp#27;[38;5;229m[ADB]&amp#27;[0m Running 'C:\Users\Testriq\AppData\Local\Android\Sdk\platform-tools\adb.exe -P 5037 -s 2A131FDH200HX6 shell am start -W -n com.saucelabs.mydemoapp.android/com.saucelabs.mydemoapp.android.view.activities.SplashActivity -S -a android.intent.action.MAIN -c android.intent.category.LAUNCHER -f 0x10200000'
&amp#27;[38;5;109m[97398391]&amp#27;[0m&amp#27;[38;5;23m[AppiumDriver@398a]&amp#27;[0m New AndroidUiautomator2Driver session created successfully, session 97398391-aa65-4bdc-8a3e-7409d1c506ce added to master session list
&amp#27;[38;5;109m[97398391]&amp#27;[0m&amp#27;[38;5;23m[AppiumDriver@398a]&amp#27;[0m Event 'newSessionStarted' logged at 1737019562894 (14:56:02 GMT+0530 (India Standard Time))
&amp#27;[38;5;109m[97398391]&amp#27;[0m&amp#27;[38;5;-111m[AndroidUiautomator2Driver@ecb2]&amp#27;[0m Cached the protocol value 'W3C' for the new session 97398391-aa65-4bdc-8a3e-7409d1c506ce
&amp#27;[38;5;109m[97398391]&amp#27;[0m&amp#27;[38;5;-111m[AndroidUiautomator2Driver@ecb2]&amp#27;[0m Responding to client with driver.createSession() result: {"capabilities":{"platformName":"ANDROID","appPackage":"com.saucelabs.mydemoapp.android","autoGrantPermissions":true,"deviceName":"2A131FDH200HX6","app":"G:\\Automation Projects\\testriq\\src\\main\\java\\apps\\mda-2.2.0-25.apk","appActivity":"com.saucelabs.mydemoapp.android.view.activities.SplashActivity","automationName":"UIAutomator2","platform":"LINUX","webStorageEnabled":false,"takesScreenshot":true,"javascriptEnabled":true,"databaseEnabled":false,"networkConnectionEnabled":true,"locationContextEnabled":false,"warnings":{},"desired":{"platformName":"ANDROID","appPackage":"com.saucelabs.mydemoapp.android","autoGrantPermissions":true,"deviceName":"AndroidDeviceName","app":"G:\\Automation Projects\\testriq\\src\\main\\java\\apps\\mda-2.2.0-25.apk","appActivity":"com.saucelabs.mydemoapp.android.view.activities.SplashActivity","automationName":"UIAutomator2"},"deviceUDID":"2A131FDH200HX6","pixelRatio":"2.2250001","statBarHeight":136,"viewportRect":{"left":0,"top":136,"width":1080,"height":2264},"deviceApiL...
&amp#27;[38;5;109m[97398391]&amp#27;[0m&amp#27;[38;5;86m[HTTP]&amp#27;[0m &amp#27;[37m<-- POST /session &amp#27;[39m&amp#27;[32m200&amp#27;[39m &amp#27;[90m6830 ms - 1226&amp#27;[39m &amp#27;[90m&amp#27;[39m
&amp#27;[38;5;109m[97398391]&amp#27;[0m&amp#27;[38;5;86m[HTTP]&amp#27;[0m &amp#27;[37m-->&amp#27;[39m &amp#27;[37mPOST&amp#27;[39m &amp#27;[37m/session/97398391-aa65-4bdc-8a3e-7409d1c506ce/timeouts&amp#27;[39m &amp#27;[90m{"implicit":15000}&amp#27;[39m
&amp#27;[38;5;109m[97398391]&amp#27;[0m&amp#27;[38;5;-111m[AndroidUiautomator2Driver@ecb2]&amp#27;[0m Calling AppiumDriver.timeouts() with args: [null,null,null,null,15000,"97398391-aa65-4bdc-8a3e-7409d1c506ce"]
&amp#27;[38;5;109m[97398391]&amp#27;[0m&amp#27;[38;5;-111m[AndroidUiautomator2Driver@ecb2]&amp#27;[0m W3C timeout argument: {"implicit":15000}}
&amp#27;[38;5;109m[97398391]&amp#27;[0m&amp#27;[38;5;-111m[AndroidUiautomator2Driver@ecb2]&amp#27;[0m Set implicit wait to 15000ms
&amp#27;[38;5;109m[97398391]&amp#27;[0m&amp#27;[38;5;-111m[AndroidUiautomator2Driver@ecb2]&amp#27;[0m Responding to client with driver.timeouts() result: null
&amp#27;[38;5;109m[97398391]&amp#27;[0m&amp#27;[38;5;86m[HTTP]&amp#27;[0m &amp#27;[37m<-- POST /session/97398391-aa65-4bdc-8a3e-7409d1c506ce/timeouts &amp#27;[39m&amp#27;[32m200&amp#27;[39m &amp#27;[90m3 ms - 14&amp#27;[39m &amp#27;[90m&amp#27;[39m
&amp#27;[38;5;109m[97398391]&amp#27;[0m&amp#27;[38;5;86m[HTTP]&amp#27;[0m &amp#27;[37m-->&amp#27;[39m &amp#27;[37mPOST&amp#27;[39m &amp#27;[37m/session/97398391-aa65-4bdc-8a3e-7409d1c506ce/timeouts&amp#27;[39m &amp#27;[90m{"implicit":15000}&amp#27;[39m
&amp#27;[38;5;109m[97398391]&amp#27;[0m&amp#27;[38;5;-111m[AndroidUiautomator2Driver@ecb2]&amp#27;[0m Calling AppiumDriver.timeouts() with args: [null,null,null,null,15000,"97398391-aa65-4bdc-8a3e-7409d1c506ce"]
&amp#27;[38;5;109m[97398391]&amp#27;[0m&amp#27;[38;5;-111m[AndroidUiautomator2Driver@ecb2]&amp#27;[0m W3C timeout argument: {"implicit":15000}}
&amp#27;[38;5;109m[97398391]&amp#27;[0m&amp#27;[38;5;-111m[AndroidUiautomator2Driver@ecb2]&amp#27;[0m Set implicit wait to 15000ms
&amp#27;[38;5;109m[97398391]&amp#27;[0m&amp#27;[38;5;-111m[AndroidUiautomator2Driver@ecb2]&amp#27;[0m Responding to client with driver.timeouts() result: null
&amp#27;[38;5;109m[97398391]&amp#27;[0m&amp#27;[38;5;86m[HTTP]&amp#27;[0m &amp#27;[37m<-- POST /session/97398391-aa65-4bdc-8a3e-7409d1c506ce/timeouts &amp#27;[39m&amp#27;[32m200&amp#27;[39m &amp#27;[90m2 ms - 14&amp#27;[39m &amp#27;[90m&amp#27;[39m
&amp#27;[38;5;109m[97398391]&amp#27;[0m&amp#27;[38;5;86m[HTTP]&amp#27;[0m &amp#27;[37m-->&amp#27;[39m &amp#27;[37mPOST&amp#27;[39m &amp#27;[37m/session/97398391-aa65-4bdc-8a3e-7409d1c506ce/timeouts&amp#27;[39m &amp#27;[90m{"implicit":15000}&amp#27;[39m
&amp#27;[38;5;109m[97398391]&amp#27;[0m&amp#27;[38;5;-111m[AndroidUiautomator2Driver@ecb2]&amp#27;[0m Calling AppiumDriver.timeouts() with args: [null,null,null,null,15000,"97398391-aa65-4bdc-8a3e-7409d1c506ce"]
&amp#27;[38;5;109m[97398391]&amp#27;[0m&amp#27;[38;5;-111m[AndroidUiautomator2Driver@ecb2]&amp#27;[0m W3C timeout argument: {"implicit":15000}}
&amp#27;[38;5;109m[97398391]&amp#27;[0m&amp#27;[38;5;-111m[AndroidUiautomator2Driver@ecb2]&amp#27;[0m Set implicit wait to 15000ms
&amp#27;[38;5;109m[97398391]&amp#27;[0m&amp#27;[38;5;-111m[AndroidUiautomator2Driver@ecb2]&amp#27;[0m Responding to client with driver.timeouts() result: null
&amp#27;[38;5;109m[97398391]&amp#27;[0m&amp#27;[38;5;86m[HTTP]&amp#27;[0m &amp#27;[37m<-- POST /session/97398391-aa65-4bdc-8a3e-7409d1c506ce/timeouts &amp#27;[39m&amp#27;[32m200&amp#27;[39m &amp#27;[90m1 ms - 14&amp#27;[39m &amp#27;[90m&amp#27;[39m
&amp#27;[38;5;109m[97398391]&amp#27;[0m&amp#27;[38;5;86m[HTTP]&amp#27;[0m &amp#27;[37m-->&amp#27;[39m &amp#27;[37mGET&amp#27;[39m &amp#27;[37m/session/97398391-aa65-4bdc-8a3e-7409d1c506ce/context&amp#27;[39m &amp#27;[90m{}&amp#27;[39m
&amp#27;[38;5;109m[97398391]&amp#27;[0m&amp#27;[38;5;-111m[AndroidUiautomator2Driver@ecb2]&amp#27;[0m Calling AppiumDriver.getCurrentContext() with args: ["97398391-aa65-4bdc-8a3e-7409d1c506ce"]
&amp#27;[38;5;109m[97398391]&amp#27;[0m&amp#27;[38;5;-111m[AndroidUiautomator2Driver@ecb2]&amp#27;[0m Responding to client with driver.getCurrentContext() result: "NATIVE_APP"
&amp#27;[38;5;109m[97398391]&amp#27;[0m&amp#27;[38;5;86m[HTTP]&amp#27;[0m &amp#27;[37m<-- GET /session/97398391-aa65-4bdc-8a3e-7409d1c506ce/context &amp#27;[39m&amp#27;[32m200&amp#27;[39m &amp#27;[90m1 ms - 22&amp#27;[39m &amp#27;[90m&amp#27;[39m
&amp#27;[38;5;109m[97398391]&amp#27;[0m&amp#27;[38;5;86m[HTTP]&amp#27;[0m &amp#27;[37m-->&amp#27;[39m &amp#27;[37mPOST&amp#27;[39m &amp#27;[37m/session/97398391-aa65-4bdc-8a3e-7409d1c506ce/element&amp#27;[39m &amp#27;[90m{"value":"View menu","using":"accessibility id"}&amp#27;[39m
&amp#27;[38;5;109m[97398391]&amp#27;[0m&amp#27;[38;5;-111m[AndroidUiautomator2Driver@ecb2]&amp#27;[0m Calling AppiumDriver.findElement() with args: ["accessibility id","View menu","97398391-aa65-4bdc-8a3e-7409d1c506ce"]
&amp#27;[38;5;109m[97398391]&amp#27;[0m&amp#27;[38;5;-111m[AndroidUiautomator2Driver@ecb2]&amp#27;[0m Valid locator strategies for this request: xpath, id, class name, accessibility id, css selector, -android uiautomator
&amp#27;[38;5;109m[97398391]&amp#27;[0m&amp#27;[38;5;-111m[AndroidUiautomator2Driver@ecb2]&amp#27;[0m Waiting up to 15000 ms for condition
&amp#27;[38;5;109m[97398391]&amp#27;[0m&amp#27;[38;5;-111m[AndroidUiautomator2Driver@ecb2]&amp#27;[0m Matched '/element' to command name 'findElement'
&amp#27;[38;5;109m[97398391]&amp#27;[0m&amp#27;[38;5;-111m[AndroidUiautomator2Driver@ecb2]&amp#27;[0m Proxying [POST /element] to [POST http://127.0.0.1:8204/session/64966e76-23ca-48ad-abe2-cc69432e6f24/element] with body: {"strategy":"accessibility id","selector":"View menu","context":"","multiple":false}
&amp#27;[38;5;109m[97398391]&amp#27;[0m&amp#27;[38;5;-111m[AndroidUiautomator2Driver@ecb2]&amp#27;[0m Got response with status 200: {"sessionId":"64966e76-23ca-48ad-abe2-cc69432e6f24","value":{"ELEMENT":"00000000-0000-0a3b-ffff-ffff00000013","element-6066-11e4-a52e-4f735466cecf":"00000000-0000-0a3b-ffff-ffff00000013"}}
&amp#27;[38;5;109m[97398391]&amp#27;[0m&amp#27;[38;5;-111m[AndroidUiautomator2Driver@ecb2]&amp#27;[0m Responding to client with driver.findElement() result: {"element-6066-11e4-a52e-4f735466cecf":"00000000-0000-0a3b-ffff-ffff00000013","ELEMENT":"00000000-0000-0a3b-ffff-ffff00000013"}
&amp#27;[38;5;109m[97398391]&amp#27;[0m&amp#27;[38;5;86m[HTTP]&amp#27;[0m &amp#27;[37m<-- POST /session/97398391-aa65-4bdc-8a3e-7409d1c506ce/element &amp#27;[39m&amp#27;[32m200&amp#27;[39m &amp#27;[90m75 ms - 137&amp#27;[39m &amp#27;[90m&amp#27;[39m
&amp#27;[38;5;109m[97398391]&amp#27;[0m&amp#27;[38;5;86m[HTTP]&amp#27;[0m &amp#27;[37m-->&amp#27;[39m &amp#27;[37mPOST&amp#27;[39m &amp#27;[37m/session/97398391-aa65-4bdc-8a3e-7409d1c506ce/element/00000000-0000-0a3b-ffff-ffff00000013/click&amp#27;[39m &amp#27;[90m{"id":"00000000-0000-0a3b-ffff-ffff00000013"}&amp#27;[39m
&amp#27;[38;5;109m[97398391]&amp#27;[0m&amp#27;[38;5;-111m[AndroidUiautomator2Driver@ecb2]&amp#27;[0m Calling AppiumDriver.click() with args: ["00000000-0000-0a3b-ffff-ffff00000013","97398391-aa65-4bdc-8a3e-7409d1c506ce"]
&amp#27;[38;5;109m[97398391]&amp#27;[0m&amp#27;[38;5;-111m[AndroidUiautomator2Driver@ecb2]&amp#27;[0m Matched '/element/00000000-0000-0a3b-ffff-ffff00000013/click' to command name 'click'
&amp#27;[38;5;109m[97398391]&amp#27;[0m&amp#27;[38;5;-111m[AndroidUiautomator2Driver@ecb2]&amp#27;[0m Proxying [POST /element/00000000-0000-0a3b-ffff-ffff00000013/click] to [POST http://127.0.0.1:8204/session/64966e76-23ca-48ad-abe2-cc69432e6f24/element/00000000-0000-0a3b-ffff-ffff00000013/click] with body: {"element":"00000000-0000-0a3b-ffff-ffff00000013"}
&amp#27;[38;5;109m[97398391]&amp#27;[0m&amp#27;[38;5;-111m[AndroidUiautomator2Driver@ecb2]&amp#27;[0m Got response with status 200: {"sessionId":"64966e76-23ca-48ad-abe2-cc69432e6f24","value":null}
&amp#27;[38;5;109m[97398391]&amp#27;[0m&amp#27;[38;5;-111m[AndroidUiautomator2Driver@ecb2]&amp#27;[0m Responding to client with driver.click() result: null
&amp#27;[38;5;109m[97398391]&amp#27;[0m&amp#27;[38;5;86m[HTTP]&amp#27;[0m &amp#27;[37m<-- POST /session/97398391-aa65-4bdc-8a3e-7409d1c506ce/element/00000000-0000-0a3b-ffff-ffff00000013/click &amp#27;[39m&amp#27;[32m200&amp#27;[39m &amp#27;[90m68 ms - 14&amp#27;[39m &amp#27;[90m&amp#27;[39m
&amp#27;[38;5;109m[97398391]&amp#27;[0m&amp#27;[38;5;86m[HTTP]&amp#27;[0m &amp#27;[37m-->&amp#27;[39m &amp#27;[37mGET&amp#27;[39m &amp#27;[37m/session/97398391-aa65-4bdc-8a3e-7409d1c506ce/context&amp#27;[39m &amp#27;[90m{}&amp#27;[39m
&amp#27;[38;5;109m[97398391]&amp#27;[0m&amp#27;[38;5;-111m[AndroidUiautomator2Driver@ecb2]&amp#27;[0m Calling AppiumDriver.getCurrentContext() with args: ["97398391-aa65-4bdc-8a3e-7409d1c506ce"]
&amp#27;[38;5;109m[97398391]&amp#27;[0m&amp#27;[38;5;-111m[AndroidUiautomator2Driver@ecb2]&amp#27;[0m Responding to client with driver.getCurrentContext() result: "NATIVE_APP"
&amp#27;[38;5;109m[97398391]&amp#27;[0m&amp#27;[38;5;86m[HTTP]&amp#27;[0m &amp#27;[37m<-- GET /session/97398391-aa65-4bdc-8a3e-7409d1c506ce/context &amp#27;[39m&amp#27;[32m200&amp#27;[39m &amp#27;[90m2 ms - 22&amp#27;[39m &amp#27;[90m&amp#27;[39m
&amp#27;[38;5;109m[97398391]&amp#27;[0m&amp#27;[38;5;86m[HTTP]&amp#27;[0m &amp#27;[37m-->&amp#27;[39m &amp#27;[37mPOST&amp#27;[39m &amp#27;[37m/session/97398391-aa65-4bdc-8a3e-7409d1c506ce/element&amp#27;[39m &amp#27;[90m{"value":"Login Menu Item","using":"accessibility id"}&amp#27;[39m
&amp#27;[38;5;109m[97398391]&amp#27;[0m&amp#27;[38;5;-111m[AndroidUiautomator2Driver@ecb2]&amp#27;[0m Calling AppiumDriver.findElement() with args: ["accessibility id","Login Menu Item","97398391-aa65-4bdc-8a3e-7409d1c506ce"]
&amp#27;[38;5;109m[97398391]&amp#27;[0m&amp#27;[38;5;-111m[AndroidUiautomator2Driver@ecb2]&amp#27;[0m Valid locator strategies for this request: xpath, id, class name, accessibility id, css selector, -android uiautomator
&amp#27;[38;5;109m[97398391]&amp#27;[0m&amp#27;[38;5;-111m[AndroidUiautomator2Driver@ecb2]&amp#27;[0m Waiting up to 15000 ms for condition
&amp#27;[38;5;109m[97398391]&amp#27;[0m&amp#27;[38;5;-111m[AndroidUiautomator2Driver@ecb2]&amp#27;[0m Matched '/element' to command name 'findElement'
&amp#27;[38;5;109m[97398391]&amp#27;[0m&amp#27;[38;5;-111m[AndroidUiautomator2Driver@ecb2]&amp#27;[0m Proxying [POST /element] to [POST http://127.0.0.1:8204/session/64966e76-23ca-48ad-abe2-cc69432e6f24/element] with body: {"strategy":"accessibility id","selector":"Login Menu Item","context":"","multiple":false}
&amp#27;[38;5;109m[97398391]&amp#27;[0m&amp#27;[38;5;-111m[AndroidUiautomator2Driver@ecb2]&amp#27;[0m Got response with status 200: {"sessionId":"64966e76-23ca-48ad-abe2-cc69432e6f24","value":{"ELEMENT":"00000000-0000-0a3b-ffff-ffff00000059","element-6066-11e4-a52e-4f735466cecf":"00000000-0000-0a3b-ffff-ffff00000059"}}
&amp#27;[38;5;109m[97398391]&amp#27;[0m&amp#27;[38;5;-111m[AndroidUiautomator2Driver@ecb2]&amp#27;[0m Responding to client with driver.findElement() result: {"element-6066-11e4-a52e-4f735466cecf":"00000000-0000-0a3b-ffff-ffff00000059","ELEMENT":"00000000-0000-0a3b-ffff-ffff00000059"}
&amp#27;[38;5;109m[97398391]&amp#27;[0m&amp#27;[38;5;86m[HTTP]&amp#27;[0m &amp#27;[37m<-- POST /session/97398391-aa65-4bdc-8a3e-7409d1c506ce/element &amp#27;[39m&amp#27;[32m200&amp#27;[39m &amp#27;[90m1251 ms - 137&amp#27;[39m &amp#27;[90m&amp#27;[39m
&amp#27;[38;5;109m[97398391]&amp#27;[0m&amp#27;[38;5;86m[HTTP]&amp#27;[0m &amp#27;[37m-->&amp#27;[39m &amp#27;[37mPOST&amp#27;[39m &amp#27;[37m/session/97398391-aa65-4bdc-8a3e-7409d1c506ce/element/00000000-0000-0a3b-ffff-ffff00000059/click&amp#27;[39m &amp#27;[90m{"id":"00000000-0000-0a3b-ffff-ffff00000059"}&amp#27;[39m
&amp#27;[38;5;109m[97398391]&amp#27;[0m&amp#27;[38;5;-111m[AndroidUiautomator2Driver@ecb2]&amp#27;[0m Calling AppiumDriver.click() with args: ["00000000-0000-0a3b-ffff-ffff00000059","97398391-aa65-4bdc-8a3e-7409d1c506ce"]
&amp#27;[38;5;109m[97398391]&amp#27;[0m&amp#27;[38;5;-111m[AndroidUiautomator2Driver@ecb2]&amp#27;[0m Matched '/element/00000000-0000-0a3b-ffff-ffff00000059/click' to command name 'click'
&amp#27;[38;5;109m[97398391]&amp#27;[0m&amp#27;[38;5;-111m[AndroidUiautomator2Driver@ecb2]&amp#27;[0m Proxying [POST /element/00000000-0000-0a3b-ffff-ffff00000059/click] to [POST http://127.0.0.1:8204/session/64966e76-23ca-48ad-abe2-cc69432e6f24/element/00000000-0000-0a3b-ffff-ffff00000059/click] with body: {"element":"00000000-0000-0a3b-ffff-ffff00000059"}
&amp#27;[38;5;109m[97398391]&amp#27;[0m&amp#27;[38;5;-111m[AndroidUiautomator2Driver@ecb2]&amp#27;[0m Got response with status 200: {"sessionId":"64966e76-23ca-48ad-abe2-cc69432e6f24","value":null}
&amp#27;[38;5;109m[97398391]&amp#27;[0m&amp#27;[38;5;-111m[AndroidUiautomator2Driver@ecb2]&amp#27;[0m Responding to client with driver.click() result: null
&amp#27;[38;5;109m[97398391]&amp#27;[0m&amp#27;[38;5;86m[HTTP]&amp#27;[0m &amp#27;[37m<-- POST /session/97398391-aa65-4bdc-8a3e-7409d1c506ce/element/00000000-0000-0a3b-ffff-ffff00000059/click &amp#27;[39m&amp#27;[32m200&amp#27;[39m &amp#27;[90m90 ms - 14&amp#27;[39m &amp#27;[90m&amp#27;[39m
&amp#27;[38;5;109m[97398391]&amp#27;[0m&amp#27;[38;5;86m[HTTP]&amp#27;[0m &amp#27;[37m-->&amp#27;[39m &amp#27;[37mGET&amp#27;[39m &amp#27;[37m/session/97398391-aa65-4bdc-8a3e-7409d1c506ce/context&amp#27;[39m &amp#27;[90m{}&amp#27;[39m
&amp#27;[38;5;109m[97398391]&amp#27;[0m&amp#27;[38;5;-111m[AndroidUiautomator2Driver@ecb2]&amp#27;[0m Calling AppiumDriver.getCurrentContext() with args: ["97398391-aa65-4bdc-8a3e-7409d1c506ce"]
&amp#27;[38;5;109m[97398391]&amp#27;[0m&amp#27;[38;5;-111m[AndroidUiautomator2Driver@ecb2]&amp#27;[0m Responding to client with driver.getCurrentContext() result: "NATIVE_APP"
&amp#27;[38;5;109m[97398391]&amp#27;[0m&amp#27;[38;5;86m[HTTP]&amp#27;[0m &amp#27;[37m<-- GET /session/97398391-aa65-4bdc-8a3e-7409d1c506ce/context &amp#27;[39m&amp#27;[32m200&amp#27;[39m &amp#27;[90m2 ms - 22&amp#27;[39m &amp#27;[90m&amp#27;[39m
&amp#27;[38;5;109m[97398391]&amp#27;[0m&amp#27;[38;5;86m[HTTP]&amp#27;[0m &amp#27;[37m-->&amp#27;[39m &amp#27;[37mPOST&amp#27;[39m &amp#27;[37m/session/97398391-aa65-4bdc-8a3e-7409d1c506ce/element&amp#27;[39m &amp#27;[90m{"value":"com.saucelabs.mydemoapp.android:id/nameET","using":"id"}&amp#27;[39m
&amp#27;[38;5;109m[97398391]&amp#27;[0m&amp#27;[38;5;-111m[AndroidUiautomator2Driver@ecb2]&amp#27;[0m Calling AppiumDriver.findElement() with args: ["id","com.saucelabs.mydemoapp.android:id/nameET","97398391-aa65-4bdc-8a3e-7409d1c506ce"]
&amp#27;[38;5;109m[97398391]&amp#27;[0m&amp#27;[38;5;-111m[AndroidUiautomator2Driver@ecb2]&amp#27;[0m Valid locator strategies for this request: xpath, id, class name, accessibility id, css selector, -android uiautomator
&amp#27;[38;5;109m[97398391]&amp#27;[0m&amp#27;[38;5;-111m[AndroidUiautomator2Driver@ecb2]&amp#27;[0m Waiting up to 15000 ms for condition
&amp#27;[38;5;109m[97398391]&amp#27;[0m&amp#27;[38;5;-111m[AndroidUiautomator2Driver@ecb2]&amp#27;[0m Matched '/element' to command name 'findElement'
&amp#27;[38;5;109m[97398391]&amp#27;[0m&amp#27;[38;5;-111m[AndroidUiautomator2Driver@ecb2]&amp#27;[0m Proxying [POST /element] to [POST http://127.0.0.1:8204/session/64966e76-23ca-48ad-abe2-cc69432e6f24/element] with body: {"strategy":"id","selector":"com.saucelabs.mydemoapp.android:id/nameET","context":"","multiple":false}
&amp#27;[38;5;109m[97398391]&amp#27;[0m&amp#27;[38;5;-111m[AndroidUiautomator2Driver@ecb2]&amp#27;[0m Got response with status 200: {"sessionId":"64966e76-23ca-48ad-abe2-cc69432e6f24","value":{"ELEMENT":"00000000-0000-0a3c-ffff-ffff0000017c","element-6066-11e4-a52e-4f735466cecf":"00000000-0000-0a3c-ffff-ffff0000017c"}}
&amp#27;[38;5;109m[97398391]&amp#27;[0m&amp#27;[38;5;-111m[AndroidUiautomator2Driver@ecb2]&amp#27;[0m Responding to client with driver.findElement() result: {"element-6066-11e4-a52e-4f735466cecf":"00000000-0000-0a3c-ffff-ffff0000017c","ELEMENT":"00000000-0000-0a3c-ffff-ffff0000017c"}
&amp#27;[38;5;109m[97398391]&amp#27;[0m&amp#27;[38;5;86m[HTTP]&amp#27;[0m &amp#27;[37m<-- POST /session/97398391-aa65-4bdc-8a3e-7409d1c506ce/element &amp#27;[39m&amp#27;[32m200&amp#27;[39m &amp#27;[90m697 ms - 137&amp#27;[39m &amp#27;[90m&amp#27;[39m
&amp#27;[38;5;109m[97398391]&amp#27;[0m&amp#27;[38;5;86m[HTTP]&amp#27;[0m &amp#27;[37m-->&amp#27;[39m &amp#27;[37mPOST&amp#27;[39m &amp#27;[37m/session/97398391-aa65-4bdc-8a3e-7409d1c506ce/element/00000000-0000-0a3c-ffff-ffff0000017c/click&amp#27;[39m &amp#27;[90m{"id":"00000000-0000-0a3c-ffff-ffff0000017c"}&amp#27;[39m
&amp#27;[38;5;109m[97398391]&amp#27;[0m&amp#27;[38;5;-111m[AndroidUiautomator2Driver@ecb2]&amp#27;[0m Calling AppiumDriver.click() with args: ["00000000-0000-0a3c-ffff-ffff0000017c","97398391-aa65-4bdc-8a3e-7409d1c506ce"]
&amp#27;[38;5;109m[97398391]&amp#27;[0m&amp#27;[38;5;-111m[AndroidUiautomator2Driver@ecb2]&amp#27;[0m Matched '/element/00000000-0000-0a3c-ffff-ffff0000017c/click' to command name 'click'
&amp#27;[38;5;109m[97398391]&amp#27;[0m&amp#27;[38;5;-111m[AndroidUiautomator2Driver@ecb2]&amp#27;[0m Proxying [POST /element/00000000-0000-0a3c-ffff-ffff0000017c/click] to [POST http://127.0.0.1:8204/session/64966e76-23ca-48ad-abe2-cc69432e6f24/element/00000000-0000-0a3c-ffff-ffff0000017c/click] with body: {"element":"00000000-0000-0a3c-ffff-ffff0000017c"}
&amp#27;[38;5;109m[97398391]&amp#27;[0m&amp#27;[38;5;-111m[AndroidUiautomator2Driver@ecb2]&amp#27;[0m Got response with status 200: {"sessionId":"64966e76-23ca-48ad-abe2-cc69432e6f24","value":null}
&amp#27;[38;5;109m[97398391]&amp#27;[0m&amp#27;[38;5;-111m[AndroidUiautomator2Driver@ecb2]&amp#27;[0m Responding to client with driver.click() result: null
&amp#27;[38;5;109m[97398391]&amp#27;[0m&amp#27;[38;5;86m[HTTP]&amp#27;[0m &amp#27;[37m<-- POST /session/97398391-aa65-4bdc-8a3e-7409d1c506ce/element/00000000-0000-0a3c-ffff-ffff0000017c/click &amp#27;[39m&amp#27;[32m200&amp#27;[39m &amp#27;[90m93 ms - 14&amp#27;[39m &amp#27;[90m&amp#27;[39m
&amp#27;[38;5;109m[97398391]&amp#27;[0m&amp#27;[38;5;86m[HTTP]&amp#27;[0m &amp#27;[37m-->&amp#27;[39m &amp#27;[37mGET&amp#27;[39m &amp#27;[37m/session/97398391-aa65-4bdc-8a3e-7409d1c506ce/context&amp#27;[39m &amp#27;[90m{}&amp#27;[39m
&amp#27;[38;5;109m[97398391]&amp#27;[0m&amp#27;[38;5;-111m[AndroidUiautomator2Driver@ecb2]&amp#27;[0m Calling AppiumDriver.getCurrentContext() with args: ["97398391-aa65-4bdc-8a3e-7409d1c506ce"]
&amp#27;[38;5;109m[97398391]&amp#27;[0m&amp#27;[38;5;-111m[AndroidUiautomator2Driver@ecb2]&amp#27;[0m Responding to client with driver.getCurrentContext() result: "NATIVE_APP"
&amp#27;[38;5;109m[97398391]&amp#27;[0m&amp#27;[38;5;86m[HTTP]&amp#27;[0m &amp#27;[37m<-- GET /session/97398391-aa65-4bdc-8a3e-7409d1c506ce/context &amp#27;[39m&amp#27;[32m200&amp#27;[39m &amp#27;[90m2 ms - 22&amp#27;[39m &amp#27;[90m&amp#27;[39m
&amp#27;[38;5;109m[97398391]&amp#27;[0m&amp#27;[38;5;86m[HTTP]&amp#27;[0m &amp#27;[37m-->&amp#27;[39m &amp#27;[37mPOST&amp#27;[39m &amp#27;[37m/session/97398391-aa65-4bdc-8a3e-7409d1c506ce/element&amp#27;[39m &amp#27;[90m{"value":"com.saucelabs.mydemoapp.android:id/nameET","using":"id"}&amp#27;[39m
&amp#27;[38;5;109m[97398391]&amp#27;[0m&amp#27;[38;5;-111m[AndroidUiautomator2Driver@ecb2]&amp#27;[0m Calling AppiumDriver.findElement() with args: ["id","com.saucelabs.mydemoapp.android:id/nameET","97398391-aa65-4bdc-8a3e-7409d1c506ce"]
&amp#27;[38;5;109m[97398391]&amp#27;[0m&amp#27;[38;5;-111m[AndroidUiautomator2Driver@ecb2]&amp#27;[0m Valid locator strategies for this request: xpath, id, class name, accessibility id, css selector, -android uiautomator
&amp#27;[38;5;109m[97398391]&amp#27;[0m&amp#27;[38;5;-111m[AndroidUiautomator2Driver@ecb2]&amp#27;[0m Waiting up to 15000 ms for condition
&amp#27;[38;5;109m[97398391]&amp#27;[0m&amp#27;[38;5;-111m[AndroidUiautomator2Driver@ecb2]&amp#27;[0m Matched '/element' to command name 'findElement'
&amp#27;[38;5;109m[97398391]&amp#27;[0m&amp#27;[38;5;-111m[AndroidUiautomator2Driver@ecb2]&amp#27;[0m Proxying [POST /element] to [POST http://127.0.0.1:8204/session/64966e76-23ca-48ad-abe2-cc69432e6f24/element] with body: {"strategy":"id","selector":"com.saucelabs.mydemoapp.android:id/nameET","context":"","multiple":false}
&amp#27;[38;5;109m[97398391]&amp#27;[0m&amp#27;[38;5;-111m[AndroidUiautomator2Driver@ecb2]&amp#27;[0m Got response with status 200: {"sessionId":"64966e76-23ca-48ad-abe2-cc69432e6f24","value":{"ELEMENT":"00000000-0000-0a3c-ffff-ffff0000017c","element-6066-11e4-a52e-4f735466cecf":"00000000-0000-0a3c-ffff-ffff0000017c"}}
&amp#27;[38;5;109m[97398391]&amp#27;[0m&amp#27;[38;5;-111m[AndroidUiautomator2Driver@ecb2]&amp#27;[0m Responding to client with driver.findElement() result: {"element-6066-11e4-a52e-4f735466cecf":"00000000-0000-0a3c-ffff-ffff0000017c","ELEMENT":"00000000-0000-0a3c-ffff-ffff0000017c"}
&amp#27;[38;5;109m[97398391]&amp#27;[0m&amp#27;[38;5;86m[HTTP]&amp#27;[0m &amp#27;[37m<-- POST /session/97398391-aa65-4bdc-8a3e-7409d1c506ce/element &amp#27;[39m&amp#27;[32m200&amp#27;[39m &amp#27;[90m918 ms - 137&amp#27;[39m &amp#27;[90m&amp#27;[39m
&amp#27;[38;5;109m[97398391]&amp#27;[0m&amp#27;[38;5;86m[HTTP]&amp#27;[0m &amp#27;[37m-->&amp#27;[39m &amp#27;[37mPOST&amp#27;[39m &amp#27;[37m/session/97398391-aa65-4bdc-8a3e-7409d1c506ce/element/00000000-0000-0a3c-ffff-ffff0000017c/value&amp#27;[39m &amp#27;[90m{"text":"bod@example.com","value":["b","o","d","@","e","x","a","m","p","l","e",".","c","o","m"],"id":"00000000-0000-0a3c-ffff-ffff0000017c"}&amp#27;[39m
&amp#27;[38;5;109m[97398391]&amp#27;[0m&amp#27;[38;5;-111m[AndroidUiautomator2Driver@ecb2]&amp#27;[0m Calling AppiumDriver.setValue() with args: [["b","o","d","@","e","x","a","m","p","l","e",".","c","o","m"],"00000000-0000-0a3c-ffff-ffff0000017c","97398391-aa65-4bdc-8a3e-7409d1c506ce"]
&amp#27;[38;5;109m[97398391]&amp#27;[0m&amp#27;[38;5;-111m[AndroidUiautomator2Driver@ecb2]&amp#27;[0m Matched '/element/00000000-0000-0a3c-ffff-ffff0000017c/value' to command name 'setValue'
&amp#27;[38;5;109m[97398391]&amp#27;[0m&amp#27;[38;5;-111m[AndroidUiautomator2Driver@ecb2]&amp#27;[0m Added 'value' property ["b","o","d","@","e","x","a","m","p","l","e",".","c","o","m"] to 'setValue' request body
&amp#27;[38;5;109m[97398391]&amp#27;[0m&amp#27;[38;5;-111m[AndroidUiautomator2Driver@ecb2]&amp#27;[0m Proxying [POST /element/00000000-0000-0a3c-ffff-ffff0000017c/value] to [POST http://127.0.0.1:8204/session/64966e76-23ca-48ad-abe2-cc69432e6f24/element/00000000-0000-0a3c-ffff-ffff0000017c/value] with body: {"elementId":"00000000-0000-0a3c-ffff-ffff0000017c","text":"bod@example.com","replace":false,"value":["b","o","d","@","e","x","a","m","p","l","e",".","c","o","m"]}
&amp#27;[38;5;109m[97398391]&amp#27;[0m&amp#27;[38;5;-111m[AndroidUiautomator2Driver@ecb2]&amp#27;[0m Got response with status 200: {"sessionId":"64966e76-23ca-48ad-abe2-cc69432e6f24","value":null}
&amp#27;[38;5;109m[97398391]&amp#27;[0m&amp#27;[38;5;-111m[AndroidUiautomator2Driver@ecb2]&amp#27;[0m Responding to client with driver.setValue() result: null
&amp#27;[38;5;109m[97398391]&amp#27;[0m&amp#27;[38;5;86m[HTTP]&amp#27;[0m &amp#27;[37m<-- POST /session/97398391-aa65-4bdc-8a3e-7409d1c506ce/element/00000000-0000-0a3c-ffff-ffff0000017c/value &amp#27;[39m&amp#27;[32m200&amp#27;[39m &amp#27;[90m90 ms - 14&amp#27;[39m &amp#27;[90m&amp#27;[39m
&amp#27;[38;5;109m[97398391]&amp#27;[0m&amp#27;[38;5;86m[HTTP]&amp#27;[0m &amp#27;[37m-->&amp#27;[39m &amp#27;[37mGET&amp#27;[39m &amp#27;[37m/session/97398391-aa65-4bdc-8a3e-7409d1c506ce/context&amp#27;[39m &amp#27;[90m{}&amp#27;[39m
&amp#27;[38;5;109m[97398391]&amp#27;[0m&amp#27;[38;5;-111m[AndroidUiautomator2Driver@ecb2]&amp#27;[0m Calling AppiumDriver.getCurrentContext() with args: ["97398391-aa65-4bdc-8a3e-7409d1c506ce"]
&amp#27;[38;5;109m[97398391]&amp#27;[0m&amp#27;[38;5;-111m[AndroidUiautomator2Driver@ecb2]&amp#27;[0m Responding to client with driver.getCurrentContext() result: "NATIVE_APP"
&amp#27;[38;5;109m[97398391]&amp#27;[0m&amp#27;[38;5;86m[HTTP]&amp#27;[0m &amp#27;[37m<-- GET /session/97398391-aa65-4bdc-8a3e-7409d1c506ce/context &amp#27;[39m&amp#27;[32m200&amp#27;[39m &amp#27;[90m2 ms - 22&amp#27;[39m &amp#27;[90m&amp#27;[39m
&amp#27;[38;5;109m[97398391]&amp#27;[0m&amp#27;[38;5;86m[HTTP]&amp#27;[0m &amp#27;[37m-->&amp#27;[39m &amp#27;[37mPOST&amp#27;[39m &amp#27;[37m/session/97398391-aa65-4bdc-8a3e-7409d1c506ce/element&amp#27;[39m &amp#27;[90m{"value":"com.saucelabs.mydemoapp.android:id/passwordET","using":"id"}&amp#27;[39m
&amp#27;[38;5;109m[97398391]&amp#27;[0m&amp#27;[38;5;-111m[AndroidUiautomator2Driver@ecb2]&amp#27;[0m Calling AppiumDriver.findElement() with args: ["id","com.saucelabs.mydemoapp.android:id/passwordET","97398391-aa65-4bdc-8a3e-7409d1c506ce"]
&amp#27;[38;5;109m[97398391]&amp#27;[0m&amp#27;[38;5;-111m[AndroidUiautomator2Driver@ecb2]&amp#27;[0m Valid locator strategies for this request: xpath, id, class name, accessibility id, css selector, -android uiautomator
&amp#27;[38;5;109m[97398391]&amp#27;[0m&amp#27;[38;5;-111m[AndroidUiautomator2Driver@ecb2]&amp#27;[0m Waiting up to 15000 ms for condition
&amp#27;[38;5;109m[97398391]&amp#27;[0m&amp#27;[38;5;-111m[AndroidUiautomator2Driver@ecb2]&amp#27;[0m Matched '/element' to command name 'findElement'
&amp#27;[38;5;109m[97398391]&amp#27;[0m&amp#27;[38;5;-111m[AndroidUiautomator2Driver@ecb2]&amp#27;[0m Proxying [POST /element] to [POST http://127.0.0.1:8204/session/64966e76-23ca-48ad-abe2-cc69432e6f24/element] with body: {"strategy":"id","selector":"com.saucelabs.mydemoapp.android:id/passwordET","context":"","multiple":false}
&amp#27;[38;5;109m[97398391]&amp#27;[0m&amp#27;[38;5;-111m[AndroidUiautomator2Driver@ecb2]&amp#27;[0m Got response with status 200: {"sessionId":"64966e76-23ca-48ad-abe2-cc69432e6f24","value":{"ELEMENT":"00000000-0000-0a3c-ffff-ffff00000181","element-6066-11e4-a52e-4f735466cecf":"00000000-0000-0a3c-ffff-ffff00000181"}}
&amp#27;[38;5;109m[97398391]&amp#27;[0m&amp#27;[38;5;-111m[AndroidUiautomator2Driver@ecb2]&amp#27;[0m Responding to client with driver.findElement() result: {"element-6066-11e4-a52e-4f735466cecf":"00000000-0000-0a3c-ffff-ffff00000181","ELEMENT":"00000000-0000-0a3c-ffff-ffff00000181"}
&amp#27;[38;5;109m[97398391]&amp#27;[0m&amp#27;[38;5;86m[HTTP]&amp#27;[0m &amp#27;[37m<-- POST /session/97398391-aa65-4bdc-8a3e-7409d1c506ce/element &amp#27;[39m&amp#27;[32m200&amp#27;[39m &amp#27;[90m668 ms - 137&amp#27;[39m &amp#27;[90m&amp#27;[39m
&amp#27;[38;5;109m[97398391]&amp#27;[0m&amp#27;[38;5;86m[HTTP]&amp#27;[0m &amp#27;[37m-->&amp#27;[39m &amp#27;[37mPOST&amp#27;[39m &amp#27;[37m/session/97398391-aa65-4bdc-8a3e-7409d1c506ce/element/00000000-0000-0a3c-ffff-ffff00000181/click&amp#27;[39m &amp#27;[90m{"id":"00000000-0000-0a3c-ffff-ffff00000181"}&amp#27;[39m
&amp#27;[38;5;109m[97398391]&amp#27;[0m&amp#27;[38;5;-111m[AndroidUiautomator2Driver@ecb2]&amp#27;[0m Calling AppiumDriver.click() with args: ["00000000-0000-0a3c-ffff-ffff00000181","97398391-aa65-4bdc-8a3e-7409d1c506ce"]
&amp#27;[38;5;109m[97398391]&amp#27;[0m&amp#27;[38;5;-111m[AndroidUiautomator2Driver@ecb2]&amp#27;[0m Matched '/element/00000000-0000-0a3c-ffff-ffff00000181/click' to command name 'click'
&amp#27;[38;5;109m[97398391]&amp#27;[0m&amp#27;[38;5;-111m[AndroidUiautomator2Driver@ecb2]&amp#27;[0m Proxying [POST /element/00000000-0000-0a3c-ffff-ffff00000181/click] to [POST http://127.0.0.1:8204/session/64966e76-23ca-48ad-abe2-cc69432e6f24/element/00000000-0000-0a3c-ffff-ffff00000181/click] with body: {"element":"00000000-0000-0a3c-ffff-ffff00000181"}
&amp#27;[38;5;109m[97398391]&amp#27;[0m&amp#27;[38;5;-111m[AndroidUiautomator2Driver@ecb2]&amp#27;[0m Got response with status 200: {"sessionId":"64966e76-23ca-48ad-abe2-cc69432e6f24","value":null}
&amp#27;[38;5;109m[97398391]&amp#27;[0m&amp#27;[38;5;-111m[AndroidUiautomator2Driver@ecb2]&amp#27;[0m Responding to client with driver.click() result: null
&amp#27;[38;5;109m[97398391]&amp#27;[0m&amp#27;[38;5;86m[HTTP]&amp#27;[0m &amp#27;[37m<-- POST /session/97398391-aa65-4bdc-8a3e-7409d1c506ce/element/00000000-0000-0a3c-ffff-ffff00000181/click &amp#27;[39m&amp#27;[32m200&amp#27;[39m &amp#27;[90m681 ms - 14&amp#27;[39m &amp#27;[90m&amp#27;[39m
&amp#27;[38;5;109m[97398391]&amp#27;[0m&amp#27;[38;5;86m[HTTP]&amp#27;[0m &amp#27;[37m-->&amp#27;[39m &amp#27;[37mGET&amp#27;[39m &amp#27;[37m/session/97398391-aa65-4bdc-8a3e-7409d1c506ce/context&amp#27;[39m &amp#27;[90m{}&amp#27;[39m
&amp#27;[38;5;109m[97398391]&amp#27;[0m&amp#27;[38;5;-111m[AndroidUiautomator2Driver@ecb2]&amp#27;[0m Calling AppiumDriver.getCurrentContext() with args: ["97398391-aa65-4bdc-8a3e-7409d1c506ce"]
&amp#27;[38;5;109m[97398391]&amp#27;[0m&amp#27;[38;5;-111m[AndroidUiautomator2Driver@ecb2]&amp#27;[0m Responding to client with driver.getCurrentContext() result: "NATIVE_APP"
&amp#27;[38;5;109m[97398391]&amp#27;[0m&amp#27;[38;5;86m[HTTP]&amp#27;[0m &amp#27;[37m<-- GET /session/97398391-aa65-4bdc-8a3e-7409d1c506ce/context &amp#27;[39m&amp#27;[32m200&amp#27;[39m &amp#27;[90m2 ms - 22&amp#27;[39m &amp#27;[90m&amp#27;[39m
&amp#27;[38;5;109m[97398391]&amp#27;[0m&amp#27;[38;5;86m[HTTP]&amp#27;[0m &amp#27;[37m-->&amp#27;[39m &amp#27;[37mPOST&amp#27;[39m &amp#27;[37m/session/97398391-aa65-4bdc-8a3e-7409d1c506ce/element&amp#27;[39m &amp#27;[90m{"value":"com.saucelabs.mydemoapp.android:id/passwordET","using":"id"}&amp#27;[39m
&amp#27;[38;5;109m[97398391]&amp#27;[0m&amp#27;[38;5;-111m[AndroidUiautomator2Driver@ecb2]&amp#27;[0m Calling AppiumDriver.findElement() with args: ["id","com.saucelabs.mydemoapp.android:id/passwordET","97398391-aa65-4bdc-8a3e-7409d1c506ce"]
&amp#27;[38;5;109m[97398391]&amp#27;[0m&amp#27;[38;5;-111m[AndroidUiautomator2Driver@ecb2]&amp#27;[0m Valid locator strategies for this request: xpath, id, class name, accessibility id, css selector, -android uiautomator
&amp#27;[38;5;109m[97398391]&amp#27;[0m&amp#27;[38;5;-111m[AndroidUiautomator2Driver@ecb2]&amp#27;[0m Waiting up to 15000 ms for condition
&amp#27;[38;5;109m[97398391]&amp#27;[0m&amp#27;[38;5;-111m[AndroidUiautomator2Driver@ecb2]&amp#27;[0m Matched '/element' to command name 'findElement'
&amp#27;[38;5;109m[97398391]&amp#27;[0m&amp#27;[38;5;-111m[AndroidUiautomator2Driver@ecb2]&amp#27;[0m Proxying [POST /element] to [POST http://127.0.0.1:8204/session/64966e76-23ca-48ad-abe2-cc69432e6f24/element] with body: {"strategy":"id","selector":"com.saucelabs.mydemoapp.android:id/passwordET","context":"","multiple":false}
&amp#27;[38;5;109m[97398391]&amp#27;[0m&amp#27;[38;5;-111m[AndroidUiautomator2Driver@ecb2]&amp#27;[0m Got response with status 200: {"sessionId":"64966e76-23ca-48ad-abe2-cc69432e6f24","value":{"ELEMENT":"00000000-0000-0a3c-ffff-ffff00000181","element-6066-11e4-a52e-4f735466cecf":"00000000-0000-0a3c-ffff-ffff00000181"}}
&amp#27;[38;5;109m[97398391]&amp#27;[0m&amp#27;[38;5;-111m[AndroidUiautomator2Driver@ecb2]&amp#27;[0m Responding to client with driver.findElement() result: {"element-6066-11e4-a52e-4f735466cecf":"00000000-0000-0a3c-ffff-ffff00000181","ELEMENT":"00000000-0000-0a3c-ffff-ffff00000181"}
&amp#27;[38;5;109m[97398391]&amp#27;[0m&amp#27;[38;5;86m[HTTP]&amp#27;[0m &amp#27;[37m<-- POST /session/97398391-aa65-4bdc-8a3e-7409d1c506ce/element &amp#27;[39m&amp#27;[32m200&amp#27;[39m &amp#27;[90m123 ms - 137&amp#27;[39m &amp#27;[90m&amp#27;[39m
&amp#27;[38;5;109m[97398391]&amp#27;[0m&amp#27;[38;5;86m[HTTP]&amp#27;[0m &amp#27;[37m-->&amp#27;[39m &amp#27;[37mPOST&amp#27;[39m &amp#27;[37m/session/97398391-aa65-4bdc-8a3e-7409d1c506ce/element/00000000-0000-0a3c-ffff-ffff00000181/value&amp#27;[39m &amp#27;[90m{"text":"10203040","value":["1","0","2","0","3","0","4","0"],"id":"00000000-0000-0a3c-ffff-ffff00000181"}&amp#27;[39m
&amp#27;[38;5;109m[97398391]&amp#27;[0m&amp#27;[38;5;-111m[AndroidUiautomator2Driver@ecb2]&amp#27;[0m Calling AppiumDriver.setValue() with args: [["1","0","2","0","3","0","4","0"],"00000000-0000-0a3c-ffff-ffff00000181","97398391-aa65-4bdc-8a3e-7409d1c506ce"]
&amp#27;[38;5;109m[97398391]&amp#27;[0m&amp#27;[38;5;-111m[AndroidUiautomator2Driver@ecb2]&amp#27;[0m Matched '/element/00000000-0000-0a3c-ffff-ffff00000181/value' to command name 'setValue'
&amp#27;[38;5;109m[97398391]&amp#27;[0m&amp#27;[38;5;-111m[AndroidUiautomator2Driver@ecb2]&amp#27;[0m Added 'value' property ["1","0","2","0","3","0","4","0"] to 'setValue' request body
&amp#27;[38;5;109m[97398391]&amp#27;[0m&amp#27;[38;5;-111m[AndroidUiautomator2Driver@ecb2]&amp#27;[0m Proxying [POST /element/00000000-0000-0a3c-ffff-ffff00000181/value] to [POST http://127.0.0.1:8204/session/64966e76-23ca-48ad-abe2-cc69432e6f24/element/00000000-0000-0a3c-ffff-ffff00000181/value] with body: {"elementId":"00000000-0000-0a3c-ffff-ffff00000181","text":"10203040","replace":false,"value":["1","0","2","0","3","0","4","0"]}
&amp#27;[38;5;109m[97398391]&amp#27;[0m&amp#27;[38;5;-111m[AndroidUiautomator2Driver@ecb2]&amp#27;[0m Got response with status 200: {"sessionId":"64966e76-23ca-48ad-abe2-cc69432e6f24","value":null}
&amp#27;[38;5;109m[97398391]&amp#27;[0m&amp#27;[38;5;-111m[AndroidUiautomator2Driver@ecb2]&amp#27;[0m Responding to client with driver.setValue() result: null
&amp#27;[38;5;109m[97398391]&amp#27;[0m&amp#27;[38;5;86m[HTTP]&amp#27;[0m &amp#27;[37m<-- POST /session/97398391-aa65-4bdc-8a3e-7409d1c506ce/element/00000000-0000-0a3c-ffff-ffff00000181/value &amp#27;[39m&amp#27;[32m200&amp#27;[39m &amp#27;[90m84 ms - 14&amp#27;[39m &amp#27;[90m&amp#27;[39m
&amp#27;[38;5;109m[97398391]&amp#27;[0m&amp#27;[38;5;86m[HTTP]&amp#27;[0m &amp#27;[37m-->&amp#27;[39m &amp#27;[37mGET&amp#27;[39m &amp#27;[37m/session/97398391-aa65-4bdc-8a3e-7409d1c506ce/context&amp#27;[39m &amp#27;[90m{}&amp#27;[39m
&amp#27;[38;5;109m[97398391]&amp#27;[0m&amp#27;[38;5;-111m[AndroidUiautomator2Driver@ecb2]&amp#27;[0m Calling AppiumDriver.getCurrentContext() with args: ["97398391-aa65-4bdc-8a3e-7409d1c506ce"]
&amp#27;[38;5;109m[97398391]&amp#27;[0m&amp#27;[38;5;-111m[AndroidUiautomator2Driver@ecb2]&amp#27;[0m Responding to client with driver.getCurrentContext() result: "NATIVE_APP"
&amp#27;[38;5;109m[97398391]&amp#27;[0m&amp#27;[38;5;86m[HTTP]&amp#27;[0m &amp#27;[37m<-- GET /session/97398391-aa65-4bdc-8a3e-7409d1c506ce/context &amp#27;[39m&amp#27;[32m200&amp#27;[39m &amp#27;[90m3 ms - 22&amp#27;[39m &amp#27;[90m&amp#27;[39m
&amp#27;[38;5;109m[97398391]&amp#27;[0m&amp#27;[38;5;86m[HTTP]&amp#27;[0m &amp#27;[37m-->&amp#27;[39m &amp#27;[37mPOST&amp#27;[39m &amp#27;[37m/session/97398391-aa65-4bdc-8a3e-7409d1c506ce/element&amp#27;[39m &amp#27;[90m{"value":"Tap to login with given credentials","using":"accessibility id"}&amp#27;[39m
&amp#27;[38;5;109m[97398391]&amp#27;[0m&amp#27;[38;5;-111m[AndroidUiautomator2Driver@ecb2]&amp#27;[0m Calling AppiumDriver.findElement() with args: ["accessibility id","Tap to login with given credentials","97398391-aa65-4bdc-8a3e-7409d1c506ce"]
&amp#27;[38;5;109m[97398391]&amp#27;[0m&amp#27;[38;5;-111m[AndroidUiautomator2Driver@ecb2]&amp#27;[0m Valid locator strategies for this request: xpath, id, class name, accessibility id, css selector, -android uiautomator
&amp#27;[38;5;109m[97398391]&amp#27;[0m&amp#27;[38;5;-111m[AndroidUiautomator2Driver@ecb2]&amp#27;[0m Waiting up to 15000 ms for condition
&amp#27;[38;5;109m[97398391]&amp#27;[0m&amp#27;[38;5;-111m[AndroidUiautomator2Driver@ecb2]&amp#27;[0m Matched '/element' to command name 'findElement'
&amp#27;[38;5;109m[97398391]&amp#27;[0m&amp#27;[38;5;-111m[AndroidUiautomator2Driver@ecb2]&amp#27;[0m Proxying [POST /element] to [POST http://127.0.0.1:8204/session/64966e76-23ca-48ad-abe2-cc69432e6f24/element] with body: {"strategy":"accessibility id","selector":"Tap to login with given credentials","context":"","multiple":false}
&amp#27;[38;5;109m[97398391]&amp#27;[0m&amp#27;[38;5;-111m[AndroidUiautomator2Driver@ecb2]&amp#27;[0m Got response with status 200: {"sessionId":"64966e76-23ca-48ad-abe2-cc69432e6f24","value":{"ELEMENT":"00000000-0000-0a3c-ffff-ffff00000186","element-6066-11e4-a52e-4f735466cecf":"00000000-0000-0a3c-ffff-ffff00000186"}}
&amp#27;[38;5;109m[97398391]&amp#27;[0m&amp#27;[38;5;-111m[AndroidUiautomator2Driver@ecb2]&amp#27;[0m Responding to client with driver.findElement() result: {"element-6066-11e4-a52e-4f735466cecf":"00000000-0000-0a3c-ffff-ffff00000186","ELEMENT":"00000000-0000-0a3c-ffff-ffff00000186"}
&amp#27;[38;5;109m[97398391]&amp#27;[0m&amp#27;[38;5;86m[HTTP]&amp#27;[0m &amp#27;[37m<-- POST /session/97398391-aa65-4bdc-8a3e-7409d1c506ce/element &amp#27;[39m&amp#27;[32m200&amp#27;[39m &amp#27;[90m696 ms - 137&amp#27;[39m &amp#27;[90m&amp#27;[39m
&amp#27;[38;5;109m[97398391]&amp#27;[0m&amp#27;[38;5;86m[HTTP]&amp#27;[0m &amp#27;[37m-->&amp#27;[39m &amp#27;[37mPOST&amp#27;[39m &amp#27;[37m/session/97398391-aa65-4bdc-8a3e-7409d1c506ce/element/00000000-0000-0a3c-ffff-ffff00000186/click&amp#27;[39m &amp#27;[90m{"id":"00000000-0000-0a3c-ffff-ffff00000186"}&amp#27;[39m
&amp#27;[38;5;109m[97398391]&amp#27;[0m&amp#27;[38;5;-111m[AndroidUiautomator2Driver@ecb2]&amp#27;[0m Calling AppiumDriver.click() with args: ["00000000-0000-0a3c-ffff-ffff00000186","97398391-aa65-4bdc-8a3e-7409d1c506ce"]
&amp#27;[38;5;109m[97398391]&amp#27;[0m&amp#27;[38;5;-111m[AndroidUiautomator2Driver@ecb2]&amp#27;[0m Matched '/element/00000000-0000-0a3c-ffff-ffff00000186/click' to command name 'click'
&amp#27;[38;5;109m[97398391]&amp#27;[0m&amp#27;[38;5;-111m[AndroidUiautomator2Driver@ecb2]&amp#27;[0m Proxying [POST /element/00000000-0000-0a3c-ffff-ffff00000186/click] to [POST http://127.0.0.1:8204/session/64966e76-23ca-48ad-abe2-cc69432e6f24/element/00000000-0000-0a3c-ffff-ffff00000186/click] with body: {"element":"00000000-0000-0a3c-ffff-ffff00000186"}
&amp#27;[38;5;109m[97398391]&amp#27;[0m&amp#27;[38;5;-111m[AndroidUiautomator2Driver@ecb2]&amp#27;[0m Got response with status 200: {"sessionId":"64966e76-23ca-48ad-abe2-cc69432e6f24","value":null}
&amp#27;[38;5;109m[97398391]&amp#27;[0m&amp#27;[38;5;-111m[AndroidUiautomator2Driver@ecb2]&amp#27;[0m Responding to client with driver.click() result: null
&amp#27;[38;5;109m[97398391]&amp#27;[0m&amp#27;[38;5;86m[HTTP]&amp#27;[0m &amp#27;[37m<-- POST /session/97398391-aa65-4bdc-8a3e-7409d1c506ce/element/00000000-0000-0a3c-ffff-ffff00000186/click &amp#27;[39m&amp#27;[32m200&amp#27;[39m &amp#27;[90m127 ms - 14&amp#27;[39m &amp#27;[90m&amp#27;[39m
&amp#27;[38;5;109m[97398391]&amp#27;[0m&amp#27;[38;5;86m[HTTP]&amp#27;[0m &amp#27;[37m-->&amp#27;[39m &amp#27;[37mGET&amp#27;[39m &amp#27;[37m/session/97398391-aa65-4bdc-8a3e-7409d1c506ce/context&amp#27;[39m &amp#27;[90m{}&amp#27;[39m
&amp#27;[38;5;109m[97398391]&amp#27;[0m&amp#27;[38;5;-111m[AndroidUiautomator2Driver@ecb2]&amp#27;[0m Calling AppiumDriver.getCurrentContext() with args: ["97398391-aa65-4bdc-8a3e-7409d1c506ce"]
&amp#27;[38;5;109m[97398391]&amp#27;[0m&amp#27;[38;5;-111m[AndroidUiautomator2Driver@ecb2]&amp#27;[0m Responding to client with driver.getCurrentContext() result: "NATIVE_APP"
&amp#27;[38;5;109m[97398391]&amp#27;[0m&amp#27;[38;5;86m[HTTP]&amp#27;[0m &amp#27;[37m<-- GET /session/97398391-aa65-4bdc-8a3e-7409d1c506ce/context &amp#27;[39m&amp#27;[32m200&amp#27;[39m &amp#27;[90m2 ms - 22&amp#27;[39m &amp#27;[90m&amp#27;[39m
&amp#27;[38;5;109m[97398391]&amp#27;[0m&amp#27;[38;5;86m[HTTP]&amp#27;[0m &amp#27;[37m-->&amp#27;[39m &amp#27;[37mPOST&amp#27;[39m &amp#27;[37m/session/97398391-aa65-4bdc-8a3e-7409d1c506ce/element&amp#27;[39m &amp#27;[90m{"value":"title","using":"accessibility id"}&amp#27;[39m
&amp#27;[38;5;109m[97398391]&amp#27;[0m&amp#27;[38;5;-111m[AndroidUiautomator2Driver@ecb2]&amp#27;[0m Calling AppiumDriver.findElement() with args: ["accessibility id","title","97398391-aa65-4bdc-8a3e-7409d1c506ce"]
&amp#27;[38;5;109m[97398391]&amp#27;[0m&amp#27;[38;5;-111m[AndroidUiautomator2Driver@ecb2]&amp#27;[0m Valid locator strategies for this request: xpath, id, class name, accessibility id, css selector, -android uiautomator
&amp#27;[38;5;109m[97398391]&amp#27;[0m&amp#27;[38;5;-111m[AndroidUiautomator2Driver@ecb2]&amp#27;[0m Waiting up to 15000 ms for condition
&amp#27;[38;5;109m[97398391]&amp#27;[0m&amp#27;[38;5;-111m[AndroidUiautomator2Driver@ecb2]&amp#27;[0m Matched '/element' to command name 'findElement'
&amp#27;[38;5;109m[97398391]&amp#27;[0m&amp#27;[38;5;-111m[AndroidUiautomator2Driver@ecb2]&amp#27;[0m Proxying [POST /element] to [POST http://127.0.0.1:8204/session/64966e76-23ca-48ad-abe2-cc69432e6f24/element] with body: {"strategy":"accessibility id","selector":"title","context":"","multiple":false}
&amp#27;[38;5;109m[97398391]&amp#27;[0m&amp#27;[38;5;-111m[AndroidUiautomator2Driver@ecb2]&amp#27;[0m Got response with status 200: {"sessionId":"64966e76-23ca-48ad-abe2-cc69432e6f24","value":{"ELEMENT":"00000000-0000-0a3f-ffff-ffff000001d4","element-6066-11e4-a52e-4f735466cecf":"00000000-0000-0a3f-ffff-ffff000001d4"}}
&amp#27;[38;5;109m[97398391]&amp#27;[0m&amp#27;[38;5;-111m[AndroidUiautomator2Driver@ecb2]&amp#27;[0m Responding to client with driver.findElement() result: {"element-6066-11e4-a52e-4f735466cecf":"00000000-0000-0a3f-ffff-ffff000001d4","ELEMENT":"00000000-0000-0a3f-ffff-ffff000001d4"}
&amp#27;[38;5;109m[97398391]&amp#27;[0m&amp#27;[38;5;86m[HTTP]&amp#27;[0m &amp#27;[37m<-- POST /session/97398391-aa65-4bdc-8a3e-7409d1c506ce/element &amp#27;[39m&amp#27;[32m200&amp#27;[39m &amp#27;[90m1188 ms - 137&amp#27;[39m &amp#27;[90m&amp#27;[39m
&amp#27;[38;5;109m[97398391]&amp#27;[0m&amp#27;[38;5;86m[HTTP]&amp#27;[0m &amp#27;[37m-->&amp#27;[39m &amp#27;[37mGET&amp#27;[39m &amp#27;[37m/session/97398391-aa65-4bdc-8a3e-7409d1c506ce/element/00000000-0000-0a3f-ffff-ffff000001d4/displayed&amp#27;[39m &amp#27;[90m{}&amp#27;[39m
&amp#27;[38;5;109m[97398391]&amp#27;[0m&amp#27;[38;5;-111m[AndroidUiautomator2Driver@ecb2]&amp#27;[0m Calling AppiumDriver.elementDisplayed() with args: ["00000000-0000-0a3f-ffff-ffff000001d4","97398391-aa65-4bdc-8a3e-7409d1c506ce"]
&amp#27;[38;5;109m[97398391]&amp#27;[0m&amp#27;[38;5;-111m[AndroidUiautomator2Driver@ecb2]&amp#27;[0m Matched '/element/00000000-0000-0a3f-ffff-ffff000001d4/attribute/displayed' to command name 'getAttribute'
&amp#27;[38;5;109m[97398391]&amp#27;[0m&amp#27;[38;5;-111m[AndroidUiautomator2Driver@ecb2]&amp#27;[0m Proxying [GET /element/00000000-0000-0a3f-ffff-ffff000001d4/attribute/displayed] to [GET http://127.0.0.1:8204/session/64966e76-23ca-48ad-abe2-cc69432e6f24/element/00000000-0000-0a3f-ffff-ffff000001d4/attribute/displayed] with no body
&amp#27;[38;5;109m[97398391]&amp#27;[0m&amp#27;[38;5;-111m[AndroidUiautomator2Driver@ecb2]&amp#27;[0m Got response with status 200: {"sessionId":"64966e76-23ca-48ad-abe2-cc69432e6f24","value":"true"}
&amp#27;[38;5;109m[97398391]&amp#27;[0m&amp#27;[38;5;-111m[AndroidUiautomator2Driver@ecb2]&amp#27;[0m Responding to client with driver.elementDisplayed() result: true
&amp#27;[38;5;109m[97398391]&amp#27;[0m&amp#27;[38;5;86m[HTTP]&amp#27;[0m &amp#27;[37m<-- GET /session/97398391-aa65-4bdc-8a3e-7409d1c506ce/element/00000000-0000-0a3f-ffff-ffff000001d4/displayed &amp#27;[39m&amp#27;[32m200&amp#27;[39m &amp#27;[90m57 ms - 14&amp#27;[39m &amp#27;[90m&amp#27;[39m
&amp#27;[38;5;109m[97398391]&amp#27;[0m&amp#27;[38;5;86m[HTTP]&amp#27;[0m &amp#27;[37m-->&amp#27;[39m &amp#27;[37mGET&amp#27;[39m &amp#27;[37m/session/97398391-aa65-4bdc-8a3e-7409d1c506ce/context&amp#27;[39m &amp#27;[90m{}&amp#27;[39m
&amp#27;[38;5;109m[97398391]&amp#27;[0m&amp#27;[38;5;-111m[AndroidUiautomator2Driver@ecb2]&amp#27;[0m Calling AppiumDriver.getCurrentContext() with args: ["97398391-aa65-4bdc-8a3e-7409d1c506ce"]
&amp#27;[38;5;109m[97398391]&amp#27;[0m&amp#27;[38;5;-111m[AndroidUiautomator2Driver@ecb2]&amp#27;[0m Responding to client with driver.getCurrentContext() result: "NATIVE_APP"
&amp#27;[38;5;109m[97398391]&amp#27;[0m&amp#27;[38;5;86m[HTTP]&amp#27;[0m &amp#27;[37m<-- GET /session/97398391-aa65-4bdc-8a3e-7409d1c506ce/context &amp#27;[39m&amp#27;[32m200&amp#27;[39m &amp#27;[90m2 ms - 22&amp#27;[39m &amp#27;[90m&amp#27;[39m
&amp#27;[38;5;109m[97398391]&amp#27;[0m&amp#27;[38;5;86m[HTTP]&amp#27;[0m &amp#27;[37m-->&amp#27;[39m &amp#27;[37mPOST&amp#27;[39m &amp#27;[37m/session/97398391-aa65-4bdc-8a3e-7409d1c506ce/element&amp#27;[39m &amp#27;[90m{"value":"new UiSelector().resourceId(\"com.saucelabs.mydemoapp.android:id/productIV\").instance(0)","using":"-android uiautomator"}&amp#27;[39m
&amp#27;[38;5;109m[97398391]&amp#27;[0m&amp#27;[38;5;-111m[AndroidUiautomator2Driver@ecb2]&amp#27;[0m Calling AppiumDriver.findElement() with args: ["-android uiautomator","new UiSelector().resourceId(\"com.saucelabs.mydemoapp.android:id/productIV\").instance(0)","97398391-aa65-4bdc-8a3e-7409d1c506ce"]
&amp#27;[38;5;109m[97398391]&amp#27;[0m&amp#27;[38;5;-111m[AndroidUiautomator2Driver@ecb2]&amp#27;[0m Valid locator strategies for this request: xpath, id, class name, accessibility id, css selector, -android uiautomator
&amp#27;[38;5;109m[97398391]&amp#27;[0m&amp#27;[38;5;-111m[AndroidUiautomator2Driver@ecb2]&amp#27;[0m Waiting up to 15000 ms for condition
&amp#27;[38;5;109m[97398391]&amp#27;[0m&amp#27;[38;5;-111m[AndroidUiautomator2Driver@ecb2]&amp#27;[0m Matched '/element' to command name 'findElement'
&amp#27;[38;5;109m[97398391]&amp#27;[0m&amp#27;[38;5;-111m[AndroidUiautomator2Driver@ecb2]&amp#27;[0m Proxying [POST /element] to [POST http://127.0.0.1:8204/session/64966e76-23ca-48ad-abe2-cc69432e6f24/element] with body: {"strategy":"-android uiautomator","selector":"new UiSelector().resourceId(\"com.saucelabs.mydemoapp.android:id/productIV\").instance(0)","context":"","multiple":false}
&amp#27;[38;5;109m[97398391]&amp#27;[0m&amp#27;[38;5;-111m[AndroidUiautomator2Driver@ecb2]&amp#27;[0m Got response with status 200: {"sessionId":"64966e76-23ca-48ad-abe2-cc69432e6f24","value":{"ELEMENT":"00000000-0000-0a3f-ffff-ffff00000212","element-6066-11e4-a52e-4f735466cecf":"00000000-0000-0a3f-ffff-ffff00000212"}}
&amp#27;[38;5;109m[97398391]&amp#27;[0m&amp#27;[38;5;-111m[AndroidUiautomator2Driver@ecb2]&amp#27;[0m Responding to client with driver.findElement() result: {"element-6066-11e4-a52e-4f735466cecf":"00000000-0000-0a3f-ffff-ffff00000212","ELEMENT":"00000000-0000-0a3f-ffff-ffff00000212"}
&amp#27;[38;5;109m[97398391]&amp#27;[0m&amp#27;[38;5;86m[HTTP]&amp#27;[0m &amp#27;[37m<-- POST /session/97398391-aa65-4bdc-8a3e-7409d1c506ce/element &amp#27;[39m&amp#27;[32m200&amp#27;[39m &amp#27;[90m120 ms - 137&amp#27;[39m &amp#27;[90m&amp#27;[39m
&amp#27;[38;5;109m[97398391]&amp#27;[0m&amp#27;[38;5;86m[HTTP]&amp#27;[0m &amp#27;[37m-->&amp#27;[39m &amp#27;[37mPOST&amp#27;[39m &amp#27;[37m/session/97398391-aa65-4bdc-8a3e-7409d1c506ce/element/00000000-0000-0a3f-ffff-ffff00000212/click&amp#27;[39m &amp#27;[90m{"id":"00000000-0000-0a3f-ffff-ffff00000212"}&amp#27;[39m
&amp#27;[38;5;109m[97398391]&amp#27;[0m&amp#27;[38;5;-111m[AndroidUiautomator2Driver@ecb2]&amp#27;[0m Calling AppiumDriver.click() with args: ["00000000-0000-0a3f-ffff-ffff00000212","97398391-aa65-4bdc-8a3e-7409d1c506ce"]
&amp#27;[38;5;109m[97398391]&amp#27;[0m&amp#27;[38;5;-111m[AndroidUiautomator2Driver@ecb2]&amp#27;[0m Matched '/element/00000000-0000-0a3f-ffff-ffff00000212/click' to command name 'click'
&amp#27;[38;5;109m[97398391]&amp#27;[0m&amp#27;[38;5;-111m[AndroidUiautomator2Driver@ecb2]&amp#27;[0m Proxying [POST /element/00000000-0000-0a3f-ffff-ffff00000212/click] to [POST http://127.0.0.1:8204/session/64966e76-23ca-48ad-abe2-cc69432e6f24/element/00000000-0000-0a3f-ffff-ffff00000212/click] with body: {"element":"00000000-0000-0a3f-ffff-ffff00000212"}
&amp#27;[38;5;109m[97398391]&amp#27;[0m&amp#27;[38;5;-111m[AndroidUiautomator2Driver@ecb2]&amp#27;[0m Got response with status 200: {"sessionId":"64966e76-23ca-48ad-abe2-cc69432e6f24","value":null}
&amp#27;[38;5;109m[97398391]&amp#27;[0m&amp#27;[38;5;-111m[AndroidUiautomator2Driver@ecb2]&amp#27;[0m Responding to client with driver.click() result: null
&amp#27;[38;5;109m[97398391]&amp#27;[0m&amp#27;[38;5;86m[HTTP]&amp#27;[0m &amp#27;[37m<-- POST /session/97398391-aa65-4bdc-8a3e-7409d1c506ce/element/00000000-0000-0a3f-ffff-ffff00000212/click &amp#27;[39m&amp#27;[32m200&amp#27;[39m &amp#27;[90m89 ms - 14&amp#27;[39m &amp#27;[90m&amp#27;[39m
&amp#27;[38;5;109m[97398391]&amp#27;[0m&amp#27;[38;5;86m[HTTP]&amp#27;[0m &amp#27;[37m-->&amp#27;[39m &amp#27;[37mGET&amp#27;[39m &amp#27;[37m/session/97398391-aa65-4bdc-8a3e-7409d1c506ce/context&amp#27;[39m &amp#27;[90m{}&amp#27;[39m
&amp#27;[38;5;109m[97398391]&amp#27;[0m&amp#27;[38;5;-111m[AndroidUiautomator2Driver@ecb2]&amp#27;[0m Calling AppiumDriver.getCurrentContext() with args: ["97398391-aa65-4bdc-8a3e-7409d1c506ce"]
&amp#27;[38;5;109m[97398391]&amp#27;[0m&amp#27;[38;5;-111m[AndroidUiautomator2Driver@ecb2]&amp#27;[0m Responding to client with driver.getCurrentContext() result: "NATIVE_APP"
&amp#27;[38;5;109m[97398391]&amp#27;[0m&amp#27;[38;5;86m[HTTP]&amp#27;[0m &amp#27;[37m<-- GET /session/97398391-aa65-4bdc-8a3e-7409d1c506ce/context &amp#27;[39m&amp#27;[32m200&amp#27;[39m &amp#27;[90m2 ms - 22&amp#27;[39m &amp#27;[90m&amp#27;[39m
&amp#27;[38;5;109m[97398391]&amp#27;[0m&amp#27;[38;5;86m[HTTP]&amp#27;[0m &amp#27;[37m-->&amp#27;[39m &amp#27;[37mPOST&amp#27;[39m &amp#27;[37m/session/97398391-aa65-4bdc-8a3e-7409d1c506ce/element&amp#27;[39m &amp#27;[90m{"value":"Tap to add product to cart","using":"accessibility id"}&amp#27;[39m
&amp#27;[38;5;109m[97398391]&amp#27;[0m&amp#27;[38;5;-111m[AndroidUiautomator2Driver@ecb2]&amp#27;[0m Calling AppiumDriver.findElement() with args: ["accessibility id","Tap to add product to cart","97398391-aa65-4bdc-8a3e-7409d1c506ce"]
&amp#27;[38;5;109m[97398391]&amp#27;[0m&amp#27;[38;5;-111m[AndroidUiautomator2Driver@ecb2]&amp#27;[0m Valid locator strategies for this request: xpath, id, class name, accessibility id, css selector, -android uiautomator
&amp#27;[38;5;109m[97398391]&amp#27;[0m&amp#27;[38;5;-111m[AndroidUiautomator2Driver@ecb2]&amp#27;[0m Waiting up to 15000 ms for condition
&amp#27;[38;5;109m[97398391]&amp#27;[0m&amp#27;[38;5;-111m[AndroidUiautomator2Driver@ecb2]&amp#27;[0m Matched '/element' to command name 'findElement'
&amp#27;[38;5;109m[97398391]&amp#27;[0m&amp#27;[38;5;-111m[AndroidUiautomator2Driver@ecb2]&amp#27;[0m Proxying [POST /element] to [POST http://127.0.0.1:8204/session/64966e76-23ca-48ad-abe2-cc69432e6f24/element] with body: {"strategy":"accessibility id","selector":"Tap to add product to cart","context":"","multiple":false}
&amp#27;[38;5;109m[97398391]&amp#27;[0m&amp#27;[38;5;-111m[AndroidUiautomator2Driver@ecb2]&amp#27;[0m Got response with status 200: {"sessionId":"64966e76-23ca-48ad-abe2-cc69432e6f24","value":{"ELEMENT":"00000000-0000-0a40-ffff-ffff0000033e","element-6066-11e4-a52e-4f735466cecf":"00000000-0000-0a40-ffff-ffff0000033e"}}
&amp#27;[38;5;109m[97398391]&amp#27;[0m&amp#27;[38;5;-111m[AndroidUiautomator2Driver@ecb2]&amp#27;[0m Responding to client with driver.findElement() result: {"element-6066-11e4-a52e-4f735466cecf":"00000000-0000-0a40-ffff-ffff0000033e","ELEMENT":"00000000-0000-0a40-ffff-ffff0000033e"}
&amp#27;[38;5;109m[97398391]&amp#27;[0m&amp#27;[38;5;86m[HTTP]&amp#27;[0m &amp#27;[37m<-- POST /session/97398391-aa65-4bdc-8a3e-7409d1c506ce/element &amp#27;[39m&amp#27;[32m200&amp#27;[39m &amp#27;[90m764 ms - 137&amp#27;[39m &amp#27;[90m&amp#27;[39m
&amp#27;[38;5;109m[97398391]&amp#27;[0m&amp#27;[38;5;86m[HTTP]&amp#27;[0m &amp#27;[37m-->&amp#27;[39m &amp#27;[37mPOST&amp#27;[39m &amp#27;[37m/session/97398391-aa65-4bdc-8a3e-7409d1c506ce/element/00000000-0000-0a40-ffff-ffff0000033e/click&amp#27;[39m &amp#27;[90m{"id":"00000000-0000-0a40-ffff-ffff0000033e"}&amp#27;[39m
&amp#27;[38;5;109m[97398391]&amp#27;[0m&amp#27;[38;5;-111m[AndroidUiautomator2Driver@ecb2]&amp#27;[0m Calling AppiumDriver.click() with args: ["00000000-0000-0a40-ffff-ffff0000033e","97398391-aa65-4bdc-8a3e-7409d1c506ce"]
&amp#27;[38;5;109m[97398391]&amp#27;[0m&amp#27;[38;5;-111m[AndroidUiautomator2Driver@ecb2]&amp#27;[0m Matched '/element/00000000-0000-0a40-ffff-ffff0000033e/click' to command name 'click'
&amp#27;[38;5;109m[97398391]&amp#27;[0m&amp#27;[38;5;-111m[AndroidUiautomator2Driver@ecb2]&amp#27;[0m Proxying [POST /element/00000000-0000-0a40-ffff-ffff0000033e/click] to [POST http://127.0.0.1:8204/session/64966e76-23ca-48ad-abe2-cc69432e6f24/element/00000000-0000-0a40-ffff-ffff0000033e/click] with body: {"element":"00000000-0000-0a40-ffff-ffff0000033e"}
&amp#27;[38;5;109m[97398391]&amp#27;[0m&amp#27;[38;5;-111m[AndroidUiautomator2Driver@ecb2]&amp#27;[0m Got response with status 200: {"sessionId":"64966e76-23ca-48ad-abe2-cc69432e6f24","value":null}
&amp#27;[38;5;109m[97398391]&amp#27;[0m&amp#27;[38;5;-111m[AndroidUiautomator2Driver@ecb2]&amp#27;[0m Responding to client with driver.click() result: null
&amp#27;[38;5;109m[97398391]&amp#27;[0m&amp#27;[38;5;86m[HTTP]&amp#27;[0m &amp#27;[37m<-- POST /session/97398391-aa65-4bdc-8a3e-7409d1c506ce/element/00000000-0000-0a40-ffff-ffff0000033e/click &amp#27;[39m&amp#27;[32m200&amp#27;[39m &amp#27;[90m685 ms - 14&amp#27;[39m &amp#27;[90m&amp#27;[39m
&amp#27;[38;5;109m[97398391]&amp#27;[0m&amp#27;[38;5;86m[HTTP]&amp#27;[0m &amp#27;[37m-->&amp#27;[39m &amp#27;[37mGET&amp#27;[39m &amp#27;[37m/session/97398391-aa65-4bdc-8a3e-7409d1c506ce/context&amp#27;[39m &amp#27;[90m{}&amp#27;[39m
&amp#27;[38;5;109m[97398391]&amp#27;[0m&amp#27;[38;5;-111m[AndroidUiautomator2Driver@ecb2]&amp#27;[0m Calling AppiumDriver.getCurrentContext() with args: ["97398391-aa65-4bdc-8a3e-7409d1c506ce"]
&amp#27;[38;5;109m[97398391]&amp#27;[0m&amp#27;[38;5;-111m[AndroidUiautomator2Driver@ecb2]&amp#27;[0m Responding to client with driver.getCurrentContext() result: "NATIVE_APP"
&amp#27;[38;5;109m[97398391]&amp#27;[0m&amp#27;[38;5;86m[HTTP]&amp#27;[0m &amp#27;[37m<-- GET /session/97398391-aa65-4bdc-8a3e-7409d1c506ce/context &amp#27;[39m&amp#27;[32m200&amp#27;[39m &amp#27;[90m3 ms - 22&amp#27;[39m &amp#27;[90m&amp#27;[39m
&amp#27;[38;5;109m[97398391]&amp#27;[0m&amp#27;[38;5;86m[HTTP]&amp#27;[0m &amp#27;[37m-->&amp#27;[39m &amp#27;[37mPOST&amp#27;[39m &amp#27;[37m/session/97398391-aa65-4bdc-8a3e-7409d1c506ce/element&amp#27;[39m &amp#27;[90m{"value":"com.saucelabs.mydemoapp.android:id/cartIV","using":"id"}&amp#27;[39m
&amp#27;[38;5;109m[97398391]&amp#27;[0m&amp#27;[38;5;-111m[AndroidUiautomator2Driver@ecb2]&amp#27;[0m Calling AppiumDriver.findElement() with args: ["id","com.saucelabs.mydemoapp.android:id/cartIV","97398391-aa65-4bdc-8a3e-7409d1c506ce"]
&amp#27;[38;5;109m[97398391]&amp#27;[0m&amp#27;[38;5;-111m[AndroidUiautomator2Driver@ecb2]&amp#27;[0m Valid locator strategies for this request: xpath, id, class name, accessibility id, css selector, -android uiautomator
&amp#27;[38;5;109m[97398391]&amp#27;[0m&amp#27;[38;5;-111m[AndroidUiautomator2Driver@ecb2]&amp#27;[0m Waiting up to 15000 ms for condition
&amp#27;[38;5;109m[97398391]&amp#27;[0m&amp#27;[38;5;-111m[AndroidUiautomator2Driver@ecb2]&amp#27;[0m Matched '/element' to command name 'findElement'
&amp#27;[38;5;109m[97398391]&amp#27;[0m&amp#27;[38;5;-111m[AndroidUiautomator2Driver@ecb2]&amp#27;[0m Proxying [POST /element] to [POST http://127.0.0.1:8204/session/64966e76-23ca-48ad-abe2-cc69432e6f24/element] with body: {"strategy":"id","selector":"com.saucelabs.mydemoapp.android:id/cartIV","context":"","multiple":false}
&amp#27;[38;5;109m[97398391]&amp#27;[0m&amp#27;[38;5;-111m[AndroidUiautomator2Driver@ecb2]&amp#27;[0m Got response with status 200: {"sessionId":"64966e76-23ca-48ad-abe2-cc69432e6f24","value":{"ELEMENT":"00000000-0000-0a40-ffff-ffff00000325","element-6066-11e4-a52e-4f735466cecf":"00000000-0000-0a40-ffff-ffff00000325"}}
&amp#27;[38;5;109m[97398391]&amp#27;[0m&amp#27;[38;5;-111m[AndroidUiautomator2Driver@ecb2]&amp#27;[0m Responding to client with driver.findElement() result: {"element-6066-11e4-a52e-4f735466cecf":"00000000-0000-0a40-ffff-ffff00000325","ELEMENT":"00000000-0000-0a40-ffff-ffff00000325"}
&amp#27;[38;5;109m[97398391]&amp#27;[0m&amp#27;[38;5;86m[HTTP]&amp#27;[0m &amp#27;[37m<-- POST /session/97398391-aa65-4bdc-8a3e-7409d1c506ce/element &amp#27;[39m&amp#27;[32m200&amp#27;[39m &amp#27;[90m57 ms - 137&amp#27;[39m &amp#27;[90m&amp#27;[39m
&amp#27;[38;5;109m[97398391]&amp#27;[0m&amp#27;[38;5;86m[HTTP]&amp#27;[0m &amp#27;[37m-->&amp#27;[39m &amp#27;[37mPOST&amp#27;[39m &amp#27;[37m/session/97398391-aa65-4bdc-8a3e-7409d1c506ce/element/00000000-0000-0a40-ffff-ffff00000325/click&amp#27;[39m &amp#27;[90m{"id":"00000000-0000-0a40-ffff-ffff00000325"}&amp#27;[39m
&amp#27;[38;5;109m[97398391]&amp#27;[0m&amp#27;[38;5;-111m[AndroidUiautomator2Driver@ecb2]&amp#27;[0m Calling AppiumDriver.click() with args: ["00000000-0000-0a40-ffff-ffff00000325","97398391-aa65-4bdc-8a3e-7409d1c506ce"]
&amp#27;[38;5;109m[97398391]&amp#27;[0m&amp#27;[38;5;-111m[AndroidUiautomator2Driver@ecb2]&amp#27;[0m Matched '/element/00000000-0000-0a40-ffff-ffff00000325/click' to command name 'click'
&amp#27;[38;5;109m[97398391]&amp#27;[0m&amp#27;[38;5;-111m[AndroidUiautomator2Driver@ecb2]&amp#27;[0m Proxying [POST /element/00000000-0000-0a40-ffff-ffff00000325/click] to [POST http://127.0.0.1:8204/session/64966e76-23ca-48ad-abe2-cc69432e6f24/element/00000000-0000-0a40-ffff-ffff00000325/click] with body: {"element":"00000000-0000-0a40-ffff-ffff00000325"}
&amp#27;[38;5;109m[97398391]&amp#27;[0m&amp#27;[38;5;-111m[AndroidUiautomator2Driver@ecb2]&amp#27;[0m Got response with status 200: {"sessionId":"64966e76-23ca-48ad-abe2-cc69432e6f24","value":null}
&amp#27;[38;5;109m[97398391]&amp#27;[0m&amp#27;[38;5;-111m[AndroidUiautomator2Driver@ecb2]&amp#27;[0m Responding to client with driver.click() result: null
&amp#27;[38;5;109m[97398391]&amp#27;[0m&amp#27;[38;5;86m[HTTP]&amp#27;[0m &amp#27;[37m<-- POST /session/97398391-aa65-4bdc-8a3e-7409d1c506ce/element/00000000-0000-0a40-ffff-ffff00000325/click &amp#27;[39m&amp#27;[32m200&amp#27;[39m &amp#27;[90m728 ms - 14&amp#27;[39m &amp#27;[90m&amp#27;[39m
&amp#27;[38;5;109m[97398391]&amp#27;[0m&amp#27;[38;5;86m[HTTP]&amp#27;[0m &amp#27;[37m-->&amp#27;[39m &amp#27;[37mGET&amp#27;[39m &amp#27;[37m/session/97398391-aa65-4bdc-8a3e-7409d1c506ce/context&amp#27;[39m &amp#27;[90m{}&amp#27;[39m
&amp#27;[38;5;109m[97398391]&amp#27;[0m&amp#27;[38;5;-111m[AndroidUiautomator2Driver@ecb2]&amp#27;[0m Calling AppiumDriver.getCurrentContext() with args: ["97398391-aa65-4bdc-8a3e-7409d1c506ce"]
&amp#27;[38;5;109m[97398391]&amp#27;[0m&amp#27;[38;5;-111m[AndroidUiautomator2Driver@ecb2]&amp#27;[0m Responding to client with driver.getCurrentContext() result: "NATIVE_APP"
&amp#27;[38;5;109m[97398391]&amp#27;[0m&amp#27;[38;5;86m[HTTP]&amp#27;[0m &amp#27;[37m<-- GET /session/97398391-aa65-4bdc-8a3e-7409d1c506ce/context &amp#27;[39m&amp#27;[32m200&amp#27;[39m &amp#27;[90m2 ms - 22&amp#27;[39m &amp#27;[90m&amp#27;[39m
&amp#27;[38;5;109m[97398391]&amp#27;[0m&amp#27;[38;5;86m[HTTP]&amp#27;[0m &amp#27;[37m-->&amp#27;[39m &amp#27;[37mPOST&amp#27;[39m &amp#27;[37m/session/97398391-aa65-4bdc-8a3e-7409d1c506ce/element&amp#27;[39m &amp#27;[90m{"value":"Confirms products for checkout","using":"accessibility id"}&amp#27;[39m
&amp#27;[38;5;109m[97398391]&amp#27;[0m&amp#27;[38;5;-111m[AndroidUiautomator2Driver@ecb2]&amp#27;[0m Calling AppiumDriver.findElement() with args: ["accessibility id","Confirms products for checkout","97398391-aa65-4bdc-8a3e-7409d1c506ce"]
&amp#27;[38;5;109m[97398391]&amp#27;[0m&amp#27;[38;5;-111m[AndroidUiautomator2Driver@ecb2]&amp#27;[0m Valid locator strategies for this request: xpath, id, class name, accessibility id, css selector, -android uiautomator
&amp#27;[38;5;109m[97398391]&amp#27;[0m&amp#27;[38;5;-111m[AndroidUiautomator2Driver@ecb2]&amp#27;[0m Waiting up to 15000 ms for condition
&amp#27;[38;5;109m[97398391]&amp#27;[0m&amp#27;[38;5;-111m[AndroidUiautomator2Driver@ecb2]&amp#27;[0m Matched '/element' to command name 'findElement'
&amp#27;[38;5;109m[97398391]&amp#27;[0m&amp#27;[38;5;-111m[AndroidUiautomator2Driver@ecb2]&amp#27;[0m Proxying [POST /element] to [POST http://127.0.0.1:8204/session/64966e76-23ca-48ad-abe2-cc69432e6f24/element] with body: {"strategy":"accessibility id","selector":"Confirms products for checkout","context":"","multiple":false}
&amp#27;[38;5;109m[97398391]&amp#27;[0m&amp#27;[38;5;-111m[AndroidUiautomator2Driver@ecb2]&amp#27;[0m Got response with status 200: {"sessionId":"64966e76-23ca-48ad-abe2-cc69432e6f24","value":{"ELEMENT":"00000000-0000-0a41-ffff-ffff000003ad","element-6066-11e4-a52e-4f735466cecf":"00000000-0000-0a41-ffff-ffff000003ad"}}
&amp#27;[38;5;109m[97398391]&amp#27;[0m&amp#27;[38;5;-111m[AndroidUiautomator2Driver@ecb2]&amp#27;[0m Responding to client with driver.findElement() result: {"element-6066-11e4-a52e-4f735466cecf":"00000000-0000-0a41-ffff-ffff000003ad","ELEMENT":"00000000-0000-0a41-ffff-ffff000003ad"}
&amp#27;[38;5;109m[97398391]&amp#27;[0m&amp#27;[38;5;86m[HTTP]&amp#27;[0m &amp#27;[37m<-- POST /session/97398391-aa65-4bdc-8a3e-7409d1c506ce/element &amp#27;[39m&amp#27;[32m200&amp#27;[39m &amp#27;[90m183 ms - 137&amp#27;[39m &amp#27;[90m&amp#27;[39m
&amp#27;[38;5;109m[97398391]&amp#27;[0m&amp#27;[38;5;86m[HTTP]&amp#27;[0m &amp#27;[37m-->&amp#27;[39m &amp#27;[37mPOST&amp#27;[39m &amp#27;[37m/session/97398391-aa65-4bdc-8a3e-7409d1c506ce/element/00000000-0000-0a41-ffff-ffff000003ad/click&amp#27;[39m &amp#27;[90m{"id":"00000000-0000-0a41-ffff-ffff000003ad"}&amp#27;[39m
&amp#27;[38;5;109m[97398391]&amp#27;[0m&amp#27;[38;5;-111m[AndroidUiautomator2Driver@ecb2]&amp#27;[0m Calling AppiumDriver.click() with args: ["00000000-0000-0a41-ffff-ffff000003ad","97398391-aa65-4bdc-8a3e-7409d1c506ce"]
&amp#27;[38;5;109m[97398391]&amp#27;[0m&amp#27;[38;5;-111m[AndroidUiautomator2Driver@ecb2]&amp#27;[0m Matched '/element/00000000-0000-0a41-ffff-ffff000003ad/click' to command name 'click'
&amp#27;[38;5;109m[97398391]&amp#27;[0m&amp#27;[38;5;-111m[AndroidUiautomator2Driver@ecb2]&amp#27;[0m Proxying [POST /element/00000000-0000-0a41-ffff-ffff000003ad/click] to [POST http://127.0.0.1:8204/session/64966e76-23ca-48ad-abe2-cc69432e6f24/element/00000000-0000-0a41-ffff-ffff000003ad/click] with body: {"element":"00000000-0000-0a41-ffff-ffff000003ad"}
&amp#27;[38;5;109m[97398391]&amp#27;[0m&amp#27;[38;5;-111m[AndroidUiautomator2Driver@ecb2]&amp#27;[0m Got response with status 200: {"sessionId":"64966e76-23ca-48ad-abe2-cc69432e6f24","value":null}
&amp#27;[38;5;109m[97398391]&amp#27;[0m&amp#27;[38;5;-111m[AndroidUiautomator2Driver@ecb2]&amp#27;[0m Responding to client with driver.click() result: null
&amp#27;[38;5;109m[97398391]&amp#27;[0m&amp#27;[38;5;86m[HTTP]&amp#27;[0m &amp#27;[37m<-- POST /session/97398391-aa65-4bdc-8a3e-7409d1c506ce/element/00000000-0000-0a41-ffff-ffff000003ad/click &amp#27;[39m&amp#27;[32m200&amp#27;[39m &amp#27;[90m98 ms - 14&amp#27;[39m &amp#27;[90m&amp#27;[39m
&amp#27;[38;5;109m[97398391]&amp#27;[0m&amp#27;[38;5;86m[HTTP]&amp#27;[0m &amp#27;[37m-->&amp#27;[39m &amp#27;[37mGET&amp#27;[39m &amp#27;[37m/session/97398391-aa65-4bdc-8a3e-7409d1c506ce/context&amp#27;[39m &amp#27;[90m{}&amp#27;[39m
&amp#27;[38;5;109m[97398391]&amp#27;[0m&amp#27;[38;5;-111m[AndroidUiautomator2Driver@ecb2]&amp#27;[0m Calling AppiumDriver.getCurrentContext() with args: ["97398391-aa65-4bdc-8a3e-7409d1c506ce"]
&amp#27;[38;5;109m[97398391]&amp#27;[0m&amp#27;[38;5;-111m[AndroidUiautomator2Driver@ecb2]&amp#27;[0m Responding to client with driver.getCurrentContext() result: "NATIVE_APP"
&amp#27;[38;5;109m[97398391]&amp#27;[0m&amp#27;[38;5;86m[HTTP]&amp#27;[0m &amp#27;[37m<-- GET /session/97398391-aa65-4bdc-8a3e-7409d1c506ce/context &amp#27;[39m&amp#27;[32m200&amp#27;[39m &amp#27;[90m2 ms - 22&amp#27;[39m &amp#27;[90m&amp#27;[39m
&amp#27;[38;5;109m[97398391]&amp#27;[0m&amp#27;[38;5;86m[HTTP]&amp#27;[0m &amp#27;[37m-->&amp#27;[39m &amp#27;[37mPOST&amp#27;[39m &amp#27;[37m/session/97398391-aa65-4bdc-8a3e-7409d1c506ce/element&amp#27;[39m &amp#27;[90m{"value":"com.saucelabs.mydemoapp.android:id/fullNameET","using":"id"}&amp#27;[39m
&amp#27;[38;5;109m[97398391]&amp#27;[0m&amp#27;[38;5;-111m[AndroidUiautomator2Driver@ecb2]&amp#27;[0m Calling AppiumDriver.findElement() with args: ["id","com.saucelabs.mydemoapp.android:id/fullNameET","97398391-aa65-4bdc-8a3e-7409d1c506ce"]
&amp#27;[38;5;109m[97398391]&amp#27;[0m&amp#27;[38;5;-111m[AndroidUiautomator2Driver@ecb2]&amp#27;[0m Valid locator strategies for this request: xpath, id, class name, accessibility id, css selector, -android uiautomator
&amp#27;[38;5;109m[97398391]&amp#27;[0m&amp#27;[38;5;-111m[AndroidUiautomator2Driver@ecb2]&amp#27;[0m Waiting up to 15000 ms for condition
&amp#27;[38;5;109m[97398391]&amp#27;[0m&amp#27;[38;5;-111m[AndroidUiautomator2Driver@ecb2]&amp#27;[0m Matched '/element' to command name 'findElement'
&amp#27;[38;5;109m[97398391]&amp#27;[0m&amp#27;[38;5;-111m[AndroidUiautomator2Driver@ecb2]&amp#27;[0m Proxying [POST /element] to [POST http://127.0.0.1:8204/session/64966e76-23ca-48ad-abe2-cc69432e6f24/element] with body: {"strategy":"id","selector":"com.saucelabs.mydemoapp.android:id/fullNameET","context":"","multiple":false}
&amp#27;[38;5;109m[97398391]&amp#27;[0m&amp#27;[38;5;-111m[AndroidUiautomator2Driver@ecb2]&amp#27;[0m Got response with status 200: {"sessionId":"64966e76-23ca-48ad-abe2-cc69432e6f24","value":{"ELEMENT":"00000000-0000-0a42-ffff-ffff0000040f","element-6066-11e4-a52e-4f735466cecf":"00000000-0000-0a42-ffff-ffff0000040f"}}
&amp#27;[38;5;109m[97398391]&amp#27;[0m&amp#27;[38;5;-111m[AndroidUiautomator2Driver@ecb2]&amp#27;[0m Responding to client with driver.findElement() result: {"element-6066-11e4-a52e-4f735466cecf":"00000000-0000-0a42-ffff-ffff0000040f","ELEMENT":"00000000-0000-0a42-ffff-ffff0000040f"}
&amp#27;[38;5;109m[97398391]&amp#27;[0m&amp#27;[38;5;86m[HTTP]&amp#27;[0m &amp#27;[37m<-- POST /session/97398391-aa65-4bdc-8a3e-7409d1c506ce/element &amp#27;[39m&amp#27;[32m200&amp#27;[39m &amp#27;[90m654 ms - 137&amp#27;[39m &amp#27;[90m&amp#27;[39m
&amp#27;[38;5;109m[97398391]&amp#27;[0m&amp#27;[38;5;86m[HTTP]&amp#27;[0m &amp#27;[37m-->&amp#27;[39m &amp#27;[37mPOST&amp#27;[39m &amp#27;[37m/session/97398391-aa65-4bdc-8a3e-7409d1c506ce/element/00000000-0000-0a42-ffff-ffff0000040f/click&amp#27;[39m &amp#27;[90m{"id":"00000000-0000-0a42-ffff-ffff0000040f"}&amp#27;[39m
&amp#27;[38;5;109m[97398391]&amp#27;[0m&amp#27;[38;5;-111m[AndroidUiautomator2Driver@ecb2]&amp#27;[0m Calling AppiumDriver.click() with args: ["00000000-0000-0a42-ffff-ffff0000040f","97398391-aa65-4bdc-8a3e-7409d1c506ce"]
&amp#27;[38;5;109m[97398391]&amp#27;[0m&amp#27;[38;5;-111m[AndroidUiautomator2Driver@ecb2]&amp#27;[0m Matched '/element/00000000-0000-0a42-ffff-ffff0000040f/click' to command name 'click'
&amp#27;[38;5;109m[97398391]&amp#27;[0m&amp#27;[38;5;-111m[AndroidUiautomator2Driver@ecb2]&amp#27;[0m Proxying [POST /element/00000000-0000-0a42-ffff-ffff0000040f/click] to [POST http://127.0.0.1:8204/session/64966e76-23ca-48ad-abe2-cc69432e6f24/element/00000000-0000-0a42-ffff-ffff0000040f/click] with body: {"element":"00000000-0000-0a42-ffff-ffff0000040f"}
&amp#27;[38;5;109m[97398391]&amp#27;[0m&amp#27;[38;5;-111m[AndroidUiautomator2Driver@ecb2]&amp#27;[0m Got response with status 200: {"sessionId":"64966e76-23ca-48ad-abe2-cc69432e6f24","value":null}
&amp#27;[38;5;109m[97398391]&amp#27;[0m&amp#27;[38;5;-111m[AndroidUiautomator2Driver@ecb2]&amp#27;[0m Responding to client with driver.click() result: null
&amp#27;[38;5;109m[97398391]&amp#27;[0m&amp#27;[38;5;86m[HTTP]&amp#27;[0m &amp#27;[37m<-- POST /session/97398391-aa65-4bdc-8a3e-7409d1c506ce/element/00000000-0000-0a42-ffff-ffff0000040f/click &amp#27;[39m&amp#27;[32m200&amp#27;[39m &amp#27;[90m95 ms - 14&amp#27;[39m &amp#27;[90m&amp#27;[39m
&amp#27;[38;5;109m[97398391]&amp#27;[0m&amp#27;[38;5;86m[HTTP]&amp#27;[0m &amp#27;[37m-->&amp#27;[39m &amp#27;[37mGET&amp#27;[39m &amp#27;[37m/session/97398391-aa65-4bdc-8a3e-7409d1c506ce/context&amp#27;[39m &amp#27;[90m{}&amp#27;[39m
&amp#27;[38;5;109m[97398391]&amp#27;[0m&amp#27;[38;5;-111m[AndroidUiautomator2Driver@ecb2]&amp#27;[0m Calling AppiumDriver.getCurrentContext() with args: ["97398391-aa65-4bdc-8a3e-7409d1c506ce"]
&amp#27;[38;5;109m[97398391]&amp#27;[0m&amp#27;[38;5;-111m[AndroidUiautomator2Driver@ecb2]&amp#27;[0m Responding to client with driver.getCurrentContext() result: "NATIVE_APP"
&amp#27;[38;5;109m[97398391]&amp#27;[0m&amp#27;[38;5;86m[HTTP]&amp#27;[0m &amp#27;[37m<-- GET /session/97398391-aa65-4bdc-8a3e-7409d1c506ce/context &amp#27;[39m&amp#27;[32m200&amp#27;[39m &amp#27;[90m3 ms - 22&amp#27;[39m &amp#27;[90m&amp#27;[39m
&amp#27;[38;5;109m[97398391]&amp#27;[0m&amp#27;[38;5;86m[HTTP]&amp#27;[0m &amp#27;[37m-->&amp#27;[39m &amp#27;[37mPOST&amp#27;[39m &amp#27;[37m/session/97398391-aa65-4bdc-8a3e-7409d1c506ce/element&amp#27;[39m &amp#27;[90m{"value":"com.saucelabs.mydemoapp.android:id/fullNameET","using":"id"}&amp#27;[39m
&amp#27;[38;5;109m[97398391]&amp#27;[0m&amp#27;[38;5;-111m[AndroidUiautomator2Driver@ecb2]&amp#27;[0m Calling AppiumDriver.findElement() with args: ["id","com.saucelabs.mydemoapp.android:id/fullNameET","97398391-aa65-4bdc-8a3e-7409d1c506ce"]
&amp#27;[38;5;109m[97398391]&amp#27;[0m&amp#27;[38;5;-111m[AndroidUiautomator2Driver@ecb2]&amp#27;[0m Valid locator strategies for this request: xpath, id, class name, accessibility id, css selector, -android uiautomator
&amp#27;[38;5;109m[97398391]&amp#27;[0m&amp#27;[38;5;-111m[AndroidUiautomator2Driver@ecb2]&amp#27;[0m Waiting up to 15000 ms for condition
&amp#27;[38;5;109m[97398391]&amp#27;[0m&amp#27;[38;5;-111m[AndroidUiautomator2Driver@ecb2]&amp#27;[0m Matched '/element' to command name 'findElement'
&amp#27;[38;5;109m[97398391]&amp#27;[0m&amp#27;[38;5;-111m[AndroidUiautomator2Driver@ecb2]&amp#27;[0m Proxying [POST /element] to [POST http://127.0.0.1:8204/session/64966e76-23ca-48ad-abe2-cc69432e6f24/element] with body: {"strategy":"id","selector":"com.saucelabs.mydemoapp.android:id/fullNameET","context":"","multiple":false}
&amp#27;[38;5;109m[97398391]&amp#27;[0m&amp#27;[38;5;-111m[AndroidUiautomator2Driver@ecb2]&amp#27;[0m Got response with status 200: {"sessionId":"64966e76-23ca-48ad-abe2-cc69432e6f24","value":{"ELEMENT":"00000000-0000-0a42-ffff-ffff0000040f","element-6066-11e4-a52e-4f735466cecf":"00000000-0000-0a42-ffff-ffff0000040f"}}
&amp#27;[38;5;109m[97398391]&amp#27;[0m&amp#27;[38;5;-111m[AndroidUiautomator2Driver@ecb2]&amp#27;[0m Responding to client with driver.findElement() result: {"element-6066-11e4-a52e-4f735466cecf":"00000000-0000-0a42-ffff-ffff0000040f","ELEMENT":"00000000-0000-0a42-ffff-ffff0000040f"}
&amp#27;[38;5;109m[97398391]&amp#27;[0m&amp#27;[38;5;86m[HTTP]&amp#27;[0m &amp#27;[37m<-- POST /session/97398391-aa65-4bdc-8a3e-7409d1c506ce/element &amp#27;[39m&amp#27;[32m200&amp#27;[39m &amp#27;[90m953 ms - 137&amp#27;[39m &amp#27;[90m&amp#27;[39m
&amp#27;[38;5;109m[97398391]&amp#27;[0m&amp#27;[38;5;86m[HTTP]&amp#27;[0m &amp#27;[37m-->&amp#27;[39m &amp#27;[37mPOST&amp#27;[39m &amp#27;[37m/session/97398391-aa65-4bdc-8a3e-7409d1c506ce/element/00000000-0000-0a42-ffff-ffff0000040f/value&amp#27;[39m &amp#27;[90m{"text":"Rebecca Winter","value":["R","e","b","e","c","c","a"," ","W","i","n","t","e","r"],"id":"00000000-0000-0a42-ffff-ffff0000040f"}&amp#27;[39m
&amp#27;[38;5;109m[97398391]&amp#27;[0m&amp#27;[38;5;-111m[AndroidUiautomator2Driver@ecb2]&amp#27;[0m Calling AppiumDriver.setValue() with args: [["R","e","b","e","c","c","a"," ","W","i","n","t","e","r"],"00000000-0000-0a42-ffff-ffff0000040f","97398391-aa65-4bdc-8a3e-7409d1c506ce"]
&amp#27;[38;5;109m[97398391]&amp#27;[0m&amp#27;[38;5;-111m[AndroidUiautomator2Driver@ecb2]&amp#27;[0m Matched '/element/00000000-0000-0a42-ffff-ffff0000040f/value' to command name 'setValue'
&amp#27;[38;5;109m[97398391]&amp#27;[0m&amp#27;[38;5;-111m[AndroidUiautomator2Driver@ecb2]&amp#27;[0m Added 'value' property ["R","e","b","e","c","c","a"," ","W","i","n","t","e","r"] to 'setValue' request body
&amp#27;[38;5;109m[97398391]&amp#27;[0m&amp#27;[38;5;-111m[AndroidUiautomator2Driver@ecb2]&amp#27;[0m Proxying [POST /element/00000000-0000-0a42-ffff-ffff0000040f/value] to [POST http://127.0.0.1:8204/session/64966e76-23ca-48ad-abe2-cc69432e6f24/element/00000000-0000-0a42-ffff-ffff0000040f/value] with body: {"elementId":"00000000-0000-0a42-ffff-ffff0000040f","text":"Rebecca Winter","replace":false,"value":["R","e","b","e","c","c","a"," ","W","i","n","t","e","r"]}
&amp#27;[38;5;109m[97398391]&amp#27;[0m&amp#27;[38;5;-111m[AndroidUiautomator2Driver@ecb2]&amp#27;[0m Got response with status 200: {"sessionId":"64966e76-23ca-48ad-abe2-cc69432e6f24","value":null}
&amp#27;[38;5;109m[97398391]&amp#27;[0m&amp#27;[38;5;-111m[AndroidUiautomator2Driver@ecb2]&amp#27;[0m Responding to client with driver.setValue() result: null
&amp#27;[38;5;109m[97398391]&amp#27;[0m&amp#27;[38;5;86m[HTTP]&amp#27;[0m &amp#27;[37m<-- POST /session/97398391-aa65-4bdc-8a3e-7409d1c506ce/element/00000000-0000-0a42-ffff-ffff0000040f/value &amp#27;[39m&amp#27;[32m200&amp#27;[39m &amp#27;[90m733 ms - 14&amp#27;[39m &amp#27;[90m&amp#27;[39m
&amp#27;[38;5;109m[97398391]&amp#27;[0m&amp#27;[38;5;86m[HTTP]&amp#27;[0m &amp#27;[37m-->&amp#27;[39m &amp#27;[37mGET&amp#27;[39m &amp#27;[37m/session/97398391-aa65-4bdc-8a3e-7409d1c506ce/context&amp#27;[39m &amp#27;[90m{}&amp#27;[39m
&amp#27;[38;5;109m[97398391]&amp#27;[0m&amp#27;[38;5;-111m[AndroidUiautomator2Driver@ecb2]&amp#27;[0m Calling AppiumDriver.getCurrentContext() with args: ["97398391-aa65-4bdc-8a3e-7409d1c506ce"]
&amp#27;[38;5;109m[97398391]&amp#27;[0m&amp#27;[38;5;-111m[AndroidUiautomator2Driver@ecb2]&amp#27;[0m Responding to client with driver.getCurrentContext() result: "NATIVE_APP"
&amp#27;[38;5;109m[97398391]&amp#27;[0m&amp#27;[38;5;86m[HTTP]&amp#27;[0m &amp#27;[37m<-- GET /session/97398391-aa65-4bdc-8a3e-7409d1c506ce/context &amp#27;[39m&amp#27;[32m200&amp#27;[39m &amp#27;[90m2 ms - 22&amp#27;[39m &amp#27;[90m&amp#27;[39m
&amp#27;[38;5;109m[97398391]&amp#27;[0m&amp#27;[38;5;86m[HTTP]&amp#27;[0m &amp#27;[37m-->&amp#27;[39m &amp#27;[37mPOST&amp#27;[39m &amp#27;[37m/session/97398391-aa65-4bdc-8a3e-7409d1c506ce/element&amp#27;[39m &amp#27;[90m{"value":"com.saucelabs.mydemoapp.android:id/address1ET","using":"id"}&amp#27;[39m
&amp#27;[38;5;109m[97398391]&amp#27;[0m&amp#27;[38;5;-111m[AndroidUiautomator2Driver@ecb2]&amp#27;[0m Calling AppiumDriver.findElement() with args: ["id","com.saucelabs.mydemoapp.android:id/address1ET","97398391-aa65-4bdc-8a3e-7409d1c506ce"]
&amp#27;[38;5;109m[97398391]&amp#27;[0m&amp#27;[38;5;-111m[AndroidUiautomator2Driver@ecb2]&amp#27;[0m Valid locator strategies for this request: xpath, id, class name, accessibility id, css selector, -android uiautomator
&amp#27;[38;5;109m[97398391]&amp#27;[0m&amp#27;[38;5;-111m[AndroidUiautomator2Driver@ecb2]&amp#27;[0m Waiting up to 15000 ms for condition
&amp#27;[38;5;109m[97398391]&amp#27;[0m&amp#27;[38;5;-111m[AndroidUiautomator2Driver@ecb2]&amp#27;[0m Matched '/element' to command name 'findElement'
&amp#27;[38;5;109m[97398391]&amp#27;[0m&amp#27;[38;5;-111m[AndroidUiautomator2Driver@ecb2]&amp#27;[0m Proxying [POST /element] to [POST http://127.0.0.1:8204/session/64966e76-23ca-48ad-abe2-cc69432e6f24/element] with body: {"strategy":"id","selector":"com.saucelabs.mydemoapp.android:id/address1ET","context":"","multiple":false}
&amp#27;[38;5;109m[97398391]&amp#27;[0m&amp#27;[38;5;-111m[AndroidUiautomator2Driver@ecb2]&amp#27;[0m Got response with status 200: {"sessionId":"64966e76-23ca-48ad-abe2-cc69432e6f24","value":{"ELEMENT":"00000000-0000-0a42-ffff-ffff00000414","element-6066-11e4-a52e-4f735466cecf":"00000000-0000-0a42-ffff-ffff00000414"}}
&amp#27;[38;5;109m[97398391]&amp#27;[0m&amp#27;[38;5;-111m[AndroidUiautomator2Driver@ecb2]&amp#27;[0m Responding to client with driver.findElement() result: {"element-6066-11e4-a52e-4f735466cecf":"00000000-0000-0a42-ffff-ffff00000414","ELEMENT":"00000000-0000-0a42-ffff-ffff00000414"}
&amp#27;[38;5;109m[97398391]&amp#27;[0m&amp#27;[38;5;86m[HTTP]&amp#27;[0m &amp#27;[37m<-- POST /session/97398391-aa65-4bdc-8a3e-7409d1c506ce/element &amp#27;[39m&amp#27;[32m200&amp#27;[39m &amp#27;[90m689 ms - 137&amp#27;[39m &amp#27;[90m&amp#27;[39m
&amp#27;[38;5;109m[97398391]&amp#27;[0m&amp#27;[38;5;86m[HTTP]&amp#27;[0m &amp#27;[37m-->&amp#27;[39m &amp#27;[37mPOST&amp#27;[39m &amp#27;[37m/session/97398391-aa65-4bdc-8a3e-7409d1c506ce/element/00000000-0000-0a42-ffff-ffff00000414/click&amp#27;[39m &amp#27;[90m{"id":"00000000-0000-0a42-ffff-ffff00000414"}&amp#27;[39m
&amp#27;[38;5;109m[97398391]&amp#27;[0m&amp#27;[38;5;-111m[AndroidUiautomator2Driver@ecb2]&amp#27;[0m Calling AppiumDriver.click() with args: ["00000000-0000-0a42-ffff-ffff00000414","97398391-aa65-4bdc-8a3e-7409d1c506ce"]
&amp#27;[38;5;109m[97398391]&amp#27;[0m&amp#27;[38;5;-111m[AndroidUiautomator2Driver@ecb2]&amp#27;[0m Matched '/element/00000000-0000-0a42-ffff-ffff00000414/click' to command name 'click'
&amp#27;[38;5;109m[97398391]&amp#27;[0m&amp#27;[38;5;-111m[AndroidUiautomator2Driver@ecb2]&amp#27;[0m Proxying [POST /element/00000000-0000-0a42-ffff-ffff00000414/click] to [POST http://127.0.0.1:8204/session/64966e76-23ca-48ad-abe2-cc69432e6f24/element/00000000-0000-0a42-ffff-ffff00000414/click] with body: {"element":"00000000-0000-0a42-ffff-ffff00000414"}
&amp#27;[38;5;109m[97398391]&amp#27;[0m&amp#27;[38;5;-111m[AndroidUiautomator2Driver@ecb2]&amp#27;[0m Got response with status 200: {"sessionId":"64966e76-23ca-48ad-abe2-cc69432e6f24","value":null}
&amp#27;[38;5;109m[97398391]&amp#27;[0m&amp#27;[38;5;-111m[AndroidUiautomator2Driver@ecb2]&amp#27;[0m Responding to client with driver.click() result: null
&amp#27;[38;5;109m[97398391]&amp#27;[0m&amp#27;[38;5;86m[HTTP]&amp#27;[0m &amp#27;[37m<-- POST /session/97398391-aa65-4bdc-8a3e-7409d1c506ce/element/00000000-0000-0a42-ffff-ffff00000414/click &amp#27;[39m&amp#27;[32m200&amp#27;[39m &amp#27;[90m715 ms - 14&amp#27;[39m &amp#27;[90m&amp#27;[39m
&amp#27;[38;5;109m[97398391]&amp#27;[0m&amp#27;[38;5;86m[HTTP]&amp#27;[0m &amp#27;[37m-->&amp#27;[39m &amp#27;[37mGET&amp#27;[39m &amp#27;[37m/session/97398391-aa65-4bdc-8a3e-7409d1c506ce/context&amp#27;[39m &amp#27;[90m{}&amp#27;[39m
&amp#27;[38;5;109m[97398391]&amp#27;[0m&amp#27;[38;5;-111m[AndroidUiautomator2Driver@ecb2]&amp#27;[0m Calling AppiumDriver.getCurrentContext() with args: ["97398391-aa65-4bdc-8a3e-7409d1c506ce"]
&amp#27;[38;5;109m[97398391]&amp#27;[0m&amp#27;[38;5;-111m[AndroidUiautomator2Driver@ecb2]&amp#27;[0m Responding to client with driver.getCurrentContext() result: "NATIVE_APP"
&amp#27;[38;5;109m[97398391]&amp#27;[0m&amp#27;[38;5;86m[HTTP]&amp#27;[0m &amp#27;[37m<-- GET /session/97398391-aa65-4bdc-8a3e-7409d1c506ce/context &amp#27;[39m&amp#27;[32m200&amp#27;[39m &amp#27;[90m2 ms - 22&amp#27;[39m &amp#27;[90m&amp#27;[39m
&amp#27;[38;5;109m[97398391]&amp#27;[0m&amp#27;[38;5;86m[HTTP]&amp#27;[0m &amp#27;[37m-->&amp#27;[39m &amp#27;[37mPOST&amp#27;[39m &amp#27;[37m/session/97398391-aa65-4bdc-8a3e-7409d1c506ce/element&amp#27;[39m &amp#27;[90m{"value":"com.saucelabs.mydemoapp.android:id/address1ET","using":"id"}&amp#27;[39m
&amp#27;[38;5;109m[97398391]&amp#27;[0m&amp#27;[38;5;-111m[AndroidUiautomator2Driver@ecb2]&amp#27;[0m Calling AppiumDriver.findElement() with args: ["id","com.saucelabs.mydemoapp.android:id/address1ET","97398391-aa65-4bdc-8a3e-7409d1c506ce"]
&amp#27;[38;5;109m[97398391]&amp#27;[0m&amp#27;[38;5;-111m[AndroidUiautomator2Driver@ecb2]&amp#27;[0m Valid locator strategies for this request: xpath, id, class name, accessibility id, css selector, -android uiautomator
&amp#27;[38;5;109m[97398391]&amp#27;[0m&amp#27;[38;5;-111m[AndroidUiautomator2Driver@ecb2]&amp#27;[0m Waiting up to 15000 ms for condition
&amp#27;[38;5;109m[97398391]&amp#27;[0m&amp#27;[38;5;-111m[AndroidUiautomator2Driver@ecb2]&amp#27;[0m Matched '/element' to command name 'findElement'
&amp#27;[38;5;109m[97398391]&amp#27;[0m&amp#27;[38;5;-111m[AndroidUiautomator2Driver@ecb2]&amp#27;[0m Proxying [POST /element] to [POST http://127.0.0.1:8204/session/64966e76-23ca-48ad-abe2-cc69432e6f24/element] with body: {"strategy":"id","selector":"com.saucelabs.mydemoapp.android:id/address1ET","context":"","multiple":false}
&amp#27;[38;5;109m[97398391]&amp#27;[0m&amp#27;[38;5;-111m[AndroidUiautomator2Driver@ecb2]&amp#27;[0m Got response with status 200: {"sessionId":"64966e76-23ca-48ad-abe2-cc69432e6f24","value":{"ELEMENT":"00000000-0000-0a42-ffff-ffff00000414","element-6066-11e4-a52e-4f735466cecf":"00000000-0000-0a42-ffff-ffff00000414"}}
&amp#27;[38;5;109m[97398391]&amp#27;[0m&amp#27;[38;5;-111m[AndroidUiautomator2Driver@ecb2]&amp#27;[0m Responding to client with driver.findElement() result: {"element-6066-11e4-a52e-4f735466cecf":"00000000-0000-0a42-ffff-ffff00000414","ELEMENT":"00000000-0000-0a42-ffff-ffff00000414"}
&amp#27;[38;5;109m[97398391]&amp#27;[0m&amp#27;[38;5;86m[HTTP]&amp#27;[0m &amp#27;[37m<-- POST /session/97398391-aa65-4bdc-8a3e-7409d1c506ce/element &amp#27;[39m&amp#27;[32m200&amp#27;[39m &amp#27;[90m143 ms - 137&amp#27;[39m &amp#27;[90m&amp#27;[39m
&amp#27;[38;5;109m[97398391]&amp#27;[0m&amp#27;[38;5;86m[HTTP]&amp#27;[0m &amp#27;[37m-->&amp#27;[39m &amp#27;[37mPOST&amp#27;[39m &amp#27;[37m/session/97398391-aa65-4bdc-8a3e-7409d1c506ce/element/00000000-0000-0a42-ffff-ffff00000414/value&amp#27;[39m &amp#27;[90m{"text":"Mandorley 112","value":["M","a","n","d","o","r","l","e","y"," ","1","1","2"],"id":"00000000-0000-0a42-ffff-ffff00000414"}&amp#27;[39m
&amp#27;[38;5;109m[97398391]&amp#27;[0m&amp#27;[38;5;-111m[AndroidUiautomator2Driver@ecb2]&amp#27;[0m Calling AppiumDriver.setValue() with args: [["M","a","n","d","o","r","l","e","y"," ","1","1","2"],"00000000-0000-0a42-ffff-ffff00000414","97398391-aa65-4bdc-8a3e-7409d1c506ce"]
&amp#27;[38;5;109m[97398391]&amp#27;[0m&amp#27;[38;5;-111m[AndroidUiautomator2Driver@ecb2]&amp#27;[0m Matched '/element/00000000-0000-0a42-ffff-ffff00000414/value' to command name 'setValue'
&amp#27;[38;5;109m[97398391]&amp#27;[0m&amp#27;[38;5;-111m[AndroidUiautomator2Driver@ecb2]&amp#27;[0m Added 'value' property ["M","a","n","d","o","r","l","e","y"," ","1","1","2"] to 'setValue' request body
&amp#27;[38;5;109m[97398391]&amp#27;[0m&amp#27;[38;5;-111m[AndroidUiautomator2Driver@ecb2]&amp#27;[0m Proxying [POST /element/00000000-0000-0a42-ffff-ffff00000414/value] to [POST http://127.0.0.1:8204/session/64966e76-23ca-48ad-abe2-cc69432e6f24/element/00000000-0000-0a42-ffff-ffff00000414/value] with body: {"elementId":"00000000-0000-0a42-ffff-ffff00000414","text":"Mandorley 112","replace":false,"value":["M","a","n","d","o","r","l","e","y"," ","1","1","2"]}
&amp#27;[38;5;111m[522a5c58]&amp#27;[0m&amp#27;[38;5;-101m[AndroidUiautomator2Driver@f0e9]&amp#27;[0m Shutting down because we waited 60 seconds for a command
&amp#27;[38;5;111m[522a5c58]&amp#27;[0m&amp#27;[38;5;23m[AppiumDriver@398a]&amp#27;[0m Ending session, cause was 'New Command Timeout of 60 seconds expired. Try customizing the timeout using the 'newCommandTimeout' desired capability'
&amp#27;[38;5;111m[522a5c58]&amp#27;[0m&amp#27;[38;5;23m[AppiumDriver@398a]&amp#27;[0m Removing session '522a5c58-3aec-4350-9d19-37fd7519db1f' from our master session list
&amp#27;[38;5;111m[522a5c58]&amp#27;[0m&amp#27;[38;5;-101m[AndroidUiautomator2Driver@f0e9]&amp#27;[0m Deleting UiAutomator2 session
&amp#27;[38;5;111m[522a5c58]&amp#27;[0m&amp#27;[38;5;-101m[AndroidUiautomator2Driver@f0e9]&amp#27;[0m Deleting UiAutomator2 server session
&amp#27;[38;5;111m[522a5c58]&amp#27;[0m&amp#27;[38;5;-101m[AndroidUiautomator2Driver@f0e9]&amp#27;[0m Did not get confirmation UiAutomator2 deleteSession worked; Error was: UnknownError: An unknown server-side error occurred while processing the command. Original error: 'DELETE /' cannot be proxied to UiAutomator2 server because the instrumentation process is not running (probably crashed). Check the server log and/or the logcat output for more details
&amp#27;[38;5;111m[522a5c58]&amp#27;[0m&amp#27;[38;5;229m[ADB]&amp#27;[0m Running 'C:\Users\Testriq\AppData\Local\Android\Sdk\platform-tools\adb.exe -P 5037 -s 2A131FDH200HX6 shell dumpsys activity services io.appium.settings/.recorder.RecorderService'
&amp#27;[38;5;109m[97398391]&amp#27;[0m&amp#27;[38;5;-111m[AndroidUiautomator2Driver@ecb2]&amp#27;[0m Got response with status 200: {"sessionId":"64966e76-23ca-48ad-abe2-cc69432e6f24","value":null}
&amp#27;[38;5;111m[522a5c58]&amp#27;[0m&amp#27;[38;5;229m[ADB]&amp#27;[0m Running 'C:\Users\Testriq\AppData\Local\Android\Sdk\platform-tools\adb.exe -P 5037 -s 2A131FDH200HX6 shell am force-stop com.saucelabs.mydemoapp.android'
&amp#27;[38;5;109m[97398391]&amp#27;[0m&amp#27;[38;5;-111m[AndroidUiautomator2Driver@ecb2]&amp#27;[0m Responding to client with driver.setValue() result: null
&amp#27;[38;5;109m[97398391]&amp#27;[0m&amp#27;[38;5;86m[HTTP]&amp#27;[0m &amp#27;[37m<-- POST /session/97398391-aa65-4bdc-8a3e-7409d1c506ce/element/00000000-0000-0a42-ffff-ffff00000414/value &amp#27;[39m&amp#27;[32m200&amp#27;[39m &amp#27;[90m770 ms - 14&amp#27;[39m &amp#27;[90m&amp#27;[39m
&amp#27;[38;5;109m[97398391]&amp#27;[0m&amp#27;[38;5;86m[HTTP]&amp#27;[0m &amp#27;[37m-->&amp#27;[39m &amp#27;[37mGET&amp#27;[39m &amp#27;[37m/session/97398391-aa65-4bdc-8a3e-7409d1c506ce/context&amp#27;[39m &amp#27;[90m{}&amp#27;[39m
&amp#27;[38;5;109m[97398391]&amp#27;[0m&amp#27;[38;5;-111m[AndroidUiautomator2Driver@ecb2]&amp#27;[0m Calling AppiumDriver.getCurrentContext() with args: ["97398391-aa65-4bdc-8a3e-7409d1c506ce"]
&amp#27;[38;5;109m[97398391]&amp#27;[0m&amp#27;[38;5;-111m[AndroidUiautomator2Driver@ecb2]&amp#27;[0m Responding to client with driver.getCurrentContext() result: "NATIVE_APP"
&amp#27;[38;5;109m[97398391]&amp#27;[0m&amp#27;[38;5;86m[HTTP]&amp#27;[0m &amp#27;[37m<-- GET /session/97398391-aa65-4bdc-8a3e-7409d1c506ce/context &amp#27;[39m&amp#27;[32m200&amp#27;[39m &amp#27;[90m1 ms - 22&amp#27;[39m &amp#27;[90m&amp#27;[39m
&amp#27;[38;5;109m[97398391]&amp#27;[0m&amp#27;[38;5;86m[HTTP]&amp#27;[0m &amp#27;[37m-->&amp#27;[39m &amp#27;[37mPOST&amp#27;[39m &amp#27;[37m/session/97398391-aa65-4bdc-8a3e-7409d1c506ce/element&amp#27;[39m &amp#27;[90m{"value":"com.saucelabs.mydemoapp.android:id/address2ET","using":"id"}&amp#27;[39m
&amp#27;[38;5;109m[97398391]&amp#27;[0m&amp#27;[38;5;-111m[AndroidUiautomator2Driver@ecb2]&amp#27;[0m Calling AppiumDriver.findElement() with args: ["id","com.saucelabs.mydemoapp.android:id/address2ET","97398391-aa65-4bdc-8a3e-7409d1c506ce"]
&amp#27;[38;5;109m[97398391]&amp#27;[0m&amp#27;[38;5;-111m[AndroidUiautomator2Driver@ecb2]&amp#27;[0m Valid locator strategies for this request: xpath, id, class name, accessibility id, css selector, -android uiautomator
&amp#27;[38;5;109m[97398391]&amp#27;[0m&amp#27;[38;5;-111m[AndroidUiautomator2Driver@ecb2]&amp#27;[0m Waiting up to 15000 ms for condition
&amp#27;[38;5;109m[97398391]&amp#27;[0m&amp#27;[38;5;-111m[AndroidUiautomator2Driver@ecb2]&amp#27;[0m Matched '/element' to command name 'findElement'
&amp#27;[38;5;109m[97398391]&amp#27;[0m&amp#27;[38;5;-111m[AndroidUiautomator2Driver@ecb2]&amp#27;[0m Proxying [POST /element] to [POST http://127.0.0.1:8204/session/64966e76-23ca-48ad-abe2-cc69432e6f24/element] with body: {"strategy":"id","selector":"com.saucelabs.mydemoapp.android:id/address2ET","context":"","multiple":false}
&amp#27;[38;5;111m[522a5c58]&amp#27;[0m&amp#27;[38;5;229m[ADB]&amp#27;[0m Removing forwarded port socket connection: 8200 
&amp#27;[38;5;111m[522a5c58]&amp#27;[0m&amp#27;[38;5;229m[ADB]&amp#27;[0m Running 'C:\Users\Testriq\AppData\Local\Android\Sdk\platform-tools\adb.exe -P 5037 -s 2A131FDH200HX6 forward --remove tcp:8200'
&amp#27;[38;5;111m[522a5c58]&amp#27;[0m&amp#27;[38;5;-101m[AndroidUiautomator2Driver@f0e9]&amp#27;[0m Restoring hidden api policy to the device default configuration
&amp#27;[38;5;111m[522a5c58]&amp#27;[0m&amp#27;[38;5;229m[ADB]&amp#27;[0m Running 'C:\Users\Testriq\AppData\Local\Android\Sdk\platform-tools\adb.exe -P 5037 -s 2A131FDH200HX6 shell 'settings delete global hidden_api_policy_pre_p_apps;settings delete global hidden_api_policy_p_apps;settings delete global hidden_api_policy''
&amp#27;[38;5;111m[522a5c58]&amp#27;[0m&amp#27;[38;5;160m[Logcat]&amp#27;[0m Stopping logcat capture
&amp#27;[38;5;109m[97398391]&amp#27;[0m&amp#27;[38;5;-111m[AndroidUiautomator2Driver@ecb2]&amp#27;[0m Got response with status 404: {"sessionId":"64966e76-23ca-48ad-abe2-cc69432e6f24","value":{"error":"no such element","message":"An element could not be located on the page using the given search parameters","stacktrace":"io.appium.uiautomator2.common.exceptions.ElementNotFoundException: An element could not be located on the page using the given search parameters\n\tat io.appium.uiautomator2.handler.FindElement.safeHandle(FindElement.java:63)\n\tat io.appium.uiautomator2.handler.request.SafeRequestHandler.handle(SafeRequestHandler.java:59)\n\tat io.appium.uiautomator2.server.AppiumServlet.handleRequest(AppiumServlet.java:259)\n\tat io.appium.uiautomator2.server.AppiumServlet.handleHttpRequest(AppiumServlet.java:253)\n\tat io.appium.uiautomator2.http.ServerHandler.channelRead(ServerHandler.java:77)\n\tat io.netty.channel.AbstractChannelHandlerContext.invokeChannelRead(AbstractChannelHandlerContext.java:366)\n\tat io.netty.channel.AbstractChannelHandlerContext.invokeChannelRead(AbstractChannelHandlerContext.java:352)\n\tat io.netty.chann...
&amp#27;[38;5;109m[97398391]&amp#27;[0m&amp#27;[38;5;123m[W3C]&amp#27;[0m Matched W3C error code 'no such element' to NoSuchElementError
&amp#27;[38;5;109m[97398391]&amp#27;[0m&amp#27;[38;5;-111m[AndroidUiautomator2Driver@ecb2]&amp#27;[0m Waited for 1267 ms so far
&amp#27;[38;5;109m[97398391]&amp#27;[0m&amp#27;[38;5;-111m[AndroidUiautomator2Driver@ecb2]&amp#27;[0m Matched '/element' to command name 'findElement'
&amp#27;[38;5;109m[97398391]&amp#27;[0m&amp#27;[38;5;-111m[AndroidUiautomator2Driver@ecb2]&amp#27;[0m Proxying [POST /element] to [POST http://127.0.0.1:8204/session/64966e76-23ca-48ad-abe2-cc69432e6f24/element] with body: {"strategy":"id","selector":"com.saucelabs.mydemoapp.android:id/address2ET","context":"","multiple":false}
&amp#27;[38;5;109m[97398391]&amp#27;[0m&amp#27;[38;5;-111m[AndroidUiautomator2Driver@ecb2]&amp#27;[0m Got response with status 404: {"sessionId":"64966e76-23ca-48ad-abe2-cc69432e6f24","value":{"error":"no such element","message":"An element could not be located on the page using the given search parameters","stacktrace":"io.appium.uiautomator2.common.exceptions.ElementNotFoundException: An element could not be located on the page using the given search parameters\n\tat io.appium.uiautomator2.handler.FindElement.safeHandle(FindElement.java:63)\n\tat io.appium.uiautomator2.handler.request.SafeRequestHandler.handle(SafeRequestHandler.java:59)\n\tat io.appium.uiautomator2.server.AppiumServlet.handleRequest(AppiumServlet.java:259)\n\tat io.appium.uiautomator2.server.AppiumServlet.handleHttpRequest(AppiumServlet.java:253)\n\tat io.appium.uiautomator2.http.ServerHandler.channelRead(ServerHandler.java:77)\n\tat io.netty.channel.AbstractChannelHandlerContext.invokeChannelRead(AbstractChannelHandlerContext.java:366)\n\tat io.netty.channel.AbstractChannelHandlerContext.invokeChannelRead(AbstractChannelHandlerContext.java:352)\n\tat io.netty.chann...
&amp#27;[38;5;109m[97398391]&amp#27;[0m&amp#27;[38;5;123m[W3C]&amp#27;[0m Matched W3C error code 'no such element' to NoSuchElementError
&amp#27;[38;5;109m[97398391]&amp#27;[0m&amp#27;[38;5;-111m[AndroidUiautomator2Driver@ecb2]&amp#27;[0m Waited for 1960 ms so far
&amp#27;[38;5;109m[97398391]&amp#27;[0m&amp#27;[38;5;-111m[AndroidUiautomator2Driver@ecb2]&amp#27;[0m Matched '/element' to command name 'findElement'
&amp#27;[38;5;109m[97398391]&amp#27;[0m&amp#27;[38;5;-111m[AndroidUiautomator2Driver@ecb2]&amp#27;[0m Proxying [POST /element] to [POST http://127.0.0.1:8204/session/64966e76-23ca-48ad-abe2-cc69432e6f24/element] with body: {"strategy":"id","selector":"com.saucelabs.mydemoapp.android:id/address2ET","context":"","multiple":false}
&amp#27;[38;5;109m[97398391]&amp#27;[0m&amp#27;[38;5;-111m[AndroidUiautomator2Driver@ecb2]&amp#27;[0m Got response with status 404: {"sessionId":"64966e76-23ca-48ad-abe2-cc69432e6f24","value":{"error":"no such element","message":"An element could not be located on the page using the given search parameters","stacktrace":"io.appium.uiautomator2.common.exceptions.ElementNotFoundException: An element could not be located on the page using the given search parameters\n\tat io.appium.uiautomator2.handler.FindElement.safeHandle(FindElement.java:63)\n\tat io.appium.uiautomator2.handler.request.SafeRequestHandler.handle(SafeRequestHandler.java:59)\n\tat io.appium.uiautomator2.server.AppiumServlet.handleRequest(AppiumServlet.java:259)\n\tat io.appium.uiautomator2.server.AppiumServlet.handleHttpRequest(AppiumServlet.java:253)\n\tat io.appium.uiautomator2.http.ServerHandler.channelRead(ServerHandler.java:77)\n\tat io.netty.channel.AbstractChannelHandlerContext.invokeChannelRead(AbstractChannelHandlerContext.java:366)\n\tat io.netty.channel.AbstractChannelHandlerContext.invokeChannelRead(AbstractChannelHandlerContext.java:352)\n\tat io.netty.chann...
&amp#27;[38;5;109m[97398391]&amp#27;[0m&amp#27;[38;5;123m[W3C]&amp#27;[0m Matched W3C error code 'no such element' to NoSuchElementError
&amp#27;[38;5;109m[97398391]&amp#27;[0m&amp#27;[38;5;-111m[AndroidUiautomator2Driver@ecb2]&amp#27;[0m Waited for 2671 ms so far
&amp#27;[38;5;109m[97398391]&amp#27;[0m&amp#27;[38;5;-111m[AndroidUiautomator2Driver@ecb2]&amp#27;[0m Matched '/element' to command name 'findElement'
&amp#27;[38;5;109m[97398391]&amp#27;[0m&amp#27;[38;5;-111m[AndroidUiautomator2Driver@ecb2]&amp#27;[0m Proxying [POST /element] to [POST http://127.0.0.1:8204/session/64966e76-23ca-48ad-abe2-cc69432e6f24/element] with body: {"strategy":"id","selector":"com.saucelabs.mydemoapp.android:id/address2ET","context":"","multiple":false}
&amp#27;[38;5;109m[97398391]&amp#27;[0m&amp#27;[38;5;-111m[AndroidUiautomator2Driver@ecb2]&amp#27;[0m Got response with status 404: {"sessionId":"64966e76-23ca-48ad-abe2-cc69432e6f24","value":{"error":"no such element","message":"An element could not be located on the page using the given search parameters","stacktrace":"io.appium.uiautomator2.common.exceptions.ElementNotFoundException: An element could not be located on the page using the given search parameters\n\tat io.appium.uiautomator2.handler.FindElement.safeHandle(FindElement.java:63)\n\tat io.appium.uiautomator2.handler.request.SafeRequestHandler.handle(SafeRequestHandler.java:59)\n\tat io.appium.uiautomator2.server.AppiumServlet.handleRequest(AppiumServlet.java:259)\n\tat io.appium.uiautomator2.server.AppiumServlet.handleHttpRequest(AppiumServlet.java:253)\n\tat io.appium.uiautomator2.http.ServerHandler.channelRead(ServerHandler.java:77)\n\tat io.netty.channel.AbstractChannelHandlerContext.invokeChannelRead(AbstractChannelHandlerContext.java:366)\n\tat io.netty.channel.AbstractChannelHandlerContext.invokeChannelRead(AbstractChannelHandlerContext.java:352)\n\tat io.netty.chann...
&amp#27;[38;5;109m[97398391]&amp#27;[0m&amp#27;[38;5;123m[W3C]&amp#27;[0m Matched W3C error code 'no such element' to NoSuchElementError
&amp#27;[38;5;109m[97398391]&amp#27;[0m&amp#27;[38;5;-111m[AndroidUiautomator2Driver@ecb2]&amp#27;[0m Waited for 3384 ms so far
&amp#27;[38;5;109m[97398391]&amp#27;[0m&amp#27;[38;5;-111m[AndroidUiautomator2Driver@ecb2]&amp#27;[0m Matched '/element' to command name 'findElement'
&amp#27;[38;5;109m[97398391]&amp#27;[0m&amp#27;[38;5;-111m[AndroidUiautomator2Driver@ecb2]&amp#27;[0m Proxying [POST /element] to [POST http://127.0.0.1:8204/session/64966e76-23ca-48ad-abe2-cc69432e6f24/element] with body: {"strategy":"id","selector":"com.saucelabs.mydemoapp.android:id/address2ET","context":"","multiple":false}
&amp#27;[38;5;109m[97398391]&amp#27;[0m&amp#27;[38;5;-111m[AndroidUiautomator2Driver@ecb2]&amp#27;[0m Got response with status 404: {"sessionId":"64966e76-23ca-48ad-abe2-cc69432e6f24","value":{"error":"no such element","message":"An element could not be located on the page using the given search parameters","stacktrace":"io.appium.uiautomator2.common.exceptions.ElementNotFoundException: An element could not be located on the page using the given search parameters\n\tat io.appium.uiautomator2.handler.FindElement.safeHandle(FindElement.java:63)\n\tat io.appium.uiautomator2.handler.request.SafeRequestHandler.handle(SafeRequestHandler.java:59)\n\tat io.appium.uiautomator2.server.AppiumServlet.handleRequest(AppiumServlet.java:259)\n\tat io.appium.uiautomator2.server.AppiumServlet.handleHttpRequest(AppiumServlet.java:253)\n\tat io.appium.uiautomator2.http.ServerHandler.channelRead(ServerHandler.java:77)\n\tat io.netty.channel.AbstractChannelHandlerContext.invokeChannelRead(AbstractChannelHandlerContext.java:366)\n\tat io.netty.channel.AbstractChannelHandlerContext.invokeChannelRead(AbstractChannelHandlerContext.java:352)\n\tat io.netty.chann...
&amp#27;[38;5;109m[97398391]&amp#27;[0m&amp#27;[38;5;123m[W3C]&amp#27;[0m Matched W3C error code 'no such element' to NoSuchElementError
&amp#27;[38;5;109m[97398391]&amp#27;[0m&amp#27;[38;5;-111m[AndroidUiautomator2Driver@ecb2]&amp#27;[0m Waited for 4082 ms so far
&amp#27;[38;5;109m[97398391]&amp#27;[0m&amp#27;[38;5;-111m[AndroidUiautomator2Driver@ecb2]&amp#27;[0m Matched '/element' to command name 'findElement'
&amp#27;[38;5;109m[97398391]&amp#27;[0m&amp#27;[38;5;-111m[AndroidUiautomator2Driver@ecb2]&amp#27;[0m Proxying [POST /element] to [POST http://127.0.0.1:8204/session/64966e76-23ca-48ad-abe2-cc69432e6f24/element] with body: {"strategy":"id","selector":"com.saucelabs.mydemoapp.android:id/address2ET","context":"","multiple":false}
&amp#27;[38;5;109m[97398391]&amp#27;[0m&amp#27;[38;5;-111m[AndroidUiautomator2Driver@ecb2]&amp#27;[0m Got response with status 404: {"sessionId":"64966e76-23ca-48ad-abe2-cc69432e6f24","value":{"error":"no such element","message":"An element could not be located on the page using the given search parameters","stacktrace":"io.appium.uiautomator2.common.exceptions.ElementNotFoundException: An element could not be located on the page using the given search parameters\n\tat io.appium.uiautomator2.handler.FindElement.safeHandle(FindElement.java:63)\n\tat io.appium.uiautomator2.handler.request.SafeRequestHandler.handle(SafeRequestHandler.java:59)\n\tat io.appium.uiautomator2.server.AppiumServlet.handleRequest(AppiumServlet.java:259)\n\tat io.appium.uiautomator2.server.AppiumServlet.handleHttpRequest(AppiumServlet.java:253)\n\tat io.appium.uiautomator2.http.ServerHandler.channelRead(ServerHandler.java:77)\n\tat io.netty.channel.AbstractChannelHandlerContext.invokeChannelRead(AbstractChannelHandlerContext.java:366)\n\tat io.netty.channel.AbstractChannelHandlerContext.invokeChannelRead(AbstractChannelHandlerContext.java:352)\n\tat io.netty.chann...
&amp#27;[38;5;109m[97398391]&amp#27;[0m&amp#27;[38;5;123m[W3C]&amp#27;[0m Matched W3C error code 'no such element' to NoSuchElementError
&amp#27;[38;5;109m[97398391]&amp#27;[0m&amp#27;[38;5;-111m[AndroidUiautomator2Driver@ecb2]&amp#27;[0m Waited for 4787 ms so far
&amp#27;[38;5;109m[97398391]&amp#27;[0m&amp#27;[38;5;-111m[AndroidUiautomator2Driver@ecb2]&amp#27;[0m Matched '/element' to command name 'findElement'
&amp#27;[38;5;109m[97398391]&amp#27;[0m&amp#27;[38;5;-111m[AndroidUiautomator2Driver@ecb2]&amp#27;[0m Proxying [POST /element] to [POST http://127.0.0.1:8204/session/64966e76-23ca-48ad-abe2-cc69432e6f24/element] with body: {"strategy":"id","selector":"com.saucelabs.mydemoapp.android:id/address2ET","context":"","multiple":false}
&amp#27;[38;5;109m[97398391]&amp#27;[0m&amp#27;[38;5;-111m[AndroidUiautomator2Driver@ecb2]&amp#27;[0m Got response with status 404: {"sessionId":"64966e76-23ca-48ad-abe2-cc69432e6f24","value":{"error":"no such element","message":"An element could not be located on the page using the given search parameters","stacktrace":"io.appium.uiautomator2.common.exceptions.ElementNotFoundException: An element could not be located on the page using the given search parameters\n\tat io.appium.uiautomator2.handler.FindElement.safeHandle(FindElement.java:63)\n\tat io.appium.uiautomator2.handler.request.SafeRequestHandler.handle(SafeRequestHandler.java:59)\n\tat io.appium.uiautomator2.server.AppiumServlet.handleRequest(AppiumServlet.java:259)\n\tat io.appium.uiautomator2.server.AppiumServlet.handleHttpRequest(AppiumServlet.java:253)\n\tat io.appium.uiautomator2.http.ServerHandler.channelRead(ServerHandler.java:77)\n\tat io.netty.channel.AbstractChannelHandlerContext.invokeChannelRead(AbstractChannelHandlerContext.java:366)\n\tat io.netty.channel.AbstractChannelHandlerContext.invokeChannelRead(AbstractChannelHandlerContext.java:352)\n\tat io.netty.chann...
&amp#27;[38;5;109m[97398391]&amp#27;[0m&amp#27;[38;5;123m[W3C]&amp#27;[0m Matched W3C error code 'no such element' to NoSuchElementError
&amp#27;[38;5;109m[97398391]&amp#27;[0m&amp#27;[38;5;-111m[AndroidUiautomator2Driver@ecb2]&amp#27;[0m Waited for 5446 ms so far
&amp#27;[38;5;109m[97398391]&amp#27;[0m&amp#27;[38;5;-111m[AndroidUiautomator2Driver@ecb2]&amp#27;[0m Matched '/element' to command name 'findElement'
&amp#27;[38;5;109m[97398391]&amp#27;[0m&amp#27;[38;5;-111m[AndroidUiautomator2Driver@ecb2]&amp#27;[0m Proxying [POST /element] to [POST http://127.0.0.1:8204/session/64966e76-23ca-48ad-abe2-cc69432e6f24/element] with body: {"strategy":"id","selector":"com.saucelabs.mydemoapp.android:id/address2ET","context":"","multiple":false}
&amp#27;[38;5;109m[97398391]&amp#27;[0m&amp#27;[38;5;-111m[AndroidUiautomator2Driver@ecb2]&amp#27;[0m Got response with status 404: {"sessionId":"64966e76-23ca-48ad-abe2-cc69432e6f24","value":{"error":"no such element","message":"An element could not be located on the page using the given search parameters","stacktrace":"io.appium.uiautomator2.common.exceptions.ElementNotFoundException: An element could not be located on the page using the given search parameters\n\tat io.appium.uiautomator2.handler.FindElement.safeHandle(FindElement.java:63)\n\tat io.appium.uiautomator2.handler.request.SafeRequestHandler.handle(SafeRequestHandler.java:59)\n\tat io.appium.uiautomator2.server.AppiumServlet.handleRequest(AppiumServlet.java:259)\n\tat io.appium.uiautomator2.server.AppiumServlet.handleHttpRequest(AppiumServlet.java:253)\n\tat io.appium.uiautomator2.http.ServerHandler.channelRead(ServerHandler.java:77)\n\tat io.netty.channel.AbstractChannelHandlerContext.invokeChannelRead(AbstractChannelHandlerContext.java:366)\n\tat io.netty.channel.AbstractChannelHandlerContext.invokeChannelRead(AbstractChannelHandlerContext.java:352)\n\tat io.netty.chann...
&amp#27;[38;5;109m[97398391]&amp#27;[0m&amp#27;[38;5;123m[W3C]&amp#27;[0m Matched W3C error code 'no such element' to NoSuchElementError
&amp#27;[38;5;109m[97398391]&amp#27;[0m&amp#27;[38;5;-111m[AndroidUiautomator2Driver@ecb2]&amp#27;[0m Waited for 6116 ms so far
&amp#27;[38;5;109m[97398391]&amp#27;[0m&amp#27;[38;5;-111m[AndroidUiautomator2Driver@ecb2]&amp#27;[0m Matched '/element' to command name 'findElement'
&amp#27;[38;5;109m[97398391]&amp#27;[0m&amp#27;[38;5;-111m[AndroidUiautomator2Driver@ecb2]&amp#27;[0m Proxying [POST /element] to [POST http://127.0.0.1:8204/session/64966e76-23ca-48ad-abe2-cc69432e6f24/element] with body: {"strategy":"id","selector":"com.saucelabs.mydemoapp.android:id/address2ET","context":"","multiple":false}
&amp#27;[38;5;109m[97398391]&amp#27;[0m&amp#27;[38;5;-111m[AndroidUiautomator2Driver@ecb2]&amp#27;[0m Got response with status 404: {"sessionId":"64966e76-23ca-48ad-abe2-cc69432e6f24","value":{"error":"no such element","message":"An element could not be located on the page using the given search parameters","stacktrace":"io.appium.uiautomator2.common.exceptions.ElementNotFoundException: An element could not be located on the page using the given search parameters\n\tat io.appium.uiautomator2.handler.FindElement.safeHandle(FindElement.java:63)\n\tat io.appium.uiautomator2.handler.request.SafeRequestHandler.handle(SafeRequestHandler.java:59)\n\tat io.appium.uiautomator2.server.AppiumServlet.handleRequest(AppiumServlet.java:259)\n\tat io.appium.uiautomator2.server.AppiumServlet.handleHttpRequest(AppiumServlet.java:253)\n\tat io.appium.uiautomator2.http.ServerHandler.channelRead(ServerHandler.java:77)\n\tat io.netty.channel.AbstractChannelHandlerContext.invokeChannelRead(AbstractChannelHandlerContext.java:366)\n\tat io.netty.channel.AbstractChannelHandlerContext.invokeChannelRead(AbstractChannelHandlerContext.java:352)\n\tat io.netty.chann...
&amp#27;[38;5;109m[97398391]&amp#27;[0m&amp#27;[38;5;123m[W3C]&amp#27;[0m Matched W3C error code 'no such element' to NoSuchElementError
&amp#27;[38;5;109m[97398391]&amp#27;[0m&amp#27;[38;5;-111m[AndroidUiautomator2Driver@ecb2]&amp#27;[0m Waited for 6802 ms so far
&amp#27;[38;5;109m[97398391]&amp#27;[0m&amp#27;[38;5;-111m[AndroidUiautomator2Driver@ecb2]&amp#27;[0m Matched '/element' to command name 'findElement'
&amp#27;[38;5;109m[97398391]&amp#27;[0m&amp#27;[38;5;-111m[AndroidUiautomator2Driver@ecb2]&amp#27;[0m Proxying [POST /element] to [POST http://127.0.0.1:8204/session/64966e76-23ca-48ad-abe2-cc69432e6f24/element] with body: {"strategy":"id","selector":"com.saucelabs.mydemoapp.android:id/address2ET","context":"","multiple":false}
&amp#27;[38;5;109m[97398391]&amp#27;[0m&amp#27;[38;5;-111m[AndroidUiautomator2Driver@ecb2]&amp#27;[0m Got response with status 404: {"sessionId":"64966e76-23ca-48ad-abe2-cc69432e6f24","value":{"error":"no such element","message":"An element could not be located on the page using the given search parameters","stacktrace":"io.appium.uiautomator2.common.exceptions.ElementNotFoundException: An element could not be located on the page using the given search parameters\n\tat io.appium.uiautomator2.handler.FindElement.safeHandle(FindElement.java:63)\n\tat io.appium.uiautomator2.handler.request.SafeRequestHandler.handle(SafeRequestHandler.java:59)\n\tat io.appium.uiautomator2.server.AppiumServlet.handleRequest(AppiumServlet.java:259)\n\tat io.appium.uiautomator2.server.AppiumServlet.handleHttpRequest(AppiumServlet.java:253)\n\tat io.appium.uiautomator2.http.ServerHandler.channelRead(ServerHandler.java:77)\n\tat io.netty.channel.AbstractChannelHandlerContext.invokeChannelRead(AbstractChannelHandlerContext.java:366)\n\tat io.netty.channel.AbstractChannelHandlerContext.invokeChannelRead(AbstractChannelHandlerContext.java:352)\n\tat io.netty.chann...
&amp#27;[38;5;109m[97398391]&amp#27;[0m&amp#27;[38;5;123m[W3C]&amp#27;[0m Matched W3C error code 'no such element' to NoSuchElementError
&amp#27;[38;5;109m[97398391]&amp#27;[0m&amp#27;[38;5;-111m[AndroidUiautomator2Driver@ecb2]&amp#27;[0m Waited for 7495 ms so far
&amp#27;[38;5;109m[97398391]&amp#27;[0m&amp#27;[38;5;-111m[AndroidUiautomator2Driver@ecb2]&amp#27;[0m Matched '/element' to command name 'findElement'
&amp#27;[38;5;109m[97398391]&amp#27;[0m&amp#27;[38;5;-111m[AndroidUiautomator2Driver@ecb2]&amp#27;[0m Proxying [POST /element] to [POST http://127.0.0.1:8204/session/64966e76-23ca-48ad-abe2-cc69432e6f24/element] with body: {"strategy":"id","selector":"com.saucelabs.mydemoapp.android:id/address2ET","context":"","multiple":false}
&amp#27;[38;5;109m[97398391]&amp#27;[0m&amp#27;[38;5;-111m[AndroidUiautomator2Driver@ecb2]&amp#27;[0m Got response with status 404: {"sessionId":"64966e76-23ca-48ad-abe2-cc69432e6f24","value":{"error":"no such element","message":"An element could not be located on the page using the given search parameters","stacktrace":"io.appium.uiautomator2.common.exceptions.ElementNotFoundException: An element could not be located on the page using the given search parameters\n\tat io.appium.uiautomator2.handler.FindElement.safeHandle(FindElement.java:63)\n\tat io.appium.uiautomator2.handler.request.SafeRequestHandler.handle(SafeRequestHandler.java:59)\n\tat io.appium.uiautomator2.server.AppiumServlet.handleRequest(AppiumServlet.java:259)\n\tat io.appium.uiautomator2.server.AppiumServlet.handleHttpRequest(AppiumServlet.java:253)\n\tat io.appium.uiautomator2.http.ServerHandler.channelRead(ServerHandler.java:77)\n\tat io.netty.channel.AbstractChannelHandlerContext.invokeChannelRead(AbstractChannelHandlerContext.java:366)\n\tat io.netty.channel.AbstractChannelHandlerContext.invokeChannelRead(AbstractChannelHandlerContext.java:352)\n\tat io.netty.chann...
&amp#27;[38;5;109m[97398391]&amp#27;[0m&amp#27;[38;5;123m[W3C]&amp#27;[0m Matched W3C error code 'no such element' to NoSuchElementError
&amp#27;[38;5;109m[97398391]&amp#27;[0m&amp#27;[38;5;-111m[AndroidUiautomator2Driver@ecb2]&amp#27;[0m Waited for 8185 ms so far
&amp#27;[38;5;109m[97398391]&amp#27;[0m&amp#27;[38;5;-111m[AndroidUiautomator2Driver@ecb2]&amp#27;[0m Matched '/element' to command name 'findElement'
&amp#27;[38;5;109m[97398391]&amp#27;[0m&amp#27;[38;5;-111m[AndroidUiautomator2Driver@ecb2]&amp#27;[0m Proxying [POST /element] to [POST http://127.0.0.1:8204/session/64966e76-23ca-48ad-abe2-cc69432e6f24/element] with body: {"strategy":"id","selector":"com.saucelabs.mydemoapp.android:id/address2ET","context":"","multiple":false}
&amp#27;[38;5;109m[97398391]&amp#27;[0m&amp#27;[38;5;-111m[AndroidUiautomator2Driver@ecb2]&amp#27;[0m Got response with status 404: {"sessionId":"64966e76-23ca-48ad-abe2-cc69432e6f24","value":{"error":"no such element","message":"An element could not be located on the page using the given search parameters","stacktrace":"io.appium.uiautomator2.common.exceptions.ElementNotFoundException: An element could not be located on the page using the given search parameters\n\tat io.appium.uiautomator2.handler.FindElement.safeHandle(FindElement.java:63)\n\tat io.appium.uiautomator2.handler.request.SafeRequestHandler.handle(SafeRequestHandler.java:59)\n\tat io.appium.uiautomator2.server.AppiumServlet.handleRequest(AppiumServlet.java:259)\n\tat io.appium.uiautomator2.server.AppiumServlet.handleHttpRequest(AppiumServlet.java:253)\n\tat io.appium.uiautomator2.http.ServerHandler.channelRead(ServerHandler.java:77)\n\tat io.netty.channel.AbstractChannelHandlerContext.invokeChannelRead(AbstractChannelHandlerContext.java:366)\n\tat io.netty.channel.AbstractChannelHandlerContext.invokeChannelRead(AbstractChannelHandlerContext.java:352)\n\tat io.netty.chann...
&amp#27;[38;5;109m[97398391]&amp#27;[0m&amp#27;[38;5;123m[W3C]&amp#27;[0m Matched W3C error code 'no such element' to NoSuchElementError
&amp#27;[38;5;109m[97398391]&amp#27;[0m&amp#27;[38;5;-111m[AndroidUiautomator2Driver@ecb2]&amp#27;[0m Waited for 8866 ms so far
&amp#27;[38;5;109m[97398391]&amp#27;[0m&amp#27;[38;5;-111m[AndroidUiautomator2Driver@ecb2]&amp#27;[0m Matched '/element' to command name 'findElement'
&amp#27;[38;5;109m[97398391]&amp#27;[0m&amp#27;[38;5;-111m[AndroidUiautomator2Driver@ecb2]&amp#27;[0m Proxying [POST /element] to [POST http://127.0.0.1:8204/session/64966e76-23ca-48ad-abe2-cc69432e6f24/element] with body: {"strategy":"id","selector":"com.saucelabs.mydemoapp.android:id/address2ET","context":"","multiple":false}
&amp#27;[38;5;109m[97398391]&amp#27;[0m&amp#27;[38;5;-111m[AndroidUiautomator2Driver@ecb2]&amp#27;[0m Got response with status 404: {"sessionId":"64966e76-23ca-48ad-abe2-cc69432e6f24","value":{"error":"no such element","message":"An element could not be located on the page using the given search parameters","stacktrace":"io.appium.uiautomator2.common.exceptions.ElementNotFoundException: An element could not be located on the page using the given search parameters\n\tat io.appium.uiautomator2.handler.FindElement.safeHandle(FindElement.java:63)\n\tat io.appium.uiautomator2.handler.request.SafeRequestHandler.handle(SafeRequestHandler.java:59)\n\tat io.appium.uiautomator2.server.AppiumServlet.handleRequest(AppiumServlet.java:259)\n\tat io.appium.uiautomator2.server.AppiumServlet.handleHttpRequest(AppiumServlet.java:253)\n\tat io.appium.uiautomator2.http.ServerHandler.channelRead(ServerHandler.java:77)\n\tat io.netty.channel.AbstractChannelHandlerContext.invokeChannelRead(AbstractChannelHandlerContext.java:366)\n\tat io.netty.channel.AbstractChannelHandlerContext.invokeChannelRead(AbstractChannelHandlerContext.java:352)\n\tat io.netty.chann...
&amp#27;[38;5;109m[97398391]&amp#27;[0m&amp#27;[38;5;123m[W3C]&amp#27;[0m Matched W3C error code 'no such element' to NoSuchElementError
&amp#27;[38;5;109m[97398391]&amp#27;[0m&amp#27;[38;5;-111m[AndroidUiautomator2Driver@ecb2]&amp#27;[0m Waited for 9548 ms so far
&amp#27;[38;5;109m[97398391]&amp#27;[0m&amp#27;[38;5;-111m[AndroidUiautomator2Driver@ecb2]&amp#27;[0m Matched '/element' to command name 'findElement'
&amp#27;[38;5;109m[97398391]&amp#27;[0m&amp#27;[38;5;-111m[AndroidUiautomator2Driver@ecb2]&amp#27;[0m Proxying [POST /element] to [POST http://127.0.0.1:8204/session/64966e76-23ca-48ad-abe2-cc69432e6f24/element] with body: {"strategy":"id","selector":"com.saucelabs.mydemoapp.android:id/address2ET","context":"","multiple":false}
&amp#27;[38;5;109m[97398391]&amp#27;[0m&amp#27;[38;5;-111m[AndroidUiautomator2Driver@ecb2]&amp#27;[0m Got response with status 404: {"sessionId":"64966e76-23ca-48ad-abe2-cc69432e6f24","value":{"error":"no such element","message":"An element could not be located on the page using the given search parameters","stacktrace":"io.appium.uiautomator2.common.exceptions.ElementNotFoundException: An element could not be located on the page using the given search parameters\n\tat io.appium.uiautomator2.handler.FindElement.safeHandle(FindElement.java:63)\n\tat io.appium.uiautomator2.handler.request.SafeRequestHandler.handle(SafeRequestHandler.java:59)\n\tat io.appium.uiautomator2.server.AppiumServlet.handleRequest(AppiumServlet.java:259)\n\tat io.appium.uiautomator2.server.AppiumServlet.handleHttpRequest(AppiumServlet.java:253)\n\tat io.appium.uiautomator2.http.ServerHandler.channelRead(ServerHandler.java:77)\n\tat io.netty.channel.AbstractChannelHandlerContext.invokeChannelRead(AbstractChannelHandlerContext.java:366)\n\tat io.netty.channel.AbstractChannelHandlerContext.invokeChannelRead(AbstractChannelHandlerContext.java:352)\n\tat io.netty.chann...
&amp#27;[38;5;109m[97398391]&amp#27;[0m&amp#27;[38;5;123m[W3C]&amp#27;[0m Matched W3C error code 'no such element' to NoSuchElementError
&amp#27;[38;5;109m[97398391]&amp#27;[0m&amp#27;[38;5;-111m[AndroidUiautomator2Driver@ecb2]&amp#27;[0m Waited for 10253 ms so far
&amp#27;[38;5;109m[97398391]&amp#27;[0m&amp#27;[38;5;-111m[AndroidUiautomator2Driver@ecb2]&amp#27;[0m Matched '/element' to command name 'findElement'
&amp#27;[38;5;109m[97398391]&amp#27;[0m&amp#27;[38;5;-111m[AndroidUiautomator2Driver@ecb2]&amp#27;[0m Proxying [POST /element] to [POST http://127.0.0.1:8204/session/64966e76-23ca-48ad-abe2-cc69432e6f24/element] with body: {"strategy":"id","selector":"com.saucelabs.mydemoapp.android:id/address2ET","context":"","multiple":false}
&amp#27;[38;5;109m[97398391]&amp#27;[0m&amp#27;[38;5;-111m[AndroidUiautomator2Driver@ecb2]&amp#27;[0m Got response with status 404: {"sessionId":"64966e76-23ca-48ad-abe2-cc69432e6f24","value":{"error":"no such element","message":"An element could not be located on the page using the given search parameters","stacktrace":"io.appium.uiautomator2.common.exceptions.ElementNotFoundException: An element could not be located on the page using the given search parameters\n\tat io.appium.uiautomator2.handler.FindElement.safeHandle(FindElement.java:63)\n\tat io.appium.uiautomator2.handler.request.SafeRequestHandler.handle(SafeRequestHandler.java:59)\n\tat io.appium.uiautomator2.server.AppiumServlet.handleRequest(AppiumServlet.java:259)\n\tat io.appium.uiautomator2.server.AppiumServlet.handleHttpRequest(AppiumServlet.java:253)\n\tat io.appium.uiautomator2.http.ServerHandler.channelRead(ServerHandler.java:77)\n\tat io.netty.channel.AbstractChannelHandlerContext.invokeChannelRead(AbstractChannelHandlerContext.java:366)\n\tat io.netty.channel.AbstractChannelHandlerContext.invokeChannelRead(AbstractChannelHandlerContext.java:352)\n\tat io.netty.chann...
&amp#27;[38;5;109m[97398391]&amp#27;[0m&amp#27;[38;5;123m[W3C]&amp#27;[0m Matched W3C error code 'no such element' to NoSuchElementError
&amp#27;[38;5;109m[97398391]&amp#27;[0m&amp#27;[38;5;-111m[AndroidUiautomator2Driver@ecb2]&amp#27;[0m Waited for 10922 ms so far
&amp#27;[38;5;109m[97398391]&amp#27;[0m&amp#27;[38;5;-111m[AndroidUiautomator2Driver@ecb2]&amp#27;[0m Matched '/element' to command name 'findElement'
&amp#27;[38;5;109m[97398391]&amp#27;[0m&amp#27;[38;5;-111m[AndroidUiautomator2Driver@ecb2]&amp#27;[0m Proxying [POST /element] to [POST http://127.0.0.1:8204/session/64966e76-23ca-48ad-abe2-cc69432e6f24/element] with body: {"strategy":"id","selector":"com.saucelabs.mydemoapp.android:id/address2ET","context":"","multiple":false}
&amp#27;[38;5;109m[97398391]&amp#27;[0m&amp#27;[38;5;-111m[AndroidUiautomator2Driver@ecb2]&amp#27;[0m Got response with status 404: {"sessionId":"64966e76-23ca-48ad-abe2-cc69432e6f24","value":{"error":"no such element","message":"An element could not be located on the page using the given search parameters","stacktrace":"io.appium.uiautomator2.common.exceptions.ElementNotFoundException: An element could not be located on the page using the given search parameters\n\tat io.appium.uiautomator2.handler.FindElement.safeHandle(FindElement.java:63)\n\tat io.appium.uiautomator2.handler.request.SafeRequestHandler.handle(SafeRequestHandler.java:59)\n\tat io.appium.uiautomator2.server.AppiumServlet.handleRequest(AppiumServlet.java:259)\n\tat io.appium.uiautomator2.server.AppiumServlet.handleHttpRequest(AppiumServlet.java:253)\n\tat io.appium.uiautomator2.http.ServerHandler.channelRead(ServerHandler.java:77)\n\tat io.netty.channel.AbstractChannelHandlerContext.invokeChannelRead(AbstractChannelHandlerContext.java:366)\n\tat io.netty.channel.AbstractChannelHandlerContext.invokeChannelRead(AbstractChannelHandlerContext.java:352)\n\tat io.netty.chann...
&amp#27;[38;5;109m[97398391]&amp#27;[0m&amp#27;[38;5;123m[W3C]&amp#27;[0m Matched W3C error code 'no such element' to NoSuchElementError
&amp#27;[38;5;109m[97398391]&amp#27;[0m&amp#27;[38;5;-111m[AndroidUiautomator2Driver@ecb2]&amp#27;[0m Waited for 11604 ms so far
&amp#27;[38;5;109m[97398391]&amp#27;[0m&amp#27;[38;5;-111m[AndroidUiautomator2Driver@ecb2]&amp#27;[0m Matched '/element' to command name 'findElement'
&amp#27;[38;5;109m[97398391]&amp#27;[0m&amp#27;[38;5;-111m[AndroidUiautomator2Driver@ecb2]&amp#27;[0m Proxying [POST /element] to [POST http://127.0.0.1:8204/session/64966e76-23ca-48ad-abe2-cc69432e6f24/element] with body: {"strategy":"id","selector":"com.saucelabs.mydemoapp.android:id/address2ET","context":"","multiple":false}
&amp#27;[38;5;109m[97398391]&amp#27;[0m&amp#27;[38;5;-111m[AndroidUiautomator2Driver@ecb2]&amp#27;[0m Got response with status 404: {"sessionId":"64966e76-23ca-48ad-abe2-cc69432e6f24","value":{"error":"no such element","message":"An element could not be located on the page using the given search parameters","stacktrace":"io.appium.uiautomator2.common.exceptions.ElementNotFoundException: An element could not be located on the page using the given search parameters\n\tat io.appium.uiautomator2.handler.FindElement.safeHandle(FindElement.java:63)\n\tat io.appium.uiautomator2.handler.request.SafeRequestHandler.handle(SafeRequestHandler.java:59)\n\tat io.appium.uiautomator2.server.AppiumServlet.handleRequest(AppiumServlet.java:259)\n\tat io.appium.uiautomator2.server.AppiumServlet.handleHttpRequest(AppiumServlet.java:253)\n\tat io.appium.uiautomator2.http.ServerHandler.channelRead(ServerHandler.java:77)\n\tat io.netty.channel.AbstractChannelHandlerContext.invokeChannelRead(AbstractChannelHandlerContext.java:366)\n\tat io.netty.channel.AbstractChannelHandlerContext.invokeChannelRead(AbstractChannelHandlerContext.java:352)\n\tat io.netty.chann...
&amp#27;[38;5;109m[97398391]&amp#27;[0m&amp#27;[38;5;123m[W3C]&amp#27;[0m Matched W3C error code 'no such element' to NoSuchElementError
&amp#27;[38;5;109m[97398391]&amp#27;[0m&amp#27;[38;5;-111m[AndroidUiautomator2Driver@ecb2]&amp#27;[0m Waited for 12265 ms so far
&amp#27;[38;5;109m[97398391]&amp#27;[0m&amp#27;[38;5;-111m[AndroidUiautomator2Driver@ecb2]&amp#27;[0m Matched '/element' to command name 'findElement'
&amp#27;[38;5;109m[97398391]&amp#27;[0m&amp#27;[38;5;-111m[AndroidUiautomator2Driver@ecb2]&amp#27;[0m Proxying [POST /element] to [POST http://127.0.0.1:8204/session/64966e76-23ca-48ad-abe2-cc69432e6f24/element] with body: {"strategy":"id","selector":"com.saucelabs.mydemoapp.android:id/address2ET","context":"","multiple":false}
&amp#27;[38;5;109m[97398391]&amp#27;[0m&amp#27;[38;5;-111m[AndroidUiautomator2Driver@ecb2]&amp#27;[0m Got response with status 404: {"sessionId":"64966e76-23ca-48ad-abe2-cc69432e6f24","value":{"error":"no such element","message":"An element could not be located on the page using the given search parameters","stacktrace":"io.appium.uiautomator2.common.exceptions.ElementNotFoundException: An element could not be located on the page using the given search parameters\n\tat io.appium.uiautomator2.handler.FindElement.safeHandle(FindElement.java:63)\n\tat io.appium.uiautomator2.handler.request.SafeRequestHandler.handle(SafeRequestHandler.java:59)\n\tat io.appium.uiautomator2.server.AppiumServlet.handleRequest(AppiumServlet.java:259)\n\tat io.appium.uiautomator2.server.AppiumServlet.handleHttpRequest(AppiumServlet.java:253)\n\tat io.appium.uiautomator2.http.ServerHandler.channelRead(ServerHandler.java:77)\n\tat io.netty.channel.AbstractChannelHandlerContext.invokeChannelRead(AbstractChannelHandlerContext.java:366)\n\tat io.netty.channel.AbstractChannelHandlerContext.invokeChannelRead(AbstractChannelHandlerContext.java:352)\n\tat io.netty.chann...
&amp#27;[38;5;109m[97398391]&amp#27;[0m&amp#27;[38;5;123m[W3C]&amp#27;[0m Matched W3C error code 'no such element' to NoSuchElementError
&amp#27;[38;5;109m[97398391]&amp#27;[0m&amp#27;[38;5;-111m[AndroidUiautomator2Driver@ecb2]&amp#27;[0m Waited for 12967 ms so far
&amp#27;[38;5;109m[97398391]&amp#27;[0m&amp#27;[38;5;-111m[AndroidUiautomator2Driver@ecb2]&amp#27;[0m Matched '/element' to command name 'findElement'
&amp#27;[38;5;109m[97398391]&amp#27;[0m&amp#27;[38;5;-111m[AndroidUiautomator2Driver@ecb2]&amp#27;[0m Proxying [POST /element] to [POST http://127.0.0.1:8204/session/64966e76-23ca-48ad-abe2-cc69432e6f24/element] with body: {"strategy":"id","selector":"com.saucelabs.mydemoapp.android:id/address2ET","context":"","multiple":false}
&amp#27;[38;5;109m[97398391]&amp#27;[0m&amp#27;[38;5;-111m[AndroidUiautomator2Driver@ecb2]&amp#27;[0m Got response with status 404: {"sessionId":"64966e76-23ca-48ad-abe2-cc69432e6f24","value":{"error":"no such element","message":"An element could not be located on the page using the given search parameters","stacktrace":"io.appium.uiautomator2.common.exceptions.ElementNotFoundException: An element could not be located on the page using the given search parameters\n\tat io.appium.uiautomator2.handler.FindElement.safeHandle(FindElement.java:63)\n\tat io.appium.uiautomator2.handler.request.SafeRequestHandler.handle(SafeRequestHandler.java:59)\n\tat io.appium.uiautomator2.server.AppiumServlet.handleRequest(AppiumServlet.java:259)\n\tat io.appium.uiautomator2.server.AppiumServlet.handleHttpRequest(AppiumServlet.java:253)\n\tat io.appium.uiautomator2.http.ServerHandler.channelRead(ServerHandler.java:77)\n\tat io.netty.channel.AbstractChannelHandlerContext.invokeChannelRead(AbstractChannelHandlerContext.java:366)\n\tat io.netty.channel.AbstractChannelHandlerContext.invokeChannelRead(AbstractChannelHandlerContext.java:352)\n\tat io.netty.chann...
&amp#27;[38;5;109m[97398391]&amp#27;[0m&amp#27;[38;5;123m[W3C]&amp#27;[0m Matched W3C error code 'no such element' to NoSuchElementError
&amp#27;[38;5;109m[97398391]&amp#27;[0m&amp#27;[38;5;-111m[AndroidUiautomator2Driver@ecb2]&amp#27;[0m Waited for 13651 ms so far
&amp#27;[38;5;109m[97398391]&amp#27;[0m&amp#27;[38;5;-111m[AndroidUiautomator2Driver@ecb2]&amp#27;[0m Matched '/element' to command name 'findElement'
&amp#27;[38;5;109m[97398391]&amp#27;[0m&amp#27;[38;5;-111m[AndroidUiautomator2Driver@ecb2]&amp#27;[0m Proxying [POST /element] to [POST http://127.0.0.1:8204/session/64966e76-23ca-48ad-abe2-cc69432e6f24/element] with body: {"strategy":"id","selector":"com.saucelabs.mydemoapp.android:id/address2ET","context":"","multiple":false}
&amp#27;[38;5;109m[97398391]&amp#27;[0m&amp#27;[38;5;-111m[AndroidUiautomator2Driver@ecb2]&amp#27;[0m Got response with status 404: {"sessionId":"64966e76-23ca-48ad-abe2-cc69432e6f24","value":{"error":"no such element","message":"An element could not be located on the page using the given search parameters","stacktrace":"io.appium.uiautomator2.common.exceptions.ElementNotFoundException: An element could not be located on the page using the given search parameters\n\tat io.appium.uiautomator2.handler.FindElement.safeHandle(FindElement.java:63)\n\tat io.appium.uiautomator2.handler.request.SafeRequestHandler.handle(SafeRequestHandler.java:59)\n\tat io.appium.uiautomator2.server.AppiumServlet.handleRequest(AppiumServlet.java:259)\n\tat io.appium.uiautomator2.server.AppiumServlet.handleHttpRequest(AppiumServlet.java:253)\n\tat io.appium.uiautomator2.http.ServerHandler.channelRead(ServerHandler.java:77)\n\tat io.netty.channel.AbstractChannelHandlerContext.invokeChannelRead(AbstractChannelHandlerContext.java:366)\n\tat io.netty.channel.AbstractChannelHandlerContext.invokeChannelRead(AbstractChannelHandlerContext.java:352)\n\tat io.netty.chann...
&amp#27;[38;5;109m[97398391]&amp#27;[0m&amp#27;[38;5;123m[W3C]&amp#27;[0m Matched W3C error code 'no such element' to NoSuchElementError
&amp#27;[38;5;109m[97398391]&amp#27;[0m&amp#27;[38;5;-111m[AndroidUiautomator2Driver@ecb2]&amp#27;[0m Waited for 14318 ms so far
&amp#27;[38;5;109m[97398391]&amp#27;[0m&amp#27;[38;5;-111m[AndroidUiautomator2Driver@ecb2]&amp#27;[0m Matched '/element' to command name 'findElement'
&amp#27;[38;5;109m[97398391]&amp#27;[0m&amp#27;[38;5;-111m[AndroidUiautomator2Driver@ecb2]&amp#27;[0m Proxying [POST /element] to [POST http://127.0.0.1:8204/session/64966e76-23ca-48ad-abe2-cc69432e6f24/element] with body: {"strategy":"id","selector":"com.saucelabs.mydemoapp.android:id/address2ET","context":"","multiple":false}
&amp#27;[38;5;109m[97398391]&amp#27;[0m&amp#27;[38;5;-111m[AndroidUiautomator2Driver@ecb2]&amp#27;[0m Got response with status 404: {"sessionId":"64966e76-23ca-48ad-abe2-cc69432e6f24","value":{"error":"no such element","message":"An element could not be located on the page using the given search parameters","stacktrace":"io.appium.uiautomator2.common.exceptions.ElementNotFoundException: An element could not be located on the page using the given search parameters\n\tat io.appium.uiautomator2.handler.FindElement.safeHandle(FindElement.java:63)\n\tat io.appium.uiautomator2.handler.request.SafeRequestHandler.handle(SafeRequestHandler.java:59)\n\tat io.appium.uiautomator2.server.AppiumServlet.handleRequest(AppiumServlet.java:259)\n\tat io.appium.uiautomator2.server.AppiumServlet.handleHttpRequest(AppiumServlet.java:253)\n\tat io.appium.uiautomator2.http.ServerHandler.channelRead(ServerHandler.java:77)\n\tat io.netty.channel.AbstractChannelHandlerContext.invokeChannelRead(AbstractChannelHandlerContext.java:366)\n\tat io.netty.channel.AbstractChannelHandlerContext.invokeChannelRead(AbstractChannelHandlerContext.java:352)\n\tat io.netty.chann...
&amp#27;[38;5;109m[97398391]&amp#27;[0m&amp#27;[38;5;123m[W3C]&amp#27;[0m Matched W3C error code 'no such element' to NoSuchElementError
&amp#27;[38;5;109m[97398391]&amp#27;[0m&amp#27;[38;5;-111m[AndroidUiautomator2Driver@ecb2]&amp#27;[0m Encountered internal error running command: NoSuchElementError: An element could not be located on the page using the given search parameters.
    at AndroidUiautomator2Driver.findElOrEls (C:\Users\Testriq\.appium\node_modules\appium-uiautomator2-driver\node_modules\appium-android-driver\lib\commands\find.ts:86:11)
    at processTicksAndRejections (node:internal/process/task_queues:95:5)
    at AndroidUiautomator2Driver.findElOrElsWithProcessing (C:\Users\Testriq\AppData\Roaming\npm\node_modules\appium\node_modules\@appium\base-driver\lib\basedriver\commands\find.ts:60:12)
    at AndroidUiautomator2Driver.findElement (C:\Users\Testriq\AppData\Roaming\npm\node_modules\appium\node_modules\@appium\base-driver\lib\basedriver\commands\find.ts:75:12)
&amp#27;[38;5;109m[97398391]&amp#27;[0m&amp#27;[38;5;86m[HTTP]&amp#27;[0m &amp#27;[37m<-- POST /session/97398391-aa65-4bdc-8a3e-7409d1c506ce/element &amp#27;[39m&amp#27;[33m404&amp#27;[39m &amp#27;[90m15007 ms - 896&amp#27;[39m &amp#27;[90m&amp#27;[39m
&amp#27;[38;5;109m[97398391]&amp#27;[0m&amp#27;[38;5;86m[HTTP]&amp#27;[0m &amp#27;[37m-->&amp#27;[39m &amp#27;[37mGET&amp#27;[39m &amp#27;[37m/session/97398391-aa65-4bdc-8a3e-7409d1c506ce/screenshot&amp#27;[39m &amp#27;[90m{}&amp#27;[39m
&amp#27;[38;5;109m[97398391]&amp#27;[0m&amp#27;[38;5;-111m[AndroidUiautomator2Driver@ecb2]&amp#27;[0m Calling AppiumDriver.getScreenshot() with args: ["97398391-aa65-4bdc-8a3e-7409d1c506ce"]
&amp#27;[38;5;109m[97398391]&amp#27;[0m&amp#27;[38;5;-111m[AndroidUiautomator2Driver@ecb2]&amp#27;[0m Matched '/screenshot' to command name 'getScreenshot'
&amp#27;[38;5;109m[97398391]&amp#27;[0m&amp#27;[38;5;-111m[AndroidUiautomator2Driver@ecb2]&amp#27;[0m Proxying [GET /screenshot] to [GET http://127.0.0.1:8204/session/64966e76-23ca-48ad-abe2-cc69432e6f24/screenshot] with no body
&amp#27;[38;5;109m[97398391]&amp#27;[0m&amp#27;[38;5;-111m[AndroidUiautomator2Driver@ecb2]&amp#27;[0m Got response with status 200: {"sessionId":"64966e76-23ca-48ad-abe2-cc69432e6f24","value":"iVBORw0KGgoAAAANSUhEUgAABDgAAAlgCAYAAABtGofVAAAAAXNSR0IArs4c6QAAAARzQklUCAgICHwIZIgAACAASURBVHicrL1tliS5riRmAOmRdftqpFVoA1qV9n80010ZJKAfZgAZ2T3vPc1RnpOVlZER7nQSBAyGD9r/+X//X/nHHw++vgbGdIzhcHe4D7gZHAYzQyaQmcgAAkAiEUiEfocBMAMigXSY8Vdz47tzwwzwYXDXtTIBJGBAhP7rjjEMCSATgCUMBjPoi5+xBByJxwxfY+LrefB6Hkx3DBimO6ZzHLE3Qjfgdfg8Zo4xBsYYgAUigveCYe/EysDKxDsDf66Fv9YbvyOwkNiR2HvrGXpwH2NMzdQYE4aEITmnzu+hj/Fpo99j11Xunz0HBowxEJmIiJ6rCP4eO7HDsJLzGtuQmMhwrJXYK7GTzxhagprrX3Pgj68Hf7wGvqbhazhew/AMx3CHmet5AxmJSM0rDK45H8PhZkgEIhN7B74jkOZ4Z+LP9xvfO7Ai8ft746/3wtrB6zrXup/ZNQeJa6Dnfuj7bOxciNyIDGQAewPvd2J9B75/J9Y7gA3Enxv7O7G/N/K9ke+Ab8A3MDIxN/AC8BqO6YZfz8Cvr4GvX45fX46vB/iajq8vxx9fL3y9HC/J33CnjA/0OoO76JIPu9a4/n/+nvo3kTA4X4nkH6w+wbXe6433Wniv39h74/t74ff3xlqJ90r89R346zvw5+/A//hr48/fG3+9E7+X4b0T783LbjOEAzmBGEBOA6ZhvAZeXwPPr4nnGfBpsMF9PIbBp/MZTes/BnxQd5j7xxObdEQG96H7kNqw1hf15Ug4AHfKwDBgON/r5pg+KI/Ifu8wYLphjoHXGBjm3A+xOTcR+M7AO0HZW4Hf32/8vuYh4ajBZIBabgcy4mMFW3eBOsuNuob7cMNsILGp2zZ1C0qH...
&amp#27;[38;5;109m[97398391]&amp#27;[0m&amp#27;[38;5;-111m[AndroidUiautomator2Driver@ecb2]&amp#27;[0m Responding to client with driver.getScreenshot() result: "iVBORw0KGgoAAAANSUhEUgAABDgAAAlgCAYAAABtGofVAAAAAXNSR0IArs4c6QAAAARzQklUCAgICHwIZIgAACAASURBVHicrL1tliS5riRmAOmRdftqpFVoA1qV9n80010ZJKAfZgAZ2T3vPc1RnpOVlZER7nQSBAyGD9r/+X//X/nHHw++vgbGdIzhcHe4D7gZHAYzQyaQmcgAAkAiEUiEfocBMAMigXSY8Vdz47tzwwzwYXDXtTIBJGBAhP7rjjEMCSATgCUMBjPoi5+xBByJxwxfY+LrefB6Hkx3DBimO6ZzHLE3Qjfgdfg8Zo4xBsYYgAUigveCYe/EysDKxDsDf66Fv9YbvyOwkNiR2HvrGXpwH2NMzdQYE4aEITmnzu+hj/Fpo99j11Xunz0HBowxEJmIiJ6rCP4eO7HDsJLzGtuQmMhwrJXYK7GTzxhagprrX3Pgj68Hf7wGvqbhazhew/AMx3CHmet5AxmJSM0rDK45H8PhZkgEIhN7B74jkOZ4Z+LP9xvfO7Ai8ft746/3wtrB6zrXup/ZNQeJa6Dnfuj7bOxciNyIDGQAewPvd2J9B75/J9Y7gA3Enxv7O7G/N/K9ke+Ab8A3MDIxN/AC8BqO6YZfz8Cvr4GvX45fX46vB/iajq8vxx9fL3y9HC/J33CnjA/0OoO76JIPu9a4/n/+nvo3kTA4X4nkH6w+wbXe6433Wniv39h74/t74ff3xlqJ90r89R346zvw5+/A//hr48/fG3+9E7+X4b0T783LbjOEAzmBGEBOA6ZhvAZeXwPPr4nnGfBpsMF9PIbBp/MZTes/BnxQd5j7xxObdEQG96H7kNqw1hf15Ug4AHfKwDBgON/r5pg+KI/Ifu8wYLphjoHXGBjm3A+xOTcR+M7AO0HZW4Hf32/8vuYh4ajBZIBabgcy4mMFW3eBOsuNuob7cMNsILGp2zZ1C0qH6tvg2ruU6wyueV167wDWhsMwzICViEi4cR+/98b3Bt57470DK4JaROuB2qpG...
&amp#27;[38;5;109m[97398391]&amp#27;[0m&amp#27;[38;5;86m[HTTP]&amp#27;[0m &amp#27;[37m<-- GET /session/97398391-aa65-4bdc-8a3e-7409d1c506ce/screenshot &amp#27;[39m&amp#27;[32m200&amp#27;[39m &amp#27;[90m1972 ms - 4308628&amp#27;[39m &amp#27;[90m&amp#27;[39m
]]></system-out>
  </testcase>
  <testcase name="LogintoTheapp" classname="testcases.TC_01_Login" time="13.061">
    <failure message="Cannot set the element to &apos;10203040&apos;. Did you interact with the correct element?&#10;Build info: version: &apos;4.27.0&apos;, revision: &apos;d6e718d134&apos;&#10;System info: os.name: &apos;Windows 11&apos;, os.arch: &apos;amd64&apos;, os.version: &apos;10.0&apos;, java.version: &apos;21.0.5&apos;&#10;Driver info: io.appium.java_client.android.AndroidDriver&#10;Command: [2f90439a-2a59-4797-89f5-2c89c9a734f9, sendKeysToElement {id=00000000-0000-0a5f-ffff-ffff00000181, value=[Ljava.lang.CharSequence;@751636da}]&#10;Capabilities {appium:app: G:\Automation Projects\test..., appium:appActivity: com.saucelabs.mydemoapp.and..., appium:appPackage: com.saucelabs.mydemoapp.and..., appium:autoGrantPermissions: true, appium:automationName: UIAutomator2, appium:databaseEnabled: false, appium:desired: {app: G:\Automation Projects\test..., appActivity: com.saucelabs.mydemoapp.and..., appPackage: com.saucelabs.mydemoapp.and..., autoGrantPermissions: true, automationName: UIAutomator2, deviceName: AndroidDeviceName, platformName: ANDROID}, appium:deviceApiLevel: 35, appium:deviceManufacturer: Google, appium:deviceModel: Pixel 7, appium:deviceName: 2A131FDH200HX6, appium:deviceScreenDensity: 356, appium:deviceScreenSize: 1080x2400, appium:deviceUDID: 2A131FDH200HX6, appium:javascriptEnabled: true, appium:locationContextEnabled: false, appium:networkConnectionEnabled: true, appium:pixelRatio: 2.2250001, appium:platformVersion: 15, appium:statBarHeight: 136, appium:takesScreenshot: true, appium:viewportRect: {height: 2264, left: 0, top: 136, width: 1080}, appium:warnings: {}, appium:webStorageEnabled: false, platformName: ANDROID}&#10;Element: [[AndroidDriver:  on ANDROID (2f90439a-2a59-4797-89f5-2c89c9a734f9)] -&gt; id: com.saucelabs.mydemoapp.android:id/passwordET]&#10;Session ID: 2f90439a-2a59-4797-89f5-2c89c9a734f9" type="org.openqa.selenium.InvalidElementStateException"><![CDATA[org.openqa.selenium.InvalidElementStateException: 
Cannot set the element to '10203040'. Did you interact with the correct element?
Build info: version: '4.27.0', revision: 'd6e718d134'
System info: os.name: 'Windows 11', os.arch: 'amd64', os.version: '10.0', java.version: '21.0.5'
Driver info: io.appium.java_client.android.AndroidDriver
Command: [2f90439a-2a59-4797-89f5-2c89c9a734f9, sendKeysToElement {id=00000000-0000-0a5f-ffff-ffff00000181, value=[Ljava.lang.CharSequence;@751636da}]
Capabilities {appium:app: G:\Automation Projects\test..., appium:appActivity: com.saucelabs.mydemoapp.and..., appium:appPackage: com.saucelabs.mydemoapp.and..., appium:autoGrantPermissions: true, appium:automationName: UIAutomator2, appium:databaseEnabled: false, appium:desired: {app: G:\Automation Projects\test..., appActivity: com.saucelabs.mydemoapp.and..., appPackage: com.saucelabs.mydemoapp.and..., autoGrantPermissions: true, automationName: UIAutomator2, deviceName: AndroidDeviceName, platformName: ANDROID}, appium:deviceApiLevel: 35, appium:deviceManufacturer: Google, appium:deviceModel: Pixel 7, appium:deviceName: 2A131FDH200HX6, appium:deviceScreenDensity: 356, appium:deviceScreenSize: 1080x2400, appium:deviceUDID: 2A131FDH200HX6, appium:javascriptEnabled: true, appium:locationContextEnabled: false, appium:networkConnectionEnabled: true, appium:pixelRatio: 2.2250001, appium:platformVersion: 15, appium:statBarHeight: 136, appium:takesScreenshot: true, appium:viewportRect: {height: 2264, left: 0, top: 136, width: 1080}, appium:warnings: {}, appium:webStorageEnabled: false, platformName: ANDROID}
Element: [[AndroidDriver:  on ANDROID (2f90439a-2a59-4797-89f5-2c89c9a734f9)] -> id: com.saucelabs.mydemoapp.android:id/passwordET]
Session ID: 2f90439a-2a59-4797-89f5-2c89c9a734f9
	at java.base/jdk.internal.reflect.DirectConstructorHandleAccessor.newInstance(DirectConstructorHandleAccessor.java:62)
	at java.base/java.lang.reflect.Constructor.newInstanceWithCaller(Constructor.java:502)
	at java.base/java.lang.reflect.Constructor.newInstance(Constructor.java:486)
	at org.openqa.selenium.remote.ErrorCodec.decode(ErrorCodec.java:167)
	at org.openqa.selenium.remote.codec.w3c.W3CHttpResponseCodec.decode(W3CHttpResponseCodec.java:138)
	at org.openqa.selenium.remote.codec.w3c.W3CHttpResponseCodec.decode(W3CHttpResponseCodec.java:50)
	at org.openqa.selenium.remote.HttpCommandExecutor.execute(HttpCommandExecutor.java:190)
	at io.appium.java_client.remote.AppiumCommandExecutor.execute(AppiumCommandExecutor.java:237)
	at org.openqa.selenium.remote.RemoteWebDriver.execute(RemoteWebDriver.java:545)
	at org.openqa.selenium.remote.RemoteWebElement.execute(RemoteWebElement.java:223)
	at org.openqa.selenium.remote.RemoteWebElement.sendKeys(RemoteWebElement.java:110)
	at java.base/jdk.internal.reflect.DirectMethodHandleAccessor.invoke(DirectMethodHandleAccessor.java:103)
	at java.base/java.lang.reflect.Method.invoke(Method.java:580)
	at io.appium.java_client.pagefactory.ElementInterceptor.getObject(ElementInterceptor.java:42)
	at io.appium.java_client.pagefactory.interceptors.InterceptorOfASingleElement.call(InterceptorOfASingleElement.java:79)
	at io.appium.java_client.proxy.Interceptor.intercept(Interceptor.java:78)
	at org.openqa.selenium.remote.RemoteWebElement$ByteBuddy$dfDhW7oW.sendKeys(Unknown Source)
	at ecommerce.Project.Login_PageObject.login(Login_PageObject.java:57)
	at testcases.TC_01_Login.LogintoTheapp(TC_01_Login.java:23)
	at java.base/jdk.internal.reflect.DirectMethodHandleAccessor.invoke(DirectMethodHandleAccessor.java:103)
	at java.base/java.lang.reflect.Method.invoke(Method.java:580)
	at org.testng.internal.invokers.MethodInvocationHelper.invokeMethod(MethodInvocationHelper.java:141)
	at org.testng.internal.invokers.TestInvoker.invokeMethod(TestInvoker.java:686)
	at org.testng.internal.invokers.TestInvoker.invokeTestMethod(TestInvoker.java:230)
	at org.testng.internal.invokers.MethodRunner.runInSequence(MethodRunner.java:63)
	at org.testng.internal.invokers.TestInvoker$MethodInvocationAgent.invoke(TestInvoker.java:992)
	at org.testng.internal.invokers.TestInvoker.invokeTestMethods(TestInvoker.java:203)
	at org.testng.internal.invokers.TestMethodWorker.invokeTestMethods(TestMethodWorker.java:154)
	at org.testng.internal.invokers.TestMethodWorker.run(TestMethodWorker.java:134)
	at java.base/java.util.ArrayList.forEach(ArrayList.java:1596)
	at org.testng.TestRunner.privateRun(TestRunner.java:739)
	at org.testng.TestRunner.run(TestRunner.java:614)
	at org.testng.SuiteRunner.runTest(SuiteRunner.java:421)
	at org.testng.SuiteRunner.runSequentially(SuiteRunner.java:413)
	at org.testng.SuiteRunner.privateRun(SuiteRunner.java:373)
	at org.testng.SuiteRunner.run(SuiteRunner.java:312)
	at org.testng.SuiteRunnerWorker.runSuite(SuiteRunnerWorker.java:52)
	at org.testng.SuiteRunnerWorker.run(SuiteRunnerWorker.java:95)
	at org.testng.TestNG.runSuitesSequentially(TestNG.java:1274)
	at org.testng.TestNG.runSuitesLocally(TestNG.java:1208)
	at org.testng.TestNG.runSuites(TestNG.java:1112)
	at org.testng.TestNG.run(TestNG.java:1079)
	at org.apache.maven.surefire.testng.TestNGExecutor.run(TestNGExecutor.java:308)
	at org.apache.maven.surefire.testng.TestNGXmlTestSuite.execute(TestNGXmlTestSuite.java:71)
	at org.apache.maven.surefire.testng.TestNGProvider.invoke(TestNGProvider.java:113)
	at org.apache.maven.surefire.booter.ForkedBooter.runSuitesInProcess(ForkedBooter.java:385)
	at org.apache.maven.surefire.booter.ForkedBooter.execute(ForkedBooter.java:162)
	at org.apache.maven.surefire.booter.ForkedBooter.run(ForkedBooter.java:507)
	at org.apache.maven.surefire.booter.ForkedBooter.main(ForkedBooter.java:495)
]]></failure>
    <system-out><![CDATA[&amp#27;[38;5;109m[97398391]&amp#27;[0m&amp#27;[38;5;86m[HTTP]&amp#27;[0m &amp#27;[37m-->&amp#27;[39m &amp#27;[37mDELETE&amp#27;[39m &amp#27;[37m/session/97398391-aa65-4bdc-8a3e-7409d1c506ce&amp#27;[39m &amp#27;[90m{}&amp#27;[39m
&amp#27;[38;5;109m[97398391]&amp#27;[0m&amp#27;[38;5;-111m[AndroidUiautomator2Driver@ecb2]&amp#27;[0m Calling AppiumDriver.deleteSession() with args: ["97398391-aa65-4bdc-8a3e-7409d1c506ce"]
&amp#27;[38;5;109m[97398391]&amp#27;[0m&amp#27;[38;5;23m[AppiumDriver@398a]&amp#27;[0m Event 'quitSessionRequested' logged at 1737019596172 (14:56:36 GMT+0530 (India Standard Time))
&amp#27;[38;5;109m[97398391]&amp#27;[0m&amp#27;[38;5;23m[AppiumDriver@398a]&amp#27;[0m Removing session 97398391-aa65-4bdc-8a3e-7409d1c506ce from our master session list
&amp#27;[38;5;109m[97398391]&amp#27;[0m&amp#27;[38;5;-111m[AndroidUiautomator2Driver@ecb2]&amp#27;[0m Deleting UiAutomator2 session
&amp#27;[38;5;109m[97398391]&amp#27;[0m&amp#27;[38;5;-111m[AndroidUiautomator2Driver@ecb2]&amp#27;[0m Deleting UiAutomator2 server session
&amp#27;[38;5;109m[97398391]&amp#27;[0m&amp#27;[38;5;-111m[AndroidUiautomator2Driver@ecb2]&amp#27;[0m Matched '/' to command name 'deleteSession'
&amp#27;[38;5;109m[97398391]&amp#27;[0m&amp#27;[38;5;-111m[AndroidUiautomator2Driver@ecb2]&amp#27;[0m Proxying [DELETE /] to [DELETE http://127.0.0.1:8204/session/64966e76-23ca-48ad-abe2-cc69432e6f24] with no body
&amp#27;[38;5;109m[97398391]&amp#27;[0m&amp#27;[38;5;-111m[AndroidUiautomator2Driver@ecb2]&amp#27;[0m Got response with status 200: {"sessionId":"64966e76-23ca-48ad-abe2-cc69432e6f24","value":null}
&amp#27;[38;5;109m[97398391]&amp#27;[0m&amp#27;[38;5;-111m[AndroidUiautomator2Driver@ecb2]&amp#27;[0m [Instrumentation] io.appium.uiautomator2.server.test.AppiumUiAutomator2Server:
&amp#27;[38;5;109m[97398391]&amp#27;[0m&amp#27;[38;5;-111m[AndroidUiautomator2Driver@ecb2]&amp#27;[0m [Instrumentation] The process has exited with code null, signal SIGTERM
&amp#27;[38;5;109m[97398391]&amp#27;[0m&amp#27;[38;5;229m[ADB]&amp#27;[0m Running 'C:\Users\Testriq\AppData\Local\Android\Sdk\platform-tools\adb.exe -P 5037 -s 2A131FDH200HX6 shell dumpsys activity services io.appium.settings/.recorder.RecorderService'
&amp#27;[38;5;109m[97398391]&amp#27;[0m&amp#27;[38;5;229m[ADB]&amp#27;[0m Running 'C:\Users\Testriq\AppData\Local\Android\Sdk\platform-tools\adb.exe -P 5037 -s 2A131FDH200HX6 shell am force-stop com.saucelabs.mydemoapp.android'
&amp#27;[38;5;109m[97398391]&amp#27;[0m&amp#27;[38;5;229m[ADB]&amp#27;[0m Removing forwarded port socket connection: 8204 
&amp#27;[38;5;109m[97398391]&amp#27;[0m&amp#27;[38;5;229m[ADB]&amp#27;[0m Running 'C:\Users\Testriq\AppData\Local\Android\Sdk\platform-tools\adb.exe -P 5037 -s 2A131FDH200HX6 forward --remove tcp:8204'
&amp#27;[38;5;109m[97398391]&amp#27;[0m&amp#27;[38;5;-111m[AndroidUiautomator2Driver@ecb2]&amp#27;[0m Restoring hidden api policy to the device default configuration
&amp#27;[38;5;109m[97398391]&amp#27;[0m&amp#27;[38;5;229m[ADB]&amp#27;[0m Running 'C:\Users\Testriq\AppData\Local\Android\Sdk\platform-tools\adb.exe -P 5037 -s 2A131FDH200HX6 shell 'settings delete global hidden_api_policy_pre_p_apps;settings delete global hidden_api_policy_p_apps;settings delete global hidden_api_policy''
&amp#27;[38;5;109m[97398391]&amp#27;[0m&amp#27;[38;5;160m[Logcat]&amp#27;[0m Stopping logcat capture
&amp#27;[38;5;109m[97398391]&amp#27;[0m&amp#27;[38;5;23m[AppiumDriver@398a]&amp#27;[0m Event 'quitSessionFinished' logged at 1737019596568 (14:56:36 GMT+0530 (India Standard Time))
&amp#27;[38;5;109m[97398391]&amp#27;[0m&amp#27;[38;5;23m[AppiumDriver@398a]&amp#27;[0m Received response: null
&amp#27;[38;5;109m[97398391]&amp#27;[0m&amp#27;[38;5;23m[AppiumDriver@398a]&amp#27;[0m But deleting session, so not returning
&amp#27;[38;5;109m[97398391]&amp#27;[0m&amp#27;[38;5;23m[AppiumDriver@398a]&amp#27;[0m Responding to client with driver.deleteSession() result: null
&amp#27;[38;5;109m[97398391]&amp#27;[0m&amp#27;[38;5;86m[HTTP]&amp#27;[0m &amp#27;[37m<-- DELETE /session/97398391-aa65-4bdc-8a3e-7409d1c506ce &amp#27;[39m&amp#27;[32m200&amp#27;[39m &amp#27;[90m398 ms - 14&amp#27;[39m &amp#27;[90m&amp#27;[39m
&amp#27;[38;5;86m[HTTP]&amp#27;[0m &amp#27;[37m-->&amp#27;[39m &amp#27;[37mGET&amp#27;[39m &amp#27;[37m/status&amp#27;[39m &amp#27;[90m{}&amp#27;[39m
&amp#27;[38;5;23m[AppiumDriver@398a]&amp#27;[0m Calling AppiumDriver.getStatus() with args: []
&amp#27;[38;5;23m[AppiumDriver@398a]&amp#27;[0m Responding to client with driver.getStatus() result: {"ready":true,"message":"The server is ready to accept new connections","build":{"version":"2.11.5","git-sha":"4eddc999c5d9b705e7356152d2d5953a0dda3720","built":"2024-10-09 17:32:11 +0530"}}
&amp#27;[38;5;86m[HTTP]&amp#27;[0m &amp#27;[37m<-- GET /status &amp#27;[39m&amp#27;[32m200&amp#27;[39m &amp#27;[90m3 ms - 200&amp#27;[39m &amp#27;[90m&amp#27;[39m
&amp#27;[38;5;86m[HTTP]&amp#27;[0m Request idempotency key: c195650a-7842-4eef-9e41-9c7ff4eda34a
&amp#27;[38;5;86m[HTTP]&amp#27;[0m &amp#27;[37m-->&amp#27;[39m &amp#27;[37mPOST&amp#27;[39m &amp#27;[37m/session&amp#27;[39m &amp#27;[90m{"capabilities":{"firstMatch":[{}],"alwaysMatch":{"appium:appPackage":"com.saucelabs.mydemoapp.android","appium:autoGrantPermissions":true,"appium:deviceName":"AndroidDeviceName","appium:app":"G:\\Automation Projects\\testriq\\src\\main\\java\\apps\\mda-2.2.0-25.apk","appium:appActivity":"com.saucelabs.mydemoapp.android.view.activities.SplashActivity","platformName":"ANDROID","appium:automationName":"UIAutomator2"}}}&amp#27;[39m
&amp#27;[38;5;23m[AppiumDriver@398a]&amp#27;[0m Calling AppiumDriver.createSession() with args: [null,null,{"firstMatch":[{}],"alwaysMatch":{"appium:appPackage":"com.saucelabs.mydemoapp.android","appium:autoGrantPermissions":true,"appium:deviceName":"AndroidDeviceName","appium:app":"G:\\Automation Projects\\testriq\\src\\main\\java\\apps\\mda-2.2.0-25.apk","appium:appActivity":"com.saucelabs.mydemoapp.android.view.activities.SplashActivity","platformName":"ANDROID","appium:automationName":"UIAutomator2"}}]
&amp#27;[38;5;23m[AppiumDriver@398a]&amp#27;[0m Event 'newSessionRequested' logged at 1737019596614 (14:56:36 GMT+0530 (India Standard Time))
&amp#27;[38;5;112m[Appium]&amp#27;[0m Attempting to find matching driver for automationName 'UIAutomator2' and platformName 'ANDROID'
&amp#27;[38;5;112m[Appium]&amp#27;[0m The 'uiautomator2' driver was installed and matched caps.
&amp#27;[38;5;112m[Appium]&amp#27;[0m Will require it at C:\Users\Testriq\.appium\node_modules\appium-uiautomator2-driver
&amp#27;[38;5;112m[Appium]&amp#27;[0m Requiring driver at C:\Users\Testriq\.appium\node_modules\appium-uiautomator2-driver\build\index.js
&amp#27;[38;5;23m[AppiumDriver@398a]&amp#27;[0m Appium v2.11.5 creating new AndroidUiautomator2Driver (v3.8.0) session
&amp#27;[38;5;23m[AppiumDriver@398a]&amp#27;[0m Checking BaseDriver versions for Appium and AndroidUiautomator2Driver
&amp#27;[38;5;23m[AppiumDriver@398a]&amp#27;[0m Appium's BaseDriver version is 9.11.5
&amp#27;[38;5;23m[AppiumDriver@398a]&amp#27;[0m AndroidUiautomator2Driver's BaseDriver version is 9.11.5
&amp#27;[38;5;11m[AndroidUiautomator2Driver@bae4]&amp#27;[0m 
&amp#27;[38;5;11m[AndroidUiautomator2Driver@bae4]&amp#27;[0m Creating session with W3C capabilities: {
  "alwaysMatch": {
    "platformName": "ANDROID",
    "appium:appPackage": "com.saucelabs.mydemoapp.android",
    "appium:autoGrantPermissions": true,
    "appium:deviceName": "AndroidDeviceName",
    "appium:app": "G:\\Automation Projects\\testriq\\src\\main\\java\\apps\\mda-2.2.0-25.apk",
    "appium:appActivity": "com.saucelabs.mydemoapp.android.view.activities.SplashActivity",
    "appium:automationName": "UIAutomator2"
  },
  "firstMatch": [
    {}
  ]
}
&amp#27;[38;5;217m[8bf7fb40]&amp#27;[0m&amp#27;[38;5;11m[AndroidUiautomator2Driver@bae4]&amp#27;[0m Session created with session id: 8bf7fb40-2daa-407f-9aad-75d107bc97f9
&amp#27;[38;5;217m[8bf7fb40]&amp#27;[0m&amp#27;[38;5;229m[ADB]&amp#27;[0m Using 'adb.exe' from 'C:\Users\Testriq\AppData\Local\Android\Sdk\platform-tools\adb.exe'
&amp#27;[38;5;217m[8bf7fb40]&amp#27;[0m&amp#27;[38;5;229m[ADB]&amp#27;[0m Running 'C:\Users\Testriq\AppData\Local\Android\Sdk\platform-tools\adb.exe -P 5037 start-server'
&amp#27;[38;5;217m[8bf7fb40]&amp#27;[0m&amp#27;[38;5;11m[AndroidUiautomator2Driver@bae4]&amp#27;[0m Retrieving device list
&amp#27;[38;5;217m[8bf7fb40]&amp#27;[0m&amp#27;[38;5;229m[ADB]&amp#27;[0m Trying to find connected Android devices
&amp#27;[38;5;217m[8bf7fb40]&amp#27;[0m&amp#27;[38;5;229m[ADB]&amp#27;[0m Getting connected devices
&amp#27;[38;5;217m[8bf7fb40]&amp#27;[0m&amp#27;[38;5;229m[ADB]&amp#27;[0m Connected devices: [{"udid":"2A131FDH200HX6","state":"device"}]
&amp#27;[38;5;217m[8bf7fb40]&amp#27;[0m&amp#27;[38;5;11m[AndroidUiautomator2Driver@bae4]&amp#27;[0m Using device: 2A131FDH200HX6
&amp#27;[38;5;217m[8bf7fb40]&amp#27;[0m&amp#27;[38;5;229m[ADB]&amp#27;[0m Using 'adb.exe' from 'C:\Users\Testriq\AppData\Local\Android\Sdk\platform-tools\adb.exe'
&amp#27;[38;5;217m[8bf7fb40]&amp#27;[0m&amp#27;[38;5;229m[ADB]&amp#27;[0m Running 'C:\Users\Testriq\AppData\Local\Android\Sdk\platform-tools\adb.exe -P 5037 start-server'
&amp#27;[38;5;217m[8bf7fb40]&amp#27;[0m&amp#27;[38;5;229m[ADB]&amp#27;[0m Setting device id to 2A131FDH200HX6
&amp#27;[38;5;217m[8bf7fb40]&amp#27;[0m&amp#27;[38;5;123m[BaseDriver]&amp#27;[0m Using local app 'G:\Automation Projects\testriq\src\main\java\apps\mda-2.2.0-25.apk'
&amp#27;[38;5;217m[8bf7fb40]&amp#27;[0m&amp#27;[38;5;11m[AndroidUiautomator2Driver@bae4]&amp#27;[0m Checking whether app is actually present
&amp#27;[38;5;217m[8bf7fb40]&amp#27;[0m&amp#27;[38;5;229m[ADB]&amp#27;[0m Running 'C:\Users\Testriq\AppData\Local\Android\Sdk\platform-tools\adb.exe -P 5037 -s 2A131FDH200HX6 shell getprop ro.build.version.sdk'
&amp#27;[38;5;217m[8bf7fb40]&amp#27;[0m&amp#27;[38;5;229m[ADB]&amp#27;[0m Current device property 'ro.build.version.sdk': 35
&amp#27;[38;5;217m[8bf7fb40]&amp#27;[0m&amp#27;[38;5;229m[ADB]&amp#27;[0m Getting device platform version
&amp#27;[38;5;217m[8bf7fb40]&amp#27;[0m&amp#27;[38;5;229m[ADB]&amp#27;[0m Running 'C:\Users\Testriq\AppData\Local\Android\Sdk\platform-tools\adb.exe -P 5037 -s 2A131FDH200HX6 shell getprop ro.build.version.release'
&amp#27;[38;5;217m[8bf7fb40]&amp#27;[0m&amp#27;[38;5;229m[ADB]&amp#27;[0m Current device property 'ro.build.version.release': 15
&amp#27;[38;5;217m[8bf7fb40]&amp#27;[0m&amp#27;[38;5;229m[ADB]&amp#27;[0m Device API level: 35
&amp#27;[38;5;217m[8bf7fb40]&amp#27;[0m&amp#27;[38;5;11m[AndroidUiautomator2Driver@bae4]&amp#27;[0m Relaxing hidden api policy
&amp#27;[38;5;217m[8bf7fb40]&amp#27;[0m&amp#27;[38;5;229m[ADB]&amp#27;[0m Running 'C:\Users\Testriq\AppData\Local\Android\Sdk\platform-tools\adb.exe -P 5037 -s 2A131FDH200HX6 shell 'settings put global hidden_api_policy_pre_p_apps 1;settings put global hidden_api_policy_p_apps 1;settings put global hidden_api_policy 1''
&amp#27;[38;5;217m[8bf7fb40]&amp#27;[0m&amp#27;[38;5;11m[AndroidUiautomator2Driver@bae4]&amp#27;[0m Pushing settings apk to the device...
&amp#27;[38;5;217m[8bf7fb40]&amp#27;[0m&amp#27;[38;5;229m[ADB]&amp#27;[0m Getting package info for 'io.appium.settings'
&amp#27;[38;5;217m[8bf7fb40]&amp#27;[0m&amp#27;[38;5;229m[ADB]&amp#27;[0m Running 'C:\Users\Testriq\AppData\Local\Android\Sdk\platform-tools\adb.exe -P 5037 -s 2A131FDH200HX6 shell dumpsys package io.appium.settings'
&amp#27;[38;5;217m[8bf7fb40]&amp#27;[0m&amp#27;[38;5;229m[ADB]&amp#27;[0m Using 'aapt2.exe' from 'C:\Users\Testriq\AppData\Local\Android\Sdk\build-tools\34.0.0\aapt2.exe'
&amp#27;[38;5;217m[8bf7fb40]&amp#27;[0m&amp#27;[38;5;229m[ADB]&amp#27;[0m Reading package manifest: 'C:\\Users\\Testriq\\AppData\\Local\\Android\\Sdk\\build-tools\\34.0.0\\aapt2.exe dump badging C:\\Users\\Testriq\\.appium\\node_modules\\appium-uiautomator2-driver\\node_modules\\io.appium.settings\\apks\\settings_apk-debug.apk'
&amp#27;[38;5;217m[8bf7fb40]&amp#27;[0m&amp#27;[38;5;229m[ADB]&amp#27;[0m The version name of the installed 'io.appium.settings' is greater or equal to the application version name ('5.12.13' >= '5.12.13')
&amp#27;[38;5;217m[8bf7fb40]&amp#27;[0m&amp#27;[38;5;229m[ADB]&amp#27;[0m There is no need to install/upgrade 'C:\Users\Testriq\.appium\node_modules\appium-uiautomator2-driver\node_modules\io.appium.settings\apks\settings_apk-debug.apk'
&amp#27;[38;5;217m[8bf7fb40]&amp#27;[0m&amp#27;[38;5;229m[ADB]&amp#27;[0m Running 'C:\Users\Testriq\AppData\Local\Android\Sdk\platform-tools\adb.exe -P 5037 -s 2A131FDH200HX6 shell dumpsys activity services io.appium.settings'
&amp#27;[38;5;217m[8bf7fb40]&amp#27;[0m&amp#27;[38;5;11m[AndroidUiautomator2Driver@bae4]&amp#27;[0m io.appium.settings is already running. There is no need to reset its permissions.
&amp#27;[38;5;217m[8bf7fb40]&amp#27;[0m&amp#27;[38;5;160m[Logcat]&amp#27;[0m Starting logs capture with command: C:\\Users\\Testriq\\AppData\\Local\\Android\\Sdk\\platform-tools\\adb.exe -P 5037 -s 2A131FDH200HX6 logcat -v threadtime
&amp#27;[38;5;217m[8bf7fb40]&amp#27;[0m&amp#27;[38;5;229m[ADB]&amp#27;[0m Running 'C:\Users\Testriq\AppData\Local\Android\Sdk\platform-tools\adb.exe -P 5037 -s 2A131FDH200HX6 shell appops set io.appium.settings android:mock_location allow'
&amp#27;[38;5;217m[8bf7fb40]&amp#27;[0m&amp#27;[38;5;229m[ADB]&amp#27;[0m Running 'C:\Users\Testriq\AppData\Local\Android\Sdk\platform-tools\adb.exe -P 5037 -s 2A131FDH200HX6 shell "[ -e '/data/local/tmp/mock_apps.json' ] && echo __PASS__"'
&amp#27;[38;5;217m[8bf7fb40]&amp#27;[0m&amp#27;[38;5;229m[ADB]&amp#27;[0m Running 'C:\Users\Testriq\AppData\Local\Android\Sdk\platform-tools\adb.exe -P 5037 -s 2A131FDH200HX6 shell cat /data/local/tmp/mock_apps.json'
&amp#27;[38;5;217m[8bf7fb40]&amp#27;[0m&amp#27;[38;5;11m[AndroidUiautomator2Driver@bae4]&amp#27;[0m Forwarding UiAutomator2 Server port 6790 to local port 8200
&amp#27;[38;5;217m[8bf7fb40]&amp#27;[0m&amp#27;[38;5;229m[ADB]&amp#27;[0m Forwarding system: 8200 to device: 6790
&amp#27;[38;5;217m[8bf7fb40]&amp#27;[0m&amp#27;[38;5;229m[ADB]&amp#27;[0m Running 'C:\Users\Testriq\AppData\Local\Android\Sdk\platform-tools\adb.exe -P 5037 -s 2A131FDH200HX6 forward tcp:8200 tcp:6790'
&amp#27;[38;5;217m[8bf7fb40]&amp#27;[0m&amp#27;[38;5;229m[ADB]&amp#27;[0m Getting package info for 'io.appium.uiautomator2.server'
&amp#27;[38;5;217m[8bf7fb40]&amp#27;[0m&amp#27;[38;5;229m[ADB]&amp#27;[0m Running 'C:\Users\Testriq\AppData\Local\Android\Sdk\platform-tools\adb.exe -P 5037 -s 2A131FDH200HX6 shell dumpsys package io.appium.uiautomator2.server'
&amp#27;[38;5;217m[8bf7fb40]&amp#27;[0m&amp#27;[38;5;229m[ADB]&amp#27;[0m Getting install status for io.appium.uiautomator2.server.test
&amp#27;[38;5;217m[8bf7fb40]&amp#27;[0m&amp#27;[38;5;229m[ADB]&amp#27;[0m Checking app cert for G:\Automation Projects\testriq\src\main\java\apps\mda-2.2.0-25.apk
&amp#27;[38;5;217m[8bf7fb40]&amp#27;[0m&amp#27;[38;5;229m[ADB]&amp#27;[0m Running 'C:\Users\Testriq\AppData\Local\Android\Sdk\platform-tools\adb.exe -P 5037 -s 2A131FDH200HX6 shell cmd package list packages'
&amp#27;[38;5;217m[8bf7fb40]&amp#27;[0m&amp#27;[38;5;229m[ADB]&amp#27;[0m Using the previously cached signature entry for 'mda-2.2.0-25.apk'
&amp#27;[38;5;217m[8bf7fb40]&amp#27;[0m&amp#27;[38;5;229m[ADB]&amp#27;[0m Getting package info for 'com.saucelabs.mydemoapp.android'
&amp#27;[38;5;217m[8bf7fb40]&amp#27;[0m&amp#27;[38;5;229m[ADB]&amp#27;[0m Running 'C:\Users\Testriq\AppData\Local\Android\Sdk\platform-tools\adb.exe -P 5037 -s 2A131FDH200HX6 shell dumpsys package com.saucelabs.mydemoapp.android'
&amp#27;[38;5;217m[8bf7fb40]&amp#27;[0m&amp#27;[38;5;229m[ADB]&amp#27;[0m 'io.appium.uiautomator2.server.test' is installed
&amp#27;[38;5;217m[8bf7fb40]&amp#27;[0m&amp#27;[38;5;229m[ADB]&amp#27;[0m Reading package manifest: 'C:\\Users\\Testriq\\AppData\\Local\\Android\\Sdk\\build-tools\\34.0.0\\aapt2.exe dump badging C:\\Users\\Testriq\\.appium\\node_modules\\appium-uiautomator2-driver\\node_modules\\appium-uiautomator2-server\\apks\\appium-uiautomator2-server-v7.0.25.apk'
&amp#27;[38;5;217m[8bf7fb40]&amp#27;[0m&amp#27;[38;5;229m[ADB]&amp#27;[0m Reading package manifest: 'C:\\Users\\Testriq\\AppData\\Local\\Android\\Sdk\\build-tools\\34.0.0\\aapt2.exe dump badging 'G:\\Automation Projects\\testriq\\src\\main\\java\\apps\\mda-2.2.0-25.apk''
&amp#27;[38;5;217m[8bf7fb40]&amp#27;[0m&amp#27;[38;5;229m[ADB]&amp#27;[0m The version name of the installed 'io.appium.uiautomator2.server' is greater or equal to the application version name ('7.0.25' >= '7.0.25')
&amp#27;[38;5;217m[8bf7fb40]&amp#27;[0m&amp#27;[38;5;11m[AndroidUiautomator2Driver@bae4]&amp#27;[0m Server packages status: [{"installState":"sameVersionInstalled","appPath":"C:\\Users\\Testriq\\.appium\\node_modules\\appium-uiautomator2-driver\\node_modules\\appium-uiautomator2-server\\apks\\appium-uiautomator2-server-v7.0.25.apk","appId":"io.appium.uiautomator2.server"},{"installState":"sameVersionInstalled","appPath":"C:\\Users\\Testriq\\.appium\\node_modules\\appium-uiautomator2-driver\\node_modules\\appium-uiautomator2-server\\apks\\appium-uiautomator2-server-debug-androidTest.apk","appId":"io.appium.uiautomator2.server.test"}]
&amp#27;[38;5;217m[8bf7fb40]&amp#27;[0m&amp#27;[38;5;11m[AndroidUiautomator2Driver@bae4]&amp#27;[0m Server packages are not going to be (re)installed
&amp#27;[38;5;217m[8bf7fb40]&amp#27;[0m&amp#27;[38;5;11m[AndroidUiautomator2Driver@bae4]&amp#27;[0m Waiting up to 30000ms for services to be available
&amp#27;[38;5;217m[8bf7fb40]&amp#27;[0m&amp#27;[38;5;229m[ADB]&amp#27;[0m Running 'C:\Users\Testriq\AppData\Local\Android\Sdk\platform-tools\adb.exe -P 5037 -s 2A131FDH200HX6 shell pm list instrumentation'
&amp#27;[38;5;217m[8bf7fb40]&amp#27;[0m&amp#27;[38;5;229m[ADB]&amp#27;[0m The version name of the installed 'com.saucelabs.mydemoapp.android' is greater or equal to the application version name ('2.2.0' >= '2.2.0')
&amp#27;[38;5;217m[8bf7fb40]&amp#27;[0m&amp#27;[38;5;229m[ADB]&amp#27;[0m There is no need to install/upgrade 'G:\Automation Projects\testriq\src\main\java\apps\mda-2.2.0-25.apk'
&amp#27;[38;5;217m[8bf7fb40]&amp#27;[0m&amp#27;[38;5;11m[AndroidUiautomator2Driver@bae4]&amp#27;[0m Performing fast reset on 'com.saucelabs.mydemoapp.android'
&amp#27;[38;5;217m[8bf7fb40]&amp#27;[0m&amp#27;[38;5;229m[ADB]&amp#27;[0m Getting install status for com.saucelabs.mydemoapp.android
&amp#27;[38;5;217m[8bf7fb40]&amp#27;[0m&amp#27;[38;5;229m[ADB]&amp#27;[0m Running 'C:\Users\Testriq\AppData\Local\Android\Sdk\platform-tools\adb.exe -P 5037 -s 2A131FDH200HX6 shell cmd package list packages'
&amp#27;[38;5;217m[8bf7fb40]&amp#27;[0m&amp#27;[38;5;11m[AndroidUiautomator2Driver@bae4]&amp#27;[0m Instrumentation target 'io.appium.uiautomator2.server.test/androidx.test.runner.AndroidJUnitRunner' is available
&amp#27;[38;5;217m[8bf7fb40]&amp#27;[0m&amp#27;[38;5;229m[ADB]&amp#27;[0m Adding packages ["io.appium.settings","io.appium.uiautomator2.server","io.appium.uiautomator2.server.test"] to Doze whitelist
&amp#27;[38;5;217m[8bf7fb40]&amp#27;[0m&amp#27;[38;5;229m[ADB]&amp#27;[0m Got the following command chunks to execute: [["dumpsys","deviceidle","whitelist","+io.appium.settings",";","dumpsys","deviceidle","whitelist","+io.appium.uiautomator2.server",";","dumpsys","deviceidle","whitelist","+io.appium.uiautomator2.server.test",";"]]
&amp#27;[38;5;217m[8bf7fb40]&amp#27;[0m&amp#27;[38;5;229m[ADB]&amp#27;[0m Running 'C:\Users\Testriq\AppData\Local\Android\Sdk\platform-tools\adb.exe -P 5037 -s 2A131FDH200HX6 shell dumpsys deviceidle whitelist +io.appium.settings ; dumpsys deviceidle whitelist +io.appium.uiautomator2.server ; dumpsys deviceidle whitelist +io.appium.uiautomator2.server.test ;'
&amp#27;[38;5;217m[8bf7fb40]&amp#27;[0m&amp#27;[38;5;229m[ADB]&amp#27;[0m 'com.saucelabs.mydemoapp.android' is installed
&amp#27;[38;5;217m[8bf7fb40]&amp#27;[0m&amp#27;[38;5;229m[ADB]&amp#27;[0m Running 'C:\Users\Testriq\AppData\Local\Android\Sdk\platform-tools\adb.exe -P 5037 -s 2A131FDH200HX6 shell am force-stop com.saucelabs.mydemoapp.android'
&amp#27;[38;5;217m[8bf7fb40]&amp#27;[0m&amp#27;[38;5;229m[ADB]&amp#27;[0m Running 'C:\Users\Testriq\AppData\Local\Android\Sdk\platform-tools\adb.exe -P 5037 -s 2A131FDH200HX6 shell pm clear com.saucelabs.mydemoapp.android'
&amp#27;[38;5;112m[Appium]&amp#27;[0m Welcome to Appium v2.11.5 (REV 4eddc999c5d9b705e7356152d2d5953a0dda3720)
&amp#27;[38;5;112m[Appium]&amp#27;[0m Non-default server args:
&amp#27;[38;5;112m[Appium]&amp#27;[0m { address: &amp#27;[32m'127.0.0.1'&amp#27;[39m }
&amp#27;[38;5;112m[Appium]&amp#27;[0m The autodetected Appium home path: C:\Users\Testriq\.appium
&amp#27;[38;5;112m[Appium]&amp#27;[0m Attempting to load driver uiautomator2...
&amp#27;[38;5;112m[Appium]&amp#27;[0m Requiring driver at C:\Users\Testriq\.appium\node_modules\appium-uiautomator2-driver\build\index.js
&amp#27;[38;5;217m[8bf7fb40]&amp#27;[0m&amp#27;[38;5;229m[ADB]&amp#27;[0m Running 'C:\Users\Testriq\AppData\Local\Android\Sdk\platform-tools\adb.exe -P 5037 -s 2A131FDH200HX6 shell dumpsys package com.saucelabs.mydemoapp.android'
&amp#27;[38;5;217m[8bf7fb40]&amp#27;[0m&amp#27;[38;5;229m[ADB]&amp#27;[0m Retrieving requested permissions
&amp#27;[38;5;217m[8bf7fb40]&amp#27;[0m&amp#27;[38;5;229m[ADB]&amp#27;[0m Retrieved 30 permissions from requested group
&amp#27;[38;5;217m[8bf7fb40]&amp#27;[0m&amp#27;[38;5;229m[ADB]&amp#27;[0m Retrieving granted permissions
&amp#27;[38;5;217m[8bf7fb40]&amp#27;[0m&amp#27;[38;5;229m[ADB]&amp#27;[0m Retrieved 5 permissions from install,runtime groups
&amp#27;[38;5;217m[8bf7fb40]&amp#27;[0m&amp#27;[38;5;229m[ADB]&amp#27;[0m Granting permissions ["android.permission.POST_NOTIFICATIONS","android.permission.ACCESS_FINE_LOCATION","android.permission.READ_MEDIA_VISUAL_USER_SELECTED","android.permission.READ_EXTERNAL_STORAGE","android.permission.ACCESS_COARSE_LOCATION","android.permission.READ_MEDIA_IMAGES","android.permission.CAMERA","android.permission.READ_MEDIA_AUDIO","android.permission.READ_MEDIA_VIDEO","android.permission.WRITE_EXTERNAL_STORAGE","android.permission.POST_NOTIFICATIONS","android.permission.ACCESS_FINE_LOCATION","android.permission.READ_MEDIA_VISUAL_USER_SELECTED","android.permission.READ_EXTERNAL_STORAGE","android.permission.ACCESS_COARSE_LOCATION","android.permission.READ_MEDIA_IMAGES","android.permission.CAMERA","android.permission.READ_MEDIA_AUDIO","android.permission.READ_MEDIA_VIDEO","android.permission.WRITE_EXTERNAL_STORAGE"] to 'com.saucelabs.mydemoapp.android'
&amp#27;[38;5;217m[8bf7fb40]&amp#27;[0m&amp#27;[38;5;229m[ADB]&amp#27;[0m Got the following command chunks to execute: [["pm","grant","com.saucelabs.mydemoapp.android","android.permission.POST_NOTIFICATIONS",";","pm","grant","com.saucelabs.mydemoapp.android","android.permission.ACCESS_FINE_LOCATION",";","pm","grant","com.saucelabs.mydemoapp.android","android.permission.READ_MEDIA_VISUAL_USER_SELECTED",";","pm","grant","com.saucelabs.mydemoapp.android","android.permission.READ_EXTERNAL_STORAGE",";","pm","grant","com.saucelabs.mydemoapp.android","android.permission.ACCESS_COARSE_LOCATION",";","pm","grant","com.saucelabs.mydemoapp.android","android.permission.READ_MEDIA_IMAGES",";","pm","grant","com.saucelabs.mydemoapp.android","android.permission.CAMERA",";","pm","grant","com.saucelabs.mydemoapp.android","android.permission.READ_MEDIA_AUDIO",";","pm","grant","com.saucelabs.mydemoapp.android","android.permission.READ_MEDIA_VIDEO",";","pm","grant","com.saucelabs.mydemoapp.android","android.permission.WRITE_EXTERNAL_STORAGE",";","pm","grant","com.saucelabs.mydemoapp.android","android.permission.POST_NOTIFICATIONS",";","pm","grant","com.saucelabs.mydemoapp.android","android.permission.ACCESS_FINE_LOCATION",";"],["pm","grant","com.saucelabs.mydemoapp.android","android.permission.READ_MEDIA_VISUAL_USER_SELECTED",";","pm","grant","com.saucelabs.mydemoapp.android","android.permission.READ_EXTERNAL_STORAGE",";","pm","grant","com.saucelabs.mydemoapp.android","android.permission.ACCESS_COARSE_LOCATION",";","pm","grant","com.saucelabs.mydemoapp.android","android.permission.READ_MEDIA_IMAGES",";","pm","grant","com.saucelabs.mydemoapp.android","android.permission.CAMERA",";","pm","grant","com.saucelabs.mydemoapp.android","android.permission.READ_MEDIA_AUDIO",";","pm","grant","com.saucelabs.mydemoapp.android","android.permission.READ_MEDIA_VIDEO",";","pm","grant","com.saucelabs.mydemoapp.android","android.permission.WRITE_EXTERNAL_STORAGE",";"]]
&amp#27;[38;5;217m[8bf7fb40]&amp#27;[0m&amp#27;[38;5;229m[ADB]&amp#27;[0m Running 'C:\Users\Testriq\AppData\Local\Android\Sdk\platform-tools\adb.exe -P 5037 -s 2A131FDH200HX6 shell pm grant com.saucelabs.mydemoapp.android android.permission.POST_NOTIFICATIONS ; pm grant com.saucelabs.mydemoapp.android android.permission.ACCESS_FINE_LOCATION ; pm grant com.saucelabs.mydemoapp.android android.permission.READ_MEDIA_VISUAL_USER_SELECTED ; pm grant com.saucelabs.mydemoapp.android android.permission.READ_EXTERNAL_STORAGE ; pm grant com.saucelabs.mydemoapp.android android.permission.ACCESS_COARSE_LOCATION ; pm grant com.saucelabs.mydemoapp.android android.permission.READ_MEDIA_IMAGES ; pm grant com.saucelabs.mydemoapp.android android.permission.CAMERA ; pm grant com.saucelabs.mydemoapp.android android.permission.READ_MEDIA_AUDIO ; pm grant com.saucelabs.mydemoapp.android android.permission.READ_MEDIA_VIDEO ; pm grant com.saucelabs.mydemoapp.android android.permission.WRITE_EXTERNAL_STORAGE ; pm grant com.saucelabs.mydemoapp.android android.permission.POST_NOTIFICATIONS ; pm grant com.saucelabs.mydemoapp.android android.permission.ACCESS_FINE_LOCATION ;'
&amp#27;[38;5;217m[8bf7fb40]&amp#27;[0m&amp#27;[38;5;229m[ADB]&amp#27;[0m Running 'C:\Users\Testriq\AppData\Local\Android\Sdk\platform-tools\adb.exe -P 5037 -s 2A131FDH200HX6 shell pm grant com.saucelabs.mydemoapp.android android.permission.READ_MEDIA_VISUAL_USER_SELECTED ; pm grant com.saucelabs.mydemoapp.android android.permission.READ_EXTERNAL_STORAGE ; pm grant com.saucelabs.mydemoapp.android android.permission.ACCESS_COARSE_LOCATION ; pm grant com.saucelabs.mydemoapp.android android.permission.READ_MEDIA_IMAGES ; pm grant com.saucelabs.mydemoapp.android android.permission.CAMERA ; pm grant com.saucelabs.mydemoapp.android android.permission.READ_MEDIA_AUDIO ; pm grant com.saucelabs.mydemoapp.android android.permission.READ_MEDIA_VIDEO ; pm grant com.saucelabs.mydemoapp.android android.permission.WRITE_EXTERNAL_STORAGE ;'
&amp#27;[38;5;112m[Appium]&amp#27;[0m AndroidUiautomator2Driver has been successfully loaded in 0.919s
&amp#27;[38;5;86m[HTTP]&amp#27;[0m Could not start REST http interface listener. The requested port may already be in use. Please make sure there is no other instance of this server running already.
&amp#27;[38;5;112m[Appium]&amp#27;[0m Could not configure Appium server. It's possible that a driver or plugin tried to update the server and failed. Original error: listen EADDRINUSE: address already in use 127.0.0.1:4723
&amp#27;[38;5;112m[Appium]&amp#27;[0m Error: listen EADDRINUSE: address already in use 127.0.0.1:4723
    at Server.setupListenHandle [as _listen2] (node:net:1904:16)
    at listenInCluster (node:net:1961:12)
    at doListen (node:net:2135:7)
    at processTicksAndRejections (node:internal/process/task_queues:83:21)
&amp#27;[38;5;217m[8bf7fb40]&amp#27;[0m&amp#27;[38;5;11m[AndroidUiautomator2Driver@bae4]&amp#27;[0m Performed fast reset on the installed 'com.saucelabs.mydemoapp.android' application (stop and clear)
&amp#27;[38;5;217m[8bf7fb40]&amp#27;[0m&amp#27;[38;5;11m[AndroidUiautomator2Driver@bae4]&amp#27;[0m Performing shallow cleanup of automation leftovers
&amp#27;[38;5;217m[8bf7fb40]&amp#27;[0m&amp#27;[38;5;11m[AndroidUiautomator2Driver@bae4]&amp#27;[0m No obsolete sessions have been detected (socket hang up)
&amp#27;[38;5;217m[8bf7fb40]&amp#27;[0m&amp#27;[38;5;229m[ADB]&amp#27;[0m Running 'C:\Users\Testriq\AppData\Local\Android\Sdk\platform-tools\adb.exe -P 5037 -s 2A131FDH200HX6 shell am force-stop io.appium.uiautomator2.server'
&amp#27;[38;5;217m[8bf7fb40]&amp#27;[0m&amp#27;[38;5;229m[ADB]&amp#27;[0m Running 'C:\Users\Testriq\AppData\Local\Android\Sdk\platform-tools\adb.exe -P 5037 -s 2A131FDH200HX6 shell am force-stop io.appium.uiautomator2.server.test'
&amp#27;[38;5;217m[8bf7fb40]&amp#27;[0m&amp#27;[38;5;11m[AndroidUiautomator2Driver@bae4]&amp#27;[0m Starting UIAutomator2 server 7.0.25
&amp#27;[38;5;217m[8bf7fb40]&amp#27;[0m&amp#27;[38;5;11m[AndroidUiautomator2Driver@bae4]&amp#27;[0m Using UIAutomator2 server from 'C:\Users\Testriq\.appium\node_modules\appium-uiautomator2-driver\node_modules\appium-uiautomator2-server\apks\appium-uiautomator2-server-v7.0.25.apk' and test from 'C:\Users\Testriq\.appium\node_modules\appium-uiautomator2-driver\node_modules\appium-uiautomator2-server\apks\appium-uiautomator2-server-debug-androidTest.apk'
&amp#27;[38;5;217m[8bf7fb40]&amp#27;[0m&amp#27;[38;5;11m[AndroidUiautomator2Driver@bae4]&amp#27;[0m Waiting up to 30000ms for UiAutomator2 to be online...
&amp#27;[38;5;217m[8bf7fb40]&amp#27;[0m&amp#27;[38;5;229m[ADB]&amp#27;[0m Creating ADB subprocess with args: ["-P","5037","-s","2A131FDH200HX6","shell","am","instrument","-w","-e","disableAnalytics","true","io.appium.uiautomator2.server.test/androidx.test.runner.AndroidJUnitRunner"]
&amp#27;[38;5;217m[8bf7fb40]&amp#27;[0m&amp#27;[38;5;11m[AndroidUiautomator2Driver@bae4]&amp#27;[0m Matched '/status' to command name 'getStatus'
&amp#27;[38;5;217m[8bf7fb40]&amp#27;[0m&amp#27;[38;5;11m[AndroidUiautomator2Driver@bae4]&amp#27;[0m Proxying [GET /status] to [GET http://127.0.0.1:8200/status] with no body
&amp#27;[38;5;217m[8bf7fb40]&amp#27;[0m&amp#27;[38;5;11m[AndroidUiautomator2Driver@bae4]&amp#27;[0m socket hang up
&amp#27;[38;5;217m[8bf7fb40]&amp#27;[0m&amp#27;[38;5;11m[AndroidUiautomator2Driver@bae4]&amp#27;[0m [Instrumentation] 
&amp#27;[38;5;217m[8bf7fb40]&amp#27;[0m&amp#27;[38;5;11m[AndroidUiautomator2Driver@bae4]&amp#27;[0m Matched '/status' to command name 'getStatus'
&amp#27;[38;5;217m[8bf7fb40]&amp#27;[0m&amp#27;[38;5;11m[AndroidUiautomator2Driver@bae4]&amp#27;[0m Proxying [GET /status] to [GET http://127.0.0.1:8200/status] with no body
&amp#27;[38;5;217m[8bf7fb40]&amp#27;[0m&amp#27;[38;5;11m[AndroidUiautomator2Driver@bae4]&amp#27;[0m socket hang up
&amp#27;[38;5;217m[8bf7fb40]&amp#27;[0m&amp#27;[38;5;11m[AndroidUiautomator2Driver@bae4]&amp#27;[0m Matched '/status' to command name 'getStatus'
&amp#27;[38;5;217m[8bf7fb40]&amp#27;[0m&amp#27;[38;5;11m[AndroidUiautomator2Driver@bae4]&amp#27;[0m Proxying [GET /status] to [GET http://127.0.0.1:8200/status] with no body
&amp#27;[38;5;217m[8bf7fb40]&amp#27;[0m&amp#27;[38;5;11m[AndroidUiautomator2Driver@bae4]&amp#27;[0m Got response with status 200: {"sessionId":"None","value":{"message":"UiAutomator2 Server is ready to accept commands","ready":true}}
&amp#27;[38;5;217m[8bf7fb40]&amp#27;[0m&amp#27;[38;5;11m[AndroidUiautomator2Driver@bae4]&amp#27;[0m The initialization of the instrumentation process took 2128ms
&amp#27;[38;5;217m[8bf7fb40]&amp#27;[0m&amp#27;[38;5;11m[AndroidUiautomator2Driver@bae4]&amp#27;[0m Matched '/session' to command name 'createSession'
&amp#27;[38;5;217m[8bf7fb40]&amp#27;[0m&amp#27;[38;5;11m[AndroidUiautomator2Driver@bae4]&amp#27;[0m Proxying [POST /session] to [POST http://127.0.0.1:8200/session] with body: {"capabilities":{"firstMatch":[{"platformName":"ANDROID","appPackage":"com.saucelabs.mydemoapp.android","autoGrantPermissions":true,"deviceName":"2A131FDH200HX6","app":"G:\\Automation Projects\\testriq\\src\\main\\java\\apps\\mda-2.2.0-25.apk","appActivity":"com.saucelabs.mydemoapp.android.view.activities.SplashActivity","automationName":"UIAutomator2","platform":"LINUX","webStorageEnabled":false,"takesScreenshot":true,"javascriptEnabled":true,"databaseEnabled":false,"networkConnectionEnabled":true,"locationContextEnabled":false,"warnings":{},"desired":{"platformName":"ANDROID","appPackage":"com.saucelabs.mydemoapp.android","autoGrantPermissions":true,"deviceName":"AndroidDeviceName","app":"G:\\Automation Projects\\testriq\\src\\main\\java\\apps\\mda-2.2.0-25.apk","appActivity":"com.saucelabs.mydemoapp.android.view.activities.SplashActivity","automationName":"UIAutomator2"},"deviceUDID":"2A131FDH200HX6"}],"alwaysMatch":{}}}
&amp#27;[38;5;217m[8bf7fb40]&amp#27;[0m&amp#27;[38;5;11m[AndroidUiautomator2Driver@bae4]&amp#27;[0m Got response with status 200: {"sessionId":"9b051ccc-74d2-4692-aa9a-3e9dca49b1cf","value":{"capabilities":{"firstMatch":[{"platformName":"ANDROID","appPackage":"com.saucelabs.mydemoapp.android","autoGrantPermissions":true,"deviceName":"2A131FDH200HX6","app":"G:\\Automation Projects\\testriq\\src\\main\\java\\apps\\mda-2.2.0-25.apk","appActivity":"com.saucelabs.mydemoapp.android.view.activities.SplashActivity","automationName":"UIAutomator2","platform":"LINUX","webStorageEnabled":false,"takesScreenshot":true,"javascriptEnabled":true,"databaseEnabled":false,"networkConnectionEnabled":true,"locationContextEnabled":false,"warnings":{},"desired":{"platformName":"ANDROID","appPackage":"com.saucelabs.mydemoapp.android","autoGrantPermissions":true,"deviceName":"AndroidDeviceName","app":"G:\\Automation Projects\\testriq\\src\\main\\java\\apps\\mda-2.2.0-25.apk","appActivity":"com.saucelabs.mydemoapp.android.view.activities.SplashActivity","automationName":"UIAutomator2"},"deviceUDID":"2A131FDH200HX6"}],"alwaysMatch":{}},"sessionId":"9b051ccc-74...
&amp#27;[38;5;217m[8bf7fb40]&amp#27;[0m&amp#27;[38;5;11m[AndroidUiautomator2Driver@bae4]&amp#27;[0m Determined the downstream protocol as 'W3C'
&amp#27;[38;5;217m[8bf7fb40]&amp#27;[0m&amp#27;[38;5;11m[AndroidUiautomator2Driver@bae4]&amp#27;[0m Proxying [GET /appium/device/pixel_ratio] to [GET http://127.0.0.1:8200/session/9b051ccc-74d2-4692-aa9a-3e9dca49b1cf/appium/device/pixel_ratio] with no body
&amp#27;[38;5;217m[8bf7fb40]&amp#27;[0m&amp#27;[38;5;11m[AndroidUiautomator2Driver@bae4]&amp#27;[0m Matched '/appium/device/system_bars' to command name 'getSystemBars'
&amp#27;[38;5;217m[8bf7fb40]&amp#27;[0m&amp#27;[38;5;11m[AndroidUiautomator2Driver@bae4]&amp#27;[0m Proxying [GET /appium/device/system_bars] to [GET http://127.0.0.1:8200/session/9b051ccc-74d2-4692-aa9a-3e9dca49b1cf/appium/device/system_bars] with no body
&amp#27;[38;5;217m[8bf7fb40]&amp#27;[0m&amp#27;[38;5;11m[AndroidUiautomator2Driver@bae4]&amp#27;[0m Matched '/window/current/size' to command name 'getWindowSize'
&amp#27;[38;5;217m[8bf7fb40]&amp#27;[0m&amp#27;[38;5;11m[AndroidUiautomator2Driver@bae4]&amp#27;[0m Proxying [GET /window/current/size] to [GET http://127.0.0.1:8200/session/9b051ccc-74d2-4692-aa9a-3e9dca49b1cf/window/current/size] with no body
&amp#27;[38;5;217m[8bf7fb40]&amp#27;[0m&amp#27;[38;5;11m[AndroidUiautomator2Driver@bae4]&amp#27;[0m Proxying [GET /appium/device/info] to [GET http://127.0.0.1:8200/session/9b051ccc-74d2-4692-aa9a-3e9dca49b1cf/appium/device/info] with no body
&amp#27;[38;5;217m[8bf7fb40]&amp#27;[0m&amp#27;[38;5;229m[ADB]&amp#27;[0m Running 'C:\Users\Testriq\AppData\Local\Android\Sdk\platform-tools\adb.exe -P 5037 -s 2A131FDH200HX6 shell dumpsys window'
&amp#27;[38;5;217m[8bf7fb40]&amp#27;[0m&amp#27;[38;5;229m[ADB]&amp#27;[0m Running 'C:\Users\Testriq\AppData\Local\Android\Sdk\platform-tools\adb.exe -P 5037 -s 2A131FDH200HX6 shell dumpsys power'
&amp#27;[38;5;217m[8bf7fb40]&amp#27;[0m&amp#27;[38;5;11m[AndroidUiautomator2Driver@bae4]&amp#27;[0m Got response with status 200: {"sessionId":"9b051ccc-74d2-4692-aa9a-3e9dca49b1cf","value":2.2250001}
&amp#27;[38;5;217m[8bf7fb40]&amp#27;[0m&amp#27;[38;5;11m[AndroidUiautomator2Driver@bae4]&amp#27;[0m Got response with status 200: {"sessionId":"9b051ccc-74d2-4692-aa9a-3e9dca49b1cf","value":{"statusBar":136}}
&amp#27;[38;5;217m[8bf7fb40]&amp#27;[0m&amp#27;[38;5;11m[AndroidUiautomator2Driver@bae4]&amp#27;[0m Got response with status 200: {"sessionId":"9b051ccc-74d2-4692-aa9a-3e9dca49b1cf","value":{"height":2400,"width":1080}}
&amp#27;[38;5;217m[8bf7fb40]&amp#27;[0m&amp#27;[38;5;11m[AndroidUiautomator2Driver@bae4]&amp#27;[0m Got response with status 200: {"sessionId":"9b051ccc-74d2-4692-aa9a-3e9dca49b1cf","value":{"androidId":"7781aa28ec4e674f","apiVersion":"35","bluetooth":{"state":"ON"},"brand":"google","carrierName":"","displayDensity":356,"locale":"en_US","manufacturer":"Google","model":"Pixel 7","networks":[{"capabilities":{"SSID":null,"linkDownBandwidthKbps":29972,"linkUpstreamBandwidthKbps":24945,"networkCapabilities":"NET_CAPABILITY_NOT_METERED,NET_CAPABILITY_INTERNET,NET_CAPABILITY_NOT_RESTRICTED,NET_CAPABILITY_TRUSTED,NET_CAPABILITY_NOT_VPN,NET_CAPABILITY_VALIDATED,NET_CAPABILITY_NOT_ROAMING,NET_CAPABILITY_FOREGROUND,NET_CAPABILITY_NOT_CONGESTED,NET_CAPABILITY_NOT_SUSPENDED","signalStrength":-59,"transportTypes":"TRANSPORT_WIFI"},"detailedState":"CONNECTED","extraInfo":"","isAvailable":true,"isConnected":true,"isFailover":false,"isRoaming":false,"state":"CONNECTED","subtype":-1,"subtypeName":"","type":1,"typeName":"WIFI"}],"platformVersion":"15","realDisplaySize":"1080x2400","timeZone":"Asia/Kolkata"}}
&amp#27;[38;5;217m[8bf7fb40]&amp#27;[0m&amp#27;[38;5;11m[AndroidUiautomator2Driver@bae4]&amp#27;[0m Screen already unlocked, doing nothing
&amp#27;[38;5;217m[8bf7fb40]&amp#27;[0m&amp#27;[38;5;11m[AndroidUiautomator2Driver@bae4]&amp#27;[0m Starting 'com.saucelabs.mydemoapp.android/com.saucelabs.mydemoapp.android.view.activities.SplashActivity and waiting for 'com.saucelabs.mydemoapp.android/com.saucelabs.mydemoapp.android.view.activities.SplashActivity'
&amp#27;[38;5;217m[8bf7fb40]&amp#27;[0m&amp#27;[38;5;229m[ADB]&amp#27;[0m Running 'C:\Users\Testriq\AppData\Local\Android\Sdk\platform-tools\adb.exe -P 5037 -s 2A131FDH200HX6 shell am start -W -n com.saucelabs.mydemoapp.android/com.saucelabs.mydemoapp.android.view.activities.SplashActivity -S -a android.intent.action.MAIN -c android.intent.category.LAUNCHER -f 0x10200000'
&amp#27;[38;5;217m[8bf7fb40]&amp#27;[0m&amp#27;[38;5;23m[AppiumDriver@398a]&amp#27;[0m New AndroidUiautomator2Driver session created successfully, session 8bf7fb40-2daa-407f-9aad-75d107bc97f9 added to master session list
&amp#27;[38;5;217m[8bf7fb40]&amp#27;[0m&amp#27;[38;5;23m[AppiumDriver@398a]&amp#27;[0m Event 'newSessionStarted' logged at 1737019602776 (14:56:42 GMT+0530 (India Standard Time))
&amp#27;[38;5;217m[8bf7fb40]&amp#27;[0m&amp#27;[38;5;11m[AndroidUiautomator2Driver@bae4]&amp#27;[0m Cached the protocol value 'W3C' for the new session 8bf7fb40-2daa-407f-9aad-75d107bc97f9
&amp#27;[38;5;217m[8bf7fb40]&amp#27;[0m&amp#27;[38;5;11m[AndroidUiautomator2Driver@bae4]&amp#27;[0m Responding to client with driver.createSession() result: {"capabilities":{"platformName":"ANDROID","appPackage":"com.saucelabs.mydemoapp.android","autoGrantPermissions":true,"deviceName":"2A131FDH200HX6","app":"G:\\Automation Projects\\testriq\\src\\main\\java\\apps\\mda-2.2.0-25.apk","appActivity":"com.saucelabs.mydemoapp.android.view.activities.SplashActivity","automationName":"UIAutomator2","platform":"LINUX","webStorageEnabled":false,"takesScreenshot":true,"javascriptEnabled":true,"databaseEnabled":false,"networkConnectionEnabled":true,"locationContextEnabled":false,"warnings":{},"desired":{"platformName":"ANDROID","appPackage":"com.saucelabs.mydemoapp.android","autoGrantPermissions":true,"deviceName":"AndroidDeviceName","app":"G:\\Automation Projects\\testriq\\src\\main\\java\\apps\\mda-2.2.0-25.apk","appActivity":"com.saucelabs.mydemoapp.android.view.activities.SplashActivity","automationName":"UIAutomator2"},"deviceUDID":"2A131FDH200HX6","pixelRatio":"2.2250001","statBarHeight":136,"viewportRect":{"left":0,"top":136,"width":1080,"height":2264},"deviceApiL...
&amp#27;[38;5;217m[8bf7fb40]&amp#27;[0m&amp#27;[38;5;86m[HTTP]&amp#27;[0m &amp#27;[37m<-- POST /session &amp#27;[39m&amp#27;[32m200&amp#27;[39m &amp#27;[90m6164 ms - 1226&amp#27;[39m &amp#27;[90m&amp#27;[39m
&amp#27;[38;5;86m[HTTP]&amp#27;[0m &amp#27;[37m-->&amp#27;[39m &amp#27;[37mGET&amp#27;[39m &amp#27;[37m/status&amp#27;[39m &amp#27;[90m{}&amp#27;[39m
&amp#27;[38;5;23m[AppiumDriver@398a]&amp#27;[0m Calling AppiumDriver.getStatus() with args: []
&amp#27;[38;5;23m[AppiumDriver@398a]&amp#27;[0m Responding to client with driver.getStatus() result: {"ready":true,"message":"The server is ready to accept new connections","build":{"version":"2.11.5","git-sha":"4eddc999c5d9b705e7356152d2d5953a0dda3720","built":"2024-10-09 17:32:11 +0530"}}
&amp#27;[38;5;86m[HTTP]&amp#27;[0m &amp#27;[37m<-- GET /status &amp#27;[39m&amp#27;[32m200&amp#27;[39m &amp#27;[90m1 ms - 200&amp#27;[39m &amp#27;[90m&amp#27;[39m
&amp#27;[38;5;86m[HTTP]&amp#27;[0m Request idempotency key: 3110dbc2-c2e6-4e14-a26a-607760af551d
&amp#27;[38;5;86m[HTTP]&amp#27;[0m &amp#27;[37m-->&amp#27;[39m &amp#27;[37mPOST&amp#27;[39m &amp#27;[37m/session&amp#27;[39m &amp#27;[90m{"capabilities":{"firstMatch":[{}],"alwaysMatch":{"appium:appPackage":"com.saucelabs.mydemoapp.android","appium:autoGrantPermissions":true,"appium:deviceName":"AndroidDeviceName","appium:app":"G:\\Automation Projects\\testriq\\src\\main\\java\\apps\\mda-2.2.0-25.apk","appium:appActivity":"com.saucelabs.mydemoapp.android.view.activities.SplashActivity","platformName":"ANDROID","appium:automationName":"UIAutomator2"}}}&amp#27;[39m
&amp#27;[38;5;23m[AppiumDriver@398a]&amp#27;[0m Calling AppiumDriver.createSession() with args: [null,null,{"firstMatch":[{}],"alwaysMatch":{"appium:appPackage":"com.saucelabs.mydemoapp.android","appium:autoGrantPermissions":true,"appium:deviceName":"AndroidDeviceName","appium:app":"G:\\Automation Projects\\testriq\\src\\main\\java\\apps\\mda-2.2.0-25.apk","appium:appActivity":"com.saucelabs.mydemoapp.android.view.activities.SplashActivity","platformName":"ANDROID","appium:automationName":"UIAutomator2"}}]
&amp#27;[38;5;23m[AppiumDriver@398a]&amp#27;[0m Event 'newSessionRequested' logged at 1737019602822 (14:56:42 GMT+0530 (India Standard Time))
&amp#27;[38;5;112m[Appium]&amp#27;[0m Attempting to find matching driver for automationName 'UIAutomator2' and platformName 'ANDROID'
&amp#27;[38;5;112m[Appium]&amp#27;[0m The 'uiautomator2' driver was installed and matched caps.
&amp#27;[38;5;112m[Appium]&amp#27;[0m Will require it at C:\Users\Testriq\.appium\node_modules\appium-uiautomator2-driver
&amp#27;[38;5;112m[Appium]&amp#27;[0m Requiring driver at C:\Users\Testriq\.appium\node_modules\appium-uiautomator2-driver\build\index.js
&amp#27;[38;5;23m[AppiumDriver@398a]&amp#27;[0m Appium v2.11.5 creating new AndroidUiautomator2Driver (v3.8.0) session
&amp#27;[38;5;23m[AppiumDriver@398a]&amp#27;[0m Checking BaseDriver versions for Appium and AndroidUiautomator2Driver
&amp#27;[38;5;23m[AppiumDriver@398a]&amp#27;[0m Appium's BaseDriver version is 9.11.5
&amp#27;[38;5;23m[AppiumDriver@398a]&amp#27;[0m AndroidUiautomator2Driver's BaseDriver version is 9.11.5
&amp#27;[38;5;-3m[AndroidUiautomator2Driver@3cd0]&amp#27;[0m 
&amp#27;[38;5;-3m[AndroidUiautomator2Driver@3cd0]&amp#27;[0m Creating session with W3C capabilities: {
  "alwaysMatch": {
    "platformName": "ANDROID",
    "appium:appPackage": "com.saucelabs.mydemoapp.android",
    "appium:autoGrantPermissions": true,
    "appium:deviceName": "AndroidDeviceName",
    "appium:app": "G:\\Automation Projects\\testriq\\src\\main\\java\\apps\\mda-2.2.0-25.apk",
    "appium:appActivity": "com.saucelabs.mydemoapp.android.view.activities.SplashActivity",
    "appium:automationName": "UIAutomator2"
  },
  "firstMatch": [
    {}
  ]
}
&amp#27;[38;5;106m[2f90439a]&amp#27;[0m&amp#27;[38;5;-3m[AndroidUiautomator2Driver@3cd0]&amp#27;[0m Session created with session id: 2f90439a-2a59-4797-89f5-2c89c9a734f9
&amp#27;[38;5;106m[2f90439a]&amp#27;[0m&amp#27;[38;5;229m[ADB]&amp#27;[0m Using 'adb.exe' from 'C:\Users\Testriq\AppData\Local\Android\Sdk\platform-tools\adb.exe'
&amp#27;[38;5;106m[2f90439a]&amp#27;[0m&amp#27;[38;5;229m[ADB]&amp#27;[0m Running 'C:\Users\Testriq\AppData\Local\Android\Sdk\platform-tools\adb.exe -P 5037 start-server'
&amp#27;[38;5;106m[2f90439a]&amp#27;[0m&amp#27;[38;5;-3m[AndroidUiautomator2Driver@3cd0]&amp#27;[0m Retrieving device list
&amp#27;[38;5;106m[2f90439a]&amp#27;[0m&amp#27;[38;5;229m[ADB]&amp#27;[0m Trying to find connected Android devices
&amp#27;[38;5;106m[2f90439a]&amp#27;[0m&amp#27;[38;5;229m[ADB]&amp#27;[0m Getting connected devices
&amp#27;[38;5;106m[2f90439a]&amp#27;[0m&amp#27;[38;5;229m[ADB]&amp#27;[0m Connected devices: [{"udid":"2A131FDH200HX6","state":"device"}]
&amp#27;[38;5;106m[2f90439a]&amp#27;[0m&amp#27;[38;5;-3m[AndroidUiautomator2Driver@3cd0]&amp#27;[0m Using device: 2A131FDH200HX6
&amp#27;[38;5;106m[2f90439a]&amp#27;[0m&amp#27;[38;5;229m[ADB]&amp#27;[0m Using 'adb.exe' from 'C:\Users\Testriq\AppData\Local\Android\Sdk\platform-tools\adb.exe'
&amp#27;[38;5;106m[2f90439a]&amp#27;[0m&amp#27;[38;5;229m[ADB]&amp#27;[0m Running 'C:\Users\Testriq\AppData\Local\Android\Sdk\platform-tools\adb.exe -P 5037 start-server'
&amp#27;[38;5;106m[2f90439a]&amp#27;[0m&amp#27;[38;5;229m[ADB]&amp#27;[0m Setting device id to 2A131FDH200HX6
&amp#27;[38;5;106m[2f90439a]&amp#27;[0m&amp#27;[38;5;123m[BaseDriver]&amp#27;[0m Using local app 'G:\Automation Projects\testriq\src\main\java\apps\mda-2.2.0-25.apk'
&amp#27;[38;5;106m[2f90439a]&amp#27;[0m&amp#27;[38;5;-3m[AndroidUiautomator2Driver@3cd0]&amp#27;[0m Checking whether app is actually present
&amp#27;[38;5;106m[2f90439a]&amp#27;[0m&amp#27;[38;5;229m[ADB]&amp#27;[0m Running 'C:\Users\Testriq\AppData\Local\Android\Sdk\platform-tools\adb.exe -P 5037 -s 2A131FDH200HX6 shell getprop ro.build.version.sdk'
&amp#27;[38;5;106m[2f90439a]&amp#27;[0m&amp#27;[38;5;229m[ADB]&amp#27;[0m Current device property 'ro.build.version.sdk': 35
&amp#27;[38;5;106m[2f90439a]&amp#27;[0m&amp#27;[38;5;229m[ADB]&amp#27;[0m Getting device platform version
&amp#27;[38;5;106m[2f90439a]&amp#27;[0m&amp#27;[38;5;229m[ADB]&amp#27;[0m Running 'C:\Users\Testriq\AppData\Local\Android\Sdk\platform-tools\adb.exe -P 5037 -s 2A131FDH200HX6 shell getprop ro.build.version.release'
&amp#27;[38;5;106m[2f90439a]&amp#27;[0m&amp#27;[38;5;229m[ADB]&amp#27;[0m Current device property 'ro.build.version.release': 15
&amp#27;[38;5;106m[2f90439a]&amp#27;[0m&amp#27;[38;5;229m[ADB]&amp#27;[0m Device API level: 35
&amp#27;[38;5;106m[2f90439a]&amp#27;[0m&amp#27;[38;5;-3m[AndroidUiautomator2Driver@3cd0]&amp#27;[0m Relaxing hidden api policy
&amp#27;[38;5;106m[2f90439a]&amp#27;[0m&amp#27;[38;5;229m[ADB]&amp#27;[0m Running 'C:\Users\Testriq\AppData\Local\Android\Sdk\platform-tools\adb.exe -P 5037 -s 2A131FDH200HX6 shell 'settings put global hidden_api_policy_pre_p_apps 1;settings put global hidden_api_policy_p_apps 1;settings put global hidden_api_policy 1''
&amp#27;[38;5;106m[2f90439a]&amp#27;[0m&amp#27;[38;5;-3m[AndroidUiautomator2Driver@3cd0]&amp#27;[0m Pushing settings apk to the device...
&amp#27;[38;5;106m[2f90439a]&amp#27;[0m&amp#27;[38;5;229m[ADB]&amp#27;[0m Getting package info for 'io.appium.settings'
&amp#27;[38;5;106m[2f90439a]&amp#27;[0m&amp#27;[38;5;229m[ADB]&amp#27;[0m Running 'C:\Users\Testriq\AppData\Local\Android\Sdk\platform-tools\adb.exe -P 5037 -s 2A131FDH200HX6 shell dumpsys package io.appium.settings'
&amp#27;[38;5;106m[2f90439a]&amp#27;[0m&amp#27;[38;5;229m[ADB]&amp#27;[0m Using 'aapt2.exe' from 'C:\Users\Testriq\AppData\Local\Android\Sdk\build-tools\34.0.0\aapt2.exe'
&amp#27;[38;5;106m[2f90439a]&amp#27;[0m&amp#27;[38;5;229m[ADB]&amp#27;[0m Reading package manifest: 'C:\\Users\\Testriq\\AppData\\Local\\Android\\Sdk\\build-tools\\34.0.0\\aapt2.exe dump badging C:\\Users\\Testriq\\.appium\\node_modules\\appium-uiautomator2-driver\\node_modules\\io.appium.settings\\apks\\settings_apk-debug.apk'
&amp#27;[38;5;106m[2f90439a]&amp#27;[0m&amp#27;[38;5;229m[ADB]&amp#27;[0m The version name of the installed 'io.appium.settings' is greater or equal to the application version name ('5.12.13' >= '5.12.13')
&amp#27;[38;5;106m[2f90439a]&amp#27;[0m&amp#27;[38;5;229m[ADB]&amp#27;[0m There is no need to install/upgrade 'C:\Users\Testriq\.appium\node_modules\appium-uiautomator2-driver\node_modules\io.appium.settings\apks\settings_apk-debug.apk'
&amp#27;[38;5;106m[2f90439a]&amp#27;[0m&amp#27;[38;5;229m[ADB]&amp#27;[0m Running 'C:\Users\Testriq\AppData\Local\Android\Sdk\platform-tools\adb.exe -P 5037 -s 2A131FDH200HX6 shell dumpsys activity services io.appium.settings'
&amp#27;[38;5;106m[2f90439a]&amp#27;[0m&amp#27;[38;5;-3m[AndroidUiautomator2Driver@3cd0]&amp#27;[0m io.appium.settings is already running. There is no need to reset its permissions.
&amp#27;[38;5;106m[2f90439a]&amp#27;[0m&amp#27;[38;5;160m[Logcat]&amp#27;[0m Starting logs capture with command: C:\\Users\\Testriq\\AppData\\Local\\Android\\Sdk\\platform-tools\\adb.exe -P 5037 -s 2A131FDH200HX6 logcat -v threadtime
&amp#27;[38;5;106m[2f90439a]&amp#27;[0m&amp#27;[38;5;229m[ADB]&amp#27;[0m Running 'C:\Users\Testriq\AppData\Local\Android\Sdk\platform-tools\adb.exe -P 5037 -s 2A131FDH200HX6 shell appops set io.appium.settings android:mock_location allow'
&amp#27;[38;5;106m[2f90439a]&amp#27;[0m&amp#27;[38;5;229m[ADB]&amp#27;[0m Running 'C:\Users\Testriq\AppData\Local\Android\Sdk\platform-tools\adb.exe -P 5037 -s 2A131FDH200HX6 shell "[ -e '/data/local/tmp/mock_apps.json' ] && echo __PASS__"'
&amp#27;[38;5;106m[2f90439a]&amp#27;[0m&amp#27;[38;5;229m[ADB]&amp#27;[0m Running 'C:\Users\Testriq\AppData\Local\Android\Sdk\platform-tools\adb.exe -P 5037 -s 2A131FDH200HX6 shell cat /data/local/tmp/mock_apps.json'
&amp#27;[38;5;106m[2f90439a]&amp#27;[0m&amp#27;[38;5;-3m[AndroidUiautomator2Driver@3cd0]&amp#27;[0m Forwarding UiAutomator2 Server port 6790 to local port 8204
&amp#27;[38;5;106m[2f90439a]&amp#27;[0m&amp#27;[38;5;229m[ADB]&amp#27;[0m Forwarding system: 8204 to device: 6790
&amp#27;[38;5;106m[2f90439a]&amp#27;[0m&amp#27;[38;5;229m[ADB]&amp#27;[0m Running 'C:\Users\Testriq\AppData\Local\Android\Sdk\platform-tools\adb.exe -P 5037 -s 2A131FDH200HX6 forward tcp:8204 tcp:6790'
&amp#27;[38;5;106m[2f90439a]&amp#27;[0m&amp#27;[38;5;229m[ADB]&amp#27;[0m Getting package info for 'io.appium.uiautomator2.server'
&amp#27;[38;5;106m[2f90439a]&amp#27;[0m&amp#27;[38;5;229m[ADB]&amp#27;[0m Running 'C:\Users\Testriq\AppData\Local\Android\Sdk\platform-tools\adb.exe -P 5037 -s 2A131FDH200HX6 shell dumpsys package io.appium.uiautomator2.server'
&amp#27;[38;5;106m[2f90439a]&amp#27;[0m&amp#27;[38;5;229m[ADB]&amp#27;[0m Getting install status for io.appium.uiautomator2.server.test
&amp#27;[38;5;106m[2f90439a]&amp#27;[0m&amp#27;[38;5;229m[ADB]&amp#27;[0m Checking app cert for G:\Automation Projects\testriq\src\main\java\apps\mda-2.2.0-25.apk
&amp#27;[38;5;106m[2f90439a]&amp#27;[0m&amp#27;[38;5;229m[ADB]&amp#27;[0m Running 'C:\Users\Testriq\AppData\Local\Android\Sdk\platform-tools\adb.exe -P 5037 -s 2A131FDH200HX6 shell cmd package list packages'
&amp#27;[38;5;106m[2f90439a]&amp#27;[0m&amp#27;[38;5;229m[ADB]&amp#27;[0m Using the previously cached signature entry for 'mda-2.2.0-25.apk'
&amp#27;[38;5;106m[2f90439a]&amp#27;[0m&amp#27;[38;5;229m[ADB]&amp#27;[0m Getting package info for 'com.saucelabs.mydemoapp.android'
&amp#27;[38;5;106m[2f90439a]&amp#27;[0m&amp#27;[38;5;229m[ADB]&amp#27;[0m Running 'C:\Users\Testriq\AppData\Local\Android\Sdk\platform-tools\adb.exe -P 5037 -s 2A131FDH200HX6 shell dumpsys package com.saucelabs.mydemoapp.android'
&amp#27;[38;5;106m[2f90439a]&amp#27;[0m&amp#27;[38;5;229m[ADB]&amp#27;[0m 'io.appium.uiautomator2.server.test' is installed
&amp#27;[38;5;106m[2f90439a]&amp#27;[0m&amp#27;[38;5;229m[ADB]&amp#27;[0m Reading package manifest: 'C:\\Users\\Testriq\\AppData\\Local\\Android\\Sdk\\build-tools\\34.0.0\\aapt2.exe dump badging C:\\Users\\Testriq\\.appium\\node_modules\\appium-uiautomator2-driver\\node_modules\\appium-uiautomator2-server\\apks\\appium-uiautomator2-server-v7.0.25.apk'
&amp#27;[38;5;106m[2f90439a]&amp#27;[0m&amp#27;[38;5;229m[ADB]&amp#27;[0m Reading package manifest: 'C:\\Users\\Testriq\\AppData\\Local\\Android\\Sdk\\build-tools\\34.0.0\\aapt2.exe dump badging 'G:\\Automation Projects\\testriq\\src\\main\\java\\apps\\mda-2.2.0-25.apk''
&amp#27;[38;5;106m[2f90439a]&amp#27;[0m&amp#27;[38;5;229m[ADB]&amp#27;[0m The version name of the installed 'io.appium.uiautomator2.server' is greater or equal to the application version name ('7.0.25' >= '7.0.25')
&amp#27;[38;5;106m[2f90439a]&amp#27;[0m&amp#27;[38;5;-3m[AndroidUiautomator2Driver@3cd0]&amp#27;[0m Server packages status: [{"installState":"sameVersionInstalled","appPath":"C:\\Users\\Testriq\\.appium\\node_modules\\appium-uiautomator2-driver\\node_modules\\appium-uiautomator2-server\\apks\\appium-uiautomator2-server-v7.0.25.apk","appId":"io.appium.uiautomator2.server"},{"installState":"sameVersionInstalled","appPath":"C:\\Users\\Testriq\\.appium\\node_modules\\appium-uiautomator2-driver\\node_modules\\appium-uiautomator2-server\\apks\\appium-uiautomator2-server-debug-androidTest.apk","appId":"io.appium.uiautomator2.server.test"}]
&amp#27;[38;5;106m[2f90439a]&amp#27;[0m&amp#27;[38;5;-3m[AndroidUiautomator2Driver@3cd0]&amp#27;[0m Server packages are not going to be (re)installed
&amp#27;[38;5;106m[2f90439a]&amp#27;[0m&amp#27;[38;5;-3m[AndroidUiautomator2Driver@3cd0]&amp#27;[0m Waiting up to 30000ms for services to be available
&amp#27;[38;5;106m[2f90439a]&amp#27;[0m&amp#27;[38;5;229m[ADB]&amp#27;[0m Running 'C:\Users\Testriq\AppData\Local\Android\Sdk\platform-tools\adb.exe -P 5037 -s 2A131FDH200HX6 shell pm list instrumentation'
&amp#27;[38;5;106m[2f90439a]&amp#27;[0m&amp#27;[38;5;-3m[AndroidUiautomator2Driver@3cd0]&amp#27;[0m Instrumentation target 'io.appium.uiautomator2.server.test/androidx.test.runner.AndroidJUnitRunner' is available
&amp#27;[38;5;106m[2f90439a]&amp#27;[0m&amp#27;[38;5;229m[ADB]&amp#27;[0m Adding packages ["io.appium.settings","io.appium.uiautomator2.server","io.appium.uiautomator2.server.test"] to Doze whitelist
&amp#27;[38;5;106m[2f90439a]&amp#27;[0m&amp#27;[38;5;229m[ADB]&amp#27;[0m Got the following command chunks to execute: [["dumpsys","deviceidle","whitelist","+io.appium.settings",";","dumpsys","deviceidle","whitelist","+io.appium.uiautomator2.server",";","dumpsys","deviceidle","whitelist","+io.appium.uiautomator2.server.test",";"]]
&amp#27;[38;5;106m[2f90439a]&amp#27;[0m&amp#27;[38;5;229m[ADB]&amp#27;[0m Running 'C:\Users\Testriq\AppData\Local\Android\Sdk\platform-tools\adb.exe -P 5037 -s 2A131FDH200HX6 shell dumpsys deviceidle whitelist +io.appium.settings ; dumpsys deviceidle whitelist +io.appium.uiautomator2.server ; dumpsys deviceidle whitelist +io.appium.uiautomator2.server.test ;'
&amp#27;[38;5;106m[2f90439a]&amp#27;[0m&amp#27;[38;5;229m[ADB]&amp#27;[0m The version name of the installed 'com.saucelabs.mydemoapp.android' is greater or equal to the application version name ('2.2.0' >= '2.2.0')
&amp#27;[38;5;106m[2f90439a]&amp#27;[0m&amp#27;[38;5;229m[ADB]&amp#27;[0m There is no need to install/upgrade 'G:\Automation Projects\testriq\src\main\java\apps\mda-2.2.0-25.apk'
&amp#27;[38;5;106m[2f90439a]&amp#27;[0m&amp#27;[38;5;-3m[AndroidUiautomator2Driver@3cd0]&amp#27;[0m Performing fast reset on 'com.saucelabs.mydemoapp.android'
&amp#27;[38;5;106m[2f90439a]&amp#27;[0m&amp#27;[38;5;229m[ADB]&amp#27;[0m Getting install status for com.saucelabs.mydemoapp.android
&amp#27;[38;5;106m[2f90439a]&amp#27;[0m&amp#27;[38;5;229m[ADB]&amp#27;[0m Running 'C:\Users\Testriq\AppData\Local\Android\Sdk\platform-tools\adb.exe -P 5037 -s 2A131FDH200HX6 shell cmd package list packages'
&amp#27;[38;5;106m[2f90439a]&amp#27;[0m&amp#27;[38;5;229m[ADB]&amp#27;[0m 'com.saucelabs.mydemoapp.android' is installed
&amp#27;[38;5;106m[2f90439a]&amp#27;[0m&amp#27;[38;5;229m[ADB]&amp#27;[0m Running 'C:\Users\Testriq\AppData\Local\Android\Sdk\platform-tools\adb.exe -P 5037 -s 2A131FDH200HX6 shell am force-stop com.saucelabs.mydemoapp.android'
&amp#27;[38;5;106m[2f90439a]&amp#27;[0m&amp#27;[38;5;229m[ADB]&amp#27;[0m Running 'C:\Users\Testriq\AppData\Local\Android\Sdk\platform-tools\adb.exe -P 5037 -s 2A131FDH200HX6 shell pm clear com.saucelabs.mydemoapp.android'
&amp#27;[38;5;106m[2f90439a]&amp#27;[0m&amp#27;[38;5;229m[ADB]&amp#27;[0m Running 'C:\Users\Testriq\AppData\Local\Android\Sdk\platform-tools\adb.exe -P 5037 -s 2A131FDH200HX6 shell dumpsys package com.saucelabs.mydemoapp.android'
&amp#27;[38;5;106m[2f90439a]&amp#27;[0m&amp#27;[38;5;229m[ADB]&amp#27;[0m Retrieving requested permissions
&amp#27;[38;5;106m[2f90439a]&amp#27;[0m&amp#27;[38;5;229m[ADB]&amp#27;[0m Retrieved 30 permissions from requested group
&amp#27;[38;5;106m[2f90439a]&amp#27;[0m&amp#27;[38;5;229m[ADB]&amp#27;[0m Retrieving granted permissions
&amp#27;[38;5;106m[2f90439a]&amp#27;[0m&amp#27;[38;5;229m[ADB]&amp#27;[0m Retrieved 5 permissions from install,runtime groups
&amp#27;[38;5;106m[2f90439a]&amp#27;[0m&amp#27;[38;5;229m[ADB]&amp#27;[0m Granting permissions ["android.permission.POST_NOTIFICATIONS","android.permission.ACCESS_FINE_LOCATION","android.permission.READ_MEDIA_VISUAL_USER_SELECTED","android.permission.READ_EXTERNAL_STORAGE","android.permission.ACCESS_COARSE_LOCATION","android.permission.READ_MEDIA_IMAGES","android.permission.CAMERA","android.permission.READ_MEDIA_AUDIO","android.permission.READ_MEDIA_VIDEO","android.permission.WRITE_EXTERNAL_STORAGE","android.permission.POST_NOTIFICATIONS","android.permission.ACCESS_FINE_LOCATION","android.permission.READ_MEDIA_VISUAL_USER_SELECTED","android.permission.READ_EXTERNAL_STORAGE","android.permission.ACCESS_COARSE_LOCATION","android.permission.READ_MEDIA_IMAGES","android.permission.CAMERA","android.permission.READ_MEDIA_AUDIO","android.permission.READ_MEDIA_VIDEO","android.permission.WRITE_EXTERNAL_STORAGE"] to 'com.saucelabs.mydemoapp.android'
&amp#27;[38;5;106m[2f90439a]&amp#27;[0m&amp#27;[38;5;229m[ADB]&amp#27;[0m Got the following command chunks to execute: [["pm","grant","com.saucelabs.mydemoapp.android","android.permission.POST_NOTIFICATIONS",";","pm","grant","com.saucelabs.mydemoapp.android","android.permission.ACCESS_FINE_LOCATION",";","pm","grant","com.saucelabs.mydemoapp.android","android.permission.READ_MEDIA_VISUAL_USER_SELECTED",";","pm","grant","com.saucelabs.mydemoapp.android","android.permission.READ_EXTERNAL_STORAGE",";","pm","grant","com.saucelabs.mydemoapp.android","android.permission.ACCESS_COARSE_LOCATION",";","pm","grant","com.saucelabs.mydemoapp.android","android.permission.READ_MEDIA_IMAGES",";","pm","grant","com.saucelabs.mydemoapp.android","android.permission.CAMERA",";","pm","grant","com.saucelabs.mydemoapp.android","android.permission.READ_MEDIA_AUDIO",";","pm","grant","com.saucelabs.mydemoapp.android","android.permission.READ_MEDIA_VIDEO",";","pm","grant","com.saucelabs.mydemoapp.android","android.permission.WRITE_EXTERNAL_STORAGE",";","pm","grant","com.saucelabs.mydemoapp.android","android.permission.POST_NOTIFICATIONS",";","pm","grant","com.saucelabs.mydemoapp.android","android.permission.ACCESS_FINE_LOCATION",";"],["pm","grant","com.saucelabs.mydemoapp.android","android.permission.READ_MEDIA_VISUAL_USER_SELECTED",";","pm","grant","com.saucelabs.mydemoapp.android","android.permission.READ_EXTERNAL_STORAGE",";","pm","grant","com.saucelabs.mydemoapp.android","android.permission.ACCESS_COARSE_LOCATION",";","pm","grant","com.saucelabs.mydemoapp.android","android.permission.READ_MEDIA_IMAGES",";","pm","grant","com.saucelabs.mydemoapp.android","android.permission.CAMERA",";","pm","grant","com.saucelabs.mydemoapp.android","android.permission.READ_MEDIA_AUDIO",";","pm","grant","com.saucelabs.mydemoapp.android","android.permission.READ_MEDIA_VIDEO",";","pm","grant","com.saucelabs.mydemoapp.android","android.permission.WRITE_EXTERNAL_STORAGE",";"]]
&amp#27;[38;5;106m[2f90439a]&amp#27;[0m&amp#27;[38;5;229m[ADB]&amp#27;[0m Running 'C:\Users\Testriq\AppData\Local\Android\Sdk\platform-tools\adb.exe -P 5037 -s 2A131FDH200HX6 shell pm grant com.saucelabs.mydemoapp.android android.permission.POST_NOTIFICATIONS ; pm grant com.saucelabs.mydemoapp.android android.permission.ACCESS_FINE_LOCATION ; pm grant com.saucelabs.mydemoapp.android android.permission.READ_MEDIA_VISUAL_USER_SELECTED ; pm grant com.saucelabs.mydemoapp.android android.permission.READ_EXTERNAL_STORAGE ; pm grant com.saucelabs.mydemoapp.android android.permission.ACCESS_COARSE_LOCATION ; pm grant com.saucelabs.mydemoapp.android android.permission.READ_MEDIA_IMAGES ; pm grant com.saucelabs.mydemoapp.android android.permission.CAMERA ; pm grant com.saucelabs.mydemoapp.android android.permission.READ_MEDIA_AUDIO ; pm grant com.saucelabs.mydemoapp.android android.permission.READ_MEDIA_VIDEO ; pm grant com.saucelabs.mydemoapp.android android.permission.WRITE_EXTERNAL_STORAGE ; pm grant com.saucelabs.mydemoapp.android android.permission.POST_NOTIFICATIONS ; pm grant com.saucelabs.mydemoapp.android android.permission.ACCESS_FINE_LOCATION ;'
&amp#27;[38;5;112m[Appium]&amp#27;[0m Welcome to Appium v2.11.5 (REV 4eddc999c5d9b705e7356152d2d5953a0dda3720)
&amp#27;[38;5;112m[Appium]&amp#27;[0m Non-default server args:
&amp#27;[38;5;112m[Appium]&amp#27;[0m { address: &amp#27;[32m'127.0.0.1'&amp#27;[39m }
&amp#27;[38;5;112m[Appium]&amp#27;[0m The autodetected Appium home path: C:\Users\Testriq\.appium
&amp#27;[38;5;112m[Appium]&amp#27;[0m Attempting to load driver uiautomator2...
&amp#27;[38;5;112m[Appium]&amp#27;[0m Requiring driver at C:\Users\Testriq\.appium\node_modules\appium-uiautomator2-driver\build\index.js
&amp#27;[38;5;106m[2f90439a]&amp#27;[0m&amp#27;[38;5;229m[ADB]&amp#27;[0m Running 'C:\Users\Testriq\AppData\Local\Android\Sdk\platform-tools\adb.exe -P 5037 -s 2A131FDH200HX6 shell pm grant com.saucelabs.mydemoapp.android android.permission.READ_MEDIA_VISUAL_USER_SELECTED ; pm grant com.saucelabs.mydemoapp.android android.permission.READ_EXTERNAL_STORAGE ; pm grant com.saucelabs.mydemoapp.android android.permission.ACCESS_COARSE_LOCATION ; pm grant com.saucelabs.mydemoapp.android android.permission.READ_MEDIA_IMAGES ; pm grant com.saucelabs.mydemoapp.android android.permission.CAMERA ; pm grant com.saucelabs.mydemoapp.android android.permission.READ_MEDIA_AUDIO ; pm grant com.saucelabs.mydemoapp.android android.permission.READ_MEDIA_VIDEO ; pm grant com.saucelabs.mydemoapp.android android.permission.WRITE_EXTERNAL_STORAGE ;'
&amp#27;[38;5;106m[2f90439a]&amp#27;[0m&amp#27;[38;5;-3m[AndroidUiautomator2Driver@3cd0]&amp#27;[0m Performed fast reset on the installed 'com.saucelabs.mydemoapp.android' application (stop and clear)
&amp#27;[38;5;106m[2f90439a]&amp#27;[0m&amp#27;[38;5;-3m[AndroidUiautomator2Driver@3cd0]&amp#27;[0m Performing shallow cleanup of automation leftovers
&amp#27;[38;5;106m[2f90439a]&amp#27;[0m&amp#27;[38;5;-3m[AndroidUiautomator2Driver@3cd0]&amp#27;[0m The following obsolete sessions are still running: ["9b051ccc-74d2-4692-aa9a-3e9dca49b1cf"]
&amp#27;[38;5;106m[2f90439a]&amp#27;[0m&amp#27;[38;5;-3m[AndroidUiautomator2Driver@3cd0]&amp#27;[0m Cleaning up 1 obsolete session
&amp#27;[38;5;112m[Appium]&amp#27;[0m AndroidUiautomator2Driver has been successfully loaded in 1.119s
&amp#27;[38;5;86m[HTTP]&amp#27;[0m Could not start REST http interface listener. The requested port may already be in use. Please make sure there is no other instance of this server running already.
&amp#27;[38;5;112m[Appium]&amp#27;[0m Could not configure Appium server. It's possible that a driver or plugin tried to update the server and failed. Original error: listen EADDRINUSE: address already in use 127.0.0.1:4723
&amp#27;[38;5;112m[Appium]&amp#27;[0m Error: listen EADDRINUSE: address already in use 127.0.0.1:4723
    at Server.setupListenHandle [as _listen2] (node:net:1904:16)
    at listenInCluster (node:net:1961:12)
    at doListen (node:net:2135:7)
    at processTicksAndRejections (node:internal/process/task_queues:83:21)
&amp#27;[38;5;217m[8bf7fb40]&amp#27;[0m&amp#27;[38;5;11m[AndroidUiautomator2Driver@bae4]&amp#27;[0m [Instrumentation] io.appium.uiautomator2.server.test.AppiumUiAutomator2Server:.
&amp#27;[38;5;217m[8bf7fb40]&amp#27;[0m&amp#27;[38;5;11m[AndroidUiautomator2Driver@bae4]&amp#27;[0m [Instrumentation] 
&amp#27;[38;5;217m[8bf7fb40]&amp#27;[0m&amp#27;[38;5;11m[AndroidUiautomator2Driver@bae4]&amp#27;[0m [Instrumentation] Time: 6.037
&amp#27;[38;5;217m[8bf7fb40]&amp#27;[0m&amp#27;[38;5;11m[AndroidUiautomator2Driver@bae4]&amp#27;[0m [Instrumentation] 
&amp#27;[38;5;217m[8bf7fb40]&amp#27;[0m&amp#27;[38;5;11m[AndroidUiautomator2Driver@bae4]&amp#27;[0m [Instrumentation] OK (1 test)
&amp#27;[38;5;217m[8bf7fb40]&amp#27;[0m&amp#27;[38;5;11m[AndroidUiautomator2Driver@bae4]&amp#27;[0m [Instrumentation] 
&amp#27;[38;5;217m[8bf7fb40]&amp#27;[0m&amp#27;[38;5;11m[AndroidUiautomator2Driver@bae4]&amp#27;[0m [Instrumentation] 
&amp#27;[38;5;217m[8bf7fb40]&amp#27;[0m&amp#27;[38;5;11m[AndroidUiautomator2Driver@bae4]&amp#27;[0m [Instrumentation] The process has exited with code 0, signal null
&amp#27;[38;5;106m[2f90439a]&amp#27;[0m&amp#27;[38;5;229m[ADB]&amp#27;[0m Running 'C:\Users\Testriq\AppData\Local\Android\Sdk\platform-tools\adb.exe -P 5037 -s 2A131FDH200HX6 shell am force-stop io.appium.uiautomator2.server'
&amp#27;[38;5;106m[2f90439a]&amp#27;[0m&amp#27;[38;5;229m[ADB]&amp#27;[0m Running 'C:\Users\Testriq\AppData\Local\Android\Sdk\platform-tools\adb.exe -P 5037 -s 2A131FDH200HX6 shell am force-stop io.appium.uiautomator2.server.test'
&amp#27;[38;5;106m[2f90439a]&amp#27;[0m&amp#27;[38;5;-3m[AndroidUiautomator2Driver@3cd0]&amp#27;[0m Starting UIAutomator2 server 7.0.25
&amp#27;[38;5;106m[2f90439a]&amp#27;[0m&amp#27;[38;5;-3m[AndroidUiautomator2Driver@3cd0]&amp#27;[0m Using UIAutomator2 server from 'C:\Users\Testriq\.appium\node_modules\appium-uiautomator2-driver\node_modules\appium-uiautomator2-server\apks\appium-uiautomator2-server-v7.0.25.apk' and test from 'C:\Users\Testriq\.appium\node_modules\appium-uiautomator2-driver\node_modules\appium-uiautomator2-server\apks\appium-uiautomator2-server-debug-androidTest.apk'
&amp#27;[38;5;106m[2f90439a]&amp#27;[0m&amp#27;[38;5;-3m[AndroidUiautomator2Driver@3cd0]&amp#27;[0m Waiting up to 30000ms for UiAutomator2 to be online...
&amp#27;[38;5;106m[2f90439a]&amp#27;[0m&amp#27;[38;5;229m[ADB]&amp#27;[0m Creating ADB subprocess with args: ["-P","5037","-s","2A131FDH200HX6","shell","am","instrument","-w","-e","disableAnalytics","true","io.appium.uiautomator2.server.test/androidx.test.runner.AndroidJUnitRunner"]
&amp#27;[38;5;106m[2f90439a]&amp#27;[0m&amp#27;[38;5;-3m[AndroidUiautomator2Driver@3cd0]&amp#27;[0m Matched '/status' to command name 'getStatus'
&amp#27;[38;5;106m[2f90439a]&amp#27;[0m&amp#27;[38;5;-3m[AndroidUiautomator2Driver@3cd0]&amp#27;[0m Proxying [GET /status] to [GET http://127.0.0.1:8204/status] with no body
&amp#27;[38;5;106m[2f90439a]&amp#27;[0m&amp#27;[38;5;-3m[AndroidUiautomator2Driver@3cd0]&amp#27;[0m socket hang up
&amp#27;[38;5;106m[2f90439a]&amp#27;[0m&amp#27;[38;5;-3m[AndroidUiautomator2Driver@3cd0]&amp#27;[0m [Instrumentation] 
&amp#27;[38;5;106m[2f90439a]&amp#27;[0m&amp#27;[38;5;-3m[AndroidUiautomator2Driver@3cd0]&amp#27;[0m Matched '/status' to command name 'getStatus'
&amp#27;[38;5;106m[2f90439a]&amp#27;[0m&amp#27;[38;5;-3m[AndroidUiautomator2Driver@3cd0]&amp#27;[0m Proxying [GET /status] to [GET http://127.0.0.1:8204/status] with no body
&amp#27;[38;5;106m[2f90439a]&amp#27;[0m&amp#27;[38;5;-3m[AndroidUiautomator2Driver@3cd0]&amp#27;[0m socket hang up
&amp#27;[38;5;106m[2f90439a]&amp#27;[0m&amp#27;[38;5;-3m[AndroidUiautomator2Driver@3cd0]&amp#27;[0m Matched '/status' to command name 'getStatus'
&amp#27;[38;5;106m[2f90439a]&amp#27;[0m&amp#27;[38;5;-3m[AndroidUiautomator2Driver@3cd0]&amp#27;[0m Proxying [GET /status] to [GET http://127.0.0.1:8204/status] with no body
&amp#27;[38;5;106m[2f90439a]&amp#27;[0m&amp#27;[38;5;-3m[AndroidUiautomator2Driver@3cd0]&amp#27;[0m Got response with status 200: {"sessionId":"None","value":{"message":"UiAutomator2 Server is ready to accept commands","ready":true}}
&amp#27;[38;5;106m[2f90439a]&amp#27;[0m&amp#27;[38;5;-3m[AndroidUiautomator2Driver@3cd0]&amp#27;[0m The initialization of the instrumentation process took 2120ms
&amp#27;[38;5;106m[2f90439a]&amp#27;[0m&amp#27;[38;5;-3m[AndroidUiautomator2Driver@3cd0]&amp#27;[0m Matched '/session' to command name 'createSession'
&amp#27;[38;5;106m[2f90439a]&amp#27;[0m&amp#27;[38;5;-3m[AndroidUiautomator2Driver@3cd0]&amp#27;[0m Proxying [POST /session] to [POST http://127.0.0.1:8204/session] with body: {"capabilities":{"firstMatch":[{"platformName":"ANDROID","appPackage":"com.saucelabs.mydemoapp.android","autoGrantPermissions":true,"deviceName":"2A131FDH200HX6","app":"G:\\Automation Projects\\testriq\\src\\main\\java\\apps\\mda-2.2.0-25.apk","appActivity":"com.saucelabs.mydemoapp.android.view.activities.SplashActivity","automationName":"UIAutomator2","platform":"LINUX","webStorageEnabled":false,"takesScreenshot":true,"javascriptEnabled":true,"databaseEnabled":false,"networkConnectionEnabled":true,"locationContextEnabled":false,"warnings":{},"desired":{"platformName":"ANDROID","appPackage":"com.saucelabs.mydemoapp.android","autoGrantPermissions":true,"deviceName":"AndroidDeviceName","app":"G:\\Automation Projects\\testriq\\src\\main\\java\\apps\\mda-2.2.0-25.apk","appActivity":"com.saucelabs.mydemoapp.android.view.activities.SplashActivity","automationName":"UIAutomator2"},"deviceUDID":"2A131FDH200HX6"}],"alwaysMatch":{}}}
&amp#27;[38;5;106m[2f90439a]&amp#27;[0m&amp#27;[38;5;-3m[AndroidUiautomator2Driver@3cd0]&amp#27;[0m Got response with status 200: {"sessionId":"931a8cb1-f68e-4166-ad3b-a2731a709b37","value":{"capabilities":{"firstMatch":[{"platformName":"ANDROID","appPackage":"com.saucelabs.mydemoapp.android","autoGrantPermissions":true,"deviceName":"2A131FDH200HX6","app":"G:\\Automation Projects\\testriq\\src\\main\\java\\apps\\mda-2.2.0-25.apk","appActivity":"com.saucelabs.mydemoapp.android.view.activities.SplashActivity","automationName":"UIAutomator2","platform":"LINUX","webStorageEnabled":false,"takesScreenshot":true,"javascriptEnabled":true,"databaseEnabled":false,"networkConnectionEnabled":true,"locationContextEnabled":false,"warnings":{},"desired":{"platformName":"ANDROID","appPackage":"com.saucelabs.mydemoapp.android","autoGrantPermissions":true,"deviceName":"AndroidDeviceName","app":"G:\\Automation Projects\\testriq\\src\\main\\java\\apps\\mda-2.2.0-25.apk","appActivity":"com.saucelabs.mydemoapp.android.view.activities.SplashActivity","automationName":"UIAutomator2"},"deviceUDID":"2A131FDH200HX6"}],"alwaysMatch":{}},"sessionId":"931a8cb1-f6...
&amp#27;[38;5;106m[2f90439a]&amp#27;[0m&amp#27;[38;5;-3m[AndroidUiautomator2Driver@3cd0]&amp#27;[0m Determined the downstream protocol as 'W3C'
&amp#27;[38;5;106m[2f90439a]&amp#27;[0m&amp#27;[38;5;-3m[AndroidUiautomator2Driver@3cd0]&amp#27;[0m Proxying [GET /appium/device/pixel_ratio] to [GET http://127.0.0.1:8204/session/931a8cb1-f68e-4166-ad3b-a2731a709b37/appium/device/pixel_ratio] with no body
&amp#27;[38;5;106m[2f90439a]&amp#27;[0m&amp#27;[38;5;-3m[AndroidUiautomator2Driver@3cd0]&amp#27;[0m Matched '/appium/device/system_bars' to command name 'getSystemBars'
&amp#27;[38;5;106m[2f90439a]&amp#27;[0m&amp#27;[38;5;-3m[AndroidUiautomator2Driver@3cd0]&amp#27;[0m Proxying [GET /appium/device/system_bars] to [GET http://127.0.0.1:8204/session/931a8cb1-f68e-4166-ad3b-a2731a709b37/appium/device/system_bars] with no body
&amp#27;[38;5;106m[2f90439a]&amp#27;[0m&amp#27;[38;5;-3m[AndroidUiautomator2Driver@3cd0]&amp#27;[0m Matched '/window/current/size' to command name 'getWindowSize'
&amp#27;[38;5;106m[2f90439a]&amp#27;[0m&amp#27;[38;5;-3m[AndroidUiautomator2Driver@3cd0]&amp#27;[0m Proxying [GET /window/current/size] to [GET http://127.0.0.1:8204/session/931a8cb1-f68e-4166-ad3b-a2731a709b37/window/current/size] with no body
&amp#27;[38;5;106m[2f90439a]&amp#27;[0m&amp#27;[38;5;-3m[AndroidUiautomator2Driver@3cd0]&amp#27;[0m Proxying [GET /appium/device/info] to [GET http://127.0.0.1:8204/session/931a8cb1-f68e-4166-ad3b-a2731a709b37/appium/device/info] with no body
&amp#27;[38;5;106m[2f90439a]&amp#27;[0m&amp#27;[38;5;229m[ADB]&amp#27;[0m Running 'C:\Users\Testriq\AppData\Local\Android\Sdk\platform-tools\adb.exe -P 5037 -s 2A131FDH200HX6 shell dumpsys window'
&amp#27;[38;5;106m[2f90439a]&amp#27;[0m&amp#27;[38;5;229m[ADB]&amp#27;[0m Running 'C:\Users\Testriq\AppData\Local\Android\Sdk\platform-tools\adb.exe -P 5037 -s 2A131FDH200HX6 shell dumpsys power'
&amp#27;[38;5;106m[2f90439a]&amp#27;[0m&amp#27;[38;5;-3m[AndroidUiautomator2Driver@3cd0]&amp#27;[0m Got response with status 200: {"sessionId":"931a8cb1-f68e-4166-ad3b-a2731a709b37","value":2.2250001}
&amp#27;[38;5;106m[2f90439a]&amp#27;[0m&amp#27;[38;5;-3m[AndroidUiautomator2Driver@3cd0]&amp#27;[0m Got response with status 200: {"sessionId":"931a8cb1-f68e-4166-ad3b-a2731a709b37","value":{"statusBar":136}}
&amp#27;[38;5;106m[2f90439a]&amp#27;[0m&amp#27;[38;5;-3m[AndroidUiautomator2Driver@3cd0]&amp#27;[0m Got response with status 200: {"sessionId":"931a8cb1-f68e-4166-ad3b-a2731a709b37","value":{"height":2400,"width":1080}}
&amp#27;[38;5;106m[2f90439a]&amp#27;[0m&amp#27;[38;5;-3m[AndroidUiautomator2Driver@3cd0]&amp#27;[0m Got response with status 200: {"sessionId":"931a8cb1-f68e-4166-ad3b-a2731a709b37","value":{"androidId":"7781aa28ec4e674f","apiVersion":"35","bluetooth":{"state":"ON"},"brand":"google","carrierName":"","displayDensity":356,"locale":"en_US","manufacturer":"Google","model":"Pixel 7","networks":[{"capabilities":{"SSID":null,"linkDownBandwidthKbps":29972,"linkUpstreamBandwidthKbps":24945,"networkCapabilities":"NET_CAPABILITY_NOT_METERED,NET_CAPABILITY_INTERNET,NET_CAPABILITY_NOT_RESTRICTED,NET_CAPABILITY_TRUSTED,NET_CAPABILITY_NOT_VPN,NET_CAPABILITY_VALIDATED,NET_CAPABILITY_NOT_ROAMING,NET_CAPABILITY_FOREGROUND,NET_CAPABILITY_NOT_CONGESTED,NET_CAPABILITY_NOT_SUSPENDED","signalStrength":-59,"transportTypes":"TRANSPORT_WIFI"},"detailedState":"CONNECTED","extraInfo":"","isAvailable":true,"isConnected":true,"isFailover":false,"isRoaming":false,"state":"CONNECTED","subtype":-1,"subtypeName":"","type":1,"typeName":"WIFI"}],"platformVersion":"15","realDisplaySize":"1080x2400","timeZone":"Asia/Kolkata"}}
&amp#27;[38;5;106m[2f90439a]&amp#27;[0m&amp#27;[38;5;-3m[AndroidUiautomator2Driver@3cd0]&amp#27;[0m Screen already unlocked, doing nothing
&amp#27;[38;5;106m[2f90439a]&amp#27;[0m&amp#27;[38;5;-3m[AndroidUiautomator2Driver@3cd0]&amp#27;[0m Starting 'com.saucelabs.mydemoapp.android/com.saucelabs.mydemoapp.android.view.activities.SplashActivity and waiting for 'com.saucelabs.mydemoapp.android/com.saucelabs.mydemoapp.android.view.activities.SplashActivity'
&amp#27;[38;5;106m[2f90439a]&amp#27;[0m&amp#27;[38;5;229m[ADB]&amp#27;[0m Running 'C:\Users\Testriq\AppData\Local\Android\Sdk\platform-tools\adb.exe -P 5037 -s 2A131FDH200HX6 shell am start -W -n com.saucelabs.mydemoapp.android/com.saucelabs.mydemoapp.android.view.activities.SplashActivity -S -a android.intent.action.MAIN -c android.intent.category.LAUNCHER -f 0x10200000'
&amp#27;[38;5;106m[2f90439a]&amp#27;[0m&amp#27;[38;5;23m[AppiumDriver@398a]&amp#27;[0m New AndroidUiautomator2Driver session created successfully, session 2f90439a-2a59-4797-89f5-2c89c9a734f9 added to master session list
&amp#27;[38;5;106m[2f90439a]&amp#27;[0m&amp#27;[38;5;23m[AppiumDriver@398a]&amp#27;[0m Event 'newSessionStarted' logged at 1737019610259 (14:56:50 GMT+0530 (India Standard Time))
&amp#27;[38;5;106m[2f90439a]&amp#27;[0m&amp#27;[38;5;-3m[AndroidUiautomator2Driver@3cd0]&amp#27;[0m Cached the protocol value 'W3C' for the new session 2f90439a-2a59-4797-89f5-2c89c9a734f9
&amp#27;[38;5;106m[2f90439a]&amp#27;[0m&amp#27;[38;5;-3m[AndroidUiautomator2Driver@3cd0]&amp#27;[0m Responding to client with driver.createSession() result: {"capabilities":{"platformName":"ANDROID","appPackage":"com.saucelabs.mydemoapp.android","autoGrantPermissions":true,"deviceName":"2A131FDH200HX6","app":"G:\\Automation Projects\\testriq\\src\\main\\java\\apps\\mda-2.2.0-25.apk","appActivity":"com.saucelabs.mydemoapp.android.view.activities.SplashActivity","automationName":"UIAutomator2","platform":"LINUX","webStorageEnabled":false,"takesScreenshot":true,"javascriptEnabled":true,"databaseEnabled":false,"networkConnectionEnabled":true,"locationContextEnabled":false,"warnings":{},"desired":{"platformName":"ANDROID","appPackage":"com.saucelabs.mydemoapp.android","autoGrantPermissions":true,"deviceName":"AndroidDeviceName","app":"G:\\Automation Projects\\testriq\\src\\main\\java\\apps\\mda-2.2.0-25.apk","appActivity":"com.saucelabs.mydemoapp.android.view.activities.SplashActivity","automationName":"UIAutomator2"},"deviceUDID":"2A131FDH200HX6","pixelRatio":"2.2250001","statBarHeight":136,"viewportRect":{"left":0,"top":136,"width":1080,"height":2264},"deviceApiL...
&amp#27;[38;5;106m[2f90439a]&amp#27;[0m&amp#27;[38;5;86m[HTTP]&amp#27;[0m &amp#27;[37m<-- POST /session &amp#27;[39m&amp#27;[32m200&amp#27;[39m &amp#27;[90m7439 ms - 1226&amp#27;[39m &amp#27;[90m&amp#27;[39m
&amp#27;[38;5;106m[2f90439a]&amp#27;[0m&amp#27;[38;5;86m[HTTP]&amp#27;[0m &amp#27;[37m-->&amp#27;[39m &amp#27;[37mPOST&amp#27;[39m &amp#27;[37m/session/2f90439a-2a59-4797-89f5-2c89c9a734f9/timeouts&amp#27;[39m &amp#27;[90m{"implicit":15000}&amp#27;[39m
&amp#27;[38;5;106m[2f90439a]&amp#27;[0m&amp#27;[38;5;-3m[AndroidUiautomator2Driver@3cd0]&amp#27;[0m Calling AppiumDriver.timeouts() with args: [null,null,null,null,15000,"2f90439a-2a59-4797-89f5-2c89c9a734f9"]
&amp#27;[38;5;106m[2f90439a]&amp#27;[0m&amp#27;[38;5;-3m[AndroidUiautomator2Driver@3cd0]&amp#27;[0m W3C timeout argument: {"implicit":15000}}
&amp#27;[38;5;106m[2f90439a]&amp#27;[0m&amp#27;[38;5;-3m[AndroidUiautomator2Driver@3cd0]&amp#27;[0m Set implicit wait to 15000ms
&amp#27;[38;5;106m[2f90439a]&amp#27;[0m&amp#27;[38;5;-3m[AndroidUiautomator2Driver@3cd0]&amp#27;[0m Responding to client with driver.timeouts() result: null
&amp#27;[38;5;106m[2f90439a]&amp#27;[0m&amp#27;[38;5;86m[HTTP]&amp#27;[0m &amp#27;[37m<-- POST /session/2f90439a-2a59-4797-89f5-2c89c9a734f9/timeouts &amp#27;[39m&amp#27;[32m200&amp#27;[39m &amp#27;[90m3 ms - 14&amp#27;[39m &amp#27;[90m&amp#27;[39m
&amp#27;[38;5;106m[2f90439a]&amp#27;[0m&amp#27;[38;5;86m[HTTP]&amp#27;[0m &amp#27;[37m-->&amp#27;[39m &amp#27;[37mGET&amp#27;[39m &amp#27;[37m/session/2f90439a-2a59-4797-89f5-2c89c9a734f9/context&amp#27;[39m &amp#27;[90m{}&amp#27;[39m
&amp#27;[38;5;106m[2f90439a]&amp#27;[0m&amp#27;[38;5;-3m[AndroidUiautomator2Driver@3cd0]&amp#27;[0m Calling AppiumDriver.getCurrentContext() with args: ["2f90439a-2a59-4797-89f5-2c89c9a734f9"]
&amp#27;[38;5;106m[2f90439a]&amp#27;[0m&amp#27;[38;5;-3m[AndroidUiautomator2Driver@3cd0]&amp#27;[0m Responding to client with driver.getCurrentContext() result: "NATIVE_APP"
&amp#27;[38;5;106m[2f90439a]&amp#27;[0m&amp#27;[38;5;86m[HTTP]&amp#27;[0m &amp#27;[37m<-- GET /session/2f90439a-2a59-4797-89f5-2c89c9a734f9/context &amp#27;[39m&amp#27;[32m200&amp#27;[39m &amp#27;[90m1 ms - 22&amp#27;[39m &amp#27;[90m&amp#27;[39m
&amp#27;[38;5;106m[2f90439a]&amp#27;[0m&amp#27;[38;5;86m[HTTP]&amp#27;[0m &amp#27;[37m-->&amp#27;[39m &amp#27;[37mPOST&amp#27;[39m &amp#27;[37m/session/2f90439a-2a59-4797-89f5-2c89c9a734f9/element&amp#27;[39m &amp#27;[90m{"value":"View menu","using":"accessibility id"}&amp#27;[39m
&amp#27;[38;5;106m[2f90439a]&amp#27;[0m&amp#27;[38;5;-3m[AndroidUiautomator2Driver@3cd0]&amp#27;[0m Calling AppiumDriver.findElement() with args: ["accessibility id","View menu","2f90439a-2a59-4797-89f5-2c89c9a734f9"]
&amp#27;[38;5;106m[2f90439a]&amp#27;[0m&amp#27;[38;5;-3m[AndroidUiautomator2Driver@3cd0]&amp#27;[0m Valid locator strategies for this request: xpath, id, class name, accessibility id, css selector, -android uiautomator
&amp#27;[38;5;106m[2f90439a]&amp#27;[0m&amp#27;[38;5;-3m[AndroidUiautomator2Driver@3cd0]&amp#27;[0m Waiting up to 15000 ms for condition
&amp#27;[38;5;106m[2f90439a]&amp#27;[0m&amp#27;[38;5;-3m[AndroidUiautomator2Driver@3cd0]&amp#27;[0m Matched '/element' to command name 'findElement'
&amp#27;[38;5;106m[2f90439a]&amp#27;[0m&amp#27;[38;5;-3m[AndroidUiautomator2Driver@3cd0]&amp#27;[0m Proxying [POST /element] to [POST http://127.0.0.1:8204/session/931a8cb1-f68e-4166-ad3b-a2731a709b37/element] with body: {"strategy":"accessibility id","selector":"View menu","context":"","multiple":false}
&amp#27;[38;5;106m[2f90439a]&amp#27;[0m&amp#27;[38;5;-3m[AndroidUiautomator2Driver@3cd0]&amp#27;[0m Got response with status 200: {"sessionId":"931a8cb1-f68e-4166-ad3b-a2731a709b37","value":{"ELEMENT":"00000000-0000-0a5e-ffff-ffff00000013","element-6066-11e4-a52e-4f735466cecf":"00000000-0000-0a5e-ffff-ffff00000013"}}
&amp#27;[38;5;106m[2f90439a]&amp#27;[0m&amp#27;[38;5;-3m[AndroidUiautomator2Driver@3cd0]&amp#27;[0m Responding to client with driver.findElement() result: {"element-6066-11e4-a52e-4f735466cecf":"00000000-0000-0a5e-ffff-ffff00000013","ELEMENT":"00000000-0000-0a5e-ffff-ffff00000013"}
&amp#27;[38;5;106m[2f90439a]&amp#27;[0m&amp#27;[38;5;86m[HTTP]&amp#27;[0m &amp#27;[37m<-- POST /session/2f90439a-2a59-4797-89f5-2c89c9a734f9/element &amp#27;[39m&amp#27;[32m200&amp#27;[39m &amp#27;[90m1003 ms - 137&amp#27;[39m &amp#27;[90m&amp#27;[39m
&amp#27;[38;5;106m[2f90439a]&amp#27;[0m&amp#27;[38;5;86m[HTTP]&amp#27;[0m &amp#27;[37m-->&amp#27;[39m &amp#27;[37mPOST&amp#27;[39m &amp#27;[37m/session/2f90439a-2a59-4797-89f5-2c89c9a734f9/element/00000000-0000-0a5e-ffff-ffff00000013/click&amp#27;[39m &amp#27;[90m{"id":"00000000-0000-0a5e-ffff-ffff00000013"}&amp#27;[39m
&amp#27;[38;5;106m[2f90439a]&amp#27;[0m&amp#27;[38;5;-3m[AndroidUiautomator2Driver@3cd0]&amp#27;[0m Calling AppiumDriver.click() with args: ["00000000-0000-0a5e-ffff-ffff00000013","2f90439a-2a59-4797-89f5-2c89c9a734f9"]
&amp#27;[38;5;106m[2f90439a]&amp#27;[0m&amp#27;[38;5;-3m[AndroidUiautomator2Driver@3cd0]&amp#27;[0m Matched '/element/00000000-0000-0a5e-ffff-ffff00000013/click' to command name 'click'
&amp#27;[38;5;106m[2f90439a]&amp#27;[0m&amp#27;[38;5;-3m[AndroidUiautomator2Driver@3cd0]&amp#27;[0m Proxying [POST /element/00000000-0000-0a5e-ffff-ffff00000013/click] to [POST http://127.0.0.1:8204/session/931a8cb1-f68e-4166-ad3b-a2731a709b37/element/00000000-0000-0a5e-ffff-ffff00000013/click] with body: {"element":"00000000-0000-0a5e-ffff-ffff00000013"}
&amp#27;[38;5;106m[2f90439a]&amp#27;[0m&amp#27;[38;5;-3m[AndroidUiautomator2Driver@3cd0]&amp#27;[0m Got response with status 200: {"sessionId":"931a8cb1-f68e-4166-ad3b-a2731a709b37","value":null}
&amp#27;[38;5;106m[2f90439a]&amp#27;[0m&amp#27;[38;5;-3m[AndroidUiautomator2Driver@3cd0]&amp#27;[0m Responding to client with driver.click() result: null
&amp#27;[38;5;106m[2f90439a]&amp#27;[0m&amp#27;[38;5;86m[HTTP]&amp#27;[0m &amp#27;[37m<-- POST /session/2f90439a-2a59-4797-89f5-2c89c9a734f9/element/00000000-0000-0a5e-ffff-ffff00000013/click &amp#27;[39m&amp#27;[32m200&amp#27;[39m &amp#27;[90m968 ms - 14&amp#27;[39m &amp#27;[90m&amp#27;[39m
&amp#27;[38;5;106m[2f90439a]&amp#27;[0m&amp#27;[38;5;86m[HTTP]&amp#27;[0m &amp#27;[37m-->&amp#27;[39m &amp#27;[37mGET&amp#27;[39m &amp#27;[37m/session/2f90439a-2a59-4797-89f5-2c89c9a734f9/context&amp#27;[39m &amp#27;[90m{}&amp#27;[39m
&amp#27;[38;5;106m[2f90439a]&amp#27;[0m&amp#27;[38;5;-3m[AndroidUiautomator2Driver@3cd0]&amp#27;[0m Calling AppiumDriver.getCurrentContext() with args: ["2f90439a-2a59-4797-89f5-2c89c9a734f9"]
&amp#27;[38;5;106m[2f90439a]&amp#27;[0m&amp#27;[38;5;-3m[AndroidUiautomator2Driver@3cd0]&amp#27;[0m Responding to client with driver.getCurrentContext() result: "NATIVE_APP"
&amp#27;[38;5;106m[2f90439a]&amp#27;[0m&amp#27;[38;5;86m[HTTP]&amp#27;[0m &amp#27;[37m<-- GET /session/2f90439a-2a59-4797-89f5-2c89c9a734f9/context &amp#27;[39m&amp#27;[32m200&amp#27;[39m &amp#27;[90m2 ms - 22&amp#27;[39m &amp#27;[90m&amp#27;[39m
&amp#27;[38;5;106m[2f90439a]&amp#27;[0m&amp#27;[38;5;86m[HTTP]&amp#27;[0m &amp#27;[37m-->&amp#27;[39m &amp#27;[37mPOST&amp#27;[39m &amp#27;[37m/session/2f90439a-2a59-4797-89f5-2c89c9a734f9/element&amp#27;[39m &amp#27;[90m{"value":"Login Menu Item","using":"accessibility id"}&amp#27;[39m
&amp#27;[38;5;106m[2f90439a]&amp#27;[0m&amp#27;[38;5;-3m[AndroidUiautomator2Driver@3cd0]&amp#27;[0m Calling AppiumDriver.findElement() with args: ["accessibility id","Login Menu Item","2f90439a-2a59-4797-89f5-2c89c9a734f9"]
&amp#27;[38;5;106m[2f90439a]&amp#27;[0m&amp#27;[38;5;-3m[AndroidUiautomator2Driver@3cd0]&amp#27;[0m Valid locator strategies for this request: xpath, id, class name, accessibility id, css selector, -android uiautomator
&amp#27;[38;5;106m[2f90439a]&amp#27;[0m&amp#27;[38;5;-3m[AndroidUiautomator2Driver@3cd0]&amp#27;[0m Waiting up to 15000 ms for condition
&amp#27;[38;5;106m[2f90439a]&amp#27;[0m&amp#27;[38;5;-3m[AndroidUiautomator2Driver@3cd0]&amp#27;[0m Matched '/element' to command name 'findElement'
&amp#27;[38;5;106m[2f90439a]&amp#27;[0m&amp#27;[38;5;-3m[AndroidUiautomator2Driver@3cd0]&amp#27;[0m Proxying [POST /element] to [POST http://127.0.0.1:8204/session/931a8cb1-f68e-4166-ad3b-a2731a709b37/element] with body: {"strategy":"accessibility id","selector":"Login Menu Item","context":"","multiple":false}
&amp#27;[38;5;106m[2f90439a]&amp#27;[0m&amp#27;[38;5;-3m[AndroidUiautomator2Driver@3cd0]&amp#27;[0m Got response with status 200: {"sessionId":"931a8cb1-f68e-4166-ad3b-a2731a709b37","value":{"ELEMENT":"00000000-0000-0a5e-ffff-ffff00000059","element-6066-11e4-a52e-4f735466cecf":"00000000-0000-0a5e-ffff-ffff00000059"}}
&amp#27;[38;5;106m[2f90439a]&amp#27;[0m&amp#27;[38;5;-3m[AndroidUiautomator2Driver@3cd0]&amp#27;[0m Responding to client with driver.findElement() result: {"element-6066-11e4-a52e-4f735466cecf":"00000000-0000-0a5e-ffff-ffff00000059","ELEMENT":"00000000-0000-0a5e-ffff-ffff00000059"}
&amp#27;[38;5;106m[2f90439a]&amp#27;[0m&amp#27;[38;5;86m[HTTP]&amp#27;[0m &amp#27;[37m<-- POST /session/2f90439a-2a59-4797-89f5-2c89c9a734f9/element &amp#27;[39m&amp#27;[32m200&amp#27;[39m &amp#27;[90m290 ms - 137&amp#27;[39m &amp#27;[90m&amp#27;[39m
&amp#27;[38;5;106m[2f90439a]&amp#27;[0m&amp#27;[38;5;86m[HTTP]&amp#27;[0m &amp#27;[37m-->&amp#27;[39m &amp#27;[37mPOST&amp#27;[39m &amp#27;[37m/session/2f90439a-2a59-4797-89f5-2c89c9a734f9/element/00000000-0000-0a5e-ffff-ffff00000059/click&amp#27;[39m &amp#27;[90m{"id":"00000000-0000-0a5e-ffff-ffff00000059"}&amp#27;[39m
&amp#27;[38;5;106m[2f90439a]&amp#27;[0m&amp#27;[38;5;-3m[AndroidUiautomator2Driver@3cd0]&amp#27;[0m Calling AppiumDriver.click() with args: ["00000000-0000-0a5e-ffff-ffff00000059","2f90439a-2a59-4797-89f5-2c89c9a734f9"]
&amp#27;[38;5;106m[2f90439a]&amp#27;[0m&amp#27;[38;5;-3m[AndroidUiautomator2Driver@3cd0]&amp#27;[0m Matched '/element/00000000-0000-0a5e-ffff-ffff00000059/click' to command name 'click'
&amp#27;[38;5;106m[2f90439a]&amp#27;[0m&amp#27;[38;5;-3m[AndroidUiautomator2Driver@3cd0]&amp#27;[0m Proxying [POST /element/00000000-0000-0a5e-ffff-ffff00000059/click] to [POST http://127.0.0.1:8204/session/931a8cb1-f68e-4166-ad3b-a2731a709b37/element/00000000-0000-0a5e-ffff-ffff00000059/click] with body: {"element":"00000000-0000-0a5e-ffff-ffff00000059"}
&amp#27;[38;5;106m[2f90439a]&amp#27;[0m&amp#27;[38;5;-3m[AndroidUiautomator2Driver@3cd0]&amp#27;[0m Got response with status 200: {"sessionId":"931a8cb1-f68e-4166-ad3b-a2731a709b37","value":null}
&amp#27;[38;5;106m[2f90439a]&amp#27;[0m&amp#27;[38;5;-3m[AndroidUiautomator2Driver@3cd0]&amp#27;[0m Responding to client with driver.click() result: null
&amp#27;[38;5;106m[2f90439a]&amp#27;[0m&amp#27;[38;5;86m[HTTP]&amp#27;[0m &amp#27;[37m<-- POST /session/2f90439a-2a59-4797-89f5-2c89c9a734f9/element/00000000-0000-0a5e-ffff-ffff00000059/click &amp#27;[39m&amp#27;[32m200&amp#27;[39m &amp#27;[90m110 ms - 14&amp#27;[39m &amp#27;[90m&amp#27;[39m
&amp#27;[38;5;106m[2f90439a]&amp#27;[0m&amp#27;[38;5;86m[HTTP]&amp#27;[0m &amp#27;[37m-->&amp#27;[39m &amp#27;[37mGET&amp#27;[39m &amp#27;[37m/session/2f90439a-2a59-4797-89f5-2c89c9a734f9/context&amp#27;[39m &amp#27;[90m{}&amp#27;[39m
&amp#27;[38;5;106m[2f90439a]&amp#27;[0m&amp#27;[38;5;-3m[AndroidUiautomator2Driver@3cd0]&amp#27;[0m Calling AppiumDriver.getCurrentContext() with args: ["2f90439a-2a59-4797-89f5-2c89c9a734f9"]
&amp#27;[38;5;106m[2f90439a]&amp#27;[0m&amp#27;[38;5;-3m[AndroidUiautomator2Driver@3cd0]&amp#27;[0m Responding to client with driver.getCurrentContext() result: "NATIVE_APP"
&amp#27;[38;5;106m[2f90439a]&amp#27;[0m&amp#27;[38;5;86m[HTTP]&amp#27;[0m &amp#27;[37m<-- GET /session/2f90439a-2a59-4797-89f5-2c89c9a734f9/context &amp#27;[39m&amp#27;[32m200&amp#27;[39m &amp#27;[90m2 ms - 22&amp#27;[39m &amp#27;[90m&amp#27;[39m
&amp#27;[38;5;106m[2f90439a]&amp#27;[0m&amp#27;[38;5;86m[HTTP]&amp#27;[0m &amp#27;[37m-->&amp#27;[39m &amp#27;[37mPOST&amp#27;[39m &amp#27;[37m/session/2f90439a-2a59-4797-89f5-2c89c9a734f9/element&amp#27;[39m &amp#27;[90m{"value":"com.saucelabs.mydemoapp.android:id/nameET","using":"id"}&amp#27;[39m
&amp#27;[38;5;106m[2f90439a]&amp#27;[0m&amp#27;[38;5;-3m[AndroidUiautomator2Driver@3cd0]&amp#27;[0m Calling AppiumDriver.findElement() with args: ["id","com.saucelabs.mydemoapp.android:id/nameET","2f90439a-2a59-4797-89f5-2c89c9a734f9"]
&amp#27;[38;5;106m[2f90439a]&amp#27;[0m&amp#27;[38;5;-3m[AndroidUiautomator2Driver@3cd0]&amp#27;[0m Valid locator strategies for this request: xpath, id, class name, accessibility id, css selector, -android uiautomator
&amp#27;[38;5;106m[2f90439a]&amp#27;[0m&amp#27;[38;5;-3m[AndroidUiautomator2Driver@3cd0]&amp#27;[0m Waiting up to 15000 ms for condition
&amp#27;[38;5;106m[2f90439a]&amp#27;[0m&amp#27;[38;5;-3m[AndroidUiautomator2Driver@3cd0]&amp#27;[0m Matched '/element' to command name 'findElement'
&amp#27;[38;5;106m[2f90439a]&amp#27;[0m&amp#27;[38;5;-3m[AndroidUiautomator2Driver@3cd0]&amp#27;[0m Proxying [POST /element] to [POST http://127.0.0.1:8204/session/931a8cb1-f68e-4166-ad3b-a2731a709b37/element] with body: {"strategy":"id","selector":"com.saucelabs.mydemoapp.android:id/nameET","context":"","multiple":false}
&amp#27;[38;5;106m[2f90439a]&amp#27;[0m&amp#27;[38;5;-3m[AndroidUiautomator2Driver@3cd0]&amp#27;[0m Got response with status 200: {"sessionId":"931a8cb1-f68e-4166-ad3b-a2731a709b37","value":{"ELEMENT":"00000000-0000-0a5f-ffff-ffff0000017c","element-6066-11e4-a52e-4f735466cecf":"00000000-0000-0a5f-ffff-ffff0000017c"}}
&amp#27;[38;5;106m[2f90439a]&amp#27;[0m&amp#27;[38;5;-3m[AndroidUiautomator2Driver@3cd0]&amp#27;[0m Responding to client with driver.findElement() result: {"element-6066-11e4-a52e-4f735466cecf":"00000000-0000-0a5f-ffff-ffff0000017c","ELEMENT":"00000000-0000-0a5f-ffff-ffff0000017c"}
&amp#27;[38;5;106m[2f90439a]&amp#27;[0m&amp#27;[38;5;86m[HTTP]&amp#27;[0m &amp#27;[37m<-- POST /session/2f90439a-2a59-4797-89f5-2c89c9a734f9/element &amp#27;[39m&amp#27;[32m200&amp#27;[39m &amp#27;[90m692 ms - 137&amp#27;[39m &amp#27;[90m&amp#27;[39m
&amp#27;[38;5;106m[2f90439a]&amp#27;[0m&amp#27;[38;5;86m[HTTP]&amp#27;[0m &amp#27;[37m-->&amp#27;[39m &amp#27;[37mPOST&amp#27;[39m &amp#27;[37m/session/2f90439a-2a59-4797-89f5-2c89c9a734f9/element/00000000-0000-0a5f-ffff-ffff0000017c/click&amp#27;[39m &amp#27;[90m{"id":"00000000-0000-0a5f-ffff-ffff0000017c"}&amp#27;[39m
&amp#27;[38;5;106m[2f90439a]&amp#27;[0m&amp#27;[38;5;-3m[AndroidUiautomator2Driver@3cd0]&amp#27;[0m Calling AppiumDriver.click() with args: ["00000000-0000-0a5f-ffff-ffff0000017c","2f90439a-2a59-4797-89f5-2c89c9a734f9"]
&amp#27;[38;5;106m[2f90439a]&amp#27;[0m&amp#27;[38;5;-3m[AndroidUiautomator2Driver@3cd0]&amp#27;[0m Matched '/element/00000000-0000-0a5f-ffff-ffff0000017c/click' to command name 'click'
&amp#27;[38;5;106m[2f90439a]&amp#27;[0m&amp#27;[38;5;-3m[AndroidUiautomator2Driver@3cd0]&amp#27;[0m Proxying [POST /element/00000000-0000-0a5f-ffff-ffff0000017c/click] to [POST http://127.0.0.1:8204/session/931a8cb1-f68e-4166-ad3b-a2731a709b37/element/00000000-0000-0a5f-ffff-ffff0000017c/click] with body: {"element":"00000000-0000-0a5f-ffff-ffff0000017c"}
&amp#27;[38;5;106m[2f90439a]&amp#27;[0m&amp#27;[38;5;-3m[AndroidUiautomator2Driver@3cd0]&amp#27;[0m Got response with status 200: {"sessionId":"931a8cb1-f68e-4166-ad3b-a2731a709b37","value":null}
&amp#27;[38;5;106m[2f90439a]&amp#27;[0m&amp#27;[38;5;-3m[AndroidUiautomator2Driver@3cd0]&amp#27;[0m Responding to client with driver.click() result: null
&amp#27;[38;5;106m[2f90439a]&amp#27;[0m&amp#27;[38;5;86m[HTTP]&amp#27;[0m &amp#27;[37m<-- POST /session/2f90439a-2a59-4797-89f5-2c89c9a734f9/element/00000000-0000-0a5f-ffff-ffff0000017c/click &amp#27;[39m&amp#27;[32m200&amp#27;[39m &amp#27;[90m113 ms - 14&amp#27;[39m &amp#27;[90m&amp#27;[39m
&amp#27;[38;5;106m[2f90439a]&amp#27;[0m&amp#27;[38;5;86m[HTTP]&amp#27;[0m &amp#27;[37m-->&amp#27;[39m &amp#27;[37mGET&amp#27;[39m &amp#27;[37m/session/2f90439a-2a59-4797-89f5-2c89c9a734f9/context&amp#27;[39m &amp#27;[90m{}&amp#27;[39m
&amp#27;[38;5;106m[2f90439a]&amp#27;[0m&amp#27;[38;5;-3m[AndroidUiautomator2Driver@3cd0]&amp#27;[0m Calling AppiumDriver.getCurrentContext() with args: ["2f90439a-2a59-4797-89f5-2c89c9a734f9"]
&amp#27;[38;5;106m[2f90439a]&amp#27;[0m&amp#27;[38;5;-3m[AndroidUiautomator2Driver@3cd0]&amp#27;[0m Responding to client with driver.getCurrentContext() result: "NATIVE_APP"
&amp#27;[38;5;106m[2f90439a]&amp#27;[0m&amp#27;[38;5;86m[HTTP]&amp#27;[0m &amp#27;[37m<-- GET /session/2f90439a-2a59-4797-89f5-2c89c9a734f9/context &amp#27;[39m&amp#27;[32m200&amp#27;[39m &amp#27;[90m3 ms - 22&amp#27;[39m &amp#27;[90m&amp#27;[39m
&amp#27;[38;5;106m[2f90439a]&amp#27;[0m&amp#27;[38;5;86m[HTTP]&amp#27;[0m &amp#27;[37m-->&amp#27;[39m &amp#27;[37mPOST&amp#27;[39m &amp#27;[37m/session/2f90439a-2a59-4797-89f5-2c89c9a734f9/element&amp#27;[39m &amp#27;[90m{"value":"com.saucelabs.mydemoapp.android:id/nameET","using":"id"}&amp#27;[39m
&amp#27;[38;5;106m[2f90439a]&amp#27;[0m&amp#27;[38;5;-3m[AndroidUiautomator2Driver@3cd0]&amp#27;[0m Calling AppiumDriver.findElement() with args: ["id","com.saucelabs.mydemoapp.android:id/nameET","2f90439a-2a59-4797-89f5-2c89c9a734f9"]
&amp#27;[38;5;106m[2f90439a]&amp#27;[0m&amp#27;[38;5;-3m[AndroidUiautomator2Driver@3cd0]&amp#27;[0m Valid locator strategies for this request: xpath, id, class name, accessibility id, css selector, -android uiautomator
&amp#27;[38;5;106m[2f90439a]&amp#27;[0m&amp#27;[38;5;-3m[AndroidUiautomator2Driver@3cd0]&amp#27;[0m Waiting up to 15000 ms for condition
&amp#27;[38;5;106m[2f90439a]&amp#27;[0m&amp#27;[38;5;-3m[AndroidUiautomator2Driver@3cd0]&amp#27;[0m Matched '/element' to command name 'findElement'
&amp#27;[38;5;106m[2f90439a]&amp#27;[0m&amp#27;[38;5;-3m[AndroidUiautomator2Driver@3cd0]&amp#27;[0m Proxying [POST /element] to [POST http://127.0.0.1:8204/session/931a8cb1-f68e-4166-ad3b-a2731a709b37/element] with body: {"strategy":"id","selector":"com.saucelabs.mydemoapp.android:id/nameET","context":"","multiple":false}
&amp#27;[38;5;106m[2f90439a]&amp#27;[0m&amp#27;[38;5;-3m[AndroidUiautomator2Driver@3cd0]&amp#27;[0m Got response with status 200: {"sessionId":"931a8cb1-f68e-4166-ad3b-a2731a709b37","value":{"ELEMENT":"00000000-0000-0a5f-ffff-ffff0000017c","element-6066-11e4-a52e-4f735466cecf":"00000000-0000-0a5f-ffff-ffff0000017c"}}
&amp#27;[38;5;106m[2f90439a]&amp#27;[0m&amp#27;[38;5;-3m[AndroidUiautomator2Driver@3cd0]&amp#27;[0m Responding to client with driver.findElement() result: {"element-6066-11e4-a52e-4f735466cecf":"00000000-0000-0a5f-ffff-ffff0000017c","ELEMENT":"00000000-0000-0a5f-ffff-ffff0000017c"}
&amp#27;[38;5;106m[2f90439a]&amp#27;[0m&amp#27;[38;5;86m[HTTP]&amp#27;[0m &amp#27;[37m<-- POST /session/2f90439a-2a59-4797-89f5-2c89c9a734f9/element &amp#27;[39m&amp#27;[32m200&amp#27;[39m &amp#27;[90m824 ms - 137&amp#27;[39m &amp#27;[90m&amp#27;[39m
&amp#27;[38;5;106m[2f90439a]&amp#27;[0m&amp#27;[38;5;86m[HTTP]&amp#27;[0m &amp#27;[37m-->&amp#27;[39m &amp#27;[37mPOST&amp#27;[39m &amp#27;[37m/session/2f90439a-2a59-4797-89f5-2c89c9a734f9/element/00000000-0000-0a5f-ffff-ffff0000017c/value&amp#27;[39m &amp#27;[90m{"text":"bod@example.com","value":["b","o","d","@","e","x","a","m","p","l","e",".","c","o","m"],"id":"00000000-0000-0a5f-ffff-ffff0000017c"}&amp#27;[39m
&amp#27;[38;5;106m[2f90439a]&amp#27;[0m&amp#27;[38;5;-3m[AndroidUiautomator2Driver@3cd0]&amp#27;[0m Calling AppiumDriver.setValue() with args: [["b","o","d","@","e","x","a","m","p","l","e",".","c","o","m"],"00000000-0000-0a5f-ffff-ffff0000017c","2f90439a-2a59-4797-89f5-2c89c9a734f9"]
&amp#27;[38;5;106m[2f90439a]&amp#27;[0m&amp#27;[38;5;-3m[AndroidUiautomator2Driver@3cd0]&amp#27;[0m Matched '/element/00000000-0000-0a5f-ffff-ffff0000017c/value' to command name 'setValue'
&amp#27;[38;5;106m[2f90439a]&amp#27;[0m&amp#27;[38;5;-3m[AndroidUiautomator2Driver@3cd0]&amp#27;[0m Added 'value' property ["b","o","d","@","e","x","a","m","p","l","e",".","c","o","m"] to 'setValue' request body
&amp#27;[38;5;106m[2f90439a]&amp#27;[0m&amp#27;[38;5;-3m[AndroidUiautomator2Driver@3cd0]&amp#27;[0m Proxying [POST /element/00000000-0000-0a5f-ffff-ffff0000017c/value] to [POST http://127.0.0.1:8204/session/931a8cb1-f68e-4166-ad3b-a2731a709b37/element/00000000-0000-0a5f-ffff-ffff0000017c/value] with body: {"elementId":"00000000-0000-0a5f-ffff-ffff0000017c","text":"bod@example.com","replace":false,"value":["b","o","d","@","e","x","a","m","p","l","e",".","c","o","m"]}
&amp#27;[38;5;106m[2f90439a]&amp#27;[0m&amp#27;[38;5;-3m[AndroidUiautomator2Driver@3cd0]&amp#27;[0m Got response with status 200: {"sessionId":"931a8cb1-f68e-4166-ad3b-a2731a709b37","value":null}
&amp#27;[38;5;106m[2f90439a]&amp#27;[0m&amp#27;[38;5;-3m[AndroidUiautomator2Driver@3cd0]&amp#27;[0m Responding to client with driver.setValue() result: null
&amp#27;[38;5;106m[2f90439a]&amp#27;[0m&amp#27;[38;5;86m[HTTP]&amp#27;[0m &amp#27;[37m<-- POST /session/2f90439a-2a59-4797-89f5-2c89c9a734f9/element/00000000-0000-0a5f-ffff-ffff0000017c/value &amp#27;[39m&amp#27;[32m200&amp#27;[39m &amp#27;[90m93 ms - 14&amp#27;[39m &amp#27;[90m&amp#27;[39m
&amp#27;[38;5;106m[2f90439a]&amp#27;[0m&amp#27;[38;5;86m[HTTP]&amp#27;[0m &amp#27;[37m-->&amp#27;[39m &amp#27;[37mGET&amp#27;[39m &amp#27;[37m/session/2f90439a-2a59-4797-89f5-2c89c9a734f9/context&amp#27;[39m &amp#27;[90m{}&amp#27;[39m
&amp#27;[38;5;106m[2f90439a]&amp#27;[0m&amp#27;[38;5;-3m[AndroidUiautomator2Driver@3cd0]&amp#27;[0m Calling AppiumDriver.getCurrentContext() with args: ["2f90439a-2a59-4797-89f5-2c89c9a734f9"]
&amp#27;[38;5;106m[2f90439a]&amp#27;[0m&amp#27;[38;5;-3m[AndroidUiautomator2Driver@3cd0]&amp#27;[0m Responding to client with driver.getCurrentContext() result: "NATIVE_APP"
&amp#27;[38;5;106m[2f90439a]&amp#27;[0m&amp#27;[38;5;86m[HTTP]&amp#27;[0m &amp#27;[37m<-- GET /session/2f90439a-2a59-4797-89f5-2c89c9a734f9/context &amp#27;[39m&amp#27;[32m200&amp#27;[39m &amp#27;[90m2 ms - 22&amp#27;[39m &amp#27;[90m&amp#27;[39m
&amp#27;[38;5;106m[2f90439a]&amp#27;[0m&amp#27;[38;5;86m[HTTP]&amp#27;[0m &amp#27;[37m-->&amp#27;[39m &amp#27;[37mPOST&amp#27;[39m &amp#27;[37m/session/2f90439a-2a59-4797-89f5-2c89c9a734f9/element&amp#27;[39m &amp#27;[90m{"value":"com.saucelabs.mydemoapp.android:id/passwordET","using":"id"}&amp#27;[39m
&amp#27;[38;5;106m[2f90439a]&amp#27;[0m&amp#27;[38;5;-3m[AndroidUiautomator2Driver@3cd0]&amp#27;[0m Calling AppiumDriver.findElement() with args: ["id","com.saucelabs.mydemoapp.android:id/passwordET","2f90439a-2a59-4797-89f5-2c89c9a734f9"]
&amp#27;[38;5;106m[2f90439a]&amp#27;[0m&amp#27;[38;5;-3m[AndroidUiautomator2Driver@3cd0]&amp#27;[0m Valid locator strategies for this request: xpath, id, class name, accessibility id, css selector, -android uiautomator
&amp#27;[38;5;106m[2f90439a]&amp#27;[0m&amp#27;[38;5;-3m[AndroidUiautomator2Driver@3cd0]&amp#27;[0m Waiting up to 15000 ms for condition
&amp#27;[38;5;106m[2f90439a]&amp#27;[0m&amp#27;[38;5;-3m[AndroidUiautomator2Driver@3cd0]&amp#27;[0m Matched '/element' to command name 'findElement'
&amp#27;[38;5;106m[2f90439a]&amp#27;[0m&amp#27;[38;5;-3m[AndroidUiautomator2Driver@3cd0]&amp#27;[0m Proxying [POST /element] to [POST http://127.0.0.1:8204/session/931a8cb1-f68e-4166-ad3b-a2731a709b37/element] with body: {"strategy":"id","selector":"com.saucelabs.mydemoapp.android:id/passwordET","context":"","multiple":false}
&amp#27;[38;5;106m[2f90439a]&amp#27;[0m&amp#27;[38;5;-3m[AndroidUiautomator2Driver@3cd0]&amp#27;[0m Got response with status 200: {"sessionId":"931a8cb1-f68e-4166-ad3b-a2731a709b37","value":{"ELEMENT":"00000000-0000-0a5f-ffff-ffff00000181","element-6066-11e4-a52e-4f735466cecf":"00000000-0000-0a5f-ffff-ffff00000181"}}
&amp#27;[38;5;106m[2f90439a]&amp#27;[0m&amp#27;[38;5;-3m[AndroidUiautomator2Driver@3cd0]&amp#27;[0m Responding to client with driver.findElement() result: {"element-6066-11e4-a52e-4f735466cecf":"00000000-0000-0a5f-ffff-ffff00000181","ELEMENT":"00000000-0000-0a5f-ffff-ffff00000181"}
&amp#27;[38;5;106m[2f90439a]&amp#27;[0m&amp#27;[38;5;86m[HTTP]&amp#27;[0m &amp#27;[37m<-- POST /session/2f90439a-2a59-4797-89f5-2c89c9a734f9/element &amp#27;[39m&amp#27;[32m200&amp#27;[39m &amp#27;[90m663 ms - 137&amp#27;[39m &amp#27;[90m&amp#27;[39m
&amp#27;[38;5;106m[2f90439a]&amp#27;[0m&amp#27;[38;5;86m[HTTP]&amp#27;[0m &amp#27;[37m-->&amp#27;[39m &amp#27;[37mPOST&amp#27;[39m &amp#27;[37m/session/2f90439a-2a59-4797-89f5-2c89c9a734f9/element/00000000-0000-0a5f-ffff-ffff00000181/click&amp#27;[39m &amp#27;[90m{"id":"00000000-0000-0a5f-ffff-ffff00000181"}&amp#27;[39m
&amp#27;[38;5;106m[2f90439a]&amp#27;[0m&amp#27;[38;5;-3m[AndroidUiautomator2Driver@3cd0]&amp#27;[0m Calling AppiumDriver.click() with args: ["00000000-0000-0a5f-ffff-ffff00000181","2f90439a-2a59-4797-89f5-2c89c9a734f9"]
&amp#27;[38;5;106m[2f90439a]&amp#27;[0m&amp#27;[38;5;-3m[AndroidUiautomator2Driver@3cd0]&amp#27;[0m Matched '/element/00000000-0000-0a5f-ffff-ffff00000181/click' to command name 'click'
&amp#27;[38;5;106m[2f90439a]&amp#27;[0m&amp#27;[38;5;-3m[AndroidUiautomator2Driver@3cd0]&amp#27;[0m Proxying [POST /element/00000000-0000-0a5f-ffff-ffff00000181/click] to [POST http://127.0.0.1:8204/session/931a8cb1-f68e-4166-ad3b-a2731a709b37/element/00000000-0000-0a5f-ffff-ffff00000181/click] with body: {"element":"00000000-0000-0a5f-ffff-ffff00000181"}
&amp#27;[38;5;106m[2f90439a]&amp#27;[0m&amp#27;[38;5;-3m[AndroidUiautomator2Driver@3cd0]&amp#27;[0m Got response with status 200: {"sessionId":"931a8cb1-f68e-4166-ad3b-a2731a709b37","value":null}
&amp#27;[38;5;106m[2f90439a]&amp#27;[0m&amp#27;[38;5;-3m[AndroidUiautomator2Driver@3cd0]&amp#27;[0m Responding to client with driver.click() result: null
&amp#27;[38;5;106m[2f90439a]&amp#27;[0m&amp#27;[38;5;86m[HTTP]&amp#27;[0m &amp#27;[37m<-- POST /session/2f90439a-2a59-4797-89f5-2c89c9a734f9/element/00000000-0000-0a5f-ffff-ffff00000181/click &amp#27;[39m&amp#27;[32m200&amp#27;[39m &amp#27;[90m94 ms - 14&amp#27;[39m &amp#27;[90m&amp#27;[39m
&amp#27;[38;5;106m[2f90439a]&amp#27;[0m&amp#27;[38;5;86m[HTTP]&amp#27;[0m &amp#27;[37m-->&amp#27;[39m &amp#27;[37mGET&amp#27;[39m &amp#27;[37m/session/2f90439a-2a59-4797-89f5-2c89c9a734f9/context&amp#27;[39m &amp#27;[90m{}&amp#27;[39m
&amp#27;[38;5;106m[2f90439a]&amp#27;[0m&amp#27;[38;5;-3m[AndroidUiautomator2Driver@3cd0]&amp#27;[0m Calling AppiumDriver.getCurrentContext() with args: ["2f90439a-2a59-4797-89f5-2c89c9a734f9"]
&amp#27;[38;5;106m[2f90439a]&amp#27;[0m&amp#27;[38;5;-3m[AndroidUiautomator2Driver@3cd0]&amp#27;[0m Responding to client with driver.getCurrentContext() result: "NATIVE_APP"
&amp#27;[38;5;106m[2f90439a]&amp#27;[0m&amp#27;[38;5;86m[HTTP]&amp#27;[0m &amp#27;[37m<-- GET /session/2f90439a-2a59-4797-89f5-2c89c9a734f9/context &amp#27;[39m&amp#27;[32m200&amp#27;[39m &amp#27;[90m1 ms - 22&amp#27;[39m &amp#27;[90m&amp#27;[39m
&amp#27;[38;5;106m[2f90439a]&amp#27;[0m&amp#27;[38;5;86m[HTTP]&amp#27;[0m &amp#27;[37m-->&amp#27;[39m &amp#27;[37mPOST&amp#27;[39m &amp#27;[37m/session/2f90439a-2a59-4797-89f5-2c89c9a734f9/element&amp#27;[39m &amp#27;[90m{"value":"com.saucelabs.mydemoapp.android:id/passwordET","using":"id"}&amp#27;[39m
&amp#27;[38;5;106m[2f90439a]&amp#27;[0m&amp#27;[38;5;-3m[AndroidUiautomator2Driver@3cd0]&amp#27;[0m Calling AppiumDriver.findElement() with args: ["id","com.saucelabs.mydemoapp.android:id/passwordET","2f90439a-2a59-4797-89f5-2c89c9a734f9"]
&amp#27;[38;5;106m[2f90439a]&amp#27;[0m&amp#27;[38;5;-3m[AndroidUiautomator2Driver@3cd0]&amp#27;[0m Valid locator strategies for this request: xpath, id, class name, accessibility id, css selector, -android uiautomator
&amp#27;[38;5;106m[2f90439a]&amp#27;[0m&amp#27;[38;5;-3m[AndroidUiautomator2Driver@3cd0]&amp#27;[0m Waiting up to 15000 ms for condition
&amp#27;[38;5;106m[2f90439a]&amp#27;[0m&amp#27;[38;5;-3m[AndroidUiautomator2Driver@3cd0]&amp#27;[0m Matched '/element' to command name 'findElement'
&amp#27;[38;5;106m[2f90439a]&amp#27;[0m&amp#27;[38;5;-3m[AndroidUiautomator2Driver@3cd0]&amp#27;[0m Proxying [POST /element] to [POST http://127.0.0.1:8204/session/931a8cb1-f68e-4166-ad3b-a2731a709b37/element] with body: {"strategy":"id","selector":"com.saucelabs.mydemoapp.android:id/passwordET","context":"","multiple":false}
&amp#27;[38;5;70m[7acc56e0]&amp#27;[0m&amp#27;[38;5;-90m[AndroidUiautomator2Driver@25c3]&amp#27;[0m Shutting down because we waited 60 seconds for a command
&amp#27;[38;5;70m[7acc56e0]&amp#27;[0m&amp#27;[38;5;23m[AppiumDriver@398a]&amp#27;[0m Ending session, cause was 'New Command Timeout of 60 seconds expired. Try customizing the timeout using the 'newCommandTimeout' desired capability'
&amp#27;[38;5;70m[7acc56e0]&amp#27;[0m&amp#27;[38;5;23m[AppiumDriver@398a]&amp#27;[0m Removing session '7acc56e0-b8ac-4a93-99b6-29e45873e0cc' from our master session list
&amp#27;[38;5;70m[7acc56e0]&amp#27;[0m&amp#27;[38;5;-90m[AndroidUiautomator2Driver@25c3]&amp#27;[0m Deleting UiAutomator2 session
&amp#27;[38;5;70m[7acc56e0]&amp#27;[0m&amp#27;[38;5;-90m[AndroidUiautomator2Driver@25c3]&amp#27;[0m Deleting UiAutomator2 server session
&amp#27;[38;5;70m[7acc56e0]&amp#27;[0m&amp#27;[38;5;-90m[AndroidUiautomator2Driver@25c3]&amp#27;[0m Did not get confirmation UiAutomator2 deleteSession worked; Error was: UnknownError: An unknown server-side error occurred while processing the command. Original error: 'DELETE /' cannot be proxied to UiAutomator2 server because the instrumentation process is not running (probably crashed). Check the server log and/or the logcat output for more details
&amp#27;[38;5;70m[7acc56e0]&amp#27;[0m&amp#27;[38;5;229m[ADB]&amp#27;[0m Running 'C:\Users\Testriq\AppData\Local\Android\Sdk\platform-tools\adb.exe -P 5037 -s 2A131FDH200HX6 shell dumpsys activity services io.appium.settings/.recorder.RecorderService'
&amp#27;[38;5;70m[7acc56e0]&amp#27;[0m&amp#27;[38;5;229m[ADB]&amp#27;[0m Running 'C:\Users\Testriq\AppData\Local\Android\Sdk\platform-tools\adb.exe -P 5037 -s 2A131FDH200HX6 shell am force-stop com.saucelabs.mydemoapp.android'
&amp#27;[38;5;106m[2f90439a]&amp#27;[0m&amp#27;[38;5;-3m[AndroidUiautomator2Driver@3cd0]&amp#27;[0m Got response with status 200: {"sessionId":"931a8cb1-f68e-4166-ad3b-a2731a709b37","value":{"ELEMENT":"00000000-0000-0a5f-ffff-ffff00000181","element-6066-11e4-a52e-4f735466cecf":"00000000-0000-0a5f-ffff-ffff00000181"}}
&amp#27;[38;5;106m[2f90439a]&amp#27;[0m&amp#27;[38;5;-3m[AndroidUiautomator2Driver@3cd0]&amp#27;[0m Responding to client with driver.findElement() result: {"element-6066-11e4-a52e-4f735466cecf":"00000000-0000-0a5f-ffff-ffff00000181","ELEMENT":"00000000-0000-0a5f-ffff-ffff00000181"}
&amp#27;[38;5;106m[2f90439a]&amp#27;[0m&amp#27;[38;5;86m[HTTP]&amp#27;[0m &amp#27;[37m<-- POST /session/2f90439a-2a59-4797-89f5-2c89c9a734f9/element &amp#27;[39m&amp#27;[32m200&amp#27;[39m &amp#27;[90m658 ms - 137&amp#27;[39m &amp#27;[90m&amp#27;[39m
&amp#27;[38;5;106m[2f90439a]&amp#27;[0m&amp#27;[38;5;86m[HTTP]&amp#27;[0m &amp#27;[37m-->&amp#27;[39m &amp#27;[37mPOST&amp#27;[39m &amp#27;[37m/session/2f90439a-2a59-4797-89f5-2c89c9a734f9/element/00000000-0000-0a5f-ffff-ffff00000181/value&amp#27;[39m &amp#27;[90m{"text":"10203040","value":["1","0","2","0","3","0","4","0"],"id":"00000000-0000-0a5f-ffff-ffff00000181"}&amp#27;[39m
&amp#27;[38;5;106m[2f90439a]&amp#27;[0m&amp#27;[38;5;-3m[AndroidUiautomator2Driver@3cd0]&amp#27;[0m Calling AppiumDriver.setValue() with args: [["1","0","2","0","3","0","4","0"],"00000000-0000-0a5f-ffff-ffff00000181","2f90439a-2a59-4797-89f5-2c89c9a734f9"]
&amp#27;[38;5;106m[2f90439a]&amp#27;[0m&amp#27;[38;5;-3m[AndroidUiautomator2Driver@3cd0]&amp#27;[0m Matched '/element/00000000-0000-0a5f-ffff-ffff00000181/value' to command name 'setValue'
&amp#27;[38;5;106m[2f90439a]&amp#27;[0m&amp#27;[38;5;-3m[AndroidUiautomator2Driver@3cd0]&amp#27;[0m Added 'value' property ["1","0","2","0","3","0","4","0"] to 'setValue' request body
&amp#27;[38;5;106m[2f90439a]&amp#27;[0m&amp#27;[38;5;-3m[AndroidUiautomator2Driver@3cd0]&amp#27;[0m Proxying [POST /element/00000000-0000-0a5f-ffff-ffff00000181/value] to [POST http://127.0.0.1:8204/session/931a8cb1-f68e-4166-ad3b-a2731a709b37/element/00000000-0000-0a5f-ffff-ffff00000181/value] with body: {"elementId":"00000000-0000-0a5f-ffff-ffff00000181","text":"10203040","replace":false,"value":["1","0","2","0","3","0","4","0"]}
&amp#27;[38;5;70m[7acc56e0]&amp#27;[0m&amp#27;[38;5;229m[ADB]&amp#27;[0m Removing forwarded port socket connection: 8201 
&amp#27;[38;5;70m[7acc56e0]&amp#27;[0m&amp#27;[38;5;229m[ADB]&amp#27;[0m Running 'C:\Users\Testriq\AppData\Local\Android\Sdk\platform-tools\adb.exe -P 5037 -s 2A131FDH200HX6 forward --remove tcp:8201'
&amp#27;[38;5;70m[7acc56e0]&amp#27;[0m&amp#27;[38;5;-90m[AndroidUiautomator2Driver@25c3]&amp#27;[0m Restoring hidden api policy to the device default configuration
&amp#27;[38;5;70m[7acc56e0]&amp#27;[0m&amp#27;[38;5;229m[ADB]&amp#27;[0m Running 'C:\Users\Testriq\AppData\Local\Android\Sdk\platform-tools\adb.exe -P 5037 -s 2A131FDH200HX6 shell 'settings delete global hidden_api_policy_pre_p_apps;settings delete global hidden_api_policy_p_apps;settings delete global hidden_api_policy''
&amp#27;[38;5;70m[7acc56e0]&amp#27;[0m&amp#27;[38;5;160m[Logcat]&amp#27;[0m Stopping logcat capture
&amp#27;[38;5;106m[2f90439a]&amp#27;[0m&amp#27;[38;5;-3m[AndroidUiautomator2Driver@3cd0]&amp#27;[0m Got response with status 400: {"sessionId":"931a8cb1-f68e-4166-ad3b-a2731a709b37","value":{"error":"invalid element state","message":"Cannot set the element to '10203040'. Did you interact with the correct element?","stacktrace":"io.appium.uiautomator2.common.exceptions.InvalidElementStateException: Cannot set the element to '10203040'. Did you interact with the correct element?\n\tat io.appium.uiautomator2.handler.SendKeysToElement.setText(SendKeysToElement.java:87)\n\tat io.appium.uiautomator2.handler.SendKeysToElement.safeHandle(SendKeysToElement.java:115)\n\tat io.appium.uiautomator2.handler.request.SafeRequestHandler.handle(SafeRequestHandler.java:59)\n\tat io.appium.uiautomator2.server.AppiumServlet.handleRequest(AppiumServlet.java:259)\n\tat io.appium.uiautomator2.server.AppiumServlet.handleHttpRequest(AppiumServlet.java:253)\n\tat io.appium.uiautomator2.http.ServerHandler.channelRead(ServerHandler.java:77)\n\tat io.netty.channel.AbstractChannelHandlerContext.invokeChannelRead(AbstractChannelHandlerContext.java:366)\n\tat io.net...
&amp#27;[38;5;106m[2f90439a]&amp#27;[0m&amp#27;[38;5;123m[W3C]&amp#27;[0m Matched W3C error code 'invalid element state' to InvalidElementStateError
&amp#27;[38;5;106m[2f90439a]&amp#27;[0m&amp#27;[38;5;-3m[AndroidUiautomator2Driver@3cd0]&amp#27;[0m Encountered internal error running command: io.appium.uiautomator2.common.exceptions.InvalidElementStateException: Cannot set the element to '10203040'. Did you interact with the correct element?
	at io.appium.uiautomator2.handler.SendKeysToElement.setText(SendKeysToElement.java:87)
	at io.appium.uiautomator2.handler.SendKeysToElement.safeHandle(SendKeysToElement.java:115)
	at io.appium.uiautomator2.handler.request.SafeRequestHandler.handle(SafeRequestHandler.java:59)
	at io.appium.uiautomator2.server.AppiumServlet.handleRequest(AppiumServlet.java:259)
	at io.appium.uiautomator2.server.AppiumServlet.handleHttpRequest(AppiumServlet.java:253)
	at io.appium.uiautomator2.http.ServerHandler.channelRead(ServerHandler.java:77)
	at io.netty.channel.AbstractChannelHandlerContext.invokeChannelRead(AbstractChannelHandlerContext.java:366)
	at io.netty.channel.AbstractChannelHandlerContext.invokeChannelRead(AbstractChannelHandlerContext.java:352)
	at io.netty.channel.AbstractChannelHandlerContext.fireChannelRead(AbstractChannelHandlerContext.java:345)
	at io.netty.handler.codec.MessageToMessageDecoder.channelRead(MessageToMessageDecoder.java:102)
	at io.netty.channel.AbstractChannelHandlerContext.invokeChannelRead(AbstractChannelHandlerContext.java:366)
	at io.netty.channel.AbstractChannelHandlerContext.invokeChannelRead(AbstractChannelHandlerContext.java:352)
	at io.netty.channel.AbstractChannelHandlerContext.fireChannelRead(AbstractChannelHandlerContext.java:345)
	at io.netty.channel.CombinedChannelDuplexHandler$DelegatingChannelHandlerContext.fireChannelRead(CombinedChannelDuplexHandler.java:435)
	at io.netty.handler.codec.ByteToMessageDecoder.fireChannelRead(ByteToMessageDecoder.java:293)
	at io.netty.handler.codec.ByteToMessageDecoder.channelRead(ByteToMessageDecoder.java:267)
	at io.netty.channel.CombinedChannelDuplexHandler.channelRead(CombinedChannelDuplexHandler.java:250)
	at io.netty.channel.AbstractChannelHandlerContext.invokeChannelRead(AbstractChannelHandlerContext.java:366)
	at io.netty.channel.AbstractChannelHandlerContext.invokeChannelRead(AbstractChannelHandlerContext.java:352)
	at io.netty.channel.AbstractChannelHandlerContext.fireChannelRead(AbstractChannelHandlerContext.java:345)
	at io.netty.handler.timeout.IdleStateHandler.channelRead(IdleStateHandler.java:266)
	at io.netty.channel.AbstractChannelHandlerContext.invokeChannelRead(AbstractChannelHandlerContext.java:366)
	at io.netty.channel.AbstractChannelHandlerContext.invokeChannelRead(AbstractChannelHandlerContext.java:352)
	at io.netty.channel.AbstractChannelHandlerContext.fireChannelRead(AbstractChannelHandlerContext.java:345)
	at io.netty.channel.DefaultChannelPipeline$HeadContext.channelRead(DefaultChannelPipeline.java:1294)
	at io.netty.channel.AbstractChannelHandlerContext.invokeChannelRead(AbstractChannelHandlerContext.java:366)
	at io.netty.channel.AbstractChannelHandlerContext.invokeChannelRead(AbstractChannelHandlerContext.java:352)
	at io.netty.channel.DefaultChannelPipeline.fireChannelRead(DefaultChannelPipeline.java:911)
	at io.netty.channel.nio.AbstractNioByteChannel$NioByteUnsafe.read(AbstractNioByteChannel.java:131)
	at io.netty.channel.nio.NioEventLoop.processSelectedKey(NioEventLoop.java:611)
	at io.netty.channel.nio.NioEventLoop.processSelectedKeysOptimized(NioEventLoop.java:552)
	at io.netty.channel.nio.NioEventLoop.processSelectedKeys(NioEventLoop.java:466)
	at io.netty.channel.nio.NioEventLoop.run(NioEventLoop.java:438)
	at io.netty.util.concurrent.SingleThreadEventExecutor$2.run(SingleThreadEventExecutor.java:140)
	at io.netty.util.concurrent.DefaultThreadFactory$DefaultRunnableDecorator.run(DefaultThreadFactory.java:144)
	at java.lang.Thread.run(Thread.java:1012)

&amp#27;[38;5;106m[2f90439a]&amp#27;[0m&amp#27;[38;5;86m[HTTP]&amp#27;[0m &amp#27;[37m<-- POST /session/2f90439a-2a59-4797-89f5-2c89c9a734f9/element/00000000-0000-0a5f-ffff-ffff00000181/value &amp#27;[39m&amp#27;[33m400&amp#27;[39m &amp#27;[90m5092 ms - 3896&amp#27;[39m &amp#27;[90m&amp#27;[39m
&amp#27;[38;5;106m[2f90439a]&amp#27;[0m&amp#27;[38;5;86m[HTTP]&amp#27;[0m &amp#27;[37m-->&amp#27;[39m &amp#27;[37mGET&amp#27;[39m &amp#27;[37m/session/2f90439a-2a59-4797-89f5-2c89c9a734f9/screenshot&amp#27;[39m &amp#27;[90m{}&amp#27;[39m
&amp#27;[38;5;106m[2f90439a]&amp#27;[0m&amp#27;[38;5;-3m[AndroidUiautomator2Driver@3cd0]&amp#27;[0m Calling AppiumDriver.getScreenshot() with args: ["2f90439a-2a59-4797-89f5-2c89c9a734f9"]
&amp#27;[38;5;106m[2f90439a]&amp#27;[0m&amp#27;[38;5;-3m[AndroidUiautomator2Driver@3cd0]&amp#27;[0m Matched '/screenshot' to command name 'getScreenshot'
&amp#27;[38;5;106m[2f90439a]&amp#27;[0m&amp#27;[38;5;-3m[AndroidUiautomator2Driver@3cd0]&amp#27;[0m Proxying [GET /screenshot] to [GET http://127.0.0.1:8204/session/931a8cb1-f68e-4166-ad3b-a2731a709b37/screenshot] with no body
&amp#27;[38;5;106m[2f90439a]&amp#27;[0m&amp#27;[38;5;-3m[AndroidUiautomator2Driver@3cd0]&amp#27;[0m Got response with status 200: {"sessionId":"931a8cb1-f68e-4166-ad3b-a2731a709b37","value":"iVBORw0KGgoAAAANSUhEUgAABDgAAAlgCAYAAABtGofVAAAAAXNSR0IArs4c6QAAAARzQklUCAgICHwIZIgAACAASURBVHicrL1tliS5riRmAOmRdftqpFVoA1qV9n80010ZJKAfZgAZ2T3vPc1RnpOVlZER7nQSBAyGD9r/+X//X/nHHw++vgbGdIzhcHe4D7gZHAYzQyaQmcgAAkAiEUiEfocBMAMigXSY8Vdz47tzwwzwYXDXtTIBJGBAhP7rjjEMCSATgCUMBjPoi5+xBByJxwxfY+LrefB6Hkx3DBimO6ZzHLE3Qjfgdfg8Zo4xBsYYgAUigveCYe/EysDKxDsDf66Fv9YbvyOwkNiR2HvrGXpwH2NMzdQYE4aEITmnzu+hj/Fpo99j11Xunz0HBowxEJmIiJ6rCP4eO7HDsJLzGtuQmMhwrJXYK7GTzxhagprrX3Pgj68Hf7wGvqbhazhew/AMx3CHmet5AxmJSM0rDK45H8PhZkgEIhN7B74jkOZ4Z+LP9xvfO7Ai8ft746/3wtrB6zrXup/ZNQeJa6Dnfuj7bOxciNyIDGQAewPvd2J9B75/J9Y7gA3Enxv7O7G/N/K9ke+Ab8A3MDIxN/AC8BqO6YZfz8Cvr4GvX45fX46vB/iajq8vxx9fL3y9HC/J33CnjA/0OoO76JIPu9a4/n/+nvo3kTA4X4nkH6w+wbXe6433Wniv39h74/t74ff3xlqJ90r89R346zvw5+/A//hr48/fG3+9E7+X4b0T783LbjOEAzmBGEBOA6ZhvAZeXwPPr4nnGfBpsMF9PIbBp/MZTes/BnxQd5j7xxObdEQG96H7kNqw1hf15Ug4AHfKwDBgON/r5pg+KI/Ifu8wYLphjoHXGBjm3A+xOTcR+M7AO0HZW4Hf32/8vuYh4ajBZIBabgcy4mMFW3eBOsuNuob7cMNsILGp2zZ1C0qH...
&amp#27;[38;5;106m[2f90439a]&amp#27;[0m&amp#27;[38;5;-3m[AndroidUiautomator2Driver@3cd0]&amp#27;[0m Responding to client with driver.getScreenshot() result: "iVBORw0KGgoAAAANSUhEUgAABDgAAAlgCAYAAABtGofVAAAAAXNSR0IArs4c6QAAAARzQklUCAgICHwIZIgAACAASURBVHicrL1tliS5riRmAOmRdftqpFVoA1qV9n80010ZJKAfZgAZ2T3vPc1RnpOVlZER7nQSBAyGD9r/+X//X/nHHw++vgbGdIzhcHe4D7gZHAYzQyaQmcgAAkAiEUiEfocBMAMigXSY8Vdz47tzwwzwYXDXtTIBJGBAhP7rjjEMCSATgCUMBjPoi5+xBByJxwxfY+LrefB6Hkx3DBimO6ZzHLE3Qjfgdfg8Zo4xBsYYgAUigveCYe/EysDKxDsDf66Fv9YbvyOwkNiR2HvrGXpwH2NMzdQYE4aEITmnzu+hj/Fpo99j11Xunz0HBowxEJmIiJ6rCP4eO7HDsJLzGtuQmMhwrJXYK7GTzxhagprrX3Pgj68Hf7wGvqbhazhew/AMx3CHmet5AxmJSM0rDK45H8PhZkgEIhN7B74jkOZ4Z+LP9xvfO7Ai8ft746/3wtrB6zrXup/ZNQeJa6Dnfuj7bOxciNyIDGQAewPvd2J9B75/J9Y7gA3Enxv7O7G/N/K9ke+Ab8A3MDIxN/AC8BqO6YZfz8Cvr4GvX45fX46vB/iajq8vxx9fL3y9HC/J33CnjA/0OoO76JIPu9a4/n/+nvo3kTA4X4nkH6w+wbXe6433Wniv39h74/t74ff3xlqJ90r89R346zvw5+/A//hr48/fG3+9E7+X4b0T783LbjOEAzmBGEBOA6ZhvAZeXwPPr4nnGfBpsMF9PIbBp/MZTes/BnxQd5j7xxObdEQG96H7kNqw1hf15Ug4AHfKwDBgON/r5pg+KI/Ifu8wYLphjoHXGBjm3A+xOTcR+M7AO0HZW4Hf32/8vuYh4ajBZIBabgcy4mMFW3eBOsuNuob7cMNsILGp2zZ1C0qH6tvg2ruU6wyueV167wDWhsMwzICViEi4cR+/98b3Bt57470DK4JaROuB2qpG...
&amp#27;[38;5;106m[2f90439a]&amp#27;[0m&amp#27;[38;5;86m[HTTP]&amp#27;[0m &amp#27;[37m<-- GET /session/2f90439a-2a59-4797-89f5-2c89c9a734f9/screenshot &amp#27;[39m&amp#27;[32m200&amp#27;[39m &amp#27;[90m2028 ms - 4308260&amp#27;[39m &amp#27;[90m&amp#27;[39m
]]></system-out>
  </testcase>
  <testcase name="WithoutLoginAddToCart" classname="testcases.TC_02_Add_To_Cart" time="5.03">
    <system-out><![CDATA[&amp#27;[38;5;106m[2f90439a]&amp#27;[0m&amp#27;[38;5;86m[HTTP]&amp#27;[0m &amp#27;[37m-->&amp#27;[39m &amp#27;[37mDELETE&amp#27;[39m &amp#27;[37m/session/2f90439a-2a59-4797-89f5-2c89c9a734f9&amp#27;[39m &amp#27;[90m{}&amp#27;[39m
&amp#27;[38;5;106m[2f90439a]&amp#27;[0m&amp#27;[38;5;-3m[AndroidUiautomator2Driver@3cd0]&amp#27;[0m Calling AppiumDriver.deleteSession() with args: ["2f90439a-2a59-4797-89f5-2c89c9a734f9"]
&amp#27;[38;5;106m[2f90439a]&amp#27;[0m&amp#27;[38;5;23m[AppiumDriver@398a]&amp#27;[0m Event 'quitSessionRequested' logged at 1737019623575 (14:57:03 GMT+0530 (India Standard Time))
&amp#27;[38;5;106m[2f90439a]&amp#27;[0m&amp#27;[38;5;23m[AppiumDriver@398a]&amp#27;[0m Removing session 2f90439a-2a59-4797-89f5-2c89c9a734f9 from our master session list
&amp#27;[38;5;106m[2f90439a]&amp#27;[0m&amp#27;[38;5;-3m[AndroidUiautomator2Driver@3cd0]&amp#27;[0m Deleting UiAutomator2 session
&amp#27;[38;5;106m[2f90439a]&amp#27;[0m&amp#27;[38;5;-3m[AndroidUiautomator2Driver@3cd0]&amp#27;[0m Deleting UiAutomator2 server session
&amp#27;[38;5;106m[2f90439a]&amp#27;[0m&amp#27;[38;5;-3m[AndroidUiautomator2Driver@3cd0]&amp#27;[0m Matched '/' to command name 'deleteSession'
&amp#27;[38;5;106m[2f90439a]&amp#27;[0m&amp#27;[38;5;-3m[AndroidUiautomator2Driver@3cd0]&amp#27;[0m Proxying [DELETE /] to [DELETE http://127.0.0.1:8204/session/931a8cb1-f68e-4166-ad3b-a2731a709b37] with no body
&amp#27;[38;5;106m[2f90439a]&amp#27;[0m&amp#27;[38;5;-3m[AndroidUiautomator2Driver@3cd0]&amp#27;[0m Got response with status 200: {"sessionId":"931a8cb1-f68e-4166-ad3b-a2731a709b37","value":null}
&amp#27;[38;5;106m[2f90439a]&amp#27;[0m&amp#27;[38;5;-3m[AndroidUiautomator2Driver@3cd0]&amp#27;[0m [Instrumentation] io.appium.uiautomator2.server.test.AppiumUiAutomator2Server:
&amp#27;[38;5;106m[2f90439a]&amp#27;[0m&amp#27;[38;5;-3m[AndroidUiautomator2Driver@3cd0]&amp#27;[0m [Instrumentation] The process has exited with code null, signal SIGTERM
&amp#27;[38;5;106m[2f90439a]&amp#27;[0m&amp#27;[38;5;229m[ADB]&amp#27;[0m Running 'C:\Users\Testriq\AppData\Local\Android\Sdk\platform-tools\adb.exe -P 5037 -s 2A131FDH200HX6 shell dumpsys activity services io.appium.settings/.recorder.RecorderService'
&amp#27;[38;5;106m[2f90439a]&amp#27;[0m&amp#27;[38;5;229m[ADB]&amp#27;[0m Running 'C:\Users\Testriq\AppData\Local\Android\Sdk\platform-tools\adb.exe -P 5037 -s 2A131FDH200HX6 shell am force-stop com.saucelabs.mydemoapp.android'
&amp#27;[38;5;106m[2f90439a]&amp#27;[0m&amp#27;[38;5;229m[ADB]&amp#27;[0m Removing forwarded port socket connection: 8204 
&amp#27;[38;5;106m[2f90439a]&amp#27;[0m&amp#27;[38;5;229m[ADB]&amp#27;[0m Running 'C:\Users\Testriq\AppData\Local\Android\Sdk\platform-tools\adb.exe -P 5037 -s 2A131FDH200HX6 forward --remove tcp:8204'
&amp#27;[38;5;106m[2f90439a]&amp#27;[0m&amp#27;[38;5;-3m[AndroidUiautomator2Driver@3cd0]&amp#27;[0m Restoring hidden api policy to the device default configuration
&amp#27;[38;5;106m[2f90439a]&amp#27;[0m&amp#27;[38;5;229m[ADB]&amp#27;[0m Running 'C:\Users\Testriq\AppData\Local\Android\Sdk\platform-tools\adb.exe -P 5037 -s 2A131FDH200HX6 shell 'settings delete global hidden_api_policy_pre_p_apps;settings delete global hidden_api_policy_p_apps;settings delete global hidden_api_policy''
&amp#27;[38;5;106m[2f90439a]&amp#27;[0m&amp#27;[38;5;160m[Logcat]&amp#27;[0m Stopping logcat capture
&amp#27;[38;5;106m[2f90439a]&amp#27;[0m&amp#27;[38;5;23m[AppiumDriver@398a]&amp#27;[0m Event 'quitSessionFinished' logged at 1737019623981 (14:57:03 GMT+0530 (India Standard Time))
&amp#27;[38;5;106m[2f90439a]&amp#27;[0m&amp#27;[38;5;23m[AppiumDriver@398a]&amp#27;[0m Received response: null
&amp#27;[38;5;106m[2f90439a]&amp#27;[0m&amp#27;[38;5;23m[AppiumDriver@398a]&amp#27;[0m But deleting session, so not returning
&amp#27;[38;5;106m[2f90439a]&amp#27;[0m&amp#27;[38;5;23m[AppiumDriver@398a]&amp#27;[0m Responding to client with driver.deleteSession() result: null
&amp#27;[38;5;106m[2f90439a]&amp#27;[0m&amp#27;[38;5;86m[HTTP]&amp#27;[0m &amp#27;[37m<-- DELETE /session/2f90439a-2a59-4797-89f5-2c89c9a734f9 &amp#27;[39m&amp#27;[32m200&amp#27;[39m &amp#27;[90m407 ms - 14&amp#27;[39m &amp#27;[90m&amp#27;[39m
&amp#27;[38;5;86m[HTTP]&amp#27;[0m &amp#27;[37m-->&amp#27;[39m &amp#27;[37mGET&amp#27;[39m &amp#27;[37m/status&amp#27;[39m &amp#27;[90m{}&amp#27;[39m
&amp#27;[38;5;23m[AppiumDriver@398a]&amp#27;[0m Calling AppiumDriver.getStatus() with args: []
&amp#27;[38;5;23m[AppiumDriver@398a]&amp#27;[0m Responding to client with driver.getStatus() result: {"ready":true,"message":"The server is ready to accept new connections","build":{"version":"2.11.5","git-sha":"4eddc999c5d9b705e7356152d2d5953a0dda3720","built":"2024-10-09 17:32:11 +0530"}}
&amp#27;[38;5;86m[HTTP]&amp#27;[0m &amp#27;[37m<-- GET /status &amp#27;[39m&amp#27;[32m200&amp#27;[39m &amp#27;[90m4 ms - 200&amp#27;[39m &amp#27;[90m&amp#27;[39m
&amp#27;[38;5;86m[HTTP]&amp#27;[0m Request idempotency key: 5f38d29c-b8f0-465b-b75e-c9906cf6195d
&amp#27;[38;5;86m[HTTP]&amp#27;[0m &amp#27;[37m-->&amp#27;[39m &amp#27;[37mPOST&amp#27;[39m &amp#27;[37m/session&amp#27;[39m &amp#27;[90m{"capabilities":{"firstMatch":[{}],"alwaysMatch":{"appium:appPackage":"com.saucelabs.mydemoapp.android","appium:autoGrantPermissions":true,"appium:deviceName":"AndroidDeviceName","appium:app":"G:\\Automation Projects\\testriq\\src\\main\\java\\apps\\mda-2.2.0-25.apk","appium:appActivity":"com.saucelabs.mydemoapp.android.view.activities.SplashActivity","platformName":"ANDROID","appium:automationName":"UIAutomator2"}}}&amp#27;[39m
&amp#27;[38;5;23m[AppiumDriver@398a]&amp#27;[0m Calling AppiumDriver.createSession() with args: [null,null,{"firstMatch":[{}],"alwaysMatch":{"appium:appPackage":"com.saucelabs.mydemoapp.android","appium:autoGrantPermissions":true,"appium:deviceName":"AndroidDeviceName","appium:app":"G:\\Automation Projects\\testriq\\src\\main\\java\\apps\\mda-2.2.0-25.apk","appium:appActivity":"com.saucelabs.mydemoapp.android.view.activities.SplashActivity","platformName":"ANDROID","appium:automationName":"UIAutomator2"}}]
&amp#27;[38;5;23m[AppiumDriver@398a]&amp#27;[0m Event 'newSessionRequested' logged at 1737019624034 (14:57:04 GMT+0530 (India Standard Time))
&amp#27;[38;5;112m[Appium]&amp#27;[0m Attempting to find matching driver for automationName 'UIAutomator2' and platformName 'ANDROID'
&amp#27;[38;5;112m[Appium]&amp#27;[0m The 'uiautomator2' driver was installed and matched caps.
&amp#27;[38;5;112m[Appium]&amp#27;[0m Will require it at C:\Users\Testriq\.appium\node_modules\appium-uiautomator2-driver
&amp#27;[38;5;112m[Appium]&amp#27;[0m Requiring driver at C:\Users\Testriq\.appium\node_modules\appium-uiautomator2-driver\build\index.js
&amp#27;[38;5;23m[AppiumDriver@398a]&amp#27;[0m Appium v2.11.5 creating new AndroidUiautomator2Driver (v3.8.0) session
&amp#27;[38;5;23m[AppiumDriver@398a]&amp#27;[0m Checking BaseDriver versions for Appium and AndroidUiautomator2Driver
&amp#27;[38;5;23m[AppiumDriver@398a]&amp#27;[0m Appium's BaseDriver version is 9.11.5
&amp#27;[38;5;23m[AppiumDriver@398a]&amp#27;[0m AndroidUiautomator2Driver's BaseDriver version is 9.11.5
&amp#27;[38;5;-79m[AndroidUiautomator2Driver@77c3]&amp#27;[0m 
&amp#27;[38;5;-79m[AndroidUiautomator2Driver@77c3]&amp#27;[0m Creating session with W3C capabilities: {
  "alwaysMatch": {
    "platformName": "ANDROID",
    "appium:appPackage": "com.saucelabs.mydemoapp.android",
    "appium:autoGrantPermissions": true,
    "appium:deviceName": "AndroidDeviceName",
    "appium:app": "G:\\Automation Projects\\testriq\\src\\main\\java\\apps\\mda-2.2.0-25.apk",
    "appium:appActivity": "com.saucelabs.mydemoapp.android.view.activities.SplashActivity",
    "appium:automationName": "UIAutomator2"
  },
  "firstMatch": [
    {}
  ]
}
&amp#27;[38;5;143m[772c757a]&amp#27;[0m&amp#27;[38;5;-79m[AndroidUiautomator2Driver@77c3]&amp#27;[0m Session created with session id: 772c757a-ddcb-4054-a838-3a993a28bffe
&amp#27;[38;5;143m[772c757a]&amp#27;[0m&amp#27;[38;5;229m[ADB]&amp#27;[0m Using 'adb.exe' from 'C:\Users\Testriq\AppData\Local\Android\Sdk\platform-tools\adb.exe'
&amp#27;[38;5;143m[772c757a]&amp#27;[0m&amp#27;[38;5;229m[ADB]&amp#27;[0m Running 'C:\Users\Testriq\AppData\Local\Android\Sdk\platform-tools\adb.exe -P 5037 start-server'
&amp#27;[38;5;143m[772c757a]&amp#27;[0m&amp#27;[38;5;-79m[AndroidUiautomator2Driver@77c3]&amp#27;[0m Retrieving device list
&amp#27;[38;5;143m[772c757a]&amp#27;[0m&amp#27;[38;5;229m[ADB]&amp#27;[0m Trying to find connected Android devices
&amp#27;[38;5;143m[772c757a]&amp#27;[0m&amp#27;[38;5;229m[ADB]&amp#27;[0m Getting connected devices
&amp#27;[38;5;143m[772c757a]&amp#27;[0m&amp#27;[38;5;229m[ADB]&amp#27;[0m Connected devices: [{"udid":"2A131FDH200HX6","state":"device"}]
&amp#27;[38;5;143m[772c757a]&amp#27;[0m&amp#27;[38;5;-79m[AndroidUiautomator2Driver@77c3]&amp#27;[0m Using device: 2A131FDH200HX6
&amp#27;[38;5;143m[772c757a]&amp#27;[0m&amp#27;[38;5;229m[ADB]&amp#27;[0m Using 'adb.exe' from 'C:\Users\Testriq\AppData\Local\Android\Sdk\platform-tools\adb.exe'
&amp#27;[38;5;143m[772c757a]&amp#27;[0m&amp#27;[38;5;229m[ADB]&amp#27;[0m Running 'C:\Users\Testriq\AppData\Local\Android\Sdk\platform-tools\adb.exe -P 5037 start-server'
&amp#27;[38;5;143m[772c757a]&amp#27;[0m&amp#27;[38;5;229m[ADB]&amp#27;[0m Setting device id to 2A131FDH200HX6
&amp#27;[38;5;143m[772c757a]&amp#27;[0m&amp#27;[38;5;123m[BaseDriver]&amp#27;[0m Using local app 'G:\Automation Projects\testriq\src\main\java\apps\mda-2.2.0-25.apk'
&amp#27;[38;5;143m[772c757a]&amp#27;[0m&amp#27;[38;5;-79m[AndroidUiautomator2Driver@77c3]&amp#27;[0m Checking whether app is actually present
&amp#27;[38;5;143m[772c757a]&amp#27;[0m&amp#27;[38;5;229m[ADB]&amp#27;[0m Running 'C:\Users\Testriq\AppData\Local\Android\Sdk\platform-tools\adb.exe -P 5037 -s 2A131FDH200HX6 shell getprop ro.build.version.sdk'
&amp#27;[38;5;143m[772c757a]&amp#27;[0m&amp#27;[38;5;229m[ADB]&amp#27;[0m Current device property 'ro.build.version.sdk': 35
&amp#27;[38;5;143m[772c757a]&amp#27;[0m&amp#27;[38;5;229m[ADB]&amp#27;[0m Getting device platform version
&amp#27;[38;5;143m[772c757a]&amp#27;[0m&amp#27;[38;5;229m[ADB]&amp#27;[0m Running 'C:\Users\Testriq\AppData\Local\Android\Sdk\platform-tools\adb.exe -P 5037 -s 2A131FDH200HX6 shell getprop ro.build.version.release'
&amp#27;[38;5;143m[772c757a]&amp#27;[0m&amp#27;[38;5;229m[ADB]&amp#27;[0m Current device property 'ro.build.version.release': 15
&amp#27;[38;5;143m[772c757a]&amp#27;[0m&amp#27;[38;5;229m[ADB]&amp#27;[0m Device API level: 35
&amp#27;[38;5;143m[772c757a]&amp#27;[0m&amp#27;[38;5;-79m[AndroidUiautomator2Driver@77c3]&amp#27;[0m Relaxing hidden api policy
&amp#27;[38;5;143m[772c757a]&amp#27;[0m&amp#27;[38;5;229m[ADB]&amp#27;[0m Running 'C:\Users\Testriq\AppData\Local\Android\Sdk\platform-tools\adb.exe -P 5037 -s 2A131FDH200HX6 shell 'settings put global hidden_api_policy_pre_p_apps 1;settings put global hidden_api_policy_p_apps 1;settings put global hidden_api_policy 1''
&amp#27;[38;5;143m[772c757a]&amp#27;[0m&amp#27;[38;5;-79m[AndroidUiautomator2Driver@77c3]&amp#27;[0m Pushing settings apk to the device...
&amp#27;[38;5;143m[772c757a]&amp#27;[0m&amp#27;[38;5;229m[ADB]&amp#27;[0m Getting package info for 'io.appium.settings'
&amp#27;[38;5;143m[772c757a]&amp#27;[0m&amp#27;[38;5;229m[ADB]&amp#27;[0m Running 'C:\Users\Testriq\AppData\Local\Android\Sdk\platform-tools\adb.exe -P 5037 -s 2A131FDH200HX6 shell dumpsys package io.appium.settings'
&amp#27;[38;5;143m[772c757a]&amp#27;[0m&amp#27;[38;5;229m[ADB]&amp#27;[0m Using 'aapt2.exe' from 'C:\Users\Testriq\AppData\Local\Android\Sdk\build-tools\34.0.0\aapt2.exe'
&amp#27;[38;5;143m[772c757a]&amp#27;[0m&amp#27;[38;5;229m[ADB]&amp#27;[0m Reading package manifest: 'C:\\Users\\Testriq\\AppData\\Local\\Android\\Sdk\\build-tools\\34.0.0\\aapt2.exe dump badging C:\\Users\\Testriq\\.appium\\node_modules\\appium-uiautomator2-driver\\node_modules\\io.appium.settings\\apks\\settings_apk-debug.apk'
&amp#27;[38;5;143m[772c757a]&amp#27;[0m&amp#27;[38;5;229m[ADB]&amp#27;[0m The version name of the installed 'io.appium.settings' is greater or equal to the application version name ('5.12.13' >= '5.12.13')
&amp#27;[38;5;143m[772c757a]&amp#27;[0m&amp#27;[38;5;229m[ADB]&amp#27;[0m There is no need to install/upgrade 'C:\Users\Testriq\.appium\node_modules\appium-uiautomator2-driver\node_modules\io.appium.settings\apks\settings_apk-debug.apk'
&amp#27;[38;5;143m[772c757a]&amp#27;[0m&amp#27;[38;5;229m[ADB]&amp#27;[0m Running 'C:\Users\Testriq\AppData\Local\Android\Sdk\platform-tools\adb.exe -P 5037 -s 2A131FDH200HX6 shell dumpsys activity services io.appium.settings'
&amp#27;[38;5;143m[772c757a]&amp#27;[0m&amp#27;[38;5;-79m[AndroidUiautomator2Driver@77c3]&amp#27;[0m io.appium.settings is already running. There is no need to reset its permissions.
&amp#27;[38;5;143m[772c757a]&amp#27;[0m&amp#27;[38;5;160m[Logcat]&amp#27;[0m Starting logs capture with command: C:\\Users\\Testriq\\AppData\\Local\\Android\\Sdk\\platform-tools\\adb.exe -P 5037 -s 2A131FDH200HX6 logcat -v threadtime
&amp#27;[38;5;143m[772c757a]&amp#27;[0m&amp#27;[38;5;229m[ADB]&amp#27;[0m Running 'C:\Users\Testriq\AppData\Local\Android\Sdk\platform-tools\adb.exe -P 5037 -s 2A131FDH200HX6 shell appops set io.appium.settings android:mock_location allow'
&amp#27;[38;5;143m[772c757a]&amp#27;[0m&amp#27;[38;5;229m[ADB]&amp#27;[0m Running 'C:\Users\Testriq\AppData\Local\Android\Sdk\platform-tools\adb.exe -P 5037 -s 2A131FDH200HX6 shell "[ -e '/data/local/tmp/mock_apps.json' ] && echo __PASS__"'
&amp#27;[38;5;143m[772c757a]&amp#27;[0m&amp#27;[38;5;229m[ADB]&amp#27;[0m Running 'C:\Users\Testriq\AppData\Local\Android\Sdk\platform-tools\adb.exe -P 5037 -s 2A131FDH200HX6 shell cat /data/local/tmp/mock_apps.json'
&amp#27;[38;5;143m[772c757a]&amp#27;[0m&amp#27;[38;5;-79m[AndroidUiautomator2Driver@77c3]&amp#27;[0m Forwarding UiAutomator2 Server port 6790 to local port 8201
&amp#27;[38;5;143m[772c757a]&amp#27;[0m&amp#27;[38;5;229m[ADB]&amp#27;[0m Forwarding system: 8201 to device: 6790
&amp#27;[38;5;143m[772c757a]&amp#27;[0m&amp#27;[38;5;229m[ADB]&amp#27;[0m Running 'C:\Users\Testriq\AppData\Local\Android\Sdk\platform-tools\adb.exe -P 5037 -s 2A131FDH200HX6 forward tcp:8201 tcp:6790'
&amp#27;[38;5;143m[772c757a]&amp#27;[0m&amp#27;[38;5;229m[ADB]&amp#27;[0m Getting package info for 'io.appium.uiautomator2.server'
&amp#27;[38;5;143m[772c757a]&amp#27;[0m&amp#27;[38;5;229m[ADB]&amp#27;[0m Running 'C:\Users\Testriq\AppData\Local\Android\Sdk\platform-tools\adb.exe -P 5037 -s 2A131FDH200HX6 shell dumpsys package io.appium.uiautomator2.server'
&amp#27;[38;5;143m[772c757a]&amp#27;[0m&amp#27;[38;5;229m[ADB]&amp#27;[0m Getting install status for io.appium.uiautomator2.server.test
&amp#27;[38;5;143m[772c757a]&amp#27;[0m&amp#27;[38;5;229m[ADB]&amp#27;[0m Checking app cert for G:\Automation Projects\testriq\src\main\java\apps\mda-2.2.0-25.apk
&amp#27;[38;5;143m[772c757a]&amp#27;[0m&amp#27;[38;5;229m[ADB]&amp#27;[0m Running 'C:\Users\Testriq\AppData\Local\Android\Sdk\platform-tools\adb.exe -P 5037 -s 2A131FDH200HX6 shell cmd package list packages'
&amp#27;[38;5;143m[772c757a]&amp#27;[0m&amp#27;[38;5;229m[ADB]&amp#27;[0m Using the previously cached signature entry for 'mda-2.2.0-25.apk'
&amp#27;[38;5;143m[772c757a]&amp#27;[0m&amp#27;[38;5;229m[ADB]&amp#27;[0m Getting package info for 'com.saucelabs.mydemoapp.android'
&amp#27;[38;5;143m[772c757a]&amp#27;[0m&amp#27;[38;5;229m[ADB]&amp#27;[0m Running 'C:\Users\Testriq\AppData\Local\Android\Sdk\platform-tools\adb.exe -P 5037 -s 2A131FDH200HX6 shell dumpsys package com.saucelabs.mydemoapp.android'
&amp#27;[38;5;143m[772c757a]&amp#27;[0m&amp#27;[38;5;229m[ADB]&amp#27;[0m 'io.appium.uiautomator2.server.test' is installed
&amp#27;[38;5;143m[772c757a]&amp#27;[0m&amp#27;[38;5;229m[ADB]&amp#27;[0m Reading package manifest: 'C:\\Users\\Testriq\\AppData\\Local\\Android\\Sdk\\build-tools\\34.0.0\\aapt2.exe dump badging C:\\Users\\Testriq\\.appium\\node_modules\\appium-uiautomator2-driver\\node_modules\\appium-uiautomator2-server\\apks\\appium-uiautomator2-server-v7.0.25.apk'
&amp#27;[38;5;143m[772c757a]&amp#27;[0m&amp#27;[38;5;229m[ADB]&amp#27;[0m Reading package manifest: 'C:\\Users\\Testriq\\AppData\\Local\\Android\\Sdk\\build-tools\\34.0.0\\aapt2.exe dump badging 'G:\\Automation Projects\\testriq\\src\\main\\java\\apps\\mda-2.2.0-25.apk''
&amp#27;[38;5;143m[772c757a]&amp#27;[0m&amp#27;[38;5;229m[ADB]&amp#27;[0m The version name of the installed 'io.appium.uiautomator2.server' is greater or equal to the application version name ('7.0.25' >= '7.0.25')
&amp#27;[38;5;143m[772c757a]&amp#27;[0m&amp#27;[38;5;-79m[AndroidUiautomator2Driver@77c3]&amp#27;[0m Server packages status: [{"installState":"sameVersionInstalled","appPath":"C:\\Users\\Testriq\\.appium\\node_modules\\appium-uiautomator2-driver\\node_modules\\appium-uiautomator2-server\\apks\\appium-uiautomator2-server-v7.0.25.apk","appId":"io.appium.uiautomator2.server"},{"installState":"sameVersionInstalled","appPath":"C:\\Users\\Testriq\\.appium\\node_modules\\appium-uiautomator2-driver\\node_modules\\appium-uiautomator2-server\\apks\\appium-uiautomator2-server-debug-androidTest.apk","appId":"io.appium.uiautomator2.server.test"}]
&amp#27;[38;5;143m[772c757a]&amp#27;[0m&amp#27;[38;5;-79m[AndroidUiautomator2Driver@77c3]&amp#27;[0m Server packages are not going to be (re)installed
&amp#27;[38;5;143m[772c757a]&amp#27;[0m&amp#27;[38;5;-79m[AndroidUiautomator2Driver@77c3]&amp#27;[0m Waiting up to 30000ms for services to be available
&amp#27;[38;5;143m[772c757a]&amp#27;[0m&amp#27;[38;5;229m[ADB]&amp#27;[0m Running 'C:\Users\Testriq\AppData\Local\Android\Sdk\platform-tools\adb.exe -P 5037 -s 2A131FDH200HX6 shell pm list instrumentation'
&amp#27;[38;5;143m[772c757a]&amp#27;[0m&amp#27;[38;5;229m[ADB]&amp#27;[0m The version name of the installed 'com.saucelabs.mydemoapp.android' is greater or equal to the application version name ('2.2.0' >= '2.2.0')
&amp#27;[38;5;143m[772c757a]&amp#27;[0m&amp#27;[38;5;229m[ADB]&amp#27;[0m There is no need to install/upgrade 'G:\Automation Projects\testriq\src\main\java\apps\mda-2.2.0-25.apk'
&amp#27;[38;5;143m[772c757a]&amp#27;[0m&amp#27;[38;5;-79m[AndroidUiautomator2Driver@77c3]&amp#27;[0m Performing fast reset on 'com.saucelabs.mydemoapp.android'
&amp#27;[38;5;143m[772c757a]&amp#27;[0m&amp#27;[38;5;229m[ADB]&amp#27;[0m Getting install status for com.saucelabs.mydemoapp.android
&amp#27;[38;5;143m[772c757a]&amp#27;[0m&amp#27;[38;5;229m[ADB]&amp#27;[0m Running 'C:\Users\Testriq\AppData\Local\Android\Sdk\platform-tools\adb.exe -P 5037 -s 2A131FDH200HX6 shell cmd package list packages'
&amp#27;[38;5;143m[772c757a]&amp#27;[0m&amp#27;[38;5;-79m[AndroidUiautomator2Driver@77c3]&amp#27;[0m Instrumentation target 'io.appium.uiautomator2.server.test/androidx.test.runner.AndroidJUnitRunner' is available
&amp#27;[38;5;143m[772c757a]&amp#27;[0m&amp#27;[38;5;229m[ADB]&amp#27;[0m Adding packages ["io.appium.settings","io.appium.uiautomator2.server","io.appium.uiautomator2.server.test"] to Doze whitelist
&amp#27;[38;5;143m[772c757a]&amp#27;[0m&amp#27;[38;5;229m[ADB]&amp#27;[0m Got the following command chunks to execute: [["dumpsys","deviceidle","whitelist","+io.appium.settings",";","dumpsys","deviceidle","whitelist","+io.appium.uiautomator2.server",";","dumpsys","deviceidle","whitelist","+io.appium.uiautomator2.server.test",";"]]
&amp#27;[38;5;143m[772c757a]&amp#27;[0m&amp#27;[38;5;229m[ADB]&amp#27;[0m Running 'C:\Users\Testriq\AppData\Local\Android\Sdk\platform-tools\adb.exe -P 5037 -s 2A131FDH200HX6 shell dumpsys deviceidle whitelist +io.appium.settings ; dumpsys deviceidle whitelist +io.appium.uiautomator2.server ; dumpsys deviceidle whitelist +io.appium.uiautomator2.server.test ;'
&amp#27;[38;5;143m[772c757a]&amp#27;[0m&amp#27;[38;5;229m[ADB]&amp#27;[0m 'com.saucelabs.mydemoapp.android' is installed
&amp#27;[38;5;143m[772c757a]&amp#27;[0m&amp#27;[38;5;229m[ADB]&amp#27;[0m Running 'C:\Users\Testriq\AppData\Local\Android\Sdk\platform-tools\adb.exe -P 5037 -s 2A131FDH200HX6 shell am force-stop com.saucelabs.mydemoapp.android'
&amp#27;[38;5;143m[772c757a]&amp#27;[0m&amp#27;[38;5;229m[ADB]&amp#27;[0m Running 'C:\Users\Testriq\AppData\Local\Android\Sdk\platform-tools\adb.exe -P 5037 -s 2A131FDH200HX6 shell pm clear com.saucelabs.mydemoapp.android'
&amp#27;[38;5;143m[772c757a]&amp#27;[0m&amp#27;[38;5;229m[ADB]&amp#27;[0m Running 'C:\Users\Testriq\AppData\Local\Android\Sdk\platform-tools\adb.exe -P 5037 -s 2A131FDH200HX6 shell dumpsys package com.saucelabs.mydemoapp.android'
&amp#27;[38;5;143m[772c757a]&amp#27;[0m&amp#27;[38;5;229m[ADB]&amp#27;[0m Retrieving requested permissions
&amp#27;[38;5;143m[772c757a]&amp#27;[0m&amp#27;[38;5;229m[ADB]&amp#27;[0m Retrieved 30 permissions from requested group
&amp#27;[38;5;143m[772c757a]&amp#27;[0m&amp#27;[38;5;229m[ADB]&amp#27;[0m Retrieving granted permissions
&amp#27;[38;5;143m[772c757a]&amp#27;[0m&amp#27;[38;5;229m[ADB]&amp#27;[0m Retrieved 5 permissions from install,runtime groups
&amp#27;[38;5;143m[772c757a]&amp#27;[0m&amp#27;[38;5;229m[ADB]&amp#27;[0m Granting permissions ["android.permission.POST_NOTIFICATIONS","android.permission.ACCESS_FINE_LOCATION","android.permission.READ_MEDIA_VISUAL_USER_SELECTED","android.permission.READ_EXTERNAL_STORAGE","android.permission.ACCESS_COARSE_LOCATION","android.permission.READ_MEDIA_IMAGES","android.permission.CAMERA","android.permission.READ_MEDIA_AUDIO","android.permission.READ_MEDIA_VIDEO","android.permission.WRITE_EXTERNAL_STORAGE","android.permission.POST_NOTIFICATIONS","android.permission.ACCESS_FINE_LOCATION","android.permission.READ_MEDIA_VISUAL_USER_SELECTED","android.permission.READ_EXTERNAL_STORAGE","android.permission.ACCESS_COARSE_LOCATION","android.permission.READ_MEDIA_IMAGES","android.permission.CAMERA","android.permission.READ_MEDIA_AUDIO","android.permission.READ_MEDIA_VIDEO","android.permission.WRITE_EXTERNAL_STORAGE"] to 'com.saucelabs.mydemoapp.android'
&amp#27;[38;5;143m[772c757a]&amp#27;[0m&amp#27;[38;5;229m[ADB]&amp#27;[0m Got the following command chunks to execute: [["pm","grant","com.saucelabs.mydemoapp.android","android.permission.POST_NOTIFICATIONS",";","pm","grant","com.saucelabs.mydemoapp.android","android.permission.ACCESS_FINE_LOCATION",";","pm","grant","com.saucelabs.mydemoapp.android","android.permission.READ_MEDIA_VISUAL_USER_SELECTED",";","pm","grant","com.saucelabs.mydemoapp.android","android.permission.READ_EXTERNAL_STORAGE",";","pm","grant","com.saucelabs.mydemoapp.android","android.permission.ACCESS_COARSE_LOCATION",";","pm","grant","com.saucelabs.mydemoapp.android","android.permission.READ_MEDIA_IMAGES",";","pm","grant","com.saucelabs.mydemoapp.android","android.permission.CAMERA",";","pm","grant","com.saucelabs.mydemoapp.android","android.permission.READ_MEDIA_AUDIO",";","pm","grant","com.saucelabs.mydemoapp.android","android.permission.READ_MEDIA_VIDEO",";","pm","grant","com.saucelabs.mydemoapp.android","android.permission.WRITE_EXTERNAL_STORAGE",";","pm","grant","com.saucelabs.mydemoapp.android","android.permission.POST_NOTIFICATIONS",";","pm","grant","com.saucelabs.mydemoapp.android","android.permission.ACCESS_FINE_LOCATION",";"],["pm","grant","com.saucelabs.mydemoapp.android","android.permission.READ_MEDIA_VISUAL_USER_SELECTED",";","pm","grant","com.saucelabs.mydemoapp.android","android.permission.READ_EXTERNAL_STORAGE",";","pm","grant","com.saucelabs.mydemoapp.android","android.permission.ACCESS_COARSE_LOCATION",";","pm","grant","com.saucelabs.mydemoapp.android","android.permission.READ_MEDIA_IMAGES",";","pm","grant","com.saucelabs.mydemoapp.android","android.permission.CAMERA",";","pm","grant","com.saucelabs.mydemoapp.android","android.permission.READ_MEDIA_AUDIO",";","pm","grant","com.saucelabs.mydemoapp.android","android.permission.READ_MEDIA_VIDEO",";","pm","grant","com.saucelabs.mydemoapp.android","android.permission.WRITE_EXTERNAL_STORAGE",";"]]
&amp#27;[38;5;143m[772c757a]&amp#27;[0m&amp#27;[38;5;229m[ADB]&amp#27;[0m Running 'C:\Users\Testriq\AppData\Local\Android\Sdk\platform-tools\adb.exe -P 5037 -s 2A131FDH200HX6 shell pm grant com.saucelabs.mydemoapp.android android.permission.POST_NOTIFICATIONS ; pm grant com.saucelabs.mydemoapp.android android.permission.ACCESS_FINE_LOCATION ; pm grant com.saucelabs.mydemoapp.android android.permission.READ_MEDIA_VISUAL_USER_SELECTED ; pm grant com.saucelabs.mydemoapp.android android.permission.READ_EXTERNAL_STORAGE ; pm grant com.saucelabs.mydemoapp.android android.permission.ACCESS_COARSE_LOCATION ; pm grant com.saucelabs.mydemoapp.android android.permission.READ_MEDIA_IMAGES ; pm grant com.saucelabs.mydemoapp.android android.permission.CAMERA ; pm grant com.saucelabs.mydemoapp.android android.permission.READ_MEDIA_AUDIO ; pm grant com.saucelabs.mydemoapp.android android.permission.READ_MEDIA_VIDEO ; pm grant com.saucelabs.mydemoapp.android android.permission.WRITE_EXTERNAL_STORAGE ; pm grant com.saucelabs.mydemoapp.android android.permission.POST_NOTIFICATIONS ; pm grant com.saucelabs.mydemoapp.android android.permission.ACCESS_FINE_LOCATION ;'
&amp#27;[38;5;112m[Appium]&amp#27;[0m Welcome to Appium v2.11.5 (REV 4eddc999c5d9b705e7356152d2d5953a0dda3720)
&amp#27;[38;5;112m[Appium]&amp#27;[0m Non-default server args:
&amp#27;[38;5;112m[Appium]&amp#27;[0m { address: &amp#27;[32m'127.0.0.1'&amp#27;[39m }
&amp#27;[38;5;112m[Appium]&amp#27;[0m The autodetected Appium home path: C:\Users\Testriq\.appium
&amp#27;[38;5;112m[Appium]&amp#27;[0m Attempting to load driver uiautomator2...
&amp#27;[38;5;112m[Appium]&amp#27;[0m Requiring driver at C:\Users\Testriq\.appium\node_modules\appium-uiautomator2-driver\build\index.js
&amp#27;[38;5;143m[772c757a]&amp#27;[0m&amp#27;[38;5;229m[ADB]&amp#27;[0m Running 'C:\Users\Testriq\AppData\Local\Android\Sdk\platform-tools\adb.exe -P 5037 -s 2A131FDH200HX6 shell pm grant com.saucelabs.mydemoapp.android android.permission.READ_MEDIA_VISUAL_USER_SELECTED ; pm grant com.saucelabs.mydemoapp.android android.permission.READ_EXTERNAL_STORAGE ; pm grant com.saucelabs.mydemoapp.android android.permission.ACCESS_COARSE_LOCATION ; pm grant com.saucelabs.mydemoapp.android android.permission.READ_MEDIA_IMAGES ; pm grant com.saucelabs.mydemoapp.android android.permission.CAMERA ; pm grant com.saucelabs.mydemoapp.android android.permission.READ_MEDIA_AUDIO ; pm grant com.saucelabs.mydemoapp.android android.permission.READ_MEDIA_VIDEO ; pm grant com.saucelabs.mydemoapp.android android.permission.WRITE_EXTERNAL_STORAGE ;'
&amp#27;[38;5;143m[772c757a]&amp#27;[0m&amp#27;[38;5;-79m[AndroidUiautomator2Driver@77c3]&amp#27;[0m Performed fast reset on the installed 'com.saucelabs.mydemoapp.android' application (stop and clear)
&amp#27;[38;5;143m[772c757a]&amp#27;[0m&amp#27;[38;5;-79m[AndroidUiautomator2Driver@77c3]&amp#27;[0m Performing shallow cleanup of automation leftovers
&amp#27;[38;5;143m[772c757a]&amp#27;[0m&amp#27;[38;5;-79m[AndroidUiautomator2Driver@77c3]&amp#27;[0m No obsolete sessions have been detected (socket hang up)
&amp#27;[38;5;143m[772c757a]&amp#27;[0m&amp#27;[38;5;229m[ADB]&amp#27;[0m Running 'C:\Users\Testriq\AppData\Local\Android\Sdk\platform-tools\adb.exe -P 5037 -s 2A131FDH200HX6 shell am force-stop io.appium.uiautomator2.server'
&amp#27;[38;5;143m[772c757a]&amp#27;[0m&amp#27;[38;5;229m[ADB]&amp#27;[0m Running 'C:\Users\Testriq\AppData\Local\Android\Sdk\platform-tools\adb.exe -P 5037 -s 2A131FDH200HX6 shell am force-stop io.appium.uiautomator2.server.test'
&amp#27;[38;5;143m[772c757a]&amp#27;[0m&amp#27;[38;5;-79m[AndroidUiautomator2Driver@77c3]&amp#27;[0m Starting UIAutomator2 server 7.0.25
&amp#27;[38;5;143m[772c757a]&amp#27;[0m&amp#27;[38;5;-79m[AndroidUiautomator2Driver@77c3]&amp#27;[0m Using UIAutomator2 server from 'C:\Users\Testriq\.appium\node_modules\appium-uiautomator2-driver\node_modules\appium-uiautomator2-server\apks\appium-uiautomator2-server-v7.0.25.apk' and test from 'C:\Users\Testriq\.appium\node_modules\appium-uiautomator2-driver\node_modules\appium-uiautomator2-server\apks\appium-uiautomator2-server-debug-androidTest.apk'
&amp#27;[38;5;143m[772c757a]&amp#27;[0m&amp#27;[38;5;-79m[AndroidUiautomator2Driver@77c3]&amp#27;[0m Waiting up to 30000ms for UiAutomator2 to be online...
&amp#27;[38;5;143m[772c757a]&amp#27;[0m&amp#27;[38;5;229m[ADB]&amp#27;[0m Creating ADB subprocess with args: ["-P","5037","-s","2A131FDH200HX6","shell","am","instrument","-w","-e","disableAnalytics","true","io.appium.uiautomator2.server.test/androidx.test.runner.AndroidJUnitRunner"]
&amp#27;[38;5;143m[772c757a]&amp#27;[0m&amp#27;[38;5;-79m[AndroidUiautomator2Driver@77c3]&amp#27;[0m Matched '/status' to command name 'getStatus'
&amp#27;[38;5;143m[772c757a]&amp#27;[0m&amp#27;[38;5;-79m[AndroidUiautomator2Driver@77c3]&amp#27;[0m Proxying [GET /status] to [GET http://127.0.0.1:8201/status] with no body
&amp#27;[38;5;143m[772c757a]&amp#27;[0m&amp#27;[38;5;-79m[AndroidUiautomator2Driver@77c3]&amp#27;[0m socket hang up
&amp#27;[38;5;143m[772c757a]&amp#27;[0m&amp#27;[38;5;-79m[AndroidUiautomator2Driver@77c3]&amp#27;[0m [Instrumentation] 
&amp#27;[38;5;143m[772c757a]&amp#27;[0m&amp#27;[38;5;-79m[AndroidUiautomator2Driver@77c3]&amp#27;[0m Matched '/status' to command name 'getStatus'
&amp#27;[38;5;143m[772c757a]&amp#27;[0m&amp#27;[38;5;-79m[AndroidUiautomator2Driver@77c3]&amp#27;[0m Proxying [GET /status] to [GET http://127.0.0.1:8201/status] with no body
&amp#27;[38;5;143m[772c757a]&amp#27;[0m&amp#27;[38;5;-79m[AndroidUiautomator2Driver@77c3]&amp#27;[0m socket hang up
&amp#27;[38;5;143m[772c757a]&amp#27;[0m&amp#27;[38;5;-79m[AndroidUiautomator2Driver@77c3]&amp#27;[0m Matched '/status' to command name 'getStatus'
&amp#27;[38;5;143m[772c757a]&amp#27;[0m&amp#27;[38;5;-79m[AndroidUiautomator2Driver@77c3]&amp#27;[0m Proxying [GET /status] to [GET http://127.0.0.1:8201/status] with no body
&amp#27;[38;5;143m[772c757a]&amp#27;[0m&amp#27;[38;5;-79m[AndroidUiautomator2Driver@77c3]&amp#27;[0m Got response with status 200: {"sessionId":"None","value":{"message":"UiAutomator2 Server is ready to accept commands","ready":true}}
&amp#27;[38;5;143m[772c757a]&amp#27;[0m&amp#27;[38;5;-79m[AndroidUiautomator2Driver@77c3]&amp#27;[0m The initialization of the instrumentation process took 2142ms
&amp#27;[38;5;143m[772c757a]&amp#27;[0m&amp#27;[38;5;-79m[AndroidUiautomator2Driver@77c3]&amp#27;[0m Matched '/session' to command name 'createSession'
&amp#27;[38;5;143m[772c757a]&amp#27;[0m&amp#27;[38;5;-79m[AndroidUiautomator2Driver@77c3]&amp#27;[0m Proxying [POST /session] to [POST http://127.0.0.1:8201/session] with body: {"capabilities":{"firstMatch":[{"platformName":"ANDROID","appPackage":"com.saucelabs.mydemoapp.android","autoGrantPermissions":true,"deviceName":"2A131FDH200HX6","app":"G:\\Automation Projects\\testriq\\src\\main\\java\\apps\\mda-2.2.0-25.apk","appActivity":"com.saucelabs.mydemoapp.android.view.activities.SplashActivity","automationName":"UIAutomator2","platform":"LINUX","webStorageEnabled":false,"takesScreenshot":true,"javascriptEnabled":true,"databaseEnabled":false,"networkConnectionEnabled":true,"locationContextEnabled":false,"warnings":{},"desired":{"platformName":"ANDROID","appPackage":"com.saucelabs.mydemoapp.android","autoGrantPermissions":true,"deviceName":"AndroidDeviceName","app":"G:\\Automation Projects\\testriq\\src\\main\\java\\apps\\mda-2.2.0-25.apk","appActivity":"com.saucelabs.mydemoapp.android.view.activities.SplashActivity","automationName":"UIAutomator2"},"deviceUDID":"2A131FDH200HX6"}],"alwaysMatch":{}}}
&amp#27;[38;5;143m[772c757a]&amp#27;[0m&amp#27;[38;5;-79m[AndroidUiautomator2Driver@77c3]&amp#27;[0m Got response with status 200: {"sessionId":"10caee85-42ea-43e1-bad8-04fca1be5bfd","value":{"capabilities":{"firstMatch":[{"platformName":"ANDROID","appPackage":"com.saucelabs.mydemoapp.android","autoGrantPermissions":true,"deviceName":"2A131FDH200HX6","app":"G:\\Automation Projects\\testriq\\src\\main\\java\\apps\\mda-2.2.0-25.apk","appActivity":"com.saucelabs.mydemoapp.android.view.activities.SplashActivity","automationName":"UIAutomator2","platform":"LINUX","webStorageEnabled":false,"takesScreenshot":true,"javascriptEnabled":true,"databaseEnabled":false,"networkConnectionEnabled":true,"locationContextEnabled":false,"warnings":{},"desired":{"platformName":"ANDROID","appPackage":"com.saucelabs.mydemoapp.android","autoGrantPermissions":true,"deviceName":"AndroidDeviceName","app":"G:\\Automation Projects\\testriq\\src\\main\\java\\apps\\mda-2.2.0-25.apk","appActivity":"com.saucelabs.mydemoapp.android.view.activities.SplashActivity","automationName":"UIAutomator2"},"deviceUDID":"2A131FDH200HX6"}],"alwaysMatch":{}},"sessionId":"10caee85-42...
&amp#27;[38;5;143m[772c757a]&amp#27;[0m&amp#27;[38;5;-79m[AndroidUiautomator2Driver@77c3]&amp#27;[0m Determined the downstream protocol as 'W3C'
&amp#27;[38;5;143m[772c757a]&amp#27;[0m&amp#27;[38;5;-79m[AndroidUiautomator2Driver@77c3]&amp#27;[0m Proxying [GET /appium/device/pixel_ratio] to [GET http://127.0.0.1:8201/session/10caee85-42ea-43e1-bad8-04fca1be5bfd/appium/device/pixel_ratio] with no body
&amp#27;[38;5;143m[772c757a]&amp#27;[0m&amp#27;[38;5;-79m[AndroidUiautomator2Driver@77c3]&amp#27;[0m Matched '/appium/device/system_bars' to command name 'getSystemBars'
&amp#27;[38;5;143m[772c757a]&amp#27;[0m&amp#27;[38;5;-79m[AndroidUiautomator2Driver@77c3]&amp#27;[0m Proxying [GET /appium/device/system_bars] to [GET http://127.0.0.1:8201/session/10caee85-42ea-43e1-bad8-04fca1be5bfd/appium/device/system_bars] with no body
&amp#27;[38;5;143m[772c757a]&amp#27;[0m&amp#27;[38;5;-79m[AndroidUiautomator2Driver@77c3]&amp#27;[0m Matched '/window/current/size' to command name 'getWindowSize'
&amp#27;[38;5;143m[772c757a]&amp#27;[0m&amp#27;[38;5;-79m[AndroidUiautomator2Driver@77c3]&amp#27;[0m Proxying [GET /window/current/size] to [GET http://127.0.0.1:8201/session/10caee85-42ea-43e1-bad8-04fca1be5bfd/window/current/size] with no body
&amp#27;[38;5;143m[772c757a]&amp#27;[0m&amp#27;[38;5;-79m[AndroidUiautomator2Driver@77c3]&amp#27;[0m Proxying [GET /appium/device/info] to [GET http://127.0.0.1:8201/session/10caee85-42ea-43e1-bad8-04fca1be5bfd/appium/device/info] with no body
&amp#27;[38;5;143m[772c757a]&amp#27;[0m&amp#27;[38;5;229m[ADB]&amp#27;[0m Running 'C:\Users\Testriq\AppData\Local\Android\Sdk\platform-tools\adb.exe -P 5037 -s 2A131FDH200HX6 shell dumpsys window'
&amp#27;[38;5;143m[772c757a]&amp#27;[0m&amp#27;[38;5;229m[ADB]&amp#27;[0m Running 'C:\Users\Testriq\AppData\Local\Android\Sdk\platform-tools\adb.exe -P 5037 -s 2A131FDH200HX6 shell dumpsys power'
&amp#27;[38;5;143m[772c757a]&amp#27;[0m&amp#27;[38;5;-79m[AndroidUiautomator2Driver@77c3]&amp#27;[0m Got response with status 200: {"sessionId":"10caee85-42ea-43e1-bad8-04fca1be5bfd","value":2.2250001}
&amp#27;[38;5;143m[772c757a]&amp#27;[0m&amp#27;[38;5;-79m[AndroidUiautomator2Driver@77c3]&amp#27;[0m Got response with status 200: {"sessionId":"10caee85-42ea-43e1-bad8-04fca1be5bfd","value":{"statusBar":136}}
&amp#27;[38;5;143m[772c757a]&amp#27;[0m&amp#27;[38;5;-79m[AndroidUiautomator2Driver@77c3]&amp#27;[0m Got response with status 200: {"sessionId":"10caee85-42ea-43e1-bad8-04fca1be5bfd","value":{"height":2400,"width":1080}}
&amp#27;[38;5;143m[772c757a]&amp#27;[0m&amp#27;[38;5;-79m[AndroidUiautomator2Driver@77c3]&amp#27;[0m Got response with status 200: {"sessionId":"10caee85-42ea-43e1-bad8-04fca1be5bfd","value":{"androidId":"7781aa28ec4e674f","apiVersion":"35","bluetooth":{"state":"ON"},"brand":"google","carrierName":"","displayDensity":356,"locale":"en_US","manufacturer":"Google","model":"Pixel 7","networks":[{"capabilities":{"SSID":null,"linkDownBandwidthKbps":29972,"linkUpstreamBandwidthKbps":24945,"networkCapabilities":"NET_CAPABILITY_NOT_METERED,NET_CAPABILITY_INTERNET,NET_CAPABILITY_NOT_RESTRICTED,NET_CAPABILITY_TRUSTED,NET_CAPABILITY_NOT_VPN,NET_CAPABILITY_VALIDATED,NET_CAPABILITY_NOT_ROAMING,NET_CAPABILITY_FOREGROUND,NET_CAPABILITY_NOT_CONGESTED,NET_CAPABILITY_NOT_SUSPENDED","signalStrength":-59,"transportTypes":"TRANSPORT_WIFI"},"detailedState":"CONNECTED","extraInfo":"","isAvailable":true,"isConnected":true,"isFailover":false,"isRoaming":false,"state":"CONNECTED","subtype":-1,"subtypeName":"","type":1,"typeName":"WIFI"}],"platformVersion":"15","realDisplaySize":"1080x2400","timeZone":"Asia/Kolkata"}}
&amp#27;[38;5;143m[772c757a]&amp#27;[0m&amp#27;[38;5;-79m[AndroidUiautomator2Driver@77c3]&amp#27;[0m Screen already unlocked, doing nothing
&amp#27;[38;5;143m[772c757a]&amp#27;[0m&amp#27;[38;5;-79m[AndroidUiautomator2Driver@77c3]&amp#27;[0m Starting 'com.saucelabs.mydemoapp.android/com.saucelabs.mydemoapp.android.view.activities.SplashActivity and waiting for 'com.saucelabs.mydemoapp.android/com.saucelabs.mydemoapp.android.view.activities.SplashActivity'
&amp#27;[38;5;143m[772c757a]&amp#27;[0m&amp#27;[38;5;229m[ADB]&amp#27;[0m Running 'C:\Users\Testriq\AppData\Local\Android\Sdk\platform-tools\adb.exe -P 5037 -s 2A131FDH200HX6 shell am start -W -n com.saucelabs.mydemoapp.android/com.saucelabs.mydemoapp.android.view.activities.SplashActivity -S -a android.intent.action.MAIN -c android.intent.category.LAUNCHER -f 0x10200000'
&amp#27;[38;5;112m[Appium]&amp#27;[0m AndroidUiautomator2Driver has been successfully loaded in 4.199s
&amp#27;[38;5;86m[HTTP]&amp#27;[0m Could not start REST http interface listener. The requested port may already be in use. Please make sure there is no other instance of this server running already.
&amp#27;[38;5;112m[Appium]&amp#27;[0m Could not configure Appium server. It's possible that a driver or plugin tried to update the server and failed. Original error: listen EADDRINUSE: address already in use 127.0.0.1:4723
&amp#27;[38;5;112m[Appium]&amp#27;[0m Error: listen EADDRINUSE: address already in use 127.0.0.1:4723
    at Server.setupListenHandle [as _listen2] (node:net:1904:16)
    at listenInCluster (node:net:1961:12)
    at doListen (node:net:2135:7)
    at processTicksAndRejections (node:internal/process/task_queues:83:21)
&amp#27;[38;5;143m[772c757a]&amp#27;[0m&amp#27;[38;5;23m[AppiumDriver@398a]&amp#27;[0m New AndroidUiautomator2Driver session created successfully, session 772c757a-ddcb-4054-a838-3a993a28bffe added to master session list
&amp#27;[38;5;143m[772c757a]&amp#27;[0m&amp#27;[38;5;23m[AppiumDriver@398a]&amp#27;[0m Event 'newSessionStarted' logged at 1737019631094 (14:57:11 GMT+0530 (India Standard Time))
&amp#27;[38;5;143m[772c757a]&amp#27;[0m&amp#27;[38;5;-79m[AndroidUiautomator2Driver@77c3]&amp#27;[0m Cached the protocol value 'W3C' for the new session 772c757a-ddcb-4054-a838-3a993a28bffe
&amp#27;[38;5;143m[772c757a]&amp#27;[0m&amp#27;[38;5;-79m[AndroidUiautomator2Driver@77c3]&amp#27;[0m Responding to client with driver.createSession() result: {"capabilities":{"platformName":"ANDROID","appPackage":"com.saucelabs.mydemoapp.android","autoGrantPermissions":true,"deviceName":"2A131FDH200HX6","app":"G:\\Automation Projects\\testriq\\src\\main\\java\\apps\\mda-2.2.0-25.apk","appActivity":"com.saucelabs.mydemoapp.android.view.activities.SplashActivity","automationName":"UIAutomator2","platform":"LINUX","webStorageEnabled":false,"takesScreenshot":true,"javascriptEnabled":true,"databaseEnabled":false,"networkConnectionEnabled":true,"locationContextEnabled":false,"warnings":{},"desired":{"platformName":"ANDROID","appPackage":"com.saucelabs.mydemoapp.android","autoGrantPermissions":true,"deviceName":"AndroidDeviceName","app":"G:\\Automation Projects\\testriq\\src\\main\\java\\apps\\mda-2.2.0-25.apk","appActivity":"com.saucelabs.mydemoapp.android.view.activities.SplashActivity","automationName":"UIAutomator2"},"deviceUDID":"2A131FDH200HX6","pixelRatio":"2.2250001","statBarHeight":136,"viewportRect":{"left":0,"top":136,"width":1080,"height":2264},"deviceApiL...
&amp#27;[38;5;143m[772c757a]&amp#27;[0m&amp#27;[38;5;86m[HTTP]&amp#27;[0m &amp#27;[37m<-- POST /session &amp#27;[39m&amp#27;[32m200&amp#27;[39m &amp#27;[90m7071 ms - 1226&amp#27;[39m &amp#27;[90m&amp#27;[39m
&amp#27;[38;5;86m[HTTP]&amp#27;[0m &amp#27;[37m-->&amp#27;[39m &amp#27;[37mGET&amp#27;[39m &amp#27;[37m/status&amp#27;[39m &amp#27;[90m{}&amp#27;[39m
&amp#27;[38;5;23m[AppiumDriver@398a]&amp#27;[0m Calling AppiumDriver.getStatus() with args: []
&amp#27;[38;5;23m[AppiumDriver@398a]&amp#27;[0m Responding to client with driver.getStatus() result: {"ready":true,"message":"The server is ready to accept new connections","build":{"version":"2.11.5","git-sha":"4eddc999c5d9b705e7356152d2d5953a0dda3720","built":"2024-10-09 17:32:11 +0530"}}
&amp#27;[38;5;86m[HTTP]&amp#27;[0m &amp#27;[37m<-- GET /status &amp#27;[39m&amp#27;[32m200&amp#27;[39m &amp#27;[90m1 ms - 200&amp#27;[39m &amp#27;[90m&amp#27;[39m
&amp#27;[38;5;86m[HTTP]&amp#27;[0m Request idempotency key: 530ac9a4-e2d3-488f-97a6-41e4ac70c04b
&amp#27;[38;5;86m[HTTP]&amp#27;[0m &amp#27;[37m-->&amp#27;[39m &amp#27;[37mPOST&amp#27;[39m &amp#27;[37m/session&amp#27;[39m &amp#27;[90m{"capabilities":{"firstMatch":[{}],"alwaysMatch":{"appium:appPackage":"com.saucelabs.mydemoapp.android","appium:autoGrantPermissions":true,"appium:deviceName":"AndroidDeviceName","appium:app":"G:\\Automation Projects\\testriq\\src\\main\\java\\apps\\mda-2.2.0-25.apk","appium:appActivity":"com.saucelabs.mydemoapp.android.view.activities.SplashActivity","platformName":"ANDROID","appium:automationName":"UIAutomator2"}}}&amp#27;[39m
&amp#27;[38;5;23m[AppiumDriver@398a]&amp#27;[0m Calling AppiumDriver.createSession() with args: [null,null,{"firstMatch":[{}],"alwaysMatch":{"appium:appPackage":"com.saucelabs.mydemoapp.android","appium:autoGrantPermissions":true,"appium:deviceName":"AndroidDeviceName","appium:app":"G:\\Automation Projects\\testriq\\src\\main\\java\\apps\\mda-2.2.0-25.apk","appium:appActivity":"com.saucelabs.mydemoapp.android.view.activities.SplashActivity","platformName":"ANDROID","appium:automationName":"UIAutomator2"}}]
&amp#27;[38;5;23m[AppiumDriver@398a]&amp#27;[0m Event 'newSessionRequested' logged at 1737019631150 (14:57:11 GMT+0530 (India Standard Time))
&amp#27;[38;5;112m[Appium]&amp#27;[0m Attempting to find matching driver for automationName 'UIAutomator2' and platformName 'ANDROID'
&amp#27;[38;5;112m[Appium]&amp#27;[0m The 'uiautomator2' driver was installed and matched caps.
&amp#27;[38;5;112m[Appium]&amp#27;[0m Will require it at C:\Users\Testriq\.appium\node_modules\appium-uiautomator2-driver
&amp#27;[38;5;112m[Appium]&amp#27;[0m Requiring driver at C:\Users\Testriq\.appium\node_modules\appium-uiautomator2-driver\build\index.js
&amp#27;[38;5;23m[AppiumDriver@398a]&amp#27;[0m Appium v2.11.5 creating new AndroidUiautomator2Driver (v3.8.0) session
&amp#27;[38;5;23m[AppiumDriver@398a]&amp#27;[0m Checking BaseDriver versions for Appium and AndroidUiautomator2Driver
&amp#27;[38;5;23m[AppiumDriver@398a]&amp#27;[0m Appium's BaseDriver version is 9.11.5
&amp#27;[38;5;23m[AppiumDriver@398a]&amp#27;[0m AndroidUiautomator2Driver's BaseDriver version is 9.11.5
&amp#27;[38;5;-51m[AndroidUiautomator2Driver@cca7]&amp#27;[0m 
&amp#27;[38;5;-51m[AndroidUiautomator2Driver@cca7]&amp#27;[0m Creating session with W3C capabilities: {
  "alwaysMatch": {
    "platformName": "ANDROID",
    "appium:appPackage": "com.saucelabs.mydemoapp.android",
    "appium:autoGrantPermissions": true,
    "appium:deviceName": "AndroidDeviceName",
    "appium:app": "G:\\Automation Projects\\testriq\\src\\main\\java\\apps\\mda-2.2.0-25.apk",
    "appium:appActivity": "com.saucelabs.mydemoapp.android.view.activities.SplashActivity",
    "appium:automationName": "UIAutomator2"
  },
  "firstMatch": [
    {}
  ]
}
&amp#27;[38;5;77m[85346cc1]&amp#27;[0m&amp#27;[38;5;-51m[AndroidUiautomator2Driver@cca7]&amp#27;[0m Session created with session id: 85346cc1-bc75-43dd-bd8c-7d4025396cf4
&amp#27;[38;5;77m[85346cc1]&amp#27;[0m&amp#27;[38;5;229m[ADB]&amp#27;[0m Using 'adb.exe' from 'C:\Users\Testriq\AppData\Local\Android\Sdk\platform-tools\adb.exe'
&amp#27;[38;5;77m[85346cc1]&amp#27;[0m&amp#27;[38;5;229m[ADB]&amp#27;[0m Running 'C:\Users\Testriq\AppData\Local\Android\Sdk\platform-tools\adb.exe -P 5037 start-server'
&amp#27;[38;5;77m[85346cc1]&amp#27;[0m&amp#27;[38;5;-51m[AndroidUiautomator2Driver@cca7]&amp#27;[0m Retrieving device list
&amp#27;[38;5;77m[85346cc1]&amp#27;[0m&amp#27;[38;5;229m[ADB]&amp#27;[0m Trying to find connected Android devices
&amp#27;[38;5;77m[85346cc1]&amp#27;[0m&amp#27;[38;5;229m[ADB]&amp#27;[0m Getting connected devices
&amp#27;[38;5;77m[85346cc1]&amp#27;[0m&amp#27;[38;5;229m[ADB]&amp#27;[0m Connected devices: [{"udid":"2A131FDH200HX6","state":"device"}]
&amp#27;[38;5;77m[85346cc1]&amp#27;[0m&amp#27;[38;5;-51m[AndroidUiautomator2Driver@cca7]&amp#27;[0m Using device: 2A131FDH200HX6
&amp#27;[38;5;77m[85346cc1]&amp#27;[0m&amp#27;[38;5;229m[ADB]&amp#27;[0m Using 'adb.exe' from 'C:\Users\Testriq\AppData\Local\Android\Sdk\platform-tools\adb.exe'
&amp#27;[38;5;77m[85346cc1]&amp#27;[0m&amp#27;[38;5;229m[ADB]&amp#27;[0m Running 'C:\Users\Testriq\AppData\Local\Android\Sdk\platform-tools\adb.exe -P 5037 start-server'
&amp#27;[38;5;77m[85346cc1]&amp#27;[0m&amp#27;[38;5;229m[ADB]&amp#27;[0m Setting device id to 2A131FDH200HX6
&amp#27;[38;5;77m[85346cc1]&amp#27;[0m&amp#27;[38;5;123m[BaseDriver]&amp#27;[0m Using local app 'G:\Automation Projects\testriq\src\main\java\apps\mda-2.2.0-25.apk'
&amp#27;[38;5;77m[85346cc1]&amp#27;[0m&amp#27;[38;5;-51m[AndroidUiautomator2Driver@cca7]&amp#27;[0m Checking whether app is actually present
&amp#27;[38;5;77m[85346cc1]&amp#27;[0m&amp#27;[38;5;229m[ADB]&amp#27;[0m Running 'C:\Users\Testriq\AppData\Local\Android\Sdk\platform-tools\adb.exe -P 5037 -s 2A131FDH200HX6 shell getprop ro.build.version.sdk'
&amp#27;[38;5;77m[85346cc1]&amp#27;[0m&amp#27;[38;5;229m[ADB]&amp#27;[0m Current device property 'ro.build.version.sdk': 35
&amp#27;[38;5;77m[85346cc1]&amp#27;[0m&amp#27;[38;5;229m[ADB]&amp#27;[0m Getting device platform version
&amp#27;[38;5;77m[85346cc1]&amp#27;[0m&amp#27;[38;5;229m[ADB]&amp#27;[0m Running 'C:\Users\Testriq\AppData\Local\Android\Sdk\platform-tools\adb.exe -P 5037 -s 2A131FDH200HX6 shell getprop ro.build.version.release'
&amp#27;[38;5;77m[85346cc1]&amp#27;[0m&amp#27;[38;5;229m[ADB]&amp#27;[0m Current device property 'ro.build.version.release': 15
&amp#27;[38;5;77m[85346cc1]&amp#27;[0m&amp#27;[38;5;229m[ADB]&amp#27;[0m Device API level: 35
&amp#27;[38;5;77m[85346cc1]&amp#27;[0m&amp#27;[38;5;-51m[AndroidUiautomator2Driver@cca7]&amp#27;[0m Relaxing hidden api policy
&amp#27;[38;5;77m[85346cc1]&amp#27;[0m&amp#27;[38;5;229m[ADB]&amp#27;[0m Running 'C:\Users\Testriq\AppData\Local\Android\Sdk\platform-tools\adb.exe -P 5037 -s 2A131FDH200HX6 shell 'settings put global hidden_api_policy_pre_p_apps 1;settings put global hidden_api_policy_p_apps 1;settings put global hidden_api_policy 1''
&amp#27;[38;5;77m[85346cc1]&amp#27;[0m&amp#27;[38;5;-51m[AndroidUiautomator2Driver@cca7]&amp#27;[0m Pushing settings apk to the device...
&amp#27;[38;5;77m[85346cc1]&amp#27;[0m&amp#27;[38;5;229m[ADB]&amp#27;[0m Getting package info for 'io.appium.settings'
&amp#27;[38;5;77m[85346cc1]&amp#27;[0m&amp#27;[38;5;229m[ADB]&amp#27;[0m Running 'C:\Users\Testriq\AppData\Local\Android\Sdk\platform-tools\adb.exe -P 5037 -s 2A131FDH200HX6 shell dumpsys package io.appium.settings'
&amp#27;[38;5;77m[85346cc1]&amp#27;[0m&amp#27;[38;5;229m[ADB]&amp#27;[0m Using 'aapt2.exe' from 'C:\Users\Testriq\AppData\Local\Android\Sdk\build-tools\34.0.0\aapt2.exe'
&amp#27;[38;5;77m[85346cc1]&amp#27;[0m&amp#27;[38;5;229m[ADB]&amp#27;[0m Reading package manifest: 'C:\\Users\\Testriq\\AppData\\Local\\Android\\Sdk\\build-tools\\34.0.0\\aapt2.exe dump badging C:\\Users\\Testriq\\.appium\\node_modules\\appium-uiautomator2-driver\\node_modules\\io.appium.settings\\apks\\settings_apk-debug.apk'
&amp#27;[38;5;77m[85346cc1]&amp#27;[0m&amp#27;[38;5;229m[ADB]&amp#27;[0m The version name of the installed 'io.appium.settings' is greater or equal to the application version name ('5.12.13' >= '5.12.13')
&amp#27;[38;5;77m[85346cc1]&amp#27;[0m&amp#27;[38;5;229m[ADB]&amp#27;[0m There is no need to install/upgrade 'C:\Users\Testriq\.appium\node_modules\appium-uiautomator2-driver\node_modules\io.appium.settings\apks\settings_apk-debug.apk'
&amp#27;[38;5;77m[85346cc1]&amp#27;[0m&amp#27;[38;5;229m[ADB]&amp#27;[0m Running 'C:\Users\Testriq\AppData\Local\Android\Sdk\platform-tools\adb.exe -P 5037 -s 2A131FDH200HX6 shell dumpsys activity services io.appium.settings'
&amp#27;[38;5;77m[85346cc1]&amp#27;[0m&amp#27;[38;5;-51m[AndroidUiautomator2Driver@cca7]&amp#27;[0m io.appium.settings is already running. There is no need to reset its permissions.
&amp#27;[38;5;77m[85346cc1]&amp#27;[0m&amp#27;[38;5;160m[Logcat]&amp#27;[0m Starting logs capture with command: C:\\Users\\Testriq\\AppData\\Local\\Android\\Sdk\\platform-tools\\adb.exe -P 5037 -s 2A131FDH200HX6 logcat -v threadtime
&amp#27;[38;5;77m[85346cc1]&amp#27;[0m&amp#27;[38;5;229m[ADB]&amp#27;[0m Running 'C:\Users\Testriq\AppData\Local\Android\Sdk\platform-tools\adb.exe -P 5037 -s 2A131FDH200HX6 shell appops set io.appium.settings android:mock_location allow'
&amp#27;[38;5;77m[85346cc1]&amp#27;[0m&amp#27;[38;5;229m[ADB]&amp#27;[0m Running 'C:\Users\Testriq\AppData\Local\Android\Sdk\platform-tools\adb.exe -P 5037 -s 2A131FDH200HX6 shell "[ -e '/data/local/tmp/mock_apps.json' ] && echo __PASS__"'
&amp#27;[38;5;77m[85346cc1]&amp#27;[0m&amp#27;[38;5;229m[ADB]&amp#27;[0m Running 'C:\Users\Testriq\AppData\Local\Android\Sdk\platform-tools\adb.exe -P 5037 -s 2A131FDH200HX6 shell cat /data/local/tmp/mock_apps.json'
&amp#27;[38;5;77m[85346cc1]&amp#27;[0m&amp#27;[38;5;-51m[AndroidUiautomator2Driver@cca7]&amp#27;[0m Forwarding UiAutomator2 Server port 6790 to local port 8204
&amp#27;[38;5;77m[85346cc1]&amp#27;[0m&amp#27;[38;5;229m[ADB]&amp#27;[0m Forwarding system: 8204 to device: 6790
&amp#27;[38;5;77m[85346cc1]&amp#27;[0m&amp#27;[38;5;229m[ADB]&amp#27;[0m Running 'C:\Users\Testriq\AppData\Local\Android\Sdk\platform-tools\adb.exe -P 5037 -s 2A131FDH200HX6 forward tcp:8204 tcp:6790'
&amp#27;[38;5;77m[85346cc1]&amp#27;[0m&amp#27;[38;5;229m[ADB]&amp#27;[0m Getting package info for 'io.appium.uiautomator2.server'
&amp#27;[38;5;77m[85346cc1]&amp#27;[0m&amp#27;[38;5;229m[ADB]&amp#27;[0m Running 'C:\Users\Testriq\AppData\Local\Android\Sdk\platform-tools\adb.exe -P 5037 -s 2A131FDH200HX6 shell dumpsys package io.appium.uiautomator2.server'
&amp#27;[38;5;77m[85346cc1]&amp#27;[0m&amp#27;[38;5;229m[ADB]&amp#27;[0m Getting install status for io.appium.uiautomator2.server.test
&amp#27;[38;5;77m[85346cc1]&amp#27;[0m&amp#27;[38;5;229m[ADB]&amp#27;[0m Checking app cert for G:\Automation Projects\testriq\src\main\java\apps\mda-2.2.0-25.apk
&amp#27;[38;5;77m[85346cc1]&amp#27;[0m&amp#27;[38;5;229m[ADB]&amp#27;[0m Running 'C:\Users\Testriq\AppData\Local\Android\Sdk\platform-tools\adb.exe -P 5037 -s 2A131FDH200HX6 shell cmd package list packages'
&amp#27;[38;5;77m[85346cc1]&amp#27;[0m&amp#27;[38;5;229m[ADB]&amp#27;[0m Using the previously cached signature entry for 'mda-2.2.0-25.apk'
&amp#27;[38;5;77m[85346cc1]&amp#27;[0m&amp#27;[38;5;229m[ADB]&amp#27;[0m Getting package info for 'com.saucelabs.mydemoapp.android'
&amp#27;[38;5;77m[85346cc1]&amp#27;[0m&amp#27;[38;5;229m[ADB]&amp#27;[0m Running 'C:\Users\Testriq\AppData\Local\Android\Sdk\platform-tools\adb.exe -P 5037 -s 2A131FDH200HX6 shell dumpsys package com.saucelabs.mydemoapp.android'
&amp#27;[38;5;77m[85346cc1]&amp#27;[0m&amp#27;[38;5;229m[ADB]&amp#27;[0m 'io.appium.uiautomator2.server.test' is installed
&amp#27;[38;5;77m[85346cc1]&amp#27;[0m&amp#27;[38;5;229m[ADB]&amp#27;[0m Reading package manifest: 'C:\\Users\\Testriq\\AppData\\Local\\Android\\Sdk\\build-tools\\34.0.0\\aapt2.exe dump badging C:\\Users\\Testriq\\.appium\\node_modules\\appium-uiautomator2-driver\\node_modules\\appium-uiautomator2-server\\apks\\appium-uiautomator2-server-v7.0.25.apk'
&amp#27;[38;5;77m[85346cc1]&amp#27;[0m&amp#27;[38;5;229m[ADB]&amp#27;[0m The version name of the installed 'io.appium.uiautomator2.server' is greater or equal to the application version name ('7.0.25' >= '7.0.25')
&amp#27;[38;5;77m[85346cc1]&amp#27;[0m&amp#27;[38;5;-51m[AndroidUiautomator2Driver@cca7]&amp#27;[0m Server packages status: [{"installState":"sameVersionInstalled","appPath":"C:\\Users\\Testriq\\.appium\\node_modules\\appium-uiautomator2-driver\\node_modules\\appium-uiautomator2-server\\apks\\appium-uiautomator2-server-v7.0.25.apk","appId":"io.appium.uiautomator2.server"},{"installState":"sameVersionInstalled","appPath":"C:\\Users\\Testriq\\.appium\\node_modules\\appium-uiautomator2-driver\\node_modules\\appium-uiautomator2-server\\apks\\appium-uiautomator2-server-debug-androidTest.apk","appId":"io.appium.uiautomator2.server.test"}]
&amp#27;[38;5;77m[85346cc1]&amp#27;[0m&amp#27;[38;5;-51m[AndroidUiautomator2Driver@cca7]&amp#27;[0m Server packages are not going to be (re)installed
&amp#27;[38;5;77m[85346cc1]&amp#27;[0m&amp#27;[38;5;-51m[AndroidUiautomator2Driver@cca7]&amp#27;[0m Waiting up to 30000ms for services to be available
&amp#27;[38;5;77m[85346cc1]&amp#27;[0m&amp#27;[38;5;229m[ADB]&amp#27;[0m Running 'C:\Users\Testriq\AppData\Local\Android\Sdk\platform-tools\adb.exe -P 5037 -s 2A131FDH200HX6 shell pm list instrumentation'
&amp#27;[38;5;77m[85346cc1]&amp#27;[0m&amp#27;[38;5;229m[ADB]&amp#27;[0m Reading package manifest: 'C:\\Users\\Testriq\\AppData\\Local\\Android\\Sdk\\build-tools\\34.0.0\\aapt2.exe dump badging 'G:\\Automation Projects\\testriq\\src\\main\\java\\apps\\mda-2.2.0-25.apk''
&amp#27;[38;5;77m[85346cc1]&amp#27;[0m&amp#27;[38;5;-51m[AndroidUiautomator2Driver@cca7]&amp#27;[0m Instrumentation target 'io.appium.uiautomator2.server.test/androidx.test.runner.AndroidJUnitRunner' is available
&amp#27;[38;5;77m[85346cc1]&amp#27;[0m&amp#27;[38;5;229m[ADB]&amp#27;[0m Adding packages ["io.appium.settings","io.appium.uiautomator2.server","io.appium.uiautomator2.server.test"] to Doze whitelist
&amp#27;[38;5;77m[85346cc1]&amp#27;[0m&amp#27;[38;5;229m[ADB]&amp#27;[0m Got the following command chunks to execute: [["dumpsys","deviceidle","whitelist","+io.appium.settings",";","dumpsys","deviceidle","whitelist","+io.appium.uiautomator2.server",";","dumpsys","deviceidle","whitelist","+io.appium.uiautomator2.server.test",";"]]
&amp#27;[38;5;77m[85346cc1]&amp#27;[0m&amp#27;[38;5;229m[ADB]&amp#27;[0m Running 'C:\Users\Testriq\AppData\Local\Android\Sdk\platform-tools\adb.exe -P 5037 -s 2A131FDH200HX6 shell dumpsys deviceidle whitelist +io.appium.settings ; dumpsys deviceidle whitelist +io.appium.uiautomator2.server ; dumpsys deviceidle whitelist +io.appium.uiautomator2.server.test ;'
&amp#27;[38;5;77m[85346cc1]&amp#27;[0m&amp#27;[38;5;229m[ADB]&amp#27;[0m The version name of the installed 'com.saucelabs.mydemoapp.android' is greater or equal to the application version name ('2.2.0' >= '2.2.0')
&amp#27;[38;5;77m[85346cc1]&amp#27;[0m&amp#27;[38;5;229m[ADB]&amp#27;[0m There is no need to install/upgrade 'G:\Automation Projects\testriq\src\main\java\apps\mda-2.2.0-25.apk'
&amp#27;[38;5;77m[85346cc1]&amp#27;[0m&amp#27;[38;5;-51m[AndroidUiautomator2Driver@cca7]&amp#27;[0m Performing fast reset on 'com.saucelabs.mydemoapp.android'
&amp#27;[38;5;77m[85346cc1]&amp#27;[0m&amp#27;[38;5;229m[ADB]&amp#27;[0m Getting install status for com.saucelabs.mydemoapp.android
&amp#27;[38;5;77m[85346cc1]&amp#27;[0m&amp#27;[38;5;229m[ADB]&amp#27;[0m Running 'C:\Users\Testriq\AppData\Local\Android\Sdk\platform-tools\adb.exe -P 5037 -s 2A131FDH200HX6 shell cmd package list packages'
&amp#27;[38;5;77m[85346cc1]&amp#27;[0m&amp#27;[38;5;229m[ADB]&amp#27;[0m 'com.saucelabs.mydemoapp.android' is installed
&amp#27;[38;5;77m[85346cc1]&amp#27;[0m&amp#27;[38;5;229m[ADB]&amp#27;[0m Running 'C:\Users\Testriq\AppData\Local\Android\Sdk\platform-tools\adb.exe -P 5037 -s 2A131FDH200HX6 shell am force-stop com.saucelabs.mydemoapp.android'
&amp#27;[38;5;77m[85346cc1]&amp#27;[0m&amp#27;[38;5;229m[ADB]&amp#27;[0m Running 'C:\Users\Testriq\AppData\Local\Android\Sdk\platform-tools\adb.exe -P 5037 -s 2A131FDH200HX6 shell pm clear com.saucelabs.mydemoapp.android'
&amp#27;[38;5;77m[85346cc1]&amp#27;[0m&amp#27;[38;5;229m[ADB]&amp#27;[0m Running 'C:\Users\Testriq\AppData\Local\Android\Sdk\platform-tools\adb.exe -P 5037 -s 2A131FDH200HX6 shell dumpsys package com.saucelabs.mydemoapp.android'
&amp#27;[38;5;77m[85346cc1]&amp#27;[0m&amp#27;[38;5;229m[ADB]&amp#27;[0m Retrieving requested permissions
&amp#27;[38;5;77m[85346cc1]&amp#27;[0m&amp#27;[38;5;229m[ADB]&amp#27;[0m Retrieved 30 permissions from requested group
&amp#27;[38;5;77m[85346cc1]&amp#27;[0m&amp#27;[38;5;229m[ADB]&amp#27;[0m Retrieving granted permissions
&amp#27;[38;5;77m[85346cc1]&amp#27;[0m&amp#27;[38;5;229m[ADB]&amp#27;[0m Retrieved 5 permissions from install,runtime groups
&amp#27;[38;5;77m[85346cc1]&amp#27;[0m&amp#27;[38;5;229m[ADB]&amp#27;[0m Granting permissions ["android.permission.POST_NOTIFICATIONS","android.permission.ACCESS_FINE_LOCATION","android.permission.READ_MEDIA_VISUAL_USER_SELECTED","android.permission.READ_EXTERNAL_STORAGE","android.permission.ACCESS_COARSE_LOCATION","android.permission.READ_MEDIA_IMAGES","android.permission.CAMERA","android.permission.READ_MEDIA_AUDIO","android.permission.READ_MEDIA_VIDEO","android.permission.WRITE_EXTERNAL_STORAGE","android.permission.POST_NOTIFICATIONS","android.permission.ACCESS_FINE_LOCATION","android.permission.READ_MEDIA_VISUAL_USER_SELECTED","android.permission.READ_EXTERNAL_STORAGE","android.permission.ACCESS_COARSE_LOCATION","android.permission.READ_MEDIA_IMAGES","android.permission.CAMERA","android.permission.READ_MEDIA_AUDIO","android.permission.READ_MEDIA_VIDEO","android.permission.WRITE_EXTERNAL_STORAGE"] to 'com.saucelabs.mydemoapp.android'
&amp#27;[38;5;77m[85346cc1]&amp#27;[0m&amp#27;[38;5;229m[ADB]&amp#27;[0m Got the following command chunks to execute: [["pm","grant","com.saucelabs.mydemoapp.android","android.permission.POST_NOTIFICATIONS",";","pm","grant","com.saucelabs.mydemoapp.android","android.permission.ACCESS_FINE_LOCATION",";","pm","grant","com.saucelabs.mydemoapp.android","android.permission.READ_MEDIA_VISUAL_USER_SELECTED",";","pm","grant","com.saucelabs.mydemoapp.android","android.permission.READ_EXTERNAL_STORAGE",";","pm","grant","com.saucelabs.mydemoapp.android","android.permission.ACCESS_COARSE_LOCATION",";","pm","grant","com.saucelabs.mydemoapp.android","android.permission.READ_MEDIA_IMAGES",";","pm","grant","com.saucelabs.mydemoapp.android","android.permission.CAMERA",";","pm","grant","com.saucelabs.mydemoapp.android","android.permission.READ_MEDIA_AUDIO",";","pm","grant","com.saucelabs.mydemoapp.android","android.permission.READ_MEDIA_VIDEO",";","pm","grant","com.saucelabs.mydemoapp.android","android.permission.WRITE_EXTERNAL_STORAGE",";","pm","grant","com.saucelabs.mydemoapp.android","android.permission.POST_NOTIFICATIONS",";","pm","grant","com.saucelabs.mydemoapp.android","android.permission.ACCESS_FINE_LOCATION",";"],["pm","grant","com.saucelabs.mydemoapp.android","android.permission.READ_MEDIA_VISUAL_USER_SELECTED",";","pm","grant","com.saucelabs.mydemoapp.android","android.permission.READ_EXTERNAL_STORAGE",";","pm","grant","com.saucelabs.mydemoapp.android","android.permission.ACCESS_COARSE_LOCATION",";","pm","grant","com.saucelabs.mydemoapp.android","android.permission.READ_MEDIA_IMAGES",";","pm","grant","com.saucelabs.mydemoapp.android","android.permission.CAMERA",";","pm","grant","com.saucelabs.mydemoapp.android","android.permission.READ_MEDIA_AUDIO",";","pm","grant","com.saucelabs.mydemoapp.android","android.permission.READ_MEDIA_VIDEO",";","pm","grant","com.saucelabs.mydemoapp.android","android.permission.WRITE_EXTERNAL_STORAGE",";"]]
&amp#27;[38;5;77m[85346cc1]&amp#27;[0m&amp#27;[38;5;229m[ADB]&amp#27;[0m Running 'C:\Users\Testriq\AppData\Local\Android\Sdk\platform-tools\adb.exe -P 5037 -s 2A131FDH200HX6 shell pm grant com.saucelabs.mydemoapp.android android.permission.POST_NOTIFICATIONS ; pm grant com.saucelabs.mydemoapp.android android.permission.ACCESS_FINE_LOCATION ; pm grant com.saucelabs.mydemoapp.android android.permission.READ_MEDIA_VISUAL_USER_SELECTED ; pm grant com.saucelabs.mydemoapp.android android.permission.READ_EXTERNAL_STORAGE ; pm grant com.saucelabs.mydemoapp.android android.permission.ACCESS_COARSE_LOCATION ; pm grant com.saucelabs.mydemoapp.android android.permission.READ_MEDIA_IMAGES ; pm grant com.saucelabs.mydemoapp.android android.permission.CAMERA ; pm grant com.saucelabs.mydemoapp.android android.permission.READ_MEDIA_AUDIO ; pm grant com.saucelabs.mydemoapp.android android.permission.READ_MEDIA_VIDEO ; pm grant com.saucelabs.mydemoapp.android android.permission.WRITE_EXTERNAL_STORAGE ; pm grant com.saucelabs.mydemoapp.android android.permission.POST_NOTIFICATIONS ; pm grant com.saucelabs.mydemoapp.android android.permission.ACCESS_FINE_LOCATION ;'
&amp#27;[38;5;112m[Appium]&amp#27;[0m Welcome to Appium v2.11.5 (REV 4eddc999c5d9b705e7356152d2d5953a0dda3720)
&amp#27;[38;5;112m[Appium]&amp#27;[0m Non-default server args:
&amp#27;[38;5;112m[Appium]&amp#27;[0m { address: &amp#27;[32m'127.0.0.1'&amp#27;[39m }
&amp#27;[38;5;112m[Appium]&amp#27;[0m The autodetected Appium home path: C:\Users\Testriq\.appium
&amp#27;[38;5;112m[Appium]&amp#27;[0m Attempting to load driver uiautomator2...
&amp#27;[38;5;112m[Appium]&amp#27;[0m Requiring driver at C:\Users\Testriq\.appium\node_modules\appium-uiautomator2-driver\build\index.js
&amp#27;[38;5;77m[85346cc1]&amp#27;[0m&amp#27;[38;5;229m[ADB]&amp#27;[0m Running 'C:\Users\Testriq\AppData\Local\Android\Sdk\platform-tools\adb.exe -P 5037 -s 2A131FDH200HX6 shell pm grant com.saucelabs.mydemoapp.android android.permission.READ_MEDIA_VISUAL_USER_SELECTED ; pm grant com.saucelabs.mydemoapp.android android.permission.READ_EXTERNAL_STORAGE ; pm grant com.saucelabs.mydemoapp.android android.permission.ACCESS_COARSE_LOCATION ; pm grant com.saucelabs.mydemoapp.android android.permission.READ_MEDIA_IMAGES ; pm grant com.saucelabs.mydemoapp.android android.permission.CAMERA ; pm grant com.saucelabs.mydemoapp.android android.permission.READ_MEDIA_AUDIO ; pm grant com.saucelabs.mydemoapp.android android.permission.READ_MEDIA_VIDEO ; pm grant com.saucelabs.mydemoapp.android android.permission.WRITE_EXTERNAL_STORAGE ;'
&amp#27;[38;5;77m[85346cc1]&amp#27;[0m&amp#27;[38;5;-51m[AndroidUiautomator2Driver@cca7]&amp#27;[0m Performed fast reset on the installed 'com.saucelabs.mydemoapp.android' application (stop and clear)
&amp#27;[38;5;77m[85346cc1]&amp#27;[0m&amp#27;[38;5;-51m[AndroidUiautomator2Driver@cca7]&amp#27;[0m Performing shallow cleanup of automation leftovers
&amp#27;[38;5;77m[85346cc1]&amp#27;[0m&amp#27;[38;5;-51m[AndroidUiautomator2Driver@cca7]&amp#27;[0m The following obsolete sessions are still running: ["10caee85-42ea-43e1-bad8-04fca1be5bfd"]
&amp#27;[38;5;77m[85346cc1]&amp#27;[0m&amp#27;[38;5;-51m[AndroidUiautomator2Driver@cca7]&amp#27;[0m Cleaning up 1 obsolete session
&amp#27;[38;5;112m[Appium]&amp#27;[0m AndroidUiautomator2Driver has been successfully loaded in 0.867s
&amp#27;[38;5;86m[HTTP]&amp#27;[0m Could not start REST http interface listener. The requested port may already be in use. Please make sure there is no other instance of this server running already.
&amp#27;[38;5;112m[Appium]&amp#27;[0m Could not configure Appium server. It's possible that a driver or plugin tried to update the server and failed. Original error: listen EADDRINUSE: address already in use 127.0.0.1:4723
&amp#27;[38;5;112m[Appium]&amp#27;[0m Error: listen EADDRINUSE: address already in use 127.0.0.1:4723
    at Server.setupListenHandle [as _listen2] (node:net:1904:16)
    at listenInCluster (node:net:1961:12)
    at doListen (node:net:2135:7)
    at processTicksAndRejections (node:internal/process/task_queues:83:21)
&amp#27;[38;5;143m[772c757a]&amp#27;[0m&amp#27;[38;5;-79m[AndroidUiautomator2Driver@77c3]&amp#27;[0m [Instrumentation] io.appium.uiautomator2.server.test.AppiumUiAutomator2Server:.
&amp#27;[38;5;143m[772c757a]&amp#27;[0m&amp#27;[38;5;-79m[AndroidUiautomator2Driver@77c3]&amp#27;[0m [Instrumentation] 
&amp#27;[38;5;143m[772c757a]&amp#27;[0m&amp#27;[38;5;-79m[AndroidUiautomator2Driver@77c3]&amp#27;[0m [Instrumentation] Time: 6.024
&amp#27;[38;5;143m[772c757a]&amp#27;[0m&amp#27;[38;5;-79m[AndroidUiautomator2Driver@77c3]&amp#27;[0m [Instrumentation] 
&amp#27;[38;5;143m[772c757a]&amp#27;[0m&amp#27;[38;5;-79m[AndroidUiautomator2Driver@77c3]&amp#27;[0m [Instrumentation] OK (1 test)
&amp#27;[38;5;143m[772c757a]&amp#27;[0m&amp#27;[38;5;-79m[AndroidUiautomator2Driver@77c3]&amp#27;[0m [Instrumentation] 
&amp#27;[38;5;143m[772c757a]&amp#27;[0m&amp#27;[38;5;-79m[AndroidUiautomator2Driver@77c3]&amp#27;[0m [Instrumentation] 
&amp#27;[38;5;143m[772c757a]&amp#27;[0m&amp#27;[38;5;-79m[AndroidUiautomator2Driver@77c3]&amp#27;[0m [Instrumentation] The process has exited with code 0, signal null
&amp#27;[38;5;77m[85346cc1]&amp#27;[0m&amp#27;[38;5;229m[ADB]&amp#27;[0m Running 'C:\Users\Testriq\AppData\Local\Android\Sdk\platform-tools\adb.exe -P 5037 -s 2A131FDH200HX6 shell am force-stop io.appium.uiautomator2.server'
&amp#27;[38;5;77m[85346cc1]&amp#27;[0m&amp#27;[38;5;229m[ADB]&amp#27;[0m Running 'C:\Users\Testriq\AppData\Local\Android\Sdk\platform-tools\adb.exe -P 5037 -s 2A131FDH200HX6 shell am force-stop io.appium.uiautomator2.server.test'
&amp#27;[38;5;77m[85346cc1]&amp#27;[0m&amp#27;[38;5;-51m[AndroidUiautomator2Driver@cca7]&amp#27;[0m Starting UIAutomator2 server 7.0.25
&amp#27;[38;5;77m[85346cc1]&amp#27;[0m&amp#27;[38;5;-51m[AndroidUiautomator2Driver@cca7]&amp#27;[0m Using UIAutomator2 server from 'C:\Users\Testriq\.appium\node_modules\appium-uiautomator2-driver\node_modules\appium-uiautomator2-server\apks\appium-uiautomator2-server-v7.0.25.apk' and test from 'C:\Users\Testriq\.appium\node_modules\appium-uiautomator2-driver\node_modules\appium-uiautomator2-server\apks\appium-uiautomator2-server-debug-androidTest.apk'
&amp#27;[38;5;77m[85346cc1]&amp#27;[0m&amp#27;[38;5;-51m[AndroidUiautomator2Driver@cca7]&amp#27;[0m Waiting up to 30000ms for UiAutomator2 to be online...
&amp#27;[38;5;77m[85346cc1]&amp#27;[0m&amp#27;[38;5;229m[ADB]&amp#27;[0m Creating ADB subprocess with args: ["-P","5037","-s","2A131FDH200HX6","shell","am","instrument","-w","-e","disableAnalytics","true","io.appium.uiautomator2.server.test/androidx.test.runner.AndroidJUnitRunner"]
&amp#27;[38;5;77m[85346cc1]&amp#27;[0m&amp#27;[38;5;-51m[AndroidUiautomator2Driver@cca7]&amp#27;[0m Matched '/status' to command name 'getStatus'
&amp#27;[38;5;77m[85346cc1]&amp#27;[0m&amp#27;[38;5;-51m[AndroidUiautomator2Driver@cca7]&amp#27;[0m Proxying [GET /status] to [GET http://127.0.0.1:8204/status] with no body
&amp#27;[38;5;77m[85346cc1]&amp#27;[0m&amp#27;[38;5;-51m[AndroidUiautomator2Driver@cca7]&amp#27;[0m socket hang up
&amp#27;[38;5;77m[85346cc1]&amp#27;[0m&amp#27;[38;5;-51m[AndroidUiautomator2Driver@cca7]&amp#27;[0m [Instrumentation] 
&amp#27;[38;5;77m[85346cc1]&amp#27;[0m&amp#27;[38;5;-51m[AndroidUiautomator2Driver@cca7]&amp#27;[0m Matched '/status' to command name 'getStatus'
&amp#27;[38;5;77m[85346cc1]&amp#27;[0m&amp#27;[38;5;-51m[AndroidUiautomator2Driver@cca7]&amp#27;[0m Proxying [GET /status] to [GET http://127.0.0.1:8204/status] with no body
&amp#27;[38;5;77m[85346cc1]&amp#27;[0m&amp#27;[38;5;-51m[AndroidUiautomator2Driver@cca7]&amp#27;[0m socket hang up
&amp#27;[38;5;77m[85346cc1]&amp#27;[0m&amp#27;[38;5;-51m[AndroidUiautomator2Driver@cca7]&amp#27;[0m Matched '/status' to command name 'getStatus'
&amp#27;[38;5;77m[85346cc1]&amp#27;[0m&amp#27;[38;5;-51m[AndroidUiautomator2Driver@cca7]&amp#27;[0m Proxying [GET /status] to [GET http://127.0.0.1:8204/status] with no body
&amp#27;[38;5;77m[85346cc1]&amp#27;[0m&amp#27;[38;5;-51m[AndroidUiautomator2Driver@cca7]&amp#27;[0m Got response with status 200: {"sessionId":"None","value":{"message":"UiAutomator2 Server is ready to accept commands","ready":true}}
&amp#27;[38;5;77m[85346cc1]&amp#27;[0m&amp#27;[38;5;-51m[AndroidUiautomator2Driver@cca7]&amp#27;[0m The initialization of the instrumentation process took 2149ms
&amp#27;[38;5;77m[85346cc1]&amp#27;[0m&amp#27;[38;5;-51m[AndroidUiautomator2Driver@cca7]&amp#27;[0m Matched '/session' to command name 'createSession'
&amp#27;[38;5;77m[85346cc1]&amp#27;[0m&amp#27;[38;5;-51m[AndroidUiautomator2Driver@cca7]&amp#27;[0m Proxying [POST /session] to [POST http://127.0.0.1:8204/session] with body: {"capabilities":{"firstMatch":[{"platformName":"ANDROID","appPackage":"com.saucelabs.mydemoapp.android","autoGrantPermissions":true,"deviceName":"2A131FDH200HX6","app":"G:\\Automation Projects\\testriq\\src\\main\\java\\apps\\mda-2.2.0-25.apk","appActivity":"com.saucelabs.mydemoapp.android.view.activities.SplashActivity","automationName":"UIAutomator2","platform":"LINUX","webStorageEnabled":false,"takesScreenshot":true,"javascriptEnabled":true,"databaseEnabled":false,"networkConnectionEnabled":true,"locationContextEnabled":false,"warnings":{},"desired":{"platformName":"ANDROID","appPackage":"com.saucelabs.mydemoapp.android","autoGrantPermissions":true,"deviceName":"AndroidDeviceName","app":"G:\\Automation Projects\\testriq\\src\\main\\java\\apps\\mda-2.2.0-25.apk","appActivity":"com.saucelabs.mydemoapp.android.view.activities.SplashActivity","automationName":"UIAutomator2"},"deviceUDID":"2A131FDH200HX6"}],"alwaysMatch":{}}}
&amp#27;[38;5;77m[85346cc1]&amp#27;[0m&amp#27;[38;5;-51m[AndroidUiautomator2Driver@cca7]&amp#27;[0m Got response with status 200: {"sessionId":"7042bdb7-4021-4554-bdbd-007c56513d50","value":{"capabilities":{"firstMatch":[{"platformName":"ANDROID","appPackage":"com.saucelabs.mydemoapp.android","autoGrantPermissions":true,"deviceName":"2A131FDH200HX6","app":"G:\\Automation Projects\\testriq\\src\\main\\java\\apps\\mda-2.2.0-25.apk","appActivity":"com.saucelabs.mydemoapp.android.view.activities.SplashActivity","automationName":"UIAutomator2","platform":"LINUX","webStorageEnabled":false,"takesScreenshot":true,"javascriptEnabled":true,"databaseEnabled":false,"networkConnectionEnabled":true,"locationContextEnabled":false,"warnings":{},"desired":{"platformName":"ANDROID","appPackage":"com.saucelabs.mydemoapp.android","autoGrantPermissions":true,"deviceName":"AndroidDeviceName","app":"G:\\Automation Projects\\testriq\\src\\main\\java\\apps\\mda-2.2.0-25.apk","appActivity":"com.saucelabs.mydemoapp.android.view.activities.SplashActivity","automationName":"UIAutomator2"},"deviceUDID":"2A131FDH200HX6"}],"alwaysMatch":{}},"sessionId":"7042bdb7-40...
&amp#27;[38;5;77m[85346cc1]&amp#27;[0m&amp#27;[38;5;-51m[AndroidUiautomator2Driver@cca7]&amp#27;[0m Determined the downstream protocol as 'W3C'
&amp#27;[38;5;77m[85346cc1]&amp#27;[0m&amp#27;[38;5;-51m[AndroidUiautomator2Driver@cca7]&amp#27;[0m Proxying [GET /appium/device/pixel_ratio] to [GET http://127.0.0.1:8204/session/7042bdb7-4021-4554-bdbd-007c56513d50/appium/device/pixel_ratio] with no body
&amp#27;[38;5;77m[85346cc1]&amp#27;[0m&amp#27;[38;5;-51m[AndroidUiautomator2Driver@cca7]&amp#27;[0m Matched '/appium/device/system_bars' to command name 'getSystemBars'
&amp#27;[38;5;77m[85346cc1]&amp#27;[0m&amp#27;[38;5;-51m[AndroidUiautomator2Driver@cca7]&amp#27;[0m Proxying [GET /appium/device/system_bars] to [GET http://127.0.0.1:8204/session/7042bdb7-4021-4554-bdbd-007c56513d50/appium/device/system_bars] with no body
&amp#27;[38;5;77m[85346cc1]&amp#27;[0m&amp#27;[38;5;-51m[AndroidUiautomator2Driver@cca7]&amp#27;[0m Matched '/window/current/size' to command name 'getWindowSize'
&amp#27;[38;5;77m[85346cc1]&amp#27;[0m&amp#27;[38;5;-51m[AndroidUiautomator2Driver@cca7]&amp#27;[0m Proxying [GET /window/current/size] to [GET http://127.0.0.1:8204/session/7042bdb7-4021-4554-bdbd-007c56513d50/window/current/size] with no body
&amp#27;[38;5;77m[85346cc1]&amp#27;[0m&amp#27;[38;5;-51m[AndroidUiautomator2Driver@cca7]&amp#27;[0m Proxying [GET /appium/device/info] to [GET http://127.0.0.1:8204/session/7042bdb7-4021-4554-bdbd-007c56513d50/appium/device/info] with no body
&amp#27;[38;5;77m[85346cc1]&amp#27;[0m&amp#27;[38;5;229m[ADB]&amp#27;[0m Running 'C:\Users\Testriq\AppData\Local\Android\Sdk\platform-tools\adb.exe -P 5037 -s 2A131FDH200HX6 shell dumpsys window'
&amp#27;[38;5;77m[85346cc1]&amp#27;[0m&amp#27;[38;5;229m[ADB]&amp#27;[0m Running 'C:\Users\Testriq\AppData\Local\Android\Sdk\platform-tools\adb.exe -P 5037 -s 2A131FDH200HX6 shell dumpsys power'
&amp#27;[38;5;77m[85346cc1]&amp#27;[0m&amp#27;[38;5;-51m[AndroidUiautomator2Driver@cca7]&amp#27;[0m Got response with status 200: {"sessionId":"7042bdb7-4021-4554-bdbd-007c56513d50","value":2.2250001}
&amp#27;[38;5;77m[85346cc1]&amp#27;[0m&amp#27;[38;5;-51m[AndroidUiautomator2Driver@cca7]&amp#27;[0m Got response with status 200: {"sessionId":"7042bdb7-4021-4554-bdbd-007c56513d50","value":{"height":2400,"width":1080}}
&amp#27;[38;5;77m[85346cc1]&amp#27;[0m&amp#27;[38;5;-51m[AndroidUiautomator2Driver@cca7]&amp#27;[0m Got response with status 200: {"sessionId":"7042bdb7-4021-4554-bdbd-007c56513d50","value":{"statusBar":136}}
&amp#27;[38;5;77m[85346cc1]&amp#27;[0m&amp#27;[38;5;-51m[AndroidUiautomator2Driver@cca7]&amp#27;[0m Got response with status 200: {"sessionId":"7042bdb7-4021-4554-bdbd-007c56513d50","value":{"androidId":"7781aa28ec4e674f","apiVersion":"35","bluetooth":{"state":"ON"},"brand":"google","carrierName":"","displayDensity":356,"locale":"en_US","manufacturer":"Google","model":"Pixel 7","networks":[{"capabilities":{"SSID":null,"linkDownBandwidthKbps":29972,"linkUpstreamBandwidthKbps":24945,"networkCapabilities":"NET_CAPABILITY_NOT_METERED,NET_CAPABILITY_INTERNET,NET_CAPABILITY_NOT_RESTRICTED,NET_CAPABILITY_TRUSTED,NET_CAPABILITY_NOT_VPN,NET_CAPABILITY_VALIDATED,NET_CAPABILITY_NOT_ROAMING,NET_CAPABILITY_FOREGROUND,NET_CAPABILITY_NOT_CONGESTED,NET_CAPABILITY_NOT_SUSPENDED","signalStrength":-59,"transportTypes":"TRANSPORT_WIFI"},"detailedState":"CONNECTED","extraInfo":"","isAvailable":true,"isConnected":true,"isFailover":false,"isRoaming":false,"state":"CONNECTED","subtype":-1,"subtypeName":"","type":1,"typeName":"WIFI"}],"platformVersion":"15","realDisplaySize":"1080x2400","timeZone":"Asia/Kolkata"}}
&amp#27;[38;5;77m[85346cc1]&amp#27;[0m&amp#27;[38;5;-51m[AndroidUiautomator2Driver@cca7]&amp#27;[0m Screen already unlocked, doing nothing
&amp#27;[38;5;77m[85346cc1]&amp#27;[0m&amp#27;[38;5;-51m[AndroidUiautomator2Driver@cca7]&amp#27;[0m Starting 'com.saucelabs.mydemoapp.android/com.saucelabs.mydemoapp.android.view.activities.SplashActivity and waiting for 'com.saucelabs.mydemoapp.android/com.saucelabs.mydemoapp.android.view.activities.SplashActivity'
&amp#27;[38;5;77m[85346cc1]&amp#27;[0m&amp#27;[38;5;229m[ADB]&amp#27;[0m Running 'C:\Users\Testriq\AppData\Local\Android\Sdk\platform-tools\adb.exe -P 5037 -s 2A131FDH200HX6 shell am start -W -n com.saucelabs.mydemoapp.android/com.saucelabs.mydemoapp.android.view.activities.SplashActivity -S -a android.intent.action.MAIN -c android.intent.category.LAUNCHER -f 0x10200000'
&amp#27;[38;5;77m[85346cc1]&amp#27;[0m&amp#27;[38;5;23m[AppiumDriver@398a]&amp#27;[0m New AndroidUiautomator2Driver session created successfully, session 85346cc1-bc75-43dd-bd8c-7d4025396cf4 added to master session list
&amp#27;[38;5;77m[85346cc1]&amp#27;[0m&amp#27;[38;5;23m[AppiumDriver@398a]&amp#27;[0m Event 'newSessionStarted' logged at 1737019637978 (14:57:17 GMT+0530 (India Standard Time))
&amp#27;[38;5;77m[85346cc1]&amp#27;[0m&amp#27;[38;5;-51m[AndroidUiautomator2Driver@cca7]&amp#27;[0m Cached the protocol value 'W3C' for the new session 85346cc1-bc75-43dd-bd8c-7d4025396cf4
&amp#27;[38;5;77m[85346cc1]&amp#27;[0m&amp#27;[38;5;-51m[AndroidUiautomator2Driver@cca7]&amp#27;[0m Responding to client with driver.createSession() result: {"capabilities":{"platformName":"ANDROID","appPackage":"com.saucelabs.mydemoapp.android","autoGrantPermissions":true,"deviceName":"2A131FDH200HX6","app":"G:\\Automation Projects\\testriq\\src\\main\\java\\apps\\mda-2.2.0-25.apk","appActivity":"com.saucelabs.mydemoapp.android.view.activities.SplashActivity","automationName":"UIAutomator2","platform":"LINUX","webStorageEnabled":false,"takesScreenshot":true,"javascriptEnabled":true,"databaseEnabled":false,"networkConnectionEnabled":true,"locationContextEnabled":false,"warnings":{},"desired":{"platformName":"ANDROID","appPackage":"com.saucelabs.mydemoapp.android","autoGrantPermissions":true,"deviceName":"AndroidDeviceName","app":"G:\\Automation Projects\\testriq\\src\\main\\java\\apps\\mda-2.2.0-25.apk","appActivity":"com.saucelabs.mydemoapp.android.view.activities.SplashActivity","automationName":"UIAutomator2"},"deviceUDID":"2A131FDH200HX6","pixelRatio":"2.2250001","statBarHeight":136,"viewportRect":{"left":0,"top":136,"width":1080,"height":2264},"deviceApiL...
&amp#27;[38;5;77m[85346cc1]&amp#27;[0m&amp#27;[38;5;86m[HTTP]&amp#27;[0m &amp#27;[37m<-- POST /session &amp#27;[39m&amp#27;[32m200&amp#27;[39m &amp#27;[90m6830 ms - 1226&amp#27;[39m &amp#27;[90m&amp#27;[39m
&amp#27;[38;5;77m[85346cc1]&amp#27;[0m&amp#27;[38;5;86m[HTTP]&amp#27;[0m &amp#27;[37m-->&amp#27;[39m &amp#27;[37mPOST&amp#27;[39m &amp#27;[37m/session/85346cc1-bc75-43dd-bd8c-7d4025396cf4/timeouts&amp#27;[39m &amp#27;[90m{"implicit":15000}&amp#27;[39m
&amp#27;[38;5;77m[85346cc1]&amp#27;[0m&amp#27;[38;5;-51m[AndroidUiautomator2Driver@cca7]&amp#27;[0m Calling AppiumDriver.timeouts() with args: [null,null,null,null,15000,"85346cc1-bc75-43dd-bd8c-7d4025396cf4"]
&amp#27;[38;5;77m[85346cc1]&amp#27;[0m&amp#27;[38;5;-51m[AndroidUiautomator2Driver@cca7]&amp#27;[0m W3C timeout argument: {"implicit":15000}}
&amp#27;[38;5;77m[85346cc1]&amp#27;[0m&amp#27;[38;5;-51m[AndroidUiautomator2Driver@cca7]&amp#27;[0m Set implicit wait to 15000ms
&amp#27;[38;5;77m[85346cc1]&amp#27;[0m&amp#27;[38;5;-51m[AndroidUiautomator2Driver@cca7]&amp#27;[0m Responding to client with driver.timeouts() result: null
&amp#27;[38;5;77m[85346cc1]&amp#27;[0m&amp#27;[38;5;86m[HTTP]&amp#27;[0m &amp#27;[37m<-- POST /session/85346cc1-bc75-43dd-bd8c-7d4025396cf4/timeouts &amp#27;[39m&amp#27;[32m200&amp#27;[39m &amp#27;[90m4 ms - 14&amp#27;[39m &amp#27;[90m&amp#27;[39m
&amp#27;[38;5;77m[85346cc1]&amp#27;[0m&amp#27;[38;5;86m[HTTP]&amp#27;[0m &amp#27;[37m-->&amp#27;[39m &amp#27;[37mPOST&amp#27;[39m &amp#27;[37m/session/85346cc1-bc75-43dd-bd8c-7d4025396cf4/timeouts&amp#27;[39m &amp#27;[90m{"implicit":15000}&amp#27;[39m
&amp#27;[38;5;77m[85346cc1]&amp#27;[0m&amp#27;[38;5;-51m[AndroidUiautomator2Driver@cca7]&amp#27;[0m Calling AppiumDriver.timeouts() with args: [null,null,null,null,15000,"85346cc1-bc75-43dd-bd8c-7d4025396cf4"]
&amp#27;[38;5;77m[85346cc1]&amp#27;[0m&amp#27;[38;5;-51m[AndroidUiautomator2Driver@cca7]&amp#27;[0m W3C timeout argument: {"implicit":15000}}
&amp#27;[38;5;77m[85346cc1]&amp#27;[0m&amp#27;[38;5;-51m[AndroidUiautomator2Driver@cca7]&amp#27;[0m Set implicit wait to 15000ms
&amp#27;[38;5;77m[85346cc1]&amp#27;[0m&amp#27;[38;5;-51m[AndroidUiautomator2Driver@cca7]&amp#27;[0m Responding to client with driver.timeouts() result: null
&amp#27;[38;5;77m[85346cc1]&amp#27;[0m&amp#27;[38;5;86m[HTTP]&amp#27;[0m &amp#27;[37m<-- POST /session/85346cc1-bc75-43dd-bd8c-7d4025396cf4/timeouts &amp#27;[39m&amp#27;[32m200&amp#27;[39m &amp#27;[90m2 ms - 14&amp#27;[39m &amp#27;[90m&amp#27;[39m
&amp#27;[38;5;77m[85346cc1]&amp#27;[0m&amp#27;[38;5;86m[HTTP]&amp#27;[0m &amp#27;[37m-->&amp#27;[39m &amp#27;[37mGET&amp#27;[39m &amp#27;[37m/session/85346cc1-bc75-43dd-bd8c-7d4025396cf4/context&amp#27;[39m &amp#27;[90m{}&amp#27;[39m
&amp#27;[38;5;77m[85346cc1]&amp#27;[0m&amp#27;[38;5;-51m[AndroidUiautomator2Driver@cca7]&amp#27;[0m Calling AppiumDriver.getCurrentContext() with args: ["85346cc1-bc75-43dd-bd8c-7d4025396cf4"]
&amp#27;[38;5;77m[85346cc1]&amp#27;[0m&amp#27;[38;5;-51m[AndroidUiautomator2Driver@cca7]&amp#27;[0m Responding to client with driver.getCurrentContext() result: "NATIVE_APP"
&amp#27;[38;5;77m[85346cc1]&amp#27;[0m&amp#27;[38;5;86m[HTTP]&amp#27;[0m &amp#27;[37m<-- GET /session/85346cc1-bc75-43dd-bd8c-7d4025396cf4/context &amp#27;[39m&amp#27;[32m200&amp#27;[39m &amp#27;[90m1 ms - 22&amp#27;[39m &amp#27;[90m&amp#27;[39m
&amp#27;[38;5;77m[85346cc1]&amp#27;[0m&amp#27;[38;5;86m[HTTP]&amp#27;[0m &amp#27;[37m-->&amp#27;[39m &amp#27;[37mPOST&amp#27;[39m &amp#27;[37m/session/85346cc1-bc75-43dd-bd8c-7d4025396cf4/element&amp#27;[39m &amp#27;[90m{"value":"new UiSelector().resourceId(\"com.saucelabs.mydemoapp.android:id/productIV\").instance(0)","using":"-android uiautomator"}&amp#27;[39m
&amp#27;[38;5;77m[85346cc1]&amp#27;[0m&amp#27;[38;5;-51m[AndroidUiautomator2Driver@cca7]&amp#27;[0m Calling AppiumDriver.findElement() with args: ["-android uiautomator","new UiSelector().resourceId(\"com.saucelabs.mydemoapp.android:id/productIV\").instance(0)","85346cc1-bc75-43dd-bd8c-7d4025396cf4"]
&amp#27;[38;5;77m[85346cc1]&amp#27;[0m&amp#27;[38;5;-51m[AndroidUiautomator2Driver@cca7]&amp#27;[0m Valid locator strategies for this request: xpath, id, class name, accessibility id, css selector, -android uiautomator
&amp#27;[38;5;77m[85346cc1]&amp#27;[0m&amp#27;[38;5;-51m[AndroidUiautomator2Driver@cca7]&amp#27;[0m Waiting up to 15000 ms for condition
&amp#27;[38;5;77m[85346cc1]&amp#27;[0m&amp#27;[38;5;-51m[AndroidUiautomator2Driver@cca7]&amp#27;[0m Matched '/element' to command name 'findElement'
&amp#27;[38;5;77m[85346cc1]&amp#27;[0m&amp#27;[38;5;-51m[AndroidUiautomator2Driver@cca7]&amp#27;[0m Proxying [POST /element] to [POST http://127.0.0.1:8204/session/7042bdb7-4021-4554-bdbd-007c56513d50/element] with body: {"strategy":"-android uiautomator","selector":"new UiSelector().resourceId(\"com.saucelabs.mydemoapp.android:id/productIV\").instance(0)","context":"","multiple":false}
&amp#27;[38;5;77m[85346cc1]&amp#27;[0m&amp#27;[38;5;-51m[AndroidUiautomator2Driver@cca7]&amp#27;[0m Got response with status 200: {"sessionId":"7042bdb7-4021-4554-bdbd-007c56513d50","value":{"ELEMENT":"00000000-0000-0a7c-ffff-ffff0000005c","element-6066-11e4-a52e-4f735466cecf":"00000000-0000-0a7c-ffff-ffff0000005c"}}
&amp#27;[38;5;77m[85346cc1]&amp#27;[0m&amp#27;[38;5;-51m[AndroidUiautomator2Driver@cca7]&amp#27;[0m Responding to client with driver.findElement() result: {"element-6066-11e4-a52e-4f735466cecf":"00000000-0000-0a7c-ffff-ffff0000005c","ELEMENT":"00000000-0000-0a7c-ffff-ffff0000005c"}
&amp#27;[38;5;77m[85346cc1]&amp#27;[0m&amp#27;[38;5;86m[HTTP]&amp#27;[0m &amp#27;[37m<-- POST /session/85346cc1-bc75-43dd-bd8c-7d4025396cf4/element &amp#27;[39m&amp#27;[32m200&amp#27;[39m &amp#27;[90m608 ms - 137&amp#27;[39m &amp#27;[90m&amp#27;[39m
&amp#27;[38;5;77m[85346cc1]&amp#27;[0m&amp#27;[38;5;86m[HTTP]&amp#27;[0m &amp#27;[37m-->&amp#27;[39m &amp#27;[37mPOST&amp#27;[39m &amp#27;[37m/session/85346cc1-bc75-43dd-bd8c-7d4025396cf4/element/00000000-0000-0a7c-ffff-ffff0000005c/click&amp#27;[39m &amp#27;[90m{"id":"00000000-0000-0a7c-ffff-ffff0000005c"}&amp#27;[39m
&amp#27;[38;5;77m[85346cc1]&amp#27;[0m&amp#27;[38;5;-51m[AndroidUiautomator2Driver@cca7]&amp#27;[0m Calling AppiumDriver.click() with args: ["00000000-0000-0a7c-ffff-ffff0000005c","85346cc1-bc75-43dd-bd8c-7d4025396cf4"]
&amp#27;[38;5;77m[85346cc1]&amp#27;[0m&amp#27;[38;5;-51m[AndroidUiautomator2Driver@cca7]&amp#27;[0m Matched '/element/00000000-0000-0a7c-ffff-ffff0000005c/click' to command name 'click'
&amp#27;[38;5;77m[85346cc1]&amp#27;[0m&amp#27;[38;5;-51m[AndroidUiautomator2Driver@cca7]&amp#27;[0m Proxying [POST /element/00000000-0000-0a7c-ffff-ffff0000005c/click] to [POST http://127.0.0.1:8204/session/7042bdb7-4021-4554-bdbd-007c56513d50/element/00000000-0000-0a7c-ffff-ffff0000005c/click] with body: {"element":"00000000-0000-0a7c-ffff-ffff0000005c"}
&amp#27;[38;5;77m[85346cc1]&amp#27;[0m&amp#27;[38;5;-51m[AndroidUiautomator2Driver@cca7]&amp#27;[0m Got response with status 200: {"sessionId":"7042bdb7-4021-4554-bdbd-007c56513d50","value":null}
&amp#27;[38;5;77m[85346cc1]&amp#27;[0m&amp#27;[38;5;-51m[AndroidUiautomator2Driver@cca7]&amp#27;[0m Responding to client with driver.click() result: null
&amp#27;[38;5;77m[85346cc1]&amp#27;[0m&amp#27;[38;5;86m[HTTP]&amp#27;[0m &amp#27;[37m<-- POST /session/85346cc1-bc75-43dd-bd8c-7d4025396cf4/element/00000000-0000-0a7c-ffff-ffff0000005c/click &amp#27;[39m&amp#27;[32m200&amp#27;[39m &amp#27;[90m794 ms - 14&amp#27;[39m &amp#27;[90m&amp#27;[39m
&amp#27;[38;5;77m[85346cc1]&amp#27;[0m&amp#27;[38;5;86m[HTTP]&amp#27;[0m &amp#27;[37m-->&amp#27;[39m &amp#27;[37mGET&amp#27;[39m &amp#27;[37m/session/85346cc1-bc75-43dd-bd8c-7d4025396cf4/context&amp#27;[39m &amp#27;[90m{}&amp#27;[39m
&amp#27;[38;5;77m[85346cc1]&amp#27;[0m&amp#27;[38;5;-51m[AndroidUiautomator2Driver@cca7]&amp#27;[0m Calling AppiumDriver.getCurrentContext() with args: ["85346cc1-bc75-43dd-bd8c-7d4025396cf4"]
&amp#27;[38;5;77m[85346cc1]&amp#27;[0m&amp#27;[38;5;-51m[AndroidUiautomator2Driver@cca7]&amp#27;[0m Responding to client with driver.getCurrentContext() result: "NATIVE_APP"
&amp#27;[38;5;77m[85346cc1]&amp#27;[0m&amp#27;[38;5;86m[HTTP]&amp#27;[0m &amp#27;[37m<-- GET /session/85346cc1-bc75-43dd-bd8c-7d4025396cf4/context &amp#27;[39m&amp#27;[32m200&amp#27;[39m &amp#27;[90m1 ms - 22&amp#27;[39m &amp#27;[90m&amp#27;[39m
&amp#27;[38;5;77m[85346cc1]&amp#27;[0m&amp#27;[38;5;86m[HTTP]&amp#27;[0m &amp#27;[37m-->&amp#27;[39m &amp#27;[37mPOST&amp#27;[39m &amp#27;[37m/session/85346cc1-bc75-43dd-bd8c-7d4025396cf4/element&amp#27;[39m &amp#27;[90m{"value":"Increase item quantity","using":"accessibility id"}&amp#27;[39m
&amp#27;[38;5;77m[85346cc1]&amp#27;[0m&amp#27;[38;5;-51m[AndroidUiautomator2Driver@cca7]&amp#27;[0m Calling AppiumDriver.findElement() with args: ["accessibility id","Increase item quantity","85346cc1-bc75-43dd-bd8c-7d4025396cf4"]
&amp#27;[38;5;77m[85346cc1]&amp#27;[0m&amp#27;[38;5;-51m[AndroidUiautomator2Driver@cca7]&amp#27;[0m Valid locator strategies for this request: xpath, id, class name, accessibility id, css selector, -android uiautomator
&amp#27;[38;5;77m[85346cc1]&amp#27;[0m&amp#27;[38;5;-51m[AndroidUiautomator2Driver@cca7]&amp#27;[0m Waiting up to 15000 ms for condition
&amp#27;[38;5;77m[85346cc1]&amp#27;[0m&amp#27;[38;5;-51m[AndroidUiautomator2Driver@cca7]&amp#27;[0m Matched '/element' to command name 'findElement'
&amp#27;[38;5;77m[85346cc1]&amp#27;[0m&amp#27;[38;5;-51m[AndroidUiautomator2Driver@cca7]&amp#27;[0m Proxying [POST /element] to [POST http://127.0.0.1:8204/session/7042bdb7-4021-4554-bdbd-007c56513d50/element] with body: {"strategy":"accessibility id","selector":"Increase item quantity","context":"","multiple":false}
&amp#27;[38;5;77m[85346cc1]&amp#27;[0m&amp#27;[38;5;-51m[AndroidUiautomator2Driver@cca7]&amp#27;[0m Got response with status 200: {"sessionId":"7042bdb7-4021-4554-bdbd-007c56513d50","value":{"ELEMENT":"00000000-0000-0a7d-ffff-ffff00000187","element-6066-11e4-a52e-4f735466cecf":"00000000-0000-0a7d-ffff-ffff00000187"}}
&amp#27;[38;5;77m[85346cc1]&amp#27;[0m&amp#27;[38;5;-51m[AndroidUiautomator2Driver@cca7]&amp#27;[0m Responding to client with driver.findElement() result: {"element-6066-11e4-a52e-4f735466cecf":"00000000-0000-0a7d-ffff-ffff00000187","ELEMENT":"00000000-0000-0a7d-ffff-ffff00000187"}
&amp#27;[38;5;77m[85346cc1]&amp#27;[0m&amp#27;[38;5;86m[HTTP]&amp#27;[0m &amp#27;[37m<-- POST /session/85346cc1-bc75-43dd-bd8c-7d4025396cf4/element &amp#27;[39m&amp#27;[32m200&amp#27;[39m &amp#27;[90m164 ms - 137&amp#27;[39m &amp#27;[90m&amp#27;[39m
&amp#27;[38;5;77m[85346cc1]&amp#27;[0m&amp#27;[38;5;86m[HTTP]&amp#27;[0m &amp#27;[37m-->&amp#27;[39m &amp#27;[37mPOST&amp#27;[39m &amp#27;[37m/session/85346cc1-bc75-43dd-bd8c-7d4025396cf4/element/00000000-0000-0a7d-ffff-ffff00000187/click&amp#27;[39m &amp#27;[90m{"id":"00000000-0000-0a7d-ffff-ffff00000187"}&amp#27;[39m
&amp#27;[38;5;77m[85346cc1]&amp#27;[0m&amp#27;[38;5;-51m[AndroidUiautomator2Driver@cca7]&amp#27;[0m Calling AppiumDriver.click() with args: ["00000000-0000-0a7d-ffff-ffff00000187","85346cc1-bc75-43dd-bd8c-7d4025396cf4"]
&amp#27;[38;5;77m[85346cc1]&amp#27;[0m&amp#27;[38;5;-51m[AndroidUiautomator2Driver@cca7]&amp#27;[0m Matched '/element/00000000-0000-0a7d-ffff-ffff00000187/click' to command name 'click'
&amp#27;[38;5;77m[85346cc1]&amp#27;[0m&amp#27;[38;5;-51m[AndroidUiautomator2Driver@cca7]&amp#27;[0m Proxying [POST /element/00000000-0000-0a7d-ffff-ffff00000187/click] to [POST http://127.0.0.1:8204/session/7042bdb7-4021-4554-bdbd-007c56513d50/element/00000000-0000-0a7d-ffff-ffff00000187/click] with body: {"element":"00000000-0000-0a7d-ffff-ffff00000187"}
&amp#27;[38;5;77m[85346cc1]&amp#27;[0m&amp#27;[38;5;-51m[AndroidUiautomator2Driver@cca7]&amp#27;[0m Got response with status 200: {"sessionId":"7042bdb7-4021-4554-bdbd-007c56513d50","value":null}
&amp#27;[38;5;77m[85346cc1]&amp#27;[0m&amp#27;[38;5;-51m[AndroidUiautomator2Driver@cca7]&amp#27;[0m Responding to client with driver.click() result: null
&amp#27;[38;5;77m[85346cc1]&amp#27;[0m&amp#27;[38;5;86m[HTTP]&amp#27;[0m &amp#27;[37m<-- POST /session/85346cc1-bc75-43dd-bd8c-7d4025396cf4/element/00000000-0000-0a7d-ffff-ffff00000187/click &amp#27;[39m&amp#27;[32m200&amp#27;[39m &amp#27;[90m690 ms - 14&amp#27;[39m &amp#27;[90m&amp#27;[39m
&amp#27;[38;5;77m[85346cc1]&amp#27;[0m&amp#27;[38;5;86m[HTTP]&amp#27;[0m &amp#27;[37m-->&amp#27;[39m &amp#27;[37mGET&amp#27;[39m &amp#27;[37m/session/85346cc1-bc75-43dd-bd8c-7d4025396cf4/context&amp#27;[39m &amp#27;[90m{}&amp#27;[39m
&amp#27;[38;5;77m[85346cc1]&amp#27;[0m&amp#27;[38;5;-51m[AndroidUiautomator2Driver@cca7]&amp#27;[0m Calling AppiumDriver.getCurrentContext() with args: ["85346cc1-bc75-43dd-bd8c-7d4025396cf4"]
&amp#27;[38;5;77m[85346cc1]&amp#27;[0m&amp#27;[38;5;-51m[AndroidUiautomator2Driver@cca7]&amp#27;[0m Responding to client with driver.getCurrentContext() result: "NATIVE_APP"
&amp#27;[38;5;77m[85346cc1]&amp#27;[0m&amp#27;[38;5;86m[HTTP]&amp#27;[0m &amp#27;[37m<-- GET /session/85346cc1-bc75-43dd-bd8c-7d4025396cf4/context &amp#27;[39m&amp#27;[32m200&amp#27;[39m &amp#27;[90m2 ms - 22&amp#27;[39m &amp#27;[90m&amp#27;[39m
&amp#27;[38;5;77m[85346cc1]&amp#27;[0m&amp#27;[38;5;86m[HTTP]&amp#27;[0m &amp#27;[37m-->&amp#27;[39m &amp#27;[37mPOST&amp#27;[39m &amp#27;[37m/session/85346cc1-bc75-43dd-bd8c-7d4025396cf4/element&amp#27;[39m &amp#27;[90m{"value":"Increase item quantity","using":"accessibility id"}&amp#27;[39m
&amp#27;[38;5;77m[85346cc1]&amp#27;[0m&amp#27;[38;5;-51m[AndroidUiautomator2Driver@cca7]&amp#27;[0m Calling AppiumDriver.findElement() with args: ["accessibility id","Increase item quantity","85346cc1-bc75-43dd-bd8c-7d4025396cf4"]
&amp#27;[38;5;77m[85346cc1]&amp#27;[0m&amp#27;[38;5;-51m[AndroidUiautomator2Driver@cca7]&amp#27;[0m Valid locator strategies for this request: xpath, id, class name, accessibility id, css selector, -android uiautomator
&amp#27;[38;5;77m[85346cc1]&amp#27;[0m&amp#27;[38;5;-51m[AndroidUiautomator2Driver@cca7]&amp#27;[0m Waiting up to 15000 ms for condition
&amp#27;[38;5;77m[85346cc1]&amp#27;[0m&amp#27;[38;5;-51m[AndroidUiautomator2Driver@cca7]&amp#27;[0m Matched '/element' to command name 'findElement'
&amp#27;[38;5;77m[85346cc1]&amp#27;[0m&amp#27;[38;5;-51m[AndroidUiautomator2Driver@cca7]&amp#27;[0m Proxying [POST /element] to [POST http://127.0.0.1:8204/session/7042bdb7-4021-4554-bdbd-007c56513d50/element] with body: {"strategy":"accessibility id","selector":"Increase item quantity","context":"","multiple":false}
&amp#27;[38;5;77m[85346cc1]&amp#27;[0m&amp#27;[38;5;-51m[AndroidUiautomator2Driver@cca7]&amp#27;[0m Got response with status 200: {"sessionId":"7042bdb7-4021-4554-bdbd-007c56513d50","value":{"ELEMENT":"00000000-0000-0a7d-ffff-ffff00000187","element-6066-11e4-a52e-4f735466cecf":"00000000-0000-0a7d-ffff-ffff00000187"}}
&amp#27;[38;5;77m[85346cc1]&amp#27;[0m&amp#27;[38;5;-51m[AndroidUiautomator2Driver@cca7]&amp#27;[0m Responding to client with driver.findElement() result: {"element-6066-11e4-a52e-4f735466cecf":"00000000-0000-0a7d-ffff-ffff00000187","ELEMENT":"00000000-0000-0a7d-ffff-ffff00000187"}
&amp#27;[38;5;77m[85346cc1]&amp#27;[0m&amp#27;[38;5;86m[HTTP]&amp#27;[0m &amp#27;[37m<-- POST /session/85346cc1-bc75-43dd-bd8c-7d4025396cf4/element &amp#27;[39m&amp#27;[32m200&amp#27;[39m &amp#27;[90m200 ms - 137&amp#27;[39m &amp#27;[90m&amp#27;[39m
&amp#27;[38;5;77m[85346cc1]&amp#27;[0m&amp#27;[38;5;86m[HTTP]&amp#27;[0m &amp#27;[37m-->&amp#27;[39m &amp#27;[37mPOST&amp#27;[39m &amp#27;[37m/session/85346cc1-bc75-43dd-bd8c-7d4025396cf4/element/00000000-0000-0a7d-ffff-ffff00000187/click&amp#27;[39m &amp#27;[90m{"id":"00000000-0000-0a7d-ffff-ffff00000187"}&amp#27;[39m
&amp#27;[38;5;77m[85346cc1]&amp#27;[0m&amp#27;[38;5;-51m[AndroidUiautomator2Driver@cca7]&amp#27;[0m Calling AppiumDriver.click() with args: ["00000000-0000-0a7d-ffff-ffff00000187","85346cc1-bc75-43dd-bd8c-7d4025396cf4"]
&amp#27;[38;5;77m[85346cc1]&amp#27;[0m&amp#27;[38;5;-51m[AndroidUiautomator2Driver@cca7]&amp#27;[0m Matched '/element/00000000-0000-0a7d-ffff-ffff00000187/click' to command name 'click'
&amp#27;[38;5;77m[85346cc1]&amp#27;[0m&amp#27;[38;5;-51m[AndroidUiautomator2Driver@cca7]&amp#27;[0m Proxying [POST /element/00000000-0000-0a7d-ffff-ffff00000187/click] to [POST http://127.0.0.1:8204/session/7042bdb7-4021-4554-bdbd-007c56513d50/element/00000000-0000-0a7d-ffff-ffff00000187/click] with body: {"element":"00000000-0000-0a7d-ffff-ffff00000187"}
&amp#27;[38;5;77m[85346cc1]&amp#27;[0m&amp#27;[38;5;-51m[AndroidUiautomator2Driver@cca7]&amp#27;[0m Got response with status 200: {"sessionId":"7042bdb7-4021-4554-bdbd-007c56513d50","value":null}
&amp#27;[38;5;77m[85346cc1]&amp#27;[0m&amp#27;[38;5;-51m[AndroidUiautomator2Driver@cca7]&amp#27;[0m Responding to client with driver.click() result: null
&amp#27;[38;5;77m[85346cc1]&amp#27;[0m&amp#27;[38;5;86m[HTTP]&amp#27;[0m &amp#27;[37m<-- POST /session/85346cc1-bc75-43dd-bd8c-7d4025396cf4/element/00000000-0000-0a7d-ffff-ffff00000187/click &amp#27;[39m&amp#27;[32m200&amp#27;[39m &amp#27;[90m99 ms - 14&amp#27;[39m &amp#27;[90m&amp#27;[39m
&amp#27;[38;5;77m[85346cc1]&amp#27;[0m&amp#27;[38;5;86m[HTTP]&amp#27;[0m &amp#27;[37m-->&amp#27;[39m &amp#27;[37mGET&amp#27;[39m &amp#27;[37m/session/85346cc1-bc75-43dd-bd8c-7d4025396cf4/context&amp#27;[39m &amp#27;[90m{}&amp#27;[39m
&amp#27;[38;5;77m[85346cc1]&amp#27;[0m&amp#27;[38;5;-51m[AndroidUiautomator2Driver@cca7]&amp#27;[0m Calling AppiumDriver.getCurrentContext() with args: ["85346cc1-bc75-43dd-bd8c-7d4025396cf4"]
&amp#27;[38;5;77m[85346cc1]&amp#27;[0m&amp#27;[38;5;-51m[AndroidUiautomator2Driver@cca7]&amp#27;[0m Responding to client with driver.getCurrentContext() result: "NATIVE_APP"
&amp#27;[38;5;77m[85346cc1]&amp#27;[0m&amp#27;[38;5;86m[HTTP]&amp#27;[0m &amp#27;[37m<-- GET /session/85346cc1-bc75-43dd-bd8c-7d4025396cf4/context &amp#27;[39m&amp#27;[32m200&amp#27;[39m &amp#27;[90m2 ms - 22&amp#27;[39m &amp#27;[90m&amp#27;[39m
&amp#27;[38;5;77m[85346cc1]&amp#27;[0m&amp#27;[38;5;86m[HTTP]&amp#27;[0m &amp#27;[37m-->&amp#27;[39m &amp#27;[37mPOST&amp#27;[39m &amp#27;[37m/session/85346cc1-bc75-43dd-bd8c-7d4025396cf4/element&amp#27;[39m &amp#27;[90m{"value":"Tap to add product to cart","using":"accessibility id"}&amp#27;[39m
&amp#27;[38;5;77m[85346cc1]&amp#27;[0m&amp#27;[38;5;-51m[AndroidUiautomator2Driver@cca7]&amp#27;[0m Calling AppiumDriver.findElement() with args: ["accessibility id","Tap to add product to cart","85346cc1-bc75-43dd-bd8c-7d4025396cf4"]
&amp#27;[38;5;77m[85346cc1]&amp#27;[0m&amp#27;[38;5;-51m[AndroidUiautomator2Driver@cca7]&amp#27;[0m Valid locator strategies for this request: xpath, id, class name, accessibility id, css selector, -android uiautomator
&amp#27;[38;5;77m[85346cc1]&amp#27;[0m&amp#27;[38;5;-51m[AndroidUiautomator2Driver@cca7]&amp#27;[0m Waiting up to 15000 ms for condition
&amp#27;[38;5;77m[85346cc1]&amp#27;[0m&amp#27;[38;5;-51m[AndroidUiautomator2Driver@cca7]&amp#27;[0m Matched '/element' to command name 'findElement'
&amp#27;[38;5;77m[85346cc1]&amp#27;[0m&amp#27;[38;5;-51m[AndroidUiautomator2Driver@cca7]&amp#27;[0m Proxying [POST /element] to [POST http://127.0.0.1:8204/session/7042bdb7-4021-4554-bdbd-007c56513d50/element] with body: {"strategy":"accessibility id","selector":"Tap to add product to cart","context":"","multiple":false}
&amp#27;[38;5;77m[85346cc1]&amp#27;[0m&amp#27;[38;5;-51m[AndroidUiautomator2Driver@cca7]&amp#27;[0m Got response with status 200: {"sessionId":"7042bdb7-4021-4554-bdbd-007c56513d50","value":{"ELEMENT":"00000000-0000-0a7d-ffff-ffff00000188","element-6066-11e4-a52e-4f735466cecf":"00000000-0000-0a7d-ffff-ffff00000188"}}
&amp#27;[38;5;77m[85346cc1]&amp#27;[0m&amp#27;[38;5;-51m[AndroidUiautomator2Driver@cca7]&amp#27;[0m Responding to client with driver.findElement() result: {"element-6066-11e4-a52e-4f735466cecf":"00000000-0000-0a7d-ffff-ffff00000188","ELEMENT":"00000000-0000-0a7d-ffff-ffff00000188"}
&amp#27;[38;5;77m[85346cc1]&amp#27;[0m&amp#27;[38;5;86m[HTTP]&amp#27;[0m &amp#27;[37m<-- POST /session/85346cc1-bc75-43dd-bd8c-7d4025396cf4/element &amp#27;[39m&amp#27;[32m200&amp#27;[39m &amp#27;[90m762 ms - 137&amp#27;[39m &amp#27;[90m&amp#27;[39m
&amp#27;[38;5;77m[85346cc1]&amp#27;[0m&amp#27;[38;5;86m[HTTP]&amp#27;[0m &amp#27;[37m-->&amp#27;[39m &amp#27;[37mPOST&amp#27;[39m &amp#27;[37m/session/85346cc1-bc75-43dd-bd8c-7d4025396cf4/element/00000000-0000-0a7d-ffff-ffff00000188/click&amp#27;[39m &amp#27;[90m{"id":"00000000-0000-0a7d-ffff-ffff00000188"}&amp#27;[39m
&amp#27;[38;5;77m[85346cc1]&amp#27;[0m&amp#27;[38;5;-51m[AndroidUiautomator2Driver@cca7]&amp#27;[0m Calling AppiumDriver.click() with args: ["00000000-0000-0a7d-ffff-ffff00000188","85346cc1-bc75-43dd-bd8c-7d4025396cf4"]
&amp#27;[38;5;77m[85346cc1]&amp#27;[0m&amp#27;[38;5;-51m[AndroidUiautomator2Driver@cca7]&amp#27;[0m Matched '/element/00000000-0000-0a7d-ffff-ffff00000188/click' to command name 'click'
&amp#27;[38;5;77m[85346cc1]&amp#27;[0m&amp#27;[38;5;-51m[AndroidUiautomator2Driver@cca7]&amp#27;[0m Proxying [POST /element/00000000-0000-0a7d-ffff-ffff00000188/click] to [POST http://127.0.0.1:8204/session/7042bdb7-4021-4554-bdbd-007c56513d50/element/00000000-0000-0a7d-ffff-ffff00000188/click] with body: {"element":"00000000-0000-0a7d-ffff-ffff00000188"}
&amp#27;[38;5;77m[85346cc1]&amp#27;[0m&amp#27;[38;5;-51m[AndroidUiautomator2Driver@cca7]&amp#27;[0m Got response with status 200: {"sessionId":"7042bdb7-4021-4554-bdbd-007c56513d50","value":null}
&amp#27;[38;5;77m[85346cc1]&amp#27;[0m&amp#27;[38;5;-51m[AndroidUiautomator2Driver@cca7]&amp#27;[0m Responding to client with driver.click() result: null
&amp#27;[38;5;77m[85346cc1]&amp#27;[0m&amp#27;[38;5;86m[HTTP]&amp#27;[0m &amp#27;[37m<-- POST /session/85346cc1-bc75-43dd-bd8c-7d4025396cf4/element/00000000-0000-0a7d-ffff-ffff00000188/click &amp#27;[39m&amp#27;[32m200&amp#27;[39m &amp#27;[90m107 ms - 14&amp#27;[39m &amp#27;[90m&amp#27;[39m
&amp#27;[38;5;77m[85346cc1]&amp#27;[0m&amp#27;[38;5;86m[HTTP]&amp#27;[0m &amp#27;[37m-->&amp#27;[39m &amp#27;[37mGET&amp#27;[39m &amp#27;[37m/session/85346cc1-bc75-43dd-bd8c-7d4025396cf4/context&amp#27;[39m &amp#27;[90m{}&amp#27;[39m
&amp#27;[38;5;77m[85346cc1]&amp#27;[0m&amp#27;[38;5;-51m[AndroidUiautomator2Driver@cca7]&amp#27;[0m Calling AppiumDriver.getCurrentContext() with args: ["85346cc1-bc75-43dd-bd8c-7d4025396cf4"]
&amp#27;[38;5;77m[85346cc1]&amp#27;[0m&amp#27;[38;5;-51m[AndroidUiautomator2Driver@cca7]&amp#27;[0m Responding to client with driver.getCurrentContext() result: "NATIVE_APP"
&amp#27;[38;5;77m[85346cc1]&amp#27;[0m&amp#27;[38;5;86m[HTTP]&amp#27;[0m &amp#27;[37m<-- GET /session/85346cc1-bc75-43dd-bd8c-7d4025396cf4/context &amp#27;[39m&amp#27;[32m200&amp#27;[39m &amp#27;[90m2 ms - 22&amp#27;[39m &amp#27;[90m&amp#27;[39m
&amp#27;[38;5;77m[85346cc1]&amp#27;[0m&amp#27;[38;5;86m[HTTP]&amp#27;[0m &amp#27;[37m-->&amp#27;[39m &amp#27;[37mPOST&amp#27;[39m &amp#27;[37m/session/85346cc1-bc75-43dd-bd8c-7d4025396cf4/element&amp#27;[39m &amp#27;[90m{"value":"com.saucelabs.mydemoapp.android:id/cartIV","using":"id"}&amp#27;[39m
&amp#27;[38;5;77m[85346cc1]&amp#27;[0m&amp#27;[38;5;-51m[AndroidUiautomator2Driver@cca7]&amp#27;[0m Calling AppiumDriver.findElement() with args: ["id","com.saucelabs.mydemoapp.android:id/cartIV","85346cc1-bc75-43dd-bd8c-7d4025396cf4"]
&amp#27;[38;5;77m[85346cc1]&amp#27;[0m&amp#27;[38;5;-51m[AndroidUiautomator2Driver@cca7]&amp#27;[0m Valid locator strategies for this request: xpath, id, class name, accessibility id, css selector, -android uiautomator
&amp#27;[38;5;77m[85346cc1]&amp#27;[0m&amp#27;[38;5;-51m[AndroidUiautomator2Driver@cca7]&amp#27;[0m Waiting up to 15000 ms for condition
&amp#27;[38;5;77m[85346cc1]&amp#27;[0m&amp#27;[38;5;-51m[AndroidUiautomator2Driver@cca7]&amp#27;[0m Matched '/element' to command name 'findElement'
&amp#27;[38;5;77m[85346cc1]&amp#27;[0m&amp#27;[38;5;-51m[AndroidUiautomator2Driver@cca7]&amp#27;[0m Proxying [POST /element] to [POST http://127.0.0.1:8204/session/7042bdb7-4021-4554-bdbd-007c56513d50/element] with body: {"strategy":"id","selector":"com.saucelabs.mydemoapp.android:id/cartIV","context":"","multiple":false}
&amp#27;[38;5;77m[85346cc1]&amp#27;[0m&amp#27;[38;5;-51m[AndroidUiautomator2Driver@cca7]&amp#27;[0m Got response with status 200: {"sessionId":"7042bdb7-4021-4554-bdbd-007c56513d50","value":{"ELEMENT":"00000000-0000-0a7d-ffff-ffff0000016f","element-6066-11e4-a52e-4f735466cecf":"00000000-0000-0a7d-ffff-ffff0000016f"}}
&amp#27;[38;5;77m[85346cc1]&amp#27;[0m&amp#27;[38;5;-51m[AndroidUiautomator2Driver@cca7]&amp#27;[0m Responding to client with driver.findElement() result: {"element-6066-11e4-a52e-4f735466cecf":"00000000-0000-0a7d-ffff-ffff0000016f","ELEMENT":"00000000-0000-0a7d-ffff-ffff0000016f"}
&amp#27;[38;5;77m[85346cc1]&amp#27;[0m&amp#27;[38;5;86m[HTTP]&amp#27;[0m &amp#27;[37m<-- POST /session/85346cc1-bc75-43dd-bd8c-7d4025396cf4/element &amp#27;[39m&amp#27;[32m200&amp#27;[39m &amp#27;[90m600 ms - 137&amp#27;[39m &amp#27;[90m&amp#27;[39m
&amp#27;[38;5;77m[85346cc1]&amp#27;[0m&amp#27;[38;5;86m[HTTP]&amp#27;[0m &amp#27;[37m-->&amp#27;[39m &amp#27;[37mPOST&amp#27;[39m &amp#27;[37m/session/85346cc1-bc75-43dd-bd8c-7d4025396cf4/element/00000000-0000-0a7d-ffff-ffff0000016f/click&amp#27;[39m &amp#27;[90m{"id":"00000000-0000-0a7d-ffff-ffff0000016f"}&amp#27;[39m
&amp#27;[38;5;77m[85346cc1]&amp#27;[0m&amp#27;[38;5;-51m[AndroidUiautomator2Driver@cca7]&amp#27;[0m Calling AppiumDriver.click() with args: ["00000000-0000-0a7d-ffff-ffff0000016f","85346cc1-bc75-43dd-bd8c-7d4025396cf4"]
&amp#27;[38;5;77m[85346cc1]&amp#27;[0m&amp#27;[38;5;-51m[AndroidUiautomator2Driver@cca7]&amp#27;[0m Matched '/element/00000000-0000-0a7d-ffff-ffff0000016f/click' to command name 'click'
&amp#27;[38;5;77m[85346cc1]&amp#27;[0m&amp#27;[38;5;-51m[AndroidUiautomator2Driver@cca7]&amp#27;[0m Proxying [POST /element/00000000-0000-0a7d-ffff-ffff0000016f/click] to [POST http://127.0.0.1:8204/session/7042bdb7-4021-4554-bdbd-007c56513d50/element/00000000-0000-0a7d-ffff-ffff0000016f/click] with body: {"element":"00000000-0000-0a7d-ffff-ffff0000016f"}
&amp#27;[38;5;77m[85346cc1]&amp#27;[0m&amp#27;[38;5;-51m[AndroidUiautomator2Driver@cca7]&amp#27;[0m Got response with status 200: {"sessionId":"7042bdb7-4021-4554-bdbd-007c56513d50","value":null}
&amp#27;[38;5;77m[85346cc1]&amp#27;[0m&amp#27;[38;5;-51m[AndroidUiautomator2Driver@cca7]&amp#27;[0m Responding to client with driver.click() result: null
&amp#27;[38;5;77m[85346cc1]&amp#27;[0m&amp#27;[38;5;86m[HTTP]&amp#27;[0m &amp#27;[37m<-- POST /session/85346cc1-bc75-43dd-bd8c-7d4025396cf4/element/00000000-0000-0a7d-ffff-ffff0000016f/click &amp#27;[39m&amp#27;[32m200&amp#27;[39m &amp#27;[90m744 ms - 14&amp#27;[39m &amp#27;[90m&amp#27;[39m
&amp#27;[38;5;77m[85346cc1]&amp#27;[0m&amp#27;[38;5;86m[HTTP]&amp#27;[0m &amp#27;[37m-->&amp#27;[39m &amp#27;[37mGET&amp#27;[39m &amp#27;[37m/session/85346cc1-bc75-43dd-bd8c-7d4025396cf4/context&amp#27;[39m &amp#27;[90m{}&amp#27;[39m
&amp#27;[38;5;77m[85346cc1]&amp#27;[0m&amp#27;[38;5;-51m[AndroidUiautomator2Driver@cca7]&amp#27;[0m Calling AppiumDriver.getCurrentContext() with args: ["85346cc1-bc75-43dd-bd8c-7d4025396cf4"]
&amp#27;[38;5;77m[85346cc1]&amp#27;[0m&amp#27;[38;5;-51m[AndroidUiautomator2Driver@cca7]&amp#27;[0m Responding to client with driver.getCurrentContext() result: "NATIVE_APP"
&amp#27;[38;5;77m[85346cc1]&amp#27;[0m&amp#27;[38;5;86m[HTTP]&amp#27;[0m &amp#27;[37m<-- GET /session/85346cc1-bc75-43dd-bd8c-7d4025396cf4/context &amp#27;[39m&amp#27;[32m200&amp#27;[39m &amp#27;[90m3 ms - 22&amp#27;[39m &amp#27;[90m&amp#27;[39m
&amp#27;[38;5;77m[85346cc1]&amp#27;[0m&amp#27;[38;5;86m[HTTP]&amp#27;[0m &amp#27;[37m-->&amp#27;[39m &amp#27;[37mPOST&amp#27;[39m &amp#27;[37m/session/85346cc1-bc75-43dd-bd8c-7d4025396cf4/element&amp#27;[39m &amp#27;[90m{"value":"com.saucelabs.mydemoapp.android:id/productTV","using":"id"}&amp#27;[39m
&amp#27;[38;5;77m[85346cc1]&amp#27;[0m&amp#27;[38;5;-51m[AndroidUiautomator2Driver@cca7]&amp#27;[0m Calling AppiumDriver.findElement() with args: ["id","com.saucelabs.mydemoapp.android:id/productTV","85346cc1-bc75-43dd-bd8c-7d4025396cf4"]
&amp#27;[38;5;77m[85346cc1]&amp#27;[0m&amp#27;[38;5;-51m[AndroidUiautomator2Driver@cca7]&amp#27;[0m Valid locator strategies for this request: xpath, id, class name, accessibility id, css selector, -android uiautomator
&amp#27;[38;5;77m[85346cc1]&amp#27;[0m&amp#27;[38;5;-51m[AndroidUiautomator2Driver@cca7]&amp#27;[0m Waiting up to 15000 ms for condition
&amp#27;[38;5;77m[85346cc1]&amp#27;[0m&amp#27;[38;5;-51m[AndroidUiautomator2Driver@cca7]&amp#27;[0m Matched '/element' to command name 'findElement'
&amp#27;[38;5;77m[85346cc1]&amp#27;[0m&amp#27;[38;5;-51m[AndroidUiautomator2Driver@cca7]&amp#27;[0m Proxying [POST /element] to [POST http://127.0.0.1:8204/session/7042bdb7-4021-4554-bdbd-007c56513d50/element] with body: {"strategy":"id","selector":"com.saucelabs.mydemoapp.android:id/productTV","context":"","multiple":false}
&amp#27;[38;5;77m[85346cc1]&amp#27;[0m&amp#27;[38;5;-51m[AndroidUiautomator2Driver@cca7]&amp#27;[0m Got response with status 200: {"sessionId":"7042bdb7-4021-4554-bdbd-007c56513d50","value":{"ELEMENT":"00000000-0000-0a7e-ffff-ffff000001e8","element-6066-11e4-a52e-4f735466cecf":"00000000-0000-0a7e-ffff-ffff000001e8"}}
&amp#27;[38;5;77m[85346cc1]&amp#27;[0m&amp#27;[38;5;-51m[AndroidUiautomator2Driver@cca7]&amp#27;[0m Responding to client with driver.findElement() result: {"element-6066-11e4-a52e-4f735466cecf":"00000000-0000-0a7e-ffff-ffff000001e8","ELEMENT":"00000000-0000-0a7e-ffff-ffff000001e8"}
&amp#27;[38;5;77m[85346cc1]&amp#27;[0m&amp#27;[38;5;86m[HTTP]&amp#27;[0m &amp#27;[37m<-- POST /session/85346cc1-bc75-43dd-bd8c-7d4025396cf4/element &amp#27;[39m&amp#27;[32m200&amp#27;[39m &amp#27;[90m110 ms - 137&amp#27;[39m &amp#27;[90m&amp#27;[39m
&amp#27;[38;5;77m[85346cc1]&amp#27;[0m&amp#27;[38;5;86m[HTTP]&amp#27;[0m &amp#27;[37m-->&amp#27;[39m &amp#27;[37mGET&amp#27;[39m &amp#27;[37m/session/85346cc1-bc75-43dd-bd8c-7d4025396cf4/element/00000000-0000-0a7e-ffff-ffff000001e8/displayed&amp#27;[39m &amp#27;[90m{}&amp#27;[39m
&amp#27;[38;5;77m[85346cc1]&amp#27;[0m&amp#27;[38;5;-51m[AndroidUiautomator2Driver@cca7]&amp#27;[0m Calling AppiumDriver.elementDisplayed() with args: ["00000000-0000-0a7e-ffff-ffff000001e8","85346cc1-bc75-43dd-bd8c-7d4025396cf4"]
&amp#27;[38;5;77m[85346cc1]&amp#27;[0m&amp#27;[38;5;-51m[AndroidUiautomator2Driver@cca7]&amp#27;[0m Matched '/element/00000000-0000-0a7e-ffff-ffff000001e8/attribute/displayed' to command name 'getAttribute'
&amp#27;[38;5;77m[85346cc1]&amp#27;[0m&amp#27;[38;5;-51m[AndroidUiautomator2Driver@cca7]&amp#27;[0m Proxying [GET /element/00000000-0000-0a7e-ffff-ffff000001e8/attribute/displayed] to [GET http://127.0.0.1:8204/session/7042bdb7-4021-4554-bdbd-007c56513d50/element/00000000-0000-0a7e-ffff-ffff000001e8/attribute/displayed] with no body
&amp#27;[38;5;77m[85346cc1]&amp#27;[0m&amp#27;[38;5;-51m[AndroidUiautomator2Driver@cca7]&amp#27;[0m Got response with status 200: {"sessionId":"7042bdb7-4021-4554-bdbd-007c56513d50","value":"true"}
&amp#27;[38;5;77m[85346cc1]&amp#27;[0m&amp#27;[38;5;-51m[AndroidUiautomator2Driver@cca7]&amp#27;[0m Responding to client with driver.elementDisplayed() result: true
&amp#27;[38;5;77m[85346cc1]&amp#27;[0m&amp#27;[38;5;86m[HTTP]&amp#27;[0m &amp#27;[37m<-- GET /session/85346cc1-bc75-43dd-bd8c-7d4025396cf4/element/00000000-0000-0a7e-ffff-ffff000001e8/displayed &amp#27;[39m&amp#27;[32m200&amp#27;[39m &amp#27;[90m41 ms - 14&amp#27;[39m &amp#27;[90m&amp#27;[39m
]]></system-out>
  </testcase>
  <testcase name="WithLoginAddToCartAndCheckout" classname="testcases.TC_02_Add_To_Cart" time="14.828">
    <system-out><![CDATA[&amp#27;[38;5;77m[85346cc1]&amp#27;[0m&amp#27;[38;5;86m[HTTP]&amp#27;[0m &amp#27;[37m-->&amp#27;[39m &amp#27;[37mGET&amp#27;[39m &amp#27;[37m/session/85346cc1-bc75-43dd-bd8c-7d4025396cf4/context&amp#27;[39m &amp#27;[90m{}&amp#27;[39m
&amp#27;[38;5;77m[85346cc1]&amp#27;[0m&amp#27;[38;5;-51m[AndroidUiautomator2Driver@cca7]&amp#27;[0m Calling AppiumDriver.getCurrentContext() with args: ["85346cc1-bc75-43dd-bd8c-7d4025396cf4"]
&amp#27;[38;5;77m[85346cc1]&amp#27;[0m&amp#27;[38;5;-51m[AndroidUiautomator2Driver@cca7]&amp#27;[0m Responding to client with driver.getCurrentContext() result: "NATIVE_APP"
&amp#27;[38;5;77m[85346cc1]&amp#27;[0m&amp#27;[38;5;86m[HTTP]&amp#27;[0m &amp#27;[37m<-- GET /session/85346cc1-bc75-43dd-bd8c-7d4025396cf4/context &amp#27;[39m&amp#27;[32m200&amp#27;[39m &amp#27;[90m2 ms - 22&amp#27;[39m &amp#27;[90m&amp#27;[39m
&amp#27;[38;5;77m[85346cc1]&amp#27;[0m&amp#27;[38;5;86m[HTTP]&amp#27;[0m &amp#27;[37m-->&amp#27;[39m &amp#27;[37mPOST&amp#27;[39m &amp#27;[37m/session/85346cc1-bc75-43dd-bd8c-7d4025396cf4/element&amp#27;[39m &amp#27;[90m{"value":"View menu","using":"accessibility id"}&amp#27;[39m
&amp#27;[38;5;77m[85346cc1]&amp#27;[0m&amp#27;[38;5;-51m[AndroidUiautomator2Driver@cca7]&amp#27;[0m Calling AppiumDriver.findElement() with args: ["accessibility id","View menu","85346cc1-bc75-43dd-bd8c-7d4025396cf4"]
&amp#27;[38;5;77m[85346cc1]&amp#27;[0m&amp#27;[38;5;-51m[AndroidUiautomator2Driver@cca7]&amp#27;[0m Valid locator strategies for this request: xpath, id, class name, accessibility id, css selector, -android uiautomator
&amp#27;[38;5;77m[85346cc1]&amp#27;[0m&amp#27;[38;5;-51m[AndroidUiautomator2Driver@cca7]&amp#27;[0m Waiting up to 15000 ms for condition
&amp#27;[38;5;77m[85346cc1]&amp#27;[0m&amp#27;[38;5;-51m[AndroidUiautomator2Driver@cca7]&amp#27;[0m Matched '/element' to command name 'findElement'
&amp#27;[38;5;77m[85346cc1]&amp#27;[0m&amp#27;[38;5;-51m[AndroidUiautomator2Driver@cca7]&amp#27;[0m Proxying [POST /element] to [POST http://127.0.0.1:8204/session/7042bdb7-4021-4554-bdbd-007c56513d50/element] with body: {"strategy":"accessibility id","selector":"View menu","context":"","multiple":false}
&amp#27;[38;5;77m[85346cc1]&amp#27;[0m&amp#27;[38;5;-51m[AndroidUiautomator2Driver@cca7]&amp#27;[0m Got response with status 200: {"sessionId":"7042bdb7-4021-4554-bdbd-007c56513d50","value":{"ELEMENT":"00000000-0000-0a7e-ffff-ffff000001d4","element-6066-11e4-a52e-4f735466cecf":"00000000-0000-0a7e-ffff-ffff000001d4"}}
&amp#27;[38;5;77m[85346cc1]&amp#27;[0m&amp#27;[38;5;-51m[AndroidUiautomator2Driver@cca7]&amp#27;[0m Responding to client with driver.findElement() result: {"element-6066-11e4-a52e-4f735466cecf":"00000000-0000-0a7e-ffff-ffff000001d4","ELEMENT":"00000000-0000-0a7e-ffff-ffff000001d4"}
&amp#27;[38;5;77m[85346cc1]&amp#27;[0m&amp#27;[38;5;86m[HTTP]&amp#27;[0m &amp#27;[37m<-- POST /session/85346cc1-bc75-43dd-bd8c-7d4025396cf4/element &amp#27;[39m&amp#27;[32m200&amp#27;[39m &amp#27;[90m80 ms - 137&amp#27;[39m &amp#27;[90m&amp#27;[39m
&amp#27;[38;5;77m[85346cc1]&amp#27;[0m&amp#27;[38;5;86m[HTTP]&amp#27;[0m &amp#27;[37m-->&amp#27;[39m &amp#27;[37mPOST&amp#27;[39m &amp#27;[37m/session/85346cc1-bc75-43dd-bd8c-7d4025396cf4/element/00000000-0000-0a7e-ffff-ffff000001d4/click&amp#27;[39m &amp#27;[90m{"id":"00000000-0000-0a7e-ffff-ffff000001d4"}&amp#27;[39m
&amp#27;[38;5;77m[85346cc1]&amp#27;[0m&amp#27;[38;5;-51m[AndroidUiautomator2Driver@cca7]&amp#27;[0m Calling AppiumDriver.click() with args: ["00000000-0000-0a7e-ffff-ffff000001d4","85346cc1-bc75-43dd-bd8c-7d4025396cf4"]
&amp#27;[38;5;77m[85346cc1]&amp#27;[0m&amp#27;[38;5;-51m[AndroidUiautomator2Driver@cca7]&amp#27;[0m Matched '/element/00000000-0000-0a7e-ffff-ffff000001d4/click' to command name 'click'
&amp#27;[38;5;77m[85346cc1]&amp#27;[0m&amp#27;[38;5;-51m[AndroidUiautomator2Driver@cca7]&amp#27;[0m Proxying [POST /element/00000000-0000-0a7e-ffff-ffff000001d4/click] to [POST http://127.0.0.1:8204/session/7042bdb7-4021-4554-bdbd-007c56513d50/element/00000000-0000-0a7e-ffff-ffff000001d4/click] with body: {"element":"00000000-0000-0a7e-ffff-ffff000001d4"}
&amp#27;[38;5;77m[85346cc1]&amp#27;[0m&amp#27;[38;5;-51m[AndroidUiautomator2Driver@cca7]&amp#27;[0m Got response with status 200: {"sessionId":"7042bdb7-4021-4554-bdbd-007c56513d50","value":null}
&amp#27;[38;5;77m[85346cc1]&amp#27;[0m&amp#27;[38;5;-51m[AndroidUiautomator2Driver@cca7]&amp#27;[0m Responding to client with driver.click() result: null
&amp#27;[38;5;77m[85346cc1]&amp#27;[0m&amp#27;[38;5;86m[HTTP]&amp#27;[0m &amp#27;[37m<-- POST /session/85346cc1-bc75-43dd-bd8c-7d4025396cf4/element/00000000-0000-0a7e-ffff-ffff000001d4/click &amp#27;[39m&amp#27;[32m200&amp#27;[39m &amp#27;[90m1027 ms - 14&amp#27;[39m &amp#27;[90m&amp#27;[39m
&amp#27;[38;5;77m[85346cc1]&amp#27;[0m&amp#27;[38;5;86m[HTTP]&amp#27;[0m &amp#27;[37m-->&amp#27;[39m &amp#27;[37mGET&amp#27;[39m &amp#27;[37m/session/85346cc1-bc75-43dd-bd8c-7d4025396cf4/context&amp#27;[39m &amp#27;[90m{}&amp#27;[39m
&amp#27;[38;5;77m[85346cc1]&amp#27;[0m&amp#27;[38;5;-51m[AndroidUiautomator2Driver@cca7]&amp#27;[0m Calling AppiumDriver.getCurrentContext() with args: ["85346cc1-bc75-43dd-bd8c-7d4025396cf4"]
&amp#27;[38;5;77m[85346cc1]&amp#27;[0m&amp#27;[38;5;-51m[AndroidUiautomator2Driver@cca7]&amp#27;[0m Responding to client with driver.getCurrentContext() result: "NATIVE_APP"
&amp#27;[38;5;77m[85346cc1]&amp#27;[0m&amp#27;[38;5;86m[HTTP]&amp#27;[0m &amp#27;[37m<-- GET /session/85346cc1-bc75-43dd-bd8c-7d4025396cf4/context &amp#27;[39m&amp#27;[32m200&amp#27;[39m &amp#27;[90m2 ms - 22&amp#27;[39m &amp#27;[90m&amp#27;[39m
&amp#27;[38;5;77m[85346cc1]&amp#27;[0m&amp#27;[38;5;86m[HTTP]&amp#27;[0m &amp#27;[37m-->&amp#27;[39m &amp#27;[37mPOST&amp#27;[39m &amp#27;[37m/session/85346cc1-bc75-43dd-bd8c-7d4025396cf4/element&amp#27;[39m &amp#27;[90m{"value":"Login Menu Item","using":"accessibility id"}&amp#27;[39m
&amp#27;[38;5;77m[85346cc1]&amp#27;[0m&amp#27;[38;5;-51m[AndroidUiautomator2Driver@cca7]&amp#27;[0m Calling AppiumDriver.findElement() with args: ["accessibility id","Login Menu Item","85346cc1-bc75-43dd-bd8c-7d4025396cf4"]
&amp#27;[38;5;77m[85346cc1]&amp#27;[0m&amp#27;[38;5;-51m[AndroidUiautomator2Driver@cca7]&amp#27;[0m Valid locator strategies for this request: xpath, id, class name, accessibility id, css selector, -android uiautomator
&amp#27;[38;5;77m[85346cc1]&amp#27;[0m&amp#27;[38;5;-51m[AndroidUiautomator2Driver@cca7]&amp#27;[0m Waiting up to 15000 ms for condition
&amp#27;[38;5;77m[85346cc1]&amp#27;[0m&amp#27;[38;5;-51m[AndroidUiautomator2Driver@cca7]&amp#27;[0m Matched '/element' to command name 'findElement'
&amp#27;[38;5;77m[85346cc1]&amp#27;[0m&amp#27;[38;5;-51m[AndroidUiautomator2Driver@cca7]&amp#27;[0m Proxying [POST /element] to [POST http://127.0.0.1:8204/session/7042bdb7-4021-4554-bdbd-007c56513d50/element] with body: {"strategy":"accessibility id","selector":"Login Menu Item","context":"","multiple":false}
&amp#27;[38;5;77m[85346cc1]&amp#27;[0m&amp#27;[38;5;-51m[AndroidUiautomator2Driver@cca7]&amp#27;[0m Got response with status 200: {"sessionId":"7042bdb7-4021-4554-bdbd-007c56513d50","value":{"ELEMENT":"00000000-0000-0a7e-ffff-ffff0000023e","element-6066-11e4-a52e-4f735466cecf":"00000000-0000-0a7e-ffff-ffff0000023e"}}
&amp#27;[38;5;77m[85346cc1]&amp#27;[0m&amp#27;[38;5;-51m[AndroidUiautomator2Driver@cca7]&amp#27;[0m Responding to client with driver.findElement() result: {"element-6066-11e4-a52e-4f735466cecf":"00000000-0000-0a7e-ffff-ffff0000023e","ELEMENT":"00000000-0000-0a7e-ffff-ffff0000023e"}
&amp#27;[38;5;77m[85346cc1]&amp#27;[0m&amp#27;[38;5;86m[HTTP]&amp#27;[0m &amp#27;[37m<-- POST /session/85346cc1-bc75-43dd-bd8c-7d4025396cf4/element &amp#27;[39m&amp#27;[32m200&amp#27;[39m &amp#27;[90m323 ms - 137&amp#27;[39m &amp#27;[90m&amp#27;[39m
&amp#27;[38;5;77m[85346cc1]&amp#27;[0m&amp#27;[38;5;86m[HTTP]&amp#27;[0m &amp#27;[37m-->&amp#27;[39m &amp#27;[37mPOST&amp#27;[39m &amp#27;[37m/session/85346cc1-bc75-43dd-bd8c-7d4025396cf4/element/00000000-0000-0a7e-ffff-ffff0000023e/click&amp#27;[39m &amp#27;[90m{"id":"00000000-0000-0a7e-ffff-ffff0000023e"}&amp#27;[39m
&amp#27;[38;5;77m[85346cc1]&amp#27;[0m&amp#27;[38;5;-51m[AndroidUiautomator2Driver@cca7]&amp#27;[0m Calling AppiumDriver.click() with args: ["00000000-0000-0a7e-ffff-ffff0000023e","85346cc1-bc75-43dd-bd8c-7d4025396cf4"]
&amp#27;[38;5;77m[85346cc1]&amp#27;[0m&amp#27;[38;5;-51m[AndroidUiautomator2Driver@cca7]&amp#27;[0m Matched '/element/00000000-0000-0a7e-ffff-ffff0000023e/click' to command name 'click'
&amp#27;[38;5;77m[85346cc1]&amp#27;[0m&amp#27;[38;5;-51m[AndroidUiautomator2Driver@cca7]&amp#27;[0m Proxying [POST /element/00000000-0000-0a7e-ffff-ffff0000023e/click] to [POST http://127.0.0.1:8204/session/7042bdb7-4021-4554-bdbd-007c56513d50/element/00000000-0000-0a7e-ffff-ffff0000023e/click] with body: {"element":"00000000-0000-0a7e-ffff-ffff0000023e"}
&amp#27;[38;5;77m[85346cc1]&amp#27;[0m&amp#27;[38;5;-51m[AndroidUiautomator2Driver@cca7]&amp#27;[0m Got response with status 200: {"sessionId":"7042bdb7-4021-4554-bdbd-007c56513d50","value":null}
&amp#27;[38;5;77m[85346cc1]&amp#27;[0m&amp#27;[38;5;-51m[AndroidUiautomator2Driver@cca7]&amp#27;[0m Responding to client with driver.click() result: null
&amp#27;[38;5;77m[85346cc1]&amp#27;[0m&amp#27;[38;5;86m[HTTP]&amp#27;[0m &amp#27;[37m<-- POST /session/85346cc1-bc75-43dd-bd8c-7d4025396cf4/element/00000000-0000-0a7e-ffff-ffff0000023e/click &amp#27;[39m&amp#27;[32m200&amp#27;[39m &amp#27;[90m113 ms - 14&amp#27;[39m &amp#27;[90m&amp#27;[39m
&amp#27;[38;5;77m[85346cc1]&amp#27;[0m&amp#27;[38;5;86m[HTTP]&amp#27;[0m &amp#27;[37m-->&amp#27;[39m &amp#27;[37mGET&amp#27;[39m &amp#27;[37m/session/85346cc1-bc75-43dd-bd8c-7d4025396cf4/context&amp#27;[39m &amp#27;[90m{}&amp#27;[39m
&amp#27;[38;5;77m[85346cc1]&amp#27;[0m&amp#27;[38;5;-51m[AndroidUiautomator2Driver@cca7]&amp#27;[0m Calling AppiumDriver.getCurrentContext() with args: ["85346cc1-bc75-43dd-bd8c-7d4025396cf4"]
&amp#27;[38;5;77m[85346cc1]&amp#27;[0m&amp#27;[38;5;-51m[AndroidUiautomator2Driver@cca7]&amp#27;[0m Responding to client with driver.getCurrentContext() result: "NATIVE_APP"
&amp#27;[38;5;77m[85346cc1]&amp#27;[0m&amp#27;[38;5;86m[HTTP]&amp#27;[0m &amp#27;[37m<-- GET /session/85346cc1-bc75-43dd-bd8c-7d4025396cf4/context &amp#27;[39m&amp#27;[32m200&amp#27;[39m &amp#27;[90m3 ms - 22&amp#27;[39m &amp#27;[90m&amp#27;[39m
&amp#27;[38;5;77m[85346cc1]&amp#27;[0m&amp#27;[38;5;86m[HTTP]&amp#27;[0m &amp#27;[37m-->&amp#27;[39m &amp#27;[37mPOST&amp#27;[39m &amp#27;[37m/session/85346cc1-bc75-43dd-bd8c-7d4025396cf4/element&amp#27;[39m &amp#27;[90m{"value":"com.saucelabs.mydemoapp.android:id/nameET","using":"id"}&amp#27;[39m
&amp#27;[38;5;77m[85346cc1]&amp#27;[0m&amp#27;[38;5;-51m[AndroidUiautomator2Driver@cca7]&amp#27;[0m Calling AppiumDriver.findElement() with args: ["id","com.saucelabs.mydemoapp.android:id/nameET","85346cc1-bc75-43dd-bd8c-7d4025396cf4"]
&amp#27;[38;5;77m[85346cc1]&amp#27;[0m&amp#27;[38;5;-51m[AndroidUiautomator2Driver@cca7]&amp#27;[0m Valid locator strategies for this request: xpath, id, class name, accessibility id, css selector, -android uiautomator
&amp#27;[38;5;77m[85346cc1]&amp#27;[0m&amp#27;[38;5;-51m[AndroidUiautomator2Driver@cca7]&amp#27;[0m Waiting up to 15000 ms for condition
&amp#27;[38;5;77m[85346cc1]&amp#27;[0m&amp#27;[38;5;-51m[AndroidUiautomator2Driver@cca7]&amp#27;[0m Matched '/element' to command name 'findElement'
&amp#27;[38;5;77m[85346cc1]&amp#27;[0m&amp#27;[38;5;-51m[AndroidUiautomator2Driver@cca7]&amp#27;[0m Proxying [POST /element] to [POST http://127.0.0.1:8204/session/7042bdb7-4021-4554-bdbd-007c56513d50/element] with body: {"strategy":"id","selector":"com.saucelabs.mydemoapp.android:id/nameET","context":"","multiple":false}
&amp#27;[38;5;77m[85346cc1]&amp#27;[0m&amp#27;[38;5;-51m[AndroidUiautomator2Driver@cca7]&amp#27;[0m Got response with status 200: {"sessionId":"7042bdb7-4021-4554-bdbd-007c56513d50","value":{"ELEMENT":"00000000-0000-0a7f-ffff-ffff00000259","element-6066-11e4-a52e-4f735466cecf":"00000000-0000-0a7f-ffff-ffff00000259"}}
&amp#27;[38;5;77m[85346cc1]&amp#27;[0m&amp#27;[38;5;-51m[AndroidUiautomator2Driver@cca7]&amp#27;[0m Responding to client with driver.findElement() result: {"element-6066-11e4-a52e-4f735466cecf":"00000000-0000-0a7f-ffff-ffff00000259","ELEMENT":"00000000-0000-0a7f-ffff-ffff00000259"}
&amp#27;[38;5;77m[85346cc1]&amp#27;[0m&amp#27;[38;5;86m[HTTP]&amp#27;[0m &amp#27;[37m<-- POST /session/85346cc1-bc75-43dd-bd8c-7d4025396cf4/element &amp#27;[39m&amp#27;[32m200&amp#27;[39m &amp#27;[90m661 ms - 137&amp#27;[39m &amp#27;[90m&amp#27;[39m
&amp#27;[38;5;77m[85346cc1]&amp#27;[0m&amp#27;[38;5;86m[HTTP]&amp#27;[0m &amp#27;[37m-->&amp#27;[39m &amp#27;[37mPOST&amp#27;[39m &amp#27;[37m/session/85346cc1-bc75-43dd-bd8c-7d4025396cf4/element/00000000-0000-0a7f-ffff-ffff00000259/click&amp#27;[39m &amp#27;[90m{"id":"00000000-0000-0a7f-ffff-ffff00000259"}&amp#27;[39m
&amp#27;[38;5;77m[85346cc1]&amp#27;[0m&amp#27;[38;5;-51m[AndroidUiautomator2Driver@cca7]&amp#27;[0m Calling AppiumDriver.click() with args: ["00000000-0000-0a7f-ffff-ffff00000259","85346cc1-bc75-43dd-bd8c-7d4025396cf4"]
&amp#27;[38;5;77m[85346cc1]&amp#27;[0m&amp#27;[38;5;-51m[AndroidUiautomator2Driver@cca7]&amp#27;[0m Matched '/element/00000000-0000-0a7f-ffff-ffff00000259/click' to command name 'click'
&amp#27;[38;5;77m[85346cc1]&amp#27;[0m&amp#27;[38;5;-51m[AndroidUiautomator2Driver@cca7]&amp#27;[0m Proxying [POST /element/00000000-0000-0a7f-ffff-ffff00000259/click] to [POST http://127.0.0.1:8204/session/7042bdb7-4021-4554-bdbd-007c56513d50/element/00000000-0000-0a7f-ffff-ffff00000259/click] with body: {"element":"00000000-0000-0a7f-ffff-ffff00000259"}
&amp#27;[38;5;77m[85346cc1]&amp#27;[0m&amp#27;[38;5;-51m[AndroidUiautomator2Driver@cca7]&amp#27;[0m Got response with status 200: {"sessionId":"7042bdb7-4021-4554-bdbd-007c56513d50","value":null}
&amp#27;[38;5;77m[85346cc1]&amp#27;[0m&amp#27;[38;5;-51m[AndroidUiautomator2Driver@cca7]&amp#27;[0m Responding to client with driver.click() result: null
&amp#27;[38;5;77m[85346cc1]&amp#27;[0m&amp#27;[38;5;86m[HTTP]&amp#27;[0m &amp#27;[37m<-- POST /session/85346cc1-bc75-43dd-bd8c-7d4025396cf4/element/00000000-0000-0a7f-ffff-ffff00000259/click &amp#27;[39m&amp#27;[32m200&amp#27;[39m &amp#27;[90m95 ms - 14&amp#27;[39m &amp#27;[90m&amp#27;[39m
&amp#27;[38;5;77m[85346cc1]&amp#27;[0m&amp#27;[38;5;86m[HTTP]&amp#27;[0m &amp#27;[37m-->&amp#27;[39m &amp#27;[37mGET&amp#27;[39m &amp#27;[37m/session/85346cc1-bc75-43dd-bd8c-7d4025396cf4/context&amp#27;[39m &amp#27;[90m{}&amp#27;[39m
&amp#27;[38;5;77m[85346cc1]&amp#27;[0m&amp#27;[38;5;-51m[AndroidUiautomator2Driver@cca7]&amp#27;[0m Calling AppiumDriver.getCurrentContext() with args: ["85346cc1-bc75-43dd-bd8c-7d4025396cf4"]
&amp#27;[38;5;77m[85346cc1]&amp#27;[0m&amp#27;[38;5;-51m[AndroidUiautomator2Driver@cca7]&amp#27;[0m Responding to client with driver.getCurrentContext() result: "NATIVE_APP"
&amp#27;[38;5;77m[85346cc1]&amp#27;[0m&amp#27;[38;5;86m[HTTP]&amp#27;[0m &amp#27;[37m<-- GET /session/85346cc1-bc75-43dd-bd8c-7d4025396cf4/context &amp#27;[39m&amp#27;[32m200&amp#27;[39m &amp#27;[90m3 ms - 22&amp#27;[39m &amp#27;[90m&amp#27;[39m
&amp#27;[38;5;77m[85346cc1]&amp#27;[0m&amp#27;[38;5;86m[HTTP]&amp#27;[0m &amp#27;[37m-->&amp#27;[39m &amp#27;[37mPOST&amp#27;[39m &amp#27;[37m/session/85346cc1-bc75-43dd-bd8c-7d4025396cf4/element&amp#27;[39m &amp#27;[90m{"value":"com.saucelabs.mydemoapp.android:id/nameET","using":"id"}&amp#27;[39m
&amp#27;[38;5;77m[85346cc1]&amp#27;[0m&amp#27;[38;5;-51m[AndroidUiautomator2Driver@cca7]&amp#27;[0m Calling AppiumDriver.findElement() with args: ["id","com.saucelabs.mydemoapp.android:id/nameET","85346cc1-bc75-43dd-bd8c-7d4025396cf4"]
&amp#27;[38;5;77m[85346cc1]&amp#27;[0m&amp#27;[38;5;-51m[AndroidUiautomator2Driver@cca7]&amp#27;[0m Valid locator strategies for this request: xpath, id, class name, accessibility id, css selector, -android uiautomator
&amp#27;[38;5;77m[85346cc1]&amp#27;[0m&amp#27;[38;5;-51m[AndroidUiautomator2Driver@cca7]&amp#27;[0m Waiting up to 15000 ms for condition
&amp#27;[38;5;77m[85346cc1]&amp#27;[0m&amp#27;[38;5;-51m[AndroidUiautomator2Driver@cca7]&amp#27;[0m Matched '/element' to command name 'findElement'
&amp#27;[38;5;77m[85346cc1]&amp#27;[0m&amp#27;[38;5;-51m[AndroidUiautomator2Driver@cca7]&amp#27;[0m Proxying [POST /element] to [POST http://127.0.0.1:8204/session/7042bdb7-4021-4554-bdbd-007c56513d50/element] with body: {"strategy":"id","selector":"com.saucelabs.mydemoapp.android:id/nameET","context":"","multiple":false}
&amp#27;[38;5;77m[85346cc1]&amp#27;[0m&amp#27;[38;5;-51m[AndroidUiautomator2Driver@cca7]&amp#27;[0m Got response with status 200: {"sessionId":"7042bdb7-4021-4554-bdbd-007c56513d50","value":{"ELEMENT":"00000000-0000-0a7f-ffff-ffff00000259","element-6066-11e4-a52e-4f735466cecf":"00000000-0000-0a7f-ffff-ffff00000259"}}
&amp#27;[38;5;77m[85346cc1]&amp#27;[0m&amp#27;[38;5;-51m[AndroidUiautomator2Driver@cca7]&amp#27;[0m Responding to client with driver.findElement() result: {"element-6066-11e4-a52e-4f735466cecf":"00000000-0000-0a7f-ffff-ffff00000259","ELEMENT":"00000000-0000-0a7f-ffff-ffff00000259"}
&amp#27;[38;5;77m[85346cc1]&amp#27;[0m&amp#27;[38;5;86m[HTTP]&amp#27;[0m &amp#27;[37m<-- POST /session/85346cc1-bc75-43dd-bd8c-7d4025396cf4/element &amp#27;[39m&amp#27;[32m200&amp#27;[39m &amp#27;[90m974 ms - 137&amp#27;[39m &amp#27;[90m&amp#27;[39m
&amp#27;[38;5;77m[85346cc1]&amp#27;[0m&amp#27;[38;5;86m[HTTP]&amp#27;[0m &amp#27;[37m-->&amp#27;[39m &amp#27;[37mPOST&amp#27;[39m &amp#27;[37m/session/85346cc1-bc75-43dd-bd8c-7d4025396cf4/element/00000000-0000-0a7f-ffff-ffff00000259/value&amp#27;[39m &amp#27;[90m{"text":"bod@example.com","value":["b","o","d","@","e","x","a","m","p","l","e",".","c","o","m"],"id":"00000000-0000-0a7f-ffff-ffff00000259"}&amp#27;[39m
&amp#27;[38;5;77m[85346cc1]&amp#27;[0m&amp#27;[38;5;-51m[AndroidUiautomator2Driver@cca7]&amp#27;[0m Calling AppiumDriver.setValue() with args: [["b","o","d","@","e","x","a","m","p","l","e",".","c","o","m"],"00000000-0000-0a7f-ffff-ffff00000259","85346cc1-bc75-43dd-bd8c-7d4025396cf4"]
&amp#27;[38;5;77m[85346cc1]&amp#27;[0m&amp#27;[38;5;-51m[AndroidUiautomator2Driver@cca7]&amp#27;[0m Matched '/element/00000000-0000-0a7f-ffff-ffff00000259/value' to command name 'setValue'
&amp#27;[38;5;77m[85346cc1]&amp#27;[0m&amp#27;[38;5;-51m[AndroidUiautomator2Driver@cca7]&amp#27;[0m Added 'value' property ["b","o","d","@","e","x","a","m","p","l","e",".","c","o","m"] to 'setValue' request body
&amp#27;[38;5;77m[85346cc1]&amp#27;[0m&amp#27;[38;5;-51m[AndroidUiautomator2Driver@cca7]&amp#27;[0m Proxying [POST /element/00000000-0000-0a7f-ffff-ffff00000259/value] to [POST http://127.0.0.1:8204/session/7042bdb7-4021-4554-bdbd-007c56513d50/element/00000000-0000-0a7f-ffff-ffff00000259/value] with body: {"elementId":"00000000-0000-0a7f-ffff-ffff00000259","text":"bod@example.com","replace":false,"value":["b","o","d","@","e","x","a","m","p","l","e",".","c","o","m"]}
&amp#27;[38;5;77m[85346cc1]&amp#27;[0m&amp#27;[38;5;-51m[AndroidUiautomator2Driver@cca7]&amp#27;[0m Got response with status 200: {"sessionId":"7042bdb7-4021-4554-bdbd-007c56513d50","value":null}
&amp#27;[38;5;77m[85346cc1]&amp#27;[0m&amp#27;[38;5;-51m[AndroidUiautomator2Driver@cca7]&amp#27;[0m Responding to client with driver.setValue() result: null
&amp#27;[38;5;77m[85346cc1]&amp#27;[0m&amp#27;[38;5;86m[HTTP]&amp#27;[0m &amp#27;[37m<-- POST /session/85346cc1-bc75-43dd-bd8c-7d4025396cf4/element/00000000-0000-0a7f-ffff-ffff00000259/value &amp#27;[39m&amp#27;[32m200&amp#27;[39m &amp#27;[90m110 ms - 14&amp#27;[39m &amp#27;[90m&amp#27;[39m
&amp#27;[38;5;77m[85346cc1]&amp#27;[0m&amp#27;[38;5;86m[HTTP]&amp#27;[0m &amp#27;[37m-->&amp#27;[39m &amp#27;[37mGET&amp#27;[39m &amp#27;[37m/session/85346cc1-bc75-43dd-bd8c-7d4025396cf4/context&amp#27;[39m &amp#27;[90m{}&amp#27;[39m
&amp#27;[38;5;77m[85346cc1]&amp#27;[0m&amp#27;[38;5;-51m[AndroidUiautomator2Driver@cca7]&amp#27;[0m Calling AppiumDriver.getCurrentContext() with args: ["85346cc1-bc75-43dd-bd8c-7d4025396cf4"]
&amp#27;[38;5;77m[85346cc1]&amp#27;[0m&amp#27;[38;5;-51m[AndroidUiautomator2Driver@cca7]&amp#27;[0m Responding to client with driver.getCurrentContext() result: "NATIVE_APP"
&amp#27;[38;5;77m[85346cc1]&amp#27;[0m&amp#27;[38;5;86m[HTTP]&amp#27;[0m &amp#27;[37m<-- GET /session/85346cc1-bc75-43dd-bd8c-7d4025396cf4/context &amp#27;[39m&amp#27;[32m200&amp#27;[39m &amp#27;[90m2 ms - 22&amp#27;[39m &amp#27;[90m&amp#27;[39m
&amp#27;[38;5;77m[85346cc1]&amp#27;[0m&amp#27;[38;5;86m[HTTP]&amp#27;[0m &amp#27;[37m-->&amp#27;[39m &amp#27;[37mPOST&amp#27;[39m &amp#27;[37m/session/85346cc1-bc75-43dd-bd8c-7d4025396cf4/element&amp#27;[39m &amp#27;[90m{"value":"com.saucelabs.mydemoapp.android:id/passwordET","using":"id"}&amp#27;[39m
&amp#27;[38;5;77m[85346cc1]&amp#27;[0m&amp#27;[38;5;-51m[AndroidUiautomator2Driver@cca7]&amp#27;[0m Calling AppiumDriver.findElement() with args: ["id","com.saucelabs.mydemoapp.android:id/passwordET","85346cc1-bc75-43dd-bd8c-7d4025396cf4"]
&amp#27;[38;5;77m[85346cc1]&amp#27;[0m&amp#27;[38;5;-51m[AndroidUiautomator2Driver@cca7]&amp#27;[0m Valid locator strategies for this request: xpath, id, class name, accessibility id, css selector, -android uiautomator
&amp#27;[38;5;77m[85346cc1]&amp#27;[0m&amp#27;[38;5;-51m[AndroidUiautomator2Driver@cca7]&amp#27;[0m Waiting up to 15000 ms for condition
&amp#27;[38;5;77m[85346cc1]&amp#27;[0m&amp#27;[38;5;-51m[AndroidUiautomator2Driver@cca7]&amp#27;[0m Matched '/element' to command name 'findElement'
&amp#27;[38;5;77m[85346cc1]&amp#27;[0m&amp#27;[38;5;-51m[AndroidUiautomator2Driver@cca7]&amp#27;[0m Proxying [POST /element] to [POST http://127.0.0.1:8204/session/7042bdb7-4021-4554-bdbd-007c56513d50/element] with body: {"strategy":"id","selector":"com.saucelabs.mydemoapp.android:id/passwordET","context":"","multiple":false}
&amp#27;[38;5;77m[85346cc1]&amp#27;[0m&amp#27;[38;5;-51m[AndroidUiautomator2Driver@cca7]&amp#27;[0m Got response with status 200: {"sessionId":"7042bdb7-4021-4554-bdbd-007c56513d50","value":{"ELEMENT":"00000000-0000-0a7f-ffff-ffff0000025e","element-6066-11e4-a52e-4f735466cecf":"00000000-0000-0a7f-ffff-ffff0000025e"}}
&amp#27;[38;5;77m[85346cc1]&amp#27;[0m&amp#27;[38;5;-51m[AndroidUiautomator2Driver@cca7]&amp#27;[0m Responding to client with driver.findElement() result: {"element-6066-11e4-a52e-4f735466cecf":"00000000-0000-0a7f-ffff-ffff0000025e","ELEMENT":"00000000-0000-0a7f-ffff-ffff0000025e"}
&amp#27;[38;5;77m[85346cc1]&amp#27;[0m&amp#27;[38;5;86m[HTTP]&amp#27;[0m &amp#27;[37m<-- POST /session/85346cc1-bc75-43dd-bd8c-7d4025396cf4/element &amp#27;[39m&amp#27;[32m200&amp#27;[39m &amp#27;[90m701 ms - 137&amp#27;[39m &amp#27;[90m&amp#27;[39m
&amp#27;[38;5;77m[85346cc1]&amp#27;[0m&amp#27;[38;5;86m[HTTP]&amp#27;[0m &amp#27;[37m-->&amp#27;[39m &amp#27;[37mPOST&amp#27;[39m &amp#27;[37m/session/85346cc1-bc75-43dd-bd8c-7d4025396cf4/element/00000000-0000-0a7f-ffff-ffff0000025e/click&amp#27;[39m &amp#27;[90m{"id":"00000000-0000-0a7f-ffff-ffff0000025e"}&amp#27;[39m
&amp#27;[38;5;77m[85346cc1]&amp#27;[0m&amp#27;[38;5;-51m[AndroidUiautomator2Driver@cca7]&amp#27;[0m Calling AppiumDriver.click() with args: ["00000000-0000-0a7f-ffff-ffff0000025e","85346cc1-bc75-43dd-bd8c-7d4025396cf4"]
&amp#27;[38;5;77m[85346cc1]&amp#27;[0m&amp#27;[38;5;-51m[AndroidUiautomator2Driver@cca7]&amp#27;[0m Matched '/element/00000000-0000-0a7f-ffff-ffff0000025e/click' to command name 'click'
&amp#27;[38;5;77m[85346cc1]&amp#27;[0m&amp#27;[38;5;-51m[AndroidUiautomator2Driver@cca7]&amp#27;[0m Proxying [POST /element/00000000-0000-0a7f-ffff-ffff0000025e/click] to [POST http://127.0.0.1:8204/session/7042bdb7-4021-4554-bdbd-007c56513d50/element/00000000-0000-0a7f-ffff-ffff0000025e/click] with body: {"element":"00000000-0000-0a7f-ffff-ffff0000025e"}
&amp#27;[38;5;77m[85346cc1]&amp#27;[0m&amp#27;[38;5;-51m[AndroidUiautomator2Driver@cca7]&amp#27;[0m Got response with status 200: {"sessionId":"7042bdb7-4021-4554-bdbd-007c56513d50","value":null}
&amp#27;[38;5;77m[85346cc1]&amp#27;[0m&amp#27;[38;5;-51m[AndroidUiautomator2Driver@cca7]&amp#27;[0m Responding to client with driver.click() result: null
&amp#27;[38;5;77m[85346cc1]&amp#27;[0m&amp#27;[38;5;86m[HTTP]&amp#27;[0m &amp#27;[37m<-- POST /session/85346cc1-bc75-43dd-bd8c-7d4025396cf4/element/00000000-0000-0a7f-ffff-ffff0000025e/click &amp#27;[39m&amp#27;[32m200&amp#27;[39m &amp#27;[90m118 ms - 14&amp#27;[39m &amp#27;[90m&amp#27;[39m
&amp#27;[38;5;77m[85346cc1]&amp#27;[0m&amp#27;[38;5;86m[HTTP]&amp#27;[0m &amp#27;[37m-->&amp#27;[39m &amp#27;[37mGET&amp#27;[39m &amp#27;[37m/session/85346cc1-bc75-43dd-bd8c-7d4025396cf4/context&amp#27;[39m &amp#27;[90m{}&amp#27;[39m
&amp#27;[38;5;77m[85346cc1]&amp#27;[0m&amp#27;[38;5;-51m[AndroidUiautomator2Driver@cca7]&amp#27;[0m Calling AppiumDriver.getCurrentContext() with args: ["85346cc1-bc75-43dd-bd8c-7d4025396cf4"]
&amp#27;[38;5;77m[85346cc1]&amp#27;[0m&amp#27;[38;5;-51m[AndroidUiautomator2Driver@cca7]&amp#27;[0m Responding to client with driver.getCurrentContext() result: "NATIVE_APP"
&amp#27;[38;5;77m[85346cc1]&amp#27;[0m&amp#27;[38;5;86m[HTTP]&amp#27;[0m &amp#27;[37m<-- GET /session/85346cc1-bc75-43dd-bd8c-7d4025396cf4/context &amp#27;[39m&amp#27;[32m200&amp#27;[39m &amp#27;[90m2 ms - 22&amp#27;[39m &amp#27;[90m&amp#27;[39m
&amp#27;[38;5;77m[85346cc1]&amp#27;[0m&amp#27;[38;5;86m[HTTP]&amp#27;[0m &amp#27;[37m-->&amp#27;[39m &amp#27;[37mPOST&amp#27;[39m &amp#27;[37m/session/85346cc1-bc75-43dd-bd8c-7d4025396cf4/element&amp#27;[39m &amp#27;[90m{"value":"com.saucelabs.mydemoapp.android:id/passwordET","using":"id"}&amp#27;[39m
&amp#27;[38;5;77m[85346cc1]&amp#27;[0m&amp#27;[38;5;-51m[AndroidUiautomator2Driver@cca7]&amp#27;[0m Calling AppiumDriver.findElement() with args: ["id","com.saucelabs.mydemoapp.android:id/passwordET","85346cc1-bc75-43dd-bd8c-7d4025396cf4"]
&amp#27;[38;5;77m[85346cc1]&amp#27;[0m&amp#27;[38;5;-51m[AndroidUiautomator2Driver@cca7]&amp#27;[0m Valid locator strategies for this request: xpath, id, class name, accessibility id, css selector, -android uiautomator
&amp#27;[38;5;77m[85346cc1]&amp#27;[0m&amp#27;[38;5;-51m[AndroidUiautomator2Driver@cca7]&amp#27;[0m Waiting up to 15000 ms for condition
&amp#27;[38;5;77m[85346cc1]&amp#27;[0m&amp#27;[38;5;-51m[AndroidUiautomator2Driver@cca7]&amp#27;[0m Matched '/element' to command name 'findElement'
&amp#27;[38;5;77m[85346cc1]&amp#27;[0m&amp#27;[38;5;-51m[AndroidUiautomator2Driver@cca7]&amp#27;[0m Proxying [POST /element] to [POST http://127.0.0.1:8204/session/7042bdb7-4021-4554-bdbd-007c56513d50/element] with body: {"strategy":"id","selector":"com.saucelabs.mydemoapp.android:id/passwordET","context":"","multiple":false}
&amp#27;[38;5;77m[85346cc1]&amp#27;[0m&amp#27;[38;5;-51m[AndroidUiautomator2Driver@cca7]&amp#27;[0m Got response with status 200: {"sessionId":"7042bdb7-4021-4554-bdbd-007c56513d50","value":{"ELEMENT":"00000000-0000-0a7f-ffff-ffff0000025e","element-6066-11e4-a52e-4f735466cecf":"00000000-0000-0a7f-ffff-ffff0000025e"}}
&amp#27;[38;5;77m[85346cc1]&amp#27;[0m&amp#27;[38;5;-51m[AndroidUiautomator2Driver@cca7]&amp#27;[0m Responding to client with driver.findElement() result: {"element-6066-11e4-a52e-4f735466cecf":"00000000-0000-0a7f-ffff-ffff0000025e","ELEMENT":"00000000-0000-0a7f-ffff-ffff0000025e"}
&amp#27;[38;5;77m[85346cc1]&amp#27;[0m&amp#27;[38;5;86m[HTTP]&amp#27;[0m &amp#27;[37m<-- POST /session/85346cc1-bc75-43dd-bd8c-7d4025396cf4/element &amp#27;[39m&amp#27;[32m200&amp#27;[39m &amp#27;[90m656 ms - 137&amp#27;[39m &amp#27;[90m&amp#27;[39m
&amp#27;[38;5;77m[85346cc1]&amp#27;[0m&amp#27;[38;5;86m[HTTP]&amp#27;[0m &amp#27;[37m-->&amp#27;[39m &amp#27;[37mPOST&amp#27;[39m &amp#27;[37m/session/85346cc1-bc75-43dd-bd8c-7d4025396cf4/element/00000000-0000-0a7f-ffff-ffff0000025e/value&amp#27;[39m &amp#27;[90m{"text":"10203040","value":["1","0","2","0","3","0","4","0"],"id":"00000000-0000-0a7f-ffff-ffff0000025e"}&amp#27;[39m
&amp#27;[38;5;77m[85346cc1]&amp#27;[0m&amp#27;[38;5;-51m[AndroidUiautomator2Driver@cca7]&amp#27;[0m Calling AppiumDriver.setValue() with args: [["1","0","2","0","3","0","4","0"],"00000000-0000-0a7f-ffff-ffff0000025e","85346cc1-bc75-43dd-bd8c-7d4025396cf4"]
&amp#27;[38;5;77m[85346cc1]&amp#27;[0m&amp#27;[38;5;-51m[AndroidUiautomator2Driver@cca7]&amp#27;[0m Matched '/element/00000000-0000-0a7f-ffff-ffff0000025e/value' to command name 'setValue'
&amp#27;[38;5;77m[85346cc1]&amp#27;[0m&amp#27;[38;5;-51m[AndroidUiautomator2Driver@cca7]&amp#27;[0m Added 'value' property ["1","0","2","0","3","0","4","0"] to 'setValue' request body
&amp#27;[38;5;77m[85346cc1]&amp#27;[0m&amp#27;[38;5;-51m[AndroidUiautomator2Driver@cca7]&amp#27;[0m Proxying [POST /element/00000000-0000-0a7f-ffff-ffff0000025e/value] to [POST http://127.0.0.1:8204/session/7042bdb7-4021-4554-bdbd-007c56513d50/element/00000000-0000-0a7f-ffff-ffff0000025e/value] with body: {"elementId":"00000000-0000-0a7f-ffff-ffff0000025e","text":"10203040","replace":false,"value":["1","0","2","0","3","0","4","0"]}
&amp#27;[38;5;77m[85346cc1]&amp#27;[0m&amp#27;[38;5;-51m[AndroidUiautomator2Driver@cca7]&amp#27;[0m Got response with status 200: {"sessionId":"7042bdb7-4021-4554-bdbd-007c56513d50","value":null}
&amp#27;[38;5;77m[85346cc1]&amp#27;[0m&amp#27;[38;5;-51m[AndroidUiautomator2Driver@cca7]&amp#27;[0m Responding to client with driver.setValue() result: null
&amp#27;[38;5;77m[85346cc1]&amp#27;[0m&amp#27;[38;5;86m[HTTP]&amp#27;[0m &amp#27;[37m<-- POST /session/85346cc1-bc75-43dd-bd8c-7d4025396cf4/element/00000000-0000-0a7f-ffff-ffff0000025e/value &amp#27;[39m&amp#27;[32m200&amp#27;[39m &amp#27;[90m83 ms - 14&amp#27;[39m &amp#27;[90m&amp#27;[39m
&amp#27;[38;5;77m[85346cc1]&amp#27;[0m&amp#27;[38;5;86m[HTTP]&amp#27;[0m &amp#27;[37m-->&amp#27;[39m &amp#27;[37mGET&amp#27;[39m &amp#27;[37m/session/85346cc1-bc75-43dd-bd8c-7d4025396cf4/context&amp#27;[39m &amp#27;[90m{}&amp#27;[39m
&amp#27;[38;5;77m[85346cc1]&amp#27;[0m&amp#27;[38;5;-51m[AndroidUiautomator2Driver@cca7]&amp#27;[0m Calling AppiumDriver.getCurrentContext() with args: ["85346cc1-bc75-43dd-bd8c-7d4025396cf4"]
&amp#27;[38;5;77m[85346cc1]&amp#27;[0m&amp#27;[38;5;-51m[AndroidUiautomator2Driver@cca7]&amp#27;[0m Responding to client with driver.getCurrentContext() result: "NATIVE_APP"
&amp#27;[38;5;77m[85346cc1]&amp#27;[0m&amp#27;[38;5;86m[HTTP]&amp#27;[0m &amp#27;[37m<-- GET /session/85346cc1-bc75-43dd-bd8c-7d4025396cf4/context &amp#27;[39m&amp#27;[32m200&amp#27;[39m &amp#27;[90m2 ms - 22&amp#27;[39m &amp#27;[90m&amp#27;[39m
&amp#27;[38;5;77m[85346cc1]&amp#27;[0m&amp#27;[38;5;86m[HTTP]&amp#27;[0m &amp#27;[37m-->&amp#27;[39m &amp#27;[37mPOST&amp#27;[39m &amp#27;[37m/session/85346cc1-bc75-43dd-bd8c-7d4025396cf4/element&amp#27;[39m &amp#27;[90m{"value":"Tap to login with given credentials","using":"accessibility id"}&amp#27;[39m
&amp#27;[38;5;77m[85346cc1]&amp#27;[0m&amp#27;[38;5;-51m[AndroidUiautomator2Driver@cca7]&amp#27;[0m Calling AppiumDriver.findElement() with args: ["accessibility id","Tap to login with given credentials","85346cc1-bc75-43dd-bd8c-7d4025396cf4"]
&amp#27;[38;5;77m[85346cc1]&amp#27;[0m&amp#27;[38;5;-51m[AndroidUiautomator2Driver@cca7]&amp#27;[0m Valid locator strategies for this request: xpath, id, class name, accessibility id, css selector, -android uiautomator
&amp#27;[38;5;77m[85346cc1]&amp#27;[0m&amp#27;[38;5;-51m[AndroidUiautomator2Driver@cca7]&amp#27;[0m Waiting up to 15000 ms for condition
&amp#27;[38;5;77m[85346cc1]&amp#27;[0m&amp#27;[38;5;-51m[AndroidUiautomator2Driver@cca7]&amp#27;[0m Matched '/element' to command name 'findElement'
&amp#27;[38;5;77m[85346cc1]&amp#27;[0m&amp#27;[38;5;-51m[AndroidUiautomator2Driver@cca7]&amp#27;[0m Proxying [POST /element] to [POST http://127.0.0.1:8204/session/7042bdb7-4021-4554-bdbd-007c56513d50/element] with body: {"strategy":"accessibility id","selector":"Tap to login with given credentials","context":"","multiple":false}
&amp#27;[38;5;77m[85346cc1]&amp#27;[0m&amp#27;[38;5;-51m[AndroidUiautomator2Driver@cca7]&amp#27;[0m Got response with status 200: {"sessionId":"7042bdb7-4021-4554-bdbd-007c56513d50","value":{"ELEMENT":"00000000-0000-0a7f-ffff-ffff00000263","element-6066-11e4-a52e-4f735466cecf":"00000000-0000-0a7f-ffff-ffff00000263"}}
&amp#27;[38;5;77m[85346cc1]&amp#27;[0m&amp#27;[38;5;-51m[AndroidUiautomator2Driver@cca7]&amp#27;[0m Responding to client with driver.findElement() result: {"element-6066-11e4-a52e-4f735466cecf":"00000000-0000-0a7f-ffff-ffff00000263","ELEMENT":"00000000-0000-0a7f-ffff-ffff00000263"}
&amp#27;[38;5;77m[85346cc1]&amp#27;[0m&amp#27;[38;5;86m[HTTP]&amp#27;[0m &amp#27;[37m<-- POST /session/85346cc1-bc75-43dd-bd8c-7d4025396cf4/element &amp#27;[39m&amp#27;[32m200&amp#27;[39m &amp#27;[90m698 ms - 137&amp#27;[39m &amp#27;[90m&amp#27;[39m
&amp#27;[38;5;77m[85346cc1]&amp#27;[0m&amp#27;[38;5;86m[HTTP]&amp#27;[0m &amp#27;[37m-->&amp#27;[39m &amp#27;[37mPOST&amp#27;[39m &amp#27;[37m/session/85346cc1-bc75-43dd-bd8c-7d4025396cf4/element/00000000-0000-0a7f-ffff-ffff00000263/click&amp#27;[39m &amp#27;[90m{"id":"00000000-0000-0a7f-ffff-ffff00000263"}&amp#27;[39m
&amp#27;[38;5;77m[85346cc1]&amp#27;[0m&amp#27;[38;5;-51m[AndroidUiautomator2Driver@cca7]&amp#27;[0m Calling AppiumDriver.click() with args: ["00000000-0000-0a7f-ffff-ffff00000263","85346cc1-bc75-43dd-bd8c-7d4025396cf4"]
&amp#27;[38;5;77m[85346cc1]&amp#27;[0m&amp#27;[38;5;-51m[AndroidUiautomator2Driver@cca7]&amp#27;[0m Matched '/element/00000000-0000-0a7f-ffff-ffff00000263/click' to command name 'click'
&amp#27;[38;5;77m[85346cc1]&amp#27;[0m&amp#27;[38;5;-51m[AndroidUiautomator2Driver@cca7]&amp#27;[0m Proxying [POST /element/00000000-0000-0a7f-ffff-ffff00000263/click] to [POST http://127.0.0.1:8204/session/7042bdb7-4021-4554-bdbd-007c56513d50/element/00000000-0000-0a7f-ffff-ffff00000263/click] with body: {"element":"00000000-0000-0a7f-ffff-ffff00000263"}
&amp#27;[38;5;77m[85346cc1]&amp#27;[0m&amp#27;[38;5;-51m[AndroidUiautomator2Driver@cca7]&amp#27;[0m Got response with status 200: {"sessionId":"7042bdb7-4021-4554-bdbd-007c56513d50","value":null}
&amp#27;[38;5;77m[85346cc1]&amp#27;[0m&amp#27;[38;5;-51m[AndroidUiautomator2Driver@cca7]&amp#27;[0m Responding to client with driver.click() result: null
&amp#27;[38;5;77m[85346cc1]&amp#27;[0m&amp#27;[38;5;86m[HTTP]&amp#27;[0m &amp#27;[37m<-- POST /session/85346cc1-bc75-43dd-bd8c-7d4025396cf4/element/00000000-0000-0a7f-ffff-ffff00000263/click &amp#27;[39m&amp#27;[32m200&amp#27;[39m &amp#27;[90m105 ms - 14&amp#27;[39m &amp#27;[90m&amp#27;[39m
&amp#27;[38;5;77m[85346cc1]&amp#27;[0m&amp#27;[38;5;86m[HTTP]&amp#27;[0m &amp#27;[37m-->&amp#27;[39m &amp#27;[37mGET&amp#27;[39m &amp#27;[37m/session/85346cc1-bc75-43dd-bd8c-7d4025396cf4/context&amp#27;[39m &amp#27;[90m{}&amp#27;[39m
&amp#27;[38;5;77m[85346cc1]&amp#27;[0m&amp#27;[38;5;-51m[AndroidUiautomator2Driver@cca7]&amp#27;[0m Calling AppiumDriver.getCurrentContext() with args: ["85346cc1-bc75-43dd-bd8c-7d4025396cf4"]
&amp#27;[38;5;77m[85346cc1]&amp#27;[0m&amp#27;[38;5;-51m[AndroidUiautomator2Driver@cca7]&amp#27;[0m Responding to client with driver.getCurrentContext() result: "NATIVE_APP"
&amp#27;[38;5;77m[85346cc1]&amp#27;[0m&amp#27;[38;5;86m[HTTP]&amp#27;[0m &amp#27;[37m<-- GET /session/85346cc1-bc75-43dd-bd8c-7d4025396cf4/context &amp#27;[39m&amp#27;[32m200&amp#27;[39m &amp#27;[90m1 ms - 22&amp#27;[39m &amp#27;[90m&amp#27;[39m
&amp#27;[38;5;77m[85346cc1]&amp#27;[0m&amp#27;[38;5;86m[HTTP]&amp#27;[0m &amp#27;[37m-->&amp#27;[39m &amp#27;[37mPOST&amp#27;[39m &amp#27;[37m/session/85346cc1-bc75-43dd-bd8c-7d4025396cf4/element&amp#27;[39m &amp#27;[90m{"value":"title","using":"accessibility id"}&amp#27;[39m
&amp#27;[38;5;77m[85346cc1]&amp#27;[0m&amp#27;[38;5;-51m[AndroidUiautomator2Driver@cca7]&amp#27;[0m Calling AppiumDriver.findElement() with args: ["accessibility id","title","85346cc1-bc75-43dd-bd8c-7d4025396cf4"]
&amp#27;[38;5;77m[85346cc1]&amp#27;[0m&amp#27;[38;5;-51m[AndroidUiautomator2Driver@cca7]&amp#27;[0m Valid locator strategies for this request: xpath, id, class name, accessibility id, css selector, -android uiautomator
&amp#27;[38;5;77m[85346cc1]&amp#27;[0m&amp#27;[38;5;-51m[AndroidUiautomator2Driver@cca7]&amp#27;[0m Waiting up to 15000 ms for condition
&amp#27;[38;5;77m[85346cc1]&amp#27;[0m&amp#27;[38;5;-51m[AndroidUiautomator2Driver@cca7]&amp#27;[0m Matched '/element' to command name 'findElement'
&amp#27;[38;5;77m[85346cc1]&amp#27;[0m&amp#27;[38;5;-51m[AndroidUiautomator2Driver@cca7]&amp#27;[0m Proxying [POST /element] to [POST http://127.0.0.1:8204/session/7042bdb7-4021-4554-bdbd-007c56513d50/element] with body: {"strategy":"accessibility id","selector":"title","context":"","multiple":false}
&amp#27;[38;5;77m[85346cc1]&amp#27;[0m&amp#27;[38;5;-51m[AndroidUiautomator2Driver@cca7]&amp#27;[0m Got response with status 200: {"sessionId":"7042bdb7-4021-4554-bdbd-007c56513d50","value":{"ELEMENT":"00000000-0000-0a82-ffff-ffff000002b1","element-6066-11e4-a52e-4f735466cecf":"00000000-0000-0a82-ffff-ffff000002b1"}}
&amp#27;[38;5;77m[85346cc1]&amp#27;[0m&amp#27;[38;5;-51m[AndroidUiautomator2Driver@cca7]&amp#27;[0m Responding to client with driver.findElement() result: {"element-6066-11e4-a52e-4f735466cecf":"00000000-0000-0a82-ffff-ffff000002b1","ELEMENT":"00000000-0000-0a82-ffff-ffff000002b1"}
&amp#27;[38;5;77m[85346cc1]&amp#27;[0m&amp#27;[38;5;86m[HTTP]&amp#27;[0m &amp#27;[37m<-- POST /session/85346cc1-bc75-43dd-bd8c-7d4025396cf4/element &amp#27;[39m&amp#27;[32m200&amp#27;[39m &amp#27;[90m1111 ms - 137&amp#27;[39m &amp#27;[90m&amp#27;[39m
&amp#27;[38;5;77m[85346cc1]&amp#27;[0m&amp#27;[38;5;86m[HTTP]&amp#27;[0m &amp#27;[37m-->&amp#27;[39m &amp#27;[37mGET&amp#27;[39m &amp#27;[37m/session/85346cc1-bc75-43dd-bd8c-7d4025396cf4/element/00000000-0000-0a82-ffff-ffff000002b1/displayed&amp#27;[39m &amp#27;[90m{}&amp#27;[39m
&amp#27;[38;5;77m[85346cc1]&amp#27;[0m&amp#27;[38;5;-51m[AndroidUiautomator2Driver@cca7]&amp#27;[0m Calling AppiumDriver.elementDisplayed() with args: ["00000000-0000-0a82-ffff-ffff000002b1","85346cc1-bc75-43dd-bd8c-7d4025396cf4"]
&amp#27;[38;5;77m[85346cc1]&amp#27;[0m&amp#27;[38;5;-51m[AndroidUiautomator2Driver@cca7]&amp#27;[0m Matched '/element/00000000-0000-0a82-ffff-ffff000002b1/attribute/displayed' to command name 'getAttribute'
&amp#27;[38;5;77m[85346cc1]&amp#27;[0m&amp#27;[38;5;-51m[AndroidUiautomator2Driver@cca7]&amp#27;[0m Proxying [GET /element/00000000-0000-0a82-ffff-ffff000002b1/attribute/displayed] to [GET http://127.0.0.1:8204/session/7042bdb7-4021-4554-bdbd-007c56513d50/element/00000000-0000-0a82-ffff-ffff000002b1/attribute/displayed] with no body
&amp#27;[38;5;77m[85346cc1]&amp#27;[0m&amp#27;[38;5;-51m[AndroidUiautomator2Driver@cca7]&amp#27;[0m Got response with status 200: {"sessionId":"7042bdb7-4021-4554-bdbd-007c56513d50","value":"true"}
&amp#27;[38;5;77m[85346cc1]&amp#27;[0m&amp#27;[38;5;-51m[AndroidUiautomator2Driver@cca7]&amp#27;[0m Responding to client with driver.elementDisplayed() result: true
&amp#27;[38;5;77m[85346cc1]&amp#27;[0m&amp#27;[38;5;86m[HTTP]&amp#27;[0m &amp#27;[37m<-- GET /session/85346cc1-bc75-43dd-bd8c-7d4025396cf4/element/00000000-0000-0a82-ffff-ffff000002b1/displayed &amp#27;[39m&amp#27;[32m200&amp#27;[39m &amp#27;[90m58 ms - 14&amp#27;[39m &amp#27;[90m&amp#27;[39m
&amp#27;[38;5;77m[85346cc1]&amp#27;[0m&amp#27;[38;5;86m[HTTP]&amp#27;[0m &amp#27;[37m-->&amp#27;[39m &amp#27;[37mGET&amp#27;[39m &amp#27;[37m/session/85346cc1-bc75-43dd-bd8c-7d4025396cf4/context&amp#27;[39m &amp#27;[90m{}&amp#27;[39m
&amp#27;[38;5;77m[85346cc1]&amp#27;[0m&amp#27;[38;5;-51m[AndroidUiautomator2Driver@cca7]&amp#27;[0m Calling AppiumDriver.getCurrentContext() with args: ["85346cc1-bc75-43dd-bd8c-7d4025396cf4"]
&amp#27;[38;5;77m[85346cc1]&amp#27;[0m&amp#27;[38;5;-51m[AndroidUiautomator2Driver@cca7]&amp#27;[0m Responding to client with driver.getCurrentContext() result: "NATIVE_APP"
&amp#27;[38;5;77m[85346cc1]&amp#27;[0m&amp#27;[38;5;86m[HTTP]&amp#27;[0m &amp#27;[37m<-- GET /session/85346cc1-bc75-43dd-bd8c-7d4025396cf4/context &amp#27;[39m&amp#27;[32m200&amp#27;[39m &amp#27;[90m2 ms - 22&amp#27;[39m &amp#27;[90m&amp#27;[39m
&amp#27;[38;5;77m[85346cc1]&amp#27;[0m&amp#27;[38;5;86m[HTTP]&amp#27;[0m &amp#27;[37m-->&amp#27;[39m &amp#27;[37mPOST&amp#27;[39m &amp#27;[37m/session/85346cc1-bc75-43dd-bd8c-7d4025396cf4/element&amp#27;[39m &amp#27;[90m{"value":"new UiSelector().resourceId(\"com.saucelabs.mydemoapp.android:id/productIV\").instance(0)","using":"-android uiautomator"}&amp#27;[39m
&amp#27;[38;5;77m[85346cc1]&amp#27;[0m&amp#27;[38;5;-51m[AndroidUiautomator2Driver@cca7]&amp#27;[0m Calling AppiumDriver.findElement() with args: ["-android uiautomator","new UiSelector().resourceId(\"com.saucelabs.mydemoapp.android:id/productIV\").instance(0)","85346cc1-bc75-43dd-bd8c-7d4025396cf4"]
&amp#27;[38;5;77m[85346cc1]&amp#27;[0m&amp#27;[38;5;-51m[AndroidUiautomator2Driver@cca7]&amp#27;[0m Valid locator strategies for this request: xpath, id, class name, accessibility id, css selector, -android uiautomator
&amp#27;[38;5;77m[85346cc1]&amp#27;[0m&amp#27;[38;5;-51m[AndroidUiautomator2Driver@cca7]&amp#27;[0m Waiting up to 15000 ms for condition
&amp#27;[38;5;77m[85346cc1]&amp#27;[0m&amp#27;[38;5;-51m[AndroidUiautomator2Driver@cca7]&amp#27;[0m Matched '/element' to command name 'findElement'
&amp#27;[38;5;77m[85346cc1]&amp#27;[0m&amp#27;[38;5;-51m[AndroidUiautomator2Driver@cca7]&amp#27;[0m Proxying [POST /element] to [POST http://127.0.0.1:8204/session/7042bdb7-4021-4554-bdbd-007c56513d50/element] with body: {"strategy":"-android uiautomator","selector":"new UiSelector().resourceId(\"com.saucelabs.mydemoapp.android:id/productIV\").instance(0)","context":"","multiple":false}
&amp#27;[38;5;77m[85346cc1]&amp#27;[0m&amp#27;[38;5;-51m[AndroidUiautomator2Driver@cca7]&amp#27;[0m Got response with status 200: {"sessionId":"7042bdb7-4021-4554-bdbd-007c56513d50","value":{"ELEMENT":"00000000-0000-0a82-ffff-ffff000002ef","element-6066-11e4-a52e-4f735466cecf":"00000000-0000-0a82-ffff-ffff000002ef"}}
&amp#27;[38;5;77m[85346cc1]&amp#27;[0m&amp#27;[38;5;-51m[AndroidUiautomator2Driver@cca7]&amp#27;[0m Responding to client with driver.findElement() result: {"element-6066-11e4-a52e-4f735466cecf":"00000000-0000-0a82-ffff-ffff000002ef","ELEMENT":"00000000-0000-0a82-ffff-ffff000002ef"}
&amp#27;[38;5;77m[85346cc1]&amp#27;[0m&amp#27;[38;5;86m[HTTP]&amp#27;[0m &amp#27;[37m<-- POST /session/85346cc1-bc75-43dd-bd8c-7d4025396cf4/element &amp#27;[39m&amp#27;[32m200&amp#27;[39m &amp#27;[90m101 ms - 137&amp#27;[39m &amp#27;[90m&amp#27;[39m
&amp#27;[38;5;77m[85346cc1]&amp#27;[0m&amp#27;[38;5;86m[HTTP]&amp#27;[0m &amp#27;[37m-->&amp#27;[39m &amp#27;[37mPOST&amp#27;[39m &amp#27;[37m/session/85346cc1-bc75-43dd-bd8c-7d4025396cf4/element/00000000-0000-0a82-ffff-ffff000002ef/click&amp#27;[39m &amp#27;[90m{"id":"00000000-0000-0a82-ffff-ffff000002ef"}&amp#27;[39m
&amp#27;[38;5;77m[85346cc1]&amp#27;[0m&amp#27;[38;5;-51m[AndroidUiautomator2Driver@cca7]&amp#27;[0m Calling AppiumDriver.click() with args: ["00000000-0000-0a82-ffff-ffff000002ef","85346cc1-bc75-43dd-bd8c-7d4025396cf4"]
&amp#27;[38;5;77m[85346cc1]&amp#27;[0m&amp#27;[38;5;-51m[AndroidUiautomator2Driver@cca7]&amp#27;[0m Matched '/element/00000000-0000-0a82-ffff-ffff000002ef/click' to command name 'click'
&amp#27;[38;5;77m[85346cc1]&amp#27;[0m&amp#27;[38;5;-51m[AndroidUiautomator2Driver@cca7]&amp#27;[0m Proxying [POST /element/00000000-0000-0a82-ffff-ffff000002ef/click] to [POST http://127.0.0.1:8204/session/7042bdb7-4021-4554-bdbd-007c56513d50/element/00000000-0000-0a82-ffff-ffff000002ef/click] with body: {"element":"00000000-0000-0a82-ffff-ffff000002ef"}
&amp#27;[38;5;77m[85346cc1]&amp#27;[0m&amp#27;[38;5;-51m[AndroidUiautomator2Driver@cca7]&amp#27;[0m Got response with status 200: {"sessionId":"7042bdb7-4021-4554-bdbd-007c56513d50","value":null}
&amp#27;[38;5;77m[85346cc1]&amp#27;[0m&amp#27;[38;5;-51m[AndroidUiautomator2Driver@cca7]&amp#27;[0m Responding to client with driver.click() result: null
&amp#27;[38;5;77m[85346cc1]&amp#27;[0m&amp#27;[38;5;86m[HTTP]&amp#27;[0m &amp#27;[37m<-- POST /session/85346cc1-bc75-43dd-bd8c-7d4025396cf4/element/00000000-0000-0a82-ffff-ffff000002ef/click &amp#27;[39m&amp#27;[32m200&amp#27;[39m &amp#27;[90m99 ms - 14&amp#27;[39m &amp#27;[90m&amp#27;[39m
&amp#27;[38;5;77m[85346cc1]&amp#27;[0m&amp#27;[38;5;86m[HTTP]&amp#27;[0m &amp#27;[37m-->&amp#27;[39m &amp#27;[37mGET&amp#27;[39m &amp#27;[37m/session/85346cc1-bc75-43dd-bd8c-7d4025396cf4/context&amp#27;[39m &amp#27;[90m{}&amp#27;[39m
&amp#27;[38;5;77m[85346cc1]&amp#27;[0m&amp#27;[38;5;-51m[AndroidUiautomator2Driver@cca7]&amp#27;[0m Calling AppiumDriver.getCurrentContext() with args: ["85346cc1-bc75-43dd-bd8c-7d4025396cf4"]
&amp#27;[38;5;77m[85346cc1]&amp#27;[0m&amp#27;[38;5;-51m[AndroidUiautomator2Driver@cca7]&amp#27;[0m Responding to client with driver.getCurrentContext() result: "NATIVE_APP"
&amp#27;[38;5;77m[85346cc1]&amp#27;[0m&amp#27;[38;5;86m[HTTP]&amp#27;[0m &amp#27;[37m<-- GET /session/85346cc1-bc75-43dd-bd8c-7d4025396cf4/context &amp#27;[39m&amp#27;[32m200&amp#27;[39m &amp#27;[90m2 ms - 22&amp#27;[39m &amp#27;[90m&amp#27;[39m
&amp#27;[38;5;77m[85346cc1]&amp#27;[0m&amp#27;[38;5;86m[HTTP]&amp#27;[0m &amp#27;[37m-->&amp#27;[39m &amp#27;[37mPOST&amp#27;[39m &amp#27;[37m/session/85346cc1-bc75-43dd-bd8c-7d4025396cf4/element&amp#27;[39m &amp#27;[90m{"value":"Increase item quantity","using":"accessibility id"}&amp#27;[39m
&amp#27;[38;5;77m[85346cc1]&amp#27;[0m&amp#27;[38;5;-51m[AndroidUiautomator2Driver@cca7]&amp#27;[0m Calling AppiumDriver.findElement() with args: ["accessibility id","Increase item quantity","85346cc1-bc75-43dd-bd8c-7d4025396cf4"]
&amp#27;[38;5;77m[85346cc1]&amp#27;[0m&amp#27;[38;5;-51m[AndroidUiautomator2Driver@cca7]&amp#27;[0m Valid locator strategies for this request: xpath, id, class name, accessibility id, css selector, -android uiautomator
&amp#27;[38;5;77m[85346cc1]&amp#27;[0m&amp#27;[38;5;-51m[AndroidUiautomator2Driver@cca7]&amp#27;[0m Waiting up to 15000 ms for condition
&amp#27;[38;5;77m[85346cc1]&amp#27;[0m&amp#27;[38;5;-51m[AndroidUiautomator2Driver@cca7]&amp#27;[0m Matched '/element' to command name 'findElement'
&amp#27;[38;5;77m[85346cc1]&amp#27;[0m&amp#27;[38;5;-51m[AndroidUiautomator2Driver@cca7]&amp#27;[0m Proxying [POST /element] to [POST http://127.0.0.1:8204/session/7042bdb7-4021-4554-bdbd-007c56513d50/element] with body: {"strategy":"accessibility id","selector":"Increase item quantity","context":"","multiple":false}
&amp#27;[38;5;77m[85346cc1]&amp#27;[0m&amp#27;[38;5;-51m[AndroidUiautomator2Driver@cca7]&amp#27;[0m Got response with status 200: {"sessionId":"7042bdb7-4021-4554-bdbd-007c56513d50","value":{"ELEMENT":"00000000-0000-0a83-ffff-ffff0000041a","element-6066-11e4-a52e-4f735466cecf":"00000000-0000-0a83-ffff-ffff0000041a"}}
&amp#27;[38;5;77m[85346cc1]&amp#27;[0m&amp#27;[38;5;-51m[AndroidUiautomator2Driver@cca7]&amp#27;[0m Responding to client with driver.findElement() result: {"element-6066-11e4-a52e-4f735466cecf":"00000000-0000-0a83-ffff-ffff0000041a","ELEMENT":"00000000-0000-0a83-ffff-ffff0000041a"}
&amp#27;[38;5;77m[85346cc1]&amp#27;[0m&amp#27;[38;5;86m[HTTP]&amp#27;[0m &amp#27;[37m<-- POST /session/85346cc1-bc75-43dd-bd8c-7d4025396cf4/element &amp#27;[39m&amp#27;[32m200&amp#27;[39m &amp#27;[90m771 ms - 137&amp#27;[39m &amp#27;[90m&amp#27;[39m
&amp#27;[38;5;77m[85346cc1]&amp#27;[0m&amp#27;[38;5;86m[HTTP]&amp#27;[0m &amp#27;[37m-->&amp#27;[39m &amp#27;[37mPOST&amp#27;[39m &amp#27;[37m/session/85346cc1-bc75-43dd-bd8c-7d4025396cf4/element/00000000-0000-0a83-ffff-ffff0000041a/click&amp#27;[39m &amp#27;[90m{"id":"00000000-0000-0a83-ffff-ffff0000041a"}&amp#27;[39m
&amp#27;[38;5;77m[85346cc1]&amp#27;[0m&amp#27;[38;5;-51m[AndroidUiautomator2Driver@cca7]&amp#27;[0m Calling AppiumDriver.click() with args: ["00000000-0000-0a83-ffff-ffff0000041a","85346cc1-bc75-43dd-bd8c-7d4025396cf4"]
&amp#27;[38;5;77m[85346cc1]&amp#27;[0m&amp#27;[38;5;-51m[AndroidUiautomator2Driver@cca7]&amp#27;[0m Matched '/element/00000000-0000-0a83-ffff-ffff0000041a/click' to command name 'click'
&amp#27;[38;5;77m[85346cc1]&amp#27;[0m&amp#27;[38;5;-51m[AndroidUiautomator2Driver@cca7]&amp#27;[0m Proxying [POST /element/00000000-0000-0a83-ffff-ffff0000041a/click] to [POST http://127.0.0.1:8204/session/7042bdb7-4021-4554-bdbd-007c56513d50/element/00000000-0000-0a83-ffff-ffff0000041a/click] with body: {"element":"00000000-0000-0a83-ffff-ffff0000041a"}
&amp#27;[38;5;77m[85346cc1]&amp#27;[0m&amp#27;[38;5;-51m[AndroidUiautomator2Driver@cca7]&amp#27;[0m Got response with status 200: {"sessionId":"7042bdb7-4021-4554-bdbd-007c56513d50","value":null}
&amp#27;[38;5;77m[85346cc1]&amp#27;[0m&amp#27;[38;5;-51m[AndroidUiautomator2Driver@cca7]&amp#27;[0m Responding to client with driver.click() result: null
&amp#27;[38;5;77m[85346cc1]&amp#27;[0m&amp#27;[38;5;86m[HTTP]&amp#27;[0m &amp#27;[37m<-- POST /session/85346cc1-bc75-43dd-bd8c-7d4025396cf4/element/00000000-0000-0a83-ffff-ffff0000041a/click &amp#27;[39m&amp#27;[32m200&amp#27;[39m &amp#27;[90m87 ms - 14&amp#27;[39m &amp#27;[90m&amp#27;[39m
&amp#27;[38;5;77m[85346cc1]&amp#27;[0m&amp#27;[38;5;86m[HTTP]&amp#27;[0m &amp#27;[37m-->&amp#27;[39m &amp#27;[37mGET&amp#27;[39m &amp#27;[37m/session/85346cc1-bc75-43dd-bd8c-7d4025396cf4/context&amp#27;[39m &amp#27;[90m{}&amp#27;[39m
&amp#27;[38;5;77m[85346cc1]&amp#27;[0m&amp#27;[38;5;-51m[AndroidUiautomator2Driver@cca7]&amp#27;[0m Calling AppiumDriver.getCurrentContext() with args: ["85346cc1-bc75-43dd-bd8c-7d4025396cf4"]
&amp#27;[38;5;77m[85346cc1]&amp#27;[0m&amp#27;[38;5;-51m[AndroidUiautomator2Driver@cca7]&amp#27;[0m Responding to client with driver.getCurrentContext() result: "NATIVE_APP"
&amp#27;[38;5;77m[85346cc1]&amp#27;[0m&amp#27;[38;5;86m[HTTP]&amp#27;[0m &amp#27;[37m<-- GET /session/85346cc1-bc75-43dd-bd8c-7d4025396cf4/context &amp#27;[39m&amp#27;[32m200&amp#27;[39m &amp#27;[90m4 ms - 22&amp#27;[39m &amp#27;[90m&amp#27;[39m
&amp#27;[38;5;77m[85346cc1]&amp#27;[0m&amp#27;[38;5;86m[HTTP]&amp#27;[0m &amp#27;[37m-->&amp#27;[39m &amp#27;[37mPOST&amp#27;[39m &amp#27;[37m/session/85346cc1-bc75-43dd-bd8c-7d4025396cf4/element&amp#27;[39m &amp#27;[90m{"value":"Increase item quantity","using":"accessibility id"}&amp#27;[39m
&amp#27;[38;5;77m[85346cc1]&amp#27;[0m&amp#27;[38;5;-51m[AndroidUiautomator2Driver@cca7]&amp#27;[0m Calling AppiumDriver.findElement() with args: ["accessibility id","Increase item quantity","85346cc1-bc75-43dd-bd8c-7d4025396cf4"]
&amp#27;[38;5;77m[85346cc1]&amp#27;[0m&amp#27;[38;5;-51m[AndroidUiautomator2Driver@cca7]&amp#27;[0m Valid locator strategies for this request: xpath, id, class name, accessibility id, css selector, -android uiautomator
&amp#27;[38;5;77m[85346cc1]&amp#27;[0m&amp#27;[38;5;-51m[AndroidUiautomator2Driver@cca7]&amp#27;[0m Waiting up to 15000 ms for condition
&amp#27;[38;5;77m[85346cc1]&amp#27;[0m&amp#27;[38;5;-51m[AndroidUiautomator2Driver@cca7]&amp#27;[0m Matched '/element' to command name 'findElement'
&amp#27;[38;5;77m[85346cc1]&amp#27;[0m&amp#27;[38;5;-51m[AndroidUiautomator2Driver@cca7]&amp#27;[0m Proxying [POST /element] to [POST http://127.0.0.1:8204/session/7042bdb7-4021-4554-bdbd-007c56513d50/element] with body: {"strategy":"accessibility id","selector":"Increase item quantity","context":"","multiple":false}
&amp#27;[38;5;77m[85346cc1]&amp#27;[0m&amp#27;[38;5;-51m[AndroidUiautomator2Driver@cca7]&amp#27;[0m Got response with status 200: {"sessionId":"7042bdb7-4021-4554-bdbd-007c56513d50","value":{"ELEMENT":"00000000-0000-0a83-ffff-ffff0000041a","element-6066-11e4-a52e-4f735466cecf":"00000000-0000-0a83-ffff-ffff0000041a"}}
&amp#27;[38;5;77m[85346cc1]&amp#27;[0m&amp#27;[38;5;-51m[AndroidUiautomator2Driver@cca7]&amp#27;[0m Responding to client with driver.findElement() result: {"element-6066-11e4-a52e-4f735466cecf":"00000000-0000-0a83-ffff-ffff0000041a","ELEMENT":"00000000-0000-0a83-ffff-ffff0000041a"}
&amp#27;[38;5;77m[85346cc1]&amp#27;[0m&amp#27;[38;5;86m[HTTP]&amp#27;[0m &amp#27;[37m<-- POST /session/85346cc1-bc75-43dd-bd8c-7d4025396cf4/element &amp#27;[39m&amp#27;[32m200&amp#27;[39m &amp#27;[90m733 ms - 137&amp#27;[39m &amp#27;[90m&amp#27;[39m
&amp#27;[38;5;77m[85346cc1]&amp#27;[0m&amp#27;[38;5;86m[HTTP]&amp#27;[0m &amp#27;[37m-->&amp#27;[39m &amp#27;[37mPOST&amp#27;[39m &amp#27;[37m/session/85346cc1-bc75-43dd-bd8c-7d4025396cf4/element/00000000-0000-0a83-ffff-ffff0000041a/click&amp#27;[39m &amp#27;[90m{"id":"00000000-0000-0a83-ffff-ffff0000041a"}&amp#27;[39m
&amp#27;[38;5;77m[85346cc1]&amp#27;[0m&amp#27;[38;5;-51m[AndroidUiautomator2Driver@cca7]&amp#27;[0m Calling AppiumDriver.click() with args: ["00000000-0000-0a83-ffff-ffff0000041a","85346cc1-bc75-43dd-bd8c-7d4025396cf4"]
&amp#27;[38;5;77m[85346cc1]&amp#27;[0m&amp#27;[38;5;-51m[AndroidUiautomator2Driver@cca7]&amp#27;[0m Matched '/element/00000000-0000-0a83-ffff-ffff0000041a/click' to command name 'click'
&amp#27;[38;5;77m[85346cc1]&amp#27;[0m&amp#27;[38;5;-51m[AndroidUiautomator2Driver@cca7]&amp#27;[0m Proxying [POST /element/00000000-0000-0a83-ffff-ffff0000041a/click] to [POST http://127.0.0.1:8204/session/7042bdb7-4021-4554-bdbd-007c56513d50/element/00000000-0000-0a83-ffff-ffff0000041a/click] with body: {"element":"00000000-0000-0a83-ffff-ffff0000041a"}
&amp#27;[38;5;77m[85346cc1]&amp#27;[0m&amp#27;[38;5;-51m[AndroidUiautomator2Driver@cca7]&amp#27;[0m Got response with status 200: {"sessionId":"7042bdb7-4021-4554-bdbd-007c56513d50","value":null}
&amp#27;[38;5;77m[85346cc1]&amp#27;[0m&amp#27;[38;5;-51m[AndroidUiautomator2Driver@cca7]&amp#27;[0m Responding to client with driver.click() result: null
&amp#27;[38;5;77m[85346cc1]&amp#27;[0m&amp#27;[38;5;86m[HTTP]&amp#27;[0m &amp#27;[37m<-- POST /session/85346cc1-bc75-43dd-bd8c-7d4025396cf4/element/00000000-0000-0a83-ffff-ffff0000041a/click &amp#27;[39m&amp#27;[32m200&amp#27;[39m &amp#27;[90m104 ms - 14&amp#27;[39m &amp#27;[90m&amp#27;[39m
&amp#27;[38;5;77m[85346cc1]&amp#27;[0m&amp#27;[38;5;86m[HTTP]&amp#27;[0m &amp#27;[37m-->&amp#27;[39m &amp#27;[37mGET&amp#27;[39m &amp#27;[37m/session/85346cc1-bc75-43dd-bd8c-7d4025396cf4/context&amp#27;[39m &amp#27;[90m{}&amp#27;[39m
&amp#27;[38;5;77m[85346cc1]&amp#27;[0m&amp#27;[38;5;-51m[AndroidUiautomator2Driver@cca7]&amp#27;[0m Calling AppiumDriver.getCurrentContext() with args: ["85346cc1-bc75-43dd-bd8c-7d4025396cf4"]
&amp#27;[38;5;77m[85346cc1]&amp#27;[0m&amp#27;[38;5;-51m[AndroidUiautomator2Driver@cca7]&amp#27;[0m Responding to client with driver.getCurrentContext() result: "NATIVE_APP"
&amp#27;[38;5;77m[85346cc1]&amp#27;[0m&amp#27;[38;5;86m[HTTP]&amp#27;[0m &amp#27;[37m<-- GET /session/85346cc1-bc75-43dd-bd8c-7d4025396cf4/context &amp#27;[39m&amp#27;[32m200&amp#27;[39m &amp#27;[90m2 ms - 22&amp#27;[39m &amp#27;[90m&amp#27;[39m
&amp#27;[38;5;77m[85346cc1]&amp#27;[0m&amp#27;[38;5;86m[HTTP]&amp#27;[0m &amp#27;[37m-->&amp#27;[39m &amp#27;[37mPOST&amp#27;[39m &amp#27;[37m/session/85346cc1-bc75-43dd-bd8c-7d4025396cf4/element&amp#27;[39m &amp#27;[90m{"value":"Tap to add product to cart","using":"accessibility id"}&amp#27;[39m
&amp#27;[38;5;77m[85346cc1]&amp#27;[0m&amp#27;[38;5;-51m[AndroidUiautomator2Driver@cca7]&amp#27;[0m Calling AppiumDriver.findElement() with args: ["accessibility id","Tap to add product to cart","85346cc1-bc75-43dd-bd8c-7d4025396cf4"]
&amp#27;[38;5;77m[85346cc1]&amp#27;[0m&amp#27;[38;5;-51m[AndroidUiautomator2Driver@cca7]&amp#27;[0m Valid locator strategies for this request: xpath, id, class name, accessibility id, css selector, -android uiautomator
&amp#27;[38;5;77m[85346cc1]&amp#27;[0m&amp#27;[38;5;-51m[AndroidUiautomator2Driver@cca7]&amp#27;[0m Waiting up to 15000 ms for condition
&amp#27;[38;5;77m[85346cc1]&amp#27;[0m&amp#27;[38;5;-51m[AndroidUiautomator2Driver@cca7]&amp#27;[0m Matched '/element' to command name 'findElement'
&amp#27;[38;5;77m[85346cc1]&amp#27;[0m&amp#27;[38;5;-51m[AndroidUiautomator2Driver@cca7]&amp#27;[0m Proxying [POST /element] to [POST http://127.0.0.1:8204/session/7042bdb7-4021-4554-bdbd-007c56513d50/element] with body: {"strategy":"accessibility id","selector":"Tap to add product to cart","context":"","multiple":false}
&amp#27;[38;5;77m[85346cc1]&amp#27;[0m&amp#27;[38;5;-51m[AndroidUiautomator2Driver@cca7]&amp#27;[0m Got response with status 200: {"sessionId":"7042bdb7-4021-4554-bdbd-007c56513d50","value":{"ELEMENT":"00000000-0000-0a83-ffff-ffff0000041b","element-6066-11e4-a52e-4f735466cecf":"00000000-0000-0a83-ffff-ffff0000041b"}}
&amp#27;[38;5;77m[85346cc1]&amp#27;[0m&amp#27;[38;5;-51m[AndroidUiautomator2Driver@cca7]&amp#27;[0m Responding to client with driver.findElement() result: {"element-6066-11e4-a52e-4f735466cecf":"00000000-0000-0a83-ffff-ffff0000041b","ELEMENT":"00000000-0000-0a83-ffff-ffff0000041b"}
&amp#27;[38;5;77m[85346cc1]&amp#27;[0m&amp#27;[38;5;86m[HTTP]&amp#27;[0m &amp#27;[37m<-- POST /session/85346cc1-bc75-43dd-bd8c-7d4025396cf4/element &amp#27;[39m&amp#27;[32m200&amp#27;[39m &amp#27;[90m757 ms - 137&amp#27;[39m &amp#27;[90m&amp#27;[39m
&amp#27;[38;5;77m[85346cc1]&amp#27;[0m&amp#27;[38;5;86m[HTTP]&amp#27;[0m &amp#27;[37m-->&amp#27;[39m &amp#27;[37mPOST&amp#27;[39m &amp#27;[37m/session/85346cc1-bc75-43dd-bd8c-7d4025396cf4/element/00000000-0000-0a83-ffff-ffff0000041b/click&amp#27;[39m &amp#27;[90m{"id":"00000000-0000-0a83-ffff-ffff0000041b"}&amp#27;[39m
&amp#27;[38;5;77m[85346cc1]&amp#27;[0m&amp#27;[38;5;-51m[AndroidUiautomator2Driver@cca7]&amp#27;[0m Calling AppiumDriver.click() with args: ["00000000-0000-0a83-ffff-ffff0000041b","85346cc1-bc75-43dd-bd8c-7d4025396cf4"]
&amp#27;[38;5;77m[85346cc1]&amp#27;[0m&amp#27;[38;5;-51m[AndroidUiautomator2Driver@cca7]&amp#27;[0m Matched '/element/00000000-0000-0a83-ffff-ffff0000041b/click' to command name 'click'
&amp#27;[38;5;77m[85346cc1]&amp#27;[0m&amp#27;[38;5;-51m[AndroidUiautomator2Driver@cca7]&amp#27;[0m Proxying [POST /element/00000000-0000-0a83-ffff-ffff0000041b/click] to [POST http://127.0.0.1:8204/session/7042bdb7-4021-4554-bdbd-007c56513d50/element/00000000-0000-0a83-ffff-ffff0000041b/click] with body: {"element":"00000000-0000-0a83-ffff-ffff0000041b"}
&amp#27;[38;5;77m[85346cc1]&amp#27;[0m&amp#27;[38;5;-51m[AndroidUiautomator2Driver@cca7]&amp#27;[0m Got response with status 200: {"sessionId":"7042bdb7-4021-4554-bdbd-007c56513d50","value":null}
&amp#27;[38;5;77m[85346cc1]&amp#27;[0m&amp#27;[38;5;-51m[AndroidUiautomator2Driver@cca7]&amp#27;[0m Responding to client with driver.click() result: null
&amp#27;[38;5;77m[85346cc1]&amp#27;[0m&amp#27;[38;5;86m[HTTP]&amp#27;[0m &amp#27;[37m<-- POST /session/85346cc1-bc75-43dd-bd8c-7d4025396cf4/element/00000000-0000-0a83-ffff-ffff0000041b/click &amp#27;[39m&amp#27;[32m200&amp#27;[39m &amp#27;[90m98 ms - 14&amp#27;[39m &amp#27;[90m&amp#27;[39m
&amp#27;[38;5;77m[85346cc1]&amp#27;[0m&amp#27;[38;5;86m[HTTP]&amp#27;[0m &amp#27;[37m-->&amp#27;[39m &amp#27;[37mGET&amp#27;[39m &amp#27;[37m/session/85346cc1-bc75-43dd-bd8c-7d4025396cf4/context&amp#27;[39m &amp#27;[90m{}&amp#27;[39m
&amp#27;[38;5;77m[85346cc1]&amp#27;[0m&amp#27;[38;5;-51m[AndroidUiautomator2Driver@cca7]&amp#27;[0m Calling AppiumDriver.getCurrentContext() with args: ["85346cc1-bc75-43dd-bd8c-7d4025396cf4"]
&amp#27;[38;5;77m[85346cc1]&amp#27;[0m&amp#27;[38;5;-51m[AndroidUiautomator2Driver@cca7]&amp#27;[0m Responding to client with driver.getCurrentContext() result: "NATIVE_APP"
&amp#27;[38;5;77m[85346cc1]&amp#27;[0m&amp#27;[38;5;86m[HTTP]&amp#27;[0m &amp#27;[37m<-- GET /session/85346cc1-bc75-43dd-bd8c-7d4025396cf4/context &amp#27;[39m&amp#27;[32m200&amp#27;[39m &amp#27;[90m2 ms - 22&amp#27;[39m &amp#27;[90m&amp#27;[39m
&amp#27;[38;5;77m[85346cc1]&amp#27;[0m&amp#27;[38;5;86m[HTTP]&amp#27;[0m &amp#27;[37m-->&amp#27;[39m &amp#27;[37mPOST&amp#27;[39m &amp#27;[37m/session/85346cc1-bc75-43dd-bd8c-7d4025396cf4/element&amp#27;[39m &amp#27;[90m{"value":"com.saucelabs.mydemoapp.android:id/cartIV","using":"id"}&amp#27;[39m
&amp#27;[38;5;77m[85346cc1]&amp#27;[0m&amp#27;[38;5;-51m[AndroidUiautomator2Driver@cca7]&amp#27;[0m Calling AppiumDriver.findElement() with args: ["id","com.saucelabs.mydemoapp.android:id/cartIV","85346cc1-bc75-43dd-bd8c-7d4025396cf4"]
&amp#27;[38;5;77m[85346cc1]&amp#27;[0m&amp#27;[38;5;-51m[AndroidUiautomator2Driver@cca7]&amp#27;[0m Valid locator strategies for this request: xpath, id, class name, accessibility id, css selector, -android uiautomator
&amp#27;[38;5;77m[85346cc1]&amp#27;[0m&amp#27;[38;5;-51m[AndroidUiautomator2Driver@cca7]&amp#27;[0m Waiting up to 15000 ms for condition
&amp#27;[38;5;77m[85346cc1]&amp#27;[0m&amp#27;[38;5;-51m[AndroidUiautomator2Driver@cca7]&amp#27;[0m Matched '/element' to command name 'findElement'
&amp#27;[38;5;77m[85346cc1]&amp#27;[0m&amp#27;[38;5;-51m[AndroidUiautomator2Driver@cca7]&amp#27;[0m Proxying [POST /element] to [POST http://127.0.0.1:8204/session/7042bdb7-4021-4554-bdbd-007c56513d50/element] with body: {"strategy":"id","selector":"com.saucelabs.mydemoapp.android:id/cartIV","context":"","multiple":false}
&amp#27;[38;5;77m[85346cc1]&amp#27;[0m&amp#27;[38;5;-51m[AndroidUiautomator2Driver@cca7]&amp#27;[0m Got response with status 200: {"sessionId":"7042bdb7-4021-4554-bdbd-007c56513d50","value":{"ELEMENT":"00000000-0000-0a83-ffff-ffff00000402","element-6066-11e4-a52e-4f735466cecf":"00000000-0000-0a83-ffff-ffff00000402"}}
&amp#27;[38;5;77m[85346cc1]&amp#27;[0m&amp#27;[38;5;-51m[AndroidUiautomator2Driver@cca7]&amp#27;[0m Responding to client with driver.findElement() result: {"element-6066-11e4-a52e-4f735466cecf":"00000000-0000-0a83-ffff-ffff00000402","ELEMENT":"00000000-0000-0a83-ffff-ffff00000402"}
&amp#27;[38;5;77m[85346cc1]&amp#27;[0m&amp#27;[38;5;86m[HTTP]&amp#27;[0m &amp#27;[37m<-- POST /session/85346cc1-bc75-43dd-bd8c-7d4025396cf4/element &amp#27;[39m&amp#27;[32m200&amp#27;[39m &amp#27;[90m520 ms - 137&amp#27;[39m &amp#27;[90m&amp#27;[39m
&amp#27;[38;5;77m[85346cc1]&amp#27;[0m&amp#27;[38;5;86m[HTTP]&amp#27;[0m &amp#27;[37m-->&amp#27;[39m &amp#27;[37mPOST&amp#27;[39m &amp#27;[37m/session/85346cc1-bc75-43dd-bd8c-7d4025396cf4/element/00000000-0000-0a83-ffff-ffff00000402/click&amp#27;[39m &amp#27;[90m{"id":"00000000-0000-0a83-ffff-ffff00000402"}&amp#27;[39m
&amp#27;[38;5;77m[85346cc1]&amp#27;[0m&amp#27;[38;5;-51m[AndroidUiautomator2Driver@cca7]&amp#27;[0m Calling AppiumDriver.click() with args: ["00000000-0000-0a83-ffff-ffff00000402","85346cc1-bc75-43dd-bd8c-7d4025396cf4"]
&amp#27;[38;5;77m[85346cc1]&amp#27;[0m&amp#27;[38;5;-51m[AndroidUiautomator2Driver@cca7]&amp#27;[0m Matched '/element/00000000-0000-0a83-ffff-ffff00000402/click' to command name 'click'
&amp#27;[38;5;77m[85346cc1]&amp#27;[0m&amp#27;[38;5;-51m[AndroidUiautomator2Driver@cca7]&amp#27;[0m Proxying [POST /element/00000000-0000-0a83-ffff-ffff00000402/click] to [POST http://127.0.0.1:8204/session/7042bdb7-4021-4554-bdbd-007c56513d50/element/00000000-0000-0a83-ffff-ffff00000402/click] with body: {"element":"00000000-0000-0a83-ffff-ffff00000402"}
&amp#27;[38;5;77m[85346cc1]&amp#27;[0m&amp#27;[38;5;-51m[AndroidUiautomator2Driver@cca7]&amp#27;[0m Got response with status 200: {"sessionId":"7042bdb7-4021-4554-bdbd-007c56513d50","value":null}
&amp#27;[38;5;77m[85346cc1]&amp#27;[0m&amp#27;[38;5;-51m[AndroidUiautomator2Driver@cca7]&amp#27;[0m Responding to client with driver.click() result: null
&amp#27;[38;5;77m[85346cc1]&amp#27;[0m&amp#27;[38;5;86m[HTTP]&amp#27;[0m &amp#27;[37m<-- POST /session/85346cc1-bc75-43dd-bd8c-7d4025396cf4/element/00000000-0000-0a83-ffff-ffff00000402/click &amp#27;[39m&amp#27;[32m200&amp#27;[39m &amp#27;[90m76 ms - 14&amp#27;[39m &amp#27;[90m&amp#27;[39m
&amp#27;[38;5;77m[85346cc1]&amp#27;[0m&amp#27;[38;5;86m[HTTP]&amp#27;[0m &amp#27;[37m-->&amp#27;[39m &amp#27;[37mGET&amp#27;[39m &amp#27;[37m/session/85346cc1-bc75-43dd-bd8c-7d4025396cf4/context&amp#27;[39m &amp#27;[90m{}&amp#27;[39m
&amp#27;[38;5;77m[85346cc1]&amp#27;[0m&amp#27;[38;5;-51m[AndroidUiautomator2Driver@cca7]&amp#27;[0m Calling AppiumDriver.getCurrentContext() with args: ["85346cc1-bc75-43dd-bd8c-7d4025396cf4"]
&amp#27;[38;5;77m[85346cc1]&amp#27;[0m&amp#27;[38;5;-51m[AndroidUiautomator2Driver@cca7]&amp#27;[0m Responding to client with driver.getCurrentContext() result: "NATIVE_APP"
&amp#27;[38;5;77m[85346cc1]&amp#27;[0m&amp#27;[38;5;86m[HTTP]&amp#27;[0m &amp#27;[37m<-- GET /session/85346cc1-bc75-43dd-bd8c-7d4025396cf4/context &amp#27;[39m&amp#27;[32m200&amp#27;[39m &amp#27;[90m3 ms - 22&amp#27;[39m &amp#27;[90m&amp#27;[39m
&amp#27;[38;5;77m[85346cc1]&amp#27;[0m&amp#27;[38;5;86m[HTTP]&amp#27;[0m &amp#27;[37m-->&amp#27;[39m &amp#27;[37mPOST&amp#27;[39m &amp#27;[37m/session/85346cc1-bc75-43dd-bd8c-7d4025396cf4/element&amp#27;[39m &amp#27;[90m{"value":"com.saucelabs.mydemoapp.android:id/productTV","using":"id"}&amp#27;[39m
&amp#27;[38;5;77m[85346cc1]&amp#27;[0m&amp#27;[38;5;-51m[AndroidUiautomator2Driver@cca7]&amp#27;[0m Calling AppiumDriver.findElement() with args: ["id","com.saucelabs.mydemoapp.android:id/productTV","85346cc1-bc75-43dd-bd8c-7d4025396cf4"]
&amp#27;[38;5;77m[85346cc1]&amp#27;[0m&amp#27;[38;5;-51m[AndroidUiautomator2Driver@cca7]&amp#27;[0m Valid locator strategies for this request: xpath, id, class name, accessibility id, css selector, -android uiautomator
&amp#27;[38;5;77m[85346cc1]&amp#27;[0m&amp#27;[38;5;-51m[AndroidUiautomator2Driver@cca7]&amp#27;[0m Waiting up to 15000 ms for condition
&amp#27;[38;5;77m[85346cc1]&amp#27;[0m&amp#27;[38;5;-51m[AndroidUiautomator2Driver@cca7]&amp#27;[0m Matched '/element' to command name 'findElement'
&amp#27;[38;5;77m[85346cc1]&amp#27;[0m&amp#27;[38;5;-51m[AndroidUiautomator2Driver@cca7]&amp#27;[0m Proxying [POST /element] to [POST http://127.0.0.1:8204/session/7042bdb7-4021-4554-bdbd-007c56513d50/element] with body: {"strategy":"id","selector":"com.saucelabs.mydemoapp.android:id/productTV","context":"","multiple":false}
&amp#27;[38;5;77m[85346cc1]&amp#27;[0m&amp#27;[38;5;-51m[AndroidUiautomator2Driver@cca7]&amp#27;[0m Got response with status 200: {"sessionId":"7042bdb7-4021-4554-bdbd-007c56513d50","value":{"ELEMENT":"00000000-0000-0a84-ffff-ffff0000047b","element-6066-11e4-a52e-4f735466cecf":"00000000-0000-0a84-ffff-ffff0000047b"}}
&amp#27;[38;5;77m[85346cc1]&amp#27;[0m&amp#27;[38;5;-51m[AndroidUiautomator2Driver@cca7]&amp#27;[0m Responding to client with driver.findElement() result: {"element-6066-11e4-a52e-4f735466cecf":"00000000-0000-0a84-ffff-ffff0000047b","ELEMENT":"00000000-0000-0a84-ffff-ffff0000047b"}
&amp#27;[38;5;77m[85346cc1]&amp#27;[0m&amp#27;[38;5;86m[HTTP]&amp#27;[0m &amp#27;[37m<-- POST /session/85346cc1-bc75-43dd-bd8c-7d4025396cf4/element &amp#27;[39m&amp#27;[32m200&amp#27;[39m &amp#27;[90m699 ms - 137&amp#27;[39m &amp#27;[90m&amp#27;[39m
&amp#27;[38;5;77m[85346cc1]&amp#27;[0m&amp#27;[38;5;86m[HTTP]&amp#27;[0m &amp#27;[37m-->&amp#27;[39m &amp#27;[37mGET&amp#27;[39m &amp#27;[37m/session/85346cc1-bc75-43dd-bd8c-7d4025396cf4/element/00000000-0000-0a84-ffff-ffff0000047b/displayed&amp#27;[39m &amp#27;[90m{}&amp#27;[39m
&amp#27;[38;5;77m[85346cc1]&amp#27;[0m&amp#27;[38;5;-51m[AndroidUiautomator2Driver@cca7]&amp#27;[0m Calling AppiumDriver.elementDisplayed() with args: ["00000000-0000-0a84-ffff-ffff0000047b","85346cc1-bc75-43dd-bd8c-7d4025396cf4"]
&amp#27;[38;5;77m[85346cc1]&amp#27;[0m&amp#27;[38;5;-51m[AndroidUiautomator2Driver@cca7]&amp#27;[0m Matched '/element/00000000-0000-0a84-ffff-ffff0000047b/attribute/displayed' to command name 'getAttribute'
&amp#27;[38;5;77m[85346cc1]&amp#27;[0m&amp#27;[38;5;-51m[AndroidUiautomator2Driver@cca7]&amp#27;[0m Proxying [GET /element/00000000-0000-0a84-ffff-ffff0000047b/attribute/displayed] to [GET http://127.0.0.1:8204/session/7042bdb7-4021-4554-bdbd-007c56513d50/element/00000000-0000-0a84-ffff-ffff0000047b/attribute/displayed] with no body
&amp#27;[38;5;77m[85346cc1]&amp#27;[0m&amp#27;[38;5;-51m[AndroidUiautomator2Driver@cca7]&amp#27;[0m Got response with status 200: {"sessionId":"7042bdb7-4021-4554-bdbd-007c56513d50","value":"true"}
&amp#27;[38;5;77m[85346cc1]&amp#27;[0m&amp#27;[38;5;-51m[AndroidUiautomator2Driver@cca7]&amp#27;[0m Responding to client with driver.elementDisplayed() result: true
&amp#27;[38;5;77m[85346cc1]&amp#27;[0m&amp#27;[38;5;86m[HTTP]&amp#27;[0m &amp#27;[37m<-- GET /session/85346cc1-bc75-43dd-bd8c-7d4025396cf4/element/00000000-0000-0a84-ffff-ffff0000047b/displayed &amp#27;[39m&amp#27;[32m200&amp#27;[39m &amp#27;[90m45 ms - 14&amp#27;[39m &amp#27;[90m&amp#27;[39m
&amp#27;[38;5;77m[85346cc1]&amp#27;[0m&amp#27;[38;5;86m[HTTP]&amp#27;[0m &amp#27;[37m-->&amp#27;[39m &amp#27;[37mGET&amp#27;[39m &amp#27;[37m/session/85346cc1-bc75-43dd-bd8c-7d4025396cf4/context&amp#27;[39m &amp#27;[90m{}&amp#27;[39m
&amp#27;[38;5;77m[85346cc1]&amp#27;[0m&amp#27;[38;5;-51m[AndroidUiautomator2Driver@cca7]&amp#27;[0m Calling AppiumDriver.getCurrentContext() with args: ["85346cc1-bc75-43dd-bd8c-7d4025396cf4"]
&amp#27;[38;5;77m[85346cc1]&amp#27;[0m&amp#27;[38;5;-51m[AndroidUiautomator2Driver@cca7]&amp#27;[0m Responding to client with driver.getCurrentContext() result: "NATIVE_APP"
&amp#27;[38;5;77m[85346cc1]&amp#27;[0m&amp#27;[38;5;86m[HTTP]&amp#27;[0m &amp#27;[37m<-- GET /session/85346cc1-bc75-43dd-bd8c-7d4025396cf4/context &amp#27;[39m&amp#27;[32m200&amp#27;[39m &amp#27;[90m1 ms - 22&amp#27;[39m &amp#27;[90m&amp#27;[39m
&amp#27;[38;5;77m[85346cc1]&amp#27;[0m&amp#27;[38;5;86m[HTTP]&amp#27;[0m &amp#27;[37m-->&amp#27;[39m &amp#27;[37mPOST&amp#27;[39m &amp#27;[37m/session/85346cc1-bc75-43dd-bd8c-7d4025396cf4/element&amp#27;[39m &amp#27;[90m{"value":"View menu","using":"accessibility id"}&amp#27;[39m
&amp#27;[38;5;77m[85346cc1]&amp#27;[0m&amp#27;[38;5;-51m[AndroidUiautomator2Driver@cca7]&amp#27;[0m Calling AppiumDriver.findElement() with args: ["accessibility id","View menu","85346cc1-bc75-43dd-bd8c-7d4025396cf4"]
&amp#27;[38;5;77m[85346cc1]&amp#27;[0m&amp#27;[38;5;-51m[AndroidUiautomator2Driver@cca7]&amp#27;[0m Valid locator strategies for this request: xpath, id, class name, accessibility id, css selector, -android uiautomator
&amp#27;[38;5;77m[85346cc1]&amp#27;[0m&amp#27;[38;5;-51m[AndroidUiautomator2Driver@cca7]&amp#27;[0m Waiting up to 15000 ms for condition
&amp#27;[38;5;77m[85346cc1]&amp#27;[0m&amp#27;[38;5;-51m[AndroidUiautomator2Driver@cca7]&amp#27;[0m Matched '/element' to command name 'findElement'
&amp#27;[38;5;77m[85346cc1]&amp#27;[0m&amp#27;[38;5;-51m[AndroidUiautomator2Driver@cca7]&amp#27;[0m Proxying [POST /element] to [POST http://127.0.0.1:8204/session/7042bdb7-4021-4554-bdbd-007c56513d50/element] with body: {"strategy":"accessibility id","selector":"View menu","context":"","multiple":false}
&amp#27;[38;5;77m[85346cc1]&amp#27;[0m&amp#27;[38;5;-51m[AndroidUiautomator2Driver@cca7]&amp#27;[0m Got response with status 200: {"sessionId":"7042bdb7-4021-4554-bdbd-007c56513d50","value":{"ELEMENT":"00000000-0000-0a84-ffff-ffff00000467","element-6066-11e4-a52e-4f735466cecf":"00000000-0000-0a84-ffff-ffff00000467"}}
&amp#27;[38;5;77m[85346cc1]&amp#27;[0m&amp#27;[38;5;-51m[AndroidUiautomator2Driver@cca7]&amp#27;[0m Responding to client with driver.findElement() result: {"element-6066-11e4-a52e-4f735466cecf":"00000000-0000-0a84-ffff-ffff00000467","ELEMENT":"00000000-0000-0a84-ffff-ffff00000467"}
&amp#27;[38;5;77m[85346cc1]&amp#27;[0m&amp#27;[38;5;86m[HTTP]&amp#27;[0m &amp#27;[37m<-- POST /session/85346cc1-bc75-43dd-bd8c-7d4025396cf4/element &amp#27;[39m&amp#27;[32m200&amp#27;[39m &amp#27;[90m57 ms - 137&amp#27;[39m &amp#27;[90m&amp#27;[39m
&amp#27;[38;5;77m[85346cc1]&amp#27;[0m&amp#27;[38;5;86m[HTTP]&amp#27;[0m &amp#27;[37m-->&amp#27;[39m &amp#27;[37mPOST&amp#27;[39m &amp#27;[37m/session/85346cc1-bc75-43dd-bd8c-7d4025396cf4/element/00000000-0000-0a84-ffff-ffff00000467/click&amp#27;[39m &amp#27;[90m{"id":"00000000-0000-0a84-ffff-ffff00000467"}&amp#27;[39m
&amp#27;[38;5;77m[85346cc1]&amp#27;[0m&amp#27;[38;5;-51m[AndroidUiautomator2Driver@cca7]&amp#27;[0m Calling AppiumDriver.click() with args: ["00000000-0000-0a84-ffff-ffff00000467","85346cc1-bc75-43dd-bd8c-7d4025396cf4"]
&amp#27;[38;5;77m[85346cc1]&amp#27;[0m&amp#27;[38;5;-51m[AndroidUiautomator2Driver@cca7]&amp#27;[0m Matched '/element/00000000-0000-0a84-ffff-ffff00000467/click' to command name 'click'
&amp#27;[38;5;77m[85346cc1]&amp#27;[0m&amp#27;[38;5;-51m[AndroidUiautomator2Driver@cca7]&amp#27;[0m Proxying [POST /element/00000000-0000-0a84-ffff-ffff00000467/click] to [POST http://127.0.0.1:8204/session/7042bdb7-4021-4554-bdbd-007c56513d50/element/00000000-0000-0a84-ffff-ffff00000467/click] with body: {"element":"00000000-0000-0a84-ffff-ffff00000467"}
&amp#27;[38;5;77m[85346cc1]&amp#27;[0m&amp#27;[38;5;-51m[AndroidUiautomator2Driver@cca7]&amp#27;[0m Got response with status 200: {"sessionId":"7042bdb7-4021-4554-bdbd-007c56513d50","value":null}
&amp#27;[38;5;77m[85346cc1]&amp#27;[0m&amp#27;[38;5;-51m[AndroidUiautomator2Driver@cca7]&amp#27;[0m Responding to client with driver.click() result: null
&amp#27;[38;5;77m[85346cc1]&amp#27;[0m&amp#27;[38;5;86m[HTTP]&amp#27;[0m &amp#27;[37m<-- POST /session/85346cc1-bc75-43dd-bd8c-7d4025396cf4/element/00000000-0000-0a84-ffff-ffff00000467/click &amp#27;[39m&amp#27;[32m200&amp#27;[39m &amp#27;[90m990 ms - 14&amp#27;[39m &amp#27;[90m&amp#27;[39m
&amp#27;[38;5;77m[85346cc1]&amp#27;[0m&amp#27;[38;5;86m[HTTP]&amp#27;[0m &amp#27;[37m-->&amp#27;[39m &amp#27;[37mGET&amp#27;[39m &amp#27;[37m/session/85346cc1-bc75-43dd-bd8c-7d4025396cf4/context&amp#27;[39m &amp#27;[90m{}&amp#27;[39m
&amp#27;[38;5;77m[85346cc1]&amp#27;[0m&amp#27;[38;5;-51m[AndroidUiautomator2Driver@cca7]&amp#27;[0m Calling AppiumDriver.getCurrentContext() with args: ["85346cc1-bc75-43dd-bd8c-7d4025396cf4"]
&amp#27;[38;5;77m[85346cc1]&amp#27;[0m&amp#27;[38;5;-51m[AndroidUiautomator2Driver@cca7]&amp#27;[0m Responding to client with driver.getCurrentContext() result: "NATIVE_APP"
&amp#27;[38;5;77m[85346cc1]&amp#27;[0m&amp#27;[38;5;86m[HTTP]&amp#27;[0m &amp#27;[37m<-- GET /session/85346cc1-bc75-43dd-bd8c-7d4025396cf4/context &amp#27;[39m&amp#27;[32m200&amp#27;[39m &amp#27;[90m1 ms - 22&amp#27;[39m &amp#27;[90m&amp#27;[39m
&amp#27;[38;5;77m[85346cc1]&amp#27;[0m&amp#27;[38;5;86m[HTTP]&amp#27;[0m &amp#27;[37m-->&amp#27;[39m &amp#27;[37mPOST&amp#27;[39m &amp#27;[37m/session/85346cc1-bc75-43dd-bd8c-7d4025396cf4/element&amp#27;[39m &amp#27;[90m{"value":"Logout Menu Item","using":"accessibility id"}&amp#27;[39m
&amp#27;[38;5;77m[85346cc1]&amp#27;[0m&amp#27;[38;5;-51m[AndroidUiautomator2Driver@cca7]&amp#27;[0m Calling AppiumDriver.findElement() with args: ["accessibility id","Logout Menu Item","85346cc1-bc75-43dd-bd8c-7d4025396cf4"]
&amp#27;[38;5;77m[85346cc1]&amp#27;[0m&amp#27;[38;5;-51m[AndroidUiautomator2Driver@cca7]&amp#27;[0m Valid locator strategies for this request: xpath, id, class name, accessibility id, css selector, -android uiautomator
&amp#27;[38;5;77m[85346cc1]&amp#27;[0m&amp#27;[38;5;-51m[AndroidUiautomator2Driver@cca7]&amp#27;[0m Waiting up to 15000 ms for condition
&amp#27;[38;5;77m[85346cc1]&amp#27;[0m&amp#27;[38;5;-51m[AndroidUiautomator2Driver@cca7]&amp#27;[0m Matched '/element' to command name 'findElement'
&amp#27;[38;5;77m[85346cc1]&amp#27;[0m&amp#27;[38;5;-51m[AndroidUiautomator2Driver@cca7]&amp#27;[0m Proxying [POST /element] to [POST http://127.0.0.1:8204/session/7042bdb7-4021-4554-bdbd-007c56513d50/element] with body: {"strategy":"accessibility id","selector":"Logout Menu Item","context":"","multiple":false}
&amp#27;[38;5;77m[85346cc1]&amp#27;[0m&amp#27;[38;5;-51m[AndroidUiautomator2Driver@cca7]&amp#27;[0m Got response with status 200: {"sessionId":"7042bdb7-4021-4554-bdbd-007c56513d50","value":{"ELEMENT":"00000000-0000-0a84-ffff-ffff000004d1","element-6066-11e4-a52e-4f735466cecf":"00000000-0000-0a84-ffff-ffff000004d1"}}
&amp#27;[38;5;77m[85346cc1]&amp#27;[0m&amp#27;[38;5;-51m[AndroidUiautomator2Driver@cca7]&amp#27;[0m Responding to client with driver.findElement() result: {"element-6066-11e4-a52e-4f735466cecf":"00000000-0000-0a84-ffff-ffff000004d1","ELEMENT":"00000000-0000-0a84-ffff-ffff000004d1"}
&amp#27;[38;5;77m[85346cc1]&amp#27;[0m&amp#27;[38;5;86m[HTTP]&amp#27;[0m &amp#27;[37m<-- POST /session/85346cc1-bc75-43dd-bd8c-7d4025396cf4/element &amp#27;[39m&amp#27;[32m200&amp#27;[39m &amp#27;[90m233 ms - 137&amp#27;[39m &amp#27;[90m&amp#27;[39m
&amp#27;[38;5;77m[85346cc1]&amp#27;[0m&amp#27;[38;5;86m[HTTP]&amp#27;[0m &amp#27;[37m-->&amp#27;[39m &amp#27;[37mPOST&amp#27;[39m &amp#27;[37m/session/85346cc1-bc75-43dd-bd8c-7d4025396cf4/element/00000000-0000-0a84-ffff-ffff000004d1/click&amp#27;[39m &amp#27;[90m{"id":"00000000-0000-0a84-ffff-ffff000004d1"}&amp#27;[39m
&amp#27;[38;5;77m[85346cc1]&amp#27;[0m&amp#27;[38;5;-51m[AndroidUiautomator2Driver@cca7]&amp#27;[0m Calling AppiumDriver.click() with args: ["00000000-0000-0a84-ffff-ffff000004d1","85346cc1-bc75-43dd-bd8c-7d4025396cf4"]
&amp#27;[38;5;77m[85346cc1]&amp#27;[0m&amp#27;[38;5;-51m[AndroidUiautomator2Driver@cca7]&amp#27;[0m Matched '/element/00000000-0000-0a84-ffff-ffff000004d1/click' to command name 'click'
&amp#27;[38;5;77m[85346cc1]&amp#27;[0m&amp#27;[38;5;-51m[AndroidUiautomator2Driver@cca7]&amp#27;[0m Proxying [POST /element/00000000-0000-0a84-ffff-ffff000004d1/click] to [POST http://127.0.0.1:8204/session/7042bdb7-4021-4554-bdbd-007c56513d50/element/00000000-0000-0a84-ffff-ffff000004d1/click] with body: {"element":"00000000-0000-0a84-ffff-ffff000004d1"}
&amp#27;[38;5;77m[85346cc1]&amp#27;[0m&amp#27;[38;5;-51m[AndroidUiautomator2Driver@cca7]&amp#27;[0m Got response with status 200: {"sessionId":"7042bdb7-4021-4554-bdbd-007c56513d50","value":null}
&amp#27;[38;5;77m[85346cc1]&amp#27;[0m&amp#27;[38;5;-51m[AndroidUiautomator2Driver@cca7]&amp#27;[0m Responding to client with driver.click() result: null
&amp#27;[38;5;77m[85346cc1]&amp#27;[0m&amp#27;[38;5;86m[HTTP]&amp#27;[0m &amp#27;[37m<-- POST /session/85346cc1-bc75-43dd-bd8c-7d4025396cf4/element/00000000-0000-0a84-ffff-ffff000004d1/click &amp#27;[39m&amp#27;[32m200&amp#27;[39m &amp#27;[90m117 ms - 14&amp#27;[39m &amp#27;[90m&amp#27;[39m
&amp#27;[38;5;77m[85346cc1]&amp#27;[0m&amp#27;[38;5;86m[HTTP]&amp#27;[0m &amp#27;[37m-->&amp#27;[39m &amp#27;[37mGET&amp#27;[39m &amp#27;[37m/session/85346cc1-bc75-43dd-bd8c-7d4025396cf4/context&amp#27;[39m &amp#27;[90m{}&amp#27;[39m
&amp#27;[38;5;77m[85346cc1]&amp#27;[0m&amp#27;[38;5;-51m[AndroidUiautomator2Driver@cca7]&amp#27;[0m Calling AppiumDriver.getCurrentContext() with args: ["85346cc1-bc75-43dd-bd8c-7d4025396cf4"]
&amp#27;[38;5;77m[85346cc1]&amp#27;[0m&amp#27;[38;5;-51m[AndroidUiautomator2Driver@cca7]&amp#27;[0m Responding to client with driver.getCurrentContext() result: "NATIVE_APP"
&amp#27;[38;5;77m[85346cc1]&amp#27;[0m&amp#27;[38;5;86m[HTTP]&amp#27;[0m &amp#27;[37m<-- GET /session/85346cc1-bc75-43dd-bd8c-7d4025396cf4/context &amp#27;[39m&amp#27;[32m200&amp#27;[39m &amp#27;[90m1 ms - 22&amp#27;[39m &amp#27;[90m&amp#27;[39m
&amp#27;[38;5;77m[85346cc1]&amp#27;[0m&amp#27;[38;5;86m[HTTP]&amp#27;[0m &amp#27;[37m-->&amp#27;[39m &amp#27;[37mPOST&amp#27;[39m &amp#27;[37m/session/85346cc1-bc75-43dd-bd8c-7d4025396cf4/element&amp#27;[39m &amp#27;[90m{"value":"android:id/button1","using":"id"}&amp#27;[39m
&amp#27;[38;5;77m[85346cc1]&amp#27;[0m&amp#27;[38;5;-51m[AndroidUiautomator2Driver@cca7]&amp#27;[0m Calling AppiumDriver.findElement() with args: ["id","android:id/button1","85346cc1-bc75-43dd-bd8c-7d4025396cf4"]
&amp#27;[38;5;77m[85346cc1]&amp#27;[0m&amp#27;[38;5;-51m[AndroidUiautomator2Driver@cca7]&amp#27;[0m Valid locator strategies for this request: xpath, id, class name, accessibility id, css selector, -android uiautomator
&amp#27;[38;5;77m[85346cc1]&amp#27;[0m&amp#27;[38;5;-51m[AndroidUiautomator2Driver@cca7]&amp#27;[0m Waiting up to 15000 ms for condition
&amp#27;[38;5;77m[85346cc1]&amp#27;[0m&amp#27;[38;5;-51m[AndroidUiautomator2Driver@cca7]&amp#27;[0m Matched '/element' to command name 'findElement'
&amp#27;[38;5;77m[85346cc1]&amp#27;[0m&amp#27;[38;5;-51m[AndroidUiautomator2Driver@cca7]&amp#27;[0m Proxying [POST /element] to [POST http://127.0.0.1:8204/session/7042bdb7-4021-4554-bdbd-007c56513d50/element] with body: {"strategy":"id","selector":"android:id/button1","context":"","multiple":false}
&amp#27;[38;5;77m[85346cc1]&amp#27;[0m&amp#27;[38;5;-51m[AndroidUiautomator2Driver@cca7]&amp#27;[0m Got response with status 404: {"sessionId":"7042bdb7-4021-4554-bdbd-007c56513d50","value":{"error":"no such element","message":"An element could not be located on the page using the given search parameters","stacktrace":"io.appium.uiautomator2.common.exceptions.ElementNotFoundException: An element could not be located on the page using the given search parameters\n\tat io.appium.uiautomator2.handler.FindElement.safeHandle(FindElement.java:63)\n\tat io.appium.uiautomator2.handler.request.SafeRequestHandler.handle(SafeRequestHandler.java:59)\n\tat io.appium.uiautomator2.server.AppiumServlet.handleRequest(AppiumServlet.java:259)\n\tat io.appium.uiautomator2.server.AppiumServlet.handleHttpRequest(AppiumServlet.java:253)\n\tat io.appium.uiautomator2.http.ServerHandler.channelRead(ServerHandler.java:77)\n\tat io.netty.channel.AbstractChannelHandlerContext.invokeChannelRead(AbstractChannelHandlerContext.java:366)\n\tat io.netty.channel.AbstractChannelHandlerContext.invokeChannelRead(AbstractChannelHandlerContext.java:352)\n\tat io.netty.chann...
&amp#27;[38;5;77m[85346cc1]&amp#27;[0m&amp#27;[38;5;123m[W3C]&amp#27;[0m Matched W3C error code 'no such element' to NoSuchElementError
&amp#27;[38;5;77m[85346cc1]&amp#27;[0m&amp#27;[38;5;-51m[AndroidUiautomator2Driver@cca7]&amp#27;[0m Waited for 132 ms so far
&amp#27;[38;5;77m[85346cc1]&amp#27;[0m&amp#27;[38;5;-51m[AndroidUiautomator2Driver@cca7]&amp#27;[0m Matched '/element' to command name 'findElement'
&amp#27;[38;5;77m[85346cc1]&amp#27;[0m&amp#27;[38;5;-51m[AndroidUiautomator2Driver@cca7]&amp#27;[0m Proxying [POST /element] to [POST http://127.0.0.1:8204/session/7042bdb7-4021-4554-bdbd-007c56513d50/element] with body: {"strategy":"id","selector":"android:id/button1","context":"","multiple":false}
&amp#27;[38;5;77m[85346cc1]&amp#27;[0m&amp#27;[38;5;-51m[AndroidUiautomator2Driver@cca7]&amp#27;[0m Got response with status 200: {"sessionId":"7042bdb7-4021-4554-bdbd-007c56513d50","value":{"ELEMENT":"00000000-0000-0a85-ffff-ffff000004eb","element-6066-11e4-a52e-4f735466cecf":"00000000-0000-0a85-ffff-ffff000004eb"}}
&amp#27;[38;5;77m[85346cc1]&amp#27;[0m&amp#27;[38;5;-51m[AndroidUiautomator2Driver@cca7]&amp#27;[0m Responding to client with driver.findElement() result: {"element-6066-11e4-a52e-4f735466cecf":"00000000-0000-0a85-ffff-ffff000004eb","ELEMENT":"00000000-0000-0a85-ffff-ffff000004eb"}
&amp#27;[38;5;77m[85346cc1]&amp#27;[0m&amp#27;[38;5;86m[HTTP]&amp#27;[0m &amp#27;[37m<-- POST /session/85346cc1-bc75-43dd-bd8c-7d4025396cf4/element &amp#27;[39m&amp#27;[32m200&amp#27;[39m &amp#27;[90m734 ms - 137&amp#27;[39m &amp#27;[90m&amp#27;[39m
&amp#27;[38;5;77m[85346cc1]&amp#27;[0m&amp#27;[38;5;86m[HTTP]&amp#27;[0m &amp#27;[37m-->&amp#27;[39m &amp#27;[37mPOST&amp#27;[39m &amp#27;[37m/session/85346cc1-bc75-43dd-bd8c-7d4025396cf4/element/00000000-0000-0a85-ffff-ffff000004eb/click&amp#27;[39m &amp#27;[90m{"id":"00000000-0000-0a85-ffff-ffff000004eb"}&amp#27;[39m
&amp#27;[38;5;77m[85346cc1]&amp#27;[0m&amp#27;[38;5;-51m[AndroidUiautomator2Driver@cca7]&amp#27;[0m Calling AppiumDriver.click() with args: ["00000000-0000-0a85-ffff-ffff000004eb","85346cc1-bc75-43dd-bd8c-7d4025396cf4"]
&amp#27;[38;5;77m[85346cc1]&amp#27;[0m&amp#27;[38;5;-51m[AndroidUiautomator2Driver@cca7]&amp#27;[0m Matched '/element/00000000-0000-0a85-ffff-ffff000004eb/click' to command name 'click'
&amp#27;[38;5;77m[85346cc1]&amp#27;[0m&amp#27;[38;5;-51m[AndroidUiautomator2Driver@cca7]&amp#27;[0m Proxying [POST /element/00000000-0000-0a85-ffff-ffff000004eb/click] to [POST http://127.0.0.1:8204/session/7042bdb7-4021-4554-bdbd-007c56513d50/element/00000000-0000-0a85-ffff-ffff000004eb/click] with body: {"element":"00000000-0000-0a85-ffff-ffff000004eb"}
&amp#27;[38;5;77m[85346cc1]&amp#27;[0m&amp#27;[38;5;-51m[AndroidUiautomator2Driver@cca7]&amp#27;[0m Got response with status 200: {"sessionId":"7042bdb7-4021-4554-bdbd-007c56513d50","value":null}
&amp#27;[38;5;77m[85346cc1]&amp#27;[0m&amp#27;[38;5;-51m[AndroidUiautomator2Driver@cca7]&amp#27;[0m Responding to client with driver.click() result: null
&amp#27;[38;5;77m[85346cc1]&amp#27;[0m&amp#27;[38;5;86m[HTTP]&amp#27;[0m &amp#27;[37m<-- POST /session/85346cc1-bc75-43dd-bd8c-7d4025396cf4/element/00000000-0000-0a85-ffff-ffff000004eb/click &amp#27;[39m&amp#27;[32m200&amp#27;[39m &amp#27;[90m91 ms - 14&amp#27;[39m &amp#27;[90m&amp#27;[39m
&amp#27;[38;5;77m[85346cc1]&amp#27;[0m&amp#27;[38;5;86m[HTTP]&amp#27;[0m &amp#27;[37m-->&amp#27;[39m &amp#27;[37mGET&amp#27;[39m &amp#27;[37m/session/85346cc1-bc75-43dd-bd8c-7d4025396cf4/context&amp#27;[39m &amp#27;[90m{}&amp#27;[39m
&amp#27;[38;5;77m[85346cc1]&amp#27;[0m&amp#27;[38;5;-51m[AndroidUiautomator2Driver@cca7]&amp#27;[0m Calling AppiumDriver.getCurrentContext() with args: ["85346cc1-bc75-43dd-bd8c-7d4025396cf4"]
&amp#27;[38;5;77m[85346cc1]&amp#27;[0m&amp#27;[38;5;-51m[AndroidUiautomator2Driver@cca7]&amp#27;[0m Responding to client with driver.getCurrentContext() result: "NATIVE_APP"
&amp#27;[38;5;77m[85346cc1]&amp#27;[0m&amp#27;[38;5;86m[HTTP]&amp#27;[0m &amp#27;[37m<-- GET /session/85346cc1-bc75-43dd-bd8c-7d4025396cf4/context &amp#27;[39m&amp#27;[32m200&amp#27;[39m &amp#27;[90m1 ms - 22&amp#27;[39m &amp#27;[90m&amp#27;[39m
&amp#27;[38;5;77m[85346cc1]&amp#27;[0m&amp#27;[38;5;86m[HTTP]&amp#27;[0m &amp#27;[37m-->&amp#27;[39m &amp#27;[37mPOST&amp#27;[39m &amp#27;[37m/session/85346cc1-bc75-43dd-bd8c-7d4025396cf4/element&amp#27;[39m &amp#27;[90m{"value":"com.saucelabs.mydemoapp.android:id/loginTV","using":"id"}&amp#27;[39m
&amp#27;[38;5;77m[85346cc1]&amp#27;[0m&amp#27;[38;5;-51m[AndroidUiautomator2Driver@cca7]&amp#27;[0m Calling AppiumDriver.findElement() with args: ["id","com.saucelabs.mydemoapp.android:id/loginTV","85346cc1-bc75-43dd-bd8c-7d4025396cf4"]
&amp#27;[38;5;77m[85346cc1]&amp#27;[0m&amp#27;[38;5;-51m[AndroidUiautomator2Driver@cca7]&amp#27;[0m Valid locator strategies for this request: xpath, id, class name, accessibility id, css selector, -android uiautomator
&amp#27;[38;5;77m[85346cc1]&amp#27;[0m&amp#27;[38;5;-51m[AndroidUiautomator2Driver@cca7]&amp#27;[0m Waiting up to 15000 ms for condition
&amp#27;[38;5;77m[85346cc1]&amp#27;[0m&amp#27;[38;5;-51m[AndroidUiautomator2Driver@cca7]&amp#27;[0m Matched '/element' to command name 'findElement'
&amp#27;[38;5;77m[85346cc1]&amp#27;[0m&amp#27;[38;5;-51m[AndroidUiautomator2Driver@cca7]&amp#27;[0m Proxying [POST /element] to [POST http://127.0.0.1:8204/session/7042bdb7-4021-4554-bdbd-007c56513d50/element] with body: {"strategy":"id","selector":"com.saucelabs.mydemoapp.android:id/loginTV","context":"","multiple":false}
&amp#27;[38;5;77m[85346cc1]&amp#27;[0m&amp#27;[38;5;-51m[AndroidUiautomator2Driver@cca7]&amp#27;[0m Got response with status 200: {"sessionId":"7042bdb7-4021-4554-bdbd-007c56513d50","value":{"ELEMENT":"00000000-0000-0a86-ffff-ffff0000052e","element-6066-11e4-a52e-4f735466cecf":"00000000-0000-0a86-ffff-ffff0000052e"}}
&amp#27;[38;5;77m[85346cc1]&amp#27;[0m&amp#27;[38;5;-51m[AndroidUiautomator2Driver@cca7]&amp#27;[0m Responding to client with driver.findElement() result: {"element-6066-11e4-a52e-4f735466cecf":"00000000-0000-0a86-ffff-ffff0000052e","ELEMENT":"00000000-0000-0a86-ffff-ffff0000052e"}
&amp#27;[38;5;77m[85346cc1]&amp#27;[0m&amp#27;[38;5;86m[HTTP]&amp#27;[0m &amp#27;[37m<-- POST /session/85346cc1-bc75-43dd-bd8c-7d4025396cf4/element &amp#27;[39m&amp#27;[32m200&amp#27;[39m &amp#27;[90m1249 ms - 137&amp#27;[39m &amp#27;[90m&amp#27;[39m
&amp#27;[38;5;77m[85346cc1]&amp#27;[0m&amp#27;[38;5;86m[HTTP]&amp#27;[0m &amp#27;[37m-->&amp#27;[39m &amp#27;[37mGET&amp#27;[39m &amp#27;[37m/session/85346cc1-bc75-43dd-bd8c-7d4025396cf4/element/00000000-0000-0a86-ffff-ffff0000052e/displayed&amp#27;[39m &amp#27;[90m{}&amp#27;[39m
&amp#27;[38;5;77m[85346cc1]&amp#27;[0m&amp#27;[38;5;-51m[AndroidUiautomator2Driver@cca7]&amp#27;[0m Calling AppiumDriver.elementDisplayed() with args: ["00000000-0000-0a86-ffff-ffff0000052e","85346cc1-bc75-43dd-bd8c-7d4025396cf4"]
&amp#27;[38;5;77m[85346cc1]&amp#27;[0m&amp#27;[38;5;-51m[AndroidUiautomator2Driver@cca7]&amp#27;[0m Matched '/element/00000000-0000-0a86-ffff-ffff0000052e/attribute/displayed' to command name 'getAttribute'
&amp#27;[38;5;77m[85346cc1]&amp#27;[0m&amp#27;[38;5;-51m[AndroidUiautomator2Driver@cca7]&amp#27;[0m Proxying [GET /element/00000000-0000-0a86-ffff-ffff0000052e/attribute/displayed] to [GET http://127.0.0.1:8204/session/7042bdb7-4021-4554-bdbd-007c56513d50/element/00000000-0000-0a86-ffff-ffff0000052e/attribute/displayed] with no body
&amp#27;[38;5;77m[85346cc1]&amp#27;[0m&amp#27;[38;5;-51m[AndroidUiautomator2Driver@cca7]&amp#27;[0m Got response with status 200: {"sessionId":"7042bdb7-4021-4554-bdbd-007c56513d50","value":"true"}
&amp#27;[38;5;77m[85346cc1]&amp#27;[0m&amp#27;[38;5;-51m[AndroidUiautomator2Driver@cca7]&amp#27;[0m Responding to client with driver.elementDisplayed() result: true
&amp#27;[38;5;77m[85346cc1]&amp#27;[0m&amp#27;[38;5;86m[HTTP]&amp#27;[0m &amp#27;[37m<-- GET /session/85346cc1-bc75-43dd-bd8c-7d4025396cf4/element/00000000-0000-0a86-ffff-ffff0000052e/displayed &amp#27;[39m&amp#27;[32m200&amp#27;[39m &amp#27;[90m55 ms - 14&amp#27;[39m &amp#27;[90m&amp#27;[39m
]]></system-out>
  </testcase>
  <testcase name="RemoveProductFromCart" classname="testcases.TC_02_Add_To_Cart" time="22.741">
    <failure message="Can&apos;t locate an element by this strategy: By.chained({AppiumBy.id: com.saucelabs.mydemoapp.android:id/passwordET})" type="org.openqa.selenium.NoSuchElementException"><![CDATA[org.openqa.selenium.NoSuchElementException: Can't locate an element by this strategy: By.chained({AppiumBy.id: com.saucelabs.mydemoapp.android:id/passwordET})
	at io.appium.java_client.pagefactory.AppiumElementLocator.findElement(AppiumElementLocator.java:166)
	at io.appium.java_client.pagefactory.interceptors.InterceptorOfASingleElement.call(InterceptorOfASingleElement.java:75)
	at io.appium.java_client.proxy.Interceptor.intercept(Interceptor.java:78)
	at org.openqa.selenium.remote.RemoteWebElement$ByteBuddy$tPEGrTQx.sendKeys(Unknown Source)
	at ecommerce.Project.Login_PageObject.login(Login_PageObject.java:57)
	at testcases.TC_02_Add_To_Cart.RemoveProductFromCart(TC_02_Add_To_Cart.java:45)
	at java.base/jdk.internal.reflect.DirectMethodHandleAccessor.invoke(DirectMethodHandleAccessor.java:103)
	at java.base/java.lang.reflect.Method.invoke(Method.java:580)
	at org.testng.internal.invokers.MethodInvocationHelper.invokeMethod(MethodInvocationHelper.java:141)
	at org.testng.internal.invokers.TestInvoker.invokeMethod(TestInvoker.java:686)
	at org.testng.internal.invokers.TestInvoker.invokeTestMethod(TestInvoker.java:230)
	at org.testng.internal.invokers.MethodRunner.runInSequence(MethodRunner.java:63)
	at org.testng.internal.invokers.TestInvoker$MethodInvocationAgent.invoke(TestInvoker.java:992)
	at org.testng.internal.invokers.TestInvoker.invokeTestMethods(TestInvoker.java:203)
	at org.testng.internal.invokers.TestMethodWorker.invokeTestMethods(TestMethodWorker.java:154)
	at org.testng.internal.invokers.TestMethodWorker.run(TestMethodWorker.java:134)
	at java.base/java.util.ArrayList.forEach(ArrayList.java:1596)
	at org.testng.TestRunner.privateRun(TestRunner.java:739)
	at org.testng.TestRunner.run(TestRunner.java:614)
	at org.testng.SuiteRunner.runTest(SuiteRunner.java:421)
	at org.testng.SuiteRunner.runSequentially(SuiteRunner.java:413)
	at org.testng.SuiteRunner.privateRun(SuiteRunner.java:373)
	at org.testng.SuiteRunner.run(SuiteRunner.java:312)
	at org.testng.SuiteRunnerWorker.runSuite(SuiteRunnerWorker.java:52)
	at org.testng.SuiteRunnerWorker.run(SuiteRunnerWorker.java:95)
	at org.testng.TestNG.runSuitesSequentially(TestNG.java:1274)
	at org.testng.TestNG.runSuitesLocally(TestNG.java:1208)
	at org.testng.TestNG.runSuites(TestNG.java:1112)
	at org.testng.TestNG.run(TestNG.java:1079)
	at org.apache.maven.surefire.testng.TestNGExecutor.run(TestNGExecutor.java:308)
	at org.apache.maven.surefire.testng.TestNGXmlTestSuite.execute(TestNGXmlTestSuite.java:71)
	at org.apache.maven.surefire.testng.TestNGProvider.invoke(TestNGProvider.java:113)
	at org.apache.maven.surefire.booter.ForkedBooter.runSuitesInProcess(ForkedBooter.java:385)
	at org.apache.maven.surefire.booter.ForkedBooter.execute(ForkedBooter.java:162)
	at org.apache.maven.surefire.booter.ForkedBooter.run(ForkedBooter.java:507)
	at org.apache.maven.surefire.booter.ForkedBooter.main(ForkedBooter.java:495)
Caused by: org.openqa.selenium.TimeoutException: Expected condition failed: waiting for io.appium.java_client.pagefactory.AppiumElementLocator$WaitingFunction@73e3831e (tried for 1 second(s) with 500 milliseconds interval)
	at org.openqa.selenium.support.ui.FluentWait.timeoutException(FluentWait.java:265)
	at org.openqa.selenium.support.ui.FluentWait.until(FluentWait.java:228)
	at io.appium.java_client.pagefactory.AppiumElementLocator.waitFor(AppiumElementLocator.java:135)
	at io.appium.java_client.pagefactory.AppiumElementLocator.findElement(AppiumElementLocator.java:160)
	... 35 more
Caused by: org.openqa.selenium.NoSuchElementException: Cannot locate an element using By.chained({AppiumBy.id: com.saucelabs.mydemoapp.android:id/passwordET})
For documentation on this error, please visit: https://www.selenium.dev/documentation/webdriver/troubleshooting/errors#no-such-element-exception
Build info: version: '4.27.0', revision: 'd6e718d134'
System info: os.name: 'Windows 11', os.arch: 'amd64', os.version: '10.0', java.version: '21.0.5'
Driver info: driver.version: RemoteWebDriver
	at io.appium.java_client.pagefactory.bys.builder.ByChained.findElement(ByChained.java:74)
	at org.openqa.selenium.remote.ElementLocation$ElementFinder$1.findElement(ElementLocation.java:139)
	at org.openqa.selenium.remote.ElementLocation.findElement(ElementLocation.java:59)
	at org.openqa.selenium.remote.RemoteWebDriver.findElement(RemoteWebDriver.java:368)
	at org.openqa.selenium.remote.RemoteWebDriver.findElement(RemoteWebDriver.java:362)
	at io.appium.java_client.pagefactory.bys.ContentMappedBy.findElement(ContentMappedBy.java:53)
	at org.openqa.selenium.remote.ElementLocation$ElementFinder$1.findElement(ElementLocation.java:139)
	at org.openqa.selenium.remote.ElementLocation.findElement(ElementLocation.java:59)
	at org.openqa.selenium.remote.RemoteWebDriver.findElement(RemoteWebDriver.java:368)
	at org.openqa.selenium.remote.RemoteWebDriver.findElement(RemoteWebDriver.java:362)
	at io.appium.java_client.pagefactory.AppiumElementLocator.lambda$findElement$1(AppiumElementLocator.java:160)
	at io.appium.java_client.pagefactory.AppiumElementLocator$WaitingFunction.apply(AppiumElementLocator.java:217)
	at io.appium.java_client.pagefactory.AppiumElementLocator$WaitingFunction.apply(AppiumElementLocator.java:210)
	at org.openqa.selenium.support.ui.FluentWait.until(FluentWait.java:203)
	... 37 more
]]></failure>
    <system-out><![CDATA[&amp#27;[38;5;77m[85346cc1]&amp#27;[0m&amp#27;[38;5;86m[HTTP]&amp#27;[0m &amp#27;[37m-->&amp#27;[39m &amp#27;[37mGET&amp#27;[39m &amp#27;[37m/session/85346cc1-bc75-43dd-bd8c-7d4025396cf4/context&amp#27;[39m &amp#27;[90m{}&amp#27;[39m
&amp#27;[38;5;77m[85346cc1]&amp#27;[0m&amp#27;[38;5;-51m[AndroidUiautomator2Driver@cca7]&amp#27;[0m Calling AppiumDriver.getCurrentContext() with args: ["85346cc1-bc75-43dd-bd8c-7d4025396cf4"]
&amp#27;[38;5;77m[85346cc1]&amp#27;[0m&amp#27;[38;5;-51m[AndroidUiautomator2Driver@cca7]&amp#27;[0m Responding to client with driver.getCurrentContext() result: "NATIVE_APP"
&amp#27;[38;5;77m[85346cc1]&amp#27;[0m&amp#27;[38;5;86m[HTTP]&amp#27;[0m &amp#27;[37m<-- GET /session/85346cc1-bc75-43dd-bd8c-7d4025396cf4/context &amp#27;[39m&amp#27;[32m200&amp#27;[39m &amp#27;[90m2 ms - 22&amp#27;[39m &amp#27;[90m&amp#27;[39m
&amp#27;[38;5;77m[85346cc1]&amp#27;[0m&amp#27;[38;5;86m[HTTP]&amp#27;[0m &amp#27;[37m-->&amp#27;[39m &amp#27;[37mPOST&amp#27;[39m &amp#27;[37m/session/85346cc1-bc75-43dd-bd8c-7d4025396cf4/element&amp#27;[39m &amp#27;[90m{"value":"View menu","using":"accessibility id"}&amp#27;[39m
&amp#27;[38;5;77m[85346cc1]&amp#27;[0m&amp#27;[38;5;-51m[AndroidUiautomator2Driver@cca7]&amp#27;[0m Calling AppiumDriver.findElement() with args: ["accessibility id","View menu","85346cc1-bc75-43dd-bd8c-7d4025396cf4"]
&amp#27;[38;5;77m[85346cc1]&amp#27;[0m&amp#27;[38;5;-51m[AndroidUiautomator2Driver@cca7]&amp#27;[0m Valid locator strategies for this request: xpath, id, class name, accessibility id, css selector, -android uiautomator
&amp#27;[38;5;77m[85346cc1]&amp#27;[0m&amp#27;[38;5;-51m[AndroidUiautomator2Driver@cca7]&amp#27;[0m Waiting up to 15000 ms for condition
&amp#27;[38;5;77m[85346cc1]&amp#27;[0m&amp#27;[38;5;-51m[AndroidUiautomator2Driver@cca7]&amp#27;[0m Matched '/element' to command name 'findElement'
&amp#27;[38;5;77m[85346cc1]&amp#27;[0m&amp#27;[38;5;-51m[AndroidUiautomator2Driver@cca7]&amp#27;[0m Proxying [POST /element] to [POST http://127.0.0.1:8204/session/7042bdb7-4021-4554-bdbd-007c56513d50/element] with body: {"strategy":"accessibility id","selector":"View menu","context":"","multiple":false}
&amp#27;[38;5;77m[85346cc1]&amp#27;[0m&amp#27;[38;5;-51m[AndroidUiautomator2Driver@cca7]&amp#27;[0m Got response with status 200: {"sessionId":"7042bdb7-4021-4554-bdbd-007c56513d50","value":{"ELEMENT":"00000000-0000-0a86-ffff-ffff00000522","element-6066-11e4-a52e-4f735466cecf":"00000000-0000-0a86-ffff-ffff00000522"}}
&amp#27;[38;5;77m[85346cc1]&amp#27;[0m&amp#27;[38;5;-51m[AndroidUiautomator2Driver@cca7]&amp#27;[0m Responding to client with driver.findElement() result: {"element-6066-11e4-a52e-4f735466cecf":"00000000-0000-0a86-ffff-ffff00000522","ELEMENT":"00000000-0000-0a86-ffff-ffff00000522"}
&amp#27;[38;5;77m[85346cc1]&amp#27;[0m&amp#27;[38;5;86m[HTTP]&amp#27;[0m &amp#27;[37m<-- POST /session/85346cc1-bc75-43dd-bd8c-7d4025396cf4/element &amp#27;[39m&amp#27;[32m200&amp#27;[39m &amp#27;[90m68 ms - 137&amp#27;[39m &amp#27;[90m&amp#27;[39m
&amp#27;[38;5;77m[85346cc1]&amp#27;[0m&amp#27;[38;5;86m[HTTP]&amp#27;[0m &amp#27;[37m-->&amp#27;[39m &amp#27;[37mPOST&amp#27;[39m &amp#27;[37m/session/85346cc1-bc75-43dd-bd8c-7d4025396cf4/element/00000000-0000-0a86-ffff-ffff00000522/click&amp#27;[39m &amp#27;[90m{"id":"00000000-0000-0a86-ffff-ffff00000522"}&amp#27;[39m
&amp#27;[38;5;77m[85346cc1]&amp#27;[0m&amp#27;[38;5;-51m[AndroidUiautomator2Driver@cca7]&amp#27;[0m Calling AppiumDriver.click() with args: ["00000000-0000-0a86-ffff-ffff00000522","85346cc1-bc75-43dd-bd8c-7d4025396cf4"]
&amp#27;[38;5;77m[85346cc1]&amp#27;[0m&amp#27;[38;5;-51m[AndroidUiautomator2Driver@cca7]&amp#27;[0m Matched '/element/00000000-0000-0a86-ffff-ffff00000522/click' to command name 'click'
&amp#27;[38;5;77m[85346cc1]&amp#27;[0m&amp#27;[38;5;-51m[AndroidUiautomator2Driver@cca7]&amp#27;[0m Proxying [POST /element/00000000-0000-0a86-ffff-ffff00000522/click] to [POST http://127.0.0.1:8204/session/7042bdb7-4021-4554-bdbd-007c56513d50/element/00000000-0000-0a86-ffff-ffff00000522/click] with body: {"element":"00000000-0000-0a86-ffff-ffff00000522"}
&amp#27;[38;5;77m[85346cc1]&amp#27;[0m&amp#27;[38;5;-51m[AndroidUiautomator2Driver@cca7]&amp#27;[0m Got response with status 200: {"sessionId":"7042bdb7-4021-4554-bdbd-007c56513d50","value":null}
&amp#27;[38;5;77m[85346cc1]&amp#27;[0m&amp#27;[38;5;-51m[AndroidUiautomator2Driver@cca7]&amp#27;[0m Responding to client with driver.click() result: null
&amp#27;[38;5;77m[85346cc1]&amp#27;[0m&amp#27;[38;5;86m[HTTP]&amp#27;[0m &amp#27;[37m<-- POST /session/85346cc1-bc75-43dd-bd8c-7d4025396cf4/element/00000000-0000-0a86-ffff-ffff00000522/click &amp#27;[39m&amp#27;[32m200&amp#27;[39m &amp#27;[90m997 ms - 14&amp#27;[39m &amp#27;[90m&amp#27;[39m
&amp#27;[38;5;77m[85346cc1]&amp#27;[0m&amp#27;[38;5;86m[HTTP]&amp#27;[0m &amp#27;[37m-->&amp#27;[39m &amp#27;[37mGET&amp#27;[39m &amp#27;[37m/session/85346cc1-bc75-43dd-bd8c-7d4025396cf4/context&amp#27;[39m &amp#27;[90m{}&amp#27;[39m
&amp#27;[38;5;77m[85346cc1]&amp#27;[0m&amp#27;[38;5;-51m[AndroidUiautomator2Driver@cca7]&amp#27;[0m Calling AppiumDriver.getCurrentContext() with args: ["85346cc1-bc75-43dd-bd8c-7d4025396cf4"]
&amp#27;[38;5;77m[85346cc1]&amp#27;[0m&amp#27;[38;5;-51m[AndroidUiautomator2Driver@cca7]&amp#27;[0m Responding to client with driver.getCurrentContext() result: "NATIVE_APP"
&amp#27;[38;5;77m[85346cc1]&amp#27;[0m&amp#27;[38;5;86m[HTTP]&amp#27;[0m &amp#27;[37m<-- GET /session/85346cc1-bc75-43dd-bd8c-7d4025396cf4/context &amp#27;[39m&amp#27;[32m200&amp#27;[39m &amp#27;[90m1 ms - 22&amp#27;[39m &amp#27;[90m&amp#27;[39m
&amp#27;[38;5;77m[85346cc1]&amp#27;[0m&amp#27;[38;5;86m[HTTP]&amp#27;[0m &amp#27;[37m-->&amp#27;[39m &amp#27;[37mPOST&amp#27;[39m &amp#27;[37m/session/85346cc1-bc75-43dd-bd8c-7d4025396cf4/element&amp#27;[39m &amp#27;[90m{"value":"Login Menu Item","using":"accessibility id"}&amp#27;[39m
&amp#27;[38;5;77m[85346cc1]&amp#27;[0m&amp#27;[38;5;-51m[AndroidUiautomator2Driver@cca7]&amp#27;[0m Calling AppiumDriver.findElement() with args: ["accessibility id","Login Menu Item","85346cc1-bc75-43dd-bd8c-7d4025396cf4"]
&amp#27;[38;5;77m[85346cc1]&amp#27;[0m&amp#27;[38;5;-51m[AndroidUiautomator2Driver@cca7]&amp#27;[0m Valid locator strategies for this request: xpath, id, class name, accessibility id, css selector, -android uiautomator
&amp#27;[38;5;77m[85346cc1]&amp#27;[0m&amp#27;[38;5;-51m[AndroidUiautomator2Driver@cca7]&amp#27;[0m Waiting up to 15000 ms for condition
&amp#27;[38;5;77m[85346cc1]&amp#27;[0m&amp#27;[38;5;-51m[AndroidUiautomator2Driver@cca7]&amp#27;[0m Matched '/element' to command name 'findElement'
&amp#27;[38;5;77m[85346cc1]&amp#27;[0m&amp#27;[38;5;-51m[AndroidUiautomator2Driver@cca7]&amp#27;[0m Proxying [POST /element] to [POST http://127.0.0.1:8204/session/7042bdb7-4021-4554-bdbd-007c56513d50/element] with body: {"strategy":"accessibility id","selector":"Login Menu Item","context":"","multiple":false}
&amp#27;[38;5;77m[85346cc1]&amp#27;[0m&amp#27;[38;5;-51m[AndroidUiautomator2Driver@cca7]&amp#27;[0m Got response with status 200: {"sessionId":"7042bdb7-4021-4554-bdbd-007c56513d50","value":{"ELEMENT":"00000000-0000-0a86-ffff-ffff00000574","element-6066-11e4-a52e-4f735466cecf":"00000000-0000-0a86-ffff-ffff00000574"}}
&amp#27;[38;5;77m[85346cc1]&amp#27;[0m&amp#27;[38;5;-51m[AndroidUiautomator2Driver@cca7]&amp#27;[0m Responding to client with driver.findElement() result: {"element-6066-11e4-a52e-4f735466cecf":"00000000-0000-0a86-ffff-ffff00000574","ELEMENT":"00000000-0000-0a86-ffff-ffff00000574"}
&amp#27;[38;5;77m[85346cc1]&amp#27;[0m&amp#27;[38;5;86m[HTTP]&amp#27;[0m &amp#27;[37m<-- POST /session/85346cc1-bc75-43dd-bd8c-7d4025396cf4/element &amp#27;[39m&amp#27;[32m200&amp#27;[39m &amp#27;[90m229 ms - 137&amp#27;[39m &amp#27;[90m&amp#27;[39m
&amp#27;[38;5;77m[85346cc1]&amp#27;[0m&amp#27;[38;5;86m[HTTP]&amp#27;[0m &amp#27;[37m-->&amp#27;[39m &amp#27;[37mPOST&amp#27;[39m &amp#27;[37m/session/85346cc1-bc75-43dd-bd8c-7d4025396cf4/element/00000000-0000-0a86-ffff-ffff00000574/click&amp#27;[39m &amp#27;[90m{"id":"00000000-0000-0a86-ffff-ffff00000574"}&amp#27;[39m
&amp#27;[38;5;77m[85346cc1]&amp#27;[0m&amp#27;[38;5;-51m[AndroidUiautomator2Driver@cca7]&amp#27;[0m Calling AppiumDriver.click() with args: ["00000000-0000-0a86-ffff-ffff00000574","85346cc1-bc75-43dd-bd8c-7d4025396cf4"]
&amp#27;[38;5;77m[85346cc1]&amp#27;[0m&amp#27;[38;5;-51m[AndroidUiautomator2Driver@cca7]&amp#27;[0m Matched '/element/00000000-0000-0a86-ffff-ffff00000574/click' to command name 'click'
&amp#27;[38;5;77m[85346cc1]&amp#27;[0m&amp#27;[38;5;-51m[AndroidUiautomator2Driver@cca7]&amp#27;[0m Proxying [POST /element/00000000-0000-0a86-ffff-ffff00000574/click] to [POST http://127.0.0.1:8204/session/7042bdb7-4021-4554-bdbd-007c56513d50/element/00000000-0000-0a86-ffff-ffff00000574/click] with body: {"element":"00000000-0000-0a86-ffff-ffff00000574"}
&amp#27;[38;5;77m[85346cc1]&amp#27;[0m&amp#27;[38;5;-51m[AndroidUiautomator2Driver@cca7]&amp#27;[0m Got response with status 200: {"sessionId":"7042bdb7-4021-4554-bdbd-007c56513d50","value":null}
&amp#27;[38;5;77m[85346cc1]&amp#27;[0m&amp#27;[38;5;-51m[AndroidUiautomator2Driver@cca7]&amp#27;[0m Responding to client with driver.click() result: null
&amp#27;[38;5;77m[85346cc1]&amp#27;[0m&amp#27;[38;5;86m[HTTP]&amp#27;[0m &amp#27;[37m<-- POST /session/85346cc1-bc75-43dd-bd8c-7d4025396cf4/element/00000000-0000-0a86-ffff-ffff00000574/click &amp#27;[39m&amp#27;[32m200&amp#27;[39m &amp#27;[90m91 ms - 14&amp#27;[39m &amp#27;[90m&amp#27;[39m
&amp#27;[38;5;77m[85346cc1]&amp#27;[0m&amp#27;[38;5;86m[HTTP]&amp#27;[0m &amp#27;[37m-->&amp#27;[39m &amp#27;[37mGET&amp#27;[39m &amp#27;[37m/session/85346cc1-bc75-43dd-bd8c-7d4025396cf4/context&amp#27;[39m &amp#27;[90m{}&amp#27;[39m
&amp#27;[38;5;77m[85346cc1]&amp#27;[0m&amp#27;[38;5;-51m[AndroidUiautomator2Driver@cca7]&amp#27;[0m Calling AppiumDriver.getCurrentContext() with args: ["85346cc1-bc75-43dd-bd8c-7d4025396cf4"]
&amp#27;[38;5;77m[85346cc1]&amp#27;[0m&amp#27;[38;5;-51m[AndroidUiautomator2Driver@cca7]&amp#27;[0m Responding to client with driver.getCurrentContext() result: "NATIVE_APP"
&amp#27;[38;5;77m[85346cc1]&amp#27;[0m&amp#27;[38;5;86m[HTTP]&amp#27;[0m &amp#27;[37m<-- GET /session/85346cc1-bc75-43dd-bd8c-7d4025396cf4/context &amp#27;[39m&amp#27;[32m200&amp#27;[39m &amp#27;[90m2 ms - 22&amp#27;[39m &amp#27;[90m&amp#27;[39m
&amp#27;[38;5;77m[85346cc1]&amp#27;[0m&amp#27;[38;5;86m[HTTP]&amp#27;[0m &amp#27;[37m-->&amp#27;[39m &amp#27;[37mPOST&amp#27;[39m &amp#27;[37m/session/85346cc1-bc75-43dd-bd8c-7d4025396cf4/element&amp#27;[39m &amp#27;[90m{"value":"com.saucelabs.mydemoapp.android:id/nameET","using":"id"}&amp#27;[39m
&amp#27;[38;5;77m[85346cc1]&amp#27;[0m&amp#27;[38;5;-51m[AndroidUiautomator2Driver@cca7]&amp#27;[0m Calling AppiumDriver.findElement() with args: ["id","com.saucelabs.mydemoapp.android:id/nameET","85346cc1-bc75-43dd-bd8c-7d4025396cf4"]
&amp#27;[38;5;77m[85346cc1]&amp#27;[0m&amp#27;[38;5;-51m[AndroidUiautomator2Driver@cca7]&amp#27;[0m Valid locator strategies for this request: xpath, id, class name, accessibility id, css selector, -android uiautomator
&amp#27;[38;5;77m[85346cc1]&amp#27;[0m&amp#27;[38;5;-51m[AndroidUiautomator2Driver@cca7]&amp#27;[0m Waiting up to 15000 ms for condition
&amp#27;[38;5;77m[85346cc1]&amp#27;[0m&amp#27;[38;5;-51m[AndroidUiautomator2Driver@cca7]&amp#27;[0m Matched '/element' to command name 'findElement'
&amp#27;[38;5;77m[85346cc1]&amp#27;[0m&amp#27;[38;5;-51m[AndroidUiautomator2Driver@cca7]&amp#27;[0m Proxying [POST /element] to [POST http://127.0.0.1:8204/session/7042bdb7-4021-4554-bdbd-007c56513d50/element] with body: {"strategy":"id","selector":"com.saucelabs.mydemoapp.android:id/nameET","context":"","multiple":false}
&amp#27;[38;5;77m[85346cc1]&amp#27;[0m&amp#27;[38;5;-51m[AndroidUiautomator2Driver@cca7]&amp#27;[0m Got response with status 200: {"sessionId":"7042bdb7-4021-4554-bdbd-007c56513d50","value":{"ELEMENT":"00000000-0000-0a87-ffff-ffff0000058f","element-6066-11e4-a52e-4f735466cecf":"00000000-0000-0a87-ffff-ffff0000058f"}}
&amp#27;[38;5;77m[85346cc1]&amp#27;[0m&amp#27;[38;5;-51m[AndroidUiautomator2Driver@cca7]&amp#27;[0m Responding to client with driver.findElement() result: {"element-6066-11e4-a52e-4f735466cecf":"00000000-0000-0a87-ffff-ffff0000058f","ELEMENT":"00000000-0000-0a87-ffff-ffff0000058f"}
&amp#27;[38;5;77m[85346cc1]&amp#27;[0m&amp#27;[38;5;86m[HTTP]&amp#27;[0m &amp#27;[37m<-- POST /session/85346cc1-bc75-43dd-bd8c-7d4025396cf4/element &amp#27;[39m&amp#27;[32m200&amp#27;[39m &amp#27;[90m649 ms - 137&amp#27;[39m &amp#27;[90m&amp#27;[39m
&amp#27;[38;5;77m[85346cc1]&amp#27;[0m&amp#27;[38;5;86m[HTTP]&amp#27;[0m &amp#27;[37m-->&amp#27;[39m &amp#27;[37mPOST&amp#27;[39m &amp#27;[37m/session/85346cc1-bc75-43dd-bd8c-7d4025396cf4/element/00000000-0000-0a87-ffff-ffff0000058f/click&amp#27;[39m &amp#27;[90m{"id":"00000000-0000-0a87-ffff-ffff0000058f"}&amp#27;[39m
&amp#27;[38;5;77m[85346cc1]&amp#27;[0m&amp#27;[38;5;-51m[AndroidUiautomator2Driver@cca7]&amp#27;[0m Calling AppiumDriver.click() with args: ["00000000-0000-0a87-ffff-ffff0000058f","85346cc1-bc75-43dd-bd8c-7d4025396cf4"]
&amp#27;[38;5;77m[85346cc1]&amp#27;[0m&amp#27;[38;5;-51m[AndroidUiautomator2Driver@cca7]&amp#27;[0m Matched '/element/00000000-0000-0a87-ffff-ffff0000058f/click' to command name 'click'
&amp#27;[38;5;77m[85346cc1]&amp#27;[0m&amp#27;[38;5;-51m[AndroidUiautomator2Driver@cca7]&amp#27;[0m Proxying [POST /element/00000000-0000-0a87-ffff-ffff0000058f/click] to [POST http://127.0.0.1:8204/session/7042bdb7-4021-4554-bdbd-007c56513d50/element/00000000-0000-0a87-ffff-ffff0000058f/click] with body: {"element":"00000000-0000-0a87-ffff-ffff0000058f"}
&amp#27;[38;5;77m[85346cc1]&amp#27;[0m&amp#27;[38;5;-51m[AndroidUiautomator2Driver@cca7]&amp#27;[0m Got response with status 200: {"sessionId":"7042bdb7-4021-4554-bdbd-007c56513d50","value":null}
&amp#27;[38;5;77m[85346cc1]&amp#27;[0m&amp#27;[38;5;-51m[AndroidUiautomator2Driver@cca7]&amp#27;[0m Responding to client with driver.click() result: null
&amp#27;[38;5;77m[85346cc1]&amp#27;[0m&amp#27;[38;5;86m[HTTP]&amp#27;[0m &amp#27;[37m<-- POST /session/85346cc1-bc75-43dd-bd8c-7d4025396cf4/element/00000000-0000-0a87-ffff-ffff0000058f/click &amp#27;[39m&amp#27;[32m200&amp#27;[39m &amp#27;[90m957 ms - 14&amp#27;[39m &amp#27;[90m&amp#27;[39m
&amp#27;[38;5;77m[85346cc1]&amp#27;[0m&amp#27;[38;5;86m[HTTP]&amp#27;[0m &amp#27;[37m-->&amp#27;[39m &amp#27;[37mGET&amp#27;[39m &amp#27;[37m/session/85346cc1-bc75-43dd-bd8c-7d4025396cf4/context&amp#27;[39m &amp#27;[90m{}&amp#27;[39m
&amp#27;[38;5;77m[85346cc1]&amp#27;[0m&amp#27;[38;5;-51m[AndroidUiautomator2Driver@cca7]&amp#27;[0m Calling AppiumDriver.getCurrentContext() with args: ["85346cc1-bc75-43dd-bd8c-7d4025396cf4"]
&amp#27;[38;5;77m[85346cc1]&amp#27;[0m&amp#27;[38;5;-51m[AndroidUiautomator2Driver@cca7]&amp#27;[0m Responding to client with driver.getCurrentContext() result: "NATIVE_APP"
&amp#27;[38;5;77m[85346cc1]&amp#27;[0m&amp#27;[38;5;86m[HTTP]&amp#27;[0m &amp#27;[37m<-- GET /session/85346cc1-bc75-43dd-bd8c-7d4025396cf4/context &amp#27;[39m&amp#27;[32m200&amp#27;[39m &amp#27;[90m1 ms - 22&amp#27;[39m &amp#27;[90m&amp#27;[39m
&amp#27;[38;5;77m[85346cc1]&amp#27;[0m&amp#27;[38;5;86m[HTTP]&amp#27;[0m &amp#27;[37m-->&amp#27;[39m &amp#27;[37mPOST&amp#27;[39m &amp#27;[37m/session/85346cc1-bc75-43dd-bd8c-7d4025396cf4/element&amp#27;[39m &amp#27;[90m{"value":"com.saucelabs.mydemoapp.android:id/nameET","using":"id"}&amp#27;[39m
&amp#27;[38;5;77m[85346cc1]&amp#27;[0m&amp#27;[38;5;-51m[AndroidUiautomator2Driver@cca7]&amp#27;[0m Calling AppiumDriver.findElement() with args: ["id","com.saucelabs.mydemoapp.android:id/nameET","85346cc1-bc75-43dd-bd8c-7d4025396cf4"]
&amp#27;[38;5;77m[85346cc1]&amp#27;[0m&amp#27;[38;5;-51m[AndroidUiautomator2Driver@cca7]&amp#27;[0m Valid locator strategies for this request: xpath, id, class name, accessibility id, css selector, -android uiautomator
&amp#27;[38;5;77m[85346cc1]&amp#27;[0m&amp#27;[38;5;-51m[AndroidUiautomator2Driver@cca7]&amp#27;[0m Waiting up to 15000 ms for condition
&amp#27;[38;5;77m[85346cc1]&amp#27;[0m&amp#27;[38;5;-51m[AndroidUiautomator2Driver@cca7]&amp#27;[0m Matched '/element' to command name 'findElement'
&amp#27;[38;5;77m[85346cc1]&amp#27;[0m&amp#27;[38;5;-51m[AndroidUiautomator2Driver@cca7]&amp#27;[0m Proxying [POST /element] to [POST http://127.0.0.1:8204/session/7042bdb7-4021-4554-bdbd-007c56513d50/element] with body: {"strategy":"id","selector":"com.saucelabs.mydemoapp.android:id/nameET","context":"","multiple":false}
&amp#27;[38;5;77m[85346cc1]&amp#27;[0m&amp#27;[38;5;-51m[AndroidUiautomator2Driver@cca7]&amp#27;[0m Got response with status 200: {"sessionId":"7042bdb7-4021-4554-bdbd-007c56513d50","value":{"ELEMENT":"00000000-0000-0a87-ffff-ffff0000058f","element-6066-11e4-a52e-4f735466cecf":"00000000-0000-0a87-ffff-ffff0000058f"}}
&amp#27;[38;5;77m[85346cc1]&amp#27;[0m&amp#27;[38;5;-51m[AndroidUiautomator2Driver@cca7]&amp#27;[0m Responding to client with driver.findElement() result: {"element-6066-11e4-a52e-4f735466cecf":"00000000-0000-0a87-ffff-ffff0000058f","ELEMENT":"00000000-0000-0a87-ffff-ffff0000058f"}
&amp#27;[38;5;77m[85346cc1]&amp#27;[0m&amp#27;[38;5;86m[HTTP]&amp#27;[0m &amp#27;[37m<-- POST /session/85346cc1-bc75-43dd-bd8c-7d4025396cf4/element &amp#27;[39m&amp#27;[32m200&amp#27;[39m &amp#27;[90m130 ms - 137&amp#27;[39m &amp#27;[90m&amp#27;[39m
&amp#27;[38;5;77m[85346cc1]&amp#27;[0m&amp#27;[38;5;86m[HTTP]&amp#27;[0m &amp#27;[37m-->&amp#27;[39m &amp#27;[37mPOST&amp#27;[39m &amp#27;[37m/session/85346cc1-bc75-43dd-bd8c-7d4025396cf4/element/00000000-0000-0a87-ffff-ffff0000058f/value&amp#27;[39m &amp#27;[90m{"text":"bod@example.com","value":["b","o","d","@","e","x","a","m","p","l","e",".","c","o","m"],"id":"00000000-0000-0a87-ffff-ffff0000058f"}&amp#27;[39m
&amp#27;[38;5;77m[85346cc1]&amp#27;[0m&amp#27;[38;5;-51m[AndroidUiautomator2Driver@cca7]&amp#27;[0m Calling AppiumDriver.setValue() with args: [["b","o","d","@","e","x","a","m","p","l","e",".","c","o","m"],"00000000-0000-0a87-ffff-ffff0000058f","85346cc1-bc75-43dd-bd8c-7d4025396cf4"]
&amp#27;[38;5;77m[85346cc1]&amp#27;[0m&amp#27;[38;5;-51m[AndroidUiautomator2Driver@cca7]&amp#27;[0m Matched '/element/00000000-0000-0a87-ffff-ffff0000058f/value' to command name 'setValue'
&amp#27;[38;5;77m[85346cc1]&amp#27;[0m&amp#27;[38;5;-51m[AndroidUiautomator2Driver@cca7]&amp#27;[0m Added 'value' property ["b","o","d","@","e","x","a","m","p","l","e",".","c","o","m"] to 'setValue' request body
&amp#27;[38;5;77m[85346cc1]&amp#27;[0m&amp#27;[38;5;-51m[AndroidUiautomator2Driver@cca7]&amp#27;[0m Proxying [POST /element/00000000-0000-0a87-ffff-ffff0000058f/value] to [POST http://127.0.0.1:8204/session/7042bdb7-4021-4554-bdbd-007c56513d50/element/00000000-0000-0a87-ffff-ffff0000058f/value] with body: {"elementId":"00000000-0000-0a87-ffff-ffff0000058f","text":"bod@example.com","replace":false,"value":["b","o","d","@","e","x","a","m","p","l","e",".","c","o","m"]}
&amp#27;[38;5;77m[85346cc1]&amp#27;[0m&amp#27;[38;5;-51m[AndroidUiautomator2Driver@cca7]&amp#27;[0m Got response with status 200: {"sessionId":"7042bdb7-4021-4554-bdbd-007c56513d50","value":null}
&amp#27;[38;5;77m[85346cc1]&amp#27;[0m&amp#27;[38;5;-51m[AndroidUiautomator2Driver@cca7]&amp#27;[0m Responding to client with driver.setValue() result: null
&amp#27;[38;5;77m[85346cc1]&amp#27;[0m&amp#27;[38;5;86m[HTTP]&amp#27;[0m &amp#27;[37m<-- POST /session/85346cc1-bc75-43dd-bd8c-7d4025396cf4/element/00000000-0000-0a87-ffff-ffff0000058f/value &amp#27;[39m&amp#27;[32m200&amp#27;[39m &amp#27;[90m96 ms - 14&amp#27;[39m &amp#27;[90m&amp#27;[39m
&amp#27;[38;5;77m[85346cc1]&amp#27;[0m&amp#27;[38;5;86m[HTTP]&amp#27;[0m &amp#27;[37m-->&amp#27;[39m &amp#27;[37mGET&amp#27;[39m &amp#27;[37m/session/85346cc1-bc75-43dd-bd8c-7d4025396cf4/context&amp#27;[39m &amp#27;[90m{}&amp#27;[39m
&amp#27;[38;5;77m[85346cc1]&amp#27;[0m&amp#27;[38;5;-51m[AndroidUiautomator2Driver@cca7]&amp#27;[0m Calling AppiumDriver.getCurrentContext() with args: ["85346cc1-bc75-43dd-bd8c-7d4025396cf4"]
&amp#27;[38;5;77m[85346cc1]&amp#27;[0m&amp#27;[38;5;-51m[AndroidUiautomator2Driver@cca7]&amp#27;[0m Responding to client with driver.getCurrentContext() result: "NATIVE_APP"
&amp#27;[38;5;77m[85346cc1]&amp#27;[0m&amp#27;[38;5;86m[HTTP]&amp#27;[0m &amp#27;[37m<-- GET /session/85346cc1-bc75-43dd-bd8c-7d4025396cf4/context &amp#27;[39m&amp#27;[32m200&amp#27;[39m &amp#27;[90m2 ms - 22&amp#27;[39m &amp#27;[90m&amp#27;[39m
&amp#27;[38;5;77m[85346cc1]&amp#27;[0m&amp#27;[38;5;86m[HTTP]&amp#27;[0m &amp#27;[37m-->&amp#27;[39m &amp#27;[37mPOST&amp#27;[39m &amp#27;[37m/session/85346cc1-bc75-43dd-bd8c-7d4025396cf4/element&amp#27;[39m &amp#27;[90m{"value":"com.saucelabs.mydemoapp.android:id/passwordET","using":"id"}&amp#27;[39m
&amp#27;[38;5;77m[85346cc1]&amp#27;[0m&amp#27;[38;5;-51m[AndroidUiautomator2Driver@cca7]&amp#27;[0m Calling AppiumDriver.findElement() with args: ["id","com.saucelabs.mydemoapp.android:id/passwordET","85346cc1-bc75-43dd-bd8c-7d4025396cf4"]
&amp#27;[38;5;77m[85346cc1]&amp#27;[0m&amp#27;[38;5;-51m[AndroidUiautomator2Driver@cca7]&amp#27;[0m Valid locator strategies for this request: xpath, id, class name, accessibility id, css selector, -android uiautomator
&amp#27;[38;5;77m[85346cc1]&amp#27;[0m&amp#27;[38;5;-51m[AndroidUiautomator2Driver@cca7]&amp#27;[0m Waiting up to 15000 ms for condition
&amp#27;[38;5;77m[85346cc1]&amp#27;[0m&amp#27;[38;5;-51m[AndroidUiautomator2Driver@cca7]&amp#27;[0m Matched '/element' to command name 'findElement'
&amp#27;[38;5;77m[85346cc1]&amp#27;[0m&amp#27;[38;5;-51m[AndroidUiautomator2Driver@cca7]&amp#27;[0m Proxying [POST /element] to [POST http://127.0.0.1:8204/session/7042bdb7-4021-4554-bdbd-007c56513d50/element] with body: {"strategy":"id","selector":"com.saucelabs.mydemoapp.android:id/passwordET","context":"","multiple":false}
&amp#27;[38;5;77m[85346cc1]&amp#27;[0m&amp#27;[38;5;-51m[AndroidUiautomator2Driver@cca7]&amp#27;[0m Got response with status 200: {"sessionId":"7042bdb7-4021-4554-bdbd-007c56513d50","value":{"ELEMENT":"00000000-0000-0a87-ffff-ffff00000594","element-6066-11e4-a52e-4f735466cecf":"00000000-0000-0a87-ffff-ffff00000594"}}
&amp#27;[38;5;77m[85346cc1]&amp#27;[0m&amp#27;[38;5;-51m[AndroidUiautomator2Driver@cca7]&amp#27;[0m Responding to client with driver.findElement() result: {"element-6066-11e4-a52e-4f735466cecf":"00000000-0000-0a87-ffff-ffff00000594","ELEMENT":"00000000-0000-0a87-ffff-ffff00000594"}
&amp#27;[38;5;77m[85346cc1]&amp#27;[0m&amp#27;[38;5;86m[HTTP]&amp#27;[0m &amp#27;[37m<-- POST /session/85346cc1-bc75-43dd-bd8c-7d4025396cf4/element &amp#27;[39m&amp#27;[32m200&amp#27;[39m &amp#27;[90m682 ms - 137&amp#27;[39m &amp#27;[90m&amp#27;[39m
&amp#27;[38;5;77m[85346cc1]&amp#27;[0m&amp#27;[38;5;86m[HTTP]&amp#27;[0m &amp#27;[37m-->&amp#27;[39m &amp#27;[37mPOST&amp#27;[39m &amp#27;[37m/session/85346cc1-bc75-43dd-bd8c-7d4025396cf4/element/00000000-0000-0a87-ffff-ffff00000594/click&amp#27;[39m &amp#27;[90m{"id":"00000000-0000-0a87-ffff-ffff00000594"}&amp#27;[39m
&amp#27;[38;5;77m[85346cc1]&amp#27;[0m&amp#27;[38;5;-51m[AndroidUiautomator2Driver@cca7]&amp#27;[0m Calling AppiumDriver.click() with args: ["00000000-0000-0a87-ffff-ffff00000594","85346cc1-bc75-43dd-bd8c-7d4025396cf4"]
&amp#27;[38;5;77m[85346cc1]&amp#27;[0m&amp#27;[38;5;-51m[AndroidUiautomator2Driver@cca7]&amp#27;[0m Matched '/element/00000000-0000-0a87-ffff-ffff00000594/click' to command name 'click'
&amp#27;[38;5;77m[85346cc1]&amp#27;[0m&amp#27;[38;5;-51m[AndroidUiautomator2Driver@cca7]&amp#27;[0m Proxying [POST /element/00000000-0000-0a87-ffff-ffff00000594/click] to [POST http://127.0.0.1:8204/session/7042bdb7-4021-4554-bdbd-007c56513d50/element/00000000-0000-0a87-ffff-ffff00000594/click] with body: {"element":"00000000-0000-0a87-ffff-ffff00000594"}
&amp#27;[38;5;217m[8bf7fb40]&amp#27;[0m&amp#27;[38;5;11m[AndroidUiautomator2Driver@bae4]&amp#27;[0m Shutting down because we waited 60 seconds for a command
&amp#27;[38;5;217m[8bf7fb40]&amp#27;[0m&amp#27;[38;5;23m[AppiumDriver@398a]&amp#27;[0m Ending session, cause was 'New Command Timeout of 60 seconds expired. Try customizing the timeout using the 'newCommandTimeout' desired capability'
&amp#27;[38;5;217m[8bf7fb40]&amp#27;[0m&amp#27;[38;5;23m[AppiumDriver@398a]&amp#27;[0m Removing session '8bf7fb40-2daa-407f-9aad-75d107bc97f9' from our master session list
&amp#27;[38;5;217m[8bf7fb40]&amp#27;[0m&amp#27;[38;5;11m[AndroidUiautomator2Driver@bae4]&amp#27;[0m Deleting UiAutomator2 session
&amp#27;[38;5;217m[8bf7fb40]&amp#27;[0m&amp#27;[38;5;11m[AndroidUiautomator2Driver@bae4]&amp#27;[0m Deleting UiAutomator2 server session
&amp#27;[38;5;217m[8bf7fb40]&amp#27;[0m&amp#27;[38;5;11m[AndroidUiautomator2Driver@bae4]&amp#27;[0m Did not get confirmation UiAutomator2 deleteSession worked; Error was: UnknownError: An unknown server-side error occurred while processing the command. Original error: 'DELETE /' cannot be proxied to UiAutomator2 server because the instrumentation process is not running (probably crashed). Check the server log and/or the logcat output for more details
&amp#27;[38;5;217m[8bf7fb40]&amp#27;[0m&amp#27;[38;5;229m[ADB]&amp#27;[0m Running 'C:\Users\Testriq\AppData\Local\Android\Sdk\platform-tools\adb.exe -P 5037 -s 2A131FDH200HX6 shell dumpsys activity services io.appium.settings/.recorder.RecorderService'
&amp#27;[38;5;217m[8bf7fb40]&amp#27;[0m&amp#27;[38;5;229m[ADB]&amp#27;[0m Running 'C:\Users\Testriq\AppData\Local\Android\Sdk\platform-tools\adb.exe -P 5037 -s 2A131FDH200HX6 shell am force-stop com.saucelabs.mydemoapp.android'
&amp#27;[38;5;217m[8bf7fb40]&amp#27;[0m&amp#27;[38;5;229m[ADB]&amp#27;[0m Removing forwarded port socket connection: 8200 
&amp#27;[38;5;217m[8bf7fb40]&amp#27;[0m&amp#27;[38;5;229m[ADB]&amp#27;[0m Running 'C:\Users\Testriq\AppData\Local\Android\Sdk\platform-tools\adb.exe -P 5037 -s 2A131FDH200HX6 forward --remove tcp:8200'
&amp#27;[38;5;217m[8bf7fb40]&amp#27;[0m&amp#27;[38;5;11m[AndroidUiautomator2Driver@bae4]&amp#27;[0m Restoring hidden api policy to the device default configuration
&amp#27;[38;5;217m[8bf7fb40]&amp#27;[0m&amp#27;[38;5;229m[ADB]&amp#27;[0m Running 'C:\Users\Testriq\AppData\Local\Android\Sdk\platform-tools\adb.exe -P 5037 -s 2A131FDH200HX6 shell 'settings delete global hidden_api_policy_pre_p_apps;settings delete global hidden_api_policy_p_apps;settings delete global hidden_api_policy''
&amp#27;[38;5;217m[8bf7fb40]&amp#27;[0m&amp#27;[38;5;160m[Logcat]&amp#27;[0m Stopping logcat capture
&amp#27;[38;5;77m[85346cc1]&amp#27;[0m&amp#27;[38;5;-51m[AndroidUiautomator2Driver@cca7]&amp#27;[0m Got response with status 200: {"sessionId":"7042bdb7-4021-4554-bdbd-007c56513d50","value":null}
&amp#27;[38;5;77m[85346cc1]&amp#27;[0m&amp#27;[38;5;-51m[AndroidUiautomator2Driver@cca7]&amp#27;[0m Responding to client with driver.click() result: null
&amp#27;[38;5;77m[85346cc1]&amp#27;[0m&amp#27;[38;5;86m[HTTP]&amp#27;[0m &amp#27;[37m<-- POST /session/85346cc1-bc75-43dd-bd8c-7d4025396cf4/element/00000000-0000-0a87-ffff-ffff00000594/click &amp#27;[39m&amp#27;[32m200&amp#27;[39m &amp#27;[90m1442 ms - 14&amp#27;[39m &amp#27;[90m&amp#27;[39m
&amp#27;[38;5;77m[85346cc1]&amp#27;[0m&amp#27;[38;5;86m[HTTP]&amp#27;[0m &amp#27;[37m-->&amp#27;[39m &amp#27;[37mGET&amp#27;[39m &amp#27;[37m/session/85346cc1-bc75-43dd-bd8c-7d4025396cf4/context&amp#27;[39m &amp#27;[90m{}&amp#27;[39m
&amp#27;[38;5;77m[85346cc1]&amp#27;[0m&amp#27;[38;5;-51m[AndroidUiautomator2Driver@cca7]&amp#27;[0m Calling AppiumDriver.getCurrentContext() with args: ["85346cc1-bc75-43dd-bd8c-7d4025396cf4"]
&amp#27;[38;5;77m[85346cc1]&amp#27;[0m&amp#27;[38;5;-51m[AndroidUiautomator2Driver@cca7]&amp#27;[0m Responding to client with driver.getCurrentContext() result: "NATIVE_APP"
&amp#27;[38;5;77m[85346cc1]&amp#27;[0m&amp#27;[38;5;86m[HTTP]&amp#27;[0m &amp#27;[37m<-- GET /session/85346cc1-bc75-43dd-bd8c-7d4025396cf4/context &amp#27;[39m&amp#27;[32m200&amp#27;[39m &amp#27;[90m2 ms - 22&amp#27;[39m &amp#27;[90m&amp#27;[39m
&amp#27;[38;5;77m[85346cc1]&amp#27;[0m&amp#27;[38;5;86m[HTTP]&amp#27;[0m &amp#27;[37m-->&amp#27;[39m &amp#27;[37mPOST&amp#27;[39m &amp#27;[37m/session/85346cc1-bc75-43dd-bd8c-7d4025396cf4/element&amp#27;[39m &amp#27;[90m{"value":"com.saucelabs.mydemoapp.android:id/passwordET","using":"id"}&amp#27;[39m
&amp#27;[38;5;77m[85346cc1]&amp#27;[0m&amp#27;[38;5;-51m[AndroidUiautomator2Driver@cca7]&amp#27;[0m Calling AppiumDriver.findElement() with args: ["id","com.saucelabs.mydemoapp.android:id/passwordET","85346cc1-bc75-43dd-bd8c-7d4025396cf4"]
&amp#27;[38;5;77m[85346cc1]&amp#27;[0m&amp#27;[38;5;-51m[AndroidUiautomator2Driver@cca7]&amp#27;[0m Valid locator strategies for this request: xpath, id, class name, accessibility id, css selector, -android uiautomator
&amp#27;[38;5;77m[85346cc1]&amp#27;[0m&amp#27;[38;5;-51m[AndroidUiautomator2Driver@cca7]&amp#27;[0m Waiting up to 15000 ms for condition
&amp#27;[38;5;77m[85346cc1]&amp#27;[0m&amp#27;[38;5;-51m[AndroidUiautomator2Driver@cca7]&amp#27;[0m Matched '/element' to command name 'findElement'
&amp#27;[38;5;77m[85346cc1]&amp#27;[0m&amp#27;[38;5;-51m[AndroidUiautomator2Driver@cca7]&amp#27;[0m Proxying [POST /element] to [POST http://127.0.0.1:8204/session/7042bdb7-4021-4554-bdbd-007c56513d50/element] with body: {"strategy":"id","selector":"com.saucelabs.mydemoapp.android:id/passwordET","context":"","multiple":false}
&amp#27;[38;5;77m[85346cc1]&amp#27;[0m&amp#27;[38;5;-51m[AndroidUiautomator2Driver@cca7]&amp#27;[0m Got response with status 404: {"sessionId":"7042bdb7-4021-4554-bdbd-007c56513d50","value":{"error":"no such element","message":"An element could not be located on the page using the given search parameters","stacktrace":"io.appium.uiautomator2.common.exceptions.ElementNotFoundException: An element could not be located on the page using the given search parameters\n\tat io.appium.uiautomator2.handler.FindElement.safeHandle(FindElement.java:63)\n\tat io.appium.uiautomator2.handler.request.SafeRequestHandler.handle(SafeRequestHandler.java:59)\n\tat io.appium.uiautomator2.server.AppiumServlet.handleRequest(AppiumServlet.java:259)\n\tat io.appium.uiautomator2.server.AppiumServlet.handleHttpRequest(AppiumServlet.java:253)\n\tat io.appium.uiautomator2.http.ServerHandler.channelRead(ServerHandler.java:77)\n\tat io.netty.channel.AbstractChannelHandlerContext.invokeChannelRead(AbstractChannelHandlerContext.java:366)\n\tat io.netty.channel.AbstractChannelHandlerContext.invokeChannelRead(AbstractChannelHandlerContext.java:352)\n\tat io.netty.chann...
&amp#27;[38;5;77m[85346cc1]&amp#27;[0m&amp#27;[38;5;123m[W3C]&amp#27;[0m Matched W3C error code 'no such element' to NoSuchElementError
&amp#27;[38;5;77m[85346cc1]&amp#27;[0m&amp#27;[38;5;-51m[AndroidUiautomator2Driver@cca7]&amp#27;[0m Waited for 193 ms so far
&amp#27;[38;5;77m[85346cc1]&amp#27;[0m&amp#27;[38;5;-51m[AndroidUiautomator2Driver@cca7]&amp#27;[0m Matched '/element' to command name 'findElement'
&amp#27;[38;5;77m[85346cc1]&amp#27;[0m&amp#27;[38;5;-51m[AndroidUiautomator2Driver@cca7]&amp#27;[0m Proxying [POST /element] to [POST http://127.0.0.1:8204/session/7042bdb7-4021-4554-bdbd-007c56513d50/element] with body: {"strategy":"id","selector":"com.saucelabs.mydemoapp.android:id/passwordET","context":"","multiple":false}
&amp#27;[38;5;77m[85346cc1]&amp#27;[0m&amp#27;[38;5;-51m[AndroidUiautomator2Driver@cca7]&amp#27;[0m Got response with status 404: {"sessionId":"7042bdb7-4021-4554-bdbd-007c56513d50","value":{"error":"no such element","message":"An element could not be located on the page using the given search parameters","stacktrace":"io.appium.uiautomator2.common.exceptions.ElementNotFoundException: An element could not be located on the page using the given search parameters\n\tat io.appium.uiautomator2.handler.FindElement.safeHandle(FindElement.java:63)\n\tat io.appium.uiautomator2.handler.request.SafeRequestHandler.handle(SafeRequestHandler.java:59)\n\tat io.appium.uiautomator2.server.AppiumServlet.handleRequest(AppiumServlet.java:259)\n\tat io.appium.uiautomator2.server.AppiumServlet.handleHttpRequest(AppiumServlet.java:253)\n\tat io.appium.uiautomator2.http.ServerHandler.channelRead(ServerHandler.java:77)\n\tat io.netty.channel.AbstractChannelHandlerContext.invokeChannelRead(AbstractChannelHandlerContext.java:366)\n\tat io.netty.channel.AbstractChannelHandlerContext.invokeChannelRead(AbstractChannelHandlerContext.java:352)\n\tat io.netty.chann...
&amp#27;[38;5;77m[85346cc1]&amp#27;[0m&amp#27;[38;5;123m[W3C]&amp#27;[0m Matched W3C error code 'no such element' to NoSuchElementError
&amp#27;[38;5;77m[85346cc1]&amp#27;[0m&amp#27;[38;5;-51m[AndroidUiautomator2Driver@cca7]&amp#27;[0m Waited for 897 ms so far
&amp#27;[38;5;77m[85346cc1]&amp#27;[0m&amp#27;[38;5;-51m[AndroidUiautomator2Driver@cca7]&amp#27;[0m Matched '/element' to command name 'findElement'
&amp#27;[38;5;77m[85346cc1]&amp#27;[0m&amp#27;[38;5;-51m[AndroidUiautomator2Driver@cca7]&amp#27;[0m Proxying [POST /element] to [POST http://127.0.0.1:8204/session/7042bdb7-4021-4554-bdbd-007c56513d50/element] with body: {"strategy":"id","selector":"com.saucelabs.mydemoapp.android:id/passwordET","context":"","multiple":false}
&amp#27;[38;5;77m[85346cc1]&amp#27;[0m&amp#27;[38;5;-51m[AndroidUiautomator2Driver@cca7]&amp#27;[0m Got response with status 404: {"sessionId":"7042bdb7-4021-4554-bdbd-007c56513d50","value":{"error":"no such element","message":"An element could not be located on the page using the given search parameters","stacktrace":"io.appium.uiautomator2.common.exceptions.ElementNotFoundException: An element could not be located on the page using the given search parameters\n\tat io.appium.uiautomator2.handler.FindElement.safeHandle(FindElement.java:63)\n\tat io.appium.uiautomator2.handler.request.SafeRequestHandler.handle(SafeRequestHandler.java:59)\n\tat io.appium.uiautomator2.server.AppiumServlet.handleRequest(AppiumServlet.java:259)\n\tat io.appium.uiautomator2.server.AppiumServlet.handleHttpRequest(AppiumServlet.java:253)\n\tat io.appium.uiautomator2.http.ServerHandler.channelRead(ServerHandler.java:77)\n\tat io.netty.channel.AbstractChannelHandlerContext.invokeChannelRead(AbstractChannelHandlerContext.java:366)\n\tat io.netty.channel.AbstractChannelHandlerContext.invokeChannelRead(AbstractChannelHandlerContext.java:352)\n\tat io.netty.chann...
&amp#27;[38;5;77m[85346cc1]&amp#27;[0m&amp#27;[38;5;123m[W3C]&amp#27;[0m Matched W3C error code 'no such element' to NoSuchElementError
&amp#27;[38;5;77m[85346cc1]&amp#27;[0m&amp#27;[38;5;-51m[AndroidUiautomator2Driver@cca7]&amp#27;[0m Waited for 1578 ms so far
&amp#27;[38;5;77m[85346cc1]&amp#27;[0m&amp#27;[38;5;-51m[AndroidUiautomator2Driver@cca7]&amp#27;[0m Matched '/element' to command name 'findElement'
&amp#27;[38;5;77m[85346cc1]&amp#27;[0m&amp#27;[38;5;-51m[AndroidUiautomator2Driver@cca7]&amp#27;[0m Proxying [POST /element] to [POST http://127.0.0.1:8204/session/7042bdb7-4021-4554-bdbd-007c56513d50/element] with body: {"strategy":"id","selector":"com.saucelabs.mydemoapp.android:id/passwordET","context":"","multiple":false}
&amp#27;[38;5;77m[85346cc1]&amp#27;[0m&amp#27;[38;5;-51m[AndroidUiautomator2Driver@cca7]&amp#27;[0m Got response with status 404: {"sessionId":"7042bdb7-4021-4554-bdbd-007c56513d50","value":{"error":"no such element","message":"An element could not be located on the page using the given search parameters","stacktrace":"io.appium.uiautomator2.common.exceptions.ElementNotFoundException: An element could not be located on the page using the given search parameters\n\tat io.appium.uiautomator2.handler.FindElement.safeHandle(FindElement.java:63)\n\tat io.appium.uiautomator2.handler.request.SafeRequestHandler.handle(SafeRequestHandler.java:59)\n\tat io.appium.uiautomator2.server.AppiumServlet.handleRequest(AppiumServlet.java:259)\n\tat io.appium.uiautomator2.server.AppiumServlet.handleHttpRequest(AppiumServlet.java:253)\n\tat io.appium.uiautomator2.http.ServerHandler.channelRead(ServerHandler.java:77)\n\tat io.netty.channel.AbstractChannelHandlerContext.invokeChannelRead(AbstractChannelHandlerContext.java:366)\n\tat io.netty.channel.AbstractChannelHandlerContext.invokeChannelRead(AbstractChannelHandlerContext.java:352)\n\tat io.netty.chann...
&amp#27;[38;5;77m[85346cc1]&amp#27;[0m&amp#27;[38;5;123m[W3C]&amp#27;[0m Matched W3C error code 'no such element' to NoSuchElementError
&amp#27;[38;5;77m[85346cc1]&amp#27;[0m&amp#27;[38;5;-51m[AndroidUiautomator2Driver@cca7]&amp#27;[0m Waited for 2247 ms so far
&amp#27;[38;5;77m[85346cc1]&amp#27;[0m&amp#27;[38;5;-51m[AndroidUiautomator2Driver@cca7]&amp#27;[0m Matched '/element' to command name 'findElement'
&amp#27;[38;5;77m[85346cc1]&amp#27;[0m&amp#27;[38;5;-51m[AndroidUiautomator2Driver@cca7]&amp#27;[0m Proxying [POST /element] to [POST http://127.0.0.1:8204/session/7042bdb7-4021-4554-bdbd-007c56513d50/element] with body: {"strategy":"id","selector":"com.saucelabs.mydemoapp.android:id/passwordET","context":"","multiple":false}
&amp#27;[38;5;77m[85346cc1]&amp#27;[0m&amp#27;[38;5;-51m[AndroidUiautomator2Driver@cca7]&amp#27;[0m Got response with status 404: {"sessionId":"7042bdb7-4021-4554-bdbd-007c56513d50","value":{"error":"no such element","message":"An element could not be located on the page using the given search parameters","stacktrace":"io.appium.uiautomator2.common.exceptions.ElementNotFoundException: An element could not be located on the page using the given search parameters\n\tat io.appium.uiautomator2.handler.FindElement.safeHandle(FindElement.java:63)\n\tat io.appium.uiautomator2.handler.request.SafeRequestHandler.handle(SafeRequestHandler.java:59)\n\tat io.appium.uiautomator2.server.AppiumServlet.handleRequest(AppiumServlet.java:259)\n\tat io.appium.uiautomator2.server.AppiumServlet.handleHttpRequest(AppiumServlet.java:253)\n\tat io.appium.uiautomator2.http.ServerHandler.channelRead(ServerHandler.java:77)\n\tat io.netty.channel.AbstractChannelHandlerContext.invokeChannelRead(AbstractChannelHandlerContext.java:366)\n\tat io.netty.channel.AbstractChannelHandlerContext.invokeChannelRead(AbstractChannelHandlerContext.java:352)\n\tat io.netty.chann...
&amp#27;[38;5;77m[85346cc1]&amp#27;[0m&amp#27;[38;5;123m[W3C]&amp#27;[0m Matched W3C error code 'no such element' to NoSuchElementError
&amp#27;[38;5;77m[85346cc1]&amp#27;[0m&amp#27;[38;5;-51m[AndroidUiautomator2Driver@cca7]&amp#27;[0m Waited for 2939 ms so far
&amp#27;[38;5;77m[85346cc1]&amp#27;[0m&amp#27;[38;5;-51m[AndroidUiautomator2Driver@cca7]&amp#27;[0m Matched '/element' to command name 'findElement'
&amp#27;[38;5;77m[85346cc1]&amp#27;[0m&amp#27;[38;5;-51m[AndroidUiautomator2Driver@cca7]&amp#27;[0m Proxying [POST /element] to [POST http://127.0.0.1:8204/session/7042bdb7-4021-4554-bdbd-007c56513d50/element] with body: {"strategy":"id","selector":"com.saucelabs.mydemoapp.android:id/passwordET","context":"","multiple":false}
&amp#27;[38;5;77m[85346cc1]&amp#27;[0m&amp#27;[38;5;-51m[AndroidUiautomator2Driver@cca7]&amp#27;[0m Got response with status 404: {"sessionId":"7042bdb7-4021-4554-bdbd-007c56513d50","value":{"error":"no such element","message":"An element could not be located on the page using the given search parameters","stacktrace":"io.appium.uiautomator2.common.exceptions.ElementNotFoundException: An element could not be located on the page using the given search parameters\n\tat io.appium.uiautomator2.handler.FindElement.safeHandle(FindElement.java:63)\n\tat io.appium.uiautomator2.handler.request.SafeRequestHandler.handle(SafeRequestHandler.java:59)\n\tat io.appium.uiautomator2.server.AppiumServlet.handleRequest(AppiumServlet.java:259)\n\tat io.appium.uiautomator2.server.AppiumServlet.handleHttpRequest(AppiumServlet.java:253)\n\tat io.appium.uiautomator2.http.ServerHandler.channelRead(ServerHandler.java:77)\n\tat io.netty.channel.AbstractChannelHandlerContext.invokeChannelRead(AbstractChannelHandlerContext.java:366)\n\tat io.netty.channel.AbstractChannelHandlerContext.invokeChannelRead(AbstractChannelHandlerContext.java:352)\n\tat io.netty.chann...
&amp#27;[38;5;77m[85346cc1]&amp#27;[0m&amp#27;[38;5;123m[W3C]&amp#27;[0m Matched W3C error code 'no such element' to NoSuchElementError
&amp#27;[38;5;77m[85346cc1]&amp#27;[0m&amp#27;[38;5;-51m[AndroidUiautomator2Driver@cca7]&amp#27;[0m Waited for 3647 ms so far
&amp#27;[38;5;77m[85346cc1]&amp#27;[0m&amp#27;[38;5;-51m[AndroidUiautomator2Driver@cca7]&amp#27;[0m Matched '/element' to command name 'findElement'
&amp#27;[38;5;77m[85346cc1]&amp#27;[0m&amp#27;[38;5;-51m[AndroidUiautomator2Driver@cca7]&amp#27;[0m Proxying [POST /element] to [POST http://127.0.0.1:8204/session/7042bdb7-4021-4554-bdbd-007c56513d50/element] with body: {"strategy":"id","selector":"com.saucelabs.mydemoapp.android:id/passwordET","context":"","multiple":false}
&amp#27;[38;5;77m[85346cc1]&amp#27;[0m&amp#27;[38;5;-51m[AndroidUiautomator2Driver@cca7]&amp#27;[0m Got response with status 404: {"sessionId":"7042bdb7-4021-4554-bdbd-007c56513d50","value":{"error":"no such element","message":"An element could not be located on the page using the given search parameters","stacktrace":"io.appium.uiautomator2.common.exceptions.ElementNotFoundException: An element could not be located on the page using the given search parameters\n\tat io.appium.uiautomator2.handler.FindElement.safeHandle(FindElement.java:63)\n\tat io.appium.uiautomator2.handler.request.SafeRequestHandler.handle(SafeRequestHandler.java:59)\n\tat io.appium.uiautomator2.server.AppiumServlet.handleRequest(AppiumServlet.java:259)\n\tat io.appium.uiautomator2.server.AppiumServlet.handleHttpRequest(AppiumServlet.java:253)\n\tat io.appium.uiautomator2.http.ServerHandler.channelRead(ServerHandler.java:77)\n\tat io.netty.channel.AbstractChannelHandlerContext.invokeChannelRead(AbstractChannelHandlerContext.java:366)\n\tat io.netty.channel.AbstractChannelHandlerContext.invokeChannelRead(AbstractChannelHandlerContext.java:352)\n\tat io.netty.chann...
&amp#27;[38;5;77m[85346cc1]&amp#27;[0m&amp#27;[38;5;123m[W3C]&amp#27;[0m Matched W3C error code 'no such element' to NoSuchElementError
&amp#27;[38;5;77m[85346cc1]&amp#27;[0m&amp#27;[38;5;-51m[AndroidUiautomator2Driver@cca7]&amp#27;[0m Waited for 4328 ms so far
&amp#27;[38;5;77m[85346cc1]&amp#27;[0m&amp#27;[38;5;-51m[AndroidUiautomator2Driver@cca7]&amp#27;[0m Matched '/element' to command name 'findElement'
&amp#27;[38;5;77m[85346cc1]&amp#27;[0m&amp#27;[38;5;-51m[AndroidUiautomator2Driver@cca7]&amp#27;[0m Proxying [POST /element] to [POST http://127.0.0.1:8204/session/7042bdb7-4021-4554-bdbd-007c56513d50/element] with body: {"strategy":"id","selector":"com.saucelabs.mydemoapp.android:id/passwordET","context":"","multiple":false}
&amp#27;[38;5;77m[85346cc1]&amp#27;[0m&amp#27;[38;5;-51m[AndroidUiautomator2Driver@cca7]&amp#27;[0m Got response with status 404: {"sessionId":"7042bdb7-4021-4554-bdbd-007c56513d50","value":{"error":"no such element","message":"An element could not be located on the page using the given search parameters","stacktrace":"io.appium.uiautomator2.common.exceptions.ElementNotFoundException: An element could not be located on the page using the given search parameters\n\tat io.appium.uiautomator2.handler.FindElement.safeHandle(FindElement.java:63)\n\tat io.appium.uiautomator2.handler.request.SafeRequestHandler.handle(SafeRequestHandler.java:59)\n\tat io.appium.uiautomator2.server.AppiumServlet.handleRequest(AppiumServlet.java:259)\n\tat io.appium.uiautomator2.server.AppiumServlet.handleHttpRequest(AppiumServlet.java:253)\n\tat io.appium.uiautomator2.http.ServerHandler.channelRead(ServerHandler.java:77)\n\tat io.netty.channel.AbstractChannelHandlerContext.invokeChannelRead(AbstractChannelHandlerContext.java:366)\n\tat io.netty.channel.AbstractChannelHandlerContext.invokeChannelRead(AbstractChannelHandlerContext.java:352)\n\tat io.netty.chann...
&amp#27;[38;5;77m[85346cc1]&amp#27;[0m&amp#27;[38;5;123m[W3C]&amp#27;[0m Matched W3C error code 'no such element' to NoSuchElementError
&amp#27;[38;5;77m[85346cc1]&amp#27;[0m&amp#27;[38;5;-51m[AndroidUiautomator2Driver@cca7]&amp#27;[0m Waited for 5045 ms so far
&amp#27;[38;5;77m[85346cc1]&amp#27;[0m&amp#27;[38;5;-51m[AndroidUiautomator2Driver@cca7]&amp#27;[0m Matched '/element' to command name 'findElement'
&amp#27;[38;5;77m[85346cc1]&amp#27;[0m&amp#27;[38;5;-51m[AndroidUiautomator2Driver@cca7]&amp#27;[0m Proxying [POST /element] to [POST http://127.0.0.1:8204/session/7042bdb7-4021-4554-bdbd-007c56513d50/element] with body: {"strategy":"id","selector":"com.saucelabs.mydemoapp.android:id/passwordET","context":"","multiple":false}
&amp#27;[38;5;77m[85346cc1]&amp#27;[0m&amp#27;[38;5;-51m[AndroidUiautomator2Driver@cca7]&amp#27;[0m Got response with status 404: {"sessionId":"7042bdb7-4021-4554-bdbd-007c56513d50","value":{"error":"no such element","message":"An element could not be located on the page using the given search parameters","stacktrace":"io.appium.uiautomator2.common.exceptions.ElementNotFoundException: An element could not be located on the page using the given search parameters\n\tat io.appium.uiautomator2.handler.FindElement.safeHandle(FindElement.java:63)\n\tat io.appium.uiautomator2.handler.request.SafeRequestHandler.handle(SafeRequestHandler.java:59)\n\tat io.appium.uiautomator2.server.AppiumServlet.handleRequest(AppiumServlet.java:259)\n\tat io.appium.uiautomator2.server.AppiumServlet.handleHttpRequest(AppiumServlet.java:253)\n\tat io.appium.uiautomator2.http.ServerHandler.channelRead(ServerHandler.java:77)\n\tat io.netty.channel.AbstractChannelHandlerContext.invokeChannelRead(AbstractChannelHandlerContext.java:366)\n\tat io.netty.channel.AbstractChannelHandlerContext.invokeChannelRead(AbstractChannelHandlerContext.java:352)\n\tat io.netty.chann...
&amp#27;[38;5;77m[85346cc1]&amp#27;[0m&amp#27;[38;5;123m[W3C]&amp#27;[0m Matched W3C error code 'no such element' to NoSuchElementError
&amp#27;[38;5;77m[85346cc1]&amp#27;[0m&amp#27;[38;5;-51m[AndroidUiautomator2Driver@cca7]&amp#27;[0m Waited for 5723 ms so far
&amp#27;[38;5;77m[85346cc1]&amp#27;[0m&amp#27;[38;5;-51m[AndroidUiautomator2Driver@cca7]&amp#27;[0m Matched '/element' to command name 'findElement'
&amp#27;[38;5;77m[85346cc1]&amp#27;[0m&amp#27;[38;5;-51m[AndroidUiautomator2Driver@cca7]&amp#27;[0m Proxying [POST /element] to [POST http://127.0.0.1:8204/session/7042bdb7-4021-4554-bdbd-007c56513d50/element] with body: {"strategy":"id","selector":"com.saucelabs.mydemoapp.android:id/passwordET","context":"","multiple":false}
&amp#27;[38;5;77m[85346cc1]&amp#27;[0m&amp#27;[38;5;-51m[AndroidUiautomator2Driver@cca7]&amp#27;[0m Got response with status 404: {"sessionId":"7042bdb7-4021-4554-bdbd-007c56513d50","value":{"error":"no such element","message":"An element could not be located on the page using the given search parameters","stacktrace":"io.appium.uiautomator2.common.exceptions.ElementNotFoundException: An element could not be located on the page using the given search parameters\n\tat io.appium.uiautomator2.handler.FindElement.safeHandle(FindElement.java:63)\n\tat io.appium.uiautomator2.handler.request.SafeRequestHandler.handle(SafeRequestHandler.java:59)\n\tat io.appium.uiautomator2.server.AppiumServlet.handleRequest(AppiumServlet.java:259)\n\tat io.appium.uiautomator2.server.AppiumServlet.handleHttpRequest(AppiumServlet.java:253)\n\tat io.appium.uiautomator2.http.ServerHandler.channelRead(ServerHandler.java:77)\n\tat io.netty.channel.AbstractChannelHandlerContext.invokeChannelRead(AbstractChannelHandlerContext.java:366)\n\tat io.netty.channel.AbstractChannelHandlerContext.invokeChannelRead(AbstractChannelHandlerContext.java:352)\n\tat io.netty.chann...
&amp#27;[38;5;77m[85346cc1]&amp#27;[0m&amp#27;[38;5;123m[W3C]&amp#27;[0m Matched W3C error code 'no such element' to NoSuchElementError
&amp#27;[38;5;77m[85346cc1]&amp#27;[0m&amp#27;[38;5;-51m[AndroidUiautomator2Driver@cca7]&amp#27;[0m Waited for 6423 ms so far
&amp#27;[38;5;77m[85346cc1]&amp#27;[0m&amp#27;[38;5;-51m[AndroidUiautomator2Driver@cca7]&amp#27;[0m Matched '/element' to command name 'findElement'
&amp#27;[38;5;77m[85346cc1]&amp#27;[0m&amp#27;[38;5;-51m[AndroidUiautomator2Driver@cca7]&amp#27;[0m Proxying [POST /element] to [POST http://127.0.0.1:8204/session/7042bdb7-4021-4554-bdbd-007c56513d50/element] with body: {"strategy":"id","selector":"com.saucelabs.mydemoapp.android:id/passwordET","context":"","multiple":false}
&amp#27;[38;5;77m[85346cc1]&amp#27;[0m&amp#27;[38;5;-51m[AndroidUiautomator2Driver@cca7]&amp#27;[0m Got response with status 404: {"sessionId":"7042bdb7-4021-4554-bdbd-007c56513d50","value":{"error":"no such element","message":"An element could not be located on the page using the given search parameters","stacktrace":"io.appium.uiautomator2.common.exceptions.ElementNotFoundException: An element could not be located on the page using the given search parameters\n\tat io.appium.uiautomator2.handler.FindElement.safeHandle(FindElement.java:63)\n\tat io.appium.uiautomator2.handler.request.SafeRequestHandler.handle(SafeRequestHandler.java:59)\n\tat io.appium.uiautomator2.server.AppiumServlet.handleRequest(AppiumServlet.java:259)\n\tat io.appium.uiautomator2.server.AppiumServlet.handleHttpRequest(AppiumServlet.java:253)\n\tat io.appium.uiautomator2.http.ServerHandler.channelRead(ServerHandler.java:77)\n\tat io.netty.channel.AbstractChannelHandlerContext.invokeChannelRead(AbstractChannelHandlerContext.java:366)\n\tat io.netty.channel.AbstractChannelHandlerContext.invokeChannelRead(AbstractChannelHandlerContext.java:352)\n\tat io.netty.chann...
&amp#27;[38;5;77m[85346cc1]&amp#27;[0m&amp#27;[38;5;123m[W3C]&amp#27;[0m Matched W3C error code 'no such element' to NoSuchElementError
&amp#27;[38;5;77m[85346cc1]&amp#27;[0m&amp#27;[38;5;-51m[AndroidUiautomator2Driver@cca7]&amp#27;[0m Waited for 7133 ms so far
&amp#27;[38;5;77m[85346cc1]&amp#27;[0m&amp#27;[38;5;-51m[AndroidUiautomator2Driver@cca7]&amp#27;[0m Matched '/element' to command name 'findElement'
&amp#27;[38;5;77m[85346cc1]&amp#27;[0m&amp#27;[38;5;-51m[AndroidUiautomator2Driver@cca7]&amp#27;[0m Proxying [POST /element] to [POST http://127.0.0.1:8204/session/7042bdb7-4021-4554-bdbd-007c56513d50/element] with body: {"strategy":"id","selector":"com.saucelabs.mydemoapp.android:id/passwordET","context":"","multiple":false}
&amp#27;[38;5;77m[85346cc1]&amp#27;[0m&amp#27;[38;5;-51m[AndroidUiautomator2Driver@cca7]&amp#27;[0m Got response with status 404: {"sessionId":"7042bdb7-4021-4554-bdbd-007c56513d50","value":{"error":"no such element","message":"An element could not be located on the page using the given search parameters","stacktrace":"io.appium.uiautomator2.common.exceptions.ElementNotFoundException: An element could not be located on the page using the given search parameters\n\tat io.appium.uiautomator2.handler.FindElement.safeHandle(FindElement.java:63)\n\tat io.appium.uiautomator2.handler.request.SafeRequestHandler.handle(SafeRequestHandler.java:59)\n\tat io.appium.uiautomator2.server.AppiumServlet.handleRequest(AppiumServlet.java:259)\n\tat io.appium.uiautomator2.server.AppiumServlet.handleHttpRequest(AppiumServlet.java:253)\n\tat io.appium.uiautomator2.http.ServerHandler.channelRead(ServerHandler.java:77)\n\tat io.netty.channel.AbstractChannelHandlerContext.invokeChannelRead(AbstractChannelHandlerContext.java:366)\n\tat io.netty.channel.AbstractChannelHandlerContext.invokeChannelRead(AbstractChannelHandlerContext.java:352)\n\tat io.netty.chann...
&amp#27;[38;5;77m[85346cc1]&amp#27;[0m&amp#27;[38;5;123m[W3C]&amp#27;[0m Matched W3C error code 'no such element' to NoSuchElementError
&amp#27;[38;5;77m[85346cc1]&amp#27;[0m&amp#27;[38;5;-51m[AndroidUiautomator2Driver@cca7]&amp#27;[0m Waited for 7813 ms so far
&amp#27;[38;5;77m[85346cc1]&amp#27;[0m&amp#27;[38;5;-51m[AndroidUiautomator2Driver@cca7]&amp#27;[0m Matched '/element' to command name 'findElement'
&amp#27;[38;5;77m[85346cc1]&amp#27;[0m&amp#27;[38;5;-51m[AndroidUiautomator2Driver@cca7]&amp#27;[0m Proxying [POST /element] to [POST http://127.0.0.1:8204/session/7042bdb7-4021-4554-bdbd-007c56513d50/element] with body: {"strategy":"id","selector":"com.saucelabs.mydemoapp.android:id/passwordET","context":"","multiple":false}
&amp#27;[38;5;77m[85346cc1]&amp#27;[0m&amp#27;[38;5;-51m[AndroidUiautomator2Driver@cca7]&amp#27;[0m Got response with status 404: {"sessionId":"7042bdb7-4021-4554-bdbd-007c56513d50","value":{"error":"no such element","message":"An element could not be located on the page using the given search parameters","stacktrace":"io.appium.uiautomator2.common.exceptions.ElementNotFoundException: An element could not be located on the page using the given search parameters\n\tat io.appium.uiautomator2.handler.FindElement.safeHandle(FindElement.java:63)\n\tat io.appium.uiautomator2.handler.request.SafeRequestHandler.handle(SafeRequestHandler.java:59)\n\tat io.appium.uiautomator2.server.AppiumServlet.handleRequest(AppiumServlet.java:259)\n\tat io.appium.uiautomator2.server.AppiumServlet.handleHttpRequest(AppiumServlet.java:253)\n\tat io.appium.uiautomator2.http.ServerHandler.channelRead(ServerHandler.java:77)\n\tat io.netty.channel.AbstractChannelHandlerContext.invokeChannelRead(AbstractChannelHandlerContext.java:366)\n\tat io.netty.channel.AbstractChannelHandlerContext.invokeChannelRead(AbstractChannelHandlerContext.java:352)\n\tat io.netty.chann...
&amp#27;[38;5;77m[85346cc1]&amp#27;[0m&amp#27;[38;5;123m[W3C]&amp#27;[0m Matched W3C error code 'no such element' to NoSuchElementError
&amp#27;[38;5;77m[85346cc1]&amp#27;[0m&amp#27;[38;5;-51m[AndroidUiautomator2Driver@cca7]&amp#27;[0m Waited for 8511 ms so far
&amp#27;[38;5;77m[85346cc1]&amp#27;[0m&amp#27;[38;5;-51m[AndroidUiautomator2Driver@cca7]&amp#27;[0m Matched '/element' to command name 'findElement'
&amp#27;[38;5;77m[85346cc1]&amp#27;[0m&amp#27;[38;5;-51m[AndroidUiautomator2Driver@cca7]&amp#27;[0m Proxying [POST /element] to [POST http://127.0.0.1:8204/session/7042bdb7-4021-4554-bdbd-007c56513d50/element] with body: {"strategy":"id","selector":"com.saucelabs.mydemoapp.android:id/passwordET","context":"","multiple":false}
&amp#27;[38;5;77m[85346cc1]&amp#27;[0m&amp#27;[38;5;-51m[AndroidUiautomator2Driver@cca7]&amp#27;[0m Got response with status 404: {"sessionId":"7042bdb7-4021-4554-bdbd-007c56513d50","value":{"error":"no such element","message":"An element could not be located on the page using the given search parameters","stacktrace":"io.appium.uiautomator2.common.exceptions.ElementNotFoundException: An element could not be located on the page using the given search parameters\n\tat io.appium.uiautomator2.handler.FindElement.safeHandle(FindElement.java:63)\n\tat io.appium.uiautomator2.handler.request.SafeRequestHandler.handle(SafeRequestHandler.java:59)\n\tat io.appium.uiautomator2.server.AppiumServlet.handleRequest(AppiumServlet.java:259)\n\tat io.appium.uiautomator2.server.AppiumServlet.handleHttpRequest(AppiumServlet.java:253)\n\tat io.appium.uiautomator2.http.ServerHandler.channelRead(ServerHandler.java:77)\n\tat io.netty.channel.AbstractChannelHandlerContext.invokeChannelRead(AbstractChannelHandlerContext.java:366)\n\tat io.netty.channel.AbstractChannelHandlerContext.invokeChannelRead(AbstractChannelHandlerContext.java:352)\n\tat io.netty.chann...
&amp#27;[38;5;77m[85346cc1]&amp#27;[0m&amp#27;[38;5;123m[W3C]&amp#27;[0m Matched W3C error code 'no such element' to NoSuchElementError
&amp#27;[38;5;77m[85346cc1]&amp#27;[0m&amp#27;[38;5;-51m[AndroidUiautomator2Driver@cca7]&amp#27;[0m Waited for 9120 ms so far
&amp#27;[38;5;77m[85346cc1]&amp#27;[0m&amp#27;[38;5;-51m[AndroidUiautomator2Driver@cca7]&amp#27;[0m Matched '/element' to command name 'findElement'
&amp#27;[38;5;77m[85346cc1]&amp#27;[0m&amp#27;[38;5;-51m[AndroidUiautomator2Driver@cca7]&amp#27;[0m Proxying [POST /element] to [POST http://127.0.0.1:8204/session/7042bdb7-4021-4554-bdbd-007c56513d50/element] with body: {"strategy":"id","selector":"com.saucelabs.mydemoapp.android:id/passwordET","context":"","multiple":false}
&amp#27;[38;5;77m[85346cc1]&amp#27;[0m&amp#27;[38;5;-51m[AndroidUiautomator2Driver@cca7]&amp#27;[0m Got response with status 404: {"sessionId":"7042bdb7-4021-4554-bdbd-007c56513d50","value":{"error":"no such element","message":"An element could not be located on the page using the given search parameters","stacktrace":"io.appium.uiautomator2.common.exceptions.ElementNotFoundException: An element could not be located on the page using the given search parameters\n\tat io.appium.uiautomator2.handler.FindElement.safeHandle(FindElement.java:63)\n\tat io.appium.uiautomator2.handler.request.SafeRequestHandler.handle(SafeRequestHandler.java:59)\n\tat io.appium.uiautomator2.server.AppiumServlet.handleRequest(AppiumServlet.java:259)\n\tat io.appium.uiautomator2.server.AppiumServlet.handleHttpRequest(AppiumServlet.java:253)\n\tat io.appium.uiautomator2.http.ServerHandler.channelRead(ServerHandler.java:77)\n\tat io.netty.channel.AbstractChannelHandlerContext.invokeChannelRead(AbstractChannelHandlerContext.java:366)\n\tat io.netty.channel.AbstractChannelHandlerContext.invokeChannelRead(AbstractChannelHandlerContext.java:352)\n\tat io.netty.chann...
&amp#27;[38;5;77m[85346cc1]&amp#27;[0m&amp#27;[38;5;123m[W3C]&amp#27;[0m Matched W3C error code 'no such element' to NoSuchElementError
&amp#27;[38;5;77m[85346cc1]&amp#27;[0m&amp#27;[38;5;-51m[AndroidUiautomator2Driver@cca7]&amp#27;[0m Waited for 9785 ms so far
&amp#27;[38;5;77m[85346cc1]&amp#27;[0m&amp#27;[38;5;-51m[AndroidUiautomator2Driver@cca7]&amp#27;[0m Matched '/element' to command name 'findElement'
&amp#27;[38;5;77m[85346cc1]&amp#27;[0m&amp#27;[38;5;-51m[AndroidUiautomator2Driver@cca7]&amp#27;[0m Proxying [POST /element] to [POST http://127.0.0.1:8204/session/7042bdb7-4021-4554-bdbd-007c56513d50/element] with body: {"strategy":"id","selector":"com.saucelabs.mydemoapp.android:id/passwordET","context":"","multiple":false}
&amp#27;[38;5;77m[85346cc1]&amp#27;[0m&amp#27;[38;5;-51m[AndroidUiautomator2Driver@cca7]&amp#27;[0m Got response with status 404: {"sessionId":"7042bdb7-4021-4554-bdbd-007c56513d50","value":{"error":"no such element","message":"An element could not be located on the page using the given search parameters","stacktrace":"io.appium.uiautomator2.common.exceptions.ElementNotFoundException: An element could not be located on the page using the given search parameters\n\tat io.appium.uiautomator2.handler.FindElement.safeHandle(FindElement.java:63)\n\tat io.appium.uiautomator2.handler.request.SafeRequestHandler.handle(SafeRequestHandler.java:59)\n\tat io.appium.uiautomator2.server.AppiumServlet.handleRequest(AppiumServlet.java:259)\n\tat io.appium.uiautomator2.server.AppiumServlet.handleHttpRequest(AppiumServlet.java:253)\n\tat io.appium.uiautomator2.http.ServerHandler.channelRead(ServerHandler.java:77)\n\tat io.netty.channel.AbstractChannelHandlerContext.invokeChannelRead(AbstractChannelHandlerContext.java:366)\n\tat io.netty.channel.AbstractChannelHandlerContext.invokeChannelRead(AbstractChannelHandlerContext.java:352)\n\tat io.netty.chann...
&amp#27;[38;5;77m[85346cc1]&amp#27;[0m&amp#27;[38;5;123m[W3C]&amp#27;[0m Matched W3C error code 'no such element' to NoSuchElementError
&amp#27;[38;5;77m[85346cc1]&amp#27;[0m&amp#27;[38;5;-51m[AndroidUiautomator2Driver@cca7]&amp#27;[0m Waited for 10468 ms so far
&amp#27;[38;5;77m[85346cc1]&amp#27;[0m&amp#27;[38;5;-51m[AndroidUiautomator2Driver@cca7]&amp#27;[0m Matched '/element' to command name 'findElement'
&amp#27;[38;5;77m[85346cc1]&amp#27;[0m&amp#27;[38;5;-51m[AndroidUiautomator2Driver@cca7]&amp#27;[0m Proxying [POST /element] to [POST http://127.0.0.1:8204/session/7042bdb7-4021-4554-bdbd-007c56513d50/element] with body: {"strategy":"id","selector":"com.saucelabs.mydemoapp.android:id/passwordET","context":"","multiple":false}
&amp#27;[38;5;77m[85346cc1]&amp#27;[0m&amp#27;[38;5;-51m[AndroidUiautomator2Driver@cca7]&amp#27;[0m Got response with status 404: {"sessionId":"7042bdb7-4021-4554-bdbd-007c56513d50","value":{"error":"no such element","message":"An element could not be located on the page using the given search parameters","stacktrace":"io.appium.uiautomator2.common.exceptions.ElementNotFoundException: An element could not be located on the page using the given search parameters\n\tat io.appium.uiautomator2.handler.FindElement.safeHandle(FindElement.java:63)\n\tat io.appium.uiautomator2.handler.request.SafeRequestHandler.handle(SafeRequestHandler.java:59)\n\tat io.appium.uiautomator2.server.AppiumServlet.handleRequest(AppiumServlet.java:259)\n\tat io.appium.uiautomator2.server.AppiumServlet.handleHttpRequest(AppiumServlet.java:253)\n\tat io.appium.uiautomator2.http.ServerHandler.channelRead(ServerHandler.java:77)\n\tat io.netty.channel.AbstractChannelHandlerContext.invokeChannelRead(AbstractChannelHandlerContext.java:366)\n\tat io.netty.channel.AbstractChannelHandlerContext.invokeChannelRead(AbstractChannelHandlerContext.java:352)\n\tat io.netty.chann...
&amp#27;[38;5;77m[85346cc1]&amp#27;[0m&amp#27;[38;5;123m[W3C]&amp#27;[0m Matched W3C error code 'no such element' to NoSuchElementError
&amp#27;[38;5;77m[85346cc1]&amp#27;[0m&amp#27;[38;5;-51m[AndroidUiautomator2Driver@cca7]&amp#27;[0m Waited for 11145 ms so far
&amp#27;[38;5;77m[85346cc1]&amp#27;[0m&amp#27;[38;5;-51m[AndroidUiautomator2Driver@cca7]&amp#27;[0m Matched '/element' to command name 'findElement'
&amp#27;[38;5;77m[85346cc1]&amp#27;[0m&amp#27;[38;5;-51m[AndroidUiautomator2Driver@cca7]&amp#27;[0m Proxying [POST /element] to [POST http://127.0.0.1:8204/session/7042bdb7-4021-4554-bdbd-007c56513d50/element] with body: {"strategy":"id","selector":"com.saucelabs.mydemoapp.android:id/passwordET","context":"","multiple":false}
&amp#27;[38;5;77m[85346cc1]&amp#27;[0m&amp#27;[38;5;-51m[AndroidUiautomator2Driver@cca7]&amp#27;[0m Got response with status 404: {"sessionId":"7042bdb7-4021-4554-bdbd-007c56513d50","value":{"error":"no such element","message":"An element could not be located on the page using the given search parameters","stacktrace":"io.appium.uiautomator2.common.exceptions.ElementNotFoundException: An element could not be located on the page using the given search parameters\n\tat io.appium.uiautomator2.handler.FindElement.safeHandle(FindElement.java:63)\n\tat io.appium.uiautomator2.handler.request.SafeRequestHandler.handle(SafeRequestHandler.java:59)\n\tat io.appium.uiautomator2.server.AppiumServlet.handleRequest(AppiumServlet.java:259)\n\tat io.appium.uiautomator2.server.AppiumServlet.handleHttpRequest(AppiumServlet.java:253)\n\tat io.appium.uiautomator2.http.ServerHandler.channelRead(ServerHandler.java:77)\n\tat io.netty.channel.AbstractChannelHandlerContext.invokeChannelRead(AbstractChannelHandlerContext.java:366)\n\tat io.netty.channel.AbstractChannelHandlerContext.invokeChannelRead(AbstractChannelHandlerContext.java:352)\n\tat io.netty.chann...
&amp#27;[38;5;77m[85346cc1]&amp#27;[0m&amp#27;[38;5;123m[W3C]&amp#27;[0m Matched W3C error code 'no such element' to NoSuchElementError
&amp#27;[38;5;77m[85346cc1]&amp#27;[0m&amp#27;[38;5;-51m[AndroidUiautomator2Driver@cca7]&amp#27;[0m Waited for 11828 ms so far
&amp#27;[38;5;77m[85346cc1]&amp#27;[0m&amp#27;[38;5;-51m[AndroidUiautomator2Driver@cca7]&amp#27;[0m Matched '/element' to command name 'findElement'
&amp#27;[38;5;77m[85346cc1]&amp#27;[0m&amp#27;[38;5;-51m[AndroidUiautomator2Driver@cca7]&amp#27;[0m Proxying [POST /element] to [POST http://127.0.0.1:8204/session/7042bdb7-4021-4554-bdbd-007c56513d50/element] with body: {"strategy":"id","selector":"com.saucelabs.mydemoapp.android:id/passwordET","context":"","multiple":false}
&amp#27;[38;5;77m[85346cc1]&amp#27;[0m&amp#27;[38;5;-51m[AndroidUiautomator2Driver@cca7]&amp#27;[0m Got response with status 404: {"sessionId":"7042bdb7-4021-4554-bdbd-007c56513d50","value":{"error":"no such element","message":"An element could not be located on the page using the given search parameters","stacktrace":"io.appium.uiautomator2.common.exceptions.ElementNotFoundException: An element could not be located on the page using the given search parameters\n\tat io.appium.uiautomator2.handler.FindElement.safeHandle(FindElement.java:63)\n\tat io.appium.uiautomator2.handler.request.SafeRequestHandler.handle(SafeRequestHandler.java:59)\n\tat io.appium.uiautomator2.server.AppiumServlet.handleRequest(AppiumServlet.java:259)\n\tat io.appium.uiautomator2.server.AppiumServlet.handleHttpRequest(AppiumServlet.java:253)\n\tat io.appium.uiautomator2.http.ServerHandler.channelRead(ServerHandler.java:77)\n\tat io.netty.channel.AbstractChannelHandlerContext.invokeChannelRead(AbstractChannelHandlerContext.java:366)\n\tat io.netty.channel.AbstractChannelHandlerContext.invokeChannelRead(AbstractChannelHandlerContext.java:352)\n\tat io.netty.chann...
&amp#27;[38;5;77m[85346cc1]&amp#27;[0m&amp#27;[38;5;123m[W3C]&amp#27;[0m Matched W3C error code 'no such element' to NoSuchElementError
&amp#27;[38;5;77m[85346cc1]&amp#27;[0m&amp#27;[38;5;-51m[AndroidUiautomator2Driver@cca7]&amp#27;[0m Waited for 12510 ms so far
&amp#27;[38;5;77m[85346cc1]&amp#27;[0m&amp#27;[38;5;-51m[AndroidUiautomator2Driver@cca7]&amp#27;[0m Matched '/element' to command name 'findElement'
&amp#27;[38;5;77m[85346cc1]&amp#27;[0m&amp#27;[38;5;-51m[AndroidUiautomator2Driver@cca7]&amp#27;[0m Proxying [POST /element] to [POST http://127.0.0.1:8204/session/7042bdb7-4021-4554-bdbd-007c56513d50/element] with body: {"strategy":"id","selector":"com.saucelabs.mydemoapp.android:id/passwordET","context":"","multiple":false}
&amp#27;[38;5;77m[85346cc1]&amp#27;[0m&amp#27;[38;5;-51m[AndroidUiautomator2Driver@cca7]&amp#27;[0m Got response with status 404: {"sessionId":"7042bdb7-4021-4554-bdbd-007c56513d50","value":{"error":"no such element","message":"An element could not be located on the page using the given search parameters","stacktrace":"io.appium.uiautomator2.common.exceptions.ElementNotFoundException: An element could not be located on the page using the given search parameters\n\tat io.appium.uiautomator2.handler.FindElement.safeHandle(FindElement.java:63)\n\tat io.appium.uiautomator2.handler.request.SafeRequestHandler.handle(SafeRequestHandler.java:59)\n\tat io.appium.uiautomator2.server.AppiumServlet.handleRequest(AppiumServlet.java:259)\n\tat io.appium.uiautomator2.server.AppiumServlet.handleHttpRequest(AppiumServlet.java:253)\n\tat io.appium.uiautomator2.http.ServerHandler.channelRead(ServerHandler.java:77)\n\tat io.netty.channel.AbstractChannelHandlerContext.invokeChannelRead(AbstractChannelHandlerContext.java:366)\n\tat io.netty.channel.AbstractChannelHandlerContext.invokeChannelRead(AbstractChannelHandlerContext.java:352)\n\tat io.netty.chann...
&amp#27;[38;5;77m[85346cc1]&amp#27;[0m&amp#27;[38;5;123m[W3C]&amp#27;[0m Matched W3C error code 'no such element' to NoSuchElementError
&amp#27;[38;5;77m[85346cc1]&amp#27;[0m&amp#27;[38;5;-51m[AndroidUiautomator2Driver@cca7]&amp#27;[0m Waited for 13145 ms so far
&amp#27;[38;5;77m[85346cc1]&amp#27;[0m&amp#27;[38;5;-51m[AndroidUiautomator2Driver@cca7]&amp#27;[0m Matched '/element' to command name 'findElement'
&amp#27;[38;5;77m[85346cc1]&amp#27;[0m&amp#27;[38;5;-51m[AndroidUiautomator2Driver@cca7]&amp#27;[0m Proxying [POST /element] to [POST http://127.0.0.1:8204/session/7042bdb7-4021-4554-bdbd-007c56513d50/element] with body: {"strategy":"id","selector":"com.saucelabs.mydemoapp.android:id/passwordET","context":"","multiple":false}
&amp#27;[38;5;77m[85346cc1]&amp#27;[0m&amp#27;[38;5;-51m[AndroidUiautomator2Driver@cca7]&amp#27;[0m Got response with status 404: {"sessionId":"7042bdb7-4021-4554-bdbd-007c56513d50","value":{"error":"no such element","message":"An element could not be located on the page using the given search parameters","stacktrace":"io.appium.uiautomator2.common.exceptions.ElementNotFoundException: An element could not be located on the page using the given search parameters\n\tat io.appium.uiautomator2.handler.FindElement.safeHandle(FindElement.java:63)\n\tat io.appium.uiautomator2.handler.request.SafeRequestHandler.handle(SafeRequestHandler.java:59)\n\tat io.appium.uiautomator2.server.AppiumServlet.handleRequest(AppiumServlet.java:259)\n\tat io.appium.uiautomator2.server.AppiumServlet.handleHttpRequest(AppiumServlet.java:253)\n\tat io.appium.uiautomator2.http.ServerHandler.channelRead(ServerHandler.java:77)\n\tat io.netty.channel.AbstractChannelHandlerContext.invokeChannelRead(AbstractChannelHandlerContext.java:366)\n\tat io.netty.channel.AbstractChannelHandlerContext.invokeChannelRead(AbstractChannelHandlerContext.java:352)\n\tat io.netty.chann...
&amp#27;[38;5;77m[85346cc1]&amp#27;[0m&amp#27;[38;5;123m[W3C]&amp#27;[0m Matched W3C error code 'no such element' to NoSuchElementError
&amp#27;[38;5;77m[85346cc1]&amp#27;[0m&amp#27;[38;5;-51m[AndroidUiautomator2Driver@cca7]&amp#27;[0m Waited for 13793 ms so far
&amp#27;[38;5;77m[85346cc1]&amp#27;[0m&amp#27;[38;5;-51m[AndroidUiautomator2Driver@cca7]&amp#27;[0m Matched '/element' to command name 'findElement'
&amp#27;[38;5;77m[85346cc1]&amp#27;[0m&amp#27;[38;5;-51m[AndroidUiautomator2Driver@cca7]&amp#27;[0m Proxying [POST /element] to [POST http://127.0.0.1:8204/session/7042bdb7-4021-4554-bdbd-007c56513d50/element] with body: {"strategy":"id","selector":"com.saucelabs.mydemoapp.android:id/passwordET","context":"","multiple":false}
&amp#27;[38;5;77m[85346cc1]&amp#27;[0m&amp#27;[38;5;-51m[AndroidUiautomator2Driver@cca7]&amp#27;[0m Got response with status 404: {"sessionId":"7042bdb7-4021-4554-bdbd-007c56513d50","value":{"error":"no such element","message":"An element could not be located on the page using the given search parameters","stacktrace":"io.appium.uiautomator2.common.exceptions.ElementNotFoundException: An element could not be located on the page using the given search parameters\n\tat io.appium.uiautomator2.handler.FindElement.safeHandle(FindElement.java:63)\n\tat io.appium.uiautomator2.handler.request.SafeRequestHandler.handle(SafeRequestHandler.java:59)\n\tat io.appium.uiautomator2.server.AppiumServlet.handleRequest(AppiumServlet.java:259)\n\tat io.appium.uiautomator2.server.AppiumServlet.handleHttpRequest(AppiumServlet.java:253)\n\tat io.appium.uiautomator2.http.ServerHandler.channelRead(ServerHandler.java:77)\n\tat io.netty.channel.AbstractChannelHandlerContext.invokeChannelRead(AbstractChannelHandlerContext.java:366)\n\tat io.netty.channel.AbstractChannelHandlerContext.invokeChannelRead(AbstractChannelHandlerContext.java:352)\n\tat io.netty.chann...
&amp#27;[38;5;77m[85346cc1]&amp#27;[0m&amp#27;[38;5;123m[W3C]&amp#27;[0m Matched W3C error code 'no such element' to NoSuchElementError
&amp#27;[38;5;77m[85346cc1]&amp#27;[0m&amp#27;[38;5;-51m[AndroidUiautomator2Driver@cca7]&amp#27;[0m Waited for 14413 ms so far
&amp#27;[38;5;77m[85346cc1]&amp#27;[0m&amp#27;[38;5;-51m[AndroidUiautomator2Driver@cca7]&amp#27;[0m Matched '/element' to command name 'findElement'
&amp#27;[38;5;77m[85346cc1]&amp#27;[0m&amp#27;[38;5;-51m[AndroidUiautomator2Driver@cca7]&amp#27;[0m Proxying [POST /element] to [POST http://127.0.0.1:8204/session/7042bdb7-4021-4554-bdbd-007c56513d50/element] with body: {"strategy":"id","selector":"com.saucelabs.mydemoapp.android:id/passwordET","context":"","multiple":false}
&amp#27;[38;5;77m[85346cc1]&amp#27;[0m&amp#27;[38;5;-51m[AndroidUiautomator2Driver@cca7]&amp#27;[0m Got response with status 404: {"sessionId":"7042bdb7-4021-4554-bdbd-007c56513d50","value":{"error":"no such element","message":"An element could not be located on the page using the given search parameters","stacktrace":"io.appium.uiautomator2.common.exceptions.ElementNotFoundException: An element could not be located on the page using the given search parameters\n\tat io.appium.uiautomator2.handler.FindElement.safeHandle(FindElement.java:63)\n\tat io.appium.uiautomator2.handler.request.SafeRequestHandler.handle(SafeRequestHandler.java:59)\n\tat io.appium.uiautomator2.server.AppiumServlet.handleRequest(AppiumServlet.java:259)\n\tat io.appium.uiautomator2.server.AppiumServlet.handleHttpRequest(AppiumServlet.java:253)\n\tat io.appium.uiautomator2.http.ServerHandler.channelRead(ServerHandler.java:77)\n\tat io.netty.channel.AbstractChannelHandlerContext.invokeChannelRead(AbstractChannelHandlerContext.java:366)\n\tat io.netty.channel.AbstractChannelHandlerContext.invokeChannelRead(AbstractChannelHandlerContext.java:352)\n\tat io.netty.chann...
&amp#27;[38;5;77m[85346cc1]&amp#27;[0m&amp#27;[38;5;123m[W3C]&amp#27;[0m Matched W3C error code 'no such element' to NoSuchElementError
&amp#27;[38;5;77m[85346cc1]&amp#27;[0m&amp#27;[38;5;-51m[AndroidUiautomator2Driver@cca7]&amp#27;[0m Encountered internal error running command: NoSuchElementError: An element could not be located on the page using the given search parameters.
    at AndroidUiautomator2Driver.findElOrEls (C:\Users\Testriq\.appium\node_modules\appium-uiautomator2-driver\node_modules\appium-android-driver\lib\commands\find.ts:86:11)
    at processTicksAndRejections (node:internal/process/task_queues:95:5)
    at AndroidUiautomator2Driver.findElOrElsWithProcessing (C:\Users\Testriq\AppData\Roaming\npm\node_modules\appium\node_modules\@appium\base-driver\lib\basedriver\commands\find.ts:60:12)
    at AndroidUiautomator2Driver.findElement (C:\Users\Testriq\AppData\Roaming\npm\node_modules\appium\node_modules\@appium\base-driver\lib\basedriver\commands\find.ts:75:12)
&amp#27;[38;5;77m[85346cc1]&amp#27;[0m&amp#27;[38;5;86m[HTTP]&amp#27;[0m &amp#27;[37m<-- POST /session/85346cc1-bc75-43dd-bd8c-7d4025396cf4/element &amp#27;[39m&amp#27;[33m404&amp#27;[39m &amp#27;[90m15105 ms - 896&amp#27;[39m &amp#27;[90m&amp#27;[39m
&amp#27;[38;5;77m[85346cc1]&amp#27;[0m&amp#27;[38;5;86m[HTTP]&amp#27;[0m &amp#27;[37m-->&amp#27;[39m &amp#27;[37mGET&amp#27;[39m &amp#27;[37m/session/85346cc1-bc75-43dd-bd8c-7d4025396cf4/screenshot&amp#27;[39m &amp#27;[90m{}&amp#27;[39m
&amp#27;[38;5;77m[85346cc1]&amp#27;[0m&amp#27;[38;5;-51m[AndroidUiautomator2Driver@cca7]&amp#27;[0m Calling AppiumDriver.getScreenshot() with args: ["85346cc1-bc75-43dd-bd8c-7d4025396cf4"]
&amp#27;[38;5;77m[85346cc1]&amp#27;[0m&amp#27;[38;5;-51m[AndroidUiautomator2Driver@cca7]&amp#27;[0m Matched '/screenshot' to command name 'getScreenshot'
&amp#27;[38;5;77m[85346cc1]&amp#27;[0m&amp#27;[38;5;-51m[AndroidUiautomator2Driver@cca7]&amp#27;[0m Proxying [GET /screenshot] to [GET http://127.0.0.1:8204/session/7042bdb7-4021-4554-bdbd-007c56513d50/screenshot] with no body
&amp#27;[38;5;77m[85346cc1]&amp#27;[0m&amp#27;[38;5;-51m[AndroidUiautomator2Driver@cca7]&amp#27;[0m Got response with status 200: {"sessionId":"7042bdb7-4021-4554-bdbd-007c56513d50","value":"iVBORw0KGgoAAAANSUhEUgAABDgAAAlgCAYAAABtGofVAAAAAXNSR0IArs4c6QAAAARzQklUCAgICHwIZIgAACAASURBVHicrL1tliS5riRmAOmRdftqpFVoA1qV9n80010ZJKAfZgAZ2T3vPc1RnpOVlZER7nQSBAyGD9r/+X//X/nHHw++vgbGdIzhcHe4D7gZHAYzQyaQmcgAAkAiEUiEfocBMAMigXSY8Vdz47tzwwzwYXDXtTIBJGBAhP7rjjEMCSATgCUMBjPoi5+xBByJxwxfY+LrefB6Hkx3DBimO6ZzHLE3Qjfgdfg8Zo4xBsYYgAUigveCYe/EysDKxDsDf66Fv9YbvyOwkNiR2HvrGXpwH2NMzdQYE4aEITmnzu+hj/Fpo99j11Xunz0HBowxEJmIiJ6rCP4eO7HDsJLzGtuQmMhwrJXYK7GTzxhagprrX3Pgj68Hf7wGvqbhazhew/AMx3CHmet5AxmJSM0rDK45H8PhZkgEIhN7B74jkOZ4Z+LP9xvfO7Ai8ft746/3wtrB6zrXup/ZNQeJa6Dnfuj7bOxciNyIDGQAewPvd2J9B75/J9Y7gA3Enxv7O7G/N/K9ke+Ab8A3MDIxN/AC8BqO6YZfz8Cvr4GvX45fX46vB/iajq8vxx9fL3y9HC/J33CnjA/0OoO76JIPu9a4/n/+nvo3kTA4X4nkH6w+wbXe6433Wniv39h74/t74ff3xlqJ90r89R346zvw5+/A//hr48/fG3+9E7+X4b0T783LbjOEAzmBGEBOA6ZhvAZeXwPPr4nnGfBpsMF9PIbBp/MZTes/BnxQd5j7xxObdEQG96H7kNqw1hf15Ug4AHfKwDBgON/r5pg+KI/Ifu8wYLphjoHXGBjm3A+xOTcR+M7AO0HZW4Hf32/8vuYh4ajBZIBabgcy4mMFW3eBOsuNuob7cMNsILGp2zZ1C0qH...
&amp#27;[38;5;77m[85346cc1]&amp#27;[0m&amp#27;[38;5;-51m[AndroidUiautomator2Driver@cca7]&amp#27;[0m Responding to client with driver.getScreenshot() result: "iVBORw0KGgoAAAANSUhEUgAABDgAAAlgCAYAAABtGofVAAAAAXNSR0IArs4c6QAAAARzQklUCAgICHwIZIgAACAASURBVHicrL1tliS5riRmAOmRdftqpFVoA1qV9n80010ZJKAfZgAZ2T3vPc1RnpOVlZER7nQSBAyGD9r/+X//X/nHHw++vgbGdIzhcHe4D7gZHAYzQyaQmcgAAkAiEUiEfocBMAMigXSY8Vdz47tzwwzwYXDXtTIBJGBAhP7rjjEMCSATgCUMBjPoi5+xBByJxwxfY+LrefB6Hkx3DBimO6ZzHLE3Qjfgdfg8Zo4xBsYYgAUigveCYe/EysDKxDsDf66Fv9YbvyOwkNiR2HvrGXpwH2NMzdQYE4aEITmnzu+hj/Fpo99j11Xunz0HBowxEJmIiJ6rCP4eO7HDsJLzGtuQmMhwrJXYK7GTzxhagprrX3Pgj68Hf7wGvqbhazhew/AMx3CHmet5AxmJSM0rDK45H8PhZkgEIhN7B74jkOZ4Z+LP9xvfO7Ai8ft746/3wtrB6zrXup/ZNQeJa6Dnfuj7bOxciNyIDGQAewPvd2J9B75/J9Y7gA3Enxv7O7G/N/K9ke+Ab8A3MDIxN/AC8BqO6YZfz8Cvr4GvX45fX46vB/iajq8vxx9fL3y9HC/J33CnjA/0OoO76JIPu9a4/n/+nvo3kTA4X4nkH6w+wbXe6433Wniv39h74/t74ff3xlqJ90r89R346zvw5+/A//hr48/fG3+9E7+X4b0T783LbjOEAzmBGEBOA6ZhvAZeXwPPr4nnGfBpsMF9PIbBp/MZTes/BnxQd5j7xxObdEQG96H7kNqw1hf15Ug4AHfKwDBgON/r5pg+KI/Ifu8wYLphjoHXGBjm3A+xOTcR+M7AO0HZW4Hf32/8vuYh4ajBZIBabgcy4mMFW3eBOsuNuob7cMNsILGp2zZ1C0qH6tvg2ruU6wyueV167wDWhsMwzICViEi4cR+/98b3Bt57470DK4JaROuB2qpG...
&amp#27;[38;5;77m[85346cc1]&amp#27;[0m&amp#27;[38;5;86m[HTTP]&amp#27;[0m &amp#27;[37m<-- GET /session/85346cc1-bc75-43dd-bd8c-7d4025396cf4/screenshot &amp#27;[39m&amp#27;[32m200&amp#27;[39m &amp#27;[90m1924 ms - 4308652&amp#27;[39m &amp#27;[90m&amp#27;[39m
]]></system-out>
  </testcase>
</testsuite>