<?xml version="1.0" encoding="UTF-8"?>
<!-- Generated by org.testng.reporters.JUnitReportReporter -->
<testsuite hostname="testriq" failures="0" tests="2" name="testcases.TC_02_Add_To_Cart" time="20.963" errors="0" timestamp="2025-01-16T19:04:09 IST" skipped="0">
  <testcase classname="testcases.TC_02_Add_To_Cart" name="WithLoginAddToCartAndCheckout" time="14.671"/>
  <testcase classname="testcases.TC_02_Add_To_Cart" name="WithoutLoginAddToCart" time="6.292"/>
</testsuite> <!-- testcases.TC_02_Add_To_Cart -->
