<?xml version="1.0" encoding="UTF-8"?>
<!-- Generated by org.testng.reporters.JUnitReportReporter -->
<testsuite hostname="testriq" failures="0" tests="1" name="testcases.TC_03_Checkout" time="43.408" errors="0" timestamp="2025-01-16T17:34:53 IST" skipped="0">
  <testcase classname="testcases.TC_03_Checkout" name="Checkout" time="43.408"/>
</testsuite> <!-- testcases.TC_03_Checkout -->
