<?xml version="1.0" encoding="UTF-8"?>
<!-- Generated by org.testng.reporters.JUnitReportReporter -->
<testsuite hostname="Testriqs-MacBook-Air-5.local" failures="0" tests="4" name="testcases.TC_02_Add_To_Cart" time="84.138" errors="0" timestamp="2025-01-22T15:34:27 IST" skipped="0">
  <testcase classname="testcases.TC_02_Add_To_Cart" name="WithLoginAddToCartAndCheckout" time="14.192"/>
  <system-out/>
  <testcase classname="testcases.TC_02_Add_To_Cart" name="WithoutLoginAddToCart" time="5.594"/>
  <system-out/>
  <testcase classname="testcases.TC_02_Add_To_Cart" name="RemoveProductFromCart" time="18.347"/>
  <system-out/>
  <testcase classname="testcases.TC_02_Add_To_Cart" name="Checkout" time="46.005"/>
  <system-out/>
</testsuite> <!-- testcases.TC_02_Add_To_Cart -->
