<?xml version="1.0" encoding="UTF-8"?>
<!-- Generated by org.testng.reporters.JUnitReportReporter -->
<testsuite hostname="Testriqs-MacBook-Air-5.local" failures="0" tests="1" name="testcases.TC_01_Login" time="12.527" errors="0" timestamp="2025-01-22T15:26:49 IST" skipped="0">
  <testcase classname="testcases.TC_01_Login" name="LogintoTheapp" time="12.527"/>
  <system-out/>
</testsuite> <!-- testcases.TC_01_Login -->
