<?xml version="1.0" encoding="UTF-8"?>
<!-- Generated by org.testng.reporters.JUnitReportReporter -->
<testsuite hostname="Testriqs-MacBook-Air-5.local" failures="0" tests="3" name="testcases.TC_02_Add_To_Cart" time="39.351" errors="0" timestamp="2025-01-22T12:57:06 IST" skipped="0">
  <testcase classname="testcases.TC_02_Add_To_Cart" name="WithLoginAddToCartAndCheckout" time="14.845"/>
  <system-out/>
  <testcase classname="testcases.TC_02_Add_To_Cart" name="WithoutLoginAddToCart" time="5.625"/>
  <system-out/>
  <testcase classname="testcases.TC_02_Add_To_Cart" name="RemoveProductFromCart" time="18.881"/>
  <system-out/>
</testsuite> <!-- testcases.TC_02_Add_To_Cart -->
