<?xml version="1.0" encoding="UTF-8"?>
<!-- Generated by org.testng.reporters.JUnitReportReporter -->
<testsuite hostname="testriq" failures="0" tests="10" name="testcases.TC_03_Checkout" time="101.126" errors="5" timestamp="2025-01-25T17:53:48 IST" skipped="5">
  <testcase classname="testcases.TC_03_Checkout" name="configuration" time="20.225">
    <error message="Appium HTTP server is not listening at http://127.0.0.1:4727/ after 20000 ms timeout. Consider increasing the server startup timeout value and check the server log for possible error messages occurrences.
Node.js executable path: C:\Program Files\nodejs\node.exe
Arguments: [C:\Users\Testriq\AppData\Roaming\npm\node_modules\appium\build\lib\main.js, --port, 4727, --address, 127.0.0.1]
Server log: [38;5;112m[Appium][0m Welcome to Appium v2.11.5 (REV 4eddc999c5d9b705e7356152d2d5953a0dda3720)
[38;5;112m[Appium][0m Non-default server args:
[38;5;112m[Appium][0m { address: [32m&#039;127.0.0.1&#039;[39m, port: [33m4727[39m }
[38;5;112m[Appium][0m The autodetected Appium home path: C:\Users\Testriq\.appium
[38;5;112m[Appium][0m Attempting to load driver uiautomator2...
[38;5;112m[Appium][0m Requiring driver at C:\Users\Testriq\.appium\node_modules\appium-uiautomator2-driver\build\index.js
[38;5;112m[Appium][0m AndroidUiautomator2Driver has been successfully loaded in 2.328s
[38;5;86m[HTTP][0m Could not start REST http interface listener. The requested port may already be in use. Please make sure there is no other instance of this server running already.
[38;5;112m[Appium][0m Could not configure Appium server. It&#039;s possible that a driver or plugin tried to update the server and failed. Original error: listen EADDRINUSE: address already in use 127.0.0.1:4727
[38;5;112m[Appium][0m Error: listen EADDRINUSE: address already in use 127.0.0.1:4727
    at Server.setupListenHandle [as _listen2] (node:net:1904:16)
    at listenInCluster (node:net:1961:12)
    at doListen (node:net:2135:7)
    at processTicksAndRejections (node:internal/process/task_queues:83:21)
" type="io.appium.java_client.service.local.AppiumServerHasNotBeenStartedLocallyException">
      <![CDATA[io.appium.java_client.service.local.AppiumServerHasNotBeenStartedLocallyException: Appium HTTP server is not listening at http://127.0.0.1:4727/ after 20000 ms timeout. Consider increasing the server startup timeout value and check the server log for possible error messages occurrences.
Node.js executable path: C:\Program Files\nodejs\node.exe
Arguments: [C:\Users\Testriq\AppData\Roaming\npm\node_modules\appium\build\lib\main.js, --port, 4727, --address, 127.0.0.1]
Server log: [38;5;112m[Appium][0m Welcome to Appium v2.11.5 (REV 4eddc999c5d9b705e7356152d2d5953a0dda3720)
[38;5;112m[Appium][0m Non-default server args:
[38;5;112m[Appium][0m { address: [32m'127.0.0.1'[39m, port: [33m4727[39m }
[38;5;112m[Appium][0m The autodetected Appium home path: C:\Users\Testriq\.appium
[38;5;112m[Appium][0m Attempting to load driver uiautomator2...
[38;5;112m[Appium][0m Requiring driver at C:\Users\Testriq\.appium\node_modules\appium-uiautomator2-driver\build\index.js
[38;5;112m[Appium][0m AndroidUiautomator2Driver has been successfully loaded in 2.328s
[38;5;86m[HTTP][0m Could not start REST http interface listener. The requested port may already be in use. Please make sure there is no other instance of this server running already.
[38;5;112m[Appium][0m Could not configure Appium server. It's possible that a driver or plugin tried to update the server and failed. Original error: listen EADDRINUSE: address already in use 127.0.0.1:4727
[38;5;112m[Appium][0m Error: listen EADDRINUSE: address already in use 127.0.0.1:4727
    at Server.setupListenHandle [as _listen2] (node:net:1904:16)
    at listenInCluster (node:net:1961:12)
    at doListen (node:net:2135:7)
    at processTicksAndRejections (node:internal/process/task_queues:83:21)

at io.appium.java_client.service.local.AppiumDriverLocalService.start(AppiumDriverLocalService.java:192)
at AndroidUtils.AppiumUtils.startAppiumServer(AppiumUtils.java:66)
at testcases.BaseTest.startAppiumServerAndInitializeDriver(BaseTest.java:20)
at testcases.TC_03_Checkout.configuration(TC_03_Checkout.java:26)
at java.base/jdk.internal.reflect.DirectMethodHandleAccessor.invoke(DirectMethodHandleAccessor.java:103)
at java.base/java.lang.reflect.Method.invoke(Method.java:580)
at org.testng.internal.invokers.MethodInvocationHelper.invokeMethod(MethodInvocationHelper.java:141)
at org.testng.internal.invokers.MethodInvocationHelper.invokeMethodConsideringTimeout(MethodInvocationHelper.java:71)
at org.testng.internal.invokers.ConfigInvoker.invokeConfigurationMethod(ConfigInvoker.java:400)
at org.testng.internal.invokers.ConfigInvoker.invokeConfigurations(ConfigInvoker.java:333)
at org.testng.internal.invokers.TestMethodWorker.invokeBeforeClassMethods(TestMethodWorker.java:188)
at org.testng.internal.invokers.TestMethodWorker.run(TestMethodWorker.java:128)
at java.base/java.util.ArrayList.forEach(ArrayList.java:1596)
at org.testng.TestRunner.privateRun(TestRunner.java:739)
at org.testng.TestRunner.run(TestRunner.java:614)
at org.testng.SuiteRunner.runTest(SuiteRunner.java:421)
at org.testng.SuiteRunner$SuiteWorker.run(SuiteRunner.java:463)
at org.testng.internal.thread.ThreadUtil.lambda$execute$0(ThreadUtil.java:64)
at java.base/java.util.concurrent.FutureTask.run(FutureTask.java:317)
at java.base/java.util.concurrent.ThreadPoolExecutor.runWorker(ThreadPoolExecutor.java:1144)
at java.base/java.util.concurrent.ThreadPoolExecutor$Worker.run(ThreadPoolExecutor.java:642)
at java.base/java.lang.Thread.run(Thread.java:1583)
Caused by: io.appium.java_client.service.local.AppiumServerAvailabilityChecker$ConnectionTimeout: ConnectionTimeout
at io.appium.java_client.service.local.AppiumServerAvailabilityChecker.waitUntilAvailable(AppiumServerAvailabilityChecker.java:72)
at io.appium.java_client.service.local.AppiumDriverLocalService.ping(AppiumDriverLocalService.java:144)
at io.appium.java_client.service.local.AppiumDriverLocalService.start(AppiumDriverLocalService.java:185)
... 21 more
Caused by: java.net.SocketTimeoutException: Read timed out
at java.base/sun.nio.ch.NioSocketImpl.timedRead(NioSocketImpl.java:278)
at java.base/sun.nio.ch.NioSocketImpl.implRead(NioSocketImpl.java:304)
at java.base/sun.nio.ch.NioSocketImpl.read(NioSocketImpl.java:346)
at java.base/sun.nio.ch.NioSocketImpl$1.read(NioSocketImpl.java:796)
at java.base/java.net.Socket$SocketInputStream.read(Socket.java:1099)
at java.base/java.io.BufferedInputStream.fill(BufferedInputStream.java:291)
at java.base/java.io.BufferedInputStream.read1(BufferedInputStream.java:347)
at java.base/java.io.BufferedInputStream.implRead(BufferedInputStream.java:420)
at java.base/java.io.BufferedInputStream.read(BufferedInputStream.java:399)
at java.base/sun.net.www.http.HttpClient.parseHTTPHeader(HttpClient.java:827)
at java.base/sun.net.www.http.HttpClient.parseHTTP(HttpClient.java:759)
at java.base/sun.net.www.protocol.http.HttpURLConnection.getInputStream0(HttpURLConnection.java:1705)
at java.base/sun.net.www.protocol.http.HttpURLConnection.getInputStream(HttpURLConnection.java:1614)
at java.base/java.net.HttpURLConnection.getResponseCode(HttpURLConnection.java:531)
at io.appium.java_client.service.local.AppiumServerAvailabilityChecker.checkResponse(AppiumServerAvailabilityChecker.java:84)
at io.appium.java_client.service.local.AppiumServerAvailabilityChecker.waitUntilAvailable(AppiumServerAvailabilityChecker.java:62)
... 23 more
]]>
    </error>
  </testcase> <!-- configuration -->
  <testcase classname="testcases.TC_03_Checkout" name="configuration" time="20.225">
    <error message="Appium HTTP server is not listening at http://127.0.0.1:4723/ after 20000 ms timeout. Consider increasing the server startup timeout value and check the server log for possible error messages occurrences.
Node.js executable path: C:\Program Files\nodejs\node.exe
Arguments: [C:\Users\Testriq\AppData\Roaming\npm\node_modules\appium\build\lib\main.js, --port, 4723, --address, 127.0.0.1]
Server log: [38;5;112m[Appium][0m Welcome to Appium v2.11.5 (REV 4eddc999c5d9b705e7356152d2d5953a0dda3720)
[38;5;112m[Appium][0m Non-default server args:
[38;5;112m[Appium][0m { address: [32m&#039;127.0.0.1&#039;[39m }
[38;5;112m[Appium][0m The autodetected Appium home path: C:\Users\Testriq\.appium
[38;5;112m[Appium][0m Attempting to load driver uiautomator2...
[38;5;112m[Appium][0m Requiring driver at C:\Users\Testriq\.appium\node_modules\appium-uiautomator2-driver\build\index.js
[38;5;112m[Appium][0m AndroidUiautomator2Driver has been successfully loaded in 2.315s
[38;5;86m[HTTP][0m Could not start REST http interface listener. The requested port may already be in use. Please make sure there is no other instance of this server running already.
[38;5;112m[Appium][0m Could not configure Appium server. It&#039;s possible that a driver or plugin tried to update the server and failed. Original error: listen EADDRINUSE: address already in use 127.0.0.1:4723
[38;5;112m[Appium][0m Error: listen EADDRINUSE: address already in use 127.0.0.1:4723
    at Server.setupListenHandle [as _listen2] (node:net:1904:16)
    at listenInCluster (node:net:1961:12)
    at doListen (node:net:2135:7)
    at processTicksAndRejections (node:internal/process/task_queues:83:21)
" type="io.appium.java_client.service.local.AppiumServerHasNotBeenStartedLocallyException">
      <![CDATA[io.appium.java_client.service.local.AppiumServerHasNotBeenStartedLocallyException: Appium HTTP server is not listening at http://127.0.0.1:4723/ after 20000 ms timeout. Consider increasing the server startup timeout value and check the server log for possible error messages occurrences.
Node.js executable path: C:\Program Files\nodejs\node.exe
Arguments: [C:\Users\Testriq\AppData\Roaming\npm\node_modules\appium\build\lib\main.js, --port, 4723, --address, 127.0.0.1]
Server log: [38;5;112m[Appium][0m Welcome to Appium v2.11.5 (REV 4eddc999c5d9b705e7356152d2d5953a0dda3720)
[38;5;112m[Appium][0m Non-default server args:
[38;5;112m[Appium][0m { address: [32m'127.0.0.1'[39m }
[38;5;112m[Appium][0m The autodetected Appium home path: C:\Users\Testriq\.appium
[38;5;112m[Appium][0m Attempting to load driver uiautomator2...
[38;5;112m[Appium][0m Requiring driver at C:\Users\Testriq\.appium\node_modules\appium-uiautomator2-driver\build\index.js
[38;5;112m[Appium][0m AndroidUiautomator2Driver has been successfully loaded in 2.315s
[38;5;86m[HTTP][0m Could not start REST http interface listener. The requested port may already be in use. Please make sure there is no other instance of this server running already.
[38;5;112m[Appium][0m Could not configure Appium server. It's possible that a driver or plugin tried to update the server and failed. Original error: listen EADDRINUSE: address already in use 127.0.0.1:4723
[38;5;112m[Appium][0m Error: listen EADDRINUSE: address already in use 127.0.0.1:4723
    at Server.setupListenHandle [as _listen2] (node:net:1904:16)
    at listenInCluster (node:net:1961:12)
    at doListen (node:net:2135:7)
    at processTicksAndRejections (node:internal/process/task_queues:83:21)

at io.appium.java_client.service.local.AppiumDriverLocalService.start(AppiumDriverLocalService.java:192)
at AndroidUtils.AppiumUtils.startAppiumServer(AppiumUtils.java:66)
at testcases.BaseTest.startAppiumServerAndInitializeDriver(BaseTest.java:20)
at testcases.TC_03_Checkout.configuration(TC_03_Checkout.java:26)
at java.base/jdk.internal.reflect.DirectMethodHandleAccessor.invoke(DirectMethodHandleAccessor.java:103)
at java.base/java.lang.reflect.Method.invoke(Method.java:580)
at org.testng.internal.invokers.MethodInvocationHelper.invokeMethod(MethodInvocationHelper.java:141)
at org.testng.internal.invokers.MethodInvocationHelper.invokeMethodConsideringTimeout(MethodInvocationHelper.java:71)
at org.testng.internal.invokers.ConfigInvoker.invokeConfigurationMethod(ConfigInvoker.java:400)
at org.testng.internal.invokers.ConfigInvoker.invokeConfigurations(ConfigInvoker.java:333)
at org.testng.internal.invokers.TestMethodWorker.invokeBeforeClassMethods(TestMethodWorker.java:188)
at org.testng.internal.invokers.TestMethodWorker.run(TestMethodWorker.java:128)
at java.base/java.util.ArrayList.forEach(ArrayList.java:1596)
at org.testng.TestRunner.privateRun(TestRunner.java:739)
at org.testng.TestRunner.run(TestRunner.java:614)
at org.testng.SuiteRunner.runTest(SuiteRunner.java:421)
at org.testng.SuiteRunner$SuiteWorker.run(SuiteRunner.java:463)
at org.testng.internal.thread.ThreadUtil.lambda$execute$0(ThreadUtil.java:64)
at java.base/java.util.concurrent.FutureTask.run(FutureTask.java:317)
at java.base/java.util.concurrent.ThreadPoolExecutor.runWorker(ThreadPoolExecutor.java:1144)
at java.base/java.util.concurrent.ThreadPoolExecutor$Worker.run(ThreadPoolExecutor.java:642)
at java.base/java.lang.Thread.run(Thread.java:1583)
Caused by: io.appium.java_client.service.local.AppiumServerAvailabilityChecker$ConnectionTimeout: ConnectionTimeout
at io.appium.java_client.service.local.AppiumServerAvailabilityChecker.waitUntilAvailable(AppiumServerAvailabilityChecker.java:72)
at io.appium.java_client.service.local.AppiumDriverLocalService.ping(AppiumDriverLocalService.java:144)
at io.appium.java_client.service.local.AppiumDriverLocalService.start(AppiumDriverLocalService.java:185)
... 21 more
Caused by: java.net.SocketTimeoutException: Read timed out
at java.base/sun.nio.ch.NioSocketImpl.timedRead(NioSocketImpl.java:278)
at java.base/sun.nio.ch.NioSocketImpl.implRead(NioSocketImpl.java:304)
at java.base/sun.nio.ch.NioSocketImpl.read(NioSocketImpl.java:346)
at java.base/sun.nio.ch.NioSocketImpl$1.read(NioSocketImpl.java:796)
at java.base/java.net.Socket$SocketInputStream.read(Socket.java:1099)
at java.base/java.io.BufferedInputStream.fill(BufferedInputStream.java:291)
at java.base/java.io.BufferedInputStream.read1(BufferedInputStream.java:347)
at java.base/java.io.BufferedInputStream.implRead(BufferedInputStream.java:420)
at java.base/java.io.BufferedInputStream.read(BufferedInputStream.java:399)
at java.base/sun.net.www.http.HttpClient.parseHTTPHeader(HttpClient.java:827)
at java.base/sun.net.www.http.HttpClient.parseHTTP(HttpClient.java:759)
at java.base/sun.net.www.protocol.http.HttpURLConnection.getInputStream0(HttpURLConnection.java:1705)
at java.base/sun.net.www.protocol.http.HttpURLConnection.getInputStream(HttpURLConnection.java:1614)
at java.base/java.net.HttpURLConnection.getResponseCode(HttpURLConnection.java:531)
at io.appium.java_client.service.local.AppiumServerAvailabilityChecker.checkResponse(AppiumServerAvailabilityChecker.java:84)
at io.appium.java_client.service.local.AppiumServerAvailabilityChecker.waitUntilAvailable(AppiumServerAvailabilityChecker.java:62)
... 23 more
]]>
    </error>
  </testcase> <!-- configuration -->
  <testcase classname="testcases.TC_03_Checkout" name="configuration" time="20.225">
    <error message="Appium HTTP server is not listening at http://127.0.0.1:4726/ after 20000 ms timeout. Consider increasing the server startup timeout value and check the server log for possible error messages occurrences.
Node.js executable path: C:\Program Files\nodejs\node.exe
Arguments: [C:\Users\Testriq\AppData\Roaming\npm\node_modules\appium\build\lib\main.js, --port, 4726, --address, 127.0.0.1]
Server log: [38;5;112m[Appium][0m Welcome to Appium v2.11.5 (REV 4eddc999c5d9b705e7356152d2d5953a0dda3720)
[38;5;112m[Appium][0m Non-default server args:
[38;5;112m[Appium][0m { address: [32m&#039;127.0.0.1&#039;[39m, port: [33m4726[39m }
[38;5;112m[Appium][0m The autodetected Appium home path: C:\Users\Testriq\.appium
[38;5;112m[Appium][0m Attempting to load driver uiautomator2...
[38;5;112m[Appium][0m Requiring driver at C:\Users\Testriq\.appium\node_modules\appium-uiautomator2-driver\build\index.js
[38;5;112m[Appium][0m AndroidUiautomator2Driver has been successfully loaded in 2.304s
[38;5;86m[HTTP][0m Could not start REST http interface listener. The requested port may already be in use. Please make sure there is no other instance of this server running already.
[38;5;112m[Appium][0m Could not configure Appium server. It&#039;s possible that a driver or plugin tried to update the server and failed. Original error: listen EADDRINUSE: address already in use 127.0.0.1:4726
[38;5;112m[Appium][0m Error: listen EADDRINUSE: address already in use 127.0.0.1:4726
    at Server.setupListenHandle [as _listen2] (node:net:1904:16)
    at listenInCluster (node:net:1961:12)
    at doListen (node:net:2135:7)
    at processTicksAndRejections (node:internal/process/task_queues:83:21)
" type="io.appium.java_client.service.local.AppiumServerHasNotBeenStartedLocallyException">
      <![CDATA[io.appium.java_client.service.local.AppiumServerHasNotBeenStartedLocallyException: Appium HTTP server is not listening at http://127.0.0.1:4726/ after 20000 ms timeout. Consider increasing the server startup timeout value and check the server log for possible error messages occurrences.
Node.js executable path: C:\Program Files\nodejs\node.exe
Arguments: [C:\Users\Testriq\AppData\Roaming\npm\node_modules\appium\build\lib\main.js, --port, 4726, --address, 127.0.0.1]
Server log: [38;5;112m[Appium][0m Welcome to Appium v2.11.5 (REV 4eddc999c5d9b705e7356152d2d5953a0dda3720)
[38;5;112m[Appium][0m Non-default server args:
[38;5;112m[Appium][0m { address: [32m'127.0.0.1'[39m, port: [33m4726[39m }
[38;5;112m[Appium][0m The autodetected Appium home path: C:\Users\Testriq\.appium
[38;5;112m[Appium][0m Attempting to load driver uiautomator2...
[38;5;112m[Appium][0m Requiring driver at C:\Users\Testriq\.appium\node_modules\appium-uiautomator2-driver\build\index.js
[38;5;112m[Appium][0m AndroidUiautomator2Driver has been successfully loaded in 2.304s
[38;5;86m[HTTP][0m Could not start REST http interface listener. The requested port may already be in use. Please make sure there is no other instance of this server running already.
[38;5;112m[Appium][0m Could not configure Appium server. It's possible that a driver or plugin tried to update the server and failed. Original error: listen EADDRINUSE: address already in use 127.0.0.1:4726
[38;5;112m[Appium][0m Error: listen EADDRINUSE: address already in use 127.0.0.1:4726
    at Server.setupListenHandle [as _listen2] (node:net:1904:16)
    at listenInCluster (node:net:1961:12)
    at doListen (node:net:2135:7)
    at processTicksAndRejections (node:internal/process/task_queues:83:21)

at io.appium.java_client.service.local.AppiumDriverLocalService.start(AppiumDriverLocalService.java:192)
at AndroidUtils.AppiumUtils.startAppiumServer(AppiumUtils.java:66)
at testcases.BaseTest.startAppiumServerAndInitializeDriver(BaseTest.java:20)
at testcases.TC_03_Checkout.configuration(TC_03_Checkout.java:26)
at java.base/jdk.internal.reflect.DirectMethodHandleAccessor.invoke(DirectMethodHandleAccessor.java:103)
at java.base/java.lang.reflect.Method.invoke(Method.java:580)
at org.testng.internal.invokers.MethodInvocationHelper.invokeMethod(MethodInvocationHelper.java:141)
at org.testng.internal.invokers.MethodInvocationHelper.invokeMethodConsideringTimeout(MethodInvocationHelper.java:71)
at org.testng.internal.invokers.ConfigInvoker.invokeConfigurationMethod(ConfigInvoker.java:400)
at org.testng.internal.invokers.ConfigInvoker.invokeConfigurations(ConfigInvoker.java:333)
at org.testng.internal.invokers.TestMethodWorker.invokeBeforeClassMethods(TestMethodWorker.java:188)
at org.testng.internal.invokers.TestMethodWorker.run(TestMethodWorker.java:128)
at java.base/java.util.ArrayList.forEach(ArrayList.java:1596)
at org.testng.TestRunner.privateRun(TestRunner.java:739)
at org.testng.TestRunner.run(TestRunner.java:614)
at org.testng.SuiteRunner.runTest(SuiteRunner.java:421)
at org.testng.SuiteRunner$SuiteWorker.run(SuiteRunner.java:463)
at org.testng.internal.thread.ThreadUtil.lambda$execute$0(ThreadUtil.java:64)
at java.base/java.util.concurrent.FutureTask.run(FutureTask.java:317)
at java.base/java.util.concurrent.ThreadPoolExecutor.runWorker(ThreadPoolExecutor.java:1144)
at java.base/java.util.concurrent.ThreadPoolExecutor$Worker.run(ThreadPoolExecutor.java:642)
at java.base/java.lang.Thread.run(Thread.java:1583)
Caused by: io.appium.java_client.service.local.AppiumServerAvailabilityChecker$ConnectionTimeout: ConnectionTimeout
at io.appium.java_client.service.local.AppiumServerAvailabilityChecker.waitUntilAvailable(AppiumServerAvailabilityChecker.java:72)
at io.appium.java_client.service.local.AppiumDriverLocalService.ping(AppiumDriverLocalService.java:144)
at io.appium.java_client.service.local.AppiumDriverLocalService.start(AppiumDriverLocalService.java:185)
... 21 more
Caused by: java.net.SocketTimeoutException: Read timed out
at java.base/sun.nio.ch.NioSocketImpl.timedRead(NioSocketImpl.java:278)
at java.base/sun.nio.ch.NioSocketImpl.implRead(NioSocketImpl.java:304)
at java.base/sun.nio.ch.NioSocketImpl.read(NioSocketImpl.java:346)
at java.base/sun.nio.ch.NioSocketImpl$1.read(NioSocketImpl.java:796)
at java.base/java.net.Socket$SocketInputStream.read(Socket.java:1099)
at java.base/java.io.BufferedInputStream.fill(BufferedInputStream.java:291)
at java.base/java.io.BufferedInputStream.read1(BufferedInputStream.java:347)
at java.base/java.io.BufferedInputStream.implRead(BufferedInputStream.java:420)
at java.base/java.io.BufferedInputStream.read(BufferedInputStream.java:399)
at java.base/sun.net.www.http.HttpClient.parseHTTPHeader(HttpClient.java:827)
at java.base/sun.net.www.http.HttpClient.parseHTTP(HttpClient.java:759)
at java.base/sun.net.www.protocol.http.HttpURLConnection.getInputStream0(HttpURLConnection.java:1705)
at java.base/sun.net.www.protocol.http.HttpURLConnection.getInputStream(HttpURLConnection.java:1614)
at java.base/java.net.HttpURLConnection.getResponseCode(HttpURLConnection.java:531)
at io.appium.java_client.service.local.AppiumServerAvailabilityChecker.checkResponse(AppiumServerAvailabilityChecker.java:84)
at io.appium.java_client.service.local.AppiumServerAvailabilityChecker.waitUntilAvailable(AppiumServerAvailabilityChecker.java:62)
... 23 more
]]>
    </error>
  </testcase> <!-- configuration -->
  <testcase classname="testcases.TC_03_Checkout" name="configuration" time="20.225">
    <error message="Appium HTTP server is not listening at http://127.0.0.1:4724/ after 20000 ms timeout. Consider increasing the server startup timeout value and check the server log for possible error messages occurrences.
Node.js executable path: C:\Program Files\nodejs\node.exe
Arguments: [C:\Users\Testriq\AppData\Roaming\npm\node_modules\appium\build\lib\main.js, --port, 4724, --address, 127.0.0.1]
Server log: [38;5;112m[Appium][0m Welcome to Appium v2.11.5 (REV 4eddc999c5d9b705e7356152d2d5953a0dda3720)
[38;5;112m[Appium][0m Non-default server args:
[38;5;112m[Appium][0m { address: [32m&#039;127.0.0.1&#039;[39m, port: [33m4724[39m }
[38;5;112m[Appium][0m The autodetected Appium home path: C:\Users\Testriq\.appium
[38;5;112m[Appium][0m Attempting to load driver uiautomator2...
[38;5;112m[Appium][0m Requiring driver at C:\Users\Testriq\.appium\node_modules\appium-uiautomator2-driver\build\index.js
[38;5;112m[Appium][0m AndroidUiautomator2Driver has been successfully loaded in 2.294s
[38;5;86m[HTTP][0m Could not start REST http interface listener. The requested port may already be in use. Please make sure there is no other instance of this server running already.
[38;5;112m[Appium][0m Could not configure Appium server. It&#039;s possible that a driver or plugin tried to update the server and failed. Original error: listen EADDRINUSE: address already in use 127.0.0.1:4724
[38;5;112m[Appium][0m Error: listen EADDRINUSE: address already in use 127.0.0.1:4724
    at Server.setupListenHandle [as _listen2] (node:net:1904:16)
    at listenInCluster (node:net:1961:12)
    at doListen (node:net:2135:7)
    at processTicksAndRejections (node:internal/process/task_queues:83:21)
" type="io.appium.java_client.service.local.AppiumServerHasNotBeenStartedLocallyException">
      <![CDATA[io.appium.java_client.service.local.AppiumServerHasNotBeenStartedLocallyException: Appium HTTP server is not listening at http://127.0.0.1:4724/ after 20000 ms timeout. Consider increasing the server startup timeout value and check the server log for possible error messages occurrences.
Node.js executable path: C:\Program Files\nodejs\node.exe
Arguments: [C:\Users\Testriq\AppData\Roaming\npm\node_modules\appium\build\lib\main.js, --port, 4724, --address, 127.0.0.1]
Server log: [38;5;112m[Appium][0m Welcome to Appium v2.11.5 (REV 4eddc999c5d9b705e7356152d2d5953a0dda3720)
[38;5;112m[Appium][0m Non-default server args:
[38;5;112m[Appium][0m { address: [32m'127.0.0.1'[39m, port: [33m4724[39m }
[38;5;112m[Appium][0m The autodetected Appium home path: C:\Users\Testriq\.appium
[38;5;112m[Appium][0m Attempting to load driver uiautomator2...
[38;5;112m[Appium][0m Requiring driver at C:\Users\Testriq\.appium\node_modules\appium-uiautomator2-driver\build\index.js
[38;5;112m[Appium][0m AndroidUiautomator2Driver has been successfully loaded in 2.294s
[38;5;86m[HTTP][0m Could not start REST http interface listener. The requested port may already be in use. Please make sure there is no other instance of this server running already.
[38;5;112m[Appium][0m Could not configure Appium server. It's possible that a driver or plugin tried to update the server and failed. Original error: listen EADDRINUSE: address already in use 127.0.0.1:4724
[38;5;112m[Appium][0m Error: listen EADDRINUSE: address already in use 127.0.0.1:4724
    at Server.setupListenHandle [as _listen2] (node:net:1904:16)
    at listenInCluster (node:net:1961:12)
    at doListen (node:net:2135:7)
    at processTicksAndRejections (node:internal/process/task_queues:83:21)

at io.appium.java_client.service.local.AppiumDriverLocalService.start(AppiumDriverLocalService.java:192)
at AndroidUtils.AppiumUtils.startAppiumServer(AppiumUtils.java:66)
at testcases.BaseTest.startAppiumServerAndInitializeDriver(BaseTest.java:20)
at testcases.TC_03_Checkout.configuration(TC_03_Checkout.java:26)
at java.base/jdk.internal.reflect.DirectMethodHandleAccessor.invoke(DirectMethodHandleAccessor.java:103)
at java.base/java.lang.reflect.Method.invoke(Method.java:580)
at org.testng.internal.invokers.MethodInvocationHelper.invokeMethod(MethodInvocationHelper.java:141)
at org.testng.internal.invokers.MethodInvocationHelper.invokeMethodConsideringTimeout(MethodInvocationHelper.java:71)
at org.testng.internal.invokers.ConfigInvoker.invokeConfigurationMethod(ConfigInvoker.java:400)
at org.testng.internal.invokers.ConfigInvoker.invokeConfigurations(ConfigInvoker.java:333)
at org.testng.internal.invokers.TestMethodWorker.invokeBeforeClassMethods(TestMethodWorker.java:188)
at org.testng.internal.invokers.TestMethodWorker.run(TestMethodWorker.java:128)
at java.base/java.util.ArrayList.forEach(ArrayList.java:1596)
at org.testng.TestRunner.privateRun(TestRunner.java:739)
at org.testng.TestRunner.run(TestRunner.java:614)
at org.testng.SuiteRunner.runTest(SuiteRunner.java:421)
at org.testng.SuiteRunner$SuiteWorker.run(SuiteRunner.java:463)
at org.testng.internal.thread.ThreadUtil.lambda$execute$0(ThreadUtil.java:64)
at java.base/java.util.concurrent.FutureTask.run(FutureTask.java:317)
at java.base/java.util.concurrent.ThreadPoolExecutor.runWorker(ThreadPoolExecutor.java:1144)
at java.base/java.util.concurrent.ThreadPoolExecutor$Worker.run(ThreadPoolExecutor.java:642)
at java.base/java.lang.Thread.run(Thread.java:1583)
Caused by: io.appium.java_client.service.local.AppiumServerAvailabilityChecker$ConnectionTimeout: ConnectionTimeout
at io.appium.java_client.service.local.AppiumServerAvailabilityChecker.waitUntilAvailable(AppiumServerAvailabilityChecker.java:72)
at io.appium.java_client.service.local.AppiumDriverLocalService.ping(AppiumDriverLocalService.java:144)
at io.appium.java_client.service.local.AppiumDriverLocalService.start(AppiumDriverLocalService.java:185)
... 21 more
Caused by: java.net.SocketTimeoutException: Read timed out
at java.base/sun.nio.ch.NioSocketImpl.timedRead(NioSocketImpl.java:278)
at java.base/sun.nio.ch.NioSocketImpl.implRead(NioSocketImpl.java:304)
at java.base/sun.nio.ch.NioSocketImpl.read(NioSocketImpl.java:346)
at java.base/sun.nio.ch.NioSocketImpl$1.read(NioSocketImpl.java:796)
at java.base/java.net.Socket$SocketInputStream.read(Socket.java:1099)
at java.base/java.io.BufferedInputStream.fill(BufferedInputStream.java:291)
at java.base/java.io.BufferedInputStream.read1(BufferedInputStream.java:347)
at java.base/java.io.BufferedInputStream.implRead(BufferedInputStream.java:420)
at java.base/java.io.BufferedInputStream.read(BufferedInputStream.java:399)
at java.base/sun.net.www.http.HttpClient.parseHTTPHeader(HttpClient.java:827)
at java.base/sun.net.www.http.HttpClient.parseHTTP(HttpClient.java:759)
at java.base/sun.net.www.protocol.http.HttpURLConnection.getInputStream0(HttpURLConnection.java:1705)
at java.base/sun.net.www.protocol.http.HttpURLConnection.getInputStream(HttpURLConnection.java:1614)
at java.base/java.net.HttpURLConnection.getResponseCode(HttpURLConnection.java:531)
at io.appium.java_client.service.local.AppiumServerAvailabilityChecker.checkResponse(AppiumServerAvailabilityChecker.java:84)
at io.appium.java_client.service.local.AppiumServerAvailabilityChecker.waitUntilAvailable(AppiumServerAvailabilityChecker.java:62)
... 23 more
]]>
    </error>
  </testcase> <!-- configuration -->
  <testcase classname="testcases.TC_03_Checkout" name="configuration" time="20.225">
    <error message="Appium HTTP server is not listening at http://127.0.0.1:4725/ after 20000 ms timeout. Consider increasing the server startup timeout value and check the server log for possible error messages occurrences.
Node.js executable path: C:\Program Files\nodejs\node.exe
Arguments: [C:\Users\Testriq\AppData\Roaming\npm\node_modules\appium\build\lib\main.js, --port, 4725, --address, 127.0.0.1]
Server log: [38;5;112m[Appium][0m Welcome to Appium v2.11.5 (REV 4eddc999c5d9b705e7356152d2d5953a0dda3720)
[38;5;112m[Appium][0m Non-default server args:
[38;5;112m[Appium][0m { address: [32m&#039;127.0.0.1&#039;[39m, port: [33m4725[39m }
[38;5;112m[Appium][0m The autodetected Appium home path: C:\Users\Testriq\.appium
[38;5;112m[Appium][0m Attempting to load driver uiautomator2...
[38;5;112m[Appium][0m Requiring driver at C:\Users\Testriq\.appium\node_modules\appium-uiautomator2-driver\build\index.js
[38;5;112m[Appium][0m AndroidUiautomator2Driver has been successfully loaded in 2.343s
[38;5;86m[HTTP][0m Could not start REST http interface listener. The requested port may already be in use. Please make sure there is no other instance of this server running already.
[38;5;112m[Appium][0m Could not configure Appium server. It&#039;s possible that a driver or plugin tried to update the server and failed. Original error: listen EADDRINUSE: address already in use 127.0.0.1:4725
[38;5;112m[Appium][0m Error: listen EADDRINUSE: address already in use 127.0.0.1:4725
    at Server.setupListenHandle [as _listen2] (node:net:1904:16)
    at listenInCluster (node:net:1961:12)
    at doListen (node:net:2135:7)
    at processTicksAndRejections (node:internal/process/task_queues:83:21)
" type="io.appium.java_client.service.local.AppiumServerHasNotBeenStartedLocallyException">
      <![CDATA[io.appium.java_client.service.local.AppiumServerHasNotBeenStartedLocallyException: Appium HTTP server is not listening at http://127.0.0.1:4725/ after 20000 ms timeout. Consider increasing the server startup timeout value and check the server log for possible error messages occurrences.
Node.js executable path: C:\Program Files\nodejs\node.exe
Arguments: [C:\Users\Testriq\AppData\Roaming\npm\node_modules\appium\build\lib\main.js, --port, 4725, --address, 127.0.0.1]
Server log: [38;5;112m[Appium][0m Welcome to Appium v2.11.5 (REV 4eddc999c5d9b705e7356152d2d5953a0dda3720)
[38;5;112m[Appium][0m Non-default server args:
[38;5;112m[Appium][0m { address: [32m'127.0.0.1'[39m, port: [33m4725[39m }
[38;5;112m[Appium][0m The autodetected Appium home path: C:\Users\Testriq\.appium
[38;5;112m[Appium][0m Attempting to load driver uiautomator2...
[38;5;112m[Appium][0m Requiring driver at C:\Users\Testriq\.appium\node_modules\appium-uiautomator2-driver\build\index.js
[38;5;112m[Appium][0m AndroidUiautomator2Driver has been successfully loaded in 2.343s
[38;5;86m[HTTP][0m Could not start REST http interface listener. The requested port may already be in use. Please make sure there is no other instance of this server running already.
[38;5;112m[Appium][0m Could not configure Appium server. It's possible that a driver or plugin tried to update the server and failed. Original error: listen EADDRINUSE: address already in use 127.0.0.1:4725
[38;5;112m[Appium][0m Error: listen EADDRINUSE: address already in use 127.0.0.1:4725
    at Server.setupListenHandle [as _listen2] (node:net:1904:16)
    at listenInCluster (node:net:1961:12)
    at doListen (node:net:2135:7)
    at processTicksAndRejections (node:internal/process/task_queues:83:21)

at io.appium.java_client.service.local.AppiumDriverLocalService.start(AppiumDriverLocalService.java:192)
at AndroidUtils.AppiumUtils.startAppiumServer(AppiumUtils.java:66)
at testcases.BaseTest.startAppiumServerAndInitializeDriver(BaseTest.java:20)
at testcases.TC_03_Checkout.configuration(TC_03_Checkout.java:26)
at java.base/jdk.internal.reflect.DirectMethodHandleAccessor.invoke(DirectMethodHandleAccessor.java:103)
at java.base/java.lang.reflect.Method.invoke(Method.java:580)
at org.testng.internal.invokers.MethodInvocationHelper.invokeMethod(MethodInvocationHelper.java:141)
at org.testng.internal.invokers.MethodInvocationHelper.invokeMethodConsideringTimeout(MethodInvocationHelper.java:71)
at org.testng.internal.invokers.ConfigInvoker.invokeConfigurationMethod(ConfigInvoker.java:400)
at org.testng.internal.invokers.ConfigInvoker.invokeConfigurations(ConfigInvoker.java:333)
at org.testng.internal.invokers.TestMethodWorker.invokeBeforeClassMethods(TestMethodWorker.java:188)
at org.testng.internal.invokers.TestMethodWorker.run(TestMethodWorker.java:128)
at java.base/java.util.ArrayList.forEach(ArrayList.java:1596)
at org.testng.TestRunner.privateRun(TestRunner.java:739)
at org.testng.TestRunner.run(TestRunner.java:614)
at org.testng.SuiteRunner.runTest(SuiteRunner.java:421)
at org.testng.SuiteRunner$SuiteWorker.run(SuiteRunner.java:463)
at org.testng.internal.thread.ThreadUtil.lambda$execute$0(ThreadUtil.java:64)
at java.base/java.util.concurrent.FutureTask.run(FutureTask.java:317)
at java.base/java.util.concurrent.ThreadPoolExecutor.runWorker(ThreadPoolExecutor.java:1144)
at java.base/java.util.concurrent.ThreadPoolExecutor$Worker.run(ThreadPoolExecutor.java:642)
at java.base/java.lang.Thread.run(Thread.java:1583)
Caused by: io.appium.java_client.service.local.AppiumServerAvailabilityChecker$ConnectionTimeout: ConnectionTimeout
at io.appium.java_client.service.local.AppiumServerAvailabilityChecker.waitUntilAvailable(AppiumServerAvailabilityChecker.java:72)
at io.appium.java_client.service.local.AppiumDriverLocalService.ping(AppiumDriverLocalService.java:144)
at io.appium.java_client.service.local.AppiumDriverLocalService.start(AppiumDriverLocalService.java:185)
... 21 more
Caused by: java.net.SocketTimeoutException: Read timed out
at java.base/sun.nio.ch.NioSocketImpl.timedRead(NioSocketImpl.java:278)
at java.base/sun.nio.ch.NioSocketImpl.implRead(NioSocketImpl.java:304)
at java.base/sun.nio.ch.NioSocketImpl.read(NioSocketImpl.java:346)
at java.base/sun.nio.ch.NioSocketImpl$1.read(NioSocketImpl.java:796)
at java.base/java.net.Socket$SocketInputStream.read(Socket.java:1099)
at java.base/java.io.BufferedInputStream.fill(BufferedInputStream.java:291)
at java.base/java.io.BufferedInputStream.read1(BufferedInputStream.java:347)
at java.base/java.io.BufferedInputStream.implRead(BufferedInputStream.java:420)
at java.base/java.io.BufferedInputStream.read(BufferedInputStream.java:399)
at java.base/sun.net.www.http.HttpClient.parseHTTPHeader(HttpClient.java:827)
at java.base/sun.net.www.http.HttpClient.parseHTTP(HttpClient.java:759)
at java.base/sun.net.www.protocol.http.HttpURLConnection.getInputStream0(HttpURLConnection.java:1705)
at java.base/sun.net.www.protocol.http.HttpURLConnection.getInputStream(HttpURLConnection.java:1614)
at java.base/java.net.HttpURLConnection.getResponseCode(HttpURLConnection.java:531)
at io.appium.java_client.service.local.AppiumServerAvailabilityChecker.checkResponse(AppiumServerAvailabilityChecker.java:84)
at io.appium.java_client.service.local.AppiumServerAvailabilityChecker.waitUntilAvailable(AppiumServerAvailabilityChecker.java:62)
... 23 more
]]>
    </error>
  </testcase> <!-- configuration -->
  <testcase classname="testcases.TC_03_Checkout" name="CheckoutTest" time="0.000">
    <skipped/>
  </testcase> <!-- CheckoutTest -->
  <testcase classname="testcases.TC_03_Checkout" name="CheckoutTest" time="0.000">
    <skipped/>
  </testcase> <!-- CheckoutTest -->
  <testcase classname="testcases.TC_03_Checkout" name="CheckoutTest" time="0.000">
    <skipped/>
  </testcase> <!-- CheckoutTest -->
  <testcase classname="testcases.TC_03_Checkout" name="CheckoutTest" time="0.000">
    <skipped/>
  </testcase> <!-- CheckoutTest -->
  <testcase classname="testcases.TC_03_Checkout" name="CheckoutTest" time="0.001">
    <skipped/>
  </testcase> <!-- CheckoutTest -->
</testsuite> <!-- testcases.TC_03_Checkout -->
