<?xml version="1.0" encoding="UTF-8"?>
<!-- Generated by org.testng.reporters.JUnitReportReporter -->
<testsuite hostname="testriq" failures="0" tests="1" name="testcases.TC_01_Login" time="19.336" errors="0" timestamp="2025-01-20T17:12:25 IST" skipped="0">
  <testcase classname="testcases.TC_01_Login" name="LogintoTheapp" time="19.336"/>
</testsuite> <!-- testcases.TC_01_Login -->
