<?xml version="1.0" encoding="UTF-8"?>
<!-- Generated by org.testng.reporters.JUnitReportReporter -->
<testsuite hostname="testriq" failures="0" tests="1" name="testcases.TC_03_Checkout" time="45.224" errors="0" timestamp="2025-01-22T19:18:34 IST" skipped="0">
  <testcase classname="testcases.TC_03_Checkout" name="CheckoutTest" time="45.224"/>
</testsuite> <!-- testcases.TC_03_Checkout -->
