<?xml version="1.0" encoding="UTF-8"?>
<!-- Generated by org.testng.reporters.JUnitReportReporter -->
<testsuite hostname="testriq" failures="0" tests="1" name="testcases.TC_01_Login" time="10.936" errors="0" timestamp="2025-01-16T19:04:09 IST" skipped="0">
  <testcase classname="testcases.TC_01_Login" name="LogintoTheapp" time="10.936"/>
</testsuite> <!-- testcases.TC_01_Login -->
