<?xml version="1.0" encoding="UTF-8"?>
<!-- Generated by org.testng.reporters.JUnitReportReporter -->
<testsuite hostname="testriq" failures="0" tests="5" name="testcases.TC_01_Login" time="67.099" errors="0" timestamp="2025-01-27T16:33:14 IST" skipped="0">
  <testcase classname="testcases.TC_01_Login" name="LogintoTheApp" time="13.664"/>
  <testcase classname="testcases.TC_01_Login" name="LogintoTheApp" time="13.955"/>
  <testcase classname="testcases.TC_01_Login" name="LogintoTheApp" time="14.973"/>
  <testcase classname="testcases.TC_01_Login" name="LogintoTheApp" time="13.424"/>
  <testcase classname="testcases.TC_01_Login" name="LogintoTheApp" time="11.083"/>
</testsuite> <!-- testcases.TC_01_Login -->
