<?xml version="1.0" encoding="UTF-8"?>
<!-- Generated by org.testng.reporters.JUnitReportReporter -->
<testsuite hostname="testriq" failures="0" tests="5" name="testcases.TC_03_Checkout" time="55.891" errors="2" timestamp="2025-01-23T18:21:42 IST" skipped="2">
  <testcase classname="testcases.TC_03_Checkout" name="configuration" time="5.317">
    <error message="Could not start a new session. Response code 500. Message: An unknown server-side error occurred while processing the command. Original error: UiAutomator2 Server cannot start because the local port #8300 is busy. Make sure the port you provide via &#039;systemPort&#039; capability is not occupied. This situation might often be a result of an inaccurate sessions management, e.g. old automation sessions on the same device must always be closed before starting new ones. 
Host info: host: &#039;TESTRIQ&#039;, ip: &#039;192.168.29.64&#039;
Build info: version: &#039;4.28.0&#039;, revision: &#039;ac342546e9&#039;
System info: os.name: &#039;Windows 11&#039;, os.arch: &#039;amd64&#039;, os.version: &#039;10.0&#039;, java.version: &#039;21.0.5&#039;
Driver info: io.appium.java_client.android.AndroidDriver
Command: [null, newSession {capabilities=[{appium:systemPort=8300, appium:automationName=UiAutomator2, appium:appPackage=com.saucelabs.mydemoapp.android, appium:udid=RZCT815XFZT, appium:autoGrantPermissions=true, platformName=ANDROID, appium:app=G:\Automation Projects\testriq\src\main\java\apps\mda-2.2.0-25.apk, appium:appActivity=com.saucelabs.mydemoapp.android.view.activities.SplashActivity, appium:deviceName=RZCT815XFZT}], desiredCapabilities=Capabilities {appium:app: G:\Automation Projects\test..., appium:appActivity: com.saucelabs.mydemoapp.and..., appium:appPackage: com.saucelabs.mydemoapp.and..., appium:autoGrantPermissions: true, appium:automationName: UiAutomator2, appium:deviceName: RZCT815XFZT, appium:systemPort: 8300, appium:udid: RZCT815XFZT, platformName: ANDROID}}]
Capabilities {appium:app: G:\Automation Projects\test..., appium:appActivity: com.saucelabs.mydemoapp.and..., appium:appPackage: com.saucelabs.mydemoapp.and..., appium:autoGrantPermissions: true, appium:automationName: UiAutomator2, appium:deviceName: RZCT815XFZT, appium:systemPort: 8300, appium:udid: RZCT815XFZT, platformName: ANDROID}" type="org.openqa.selenium.SessionNotCreatedException">
      <![CDATA[org.openqa.selenium.SessionNotCreatedException: Could not start a new session. Response code 500. Message: An unknown server-side error occurred while processing the command. Original error: UiAutomator2 Server cannot start because the local port #8300 is busy. Make sure the port you provide via 'systemPort' capability is not occupied. This situation might often be a result of an inaccurate sessions management, e.g. old automation sessions on the same device must always be closed before starting new ones. 
Host info: host: 'TESTRIQ', ip: '192.168.29.64'
Build info: version: '4.28.0', revision: 'ac342546e9'
System info: os.name: 'Windows 11', os.arch: 'amd64', os.version: '10.0', java.version: '21.0.5'
Driver info: io.appium.java_client.android.AndroidDriver
Command: [null, newSession {capabilities=[{appium:systemPort=8300, appium:automationName=UiAutomator2, appium:appPackage=com.saucelabs.mydemoapp.android, appium:udid=RZCT815XFZT, appium:autoGrantPermissions=true, platformName=ANDROID, appium:app=G:\Automation Projects\testriq\src\main\java\apps\mda-2.2.0-25.apk, appium:appActivity=com.saucelabs.mydemoapp.android.view.activities.SplashActivity, appium:deviceName=RZCT815XFZT}], desiredCapabilities=Capabilities {appium:app: G:\Automation Projects\test..., appium:appActivity: com.saucelabs.mydemoapp.and..., appium:appPackage: com.saucelabs.mydemoapp.and..., appium:autoGrantPermissions: true, appium:automationName: UiAutomator2, appium:deviceName: RZCT815XFZT, appium:systemPort: 8300, appium:udid: RZCT815XFZT, platformName: ANDROID}}]
Capabilities {appium:app: G:\Automation Projects\test..., appium:appActivity: com.saucelabs.mydemoapp.and..., appium:appPackage: com.saucelabs.mydemoapp.and..., appium:autoGrantPermissions: true, appium:automationName: UiAutomator2, appium:deviceName: RZCT815XFZT, appium:systemPort: 8300, appium:udid: RZCT815XFZT, platformName: ANDROID}
at org.openqa.selenium.remote.ProtocolHandshake.createSession(ProtocolHandshake.java:114)
at java.base/jdk.internal.reflect.DirectMethodHandleAccessor.invoke(DirectMethodHandleAccessor.java:103)
at java.base/java.lang.reflect.Method.invoke(Method.java:580)
at io.appium.java_client.remote.AppiumProtocolHandshake.createSession(AppiumProtocolHandshake.java:116)
at io.appium.java_client.remote.AppiumProtocolHandshake.createSession(AppiumProtocolHandshake.java:96)
at io.appium.java_client.remote.AppiumCommandExecutor.createSession(AppiumCommandExecutor.java:176)
at io.appium.java_client.remote.AppiumCommandExecutor.execute(AppiumCommandExecutor.java:237)
at org.openqa.selenium.remote.RemoteWebDriver.execute(RemoteWebDriver.java:545)
at io.appium.java_client.AppiumDriver.startSession(AppiumDriver.java:268)
at org.openqa.selenium.remote.RemoteWebDriver.<init>(RemoteWebDriver.java:174)
at io.appium.java_client.AppiumDriver.<init>(AppiumDriver.java:90)
at io.appium.java_client.AppiumDriver.<init>(AppiumDriver.java:102)
at io.appium.java_client.android.AndroidDriver.<init>(AndroidDriver.java:109)
at testcases.BaseTest.startAppiumServerAndInitializeDriver(BaseTest.java:35)
at testcases.TC_03_Checkout.configuration(TC_03_Checkout.java:26)
at java.base/jdk.internal.reflect.DirectMethodHandleAccessor.invoke(DirectMethodHandleAccessor.java:103)
at java.base/java.lang.reflect.Method.invoke(Method.java:580)
at org.testng.internal.invokers.MethodInvocationHelper.invokeMethod(MethodInvocationHelper.java:141)
at org.testng.internal.invokers.MethodInvocationHelper.invokeMethodConsideringTimeout(MethodInvocationHelper.java:71)
at org.testng.internal.invokers.ConfigInvoker.invokeConfigurationMethod(ConfigInvoker.java:400)
at org.testng.internal.invokers.ConfigInvoker.invokeConfigurations(ConfigInvoker.java:333)
at org.testng.internal.invokers.TestMethodWorker.invokeBeforeClassMethods(TestMethodWorker.java:188)
at org.testng.internal.invokers.TestMethodWorker.run(TestMethodWorker.java:128)
at java.base/java.util.ArrayList.forEach(ArrayList.java:1596)
at org.testng.TestRunner.privateRun(TestRunner.java:739)
at org.testng.TestRunner.run(TestRunner.java:614)
at org.testng.SuiteRunner.runTest(SuiteRunner.java:421)
at org.testng.SuiteRunner$SuiteWorker.run(SuiteRunner.java:463)
at org.testng.internal.thread.ThreadUtil.lambda$execute$0(ThreadUtil.java:64)
at java.base/java.util.concurrent.FutureTask.run(FutureTask.java:317)
at java.base/java.util.concurrent.ThreadPoolExecutor.runWorker(ThreadPoolExecutor.java:1144)
at java.base/java.util.concurrent.ThreadPoolExecutor$Worker.run(ThreadPoolExecutor.java:642)
at java.base/java.lang.Thread.run(Thread.java:1583)
]]>
    </error>
  </testcase> <!-- configuration -->
  <testcase classname="testcases.TC_03_Checkout" name="configuration" time="5.347">
    <error message="Could not start a new session. Response code 500. Message: An unknown server-side error occurred while processing the command. Original error: UiAutomator2 Server cannot start because the local port #8400 is busy. Make sure the port you provide via &#039;systemPort&#039; capability is not occupied. This situation might often be a result of an inaccurate sessions management, e.g. old automation sessions on the same device must always be closed before starting new ones. 
Host info: host: &#039;TESTRIQ&#039;, ip: &#039;192.168.29.64&#039;
Build info: version: &#039;4.28.0&#039;, revision: &#039;ac342546e9&#039;
System info: os.name: &#039;Windows 11&#039;, os.arch: &#039;amd64&#039;, os.version: &#039;10.0&#039;, java.version: &#039;21.0.5&#039;
Driver info: io.appium.java_client.android.AndroidDriver
Command: [null, newSession {capabilities=[{appium:systemPort=8400, appium:automationName=UiAutomator2, appium:appPackage=com.saucelabs.mydemoapp.android, appium:udid=94CAY0MBUV, appium:autoGrantPermissions=true, platformName=ANDROID, appium:app=G:\Automation Projects\testriq\src\main\java\apps\mda-2.2.0-25.apk, appium:appActivity=com.saucelabs.mydemoapp.android.view.activities.SplashActivity, appium:deviceName=94CAY0MBUV}], desiredCapabilities=Capabilities {appium:app: G:\Automation Projects\test..., appium:appActivity: com.saucelabs.mydemoapp.and..., appium:appPackage: com.saucelabs.mydemoapp.and..., appium:autoGrantPermissions: true, appium:automationName: UiAutomator2, appium:deviceName: 94CAY0MBUV, appium:systemPort: 8400, appium:udid: 94CAY0MBUV, platformName: ANDROID}}]
Capabilities {appium:app: G:\Automation Projects\test..., appium:appActivity: com.saucelabs.mydemoapp.and..., appium:appPackage: com.saucelabs.mydemoapp.and..., appium:autoGrantPermissions: true, appium:automationName: UiAutomator2, appium:deviceName: 94CAY0MBUV, appium:systemPort: 8400, appium:udid: 94CAY0MBUV, platformName: ANDROID}" type="org.openqa.selenium.SessionNotCreatedException">
      <![CDATA[org.openqa.selenium.SessionNotCreatedException: Could not start a new session. Response code 500. Message: An unknown server-side error occurred while processing the command. Original error: UiAutomator2 Server cannot start because the local port #8400 is busy. Make sure the port you provide via 'systemPort' capability is not occupied. This situation might often be a result of an inaccurate sessions management, e.g. old automation sessions on the same device must always be closed before starting new ones. 
Host info: host: 'TESTRIQ', ip: '192.168.29.64'
Build info: version: '4.28.0', revision: 'ac342546e9'
System info: os.name: 'Windows 11', os.arch: 'amd64', os.version: '10.0', java.version: '21.0.5'
Driver info: io.appium.java_client.android.AndroidDriver
Command: [null, newSession {capabilities=[{appium:systemPort=8400, appium:automationName=UiAutomator2, appium:appPackage=com.saucelabs.mydemoapp.android, appium:udid=94CAY0MBUV, appium:autoGrantPermissions=true, platformName=ANDROID, appium:app=G:\Automation Projects\testriq\src\main\java\apps\mda-2.2.0-25.apk, appium:appActivity=com.saucelabs.mydemoapp.android.view.activities.SplashActivity, appium:deviceName=94CAY0MBUV}], desiredCapabilities=Capabilities {appium:app: G:\Automation Projects\test..., appium:appActivity: com.saucelabs.mydemoapp.and..., appium:appPackage: com.saucelabs.mydemoapp.and..., appium:autoGrantPermissions: true, appium:automationName: UiAutomator2, appium:deviceName: 94CAY0MBUV, appium:systemPort: 8400, appium:udid: 94CAY0MBUV, platformName: ANDROID}}]
Capabilities {appium:app: G:\Automation Projects\test..., appium:appActivity: com.saucelabs.mydemoapp.and..., appium:appPackage: com.saucelabs.mydemoapp.and..., appium:autoGrantPermissions: true, appium:automationName: UiAutomator2, appium:deviceName: 94CAY0MBUV, appium:systemPort: 8400, appium:udid: 94CAY0MBUV, platformName: ANDROID}
at org.openqa.selenium.remote.ProtocolHandshake.createSession(ProtocolHandshake.java:114)
at java.base/jdk.internal.reflect.DirectMethodHandleAccessor.invoke(DirectMethodHandleAccessor.java:103)
at java.base/java.lang.reflect.Method.invoke(Method.java:580)
at io.appium.java_client.remote.AppiumProtocolHandshake.createSession(AppiumProtocolHandshake.java:116)
at io.appium.java_client.remote.AppiumProtocolHandshake.createSession(AppiumProtocolHandshake.java:96)
at io.appium.java_client.remote.AppiumCommandExecutor.createSession(AppiumCommandExecutor.java:176)
at io.appium.java_client.remote.AppiumCommandExecutor.execute(AppiumCommandExecutor.java:237)
at org.openqa.selenium.remote.RemoteWebDriver.execute(RemoteWebDriver.java:545)
at io.appium.java_client.AppiumDriver.startSession(AppiumDriver.java:268)
at org.openqa.selenium.remote.RemoteWebDriver.<init>(RemoteWebDriver.java:174)
at io.appium.java_client.AppiumDriver.<init>(AppiumDriver.java:90)
at io.appium.java_client.AppiumDriver.<init>(AppiumDriver.java:102)
at io.appium.java_client.android.AndroidDriver.<init>(AndroidDriver.java:109)
at testcases.BaseTest.startAppiumServerAndInitializeDriver(BaseTest.java:35)
at testcases.TC_03_Checkout.configuration(TC_03_Checkout.java:26)
at java.base/jdk.internal.reflect.DirectMethodHandleAccessor.invoke(DirectMethodHandleAccessor.java:103)
at java.base/java.lang.reflect.Method.invoke(Method.java:580)
at org.testng.internal.invokers.MethodInvocationHelper.invokeMethod(MethodInvocationHelper.java:141)
at org.testng.internal.invokers.MethodInvocationHelper.invokeMethodConsideringTimeout(MethodInvocationHelper.java:71)
at org.testng.internal.invokers.ConfigInvoker.invokeConfigurationMethod(ConfigInvoker.java:400)
at org.testng.internal.invokers.ConfigInvoker.invokeConfigurations(ConfigInvoker.java:333)
at org.testng.internal.invokers.TestMethodWorker.invokeBeforeClassMethods(TestMethodWorker.java:188)
at org.testng.internal.invokers.TestMethodWorker.run(TestMethodWorker.java:128)
at java.base/java.util.ArrayList.forEach(ArrayList.java:1596)
at org.testng.TestRunner.privateRun(TestRunner.java:739)
at org.testng.TestRunner.run(TestRunner.java:614)
at org.testng.SuiteRunner.runTest(SuiteRunner.java:421)
at org.testng.SuiteRunner$SuiteWorker.run(SuiteRunner.java:463)
at org.testng.internal.thread.ThreadUtil.lambda$execute$0(ThreadUtil.java:64)
at java.base/java.util.concurrent.FutureTask.run(FutureTask.java:317)
at java.base/java.util.concurrent.ThreadPoolExecutor.runWorker(ThreadPoolExecutor.java:1144)
at java.base/java.util.concurrent.ThreadPoolExecutor$Worker.run(ThreadPoolExecutor.java:642)
at java.base/java.lang.Thread.run(Thread.java:1583)
]]>
    </error>
  </testcase> <!-- configuration -->
  <testcase classname="testcases.TC_03_Checkout" name="CheckoutTest" time="0.000">
    <skipped/>
  </testcase> <!-- CheckoutTest -->
  <testcase classname="testcases.TC_03_Checkout" name="CheckoutTest" time="45.227"/>
  <testcase classname="testcases.TC_03_Checkout" name="CheckoutTest" time="0.000">
    <skipped/>
  </testcase> <!-- CheckoutTest -->
</testsuite> <!-- testcases.TC_03_Checkout -->
