<?xml version="1.0" encoding="UTF-8"?>
<!-- Generated by org.testng.reporters.JUnitReportReporter -->
<testsuite hostname="testriq" failures="0" tests="3" name="testcases.TC_01_Login" time="41.532" errors="0" timestamp="2025-01-23T18:21:42 IST" skipped="0">
  <testcase classname="testcases.TC_01_Login" name="LogintoTheApp" time="12.978"/>
  <testcase classname="testcases.TC_01_Login" name="LogintoTheApp" time="16.424"/>
  <testcase classname="testcases.TC_01_Login" name="LogintoTheApp" time="12.130"/>
</testsuite> <!-- testcases.TC_01_Login -->
