<?xml version="1.0" encoding="UTF-8"?>
<!-- Generated by org.testng.reporters.JUnitReportReporter -->
<testsuite hostname="testriq" failures="0" tests="1" name="testcases.TC_04_Remove_Product_From_Cart" time="20.929" errors="0" timestamp="2025-01-16T14:58:02 IST" skipped="0">
  <testcase classname="testcases.TC_04_Remove_Product_From_Cart" name="RemoveProductFromCart" time="20.929"/>
</testsuite> <!-- testcases.TC_04_Remove_Product_From_Cart -->
